<?xml version="1.0" encoding="utf-8"?>
<TestRun id="87d2ef49-0f2a-455b-b395-bd0d71a106dc" name="y_sta@QUICK-MINDS 2025-06-25 12:18:20" runUser="QUICK-MINDS\y_sta" xmlns="http://microsoft.com/schemas/VisualStudio/TeamTest/2010">
  <Times creation="2025-06-25T12:18:20.4303168+02:00" queuing="2025-06-25T12:18:20.4303169+02:00" start="2025-06-25T12:18:18.5517105+02:00" finish="2025-06-25T12:18:34.2015943+02:00" />
  <TestSettings name="default" id="50192a2b-9bbf-4991-adbb-22c37f2328de">
    <Deployment runDeploymentRoot="y_sta_QUICK-MINDS_2025-06-25_12_18_20" />
  </TestSettings>
  <Results>
    <UnitTestResult executionId="e104a817-a4aa-4e56-ada7-25bd5cc2b6d9" testId="fc8f891f-d783-2c56-c5e5-94f46fa35a27" testName="LooksLikeASecret_KnownSecrets_ReturnsTrue(&quot;AG7DrGi3pDDIUU1PrEsj&quot;)" computerName="QUICK-MINDS" duration="00:00:00.0000150" startTime="2025-06-25T12:18:32.1426114+02:00" endTime="2025-06-25T12:18:32.1426264+02:00" testType="13cdc9d9-ddb5-4fa4-a97d-d965ccfc6d4b" outcome="Passed" testListId="8c84fa94-04c1-424b-9868-57a2d4851a1d" relativeResultsDirectory="e104a817-a4aa-4e56-ada7-25bd5cc2b6d9" />
    <UnitTestResult executionId="409ff5dc-6ea6-4756-ab4b-c0d56bf26e44" testId="a2cda112-acbb-4f81-2a5e-ffc1df1b35f8" testName="PathIsSingleRouteParameter_VariousPaths_ReturnsExpectedResult(&quot;/:email&quot;,True)" computerName="QUICK-MINDS" duration="00:00:00.0000050" startTime="2025-06-25T12:18:32.1093243+02:00" endTime="2025-06-25T12:18:32.1093292+02:00" testType="13cdc9d9-ddb5-4fa4-a97d-d965ccfc6d4b" outcome="Passed" testListId="8c84fa94-04c1-424b-9868-57a2d4851a1d" relativeResultsDirectory="409ff5dc-6ea6-4756-ab4b-c0d56bf26e44" />
    <UnitTestResult executionId="fb41a381-d479-4fbd-bd1c-aa99a4a42da1" testId="ee27212a-d595-d8d9-b39f-fe50a1cdfe72" testName="BuildRouteFromUrl_Strings_IgnoresStrings" computerName="QUICK-MINDS" duration="00:00:00.0000850" startTime="2025-06-25T12:18:32.1409813+02:00" endTime="2025-06-25T12:18:32.1410665+02:00" testType="13cdc9d9-ddb5-4fa4-a97d-d965ccfc6d4b" outcome="Passed" testListId="8c84fa94-04c1-424b-9868-57a2d4851a1d" relativeResultsDirectory="fb41a381-d479-4fbd-bd1c-aa99a4a42da1" />
    <UnitTestResult executionId="f7a2e961-aa93-40d9-a880-1e2d72b7683b" testId="1f7e74c2-cc7f-7622-167c-76cb372c2d93" testName="FlattenJson_ShouldHandleObjectsAndArrays" computerName="QUICK-MINDS" duration="00:00:00.0001499" startTime="2025-06-25T12:18:24.8902687+02:00" endTime="2025-06-25T12:18:24.8904184+02:00" testType="13cdc9d9-ddb5-4fa4-a97d-d965ccfc6d4b" outcome="Passed" testListId="8c84fa94-04c1-424b-9868-57a2d4851a1d" relativeResultsDirectory="f7a2e961-aa93-40d9-a880-1e2d72b7683b" />
    <UnitTestResult executionId="21f6c1ae-e59f-42e7-bef7-e94fbb2547c6" testId="c285d669-423b-9a8c-6f48-24c944824162" testName="OnFileOperation_AbsoluteInput_ReturnsTrueWhenNotBlocking(&quot;%WINDIR%\\system32\\notepad.exe&quot;)" computerName="QUICK-MINDS" duration="00:00:00.0002900" startTime="2025-06-25T12:18:32.6128853+02:00" endTime="2025-06-25T12:18:32.6131756+02:00" testType="13cdc9d9-ddb5-4fa4-a97d-d965ccfc6d4b" outcome="Passed" testListId="8c84fa94-04c1-424b-9868-57a2d4851a1d" relativeResultsDirectory="21f6c1ae-e59f-42e7-bef7-e94fbb2547c6">
      <Output>
        <StdOut>AIKIDO: Attack detected: PathTraversal in Body File.ReadAllBytes, blocked: False</StdOut>
      </Output>
    </UnitTestResult>
    <UnitTestResult executionId="f5d542e6-5c1d-4f3b-a89a-85e45eba6dc2" testId="b30178f1-34c0-ff95-738b-0763e400298a" testName="UpdateBlockedUserAgents_ShouldUpdateBlockedUserAgentsList" computerName="QUICK-MINDS" duration="00:00:00.0002100" startTime="2025-06-25T12:18:20.4002969+02:00" endTime="2025-06-25T12:18:20.4005064+02:00" testType="13cdc9d9-ddb5-4fa4-a97d-d965ccfc6d4b" outcome="Passed" testListId="8c84fa94-04c1-424b-9868-57a2d4851a1d" relativeResultsDirectory="f5d542e6-5c1d-4f3b-a89a-85e45eba6dc2" />
    <UnitTestResult executionId="7320a498-9dec-4dad-8a9e-f672a36ca513" testId="deb5c3f3-1dfd-6458-6e3b-584f9fbb2629" testName="InsertRange_ShouldHandleOverlappingRanges" computerName="QUICK-MINDS" duration="00:00:00.0000720" startTime="2025-06-25T12:18:32.6172086+02:00" endTime="2025-06-25T12:18:32.6172805+02:00" testType="13cdc9d9-ddb5-4fa4-a97d-d965ccfc6d4b" outcome="Passed" testListId="8c84fa94-04c1-424b-9868-57a2d4851a1d" relativeResultsDirectory="7320a498-9dec-4dad-8a9e-f672a36ca513" />
    <UnitTestResult executionId="bd4cddbe-f42a-497d-afc4-d2196daa3799" testId="097aaa7d-692e-d4bf-ce7b-eadf5cab7227" testName="UpdateApiInfo_NormalizeEmptySpec_SetsEmptyApiSpec" computerName="QUICK-MINDS" duration="00:00:00.0000630" startTime="2025-06-25T12:18:24.8808633+02:00" endTime="2025-06-25T12:18:24.8809265+02:00" testType="13cdc9d9-ddb5-4fa4-a97d-d965ccfc6d4b" outcome="Passed" testListId="8c84fa94-04c1-424b-9868-57a2d4851a1d" relativeResultsDirectory="bd4cddbe-f42a-497d-afc4-d2196daa3799" />
    <UnitTestResult executionId="7a7fd1f6-5ec6-4b19-a7ed-7b095d7e41ac" testId="8247b3e5-47d6-8bc1-44f4-63d886d05d77" testName="GetDataSchema_WithMaxProperties_LimitsPropertyCount" computerName="QUICK-MINDS" duration="00:00:00.0002200" startTime="2025-06-25T12:18:24.8893587+02:00" endTime="2025-06-25T12:18:24.8895791+02:00" testType="13cdc9d9-ddb5-4fa4-a97d-d965ccfc6d4b" outcome="Passed" testListId="8c84fa94-04c1-424b-9868-57a2d4851a1d" relativeResultsDirectory="7a7fd1f6-5ec6-4b19-a7ed-7b095d7e41ac" />
    <UnitTestResult executionId="9f26b134-c4e7-4999-83d2-b3fba228edeb" testId="75d227a4-1f0e-7e9b-43af-0eecd1c45c32" testName="Test_INJECTION: Unsafe use of variable with braces inside double quotes" computerName="QUICK-MINDS" duration="00:00:00.0000030" startTime="2025-06-25T12:18:34.0292896+02:00" endTime="2025-06-25T12:18:34.0292929+02:00" testType="13cdc9d9-ddb5-4fa4-a97d-d965ccfc6d4b" outcome="Passed" testListId="8c84fa94-04c1-424b-9868-57a2d4851a1d" relativeResultsDirectory="9f26b134-c4e7-4999-83d2-b3fba228edeb" />
    <UnitTestResult executionId="4fc809c7-d7ee-42f0-88b2-132a30a5e1ad" testId="bcc847af-8da0-ad6a-9970-81aca837c329" testName="ScheduleEvent_OverloadWithEventAndInterval_ExecutesCallback" computerName="QUICK-MINDS" duration="00:00:00.2522420" startTime="2025-06-25T12:18:22.9933358+02:00" endTime="2025-06-25T12:18:23.2455772+02:00" testType="13cdc9d9-ddb5-4fa4-a97d-d965ccfc6d4b" outcome="Passed" testListId="8c84fa94-04c1-424b-9868-57a2d4851a1d" relativeResultsDirectory="4fc809c7-d7ee-42f0-88b2-132a30a5e1ad" />
    <UnitTestResult executionId="ffaf5178-eab9-4e8f-b5bd-3d1a8844ae5b" testId="a9413362-9e7e-4224-488f-9a31bc3960a1" testName="UpdateApiInfo_ErrorHandling_ExitsGracefully" computerName="QUICK-MINDS" duration="00:00:00.0002990" startTime="2025-06-25T12:18:24.8797554+02:00" endTime="2025-06-25T12:18:24.8800539+02:00" testType="13cdc9d9-ddb5-4fa4-a97d-d965ccfc6d4b" outcome="Passed" testListId="8c84fa94-04c1-424b-9868-57a2d4851a1d" relativeResultsDirectory="ffaf5178-eab9-4e8f-b5bd-3d1a8844ae5b" />
    <UnitTestResult executionId="2ac6574d-7d18-4d39-bd74-aea293fa29bd" testId="01cce852-e777-afe1-f22b-0399a6ef969a" testName="GetApiInfo_WithPrimitiveBody_ReturnsCorrectSpec" computerName="QUICK-MINDS" duration="00:00:00.0001440" startTime="2025-06-25T12:18:24.8785177+02:00" endTime="2025-06-25T12:18:24.8786614+02:00" testType="13cdc9d9-ddb5-4fa4-a97d-d965ccfc6d4b" outcome="Passed" testListId="8c84fa94-04c1-424b-9868-57a2d4851a1d" relativeResultsDirectory="2ac6574d-7d18-4d39-bd74-aea293fa29bd" />
    <UnitTestResult executionId="dac9b193-435c-42bd-91e8-a8f795d4a351" testId="887d029e-4860-5b15-4c07-378bcd7bf245" testName="DetectPathTraversal_WithNullInput_ReturnsFalse" computerName="QUICK-MINDS" duration="00:00:00.0000190" startTime="2025-06-25T12:18:33.7688477+02:00" endTime="2025-06-25T12:18:33.7688671+02:00" testType="13cdc9d9-ddb5-4fa4-a97d-d965ccfc6d4b" outcome="Passed" testListId="8c84fa94-04c1-424b-9868-57a2d4851a1d" relativeResultsDirectory="dac9b193-435c-42bd-91e8-a8f795d4a351" />
    <UnitTestResult executionId="2e208344-524c-44e3-9ad4-fbad32a1cd87" testId="c6a64f23-1c6b-d0ce-0ec5-6091efc41d7f" testName="GetMethodFromAssembly_InvalidAssembly_ReturnsNull" computerName="QUICK-MINDS" duration="00:00:00.0006940" startTime="2025-06-25T12:18:32.0976152+02:00" endTime="2025-06-25T12:18:32.0983095+02:00" testType="13cdc9d9-ddb5-4fa4-a97d-d965ccfc6d4b" outcome="Passed" testListId="8c84fa94-04c1-424b-9868-57a2d4851a1d" relativeResultsDirectory="2e208344-524c-44e3-9ad4-fbad32a1cd87" />
    <UnitTestResult executionId="f3a96e62-b64d-4d4c-8e2a-df6375e95795" testId="2bbba20d-9dc2-ba83-df11-49e089af2ea3" testName="Test_INJECTION: Dangerous command rm -rf /" computerName="QUICK-MINDS" duration="00:00:00.0000030" startTime="2025-06-25T12:18:34.0295587+02:00" endTime="2025-06-25T12:18:34.0295621+02:00" testType="13cdc9d9-ddb5-4fa4-a97d-d965ccfc6d4b" outcome="Passed" testListId="8c84fa94-04c1-424b-9868-57a2d4851a1d" relativeResultsDirectory="f3a96e62-b64d-4d4c-8e2a-df6375e95795" />
    <UnitTestResult executionId="0119ae61-c7e1-4fb5-950e-e80419600cc4" testId="5d59332f-74d9-f4e9-637e-026048f4fe95" testName="SendAttackEvent_QueuesDetectedAttackEvent" computerName="QUICK-MINDS" duration="00:00:00.1752479" startTime="2025-06-25T12:18:23.7497971+02:00" endTime="2025-06-25T12:18:23.9250444+02:00" testType="13cdc9d9-ddb5-4fa4-a97d-d965ccfc6d4b" outcome="Passed" testListId="8c84fa94-04c1-424b-9868-57a2d4851a1d" relativeResultsDirectory="0119ae61-c7e1-4fb5-950e-e80419600cc4">
      <Output>
        <StdOut>AIKIDO: Attack detected: SqlInjection in Body login, blocked: True</StdOut>
      </Output>
    </UnitTestResult>
    <UnitTestResult executionId="51912cc0-ace0-490a-b3fc-dfe4370962b9" testId="c6e09c71-a837-3793-7059-dccc701831e6" testName="HasExactMatch_WithExactMatch_ShouldReturnTrue" computerName="QUICK-MINDS" duration="00:00:00.0002020" startTime="2025-06-25T12:18:32.1011458+02:00" endTime="2025-06-25T12:18:32.1013477+02:00" testType="13cdc9d9-ddb5-4fa4-a97d-d965ccfc6d4b" outcome="Passed" testListId="8c84fa94-04c1-424b-9868-57a2d4851a1d" relativeResultsDirectory="51912cc0-ace0-490a-b3fc-dfe4370962b9" />
    <UnitTestResult executionId="a19b2c3c-8210-45cd-8a7c-cfa2f1a5a9db" testId="761b56df-6e3e-b423-b67d-1e4193a96e72" testName="CreateRequest_ShouldCreateValidRequest" computerName="QUICK-MINDS" duration="00:00:00.0030260" startTime="2025-06-25T12:18:24.8133709+02:00" endTime="2025-06-25T12:18:24.8163963+02:00" testType="13cdc9d9-ddb5-4fa4-a97d-d965ccfc6d4b" outcome="Passed" testListId="8c84fa94-04c1-424b-9868-57a2d4851a1d" relativeResultsDirectory="a19b2c3c-8210-45cd-8a7c-cfa2f1a5a9db" />
    <UnitTestResult executionId="e133ea51-f903-486a-8ba2-b54c9c53fbb5" testId="6094a839-c959-bfa4-53ba-57ff51f5a464" testName="Test_SAFE: Command inside single quotes" computerName="QUICK-MINDS" duration="00:00:00.0000030" startTime="2025-06-25T12:18:34.0292768+02:00" endTime="2025-06-25T12:18:34.0292793+02:00" testType="13cdc9d9-ddb5-4fa4-a97d-d965ccfc6d4b" outcome="Passed" testListId="8c84fa94-04c1-424b-9868-57a2d4851a1d" relativeResultsDirectory="e133ea51-f903-486a-8ba2-b54c9c53fbb5" />
    <UnitTestResult executionId="39c45e27-cd16-4733-8f9b-9222b1d64cce" testId="df1f6ff0-c43f-b511-fd20-40b6493dfbeb" testName="Test_INJECTION: Dangerous command rm -rf" computerName="QUICK-MINDS" duration="00:00:00.0000030" startTime="2025-06-25T12:18:34.0295542+02:00" endTime="2025-06-25T12:18:34.0295568+02:00" testType="13cdc9d9-ddb5-4fa4-a97d-d965ccfc6d4b" outcome="Passed" testListId="8c84fa94-04c1-424b-9868-57a2d4851a1d" relativeResultsDirectory="39c45e27-cd16-4733-8f9b-9222b1d64cce" />
    <UnitTestResult executionId="d0ce23b0-7e0c-452b-b6e4-1c32470f873c" testId="03bacf20-f8bb-9875-7be9-4a8ac9f70beb" testName="AddAttackDetectedAndBlocked_ShouldIncrementAttacksBlocked" computerName="QUICK-MINDS" duration="00:00:00.0004170" startTime="2025-06-25T12:18:20.3600112+02:00" endTime="2025-06-25T12:18:20.3604278+02:00" testType="13cdc9d9-ddb5-4fa4-a97d-d965ccfc6d4b" outcome="Passed" testListId="8c84fa94-04c1-424b-9868-57a2d4851a1d" relativeResultsDirectory="d0ce23b0-7e0c-452b-b6e4-1c32470f873c" />
    <UnitTestResult executionId="592eee1e-01c6-41e5-ac49-2e4d5724a8de" testId="e7a39184-974a-42ac-8dbf-2dae9e1f3cad" testName="Test_Windows environment variable path" computerName="QUICK-MINDS" duration="00:00:00.0000040" startTime="2025-06-25T12:18:33.7686577+02:00" endTime="2025-06-25T12:18:33.7686618+02:00" testType="13cdc9d9-ddb5-4fa4-a97d-d965ccfc6d4b" outcome="Passed" testListId="8c84fa94-04c1-424b-9868-57a2d4851a1d" relativeResultsDirectory="592eee1e-01c6-41e5-ac49-2e4d5724a8de" />
    <UnitTestResult executionId="7544710e-a287-40ca-99e5-1f97595a29c9" testId="01663e64-0ca8-64cd-0fa3-e5f91de9da90" testName="AikidoToken_CanBeSetAndRetrieved" computerName="QUICK-MINDS" duration="00:00:00.0000950" startTime="2025-06-25T12:18:24.5363057+02:00" endTime="2025-06-25T12:18:24.5364003+02:00" testType="13cdc9d9-ddb5-4fa4-a97d-d965ccfc6d4b" outcome="Passed" testListId="8c84fa94-04c1-424b-9868-57a2d4851a1d" relativeResultsDirectory="7544710e-a287-40ca-99e5-1f97595a29c9" />
    <UnitTestResult executionId="7909e580-7ce1-49bb-86cd-834081bd3cdd" testId="b052ad76-8b80-3dcc-ad28-ddf8ba85e6ad" testName="ShouldAddRoute_ShouldReturnExpectedResult(&quot;/api/resource.aspx&quot;,&quot;GET&quot;,200,True)" computerName="QUICK-MINDS" duration="00:00:00.0000050" startTime="2025-06-25T12:18:32.1121410+02:00" endTime="2025-06-25T12:18:32.1121457+02:00" testType="13cdc9d9-ddb5-4fa4-a97d-d965ccfc6d4b" outcome="Passed" testListId="8c84fa94-04c1-424b-9868-57a2d4851a1d" relativeResultsDirectory="7909e580-7ce1-49bb-86cd-834081bd3cdd" />
    <UnitTestResult executionId="3cf70589-39d0-4329-a34b-1e0dc8d8a936" testId="c6344099-aba7-e194-ee86-3b450a01d138" testName="GetApiAuthType_WithBearerToken_ReturnsHttpBearer" computerName="QUICK-MINDS" duration="00:00:00.0001020" startTime="2025-06-25T12:18:24.8123517+02:00" endTime="2025-06-25T12:18:24.8124536+02:00" testType="13cdc9d9-ddb5-4fa4-a97d-d965ccfc6d4b" outcome="Passed" testListId="8c84fa94-04c1-424b-9868-57a2d4851a1d" relativeResultsDirectory="3cf70589-39d0-4329-a34b-1e0dc8d8a936" />
    <UnitTestResult executionId="a63abf1d-62d3-457b-866c-452afaf9862b" testId="5a08dad3-9edb-464b-fad6-3f7ff42d7db3" testName="Test_INJECTION: Command substitution with backticks" computerName="QUICK-MINDS" duration="00:00:00.0000030" startTime="2025-06-25T12:18:34.0291866+02:00" endTime="2025-06-25T12:18:34.0291895+02:00" testType="13cdc9d9-ddb5-4fa4-a97d-d965ccfc6d4b" outcome="Passed" testListId="8c84fa94-04c1-424b-9868-57a2d4851a1d" relativeResultsDirectory="a63abf1d-62d3-457b-866c-452afaf9862b" />
    <UnitTestResult executionId="f1650015-9c7d-4685-98c0-a86d3d5e7b63" testId="3c99b4d8-a61b-d00c-7526-64baddb13b0f" testName="DetectSQLInjection_WithDifferentSQLCommandTypes_ShouldHandleCorrectly" computerName="QUICK-MINDS" duration="00:00:00.0007970" startTime="2025-06-25T12:18:32.3495842+02:00" endTime="2025-06-25T12:18:32.3503807+02:00" testType="13cdc9d9-ddb5-4fa4-a97d-d965ccfc6d4b" outcome="Passed" testListId="8c84fa94-04c1-424b-9868-57a2d4851a1d" relativeResultsDirectory="f1650015-9c7d-4685-98c0-a86d3d5e7b63" />
    <UnitTestResult executionId="e3fd4684-ffac-4f63-b55d-df2f4e6098a2" testId="c795cace-aa78-f3a4-02e1-b68aff9f67e6" testName="MatchRoute_ShouldReturnExpectedResult(&quot;path/to/file.txt&quot;,&quot;path/to/file.txt?query=1&quot;,True)" computerName="QUICK-MINDS" duration="00:00:00.0000190" startTime="2025-06-25T12:18:32.1074285+02:00" endTime="2025-06-25T12:18:32.1074479+02:00" testType="13cdc9d9-ddb5-4fa4-a97d-d965ccfc6d4b" outcome="Passed" testListId="8c84fa94-04c1-424b-9868-57a2d4851a1d" relativeResultsDirectory="e3fd4684-ffac-4f63-b55d-df2f4e6098a2" />
    <UnitTestResult executionId="39119dc3-1c39-4db2-bc75-180abecb4671" testId="7f5c7173-3414-00a1-fb37-b765dd3020d1" testName="GetBodyDataType_WithUnknownContentType_ReturnsNull" computerName="QUICK-MINDS" duration="00:00:00.0000250" startTime="2025-06-25T12:18:24.8132412+02:00" endTime="2025-06-25T12:18:24.8132659+02:00" testType="13cdc9d9-ddb5-4fa4-a97d-d965ccfc6d4b" outcome="Passed" testListId="8c84fa94-04c1-424b-9868-57a2d4851a1d" relativeResultsDirectory="39119dc3-1c39-4db2-bc75-180abecb4671" />
    <UnitTestResult executionId="7939989b-4a78-4141-9620-481acbcc99a8" testId="a3549b38-83a4-812f-ff47-a1ff962ece3f" testName="DetectSQLInjection_WithParameterHandling_ShouldNotSendAttackEvent" computerName="QUICK-MINDS" duration="00:00:00.0006370" startTime="2025-06-25T12:18:32.3538199+02:00" endTime="2025-06-25T12:18:32.3544571+02:00" testType="13cdc9d9-ddb5-4fa4-a97d-d965ccfc6d4b" outcome="Passed" testListId="8c84fa94-04c1-424b-9868-57a2d4851a1d" relativeResultsDirectory="7939989b-4a78-4141-9620-481acbcc99a8" />
    <UnitTestResult executionId="4a1ba446-d54c-4e8c-a053-8e2692f39550" testId="334a77a6-f7c5-79fb-bbd7-3954f4d091fd" testName="IsRouteParameter_ShouldReturnExpectedResult(&quot;parameter&quot;,False)" computerName="QUICK-MINDS" duration="00:00:00.0000110" startTime="2025-06-25T12:18:32.1025574+02:00" endTime="2025-06-25T12:18:32.1025680+02:00" testType="13cdc9d9-ddb5-4fa4-a97d-d965ccfc6d4b" outcome="Passed" testListId="8c84fa94-04c1-424b-9868-57a2d4851a1d" relativeResultsDirectory="4a1ba446-d54c-4e8c-a053-8e2692f39550" />
    <UnitTestResult executionId="354a90e8-4950-4bb2-984b-22456b10e5ea" testId="46dd0bec-3b43-cbe3-11f0-ee0995fd98aa" testName="Test_9_SAFE: PostgreSQL named dollar sign quotes" computerName="QUICK-MINDS" duration="00:00:00.0000330" startTime="2025-06-25T12:18:34.0406518+02:00" endTime="2025-06-25T12:18:34.0406844+02:00" testType="13cdc9d9-ddb5-4fa4-a97d-d965ccfc6d4b" outcome="Passed" testListId="8c84fa94-04c1-424b-9868-57a2d4851a1d" relativeResultsDirectory="354a90e8-4950-4bb2-984b-22456b10e5ea" />
    <UnitTestResult executionId="992f0806-20c6-4b46-b868-2b352abd0328" testId="410774e8-0d74-de7e-0620-19153cd8eef3" testName="GetConfig_ShouldThrowExceptionOnError" computerName="QUICK-MINDS" duration="00:00:00.0009580" startTime="2025-06-25T12:18:34.0245879+02:00" endTime="2025-06-25T12:18:34.0255460+02:00" testType="13cdc9d9-ddb5-4fa4-a97d-d965ccfc6d4b" outcome="Passed" testListId="8c84fa94-04c1-424b-9868-57a2d4851a1d" relativeResultsDirectory="992f0806-20c6-4b46-b868-2b352abd0328" />
    <UnitTestResult executionId="59d805e6-7701-4543-87ab-7e9aac6717a6" testId="6d0d439b-2ed1-9641-902d-f455ab0ded93" testName="IsUserAgentBlocked_WithNonBlockedUserAgent_ReturnsFalse" computerName="QUICK-MINDS" duration="00:00:00.0001080" startTime="2025-06-25T12:18:20.3463743+02:00" endTime="2025-06-25T12:18:20.3464825+02:00" testType="13cdc9d9-ddb5-4fa4-a97d-d965ccfc6d4b" outcome="Passed" testListId="8c84fa94-04c1-424b-9868-57a2d4851a1d" relativeResultsDirectory="59d805e6-7701-4543-87ab-7e9aac6717a6" />
    <UnitTestResult executionId="20c433cc-55ca-44df-8e74-29d54e8dd8cc" testId="b1afdefd-94d0-bc84-bf9c-bb5e8fd260a9" testName="CaptureOutboundRequest_AddsHostnameToContext" computerName="QUICK-MINDS" duration="00:00:00.0006770" startTime="2025-06-25T12:18:20.8434353+02:00" endTime="2025-06-25T12:18:20.8441118+02:00" testType="13cdc9d9-ddb5-4fa4-a97d-d965ccfc6d4b" outcome="Passed" testListId="8c84fa94-04c1-424b-9868-57a2d4851a1d" relativeResultsDirectory="20c433cc-55ca-44df-8e74-29d54e8dd8cc" />
    <UnitTestResult executionId="1ca59840-0d1c-4332-8d52-83b01f7303b9" testId="95681d15-85a0-d870-358b-7f80494353d3" testName="Test_9_ATTACK: PostgreSQL dollar sign injection" computerName="QUICK-MINDS" duration="00:00:00.0000980" startTime="2025-06-25T12:18:34.0400707+02:00" endTime="2025-06-25T12:18:34.0401683+02:00" testType="13cdc9d9-ddb5-4fa4-a97d-d965ccfc6d4b" outcome="Passed" testListId="8c84fa94-04c1-424b-9868-57a2d4851a1d" relativeResultsDirectory="1ca59840-0d1c-4332-8d52-83b01f7303b9" />
    <UnitTestResult executionId="d1e9e26b-8835-4f5a-9326-8d392232478f" testId="6d668cba-9916-e7fb-622d-e26d25ebe76b" testName="Test_Double directory traversal with forward slash" computerName="QUICK-MINDS" duration="00:00:00.0000080" startTime="2025-06-25T12:18:33.7685013+02:00" endTime="2025-06-25T12:18:33.7685089+02:00" testType="13cdc9d9-ddb5-4fa4-a97d-d965ccfc6d4b" outcome="Passed" testListId="8c84fa94-04c1-424b-9868-57a2d4851a1d" relativeResultsDirectory="d1e9e26b-8835-4f5a-9326-8d392232478f" />
    <UnitTestResult executionId="4f87813a-edb2-4c05-af26-1d77454cc669" testId="b4507d6d-d876-f677-667e-9c3c1399d1c3" testName="CreateRequest_WithNullBaseUrl_ShouldThrowArgumentNullException" computerName="QUICK-MINDS" duration="00:00:00.0002910" startTime="2025-06-25T12:18:24.8164157+02:00" endTime="2025-06-25T12:18:24.8167070+02:00" testType="13cdc9d9-ddb5-4fa4-a97d-d965ccfc6d4b" outcome="Passed" testListId="8c84fa94-04c1-424b-9868-57a2d4851a1d" relativeResultsDirectory="4f87813a-edb2-4c05-af26-1d77454cc669" />
    <UnitTestResult executionId="1a001163-53cf-4c28-95c8-6b1c8421a9a9" testId="e6132e8e-5813-701c-2a38-83ab5ba6e2db" testName="UpdateAlllowedIps_ShouldUpdateAlllowedIpsPerUrl" computerName="QUICK-MINDS" duration="00:00:00.0003060" startTime="2025-06-25T12:18:24.7550528+02:00" endTime="2025-06-25T12:18:24.7553592+02:00" testType="13cdc9d9-ddb5-4fa4-a97d-d965ccfc6d4b" outcome="Passed" testListId="8c84fa94-04c1-424b-9868-57a2d4851a1d" relativeResultsDirectory="1a001163-53cf-4c28-95c8-6b1c8421a9a9" />
    <UnitTestResult executionId="e8dc4fa0-dc6b-4a74-9367-de2c242e866f" testId="cc7ca5e5-642c-3844-4002-9ed9e0afb328" testName="IsUserAgentBlocked_ShouldReturnTrue_WhenUserAgentIsBlocked" computerName="QUICK-MINDS" duration="00:00:00.0000880" startTime="2025-06-25T12:18:20.3998840+02:00" endTime="2025-06-25T12:18:20.3999716+02:00" testType="13cdc9d9-ddb5-4fa4-a97d-d965ccfc6d4b" outcome="Passed" testListId="8c84fa94-04c1-424b-9868-57a2d4851a1d" relativeResultsDirectory="e8dc4fa0-dc6b-4a74-9367-de2c242e866f" />
    <UnitTestResult executionId="88f630dc-ef33-4dee-9ec8-d55fe18fcfee" testId="999b95b2-ed6c-4f81-565a-8333094dd759" testName="Test_INJECTION: Command substitution with $(echo) inside double quotes" computerName="QUICK-MINDS" duration="00:00:00.0000040" startTime="2025-06-25T12:18:34.0291682+02:00" endTime="2025-06-25T12:18:34.0291719+02:00" testType="13cdc9d9-ddb5-4fa4-a97d-d965ccfc6d4b" outcome="Passed" testListId="8c84fa94-04c1-424b-9868-57a2d4851a1d" relativeResultsDirectory="88f630dc-ef33-4dee-9ec8-d55fe18fcfee" />
    <UnitTestResult executionId="9e4f1a8c-9e50-41bd-a1c9-00de3c21571e" testId="cfd593ac-2a09-215e-9a61-af80df6a687b" testName="Test_SAFE: Special character \ within quotes" computerName="QUICK-MINDS" duration="00:00:00.0000050" startTime="2025-06-25T12:18:34.0294761+02:00" endTime="2025-06-25T12:18:34.0294810+02:00" testType="13cdc9d9-ddb5-4fa4-a97d-d965ccfc6d4b" outcome="Passed" testListId="8c84fa94-04c1-424b-9868-57a2d4851a1d" relativeResultsDirectory="9e4f1a8c-9e50-41bd-a1c9-00de3c21571e" />
    <UnitTestResult executionId="7c555279-e743-4a62-a8d0-6108ca3a5874" testId="7cc56d5e-fa5f-5b35-4998-a7ca5adb2adc" testName="LooksLikeASecret_OnlyNumbers_ReturnsFalse(&quot;12345678901234567890&quot;)" computerName="QUICK-MINDS" duration="00:00:00.0000620" startTime="2025-06-25T12:18:32.1428542+02:00" endTime="2025-06-25T12:18:32.1429161+02:00" testType="13cdc9d9-ddb5-4fa4-a97d-d965ccfc6d4b" outcome="Passed" testListId="8c84fa94-04c1-424b-9868-57a2d4851a1d" relativeResultsDirectory="7c555279-e743-4a62-a8d0-6108ca3a5874" />
    <UnitTestResult executionId="09cbcde4-dd99-42ba-8600-b5281a393218" testId="586bbae1-688e-ee14-8220-8628e87062db" testName="ShouldAddRoute_ShouldReturnExpectedResult(&quot;/whatever/cgi-bin&quot;,&quot;GET&quot;,200,False)" computerName="QUICK-MINDS" duration="00:00:00.0000120" startTime="2025-06-25T12:18:32.1119918+02:00" endTime="2025-06-25T12:18:32.1120039+02:00" testType="13cdc9d9-ddb5-4fa4-a97d-d965ccfc6d4b" outcome="Passed" testListId="8c84fa94-04c1-424b-9868-57a2d4851a1d" relativeResultsDirectory="09cbcde4-dd99-42ba-8600-b5281a393218">
      <Output>
        <StdOut>AIKIDO: Route contains ignored string, skipping route</StdOut>
      </Output>
    </UnitTestResult>
    <UnitTestResult executionId="df4c4df8-ec85-4b12-a40e-8775a161bb66" testId="f130b72e-7bac-4dcc-380a-8fd6e22cf05c" testName="BuildRouteFromUrl_UUIDs_ReplacesWithUuidParam" computerName="QUICK-MINDS" duration="00:00:00.0002270" startTime="2025-06-25T12:18:32.1418650+02:00" endTime="2025-06-25T12:18:32.1420915+02:00" testType="13cdc9d9-ddb5-4fa4-a97d-d965ccfc6d4b" outcome="Passed" testListId="8c84fa94-04c1-424b-9868-57a2d4851a1d" relativeResultsDirectory="df4c4df8-ec85-4b12-a40e-8775a161bb66" />
    <UnitTestResult executionId="414bbfd3-7c51-4b46-a9f3-847f7c95d633" testId="23d8f209-5ae9-72dc-0fe3-5fe64c7d131d" testName="OnCommandExecuting_WithSQLInjectionInDryMode_ReturnsTrue" computerName="QUICK-MINDS" duration="00:00:00.0005990" startTime="2025-06-25T12:18:34.0385231+02:00" endTime="2025-06-25T12:18:34.0391220+02:00" testType="13cdc9d9-ddb5-4fa4-a97d-d965ccfc6d4b" outcome="Passed" testListId="8c84fa94-04c1-424b-9868-57a2d4851a1d" relativeResultsDirectory="414bbfd3-7c51-4b46-a9f3-847f7c95d633" />
    <UnitTestResult executionId="31996ad5-e600-4eea-9cc8-5a341f89c0cf" testId="bfc2cb6d-0318-6bfd-e893-5add16beb864" testName="Test_INJECTION: Dangerous command /bin/rm -rf" computerName="QUICK-MINDS" duration="00:00:00.0000030" startTime="2025-06-25T12:18:34.0295498+02:00" endTime="2025-06-25T12:18:34.0295530+02:00" testType="13cdc9d9-ddb5-4fa4-a97d-d965ccfc6d4b" outcome="Passed" testListId="8c84fa94-04c1-424b-9868-57a2d4851a1d" relativeResultsDirectory="31996ad5-e600-4eea-9cc8-5a341f89c0cf" />
    <UnitTestResult executionId="b5e4210e-d8cf-4538-9159-438133a7253f" testId="75834556-3459-7e67-b8d8-8b78f670e2d8" testName="Test_SAFE: Double spaces as user input" computerName="QUICK-MINDS" duration="00:00:00.0000030" startTime="2025-06-25T12:18:34.0291403+02:00" endTime="2025-06-25T12:18:34.0291431+02:00" testType="13cdc9d9-ddb5-4fa4-a97d-d965ccfc6d4b" outcome="Passed" testListId="8c84fa94-04c1-424b-9868-57a2d4851a1d" relativeResultsDirectory="b5e4210e-d8cf-4538-9159-438133a7253f" />
    <UnitTestResult executionId="66e05623-96e9-488c-95e6-427f08116778" testId="51584482-b1bb-8e50-76c9-28cfa7ff3c35" testName="ShouldHandleDifferentCIDRNotations" computerName="QUICK-MINDS" duration="00:00:00.0002100" startTime="2025-06-25T12:18:32.6177668+02:00" endTime="2025-06-25T12:18:32.6179764+02:00" testType="13cdc9d9-ddb5-4fa4-a97d-d965ccfc6d4b" outcome="Passed" testListId="8c84fa94-04c1-424b-9868-57a2d4851a1d" relativeResultsDirectory="66e05623-96e9-488c-95e6-427f08116778" />
    <UnitTestResult executionId="341cc22c-b43f-48fa-9b06-60be48186ba0" testId="e78b7483-c1c1-894d-5f1c-638d65739471" testName="GetSourceFromUserInputPath_ShouldIdentifyCorrectSource" computerName="QUICK-MINDS" duration="00:00:00.0003100" startTime="2025-06-25T12:18:24.8904218+02:00" endTime="2025-06-25T12:18:24.8907322+02:00" testType="13cdc9d9-ddb5-4fa4-a97d-d965ccfc6d4b" outcome="Passed" testListId="8c84fa94-04c1-424b-9868-57a2d4851a1d" relativeResultsDirectory="341cc22c-b43f-48fa-9b06-60be48186ba0" />
    <UnitTestResult executionId="1353eb0f-6d7b-4ad0-bfe1-cca617cf1a49" testId="3934b725-f8fa-3d6d-d1c7-9cd20781006f" testName="Ips_WithNullBlockedIpLists_ReturnsEmptyCollection" computerName="QUICK-MINDS" duration="00:00:00.0000560" startTime="2025-06-25T12:18:24.5378203+02:00" endTime="2025-06-25T12:18:24.5378759+02:00" testType="13cdc9d9-ddb5-4fa4-a97d-d965ccfc6d4b" outcome="Passed" testListId="8c84fa94-04c1-424b-9868-57a2d4851a1d" relativeResultsDirectory="1353eb0f-6d7b-4ad0-bfe1-cca617cf1a49" />
    <UnitTestResult executionId="fa7e97e2-604c-4768-9934-24112265cb29" testId="fab9d63c-8663-cd1b-fc0a-e7b9525a7f49" testName="OnCommandExecuting_WithSafeQuery_ReturnsTrue" computerName="QUICK-MINDS" duration="00:00:00.0003460" startTime="2025-06-25T12:18:34.0352384+02:00" endTime="2025-06-25T12:18:34.0355846+02:00" testType="13cdc9d9-ddb5-4fa4-a97d-d965ccfc6d4b" outcome="Passed" testListId="8c84fa94-04c1-424b-9868-57a2d4851a1d" relativeResultsDirectory="fa7e97e2-604c-4768-9934-24112265cb29" />
    <UnitTestResult executionId="40d3665b-22ed-4fd8-bbb9-5335f9c0e98f" testId="93c44f9c-ca83-60ae-b608-474ea2d32e38" testName="OnProcessStart_WithNullContext_ReturnsTrue" computerName="QUICK-MINDS" duration="00:00:00.0100290" startTime="2025-06-25T12:18:33.7689817+02:00" endTime="2025-06-25T12:18:33.7790104+02:00" testType="13cdc9d9-ddb5-4fa4-a97d-d965ccfc6d4b" outcome="Passed" testListId="8c84fa94-04c1-424b-9868-57a2d4851a1d" relativeResultsDirectory="40d3665b-22ed-4fd8-bbb9-5335f9c0e98f" />
    <UnitTestResult executionId="e0d175ef-0d76-401d-9602-9edd95960707" testId="00b36dc3-e770-6765-d35d-d0e3e58b069c" testName="CaptureRequest_WithNullBaseAddress_UsesRequestUri" computerName="QUICK-MINDS" duration="00:00:00.0012340" startTime="2025-06-25T12:18:32.5769092+02:00" endTime="2025-06-25T12:18:32.5781434+02:00" testType="13cdc9d9-ddb5-4fa4-a97d-d965ccfc6d4b" outcome="Passed" testListId="8c84fa94-04c1-424b-9868-57a2d4851a1d" relativeResultsDirectory="e0d175ef-0d76-401d-9602-9edd95960707">
      <Output>
        <StdOut>AIKIDO: Capturing outbound request to host: test.com</StdOut>
      </Output>
    </UnitTestResult>
    <UnitTestResult executionId="929ab02d-4bc6-48a4-82ef-1b9dcc46ad5c" testId="fd7132f6-845a-5e3a-81e9-ae1166b95555" testName="Test_9_ATTACK: PostgreSQL named dollar sign injection" computerName="QUICK-MINDS" duration="00:00:00.0001070" startTime="2025-06-25T12:18:34.0401812+02:00" endTime="2025-06-25T12:18:34.0402885+02:00" testType="13cdc9d9-ddb5-4fa4-a97d-d965ccfc6d4b" outcome="Passed" testListId="8c84fa94-04c1-424b-9868-57a2d4851a1d" relativeResultsDirectory="929ab02d-4bc6-48a4-82ef-1b9dcc46ad5c" />
    <UnitTestResult executionId="b4ba7e92-410b-4e31-878a-42d334169b96" testId="50dc03f6-b4cf-9fec-f5e6-443889f7bc6b" testName="Test_Double directory traversal with backslash" computerName="QUICK-MINDS" duration="00:00:00.0000040" startTime="2025-06-25T12:18:33.7685103+02:00" endTime="2025-06-25T12:18:33.7685148+02:00" testType="13cdc9d9-ddb5-4fa4-a97d-d965ccfc6d4b" outcome="Passed" testListId="8c84fa94-04c1-424b-9868-57a2d4851a1d" relativeResultsDirectory="b4ba7e92-410b-4e31-878a-42d334169b96" />
    <UnitTestResult executionId="126d406f-1b72-4ee7-921c-0b5d1e485c79" testId="9ddf4d1f-754f-7716-3e7d-84ec427a3896" testName="Test_SAFE: Encapsulated special character ;" computerName="QUICK-MINDS" duration="00:00:00.0000030" startTime="2025-06-25T12:18:34.0294273+02:00" endTime="2025-06-25T12:18:34.0294303+02:00" testType="13cdc9d9-ddb5-4fa4-a97d-d965ccfc6d4b" outcome="Passed" testListId="8c84fa94-04c1-424b-9868-57a2d4851a1d" relativeResultsDirectory="126d406f-1b72-4ee7-921c-0b5d1e485c79" />
    <UnitTestResult executionId="ac10a8fe-a85b-4e62-b929-4e4be484e3c9" testId="4943e6bf-1af6-c5e0-349e-b1f889106d29" testName="MatchRoute_ShouldReturnExpectedResult(&quot;/api/{id}/details&quot;,&quot;/api/123/other&quot;,False)" computerName="QUICK-MINDS" duration="00:00:00.0000080" startTime="2025-06-25T12:18:32.1073283+02:00" endTime="2025-06-25T12:18:32.1073364+02:00" testType="13cdc9d9-ddb5-4fa4-a97d-d965ccfc6d4b" outcome="Passed" testListId="8c84fa94-04c1-424b-9868-57a2d4851a1d" relativeResultsDirectory="ac10a8fe-a85b-4e62-b929-4e4be484e3c9" />
    <UnitTestResult executionId="4c6a3434-fd82-46f3-8605-aab3d779c86b" testId="26916a88-9069-eb80-63f1-1e64883f9aee" testName="BypassedIPs_ShouldOverrideBlockedIPs" computerName="QUICK-MINDS" duration="00:00:00.0000840" startTime="2025-06-25T12:18:24.5382981+02:00" endTime="2025-06-25T12:18:24.5383826+02:00" testType="13cdc9d9-ddb5-4fa4-a97d-d965ccfc6d4b" outcome="Passed" testListId="8c84fa94-04c1-424b-9868-57a2d4851a1d" relativeResultsDirectory="4c6a3434-fd82-46f3-8605-aab3d779c86b" />
    <UnitTestResult executionId="3235ba18-5a76-4151-b6e0-bb9a423182dc" testId="6295c945-19d9-2ff6-2b9f-e16807e7eb35" testName="ShouldHandleSlidingWindowEdgeCase" computerName="QUICK-MINDS" duration="00:00:02.1168650" startTime="2025-06-25T12:18:25.1931969+02:00" endTime="2025-06-25T12:18:27.3100611+02:00" testType="13cdc9d9-ddb5-4fa4-a97d-d965ccfc6d4b" outcome="Passed" testListId="8c84fa94-04c1-424b-9868-57a2d4851a1d" relativeResultsDirectory="3235ba18-5a76-4151-b6e0-bb9a423182dc" />
    <UnitTestResult executionId="548d5eb9-5d37-4658-9d34-20e146279e4e" testId="3f621fee-01de-03ec-b372-55624b3cf14d" testName="MatchRoute_EdgeCases_ShouldReturnExpectedResult(&quot;/api/resource/&quot;,&quot;/api/resource&quot;,True)" computerName="QUICK-MINDS" duration="00:00:00.0007260" startTime="2025-06-25T12:18:32.1061725+02:00" endTime="2025-06-25T12:18:32.1068984+02:00" testType="13cdc9d9-ddb5-4fa4-a97d-d965ccfc6d4b" outcome="Passed" testListId="8c84fa94-04c1-424b-9868-57a2d4851a1d" relativeResultsDirectory="548d5eb9-5d37-4658-9d34-20e146279e4e" />
    <UnitTestResult executionId="b0612f47-eee4-4e23-98d1-f6e7fd11763f" testId="c2bb81e7-7fc6-f11c-5ddc-7fc1abce030c" testName="GetInfo_ShouldReturnValidAgentInfo" computerName="QUICK-MINDS" duration="00:00:00.0005810" startTime="2025-06-25T12:18:24.8098877+02:00" endTime="2025-06-25T12:18:24.8104679+02:00" testType="13cdc9d9-ddb5-4fa4-a97d-d965ccfc6d4b" outcome="Passed" testListId="8c84fa94-04c1-424b-9868-57a2d4851a1d" relativeResultsDirectory="b0612f47-eee4-4e23-98d1-f6e7fd11763f" />
    <UnitTestResult executionId="cf25f549-5afb-4a2b-ae58-5fd4c21e1bad" testId="d97c4ea4-dee4-e192-af46-bb86b1c45f25" testName="AddRoute_WithNullUrl_HandlesGracefully" computerName="QUICK-MINDS" duration="00:00:00.0000920" startTime="2025-06-25T12:18:20.3856037+02:00" endTime="2025-06-25T12:18:20.3856959+02:00" testType="13cdc9d9-ddb5-4fa4-a97d-d965ccfc6d4b" outcome="Passed" testListId="8c84fa94-04c1-424b-9868-57a2d4851a1d" relativeResultsDirectory="cf25f549-5afb-4a2b-ae58-5fd4c21e1bad" />
    <UnitTestResult executionId="c7b936c5-6082-4375-b8c3-1dd0859f89cb" testId="ff230833-430c-e726-0abd-7afe986a53b6" testName="Time_ReturnsCurrentUTCTimestamp" computerName="QUICK-MINDS" duration="00:00:00.0001550" startTime="2025-06-25T12:18:24.8044234+02:00" endTime="2025-06-25T12:18:24.8045780+02:00" testType="13cdc9d9-ddb5-4fa4-a97d-d965ccfc6d4b" outcome="Passed" testListId="8c84fa94-04c1-424b-9868-57a2d4851a1d" relativeResultsDirectory="c7b936c5-6082-4375-b8c3-1dd0859f89cb" />
    <UnitTestResult executionId="7b801c56-ff6a-4f16-8a73-2cc9d6668118" testId="9a549657-a7f4-965b-3c1e-dcfe050d5ea9" testName="AikidoUrl_CanBeSetAndRetrieved" computerName="QUICK-MINDS" duration="00:00:00.0001210" startTime="2025-06-25T12:18:24.5364091+02:00" endTime="2025-06-25T12:18:24.5365306+02:00" testType="13cdc9d9-ddb5-4fa4-a97d-d965ccfc6d4b" outcome="Passed" testListId="8c84fa94-04c1-424b-9868-57a2d4851a1d" relativeResultsDirectory="7b801c56-ff6a-4f16-8a73-2cc9d6668118" />
    <UnitTestResult executionId="a66b4931-963b-4b22-8f79-d1d6dadf5e6c" testId="12d6e844-ca10-0fa8-fdb1-c4ee28d65daa" testName="UpdateBlockedIps_ShouldUpdateBlockedSubnets" computerName="QUICK-MINDS" duration="00:00:00.0001630" startTime="2025-06-25T12:18:20.3999744+02:00" endTime="2025-06-25T12:18:20.4001373+02:00" testType="13cdc9d9-ddb5-4fa4-a97d-d965ccfc6d4b" outcome="Passed" testListId="8c84fa94-04c1-424b-9868-57a2d4851a1d" relativeResultsDirectory="a66b4931-963b-4b22-8f79-d1d6dadf5e6c" />
    <UnitTestResult executionId="5b45862a-bc61-4954-978d-534d2ad1857e" testId="449b56b7-4b05-e089-98b5-8f26a61191d6" testName="GetStringFormat_WithInvalidString_ReturnsNull" computerName="QUICK-MINDS" duration="00:00:00.0000940" startTime="2025-06-25T12:18:32.3569639+02:00" endTime="2025-06-25T12:18:32.3570576+02:00" testType="13cdc9d9-ddb5-4fa4-a97d-d965ccfc6d4b" outcome="Passed" testListId="8c84fa94-04c1-424b-9868-57a2d4851a1d" relativeResultsDirectory="5b45862a-bc61-4954-978d-534d2ad1857e" />
    <UnitTestResult executionId="e916360d-5ed5-4abd-b95e-988ca3ee0224" testId="9f0e753b-8ae6-f72a-73ad-778e859af528" testName="Test_INJECTION: Dangerous command reboot" computerName="QUICK-MINDS" duration="00:00:00.0000040" startTime="2025-06-25T12:18:34.0295932+02:00" endTime="2025-06-25T12:18:34.0295971+02:00" testType="13cdc9d9-ddb5-4fa4-a97d-d965ccfc6d4b" outcome="Passed" testListId="8c84fa94-04c1-424b-9868-57a2d4851a1d" relativeResultsDirectory="e916360d-5ed5-4abd-b95e-988ca3ee0224" />
    <UnitTestResult executionId="feed7da7-3300-4ad3-a61a-d579694214f8" testId="770c19d5-6c07-0331-bd28-2a36a5a38d05" testName="Test_INJECTION: Special character ! inside double quotes" computerName="QUICK-MINDS" duration="00:00:00.0000030" startTime="2025-06-25T12:18:34.0292115+02:00" endTime="2025-06-25T12:18:34.0292147+02:00" testType="13cdc9d9-ddb5-4fa4-a97d-d965ccfc6d4b" outcome="Passed" testListId="8c84fa94-04c1-424b-9868-57a2d4851a1d" relativeResultsDirectory="feed7da7-3300-4ad3-a61a-d579694214f8" />
    <UnitTestResult executionId="d711704a-e08e-471d-90d3-d461ad8e4e84" testId="e4705cdd-5a70-e94b-af04-6c0e5a4598f9" testName="ConstructHeartbeat_ReturnsCorrectHeartbeatData" computerName="QUICK-MINDS" duration="00:00:00.0124429" startTime="2025-06-25T12:18:21.1214599+02:00" endTime="2025-06-25T12:18:21.1339024+02:00" testType="13cdc9d9-ddb5-4fa4-a97d-d965ccfc6d4b" outcome="Passed" testListId="8c84fa94-04c1-424b-9868-57a2d4851a1d" relativeResultsDirectory="d711704a-e08e-471d-90d3-d461ad8e4e84" />
    <UnitTestResult executionId="32ebf033-96c5-4ab3-b6b9-d83a531ef11d" testId="dc804c5d-ed97-059d-6cee-b11c6e4e1458" testName="UpdateBlockedUsers_ShouldUpdateBlockedUsersList" computerName="QUICK-MINDS" duration="00:00:00.0000730" startTime="2025-06-25T12:18:20.4005732+02:00" endTime="2025-06-25T12:18:20.4006457+02:00" testType="13cdc9d9-ddb5-4fa4-a97d-d965ccfc6d4b" outcome="Passed" testListId="8c84fa94-04c1-424b-9868-57a2d4851a1d" relativeResultsDirectory="32ebf033-96c5-4ab3-b6b9-d83a531ef11d" />
    <UnitTestResult executionId="807f4c27-c150-4014-9ab9-139b2bb93f1f" testId="157755f7-ef4a-4a53-b194-2e629f887d2e" testName="IsRequestAllowed_ShouldHandleNullEndpoints" computerName="QUICK-MINDS" duration="00:00:00.0033380" startTime="2025-06-25T12:18:25.1888770+02:00" endTime="2025-06-25T12:18:25.1922143+02:00" testType="13cdc9d9-ddb5-4fa4-a97d-d965ccfc6d4b" outcome="Passed" testListId="8c84fa94-04c1-424b-9868-57a2d4851a1d" relativeResultsDirectory="807f4c27-c150-4014-9ab9-139b2bb93f1f" />
    <UnitTestResult executionId="b8846f57-e377-4ba4-a250-27f4c3459856" testId="38de41ee-1587-e8dc-1e1e-991b597210a8" testName="MatchRoute_EdgeCases_ShouldReturnExpectedResult(&quot;&quot;,&quot;&quot;,True)" computerName="QUICK-MINDS" duration="00:00:00.0004630" startTime="2025-06-25T12:18:32.1056959+02:00" endTime="2025-06-25T12:18:32.1061590+02:00" testType="13cdc9d9-ddb5-4fa4-a97d-d965ccfc6d4b" outcome="Passed" testListId="8c84fa94-04c1-424b-9868-57a2d4851a1d" relativeResultsDirectory="b8846f57-e377-4ba4-a250-27f4c3459856" />
    <UnitTestResult executionId="f6e419d2-3020-433a-806b-274ab79dbdd0" testId="44ae273d-0dab-b2ee-b7c7-4f9fbf983de0" testName="DetectPathTraversal_WithNullContext_ReturnsFalse" computerName="QUICK-MINDS" duration="00:00:00.0001590" startTime="2025-06-25T12:18:25.0255111+02:00" endTime="2025-06-25T12:18:25.0256703+02:00" testType="13cdc9d9-ddb5-4fa4-a97d-d965ccfc6d4b" outcome="Passed" testListId="8c84fa94-04c1-424b-9868-57a2d4851a1d" relativeResultsDirectory="f6e419d2-3020-433a-806b-274ab79dbdd0" />
    <UnitTestResult executionId="a6f3de94-bcbf-4dfd-8f1a-57db5c216344" testId="7ee89a0f-8041-d185-b363-a9eb3c6b0e74" testName="OnFileOperation_AbsoluteInput_ReturnsTrueWhenNotBlocking(&quot;c:/windows/system32/cmd.exe&quot;)" computerName="QUICK-MINDS" duration="00:00:00.0010430" startTime="2025-06-25T12:18:32.6111744+02:00" endTime="2025-06-25T12:18:32.6122170+02:00" testType="13cdc9d9-ddb5-4fa4-a97d-d965ccfc6d4b" outcome="Passed" testListId="8c84fa94-04c1-424b-9868-57a2d4851a1d" relativeResultsDirectory="a6f3de94-bcbf-4dfd-8f1a-57db5c216344">
      <Output>
        <StdOut>AIKIDO: Attack detected: PathTraversal in Body File.ReadAllBytes, blocked: False</StdOut>
      </Output>
    </UnitTestResult>
    <UnitTestResult executionId="b97f291c-c1c9-4dac-81b7-1a3977c408b7" testId="90d8f474-64df-9f64-91fa-e195736de2fc" testName="ConfigureLogger_WithNullLogger_ShouldUseNullLogger" computerName="QUICK-MINDS" duration="00:00:00.0018620" startTime="2025-06-25T12:18:24.5130941+02:00" endTime="2025-06-25T12:18:24.5149563+02:00" testType="13cdc9d9-ddb5-4fa4-a97d-d965ccfc6d4b" outcome="Passed" testListId="8c84fa94-04c1-424b-9868-57a2d4851a1d" relativeResultsDirectory="b97f291c-c1c9-4dac-81b7-1a3977c408b7" />
    <UnitTestResult executionId="4b1bd5b5-6771-4e2b-a30c-18f2dd98107e" testId="e44947ed-a4ff-9336-9ca0-9f222244d99c" testName="Properties_SetAndGetCorrectly" computerName="QUICK-MINDS" duration="00:00:00.0002370" startTime="2025-06-25T12:18:24.8040118+02:00" endTime="2025-06-25T12:18:24.8042489+02:00" testType="13cdc9d9-ddb5-4fa4-a97d-d965ccfc6d4b" outcome="Passed" testListId="8c84fa94-04c1-424b-9868-57a2d4851a1d" relativeResultsDirectory="4b1bd5b5-6771-4e2b-a30c-18f2dd98107e" />
    <UnitTestResult executionId="713f14ad-f5a4-4a71-b8ec-72391b877b91" testId="ad2b5852-1c8f-f6e4-d7ae-2781cfd83bec" testName="GetDialect_ShouldReturnCorrectDialect(&quot;MySql.Data&quot;,MySQL)" computerName="QUICK-MINDS" duration="00:00:00.0001740" startTime="2025-06-25T12:18:34.0341499+02:00" endTime="2025-06-25T12:18:34.0343235+02:00" testType="13cdc9d9-ddb5-4fa4-a97d-d965ccfc6d4b" outcome="Passed" testListId="8c84fa94-04c1-424b-9868-57a2d4851a1d" relativeResultsDirectory="713f14ad-f5a4-4a71-b8ec-72391b877b91" />
    <UnitTestResult executionId="5a053726-b2c5-4eec-99eb-28825d69860c" testId="4c8e66fd-8a01-b1bb-f565-2c2cd746e108" testName="OnFileOperation_AbsoluteInput_ThrowsExceptionWhenBlocking(&quot;C:\\Windows\\System32\\cmd.exe&quot;)" computerName="QUICK-MINDS" duration="00:00:00.0002340" startTime="2025-06-25T12:18:32.6142951+02:00" endTime="2025-06-25T12:18:32.6145288+02:00" testType="13cdc9d9-ddb5-4fa4-a97d-d965ccfc6d4b" outcome="Passed" testListId="8c84fa94-04c1-424b-9868-57a2d4851a1d" relativeResultsDirectory="5a053726-b2c5-4eec-99eb-28825d69860c">
      <Output>
        <StdOut>AIKIDO: Attack detected: PathTraversal in Body File.ReadAllBytes, blocked: True</StdOut>
      </Output>
    </UnitTestResult>
    <UnitTestResult executionId="c5202de7-45f1-4081-83fa-c1a87af6ec19" testId="5ba4b920-23c4-1815-0b1c-7d3defee99f3" testName="ShouldAddRoute_RouteIsNull_ShouldReturnExpectedResult(null,&quot;OPTIONS&quot;,200,False)" computerName="QUICK-MINDS" duration="00:00:00.0002110" startTime="2025-06-25T12:18:32.1112339+02:00" endTime="2025-06-25T12:18:32.1114446+02:00" testType="13cdc9d9-ddb5-4fa4-a97d-d965ccfc6d4b" outcome="Passed" testListId="8c84fa94-04c1-424b-9868-57a2d4851a1d" relativeResultsDirectory="c5202de7-45f1-4081-83fa-c1a87af6ec19">
      <Output>
        <StdOut>AIKIDO: Not enough context, skipping route</StdOut>
      </Output>
    </UnitTestResult>
    <UnitTestResult executionId="d0f86675-30bf-4f1a-ba35-6c2aa9c22b69" testId="8009ccb9-79a8-ad29-764e-ca36d5eb8f65" testName="DetectPathTraversal_WithEmptyPath_ReturnsFalse" computerName="QUICK-MINDS" duration="00:00:00.0000320" startTime="2025-06-25T12:18:33.7687917+02:00" endTime="2025-06-25T12:18:33.7688232+02:00" testType="13cdc9d9-ddb5-4fa4-a97d-d965ccfc6d4b" outcome="Passed" testListId="8c84fa94-04c1-424b-9868-57a2d4851a1d" relativeResultsDirectory="d0f86675-30bf-4f1a-ba35-6c2aa9c22b69" />
    <UnitTestResult executionId="e74b3af0-50d4-4ab0-a1f0-f70485782fe1" testId="d060f294-9941-2d25-3a64-5381fad8c0ee" testName="SQLInjectionDetected_ShouldReturnCorrectMessage" computerName="QUICK-MINDS" duration="00:00:00.0000780" startTime="2025-06-25T12:18:24.5361256+02:00" endTime="2025-06-25T12:18:24.5362036+02:00" testType="13cdc9d9-ddb5-4fa4-a97d-d965ccfc6d4b" outcome="Passed" testListId="8c84fa94-04c1-424b-9868-57a2d4851a1d" relativeResultsDirectory="e74b3af0-50d4-4ab0-a1f0-f70485782fe1" />
    <UnitTestResult executionId="7898762a-53e0-46ba-8701-6a378f3c9ec2" testId="1df7a309-fd0a-9049-f289-613efb3972c0" testName="QueueEvent_WithNullToken_ThrowsArgumentNullException" computerName="QUICK-MINDS" duration="00:00:00.0006560" startTime="2025-06-25T12:18:21.6530865+02:00" endTime="2025-06-25T12:18:21.6537424+02:00" testType="13cdc9d9-ddb5-4fa4-a97d-d965ccfc6d4b" outcome="Passed" testListId="8c84fa94-04c1-424b-9868-57a2d4851a1d" relativeResultsDirectory="7898762a-53e0-46ba-8701-6a378f3c9ec2" />
    <UnitTestResult executionId="5d6d4fa9-3fdc-4ee7-87fb-91930c949dff" testId="07ec4f83-0b7f-c17f-8732-400091d9a8dd" testName="Test_INJECTION: File manipulation command" computerName="QUICK-MINDS" duration="00:00:00.0000040" startTime="2025-06-25T12:18:34.0293146+02:00" endTime="2025-06-25T12:18:34.0293187+02:00" testType="13cdc9d9-ddb5-4fa4-a97d-d965ccfc6d4b" outcome="Passed" testListId="8c84fa94-04c1-424b-9868-57a2d4851a1d" relativeResultsDirectory="5d6d4fa9-3fdc-4ee7-87fb-91930c949dff" />
    <UnitTestResult executionId="328eefc0-6e41-4984-8af1-2fc38635cc5e" testId="eae439b3-528b-b05e-471d-7236a0fb0e3d" testName="GetApiAuthType_WithNoAuth_ReturnsNull" computerName="QUICK-MINDS" duration="00:00:00.0000300" startTime="2025-06-25T12:18:24.8127920+02:00" endTime="2025-06-25T12:18:24.8128217+02:00" testType="13cdc9d9-ddb5-4fa4-a97d-d965ccfc6d4b" outcome="Passed" testListId="8c84fa94-04c1-424b-9868-57a2d4851a1d" relativeResultsDirectory="328eefc0-6e41-4984-8af1-2fc38635cc5e" />
    <UnitTestResult executionId="7e11be2c-d0f0-47d3-bf78-02aa272f5487" testId="9ccd32e6-c55e-1d1a-c8c7-edf5fdd1dbbb" testName="MatchEndpoints_WildcardRoute_ShouldMatchCorrectly" computerName="QUICK-MINDS" duration="00:00:00.0002500" startTime="2025-06-25T12:18:32.1051063+02:00" endTime="2025-06-25T12:18:32.1053558+02:00" testType="13cdc9d9-ddb5-4fa4-a97d-d965ccfc6d4b" outcome="Passed" testListId="8c84fa94-04c1-424b-9868-57a2d4851a1d" relativeResultsDirectory="7e11be2c-d0f0-47d3-bf78-02aa272f5487" />
    <UnitTestResult executionId="4f9203f3-2075-42bd-9555-a0dad0669fbd" testId="30ebe934-b142-0931-4b2d-dd338dc180e5" testName="Test_Absolute path with directory input and file path" computerName="QUICK-MINDS" duration="00:00:00.0000040" startTime="2025-06-25T12:18:33.7686851+02:00" endTime="2025-06-25T12:18:33.7686891+02:00" testType="13cdc9d9-ddb5-4fa4-a97d-d965ccfc6d4b" outcome="Passed" testListId="8c84fa94-04c1-424b-9868-57a2d4851a1d" relativeResultsDirectory="4f9203f3-2075-42bd-9555-a0dad0669fbd" />
    <UnitTestResult executionId="c3e60afe-efe8-48a6-8589-4b695be9c66b" testId="3462dc94-0c55-4ea0-5d05-c8bbad928de8" testName="MatchRoute_ShouldReturnExpectedResult(&quot;/api/{id}/details/{subId}/info?query=1&quot;,&quot;/api/123/details/456/info?query=2&quot;,True)" computerName="QUICK-MINDS" duration="00:00:00.0000040" startTime="2025-06-25T12:18:32.1073809+02:00" endTime="2025-06-25T12:18:32.1073849+02:00" testType="13cdc9d9-ddb5-4fa4-a97d-d965ccfc6d4b" outcome="Passed" testListId="8c84fa94-04c1-424b-9868-57a2d4851a1d" relativeResultsDirectory="c3e60afe-efe8-48a6-8589-4b695be9c66b" />
    <UnitTestResult executionId="ff7cd868-7fa5-4db1-975e-0ef9ff483f4a" testId="7ad8bccb-0537-6372-4ec7-81212912222a" testName="IsBlocked_ShouldCheckAllBlockingConditions" computerName="QUICK-MINDS" duration="00:00:00.0002999" startTime="2025-06-25T12:18:24.5498625+02:00" endTime="2025-06-25T12:18:24.5501628+02:00" testType="13cdc9d9-ddb5-4fa4-a97d-d965ccfc6d4b" outcome="Passed" testListId="8c84fa94-04c1-424b-9868-57a2d4851a1d" relativeResultsDirectory="ff7cd868-7fa5-4db1-975e-0ef9ff483f4a" />
    <UnitTestResult executionId="60468fde-2c8e-4a23-8fe5-3b5d19206651" testId="6752b227-d138-52b1-c3e8-09a1dfb3490a" testName="HasExactMatch_WithCaseInsensitiveMatch_ShouldReturnTrue" computerName="QUICK-MINDS" duration="00:00:00.0001210" startTime="2025-06-25T12:18:32.1009602+02:00" endTime="2025-06-25T12:18:32.1010812+02:00" testType="13cdc9d9-ddb5-4fa4-a97d-d965ccfc6d4b" outcome="Passed" testListId="8c84fa94-04c1-424b-9868-57a2d4851a1d" relativeResultsDirectory="60468fde-2c8e-4a23-8fe5-3b5d19206651" />
    <UnitTestResult executionId="1aef31a7-5968-44b7-a610-221f7a86c349" testId="61dd3d6e-e845-9e58-718c-b737b7b7e095" testName="GetApiInfo_WithNoContentTypeAndEmptyBody_ReturnsNull" computerName="QUICK-MINDS" duration="00:00:00.0001360" startTime="2025-06-25T12:18:24.8777632+02:00" endTime="2025-06-25T12:18:24.8778992+02:00" testType="13cdc9d9-ddb5-4fa4-a97d-d965ccfc6d4b" outcome="Passed" testListId="8c84fa94-04c1-424b-9868-57a2d4851a1d" relativeResultsDirectory="1aef31a7-5968-44b7-a610-221f7a86c349" />
    <UnitTestResult executionId="e494e775-f36c-4774-817a-9d7bcbd30320" testId="cf58ab51-2799-e368-e88f-823f1b1bb589" testName="Compression_RespectsMaxCompressedStatsLimit" computerName="QUICK-MINDS" duration="00:00:00.0044790" startTime="2025-06-25T12:18:34.0520703+02:00" endTime="2025-06-25T12:18:34.0565491+02:00" testType="13cdc9d9-ddb5-4fa4-a97d-d965ccfc6d4b" outcome="Passed" testListId="8c84fa94-04c1-424b-9868-57a2d4851a1d" relativeResultsDirectory="e494e775-f36c-4774-817a-9d7bcbd30320" />
    <UnitTestResult executionId="71471595-4838-4c0a-87ee-017ec06ca15b" testId="71597196-894a-f30e-695c-4d98eef04709" testName="LooksLikeASecret_KnownSecrets_ReturnsTrue(&quot;CnJ4DunhYfv2db6T1FRfciRBHtlNKOYrjoz&quot;)" computerName="QUICK-MINDS" duration="00:00:00.0000220" startTime="2025-06-25T12:18:32.1426288+02:00" endTime="2025-06-25T12:18:32.1426503+02:00" testType="13cdc9d9-ddb5-4fa4-a97d-d965ccfc6d4b" outcome="Passed" testListId="8c84fa94-04c1-424b-9868-57a2d4851a1d" relativeResultsDirectory="71471595-4838-4c0a-87ee-017ec06ca15b" />
    <UnitTestResult executionId="46612a7a-a09c-4c5c-8c7b-ab101af87e9f" testId="c1a317c0-9b8e-bdf2-13e0-7ac2b922a449" testName="MatchRoute_ShouldReturnExpectedResult(&quot;/api/{id}/details/{subId}/info&quot;,&quot;/api/123/details/456/other&quot;,False)" computerName="QUICK-MINDS" duration="00:00:00.0000090" startTime="2025-06-25T12:18:32.1073629+02:00" endTime="2025-06-25T12:18:32.1073722+02:00" testType="13cdc9d9-ddb5-4fa4-a97d-d965ccfc6d4b" outcome="Passed" testListId="8c84fa94-04c1-424b-9868-57a2d4851a1d" relativeResultsDirectory="46612a7a-a09c-4c5c-8c7b-ab101af87e9f" />
    <UnitTestResult executionId="17391797-6b2c-48a2-ab77-f1169b57edab" testId="69c4d8e8-f129-c80f-f10b-d7f19bc1ad6a" testName="PrivateIPs_ShouldAlwaysBeAllowed" computerName="QUICK-MINDS" duration="00:00:00.0007940" startTime="2025-06-25T12:18:24.7542367+02:00" endTime="2025-06-25T12:18:24.7550307+02:00" testType="13cdc9d9-ddb5-4fa4-a97d-d965ccfc6d4b" outcome="Failed" testListId="8c84fa94-04c1-424b-9868-57a2d4851a1d" relativeResultsDirectory="17391797-6b2c-48a2-ab77-f1169b57edab">
      <Output>
        <ErrorInfo>
          <Message>  Assert.That(reason, Is.EqualTo("Ip is private or local"))&#xD;
  String lengths are both 22. Strings differ at index 1.&#xD;
  Expected: "Ip is private or local"&#xD;
  But was:  "IP is private or local"&#xD;
  ------------^&#xD;
</Message>
          <StackTrace>   at Aikido.Zen.Test.BlockListTests.PrivateIPs_ShouldAlwaysBeAllowed() in C:\projects\Aikido\firewall-dotnet\Aikido.Zen.Test\BlockListTests.cs:line 310&#xD;

1)    at Aikido.Zen.Test.BlockListTests.PrivateIPs_ShouldAlwaysBeAllowed() in C:\projects\Aikido\firewall-dotnet\Aikido.Zen.Test\BlockListTests.cs:line 310&#xD;

</StackTrace>
        </ErrorInfo>
      </Output>
    </UnitTestResult>
    <UnitTestResult executionId="21a526b9-95fb-4426-acda-3415cb7f4321" testId="c587d179-7b41-dfa5-8bbe-5e1d2e65dbcd" testName="Ips_WithEmptyBlockedIpLists_ReturnsEmptyCollection" computerName="QUICK-MINDS" duration="00:00:00.0001280" startTime="2025-06-25T12:18:24.5366629+02:00" endTime="2025-06-25T12:18:24.5367904+02:00" testType="13cdc9d9-ddb5-4fa4-a97d-d965ccfc6d4b" outcome="Passed" testListId="8c84fa94-04c1-424b-9868-57a2d4851a1d" relativeResultsDirectory="21a526b9-95fb-4426-acda-3415cb7f4321" />
    <UnitTestResult executionId="a6d83d8c-221e-4826-9ede-cab78cb3ab42" testId="f0801d98-266a-bcf3-b6de-22de18ee944a" testName="Test_INJECTION: Redirection attempt" computerName="QUICK-MINDS" duration="00:00:00.0000030" startTime="2025-06-25T12:18:34.0292502+02:00" endTime="2025-06-25T12:18:34.0292535+02:00" testType="13cdc9d9-ddb5-4fa4-a97d-d965ccfc6d4b" outcome="Passed" testListId="8c84fa94-04c1-424b-9868-57a2d4851a1d" relativeResultsDirectory="a6d83d8c-221e-4826-9ede-cab78cb3ab42" />
    <UnitTestResult executionId="275ada0b-714a-4ec9-8646-02bdaad9d8d1" testId="b9926b4e-d994-abab-7b40-02322e874d68" testName="DetectSQLInjection_WithTransactionHandling_ShouldNotSendAttackEvent" computerName="QUICK-MINDS" duration="00:00:00.0002910" startTime="2025-06-25T12:18:32.3548240+02:00" endTime="2025-06-25T12:18:32.3551150+02:00" testType="13cdc9d9-ddb5-4fa4-a97d-d965ccfc6d4b" outcome="Passed" testListId="8c84fa94-04c1-424b-9868-57a2d4851a1d" relativeResultsDirectory="275ada0b-714a-4ec9-8646-02bdaad9d8d1" />
    <UnitTestResult executionId="53991d9d-4965-40e4-bd7c-8349d994c7c7" testId="dbcb3c3b-9ac8-c534-6392-c6bcf42860bc" testName="AddRoute_ShouldEvictLeastFrequentlyUsed_WhenMaxReached" computerName="QUICK-MINDS" duration="00:00:00.0102600" startTime="2025-06-25T12:18:20.3745927+02:00" endTime="2025-06-25T12:18:20.3848525+02:00" testType="13cdc9d9-ddb5-4fa4-a97d-d965ccfc6d4b" outcome="Passed" testListId="8c84fa94-04c1-424b-9868-57a2d4851a1d" relativeResultsDirectory="53991d9d-4965-40e4-bd7c-8349d994c7c7" />
    <UnitTestResult executionId="969955ba-27d4-40d3-9187-f03c84815cd6" testId="a993435b-777e-047f-0742-0583c5b7abf8" testName="ShouldAddRoute_ShouldReturnExpectedResult(&quot;/api/resource&quot;,&quot;OPTIONS&quot;,200,False)" computerName="QUICK-MINDS" duration="00:00:00.0002120" startTime="2025-06-25T12:18:32.1116682+02:00" endTime="2025-06-25T12:18:32.1118805+02:00" testType="13cdc9d9-ddb5-4fa4-a97d-d965ccfc6d4b" outcome="Passed" testListId="8c84fa94-04c1-424b-9868-57a2d4851a1d" relativeResultsDirectory="969955ba-27d4-40d3-9187-f03c84815cd6">
      <Output>
        <StdOut>AIKIDO: Status code not valid or method is excluded, skipping route</StdOut>
      </Output>
    </UnitTestResult>
    <UnitTestResult executionId="dfd9ad62-45a1-4970-a0ea-07bcf96d7790" testId="810e17a6-a517-3a97-b641-22d58cedaba4" testName="PathIsSingleRouteParameter_VariousPaths_ReturnsExpectedResult(&quot;&quot;,True)" computerName="QUICK-MINDS" duration="00:00:00.0001950" startTime="2025-06-25T12:18:32.1090932+02:00" endTime="2025-06-25T12:18:32.1092883+02:00" testType="13cdc9d9-ddb5-4fa4-a97d-d965ccfc6d4b" outcome="Passed" testListId="8c84fa94-04c1-424b-9868-57a2d4851a1d" relativeResultsDirectory="dfd9ad62-45a1-4970-a0ea-07bcf96d7790" />
    <UnitTestResult executionId="c9f70ca8-1513-4e1e-9085-30bd54e77d46" testId="c6c86d3b-8303-8970-bcb9-05f13ff637a2" testName="MatchEndpoints_SpecificMethodWithWildcardRoute_ShouldMatch" computerName="QUICK-MINDS" duration="00:00:00.0003080" startTime="2025-06-25T12:18:32.1044537+02:00" endTime="2025-06-25T12:18:32.1047612+02:00" testType="13cdc9d9-ddb5-4fa4-a97d-d965ccfc6d4b" outcome="Passed" testListId="8c84fa94-04c1-424b-9868-57a2d4851a1d" relativeResultsDirectory="c9f70ca8-1513-4e1e-9085-30bd54e77d46" />
    <UnitTestResult executionId="70b7cd5e-67c6-4741-84cf-865695c76bc5" testId="8af1c984-a4b7-59bd-c5c8-8b85f23c324f" testName="Test_SAFE: Command with constants that resemble user input but are safely encapsulated" computerName="QUICK-MINDS" duration="00:00:00.0000030" startTime="2025-06-25T12:18:34.0293250+02:00" endTime="2025-06-25T12:18:34.0293281+02:00" testType="13cdc9d9-ddb5-4fa4-a97d-d965ccfc6d4b" outcome="Passed" testListId="8c84fa94-04c1-424b-9868-57a2d4851a1d" relativeResultsDirectory="70b7cd5e-67c6-4741-84cf-865695c76bc5" />
    <UnitTestResult executionId="9b06839e-2938-4b54-bd28-8ced26ee7526" testId="daab2547-180a-f8a9-7740-3feaee405a05" testName="Test_Multiple directory traversal with backslash" computerName="QUICK-MINDS" duration="00:00:00.0000050" startTime="2025-06-25T12:18:33.7685218+02:00" endTime="2025-06-25T12:18:33.7685265+02:00" testType="13cdc9d9-ddb5-4fa4-a97d-d965ccfc6d4b" outcome="Passed" testListId="8c84fa94-04c1-424b-9868-57a2d4851a1d" relativeResultsDirectory="9b06839e-2938-4b54-bd28-8ced26ee7526" />
    <UnitTestResult executionId="efca72a6-5d06-4df1-9193-873d211697d9" testId="341eddb9-24ef-ef3e-7f52-dc2bf0d9b16e" testName="Test_SAFE: Special character * within quotes" computerName="QUICK-MINDS" duration="00:00:00.0000030" startTime="2025-06-25T12:18:34.0294683+02:00" endTime="2025-06-25T12:18:34.0294709+02:00" testType="13cdc9d9-ddb5-4fa4-a97d-d965ccfc6d4b" outcome="Passed" testListId="8c84fa94-04c1-424b-9868-57a2d4851a1d" relativeResultsDirectory="efca72a6-5d06-4df1-9193-873d211697d9" />
    <UnitTestResult executionId="dda07881-191f-4179-8e19-cf596571eb86" testId="528e29f6-3b0a-c44a-13df-4e07fa326be2" testName="ShouldAddRoute_ShouldReturnExpectedResult(&quot;/api/resource.asx&quot;,&quot;GET&quot;,200,True)" computerName="QUICK-MINDS" duration="00:00:00.0000040" startTime="2025-06-25T12:18:32.1121690+02:00" endTime="2025-06-25T12:18:32.1121729+02:00" testType="13cdc9d9-ddb5-4fa4-a97d-d965ccfc6d4b" outcome="Passed" testListId="8c84fa94-04c1-424b-9868-57a2d4851a1d" relativeResultsDirectory="dda07881-191f-4179-8e19-cf596571eb86" />
    <UnitTestResult executionId="20bfc25c-1282-40b6-ae51-ffed3406e3a5" testId="4b78bafb-ad93-5711-7e61-928dcb946cd9" testName="MatchRoute_ShouldReturnExpectedResult(&quot;path/to/file.txt&quot;,&quot;path/to/file.txt?query=1#section&quot;,True)" computerName="QUICK-MINDS" duration="00:00:00.0000180" startTime="2025-06-25T12:18:32.1074815+02:00" endTime="2025-06-25T12:18:32.1074997+02:00" testType="13cdc9d9-ddb5-4fa4-a97d-d965ccfc6d4b" outcome="Passed" testListId="8c84fa94-04c1-424b-9868-57a2d4851a1d" relativeResultsDirectory="20bfc25c-1282-40b6-ae51-ffed3406e3a5" />
    <UnitTestResult executionId="5f9cc048-93e2-4192-a2f2-6bb67c656266" testId="1cffbbed-df5a-b56a-0111-eb89aacbffee" testName="ShouldAddRoute_EdgeCases_ShouldReturnExpectedResult(&quot;/.hidden/resource&quot;,&quot;GET&quot;,200,True)" computerName="QUICK-MINDS" duration="00:00:00.0008410" startTime="2025-06-25T12:18:32.1101787+02:00" endTime="2025-06-25T12:18:32.1110198+02:00" testType="13cdc9d9-ddb5-4fa4-a97d-d965ccfc6d4b" outcome="Passed" testListId="8c84fa94-04c1-424b-9868-57a2d4851a1d" relativeResultsDirectory="5f9cc048-93e2-4192-a2f2-6bb67c656266" />
    <UnitTestResult executionId="8d13beb2-8e7e-4590-998f-8d8d0eec8164" testId="c0515cb7-0409-db12-bce8-4b747462c951" testName="ConcurrentAccess_ShouldHandleMultipleThreads" computerName="QUICK-MINDS" duration="00:00:00.0015860" startTime="2025-06-25T12:18:25.0285736+02:00" endTime="2025-06-25T12:18:25.0301594+02:00" testType="13cdc9d9-ddb5-4fa4-a97d-d965ccfc6d4b" outcome="Passed" testListId="8c84fa94-04c1-424b-9868-57a2d4851a1d" relativeResultsDirectory="8d13beb2-8e7e-4590-998f-8d8d0eec8164" />
    <UnitTestResult executionId="b052c9f2-22ef-4b4c-ae01-72144908dd5c" testId="67d8fbc9-d4ad-3fa9-a52e-71b16c3abe2c" testName="AttackLog_ShouldLogMessageAsInformation" computerName="QUICK-MINDS" duration="00:00:00.0011850" startTime="2025-06-25T12:18:25.0167782+02:00" endTime="2025-06-25T12:18:25.0179628+02:00" testType="13cdc9d9-ddb5-4fa4-a97d-d965ccfc6d4b" outcome="Passed" testListId="8c84fa94-04c1-424b-9868-57a2d4851a1d" relativeResultsDirectory="b052c9f2-22ef-4b4c-ae01-72144908dd5c" />
    <UnitTestResult executionId="8c266ef6-57c4-4476-aa49-cbf38f01c4dd" testId="d44d1ca2-7ce6-f1b0-292c-c00539946d6d" testName="Test_Absolute Linux path" computerName="QUICK-MINDS" duration="00:00:00.0000040" startTime="2025-06-25T12:18:33.7685675+02:00" endTime="2025-06-25T12:18:33.7685714+02:00" testType="13cdc9d9-ddb5-4fa4-a97d-d965ccfc6d4b" outcome="Passed" testListId="8c84fa94-04c1-424b-9868-57a2d4851a1d" relativeResultsDirectory="8c266ef6-57c4-4476-aa49-cbf38f01c4dd" />
    <UnitTestResult executionId="02dd1b33-1785-4f1d-8fa0-2b41e3389453" testId="d62531ef-23c7-fa7b-7c12-ea6cab3a4650" testName="Test_INJECTION: Nested command substitution" computerName="QUICK-MINDS" duration="00:00:00.0000030" startTime="2025-06-25T12:18:34.0291731+02:00" endTime="2025-06-25T12:18:34.0291762+02:00" testType="13cdc9d9-ddb5-4fa4-a97d-d965ccfc6d4b" outcome="Passed" testListId="8c84fa94-04c1-424b-9868-57a2d4851a1d" relativeResultsDirectory="02dd1b33-1785-4f1d-8fa0-2b41e3389453" />
    <UnitTestResult executionId="6b3f3110-249e-4144-95c1-5e1a7702f53a" testId="f95c51a3-77e6-220d-003d-5a9eec03688a" testName="LooksLikeASecret_WordSeparators_ReturnsFalse" computerName="QUICK-MINDS" duration="00:00:00.0000430" startTime="2025-06-25T12:18:32.1437328+02:00" endTime="2025-06-25T12:18:32.1437754+02:00" testType="13cdc9d9-ddb5-4fa4-a97d-d965ccfc6d4b" outcome="Passed" testListId="8c84fa94-04c1-424b-9868-57a2d4851a1d" relativeResultsDirectory="6b3f3110-249e-4144-95c1-5e1a7702f53a" />
    <UnitTestResult executionId="8da429c1-6418-42c5-acb3-d0b6466d7da4" testId="ec2a47e7-1dba-dca1-7577-ab8c38f10a5d" testName="MatchRoute_ShouldReturnExpectedResult(&quot;/api/{id}/details/{subId}/info&quot;,&quot;/api/123/details/456/info&quot;,True)" computerName="QUICK-MINDS" duration="00:00:00.0000040" startTime="2025-06-25T12:18:32.1073571+02:00" endTime="2025-06-25T12:18:32.1073607+02:00" testType="13cdc9d9-ddb5-4fa4-a97d-d965ccfc6d4b" outcome="Passed" testListId="8c84fa94-04c1-424b-9868-57a2d4851a1d" relativeResultsDirectory="8da429c1-6418-42c5-acb3-d0b6466d7da4" />
    <UnitTestResult executionId="6d93f4ff-74af-42b0-a10d-3f2580650381" testId="7a977ab7-5eb9-4457-e5f0-778aca977bd7" testName="ConcurrentAccess_ToHostnames_ShouldBeThreadSafe" computerName="QUICK-MINDS" duration="00:00:00.0025590" startTime="2025-06-25T12:18:24.7590173+02:00" endTime="2025-06-25T12:18:24.7615758+02:00" testType="13cdc9d9-ddb5-4fa4-a97d-d965ccfc6d4b" outcome="Passed" testListId="8c84fa94-04c1-424b-9868-57a2d4851a1d" relativeResultsDirectory="6d93f4ff-74af-42b0-a10d-3f2580650381" />
    <UnitTestResult executionId="e9ffb9cf-caf8-475a-8f43-060cf74f75c0" testId="959a76fd-9932-f100-1fa7-0feeda032261" testName="Test_Empty file path" computerName="QUICK-MINDS" duration="00:00:00.0000020" startTime="2025-06-25T12:18:33.7685375+02:00" endTime="2025-06-25T12:18:33.7685394+02:00" testType="13cdc9d9-ddb5-4fa4-a97d-d965ccfc6d4b" outcome="Passed" testListId="8c84fa94-04c1-424b-9868-57a2d4851a1d" relativeResultsDirectory="e9ffb9cf-caf8-475a-8f43-060cf74f75c0" />
    <UnitTestResult executionId="7d6a256b-15b5-4d5b-82e0-1b121e91412a" testId="58a8fa22-a5ab-87b8-9aa3-b29c29805be0" testName="MatchEndpoints_MultipleWildcards_ShouldFavorMoreSpecific" computerName="QUICK-MINDS" duration="00:00:00.0003600" startTime="2025-06-25T12:18:32.1030883+02:00" endTime="2025-06-25T12:18:32.1034478+02:00" testType="13cdc9d9-ddb5-4fa4-a97d-d965ccfc6d4b" outcome="Passed" testListId="8c84fa94-04c1-424b-9868-57a2d4851a1d" relativeResultsDirectory="7d6a256b-15b5-4d5b-82e0-1b121e91412a" />
    <UnitTestResult executionId="a8278a59-78d7-42a6-b94d-c301a0bd2077" testId="6bede98b-5580-f7c3-dddb-c28712d49aad" testName="Test_Empty user input" computerName="QUICK-MINDS" duration="00:00:00.0000030" startTime="2025-06-25T12:18:33.7685335+02:00" endTime="2025-06-25T12:18:33.7685364+02:00" testType="13cdc9d9-ddb5-4fa4-a97d-d965ccfc6d4b" outcome="Passed" testListId="8c84fa94-04c1-424b-9868-57a2d4851a1d" relativeResultsDirectory="a8278a59-78d7-42a6-b94d-c301a0bd2077" />
    <UnitTestResult executionId="601ebeee-af03-41fe-bd60-87c5391480e0" testId="59fedf9b-eb3b-4012-f62e-105d2ad0d89d" testName="CleanStackTrace_WithNullOrEmpty_ShouldReturnAsIs" computerName="QUICK-MINDS" duration="00:00:00.0000530" startTime="2025-06-25T12:18:34.0412389+02:00" endTime="2025-06-25T12:18:34.0412914+02:00" testType="13cdc9d9-ddb5-4fa4-a97d-d965ccfc6d4b" outcome="Passed" testListId="8c84fa94-04c1-424b-9868-57a2d4851a1d" relativeResultsDirectory="601ebeee-af03-41fe-bd60-87c5391480e0" />
    <UnitTestResult executionId="740f77d1-50f9-4b26-9efa-155e7f976318" testId="bee269a6-c942-97d5-9021-22316acfca10" testName="Test_INJECTION: Pipe character" computerName="QUICK-MINDS" duration="00:00:00.0000020" startTime="2025-06-25T12:18:34.0292629+02:00" endTime="2025-06-25T12:18:34.0292652+02:00" testType="13cdc9d9-ddb5-4fa4-a97d-d965ccfc6d4b" outcome="Passed" testListId="8c84fa94-04c1-424b-9868-57a2d4851a1d" relativeResultsDirectory="740f77d1-50f9-4b26-9efa-155e7f976318" />
    <UnitTestResult executionId="4424f841-4417-484f-b63f-bd59935a0031" testId="248a712b-5565-7fd2-686a-49bb139be5ab" testName="GetApiInfo_WithFormUrlEncodedBody_ReturnsCorrectSpec" computerName="QUICK-MINDS" duration="00:00:00.0031110" startTime="2025-06-25T12:18:24.8715910+02:00" endTime="2025-06-25T12:18:24.8747020+02:00" testType="13cdc9d9-ddb5-4fa4-a97d-d965ccfc6d4b" outcome="Passed" testListId="8c84fa94-04c1-424b-9868-57a2d4851a1d" relativeResultsDirectory="4424f841-4417-484f-b63f-bd59935a0031" />
    <UnitTestResult executionId="70b8b2de-5239-4cac-9289-b757b65b29ec" testId="b990dbe5-6c39-989b-2cac-3a2bb169d2e6" testName="Test_SAFE: Encapsulated pipe symbol" computerName="QUICK-MINDS" duration="00:00:00.0000030" startTime="2025-06-25T12:18:34.0294441+02:00" endTime="2025-06-25T12:18:34.0294471+02:00" testType="13cdc9d9-ddb5-4fa4-a97d-d965ccfc6d4b" outcome="Passed" testListId="8c84fa94-04c1-424b-9868-57a2d4851a1d" relativeResultsDirectory="70b8b2de-5239-4cac-9289-b757b65b29ec" />
    <UnitTestResult executionId="afee63d7-e0b3-4e4d-a39e-626d4de7aef4" testId="644d0a4e-ca58-9a39-bb11-7f22b2cc7937" testName="ShouldAddRoute_EdgeCases_ShouldReturnExpectedResult(&quot;/api/resource&quot;,&quot;GET&quot;,400,False)" computerName="QUICK-MINDS" duration="00:00:00.0000110" startTime="2025-06-25T12:18:32.1101656+02:00" endTime="2025-06-25T12:18:32.1101764+02:00" testType="13cdc9d9-ddb5-4fa4-a97d-d965ccfc6d4b" outcome="Passed" testListId="8c84fa94-04c1-424b-9868-57a2d4851a1d" relativeResultsDirectory="afee63d7-e0b3-4e4d-a39e-626d4de7aef4">
      <Output>
        <StdOut>AIKIDO: Status code not valid or method is excluded, skipping route</StdOut>
      </Output>
    </UnitTestResult>
    <UnitTestResult executionId="59805bb8-d8b7-4c52-9be3-f57903b35c90" testId="88a777cf-8fe2-aacb-f773-d2ac04c4efdc" testName="AddOrUpdate_UpdatesExistingItem_AndIncrementsHits" computerName="QUICK-MINDS" duration="00:00:00.0001450" startTime="2025-06-25T12:18:24.7958818+02:00" endTime="2025-06-25T12:18:24.7960269+02:00" testType="13cdc9d9-ddb5-4fa4-a97d-d965ccfc6d4b" outcome="Passed" testListId="8c84fa94-04c1-424b-9868-57a2d4851a1d" relativeResultsDirectory="59805bb8-d8b7-4c52-9be3-f57903b35c90" />
    <UnitTestResult executionId="c66ca1d8-bb4f-481d-9aba-f91e13a3d30b" testId="48f9c1f7-2e15-d04a-c081-c4f3c9b2d680" testName="GetKeys_ReturnsAllCurrentKeys" computerName="QUICK-MINDS" duration="00:00:00.0001940" startTime="2025-06-25T12:18:24.7994109+02:00" endTime="2025-06-25T12:18:24.7996052+02:00" testType="13cdc9d9-ddb5-4fa4-a97d-d965ccfc6d4b" outcome="Passed" testListId="8c84fa94-04c1-424b-9868-57a2d4851a1d" relativeResultsDirectory="c66ca1d8-bb4f-481d-9aba-f91e13a3d30b" />
    <UnitTestResult executionId="25d31fff-5816-4003-bd1b-af390992421c" testId="3aa6de71-291d-cd10-b297-ab30b6484e9f" testName="Test_INJECTION: Dangerous command ifconfig" computerName="QUICK-MINDS" duration="00:00:00.0000040" startTime="2025-06-25T12:18:34.0296033+02:00" endTime="2025-06-25T12:18:34.0296069+02:00" testType="13cdc9d9-ddb5-4fa4-a97d-d965ccfc6d4b" outcome="Passed" testListId="8c84fa94-04c1-424b-9868-57a2d4851a1d" relativeResultsDirectory="25d31fff-5816-4003-bd1b-af390992421c" />
    <UnitTestResult executionId="638e62d3-9a89-4f0a-8b9b-16f23c412e6f" testId="bb2a70e1-33f6-47b5-cb89-1a1b64bce5db" testName="AttackLog_ShouldSanitizeMessage_WhenMessageContainsDangerousCharacters" computerName="QUICK-MINDS" duration="00:00:00.0009260" startTime="2025-06-25T12:18:25.0179824+02:00" endTime="2025-06-25T12:18:25.0189085+02:00" testType="13cdc9d9-ddb5-4fa4-a97d-d965ccfc6d4b" outcome="Passed" testListId="8c84fa94-04c1-424b-9868-57a2d4851a1d" relativeResultsDirectory="638e62d3-9a89-4f0a-8b9b-16f23c412e6f" />
    <UnitTestResult executionId="95f79e23-e4d4-4f77-89e4-fe9903eab8ed" testId="b8faa365-d5ed-6e09-84a1-885ea04dce25" testName="SendBlockingAttackEvent_UpdatesAttackDetectedAndBlocked" computerName="QUICK-MINDS" duration="00:00:00.1615910" startTime="2025-06-25T12:18:23.9259708+02:00" endTime="2025-06-25T12:18:24.0875614+02:00" testType="13cdc9d9-ddb5-4fa4-a97d-d965ccfc6d4b" outcome="Passed" testListId="8c84fa94-04c1-424b-9868-57a2d4851a1d" relativeResultsDirectory="95f79e23-e4d4-4f77-89e4-fe9903eab8ed">
      <Output>
        <StdOut>AIKIDO: Attack detected: SqlInjection in Body login, blocked: True</StdOut>
      </Output>
    </UnitTestResult>
    <UnitTestResult executionId="a9798d9b-c889-4e10-9775-c4f63929b63f" testId="c5fd5a34-48b2-20a3-fe2a-77532e40321b" testName="UpdateBlockedIps_WithNullInput_ShouldHandleGracefully" computerName="QUICK-MINDS" duration="00:00:00.0000560" startTime="2025-06-25T12:18:20.4002351+02:00" endTime="2025-06-25T12:18:20.4002911+02:00" testType="13cdc9d9-ddb5-4fa4-a97d-d965ccfc6d4b" outcome="Passed" testListId="8c84fa94-04c1-424b-9868-57a2d4851a1d" relativeResultsDirectory="a9798d9b-c889-4e10-9775-c4f63929b63f" />
    <UnitTestResult executionId="37a99088-45a1-45ae-b31c-7006203f33cf" testId="446c4c4d-2663-d1a4-e77c-08cdbbc09e25" testName="GetBodyDataType_WithTextXml_ReturnsXml" computerName="QUICK-MINDS" duration="00:00:00.0000280" startTime="2025-06-25T12:18:24.8132119+02:00" endTime="2025-06-25T12:18:24.8132394+02:00" testType="13cdc9d9-ddb5-4fa4-a97d-d965ccfc6d4b" outcome="Passed" testListId="8c84fa94-04c1-424b-9868-57a2d4851a1d" relativeResultsDirectory="37a99088-45a1-45ae-b31c-7006203f33cf" />
    <UnitTestResult executionId="1af8d398-3d27-4054-9e7f-55222ab8e447" testId="191fdfa5-0829-92e0-8b8e-8c84a19496c3" testName="Clear_ShouldRemoveAllItems" computerName="QUICK-MINDS" duration="00:00:00.0005460" startTime="2025-06-25T12:18:32.6193261+02:00" endTime="2025-06-25T12:18:32.6198724+02:00" testType="13cdc9d9-ddb5-4fa4-a97d-d965ccfc6d4b" outcome="Passed" testListId="8c84fa94-04c1-424b-9868-57a2d4851a1d" relativeResultsDirectory="1af8d398-3d27-4054-9e7f-55222ab8e447" />
    <UnitTestResult executionId="068958f1-e1f6-4540-99f1-14686c89417c" testId="0eff9d8c-7c22-ca94-7b01-6de1d58b7444" testName="Test_INJECTION: Dangerous command reboot -f" computerName="QUICK-MINDS" duration="00:00:00.0000030" startTime="2025-06-25T12:18:34.0295983+02:00" endTime="2025-06-25T12:18:34.0296012+02:00" testType="13cdc9d9-ddb5-4fa4-a97d-d965ccfc6d4b" outcome="Passed" testListId="8c84fa94-04c1-424b-9868-57a2d4851a1d" relativeResultsDirectory="068958f1-e1f6-4540-99f1-14686c89417c" />
    <UnitTestResult executionId="13498e5c-d5d3-431f-8dcb-2475eec7507b" testId="ca12315e-2e31-8b6c-7a8e-32ae89b5d78e" testName="GetApiInfo_WithComplexNestedBody_ReturnsCorrectSpec" computerName="QUICK-MINDS" duration="00:00:00.0045140" startTime="2025-06-25T12:18:24.8670538+02:00" endTime="2025-06-25T12:18:24.8715674+02:00" testType="13cdc9d9-ddb5-4fa4-a97d-d965ccfc6d4b" outcome="Passed" testListId="8c84fa94-04c1-424b-9868-57a2d4851a1d" relativeResultsDirectory="13498e5c-d5d3-431f-8dcb-2475eec7507b" />
    <UnitTestResult executionId="836765cc-b003-4e92-b0d7-85a93bc3ef5b" testId="f7346364-2999-9e30-2e3f-fadfca96e39f" testName="CaptureRequest_ExtractsHostAndPort_ReturnsTrue" computerName="QUICK-MINDS" duration="00:00:00.0215300" startTime="2025-06-25T12:18:32.5782889+02:00" endTime="2025-06-25T12:18:32.5998182+02:00" testType="13cdc9d9-ddb5-4fa4-a97d-d965ccfc6d4b" outcome="Passed" testListId="8c84fa94-04c1-424b-9868-57a2d4851a1d" relativeResultsDirectory="836765cc-b003-4e92-b0d7-85a93bc3ef5b">
      <Output>
        <StdOut>AIKIDO: Capturing outbound request to host: example.com</StdOut>
      </Output>
    </UnitTestResult>
    <UnitTestResult executionId="787915ca-6378-4e79-a4a2-b072d86a8791" testId="4825e894-5289-1ed0-6821-784226bd04f9" testName="Test_multipart/form-data; boundary=boundary_7" computerName="QUICK-MINDS" duration="00:00:00.0007860" startTime="2025-06-25T12:18:24.9058414+02:00" endTime="2025-06-25T12:18:24.9066276+02:00" testType="13cdc9d9-ddb5-4fa4-a97d-d965ccfc6d4b" outcome="Passed" testListId="8c84fa94-04c1-424b-9868-57a2d4851a1d" relativeResultsDirectory="787915ca-6378-4e79-a4a2-b072d86a8791" />
    <UnitTestResult executionId="8415a6e5-9f41-4d30-989c-f82ab8fa7181" testId="b9613bcd-8f56-e33b-52dc-3e4c111a37a8" testName="Constructor_CreatesValidInstance" computerName="QUICK-MINDS" duration="00:00:00.0001470" startTime="2025-06-25T12:18:33.9213349+02:00" endTime="2025-06-25T12:18:33.9214819+02:00" testType="13cdc9d9-ddb5-4fa4-a97d-d965ccfc6d4b" outcome="Passed" testListId="8c84fa94-04c1-424b-9868-57a2d4851a1d" relativeResultsDirectory="8415a6e5-9f41-4d30-989c-f82ab8fa7181" />
    <UnitTestResult executionId="b5ffa459-6a23-4955-8247-bd40cbf1a154" testId="a808b2ca-a3a6-1af8-2dc2-3895f8d906b8" testName="IsIpInRange_WithInvalidIP_ShouldReturnFalse" computerName="QUICK-MINDS" duration="00:00:00.0000290" startTime="2025-06-25T12:18:32.6177367+02:00" endTime="2025-06-25T12:18:32.6177652+02:00" testType="13cdc9d9-ddb5-4fa4-a97d-d965ccfc6d4b" outcome="Passed" testListId="8c84fa94-04c1-424b-9868-57a2d4851a1d" relativeResultsDirectory="b5ffa459-6a23-4955-8247-bd40cbf1a154" />
    <UnitTestResult executionId="1dfb5e87-3756-4229-a376-e5c478b56938" testId="d9bc2b51-6662-48ca-6a6d-38099fc26155" testName="MatchRoute_ShouldReturnExpectedResult(&quot;/api/{id}/details&quot;,&quot;/api/123/details&quot;,True)" computerName="QUICK-MINDS" duration="00:00:00.0000060" startTime="2025-06-25T12:18:32.1073190+02:00" endTime="2025-06-25T12:18:32.1073250+02:00" testType="13cdc9d9-ddb5-4fa4-a97d-d965ccfc6d4b" outcome="Passed" testListId="8c84fa94-04c1-424b-9868-57a2d4851a1d" relativeResultsDirectory="1dfb5e87-3756-4229-a376-e5c478b56938" />
    <UnitTestResult executionId="ef97eea7-e428-47f5-a832-c9e2003c20ea" testId="43709198-5aeb-f17d-037c-75e5093aca2c" testName="SendNonBlockingAttackEvent_UpdatesAttackDetectedAndNotBlocked" computerName="QUICK-MINDS" duration="00:00:00.1609810" startTime="2025-06-25T12:18:24.0876440+02:00" endTime="2025-06-25T12:18:24.2486244+02:00" testType="13cdc9d9-ddb5-4fa4-a97d-d965ccfc6d4b" outcome="Passed" testListId="8c84fa94-04c1-424b-9868-57a2d4851a1d" relativeResultsDirectory="ef97eea7-e428-47f5-a832-c9e2003c20ea">
      <Output>
        <StdOut>AIKIDO: Attack detected: SqlInjection in Body login, blocked: False</StdOut>
      </Output>
    </UnitTestResult>
    <UnitTestResult executionId="0b7d8f65-cf7d-4a51-ad2c-188638707316" testId="b7e30521-de20-93d7-8cd1-eba72abc123d" testName="ShouldAddRoute_EdgeCases_ShouldReturnExpectedResult(&quot;/.hidden/resource/file.css&quot;,&quot;GET&quot;,200,False)" computerName="QUICK-MINDS" duration="00:00:00.0000480" startTime="2025-06-25T12:18:32.1110296+02:00" endTime="2025-06-25T12:18:32.1110777+02:00" testType="13cdc9d9-ddb5-4fa4-a97d-d965ccfc6d4b" outcome="Passed" testListId="8c84fa94-04c1-424b-9868-57a2d4851a1d" relativeResultsDirectory="0b7d8f65-cf7d-4a51-ad2c-188638707316">
      <Output>
        <StdOut>AIKIDO: Extension not allowed, skipping route</StdOut>
      </Output>
    </UnitTestResult>
    <UnitTestResult executionId="9c804dbe-e5e2-453e-8f9a-503f5b7ae6b0" testId="f0ad4570-5631-ccb5-f73d-7be8bf9f394e" testName="IsUserBlocked_WithNonBlockedUser_ReturnsFalse" computerName="QUICK-MINDS" duration="00:00:00.0000320" startTime="2025-06-25T12:18:20.3465497+02:00" endTime="2025-06-25T12:18:20.3465819+02:00" testType="13cdc9d9-ddb5-4fa4-a97d-d965ccfc6d4b" outcome="Passed" testListId="8c84fa94-04c1-424b-9868-57a2d4851a1d" relativeResultsDirectory="9c804dbe-e5e2-453e-8f9a-503f5b7ae6b0" />
    <UnitTestResult executionId="2974dc8e-c97c-4163-a835-5969955dda00" testId="8bc7847b-0665-ec73-92e2-32912c2d0f21" testName="GetDialect_ShouldReturnCorrectDialect(&quot;MySqlConnector&quot;,MySQL)" computerName="QUICK-MINDS" duration="00:00:00.0001110" startTime="2025-06-25T12:18:34.0344436+02:00" endTime="2025-06-25T12:18:34.0345550+02:00" testType="13cdc9d9-ddb5-4fa4-a97d-d965ccfc6d4b" outcome="Passed" testListId="8c84fa94-04c1-424b-9868-57a2d4851a1d" relativeResultsDirectory="2974dc8e-c97c-4163-a835-5969955dda00" />
    <UnitTestResult executionId="54d1567b-bb6a-48e9-bb32-b0cca9674cc8" testId="825c8281-950e-f0a9-f472-289284b8cc5a" testName="Test_INJECTION: Unsafely quoted command substitution" computerName="QUICK-MINDS" duration="00:00:00.0000030" startTime="2025-06-25T12:18:34.0291913+02:00" endTime="2025-06-25T12:18:34.0291938+02:00" testType="13cdc9d9-ddb5-4fa4-a97d-d965ccfc6d4b" outcome="Passed" testListId="8c84fa94-04c1-424b-9868-57a2d4851a1d" relativeResultsDirectory="54d1567b-bb6a-48e9-bb32-b0cca9674cc8" />
    <UnitTestResult executionId="d704f201-4ed5-4539-99c2-b83c69d4d844" testId="634f0420-01fd-d693-cb31-afae6d60cc55" testName="Test_Current directory with traversal" computerName="QUICK-MINDS" duration="00:00:00.0000040" startTime="2025-06-25T12:18:33.7685281+02:00" endTime="2025-06-25T12:18:33.7685318+02:00" testType="13cdc9d9-ddb5-4fa4-a97d-d965ccfc6d4b" outcome="Passed" testListId="8c84fa94-04c1-424b-9868-57a2d4851a1d" relativeResultsDirectory="d704f201-4ed5-4539-99c2-b83c69d4d844" />
    <UnitTestResult executionId="0b1d3811-a0f6-48da-8b1e-5c14656c6887" testId="48e055db-e6e2-b900-a271-301c1a54c734" testName="IsIpInRange_ShouldWorkWithZeroAddress" computerName="QUICK-MINDS" duration="00:00:00.0001260" startTime="2025-06-25T12:18:32.6175632+02:00" endTime="2025-06-25T12:18:32.6176894+02:00" testType="13cdc9d9-ddb5-4fa4-a97d-d965ccfc6d4b" outcome="Passed" testListId="8c84fa94-04c1-424b-9868-57a2d4851a1d" relativeResultsDirectory="0b1d3811-a0f6-48da-8b1e-5c14656c6887" />
    <UnitTestResult executionId="2e41ff82-f38f-4ed9-b5cf-076bd96330f0" testId="792b853a-34b5-09b1-90ee-c996e93c56d5" testName="GetInfo_ServerlessDetection_AWS" computerName="QUICK-MINDS" duration="00:00:00.0001220" startTime="2025-06-25T12:18:24.8096880+02:00" endTime="2025-06-25T12:18:24.8098101+02:00" testType="13cdc9d9-ddb5-4fa4-a97d-d965ccfc6d4b" outcome="Passed" testListId="8c84fa94-04c1-424b-9868-57a2d4851a1d" relativeResultsDirectory="2e41ff82-f38f-4ed9-b5cf-076bd96330f0" />
    <UnitTestResult executionId="01630075-c053-4439-8f63-23697c15a2a4" testId="8a427b87-54f5-ffb6-3189-dc4cf4c5aa62" testName="MatchRoute_ShouldReturnExpectedResult(&quot;/api/{id}/details/{subId}/info&quot;,&quot;/api/123/details/456/info#section&quot;,True)" computerName="QUICK-MINDS" duration="00:00:00.0000030" startTime="2025-06-25T12:18:32.1073939+02:00" endTime="2025-06-25T12:18:32.1073973+02:00" testType="13cdc9d9-ddb5-4fa4-a97d-d965ccfc6d4b" outcome="Passed" testListId="8c84fa94-04c1-424b-9868-57a2d4851a1d" relativeResultsDirectory="01630075-c053-4439-8f63-23697c15a2a4" />
    <UnitTestResult executionId="6082fae6-b91e-4914-9424-9218e3338edf" testId="da6cbdbc-b397-f9fb-2252-08d545c3703f" testName="MatchEndpoints_NoMethod_ShouldReturnEmptyList" computerName="QUICK-MINDS" duration="00:00:00.0000490" startTime="2025-06-25T12:18:32.1035834+02:00" endTime="2025-06-25T12:18:32.1036321+02:00" testType="13cdc9d9-ddb5-4fa4-a97d-d965ccfc6d4b" outcome="Passed" testListId="8c84fa94-04c1-424b-9868-57a2d4851a1d" relativeResultsDirectory="6082fae6-b91e-4914-9424-9218e3338edf" />
    <UnitTestResult executionId="e5ac5455-cbd5-4dad-a504-1467e8fddf06" testId="9a849c8a-a6b3-865d-bee1-b74d23588b06" testName="CalculatePercentiles_NegativeValues" computerName="QUICK-MINDS" duration="00:00:00.0006310" startTime="2025-06-25T12:18:34.0480958+02:00" endTime="2025-06-25T12:18:34.0487268+02:00" testType="13cdc9d9-ddb5-4fa4-a97d-d965ccfc6d4b" outcome="Passed" testListId="8c84fa94-04c1-424b-9868-57a2d4851a1d" relativeResultsDirectory="e5ac5455-cbd5-4dad-a504-1467e8fddf06" />
    <UnitTestResult executionId="8289dc1c-e6d8-414a-912b-8af25bb4e538" testId="a3fc0288-7c90-f936-7391-8a8a86a383dc" testName="Test_SAFE: Lack of spaces in concatenated arguments" computerName="QUICK-MINDS" duration="00:00:00.0000020" startTime="2025-06-25T12:18:34.0295242+02:00" endTime="2025-06-25T12:18:34.0295264+02:00" testType="13cdc9d9-ddb5-4fa4-a97d-d965ccfc6d4b" outcome="Passed" testListId="8c84fa94-04c1-424b-9868-57a2d4851a1d" relativeResultsDirectory="8289dc1c-e6d8-414a-912b-8af25bb4e538" />
    <UnitTestResult executionId="254ad4db-ce02-4859-b535-325bc9245481" testId="78bac3e9-0424-28b2-3513-90b908c7329e" testName="RuntimeApiClient_GetConfig_ShouldThrowExceptionOnError" computerName="QUICK-MINDS" duration="00:00:00.0007170" startTime="2025-06-25T12:18:34.0932080+02:00" endTime="2025-06-25T12:18:34.0939249+02:00" testType="13cdc9d9-ddb5-4fa4-a97d-d965ccfc6d4b" outcome="Passed" testListId="8c84fa94-04c1-424b-9868-57a2d4851a1d" relativeResultsDirectory="254ad4db-ce02-4859-b535-325bc9245481" />
    <UnitTestResult executionId="b6b32694-5633-4389-ae49-fbd2b0c4f4de" testId="30b16537-c638-5d1d-a226-7ea6bdf4553b" testName="IsSQLInjection_WithNullUserInput_ReturnsFalse" computerName="QUICK-MINDS" duration="00:00:00.0000230" startTime="2025-06-25T12:18:34.0409617+02:00" endTime="2025-06-25T12:18:34.0409851+02:00" testType="13cdc9d9-ddb5-4fa4-a97d-d965ccfc6d4b" outcome="Passed" testListId="8c84fa94-04c1-424b-9868-57a2d4851a1d" relativeResultsDirectory="b6b32694-5633-4389-ae49-fbd2b0c4f4de" />
    <UnitTestResult executionId="260f1039-2f1e-42d2-9ebd-155b32434598" testId="8c3b70c9-e2b0-c719-e3c0-0a8f0fde783a" testName="GetStringFormat_WithUnknownFormat_ReturnsNull" computerName="QUICK-MINDS" duration="00:00:00.0001720" startTime="2025-06-25T12:18:32.3570655+02:00" endTime="2025-06-25T12:18:32.3572378+02:00" testType="13cdc9d9-ddb5-4fa4-a97d-d965ccfc6d4b" outcome="Passed" testListId="8c84fa94-04c1-424b-9868-57a2d4851a1d" relativeResultsDirectory="260f1039-2f1e-42d2-9ebd-155b32434598" />
    <UnitTestResult executionId="68ab241e-4f55-4680-a5e0-2b734927bc23" testId="fca71673-13dc-5296-1f47-3c6af338eb15" testName="UpdateApiInfo_NewQueryInfo_UpdatesQueryCorrectly" computerName="QUICK-MINDS" duration="00:00:00.0001410" startTime="2025-06-25T12:18:24.8807149+02:00" endTime="2025-06-25T12:18:24.8808557+02:00" testType="13cdc9d9-ddb5-4fa4-a97d-d965ccfc6d4b" outcome="Passed" testListId="8c84fa94-04c1-424b-9868-57a2d4851a1d" relativeResultsDirectory="68ab241e-4f55-4680-a5e0-2b734927bc23" />
    <UnitTestResult executionId="48807b83-62e0-41ec-b92f-62beaae2056d" testId="f96a22d1-d9a7-a412-53f0-ec6eccbf61a0" testName="LooksLikeASecret_ShortStrings_ReturnsFalse(&quot;4qEK&quot;)" computerName="QUICK-MINDS" duration="00:00:00.0000020" startTime="2025-06-25T12:18:32.1430190+02:00" endTime="2025-06-25T12:18:32.1430211+02:00" testType="13cdc9d9-ddb5-4fa4-a97d-d965ccfc6d4b" outcome="Passed" testListId="8c84fa94-04c1-424b-9868-57a2d4851a1d" relativeResultsDirectory="48807b83-62e0-41ec-b92f-62beaae2056d" />
    <UnitTestResult executionId="bb86c09e-cf6d-43ef-adaf-95dbba02a531" testId="3556ead2-da8e-3bb2-f583-57f0397800b6" testName="GetNextSegment_ShouldReturnExpectedResult(&quot;&quot;,&quot;&quot;,&quot;&quot;)" computerName="QUICK-MINDS" duration="00:00:00.0000040" startTime="2025-06-25T12:18:32.3586038+02:00" endTime="2025-06-25T12:18:32.3586074+02:00" testType="13cdc9d9-ddb5-4fa4-a97d-d965ccfc6d4b" outcome="Passed" testListId="8c84fa94-04c1-424b-9868-57a2d4851a1d" relativeResultsDirectory="bb86c09e-cf6d-43ef-adaf-95dbba02a531" />
    <UnitTestResult executionId="59b4b508-55b3-4352-b447-bbf733ab6e65" testId="d3229a86-23f9-a7d5-d8ab-9666f18c3a6f" testName="CaptureRequest_WithHttpsUri_ExtractsHostAndPort" computerName="QUICK-MINDS" duration="00:00:00.0005740" startTime="2025-06-25T12:18:32.6008997+02:00" endTime="2025-06-25T12:18:32.6014732+02:00" testType="13cdc9d9-ddb5-4fa4-a97d-d965ccfc6d4b" outcome="Passed" testListId="8c84fa94-04c1-424b-9868-57a2d4851a1d" relativeResultsDirectory="59b4b508-55b3-4352-b447-bbf733ab6e65">
      <Output>
        <StdOut>AIKIDO: Capturing outbound request to host: secure.example.com</StdOut>
      </Output>
    </UnitTestResult>
    <UnitTestResult executionId="67c8309c-6ac5-4819-bae9-9c543d7d9060" testId="167e91da-629f-b52c-5be9-2683d1e4668d" testName="Test_Windows device namespace syntax (backslash)" computerName="QUICK-MINDS" duration="00:00:00.0000050" startTime="2025-06-25T12:18:33.7686465+02:00" endTime="2025-06-25T12:18:33.7686513+02:00" testType="13cdc9d9-ddb5-4fa4-a97d-d965ccfc6d4b" outcome="Passed" testListId="8c84fa94-04c1-424b-9868-57a2d4851a1d" relativeResultsDirectory="67c8309c-6ac5-4819-bae9-9c543d7d9060" />
    <UnitTestResult executionId="b005d206-1260-48d9-8712-b5e44a45171b" testId="b0bff185-d907-2471-33d8-bf757084b710" testName="BasicEviction_RemovesLeastFrequentlyUsed_AfterAddOrUpdate" computerName="QUICK-MINDS" duration="00:00:00.0001430" startTime="2025-06-25T12:18:24.7960295+02:00" endTime="2025-06-25T12:18:24.7961721+02:00" testType="13cdc9d9-ddb5-4fa4-a97d-d965ccfc6d4b" outcome="Passed" testListId="8c84fa94-04c1-424b-9868-57a2d4851a1d" relativeResultsDirectory="b005d206-1260-48d9-8712-b5e44a45171b" />
    <UnitTestResult executionId="50c65b78-bd5b-4f3b-ad72-bef979739611" testId="c1533c00-35e2-8d5d-59c8-68cbfe017283" testName="Token_ShouldReturnExpectedValue" computerName="QUICK-MINDS" duration="00:00:00.0000230" startTime="2025-06-25T12:18:24.8901853+02:00" endTime="2025-06-25T12:18:24.8902081+02:00" testType="13cdc9d9-ddb5-4fa4-a97d-d965ccfc6d4b" outcome="Passed" testListId="8c84fa94-04c1-424b-9868-57a2d4851a1d" relativeResultsDirectory="50c65b78-bd5b-4f3b-ad72-bef979739611" />
    <UnitTestResult executionId="6c1225ca-5907-4533-8b56-f70d99740e7d" testId="0e728620-af5f-c877-c82b-6e355b51d97f" testName="InvalidIPs_ShouldBeHandledAppropriately" computerName="QUICK-MINDS" duration="00:00:00.0001360" startTime="2025-06-25T12:18:24.5399326+02:00" endTime="2025-06-25T12:18:24.5400687+02:00" testType="13cdc9d9-ddb5-4fa4-a97d-d965ccfc6d4b" outcome="Passed" testListId="8c84fa94-04c1-424b-9868-57a2d4851a1d" relativeResultsDirectory="6c1225ca-5907-4533-8b56-f70d99740e7d" />
    <UnitTestResult executionId="2eb829d7-f18a-44f1-8b8e-2c126e769adb" testId="6724fe76-093e-da1e-584b-6642c854fa2e" testName="GetConfig_ShouldReturnSuccess" computerName="QUICK-MINDS" duration="00:00:00.1017800" startTime="2025-06-25T12:18:33.9227876+02:00" endTime="2025-06-25T12:18:34.0245671+02:00" testType="13cdc9d9-ddb5-4fa4-a97d-d965ccfc6d4b" outcome="Passed" testListId="8c84fa94-04c1-424b-9868-57a2d4851a1d" relativeResultsDirectory="2eb829d7-f18a-44f1-8b8e-2c126e769adb" />
    <UnitTestResult executionId="9d7d13a4-448e-4250-91fa-ce7497e83661" testId="3ab39172-c814-eb04-aaf6-eda5e9c9c83c" testName="InsertRange_ShouldInsertSingleIP" computerName="QUICK-MINDS" duration="00:00:00.0000660" startTime="2025-06-25T12:18:32.6174276+02:00" endTime="2025-06-25T12:18:32.6174937+02:00" testType="13cdc9d9-ddb5-4fa4-a97d-d965ccfc6d4b" outcome="Passed" testListId="8c84fa94-04c1-424b-9868-57a2d4851a1d" relativeResultsDirectory="9d7d13a4-448e-4250-91fa-ce7497e83661" />
    <UnitTestResult executionId="63c09110-1d7c-47f5-9271-2a86c4b0bbf4" testId="96f0880f-29ca-c48f-6962-c9e776708d76" testName="MergeDataSchemas_WithSameFormat_KeepsFormat" computerName="QUICK-MINDS" duration="00:00:00.0000660" startTime="2025-06-25T12:18:32.1453307+02:00" endTime="2025-06-25T12:18:32.1453965+02:00" testType="13cdc9d9-ddb5-4fa4-a97d-d965ccfc6d4b" outcome="Passed" testListId="8c84fa94-04c1-424b-9868-57a2d4851a1d" relativeResultsDirectory="63c09110-1d7c-47f5-9271-2a86c4b0bbf4" />
    <UnitTestResult executionId="e0e52d6a-8494-40a3-ac4c-ed87a7c2ae08" testId="844c0ed0-70e4-b4bd-25b4-a91681d47952" testName="AddOrUpdate_AddsNewItemSuccessfully_AndIncrementsHits" computerName="QUICK-MINDS" duration="00:00:00.0006179" startTime="2025-06-25T12:18:24.7949162+02:00" endTime="2025-06-25T12:18:24.7955345+02:00" testType="13cdc9d9-ddb5-4fa4-a97d-d965ccfc6d4b" outcome="Passed" testListId="8c84fa94-04c1-424b-9868-57a2d4851a1d" relativeResultsDirectory="e0e52d6a-8494-40a3-ac4c-ed87a7c2ae08" />
    <UnitTestResult executionId="00fcbb89-1aaf-4589-be57-e9161486231b" testId="2ca1a5f1-15f2-f025-3f42-3aa0ece04ca6" testName="ToCidrString_ShouldReturnSingleCidr_WhenSingleIpProvided" computerName="QUICK-MINDS" duration="00:00:00.0000390" startTime="2025-06-25T12:18:24.9095420+02:00" endTime="2025-06-25T12:18:24.9095813+02:00" testType="13cdc9d9-ddb5-4fa4-a97d-d965ccfc6d4b" outcome="Passed" testListId="8c84fa94-04c1-424b-9868-57a2d4851a1d" relativeResultsDirectory="00fcbb89-1aaf-4589-be57-e9161486231b" />
    <UnitTestResult executionId="4a2123bf-0754-4988-b373-1158063f3ab5" testId="cec817f2-3660-5524-cd0f-da598b5839ba" testName="IsValidIP_ShouldReturnTrue_WhenValidIP" computerName="QUICK-MINDS" duration="00:00:00.0000240" startTime="2025-06-25T12:18:24.9090694+02:00" endTime="2025-06-25T12:18:24.9090932+02:00" testType="13cdc9d9-ddb5-4fa4-a97d-d965ccfc6d4b" outcome="Passed" testListId="8c84fa94-04c1-424b-9868-57a2d4851a1d" relativeResultsDirectory="4a2123bf-0754-4988-b373-1158063f3ab5" />
    <UnitTestResult executionId="fd36375d-972f-4e53-80b1-592d28fd2f38" testId="759b8a39-721e-1a84-d6a3-df5d50e88bab" testName="Test_INJECTION: New lines in commands" computerName="QUICK-MINDS" duration="00:00:00.0000040" startTime="2025-06-25T12:18:34.0295362+02:00" endTime="2025-06-25T12:18:34.0295403+02:00" testType="13cdc9d9-ddb5-4fa4-a97d-d965ccfc6d4b" outcome="Passed" testListId="8c84fa94-04c1-424b-9868-57a2d4851a1d" relativeResultsDirectory="fd36375d-972f-4e53-80b1-592d28fd2f38" />
    <UnitTestResult executionId="60461b9b-0fc3-458d-86d4-dbf09ed74761" testId="d0bf4ea8-ac8f-e89e-da6e-0cdbcf1938a7" testName="LooksLikeASecret_ShortStrings_ReturnsFalse(&quot;Fupm2Vi&quot;)" computerName="QUICK-MINDS" duration="00:00:00.0000020" startTime="2025-06-25T12:18:32.1430314+02:00" endTime="2025-06-25T12:18:32.1430329+02:00" testType="13cdc9d9-ddb5-4fa4-a97d-d965ccfc6d4b" outcome="Passed" testListId="8c84fa94-04c1-424b-9868-57a2d4851a1d" relativeResultsDirectory="60461b9b-0fc3-458d-86d4-dbf09ed74761" />
    <UnitTestResult executionId="61ea20f8-dc28-49b5-9550-2b08abfd3763" testId="94fb5c15-e81e-2e71-3f33-f390f33606ba" testName="Test_9_SAFE: PostgreSQL dollar sign quotes" computerName="QUICK-MINDS" duration="00:00:00.0000320" startTime="2025-06-25T12:18:34.0406189+02:00" endTime="2025-06-25T12:18:34.0406504+02:00" testType="13cdc9d9-ddb5-4fa4-a97d-d965ccfc6d4b" outcome="Passed" testListId="8c84fa94-04c1-424b-9868-57a2d4851a1d" relativeResultsDirectory="61ea20f8-dc28-49b5-9550-2b08abfd3763" />
    <UnitTestResult executionId="47e0c655-bf43-40c8-902a-385a19cc3890" testId="552f8966-d501-e2f0-a0d6-ebd8174adcef" testName="MatchRoute_ShouldReturnExpectedResult(&quot;invalid:route.?a?=&amp;&quot;,&quot;/api/123/details/456/info?query=1#section&quot;,False)" computerName="QUICK-MINDS" duration="00:00:00.0000030" startTime="2025-06-25T12:18:32.1074056+02:00" endTime="2025-06-25T12:18:32.1074090+02:00" testType="13cdc9d9-ddb5-4fa4-a97d-d965ccfc6d4b" outcome="Passed" testListId="8c84fa94-04c1-424b-9868-57a2d4851a1d" relativeResultsDirectory="47e0c655-bf43-40c8-902a-385a19cc3890" />
    <UnitTestResult executionId="adb91ae9-c0b5-49f7-9a20-08eade196290" testId="a38eb7f4-87be-f39c-b275-6183969d94db" testName="ScheduleEvent_WithNullToken_ThrowsArgumentNullException" computerName="QUICK-MINDS" duration="00:00:00.0006020" startTime="2025-06-25T12:18:23.2485510+02:00" endTime="2025-06-25T12:18:23.2491520+02:00" testType="13cdc9d9-ddb5-4fa4-a97d-d965ccfc6d4b" outcome="Passed" testListId="8c84fa94-04c1-424b-9868-57a2d4851a1d" relativeResultsDirectory="adb91ae9-c0b5-49f7-9a20-08eade196290" />
    <UnitTestResult executionId="4a82d7c0-62b2-40e9-877d-405aaa24d615" testId="b3e938df-9bc8-30ae-81d1-7333b85bf4fd" testName="UpdateRatelimitedRoutes_ShouldUpdateEndpointsList" computerName="QUICK-MINDS" duration="00:00:00.0002930" startTime="2025-06-25T12:18:20.4018937+02:00" endTime="2025-06-25T12:18:20.4021872+02:00" testType="13cdc9d9-ddb5-4fa4-a97d-d965ccfc6d4b" outcome="Passed" testListId="8c84fa94-04c1-424b-9868-57a2d4851a1d" relativeResultsDirectory="4a82d7c0-62b2-40e9-877d-405aaa24d615" />
    <UnitTestResult executionId="a3fcc69f-f13a-4479-9fe8-a6276cf9fca1" testId="3058e1ec-7dd3-ac33-ba9a-b1e457d2bded" testName="MergeApiAuthTypes_WithExistingOnly_ReturnsExisting" computerName="QUICK-MINDS" duration="00:00:00.0000749" startTime="2025-06-25T12:18:24.8826235+02:00" endTime="2025-06-25T12:18:24.8826985+02:00" testType="13cdc9d9-ddb5-4fa4-a97d-d965ccfc6d4b" outcome="Passed" testListId="8c84fa94-04c1-424b-9868-57a2d4851a1d" relativeResultsDirectory="a3fcc69f-f13a-4479-9fe8-a6276cf9fca1" />
    <UnitTestResult executionId="f068430a-fe27-4576-87c3-ec2513f08529" testId="9dfb87d4-487c-773c-41c8-e8c02ed8bb1c" testName="Test_SAFE: User input is longer than the command" computerName="QUICK-MINDS" duration="00:00:00.0000020" startTime="2025-06-25T12:18:34.0291534+02:00" endTime="2025-06-25T12:18:34.0291558+02:00" testType="13cdc9d9-ddb5-4fa4-a97d-d965ccfc6d4b" outcome="Passed" testListId="8c84fa94-04c1-424b-9868-57a2d4851a1d" relativeResultsDirectory="f068430a-fe27-4576-87c3-ec2513f08529" />
    <UnitTestResult executionId="1b8d44c3-470e-4c91-85ab-ebc20fdca318" testId="3d4aa311-113d-a3da-c980-738ebcce82cb" testName="DetectSQLInjection_WithConnectionManagement_ShouldNotSendAttackEvent" computerName="QUICK-MINDS" duration="00:00:00.0008480" startTime="2025-06-25T12:18:32.3487203+02:00" endTime="2025-06-25T12:18:32.3495677+02:00" testType="13cdc9d9-ddb5-4fa4-a97d-d965ccfc6d4b" outcome="Passed" testListId="8c84fa94-04c1-424b-9868-57a2d4851a1d" relativeResultsDirectory="1b8d44c3-470e-4c91-85ab-ebc20fdca318" />
    <UnitTestResult executionId="625eb7d6-bad3-4efc-8b6f-0819b87355dc" testId="1bafe4fd-4d03-6874-f899-530861d9efe3" testName="OnAbortedRequest_IncrementsRequestAborted" computerName="QUICK-MINDS" duration="00:00:00.0002320" startTime="2025-06-25T12:18:34.0727158+02:00" endTime="2025-06-25T12:18:34.0729479+02:00" testType="13cdc9d9-ddb5-4fa4-a97d-d965ccfc6d4b" outcome="Passed" testListId="8c84fa94-04c1-424b-9868-57a2d4851a1d" relativeResultsDirectory="625eb7d6-bad3-4efc-8b6f-0819b87355dc" />
    <UnitTestResult executionId="f452dc59-a122-47d5-8012-588bc11c1265" testId="76fb283b-4f03-8866-c6f3-bccb891bb24f" testName="Set_WhenOverCapacity_ShouldEvictLRUItem" computerName="QUICK-MINDS" duration="00:00:00.0046920" startTime="2025-06-25T12:18:32.8865493+02:00" endTime="2025-06-25T12:18:32.8912416+02:00" testType="13cdc9d9-ddb5-4fa4-a97d-d965ccfc6d4b" outcome="Passed" testListId="8c84fa94-04c1-424b-9868-57a2d4851a1d" relativeResultsDirectory="f452dc59-a122-47d5-8012-588bc11c1265" />
    <UnitTestResult executionId="f2c96826-180b-488c-b915-a808044df6bb" testId="a12ff460-6fd1-c27b-af98-6908a2d965e5" testName="AddUser_ShouldEvictLeastFrequentlyUsed_WhenMaxReached" computerName="QUICK-MINDS" duration="00:00:00.0055110" startTime="2025-06-25T12:18:20.3861988+02:00" endTime="2025-06-25T12:18:20.3917086+02:00" testType="13cdc9d9-ddb5-4fa4-a97d-d965ccfc6d4b" outcome="Passed" testListId="8c84fa94-04c1-424b-9868-57a2d4851a1d" relativeResultsDirectory="f2c96826-180b-488c-b915-a808044df6bb" />
    <UnitTestResult executionId="2cce50c4-7f36-4fda-9874-6dac7be6e6bb" testId="1dc26b24-631e-63dd-6520-1afafb0bd575" testName="CreateRequest_WithoutContent_ShouldCreateValidRequest" computerName="QUICK-MINDS" duration="00:00:00.0002730" startTime="2025-06-25T12:18:24.8168258+02:00" endTime="2025-06-25T12:18:24.8170986+02:00" testType="13cdc9d9-ddb5-4fa4-a97d-d965ccfc6d4b" outcome="Passed" testListId="8c84fa94-04c1-424b-9868-57a2d4851a1d" relativeResultsDirectory="2cce50c4-7f36-4fda-9874-6dac7be6e6bb" />
    <UnitTestResult executionId="ad8e43e2-f829-4899-85b9-af5621cac113" testId="f854ce0b-21d5-8b72-8e2c-ead2ab89c502" testName="ShouldHandleDifferentWindowSizes" computerName="QUICK-MINDS" duration="00:00:00.0001350" startTime="2025-06-25T12:18:25.1930584+02:00" endTime="2025-06-25T12:18:25.1931935+02:00" testType="13cdc9d9-ddb5-4fa4-a97d-d965ccfc6d4b" outcome="Passed" testListId="8c84fa94-04c1-424b-9868-57a2d4851a1d" relativeResultsDirectory="ad8e43e2-f829-4899-85b9-af5621cac113" />
    <UnitTestResult executionId="9173c085-ab4f-4b49-b887-5d58065223cf" testId="29abbccd-ad31-5851-d050-d204dbdde6f5" testName="CaptureRequest_WithBaseAddressAndNullRequestUri_UsesBaseAddress" computerName="QUICK-MINDS" duration="00:00:00.1042690" startTime="2025-06-25T12:18:32.3640248+02:00" endTime="2025-06-25T12:18:32.4682939+02:00" testType="13cdc9d9-ddb5-4fa4-a97d-d965ccfc6d4b" outcome="Passed" testListId="8c84fa94-04c1-424b-9868-57a2d4851a1d" relativeResultsDirectory="9173c085-ab4f-4b49-b887-5d58065223cf">
      <Output>
        <StdOut>AIKIDO: Capturing outbound request to host: example.com</StdOut>
      </Output>
    </UnitTestResult>
    <UnitTestResult executionId="99275b89-91b0-490d-8413-19a01eaa3f83" testId="9be4379b-cb00-cd9c-2d3d-e8fb14f394da" testName="ShouldAddRoute_EdgeCases_ShouldReturnExpectedResult(&quot;&quot;,&quot;GET&quot;,200,True)" computerName="QUICK-MINDS" duration="00:00:00.0000040" startTime="2025-06-25T12:18:32.1110958+02:00" endTime="2025-06-25T12:18:32.1111000+02:00" testType="13cdc9d9-ddb5-4fa4-a97d-d965ccfc6d4b" outcome="Passed" testListId="8c84fa94-04c1-424b-9868-57a2d4851a1d" relativeResultsDirectory="99275b89-91b0-490d-8413-19a01eaa3f83" />
    <UnitTestResult executionId="0bc42c69-d3a8-4976-a71b-67db22254afd" testId="6b116b5d-1e83-bd77-f09e-8123651e0574" testName="UserConstructor_ShouldInitializeProperties" computerName="QUICK-MINDS" duration="00:00:00.0001060" startTime="2025-06-25T12:18:34.0868283+02:00" endTime="2025-06-25T12:18:34.0869345+02:00" testType="13cdc9d9-ddb5-4fa4-a97d-d965ccfc6d4b" outcome="Passed" testListId="8c84fa94-04c1-424b-9868-57a2d4851a1d" relativeResultsDirectory="0bc42c69-d3a8-4976-a71b-67db22254afd" />
    <UnitTestResult executionId="ef5a9855-f3e3-416f-b028-0d7bec1f30a0" testId="279e40d4-1570-fa8b-c0ce-461b7876c75f" testName="Contains_ShouldReturnExpectedResult(&quot;hello world&quot;,&quot;hello world!&quot;,False)" computerName="QUICK-MINDS" duration="00:00:00.0000060" startTime="2025-06-25T12:18:32.3583269+02:00" endTime="2025-06-25T12:18:32.3583324+02:00" testType="13cdc9d9-ddb5-4fa4-a97d-d965ccfc6d4b" outcome="Passed" testListId="8c84fa94-04c1-424b-9868-57a2d4851a1d" relativeResultsDirectory="ef5a9855-f3e3-416f-b028-0d7bec1f30a0" />
    <UnitTestResult executionId="b42afcdf-53ec-470a-a000-db01cbc4c008" testId="db4012b2-027a-8498-0336-798caef5ffdc" testName="DryMode_ShouldReturnTrue_WhenEnvironmentVariableIsNotTrue" computerName="QUICK-MINDS" duration="00:00:00.0000190" startTime="2025-06-25T12:18:24.8901644+02:00" endTime="2025-06-25T12:18:24.8901829+02:00" testType="13cdc9d9-ddb5-4fa4-a97d-d965ccfc6d4b" outcome="Passed" testListId="8c84fa94-04c1-424b-9868-57a2d4851a1d" relativeResultsDirectory="b42afcdf-53ec-470a-a000-db01cbc4c008" />
    <UnitTestResult executionId="fca2d7d6-20da-4dd1-8f1c-bd3410f5dad3" testId="405ade6e-28d6-4494-8e99-f762f9263059" testName="UpdateBlockedIps_WithEmptyList_ShouldClearBlockedSubnets" computerName="QUICK-MINDS" duration="00:00:00.0000450" startTime="2025-06-25T12:18:24.7555367+02:00" endTime="2025-06-25T12:18:24.7555816+02:00" testType="13cdc9d9-ddb5-4fa4-a97d-d965ccfc6d4b" outcome="Passed" testListId="8c84fa94-04c1-424b-9868-57a2d4851a1d" relativeResultsDirectory="fca2d7d6-20da-4dd1-8f1c-bd3410f5dad3" />
    <UnitTestResult executionId="ef9e012e-39de-41ff-ae7f-9404871962b3" testId="2f03a8ec-be86-e2e6-8f79-41f2e86d6cef" testName="CalculatePercentiles_ThrowsOnInvalidPercentileRange" computerName="QUICK-MINDS" duration="00:00:00.0001920" startTime="2025-06-25T12:18:34.0518707+02:00" endTime="2025-06-25T12:18:34.0520631+02:00" testType="13cdc9d9-ddb5-4fa4-a97d-d965ccfc6d4b" outcome="Passed" testListId="8c84fa94-04c1-424b-9868-57a2d4851a1d" relativeResultsDirectory="ef9e012e-39de-41ff-ae7f-9404871962b3" />
    <UnitTestResult executionId="f63daada-9111-400f-82a1-7c0ec791ae4f" testId="8e22b90c-3e0a-772c-4c45-9960f10f7063" testName="UpdateBlockedIps_WithEmptyToken_ReturnsWithoutUpdating" computerName="QUICK-MINDS" duration="00:00:00.0009690" startTime="2025-06-25T12:18:24.5119558+02:00" endTime="2025-06-25T12:18:24.5129243+02:00" testType="13cdc9d9-ddb5-4fa4-a97d-d965ccfc6d4b" outcome="Passed" testListId="8c84fa94-04c1-424b-9868-57a2d4851a1d" relativeResultsDirectory="f63daada-9111-400f-82a1-7c0ec791ae4f" />
    <UnitTestResult executionId="20abcb26-9a6c-4156-be08-94beb2d51d1f" testId="e6d8309b-92f9-5b88-80e6-ad14154849f9" testName="GetInfo_PlatformArchitecture_Framework" computerName="QUICK-MINDS" duration="00:00:00.0001360" startTime="2025-06-25T12:18:24.8095470+02:00" endTime="2025-06-25T12:18:24.8096825+02:00" testType="13cdc9d9-ddb5-4fa4-a97d-d965ccfc6d4b" outcome="Passed" testListId="8c84fa94-04c1-424b-9868-57a2d4851a1d" relativeResultsDirectory="20abcb26-9a6c-4156-be08-94beb2d51d1f" />
    <UnitTestResult executionId="e2bc517e-b04e-46db-9dca-26b3238ca552" testId="3b9c9245-ae07-9ebe-77a7-e9974e8ac819" testName="ShouldAddRoute_ShouldReturnExpectedResult(&quot;/api/test.config&quot;,&quot;GET&quot;,200,False)" computerName="QUICK-MINDS" duration="00:00:00.0000110" startTime="2025-06-25T12:18:32.1120758+02:00" endTime="2025-06-25T12:18:32.1120867+02:00" testType="13cdc9d9-ddb5-4fa4-a97d-d965ccfc6d4b" outcome="Passed" testListId="8c84fa94-04c1-424b-9868-57a2d4851a1d" relativeResultsDirectory="e2bc517e-b04e-46db-9dca-26b3238ca552">
      <Output>
        <StdOut>AIKIDO: Extension not allowed, skipping route</StdOut>
      </Output>
    </UnitTestResult>
    <UnitTestResult executionId="1a157dd2-afb7-4597-9f4b-04108c40b9f0" testId="2a41c9e6-e1cd-a3f6-b4d5-967f5ef66093" testName="OnFileOperation_WithNullContext_ReturnsTrue" computerName="QUICK-MINDS" duration="00:00:00.0000980" startTime="2025-06-25T12:18:32.6157302+02:00" endTime="2025-06-25T12:18:32.6158284+02:00" testType="13cdc9d9-ddb5-4fa4-a97d-d965ccfc6d4b" outcome="Passed" testListId="8c84fa94-04c1-424b-9868-57a2d4851a1d" relativeResultsDirectory="1a157dd2-afb7-4597-9f4b-04108c40b9f0" />
    <UnitTestResult executionId="43559483-f307-493a-982d-0f773b578206" testId="8f069f15-5e53-a03d-86ea-84b646a7f001" testName="AikidoRealtimeUrl_ShouldReturnDefaultValue_WhenEnvironmentVariableIsNotSet" computerName="QUICK-MINDS" duration="00:00:00.0000590" startTime="2025-06-25T12:18:24.8899620+02:00" endTime="2025-06-25T12:18:24.8900205+02:00" testType="13cdc9d9-ddb5-4fa4-a97d-d965ccfc6d4b" outcome="Passed" testListId="8c84fa94-04c1-424b-9868-57a2d4851a1d" relativeResultsDirectory="43559483-f307-493a-982d-0f773b578206" />
    <UnitTestResult executionId="96194324-5253-4913-a0e9-4188c7b7f353" testId="64d730b1-aa72-cd27-e81d-6735c59dedea" testName="HasCompressedStats_ShouldBeFalse_ForNewStats" computerName="QUICK-MINDS" duration="00:00:00.0001120" startTime="2025-06-25T12:18:34.0719225+02:00" endTime="2025-06-25T12:18:34.0720341+02:00" testType="13cdc9d9-ddb5-4fa4-a97d-d965ccfc6d4b" outcome="Passed" testListId="8c84fa94-04c1-424b-9868-57a2d4851a1d" relativeResultsDirectory="96194324-5253-4913-a0e9-4188c7b7f353" />
    <UnitTestResult executionId="3fae330a-d55a-4551-87e6-27258cdadda4" testId="e7a39184-974a-42ac-8dbf-2dae9e1f3cad" testName="Test_Windows environment variable path" computerName="QUICK-MINDS" duration="00:00:00.0000050" startTime="2025-06-25T12:18:33.7686070+02:00" endTime="2025-06-25T12:18:33.7686119+02:00" testType="13cdc9d9-ddb5-4fa4-a97d-d965ccfc6d4b" outcome="Passed" testListId="8c84fa94-04c1-424b-9868-57a2d4851a1d" relativeResultsDirectory="3fae330a-d55a-4551-87e6-27258cdadda4" />
    <UnitTestResult executionId="a997f2b4-8327-40c7-8db3-cc2d7fb298a1" testId="f45e445f-e73c-63f4-6d2f-242a9ff96249" testName="SectionName_HasCorrectValue" computerName="QUICK-MINDS" duration="00:00:00.0000360" startTime="2025-06-25T12:18:24.5365802+02:00" endTime="2025-06-25T12:18:24.5366159+02:00" testType="13cdc9d9-ddb5-4fa4-a97d-d965ccfc6d4b" outcome="Passed" testListId="8c84fa94-04c1-424b-9868-57a2d4851a1d" relativeResultsDirectory="a997f2b4-8327-40c7-8db3-cc2d7fb298a1" />
    <UnitTestResult executionId="727abc02-97fe-4548-a88a-486359a9a803" testId="11211ec1-042c-8040-d4f2-1eccf7727656" testName="Test_9_ATTACK: PostgreSQL injection with multiple values" computerName="QUICK-MINDS" duration="00:00:00.0000349" startTime="2025-06-25T12:18:34.0405387+02:00" endTime="2025-06-25T12:18:34.0405738+02:00" testType="13cdc9d9-ddb5-4fa4-a97d-d965ccfc6d4b" outcome="Passed" testListId="8c84fa94-04c1-424b-9868-57a2d4851a1d" relativeResultsDirectory="727abc02-97fe-4548-a88a-486359a9a803" />
    <UnitTestResult executionId="a6b0627b-c801-419f-a2c0-2ccc070a16a0" testId="5ea6e80b-2a95-eecc-6377-c069624b59fc" testName="ReportingApiClient_ReportAsync_ShouldThrowExceptionOnError" computerName="QUICK-MINDS" duration="00:00:00.0008720" startTime="2025-06-25T12:18:34.0913366+02:00" endTime="2025-06-25T12:18:34.0922084+02:00" testType="13cdc9d9-ddb5-4fa4-a97d-d965ccfc6d4b" outcome="Passed" testListId="8c84fa94-04c1-424b-9868-57a2d4851a1d" relativeResultsDirectory="a6b0627b-c801-419f-a2c0-2ccc070a16a0" />
    <UnitTestResult executionId="70c9d5bd-b4ed-4e52-8c74-a1fdfa865439" testId="e3b59b5a-3cd5-e788-6526-89346a164f57" testName="Contains_ShouldReturnExpectedResult(&quot;hello world&quot;,&quot;&quot;,True)" computerName="QUICK-MINDS" duration="00:00:00.0000080" startTime="2025-06-25T12:18:32.3583094+02:00" endTime="2025-06-25T12:18:32.3583175+02:00" testType="13cdc9d9-ddb5-4fa4-a97d-d965ccfc6d4b" outcome="Passed" testListId="8c84fa94-04c1-424b-9868-57a2d4851a1d" relativeResultsDirectory="70c9d5bd-b4ed-4e52-8c74-a1fdfa865439" />
    <UnitTestResult executionId="ec28ef94-c4b8-4f92-a23e-f2f2641add5c" testId="e9355715-aeca-39ec-b21f-1c1ffe0c64bf" testName="Test_multipart/form-data; boundary=boundary_9" computerName="QUICK-MINDS" duration="00:00:00.0000480" startTime="2025-06-25T12:18:24.9068262+02:00" endTime="2025-06-25T12:18:24.9068737+02:00" testType="13cdc9d9-ddb5-4fa4-a97d-d965ccfc6d4b" outcome="Passed" testListId="8c84fa94-04c1-424b-9868-57a2d4851a1d" relativeResultsDirectory="ec28ef94-c4b8-4f92-a23e-f2f2641add5c" />
    <UnitTestResult executionId="c4d02d4a-35f6-4498-bca6-9e903a08d5b1" testId="72a38034-8444-0031-74a5-9c0419f854b4" testName="OnFileOperation_WithUserInputPathTraversal_ThrowsExceptionWhenBlocking" computerName="QUICK-MINDS" duration="00:00:00.0003810" startTime="2025-06-25T12:18:32.6162226+02:00" endTime="2025-06-25T12:18:32.6166033+02:00" testType="13cdc9d9-ddb5-4fa4-a97d-d965ccfc6d4b" outcome="Passed" testListId="8c84fa94-04c1-424b-9868-57a2d4851a1d" relativeResultsDirectory="c4d02d4a-35f6-4498-bca6-9e903a08d5b1">
      <Output>
        <StdOut>AIKIDO: Attack detected: PathTraversal in Body File.ReadAllBytes, blocked: True</StdOut>
      </Output>
    </UnitTestResult>
    <UnitTestResult executionId="eddbf57e-c57f-4493-b4c2-653bca17ba67" testId="338a5499-e8d8-2d31-1b9a-405cc1185eaf" testName="ShouldAddRoute_RouteIsNull_ShouldReturnExpectedResult(null,&quot;GET&quot;,404,False)" computerName="QUICK-MINDS" duration="00:00:00.0000250" startTime="2025-06-25T12:18:32.1114534+02:00" endTime="2025-06-25T12:18:32.1114781+02:00" testType="13cdc9d9-ddb5-4fa4-a97d-d965ccfc6d4b" outcome="Passed" testListId="8c84fa94-04c1-424b-9868-57a2d4851a1d" relativeResultsDirectory="eddbf57e-c57f-4493-b4c2-653bca17ba67">
      <Output>
        <StdOut>AIKIDO: Not enough context, skipping route</StdOut>
      </Output>
    </UnitTestResult>
    <UnitTestResult executionId="5ced3713-2e79-4d1b-ab0a-703fd9404a8a" testId="fcc93c55-62b9-aa6e-14bc-b11e0fb01d8e" testName="Exception_ShouldPreserveStackTrace" computerName="QUICK-MINDS" duration="00:00:00.0121600" startTime="2025-06-25T12:18:24.5236688+02:00" endTime="2025-06-25T12:18:24.5358277+02:00" testType="13cdc9d9-ddb5-4fa4-a97d-d965ccfc6d4b" outcome="Passed" testListId="8c84fa94-04c1-424b-9868-57a2d4851a1d" relativeResultsDirectory="5ced3713-2e79-4d1b-ab0a-703fd9404a8a" />
    <UnitTestResult executionId="afa057ed-cdb5-41e8-ad10-912c808dc11a" testId="389bff63-b64a-cde7-9453-1e6bef1215d3" testName="AddRoute_ShouldIncrementHits_ForRoutesAndHosts" computerName="QUICK-MINDS" duration="00:00:00.0005100" startTime="2025-06-25T12:18:20.3848849+02:00" endTime="2025-06-25T12:18:20.3853946+02:00" testType="13cdc9d9-ddb5-4fa4-a97d-d965ccfc6d4b" outcome="Passed" testListId="8c84fa94-04c1-424b-9868-57a2d4851a1d" relativeResultsDirectory="afa057ed-cdb5-41e8-ad10-912c808dc11a" />
    <UnitTestResult executionId="1ac6a804-c29a-4e75-a845-72e8de921118" testId="cb6f94b7-7e86-0547-2d9f-2f0d75745e21" testName="Test_Generic_SAFE: Uppercase user input" computerName="QUICK-MINDS" duration="00:00:00.0000070" startTime="2025-06-25T12:18:34.0406861+02:00" endTime="2025-06-25T12:18:34.0406933+02:00" testType="13cdc9d9-ddb5-4fa4-a97d-d965ccfc6d4b" outcome="Passed" testListId="8c84fa94-04c1-424b-9868-57a2d4851a1d" relativeResultsDirectory="1ac6a804-c29a-4e75-a845-72e8de921118" />
    <UnitTestResult executionId="6e826c0f-e368-4ca1-aed7-42a7f7702593" testId="e4edc27e-b050-56e1-4f0f-2beddaaf64ab" testName="GetApiInfo_WithQueryParameters_ReturnsCorrectSpec" computerName="QUICK-MINDS" duration="00:00:00.0010720" startTime="2025-06-25T12:18:24.8786690+02:00" endTime="2025-06-25T12:18:24.8797404+02:00" testType="13cdc9d9-ddb5-4fa4-a97d-d965ccfc6d4b" outcome="Passed" testListId="8c84fa94-04c1-424b-9868-57a2d4851a1d" relativeResultsDirectory="6e826c0f-e368-4ca1-aed7-42a7f7702593" />
    <UnitTestResult executionId="4829ab48-3fd5-4fb7-a91a-e2e744002095" testId="6826413a-f576-401b-3af2-2706ca74da3d" testName="Test_SAFE: Multiple spaces between arguments" computerName="QUICK-MINDS" duration="00:00:00.0000040" startTime="2025-06-25T12:18:34.0294971+02:00" endTime="2025-06-25T12:18:34.0295012+02:00" testType="13cdc9d9-ddb5-4fa4-a97d-d965ccfc6d4b" outcome="Passed" testListId="8c84fa94-04c1-424b-9868-57a2d4851a1d" relativeResultsDirectory="4829ab48-3fd5-4fb7-a91a-e2e744002095" />
    <UnitTestResult executionId="67da64a6-379d-4fcb-9a84-c578198c7d6a" testId="83dc98ea-0233-6bd8-1f60-76791e5ad28c" testName="IsValidIP_ShouldReturnFalse_WhenInvalidIP" computerName="QUICK-MINDS" duration="00:00:00.0000630" startTime="2025-06-25T12:18:24.9090048+02:00" endTime="2025-06-25T12:18:24.9090672+02:00" testType="13cdc9d9-ddb5-4fa4-a97d-d965ccfc6d4b" outcome="Passed" testListId="8c84fa94-04c1-424b-9868-57a2d4851a1d" relativeResultsDirectory="67da64a6-379d-4fcb-9a84-c578198c7d6a" />
    <UnitTestResult executionId="3701d4eb-173f-464d-8cd7-d704a9ddfa5e" testId="6d25beda-0051-160f-0ca0-96b333aa294d" testName="Test_Absolute path with file input and file directory" computerName="QUICK-MINDS" duration="00:00:00.0000020" startTime="2025-06-25T12:18:33.7686908+02:00" endTime="2025-06-25T12:18:33.7686930+02:00" testType="13cdc9d9-ddb5-4fa4-a97d-d965ccfc6d4b" outcome="Passed" testListId="8c84fa94-04c1-424b-9868-57a2d4851a1d" relativeResultsDirectory="3701d4eb-173f-464d-8cd7-d704a9ddfa5e" />
    <UnitTestResult executionId="5fbdf357-8159-4445-9c3c-d0d389db9c8a" testId="46b0e704-fd6c-fcab-9fca-851cf2f784c8" testName="Test_SAFE: Semicolon inside double quotes" computerName="QUICK-MINDS" duration="00:00:00.0000020" startTime="2025-06-25T12:18:34.0292250+02:00" endTime="2025-06-25T12:18:34.0292274+02:00" testType="13cdc9d9-ddb5-4fa4-a97d-d965ccfc6d4b" outcome="Passed" testListId="8c84fa94-04c1-424b-9868-57a2d4851a1d" relativeResultsDirectory="5fbdf357-8159-4445-9c3c-d0d389db9c8a" />
    <UnitTestResult executionId="36211ad4-4e69-4c05-8ce6-4b1343d95fcc" testId="c2a9e28b-f6d5-2041-21ae-52475c29b5e0" testName="IsUserAgentBlocked_WithBlockedUserAgent_ReturnsTrue" computerName="QUICK-MINDS" duration="00:00:00.0004960" startTime="2025-06-25T12:18:20.3458597+02:00" endTime="2025-06-25T12:18:20.3463557+02:00" testType="13cdc9d9-ddb5-4fa4-a97d-d965ccfc6d4b" outcome="Passed" testListId="8c84fa94-04c1-424b-9868-57a2d4851a1d" relativeResultsDirectory="36211ad4-4e69-4c05-8ce6-4b1343d95fcc" />
    <UnitTestResult executionId="998be2d8-515a-4537-8240-0d223fcb91e4" testId="e556f2e8-5395-7a49-2712-48092494f954" testName="LooksLikeASecret_CommonUrlTerms_ReturnsFalse(&quot;programming&quot;)" computerName="QUICK-MINDS" duration="00:00:00.0001070" startTime="2025-06-25T12:18:32.1422160+02:00" endTime="2025-06-25T12:18:32.1423233+02:00" testType="13cdc9d9-ddb5-4fa4-a97d-d965ccfc6d4b" outcome="Passed" testListId="8c84fa94-04c1-424b-9868-57a2d4851a1d" relativeResultsDirectory="998be2d8-515a-4537-8240-0d223fcb91e4" />
    <UnitTestResult executionId="d9237879-8163-4e55-b617-65f7217fb55b" testId="36c075f9-4387-4477-aff4-0903446c77d2" testName="Test_multipart/form-data; boundary=boundary_5" computerName="QUICK-MINDS" duration="00:00:00.0079890" startTime="2025-06-25T12:18:24.8955887+02:00" endTime="2025-06-25T12:18:24.9035780+02:00" testType="13cdc9d9-ddb5-4fa4-a97d-d965ccfc6d4b" outcome="Passed" testListId="8c84fa94-04c1-424b-9868-57a2d4851a1d" relativeResultsDirectory="d9237879-8163-4e55-b617-65f7217fb55b" />
    <UnitTestResult executionId="bb2965c3-2e01-4753-aee5-80c9d4a29d81" testId="489fa18d-cbf8-4a45-1e4e-55a695afb97f" testName="ReportingApiClient_GetBlockedIps_ShouldReturnSuccess" computerName="QUICK-MINDS" duration="00:00:00.0009950" startTime="2025-06-25T12:18:34.0877982+02:00" endTime="2025-06-25T12:18:34.0887932+02:00" testType="13cdc9d9-ddb5-4fa4-a97d-d965ccfc6d4b" outcome="Passed" testListId="8c84fa94-04c1-424b-9868-57a2d4851a1d" relativeResultsDirectory="bb2965c3-2e01-4753-aee5-80c9d4a29d81" />
    <UnitTestResult executionId="bd359958-c3d5-41a5-8e64-a81b59493561" testId="247178d4-2d74-6640-c061-0626e47c6829" testName="Constructor_WithInvalidCapacity_ShouldThrowArgumentException" computerName="QUICK-MINDS" duration="00:00:00.0014600" startTime="2025-06-25T12:18:32.6240480+02:00" endTime="2025-06-25T12:18:32.6255083+02:00" testType="13cdc9d9-ddb5-4fa4-a97d-d965ccfc6d4b" outcome="Passed" testListId="8c84fa94-04c1-424b-9868-57a2d4851a1d" relativeResultsDirectory="bd359958-c3d5-41a5-8e64-a81b59493561" />
    <UnitTestResult executionId="6b727ff1-a7d1-47f7-8631-9040308c5bdf" testId="2fcead5e-d9dc-b70f-c18b-4a58ed9d707c" testName="GetApiInfo_WithArrayBody_ReturnsCorrectSpec" computerName="QUICK-MINDS" duration="00:00:00.0392540" startTime="2025-06-25T12:18:24.8274673+02:00" endTime="2025-06-25T12:18:24.8667211+02:00" testType="13cdc9d9-ddb5-4fa4-a97d-d965ccfc6d4b" outcome="Passed" testListId="8c84fa94-04c1-424b-9868-57a2d4851a1d" relativeResultsDirectory="6b727ff1-a7d1-47f7-8631-9040308c5bdf" />
    <UnitTestResult executionId="fcc2374c-57f0-45a5-9764-086cd2b5894e" testId="a9fa045e-69cd-035b-dc04-33dc0a05a0d5" testName="ClearCache_ClearsAllCachedData" computerName="QUICK-MINDS" duration="00:00:00.0090770" startTime="2025-06-25T12:18:32.0885035+02:00" endTime="2025-06-25T12:18:32.0975809+02:00" testType="13cdc9d9-ddb5-4fa4-a97d-d965ccfc6d4b" outcome="Passed" testListId="8c84fa94-04c1-424b-9868-57a2d4851a1d" relativeResultsDirectory="fcc2374c-57f0-45a5-9764-086cd2b5894e" />
    <UnitTestResult executionId="53ea9265-e12f-4911-97ca-7cf3cd50ee5d" testId="27120b3f-bd5a-260f-4eb2-eefce6b06e21" testName="RuntimeApiClient_GetConfig_ShouldReturnSuccess" computerName="QUICK-MINDS" duration="00:00:00.0009750" startTime="2025-06-25T12:18:34.0922205+02:00" endTime="2025-06-25T12:18:34.0931956+02:00" testType="13cdc9d9-ddb5-4fa4-a97d-d965ccfc6d4b" outcome="Passed" testListId="8c84fa94-04c1-424b-9868-57a2d4851a1d" relativeResultsDirectory="53ea9265-e12f-4911-97ca-7cf3cd50ee5d" />
    <UnitTestResult executionId="dfb00892-4985-4336-9b80-eb8b6fb49a51" testId="252293b8-7649-da0b-bf04-09b0072d629e" testName="RuntimeApiClient_GetConfigVersion_ShouldReturnSuccess" computerName="QUICK-MINDS" duration="00:00:00.0007270" startTime="2025-06-25T12:18:34.0939348+02:00" endTime="2025-06-25T12:18:34.0946621+02:00" testType="13cdc9d9-ddb5-4fa4-a97d-d965ccfc6d4b" outcome="Passed" testListId="8c84fa94-04c1-424b-9868-57a2d4851a1d" relativeResultsDirectory="dfb00892-4985-4336-9b80-eb8b6fb49a51" />
    <UnitTestResult executionId="06c4c11d-1f62-44f5-84cc-3d14780a2e19" testId="3048fdbb-17b8-ee16-dd2f-1d35843cdd2a" testName="Test_Generic_ATTACK: Command chaining with comment" computerName="QUICK-MINDS" duration="00:00:00.0003700" startTime="2025-06-25T12:18:34.0395895+02:00" endTime="2025-06-25T12:18:34.0399594+02:00" testType="13cdc9d9-ddb5-4fa4-a97d-d965ccfc6d4b" outcome="Passed" testListId="8c84fa94-04c1-424b-9868-57a2d4851a1d" relativeResultsDirectory="06c4c11d-1f62-44f5-84cc-3d14780a2e19" />
    <UnitTestResult executionId="e70267e9-3b97-4a18-8086-2a887d92922c" testId="5dc03c1b-6014-45c9-64d6-1a3e8ef83198" testName="Test_Program Files environment variable" computerName="QUICK-MINDS" duration="00:00:00.0000040" startTime="2025-06-25T12:18:33.7686526+02:00" endTime="2025-06-25T12:18:33.7686564+02:00" testType="13cdc9d9-ddb5-4fa4-a97d-d965ccfc6d4b" outcome="Passed" testListId="8c84fa94-04c1-424b-9868-57a2d4851a1d" relativeResultsDirectory="e70267e9-3b97-4a18-8086-2a887d92922c" />
    <UnitTestResult executionId="1c48cbdb-93a3-4a99-9e84-deffaeeadb50" testId="c90b5e0e-98d0-7910-c5b4-99b38f54fc42" testName="ShouldAddRoute_ShouldReturnExpectedResult(&quot;Some.DotNet.Project.Cms/api/values&quot;,&quot;GET&quot;,200,True)" computerName="QUICK-MINDS" duration="00:00:00.0000200" startTime="2025-06-25T12:18:32.1122070+02:00" endTime="2025-06-25T12:18:32.1122268+02:00" testType="13cdc9d9-ddb5-4fa4-a97d-d965ccfc6d4b" outcome="Passed" testListId="8c84fa94-04c1-424b-9868-57a2d4851a1d" relativeResultsDirectory="1c48cbdb-93a3-4a99-9e84-deffaeeadb50" />
    <UnitTestResult executionId="9d3b7823-05a4-4c0a-aa48-1eec1899305b" testId="95d19aa8-c68f-613e-19a6-dcfb3d3e881a" testName="Constructor_WithoutMessage_ShouldSetDefaultMessage" computerName="QUICK-MINDS" duration="00:00:00.0000780" startTime="2025-06-25T12:18:24.5235884+02:00" endTime="2025-06-25T12:18:24.5236660+02:00" testType="13cdc9d9-ddb5-4fa4-a97d-d965ccfc6d4b" outcome="Passed" testListId="8c84fa94-04c1-424b-9868-57a2d4851a1d" relativeResultsDirectory="9d3b7823-05a4-4c0a-aa48-1eec1899305b" />
    <UnitTestResult executionId="68b0c4a6-ec18-4ca6-ae78-93ea94d3516d" testId="32cf960d-4c17-4f1a-cbab-9b388d5524f3" testName="UpdateBlockedIps_ShouldUpdateBlockedIpsList" computerName="QUICK-MINDS" duration="00:00:00.0000600" startTime="2025-06-25T12:18:24.7554712+02:00" endTime="2025-06-25T12:18:24.7555309+02:00" testType="13cdc9d9-ddb5-4fa4-a97d-d965ccfc6d4b" outcome="Passed" testListId="8c84fa94-04c1-424b-9868-57a2d4851a1d" relativeResultsDirectory="68b0c4a6-ec18-4ca6-ae78-93ea94d3516d" />
    <UnitTestResult executionId="ac3019f7-00fe-4093-960e-e73024d6b7d6" testId="39025c98-0cdc-d091-d58b-d36f7b60885a" testName="IsShellInjection_ShouldDetectSeparatorBeforeEndOfString" computerName="QUICK-MINDS" duration="00:00:00.0000390" startTime="2025-06-25T12:18:34.0297389+02:00" endTime="2025-06-25T12:18:34.0297782+02:00" testType="13cdc9d9-ddb5-4fa4-a97d-d965ccfc6d4b" outcome="Passed" testListId="8c84fa94-04c1-424b-9868-57a2d4851a1d" relativeResultsDirectory="ac3019f7-00fe-4093-960e-e73024d6b7d6" />
    <UnitTestResult executionId="b8e36ce7-ba4d-45e2-90bb-cec8aea7aa59" testId="58106107-45f1-c927-facc-269aadab894e" testName="IPRules_ShouldBeAppliedInCorrectOrder" computerName="QUICK-MINDS" duration="00:00:00.0097290" startTime="2025-06-25T12:18:24.5400717+02:00" endTime="2025-06-25T12:18:24.5498002+02:00" testType="13cdc9d9-ddb5-4fa4-a97d-d965ccfc6d4b" outcome="Failed" testListId="8c84fa94-04c1-424b-9868-57a2d4851a1d" relativeResultsDirectory="b8e36ce7-ba4d-45e2-90bb-cec8aea7aa59">
      <Output>
        <ErrorInfo>
          <Message>  Assert.That(reason1, Is.EqualTo("Ip is private or local"))&#xD;
  String lengths are both 22. Strings differ at index 1.&#xD;
  Expected: "Ip is private or local"&#xD;
  But was:  "IP is private or local"&#xD;
  ------------^&#xD;
</Message>
          <StackTrace>   at Aikido.Zen.Test.BlockListTests.IPRules_ShouldBeAppliedInCorrectOrder() in C:\projects\Aikido\firewall-dotnet\Aikido.Zen.Test\BlockListTests.cs:line 373&#xD;

1)    at Aikido.Zen.Test.BlockListTests.IPRules_ShouldBeAppliedInCorrectOrder() in C:\projects\Aikido\firewall-dotnet\Aikido.Zen.Test\BlockListTests.cs:line 373&#xD;

</StackTrace>
        </ErrorInfo>
      </Output>
    </UnitTestResult>
    <UnitTestResult executionId="768f15da-e4a8-42dc-a087-4ed1a6aef0dc" testId="f365be3f-cb09-2793-2b65-887221a54ddb" testName="ShouldHandleZeroAddresses" computerName="QUICK-MINDS" duration="00:00:00.0001900" startTime="2025-06-25T12:18:32.6186599+02:00" endTime="2025-06-25T12:18:32.6188497+02:00" testType="13cdc9d9-ddb5-4fa4-a97d-d965ccfc6d4b" outcome="Passed" testListId="8c84fa94-04c1-424b-9868-57a2d4851a1d" relativeResultsDirectory="768f15da-e4a8-42dc-a087-4ed1a6aef0dc" />
    <UnitTestResult executionId="35c07976-08bc-4feb-9d42-57a0f946c62a" testId="96be26be-7109-c126-a0b9-0723fc69c009" testName="HasExactMatch_WithNullContext_ShouldHandleGracefully" computerName="QUICK-MINDS" duration="00:00:00.0001710" startTime="2025-06-25T12:18:32.1015004+02:00" endTime="2025-06-25T12:18:32.1016713+02:00" testType="13cdc9d9-ddb5-4fa4-a97d-d965ccfc6d4b" outcome="Passed" testListId="8c84fa94-04c1-424b-9868-57a2d4851a1d" relativeResultsDirectory="35c07976-08bc-4feb-9d42-57a0f946c62a" />
    <UnitTestResult executionId="f724fc03-78ad-4a2d-87c9-ce77455730bc" testId="ec1c9315-da76-89c2-65d7-f0c755f8b0bb" testName="PathIsSingleRouteParameter_VariousPaths_ReturnsExpectedResult(&quot;/&quot;,True)" computerName="QUICK-MINDS" duration="00:00:00.0015530" startTime="2025-06-25T12:18:32.1075292+02:00" endTime="2025-06-25T12:18:32.1090820+02:00" testType="13cdc9d9-ddb5-4fa4-a97d-d965ccfc6d4b" outcome="Passed" testListId="8c84fa94-04c1-424b-9868-57a2d4851a1d" relativeResultsDirectory="f724fc03-78ad-4a2d-87c9-ce77455730bc" />
    <UnitTestResult executionId="ea8284f0-f55a-4253-ae2e-814d971a9541" testId="e85a2b2a-ad16-4ca1-5dfb-ce12c5788975" testName="DetectPathTraversal_WithNonStringArg_IgnoresArg" computerName="QUICK-MINDS" duration="00:00:00.0003110" startTime="2025-06-25T12:18:25.0249743+02:00" endTime="2025-06-25T12:18:25.0252853+02:00" testType="13cdc9d9-ddb5-4fa4-a97d-d965ccfc6d4b" outcome="Passed" testListId="8c84fa94-04c1-424b-9868-57a2d4851a1d" relativeResultsDirectory="ea8284f0-f55a-4253-ae2e-814d971a9541" />
    <UnitTestResult executionId="d640fc35-ce08-471b-8d56-c5685394e08c" testId="49dbeb7a-d244-fa9a-af24-718f8d4bce70" testName="Test_Identical paths with directory" computerName="QUICK-MINDS" duration="00:00:00.0000030" startTime="2025-06-25T12:18:33.7685634+02:00" endTime="2025-06-25T12:18:33.7685661+02:00" testType="13cdc9d9-ddb5-4fa4-a97d-d965ccfc6d4b" outcome="Passed" testListId="8c84fa94-04c1-424b-9868-57a2d4851a1d" relativeResultsDirectory="d640fc35-ce08-471b-8d56-c5685394e08c" />
    <UnitTestResult executionId="5b95e722-2e47-4b5c-9233-565a2b56e0c5" testId="f3c56488-a5c2-8406-3d0a-7b4528254b69" testName="Test_INJECTION: Dangerous command chmod 777" computerName="QUICK-MINDS" duration="00:00:00.0000030" startTime="2025-06-25T12:18:34.0296292+02:00" endTime="2025-06-25T12:18:34.0296317+02:00" testType="13cdc9d9-ddb5-4fa4-a97d-d965ccfc6d4b" outcome="Passed" testListId="8c84fa94-04c1-424b-9868-57a2d4851a1d" relativeResultsDirectory="5b95e722-2e47-4b5c-9233-565a2b56e0c5" />
    <UnitTestResult executionId="f87bb184-2804-49e7-8668-073ea2b2dd95" testId="b20a2449-4ea2-0f91-166e-65aa0595c585" testName="Test_INJECTION: Special character ` inside double quotes" computerName="QUICK-MINDS" duration="00:00:00.0000030" startTime="2025-06-25T12:18:34.0292167+02:00" endTime="2025-06-25T12:18:34.0292192+02:00" testType="13cdc9d9-ddb5-4fa4-a97d-d965ccfc6d4b" outcome="Passed" testListId="8c84fa94-04c1-424b-9868-57a2d4851a1d" relativeResultsDirectory="f87bb184-2804-49e7-8668-073ea2b2dd95" />
    <UnitTestResult executionId="0d5d6390-42be-46b6-ad4d-1753b3023829" testId="753ff7c7-c8eb-ba43-adb5-c54ca70deb83" testName="Delete_ShouldRemoveSpecificItem" computerName="QUICK-MINDS" duration="00:00:00.0003440" startTime="2025-06-25T12:18:32.6267327+02:00" endTime="2025-06-25T12:18:32.6270766+02:00" testType="13cdc9d9-ddb5-4fa4-a97d-d965ccfc6d4b" outcome="Passed" testListId="8c84fa94-04c1-424b-9868-57a2d4851a1d" relativeResultsDirectory="0d5d6390-42be-46b6-ad4d-1753b3023829" />
    <UnitTestResult executionId="9511a53c-9550-4094-bb68-617766c9872b" testId="f9a62de0-229c-2b31-c6c0-e6d8628226fd" testName="IsShellInjection_ShouldDetectStartOfStringSeparatorAfter" computerName="QUICK-MINDS" duration="00:00:00.0000260" startTime="2025-06-25T12:18:34.0297799+02:00" endTime="2025-06-25T12:18:34.0298063+02:00" testType="13cdc9d9-ddb5-4fa4-a97d-d965ccfc6d4b" outcome="Passed" testListId="8c84fa94-04c1-424b-9868-57a2d4851a1d" relativeResultsDirectory="9511a53c-9550-4094-bb68-617766c9872b" />
    <UnitTestResult executionId="0fd9998c-28c7-4a2c-806d-0579b585b480" testId="9a9f196f-98b1-ce9d-2703-e21678e7702e" testName="AddIpAddressToBlocklist_ShouldBlockSpecificIP" computerName="QUICK-MINDS" duration="00:00:00.0001010" startTime="2025-06-25T12:18:24.5379511+02:00" endTime="2025-06-25T12:18:24.5380526+02:00" testType="13cdc9d9-ddb5-4fa4-a97d-d965ccfc6d4b" outcome="Passed" testListId="8c84fa94-04c1-424b-9868-57a2d4851a1d" relativeResultsDirectory="0fd9998c-28c7-4a2c-806d-0579b585b480" />
    <UnitTestResult executionId="c7ec10a0-cebb-419e-a9f6-cfb3e28befd4" testId="7b4235a2-89fc-244d-8197-f6d6244f42ae" testName="Test_INJECTION: Dangerous command killall" computerName="QUICK-MINDS" duration="00:00:00.0000040" startTime="2025-06-25T12:18:34.0296162+02:00" endTime="2025-06-25T12:18:34.0296201+02:00" testType="13cdc9d9-ddb5-4fa4-a97d-d965ccfc6d4b" outcome="Passed" testListId="8c84fa94-04c1-424b-9868-57a2d4851a1d" relativeResultsDirectory="c7ec10a0-cebb-419e-a9f6-cfb3e28befd4" />
    <UnitTestResult executionId="a1857f4d-379c-4667-a625-33f6d8ab1bd0" testId="852ee6a1-3cac-e82f-b3ad-78a5771d3dc5" testName="LooksLikeASecret_ShortStrings_ReturnsFalse(&quot;jiGmyGfg&quot;)" computerName="QUICK-MINDS" duration="00:00:00.0000050" startTime="2025-06-25T12:18:32.1430348+02:00" endTime="2025-06-25T12:18:32.1430392+02:00" testType="13cdc9d9-ddb5-4fa4-a97d-d965ccfc6d4b" outcome="Passed" testListId="8c84fa94-04c1-424b-9868-57a2d4851a1d" relativeResultsDirectory="a1857f4d-379c-4667-a625-33f6d8ab1bd0" />
    <UnitTestResult executionId="d1cfc574-9a14-4026-8061-98fd4c17fe27" testId="eae0e59b-2951-cc02-a72f-347de2e82018" testName="Constructor_WithInvalidCapacity_ThrowsArgumentException" computerName="QUICK-MINDS" duration="00:00:00.0002509" startTime="2025-06-25T12:18:24.7988092+02:00" endTime="2025-06-25T12:18:24.7990604+02:00" testType="13cdc9d9-ddb5-4fa4-a97d-d965ccfc6d4b" outcome="Passed" testListId="8c84fa94-04c1-424b-9868-57a2d4851a1d" relativeResultsDirectory="d1cfc574-9a14-4026-8061-98fd4c17fe27" />
    <UnitTestResult executionId="94ccf7b2-b433-430c-b8bf-38fada7b8373" testId="d7827b63-ca27-0641-fd8c-c0fb16115ea6" testName="DetectPathTraversal_WithEmptyInput_ReturnsFalse" computerName="QUICK-MINDS" duration="00:00:00.0000710" startTime="2025-06-25T12:18:33.7687183+02:00" endTime="2025-06-25T12:18:33.7687896+02:00" testType="13cdc9d9-ddb5-4fa4-a97d-d965ccfc6d4b" outcome="Passed" testListId="8c84fa94-04c1-424b-9868-57a2d4851a1d" relativeResultsDirectory="94ccf7b2-b433-430c-b8bf-38fada7b8373" />
    <UnitTestResult executionId="fc99a671-58a2-4161-aeb9-8b3ee981ba8d" testId="33caf927-0272-3a23-14c5-022bddb8ae6b" testName="GetDialect_ShouldReturnCorrectDialect(&quot;Npgsql&quot;,PostgreSQL)" computerName="QUICK-MINDS" duration="00:00:00.0001150" startTime="2025-06-25T12:18:34.0343266+02:00" endTime="2025-06-25T12:18:34.0344417+02:00" testType="13cdc9d9-ddb5-4fa4-a97d-d965ccfc6d4b" outcome="Passed" testListId="8c84fa94-04c1-424b-9868-57a2d4851a1d" relativeResultsDirectory="fc99a671-58a2-4161-aeb9-8b3ee981ba8d" />
    <UnitTestResult executionId="d4a56881-1e28-451b-8c48-e418a830a744" testId="3aac6173-2500-28d9-aa27-a2996ba9628b" testName="UpdateApiInfo_NewAuthInfo_UpdatesAuthCorrectly" computerName="QUICK-MINDS" duration="00:00:00.0003370" startTime="2025-06-25T12:18:24.8801532+02:00" endTime="2025-06-25T12:18:24.8804899+02:00" testType="13cdc9d9-ddb5-4fa4-a97d-d965ccfc6d4b" outcome="Passed" testListId="8c84fa94-04c1-424b-9868-57a2d4851a1d" relativeResultsDirectory="d4a56881-1e28-451b-8c48-e418a830a744" />
    <UnitTestResult executionId="69bb9312-df25-4cdf-af70-caae74422cd3" testId="9ff9c575-4439-c6fc-8f08-bce1d888d1c8" testName="DetectPathTraversal_WithSinglePath(&quot;safe.txt&quot;,False)" computerName="QUICK-MINDS" duration="00:00:00.0002940" startTime="2025-06-25T12:18:25.0266146+02:00" endTime="2025-06-25T12:18:25.0269088+02:00" testType="13cdc9d9-ddb5-4fa4-a97d-d965ccfc6d4b" outcome="Passed" testListId="8c84fa94-04c1-424b-9868-57a2d4851a1d" relativeResultsDirectory="69bb9312-df25-4cdf-af70-caae74422cd3" />
    <UnitTestResult executionId="c46ba361-a086-429a-81d6-0cbc94d327f6" testId="d6e86e6f-b8bd-4bbc-c2c0-14fa785360d2" testName="UpdateRatelimitedRoutes_ShouldReplaceExistingEndpoints" computerName="QUICK-MINDS" duration="00:00:00.0002940" startTime="2025-06-25T12:18:20.4015898+02:00" endTime="2025-06-25T12:18:20.4018840+02:00" testType="13cdc9d9-ddb5-4fa4-a97d-d965ccfc6d4b" outcome="Passed" testListId="8c84fa94-04c1-424b-9868-57a2d4851a1d" relativeResultsDirectory="c46ba361-a086-429a-81d6-0cbc94d327f6" />
    <UnitTestResult executionId="a65282d2-acb4-437e-83f2-8f066ad04023" testId="b4e551da-82c8-119b-d8d2-36802605c57d" testName="Test_SAFE: Trailing space after the command" computerName="QUICK-MINDS" duration="00:00:00.0000020" startTime="2025-06-25T12:18:34.0295078+02:00" endTime="2025-06-25T12:18:34.0295099+02:00" testType="13cdc9d9-ddb5-4fa4-a97d-d965ccfc6d4b" outcome="Passed" testListId="8c84fa94-04c1-424b-9868-57a2d4851a1d" relativeResultsDirectory="a65282d2-acb4-437e-83f2-8f066ad04023" />
    <UnitTestResult executionId="77a9eaec-e3c8-4e6f-b958-cf08fe2fa406" testId="b47946e7-e28b-7e26-11ea-6fd7789ee6a5" testName="MergeDataSchemas_WithNestedObjects_MergesRecursively" computerName="QUICK-MINDS" duration="00:00:00.0003680" startTime="2025-06-25T12:18:32.1446594+02:00" endTime="2025-06-25T12:18:32.1450271+02:00" testType="13cdc9d9-ddb5-4fa4-a97d-d965ccfc6d4b" outcome="Passed" testListId="8c84fa94-04c1-424b-9868-57a2d4851a1d" relativeResultsDirectory="77a9eaec-e3c8-4e6f-b958-cf08fe2fa406" />
    <UnitTestResult executionId="5f427ef5-7679-4fa9-a521-b15f3035f4ad" testId="95ef5e65-d024-d9ff-f962-b841af0649ce" testName="ShouldAddRoute_ShouldReturnExpectedResult(&quot;/api/resource.asp&quot;,&quot;GET&quot;,200,True)" computerName="QUICK-MINDS" duration="00:00:00.0000040" startTime="2025-06-25T12:18:32.1121348+02:00" endTime="2025-06-25T12:18:32.1121391+02:00" testType="13cdc9d9-ddb5-4fa4-a97d-d965ccfc6d4b" outcome="Passed" testListId="8c84fa94-04c1-424b-9868-57a2d4851a1d" relativeResultsDirectory="5f427ef5-7679-4fa9-a521-b15f3035f4ad" />
    <UnitTestResult executionId="d62e9b47-2092-42da-b6c6-aa5737079436" testId="964dd2ff-36be-2a31-e351-405f7432cc62" testName="AddRequest_ShouldIncrementRequests" computerName="QUICK-MINDS" duration="00:00:00.0001120" startTime="2025-06-25T12:18:20.3735076+02:00" endTime="2025-06-25T12:18:20.3736190+02:00" testType="13cdc9d9-ddb5-4fa4-a97d-d965ccfc6d4b" outcome="Passed" testListId="8c84fa94-04c1-424b-9868-57a2d4851a1d" relativeResultsDirectory="d62e9b47-2092-42da-b6c6-aa5737079436" />
    <UnitTestResult executionId="724da28e-c517-40e8-8109-1ea24ebcdf25" testId="f33acc64-0752-0ae5-568a-c7b2b411b798" testName="IsAllowed_WithNegativeMaxRequests_ShouldAlwaysDeny" computerName="QUICK-MINDS" duration="00:00:00.0000620" startTime="2025-06-25T12:18:25.1873907+02:00" endTime="2025-06-25T12:18:25.1874530+02:00" testType="13cdc9d9-ddb5-4fa4-a97d-d965ccfc6d4b" outcome="Passed" testListId="8c84fa94-04c1-424b-9868-57a2d4851a1d" relativeResultsDirectory="724da28e-c517-40e8-8109-1ea24ebcdf25" />
    <UnitTestResult executionId="40e91699-b006-4307-b9e1-dfa1d2b1730f" testId="47c6eb4b-0a1e-96f2-6caf-87eee307ad70" testName="ContainsPrivateIPAddress_ShouldReturnTrue_ForPrivateIPs" computerName="QUICK-MINDS" duration="00:00:00.0005230" startTime="2025-06-25T12:18:24.9084727+02:00" endTime="2025-06-25T12:18:24.9089960+02:00" testType="13cdc9d9-ddb5-4fa4-a97d-d965ccfc6d4b" outcome="Passed" testListId="8c84fa94-04c1-424b-9868-57a2d4851a1d" relativeResultsDirectory="40e91699-b006-4307-b9e1-dfa1d2b1730f" />
    <UnitTestResult executionId="bb67cfc4-d7ec-4e4f-bc33-d3db56c4a35f" testId="675c356b-f7bb-96a6-17ab-454813aa22cf" testName="GetApiInfo_WithAuth_ReturnsCorrectSpec" computerName="QUICK-MINDS" duration="00:00:00.0002790" startTime="2025-06-25T12:18:24.8667586+02:00" endTime="2025-06-25T12:18:24.8670373+02:00" testType="13cdc9d9-ddb5-4fa4-a97d-d965ccfc6d4b" outcome="Passed" testListId="8c84fa94-04c1-424b-9868-57a2d4851a1d" relativeResultsDirectory="bb67cfc4-d7ec-4e4f-bc33-d3db56c4a35f" />
    <UnitTestResult executionId="71e6ff55-b781-47fc-a87f-94776fc69993" testId="612e3051-11c2-2a8a-be0e-aaef2904f8a2" testName="MatchEndpoints_InvalidUrlAndNoRoute_ShouldReturnEmptyList" computerName="QUICK-MINDS" duration="00:00:00.0001460" startTime="2025-06-25T12:18:32.1029278+02:00" endTime="2025-06-25T12:18:32.1030738+02:00" testType="13cdc9d9-ddb5-4fa4-a97d-d965ccfc6d4b" outcome="Passed" testListId="8c84fa94-04c1-424b-9868-57a2d4851a1d" relativeResultsDirectory="71e6ff55-b781-47fc-a87f-94776fc69993" />
    <UnitTestResult executionId="10f0e72a-c8a4-4c95-8552-0c7888e630d0" testId="e60e1aa8-62ce-6fe3-c4ab-5a01c8589d52" testName="BuildRouteFromUrl_ApiVersionNumbers_IgnoresApiVersionNumbers" computerName="QUICK-MINDS" duration="00:00:00.0066580" startTime="2025-06-25T12:18:32.1123665+02:00" endTime="2025-06-25T12:18:32.1190239+02:00" testType="13cdc9d9-ddb5-4fa4-a97d-d965ccfc6d4b" outcome="Passed" testListId="8c84fa94-04c1-424b-9868-57a2d4851a1d" relativeResultsDirectory="10f0e72a-c8a4-4c95-8552-0c7888e630d0" />
    <UnitTestResult executionId="51a17096-9ff6-49d8-91c5-68a1fab8a7af" testId="01e91ca5-0889-1964-517a-598eb15b5c73" testName="GetStringFormat_WithEmailString_ReturnsEmailFormat" computerName="QUICK-MINDS" duration="00:00:00.0008710" startTime="2025-06-25T12:18:32.3560798+02:00" endTime="2025-06-25T12:18:32.3569506+02:00" testType="13cdc9d9-ddb5-4fa4-a97d-d965ccfc6d4b" outcome="Passed" testListId="8c84fa94-04c1-424b-9868-57a2d4851a1d" relativeResultsDirectory="51a17096-9ff6-49d8-91c5-68a1fab8a7af" />
    <UnitTestResult executionId="74ac7630-dec4-4903-add3-aaac898d9c6d" testId="4e1fba95-6f77-81e1-3a7e-1e8985e839bd" testName="OnFileOperation_AbsoluteInput_ThrowsExceptionWhenBlocking(&quot;/etc/shadow&quot;)" computerName="QUICK-MINDS" duration="00:00:00.0006170" startTime="2025-06-25T12:18:32.6132217+02:00" endTime="2025-06-25T12:18:32.6138385+02:00" testType="13cdc9d9-ddb5-4fa4-a97d-d965ccfc6d4b" outcome="Passed" testListId="8c84fa94-04c1-424b-9868-57a2d4851a1d" relativeResultsDirectory="74ac7630-dec4-4903-add3-aaac898d9c6d">
      <Output>
        <StdOut>AIKIDO: Attack detected: PathTraversal in Body File.ReadAllBytes, blocked: True</StdOut>
      </Output>
    </UnitTestResult>
    <UnitTestResult executionId="0f682fc9-dd58-414b-bde4-017df97cbfbd" testId="df1f6ff0-c43f-b511-fd20-40b6493dfbeb" testName="Test_INJECTION: Dangerous command rm -rf" computerName="QUICK-MINDS" duration="00:00:00.0000030" startTime="2025-06-25T12:18:34.0292378+02:00" endTime="2025-06-25T12:18:34.0292404+02:00" testType="13cdc9d9-ddb5-4fa4-a97d-d965ccfc6d4b" outcome="Passed" testListId="8c84fa94-04c1-424b-9868-57a2d4851a1d" relativeResultsDirectory="0f682fc9-dd58-414b-bde4-017df97cbfbd" />
    <UnitTestResult executionId="c3e5cd19-4647-4db5-86fd-f6a181480a68" testId="7fe5f11e-826b-457b-b091-3a7bf7e74ade" testName="ToJsonObj_ShouldHandleTrueFalseNull" computerName="QUICK-MINDS" duration="00:00:00.0004580" startTime="2025-06-25T12:18:24.9070263+02:00" endTime="2025-06-25T12:18:24.9074843+02:00" testType="13cdc9d9-ddb5-4fa4-a97d-d965ccfc6d4b" outcome="Passed" testListId="8c84fa94-04c1-424b-9868-57a2d4851a1d" relativeResultsDirectory="c3e5cd19-4647-4db5-86fd-f6a181480a68" />
    <UnitTestResult executionId="0c344821-ee80-494a-b7a6-8930e7fd05ed" testId="16db3925-17d6-70d1-531c-4ab03ee4eba3" testName="Test_Integer input is not a traversal" computerName="QUICK-MINDS" duration="00:00:00.0000050" startTime="2025-06-25T12:18:33.7686942+02:00" endTime="2025-06-25T12:18:33.7686994+02:00" testType="13cdc9d9-ddb5-4fa4-a97d-d965ccfc6d4b" outcome="Passed" testListId="8c84fa94-04c1-424b-9868-57a2d4851a1d" relativeResultsDirectory="0c344821-ee80-494a-b7a6-8930e7fd05ed" />
    <UnitTestResult executionId="a34c25f6-f110-4683-8584-d434bc93bee5" testId="ab50d703-47d4-b779-5373-bcd598fd3743" testName="IsBlocked_ShouldReturnFalse_WhenUserIsNotBlocked" computerName="QUICK-MINDS" duration="00:00:00.0002380" startTime="2025-06-25T12:18:20.3994960+02:00" endTime="2025-06-25T12:18:20.3997337+02:00" testType="13cdc9d9-ddb5-4fa4-a97d-d965ccfc6d4b" outcome="Passed" testListId="8c84fa94-04c1-424b-9868-57a2d4851a1d" relativeResultsDirectory="a34c25f6-f110-4683-8584-d434bc93bee5" />
    <UnitTestResult executionId="ec9e047b-7cc9-498d-b493-f44de50fec54" testId="a48b4e11-9ae3-c527-a9eb-0e05e7fd9df8" testName="EndpointMatching_WithWildcardMethod_ShouldMatchAnyMethod" computerName="QUICK-MINDS" duration="00:00:00.0002240" startTime="2025-06-25T12:18:24.5394546+02:00" endTime="2025-06-25T12:18:24.5396790+02:00" testType="13cdc9d9-ddb5-4fa4-a97d-d965ccfc6d4b" outcome="Passed" testListId="8c84fa94-04c1-424b-9868-57a2d4851a1d" relativeResultsDirectory="ec9e047b-7cc9-498d-b493-f44de50fec54" />
    <UnitTestResult executionId="ea46db59-56cc-45c8-bfc3-5d57a2fa55b0" testId="4dfbad7b-5779-2c0d-b9d1-bdfd91b36be4" testName="Test_SAFE: Space within quotes" computerName="QUICK-MINDS" duration="00:00:00.0000030" startTime="2025-06-25T12:18:34.0295115+02:00" endTime="2025-06-25T12:18:34.0295146+02:00" testType="13cdc9d9-ddb5-4fa4-a97d-d965ccfc6d4b" outcome="Passed" testListId="8c84fa94-04c1-424b-9868-57a2d4851a1d" relativeResultsDirectory="ea46db59-56cc-45c8-bfc3-5d57a2fa55b0" />
    <UnitTestResult executionId="81212d4d-a8b0-43a5-8576-80214b6f039a" testId="83bbe348-7665-ec05-a621-7a51ae601c21" testName="IsSQLInjection_WithEmptyQuery_ReturnsFalse" computerName="QUICK-MINDS" duration="00:00:00.0000930" startTime="2025-06-25T12:18:34.0407963+02:00" endTime="2025-06-25T12:18:34.0408892+02:00" testType="13cdc9d9-ddb5-4fa4-a97d-d965ccfc6d4b" outcome="Passed" testListId="8c84fa94-04c1-424b-9868-57a2d4851a1d" relativeResultsDirectory="81212d4d-a8b0-43a5-8576-80214b6f039a" />
    <UnitTestResult executionId="3e167db3-34af-4b52-bc80-9e7471682b5e" testId="d27234fe-2ae7-6024-2969-9dd2367a10a3" testName="Test_Absolute path different files" computerName="QUICK-MINDS" duration="00:00:00.0000030" startTime="2025-06-25T12:18:33.7686712+02:00" endTime="2025-06-25T12:18:33.7686738+02:00" testType="13cdc9d9-ddb5-4fa4-a97d-d965ccfc6d4b" outcome="Passed" testListId="8c84fa94-04c1-424b-9868-57a2d4851a1d" relativeResultsDirectory="3e167db3-34af-4b52-bc80-9e7471682b5e" />
    <UnitTestResult executionId="1e4f532c-5a31-442c-8fdb-1570312c7ead" testId="edfe9d9a-6cb5-1fcb-9a69-ba841633ae44" testName="Test_INJECTION: Command substitution with $(echo)" computerName="QUICK-MINDS" duration="00:00:00.0000100" startTime="2025-06-25T12:18:34.0291573+02:00" endTime="2025-06-25T12:18:34.0291667+02:00" testType="13cdc9d9-ddb5-4fa4-a97d-d965ccfc6d4b" outcome="Passed" testListId="8c84fa94-04c1-424b-9868-57a2d4851a1d" relativeResultsDirectory="1e4f532c-5a31-442c-8fdb-1570312c7ead" />
    <UnitTestResult executionId="f04c668c-ce53-4e3e-80a5-92549a3aa886" testId="20b993bd-57f2-2b49-c5f9-f325a265d4d9" testName="Delete_RemovesExistingItem" computerName="QUICK-MINDS" duration="00:00:00.0000699" startTime="2025-06-25T12:18:24.7991870+02:00" endTime="2025-06-25T12:18:24.7992570+02:00" testType="13cdc9d9-ddb5-4fa4-a97d-d965ccfc6d4b" outcome="Passed" testListId="8c84fa94-04c1-424b-9868-57a2d4851a1d" relativeResultsDirectory="f04c668c-ce53-4e3e-80a5-92549a3aa886" />
    <UnitTestResult executionId="6519b7f6-1ab7-4b12-beab-27734ef9b6c5" testId="b6a1ed77-e92e-2ea6-714a-a0e566bed4f5" testName="Test_SAFE: Encapsulated special character &amp;&amp;" computerName="QUICK-MINDS" duration="00:00:00.0000030" startTime="2025-06-25T12:18:34.0294317+02:00" endTime="2025-06-25T12:18:34.0294345+02:00" testType="13cdc9d9-ddb5-4fa4-a97d-d965ccfc6d4b" outcome="Passed" testListId="8c84fa94-04c1-424b-9868-57a2d4851a1d" relativeResultsDirectory="6519b7f6-1ab7-4b12-beab-27734ef9b6c5" />
    <UnitTestResult executionId="50a22f56-70ad-49f4-bff4-69c557cff724" testId="c7aa928f-5227-1f46-1145-61b47be85052" testName="Constructor_WithInvalidTTL_ShouldThrowArgumentException" computerName="QUICK-MINDS" duration="00:00:00.0005990" startTime="2025-06-25T12:18:32.6255411+02:00" endTime="2025-06-25T12:18:32.6261395+02:00" testType="13cdc9d9-ddb5-4fa4-a97d-d965ccfc6d4b" outcome="Passed" testListId="8c84fa94-04c1-424b-9868-57a2d4851a1d" relativeResultsDirectory="50a22f56-70ad-49f4-bff4-69c557cff724" />
    <UnitTestResult executionId="bc1010ac-6a54-45a9-b9bc-b75aee4a6cb8" testId="77a9265b-ff19-1e9a-5f8f-645de34c8f32" testName="IsRouteParameter_ShouldReturnExpectedResult(&quot;{parameter&quot;,False)" computerName="QUICK-MINDS" duration="00:00:00.0002370" startTime="2025-06-25T12:18:32.1020982+02:00" endTime="2025-06-25T12:18:32.1023355+02:00" testType="13cdc9d9-ddb5-4fa4-a97d-d965ccfc6d4b" outcome="Passed" testListId="8c84fa94-04c1-424b-9868-57a2d4851a1d" relativeResultsDirectory="bc1010ac-6a54-45a9-b9bc-b75aee4a6cb8" />
    <UnitTestResult executionId="a38287da-de21-488e-af9d-caedcbed5101" testId="82d640e5-a657-dfa2-6244-e3d4d6631f35" testName="AikidoUrl_ShouldReturnExpectedValue_WhenEnvironmentVariableIsSet" computerName="QUICK-MINDS" duration="00:00:00.0000240" startTime="2025-06-25T12:18:24.8901068+02:00" endTime="2025-06-25T12:18:24.8901309+02:00" testType="13cdc9d9-ddb5-4fa4-a97d-d965ccfc6d4b" outcome="Passed" testListId="8c84fa94-04c1-424b-9868-57a2d4851a1d" relativeResultsDirectory="a38287da-de21-488e-af9d-caedcbed5101" />
    <UnitTestResult executionId="903d0147-2208-4df3-8e0b-b33962ce1bd0" testId="6a89111b-c2df-39aa-dd18-4fa89f78b08b" testName="CleanVersion_ShouldRemoveBuildNumberAndPrereleaseVersion" computerName="QUICK-MINDS" duration="00:00:00.0001440" startTime="2025-06-25T12:18:24.8052315+02:00" endTime="2025-06-25T12:18:24.8053759+02:00" testType="13cdc9d9-ddb5-4fa4-a97d-d965ccfc6d4b" outcome="Passed" testListId="8c84fa94-04c1-424b-9868-57a2d4851a1d" relativeResultsDirectory="903d0147-2208-4df3-8e0b-b33962ce1bd0" />
    <UnitTestResult executionId="b88d6f0d-de5a-45bb-9585-8ac4337269bd" testId="3b5052ff-a434-e475-fb6d-0ac1114c8780" testName="MatchEndpoints_ExactRouteMatch_ShouldReturnMatchingEndpoint" computerName="QUICK-MINDS" duration="00:00:00.0003240" startTime="2025-06-25T12:18:32.1025935+02:00" endTime="2025-06-25T12:18:32.1029172+02:00" testType="13cdc9d9-ddb5-4fa4-a97d-d965ccfc6d4b" outcome="Passed" testListId="8c84fa94-04c1-424b-9868-57a2d4851a1d" relativeResultsDirectory="b88d6f0d-de5a-45bb-9585-8ac4337269bd" />
    <UnitTestResult executionId="233f64c6-b2f7-458c-a7a2-ddd61dfd6437" testId="bcaec5b1-bacf-53b1-59cb-d85ea44711f0" testName="Constructor_WithNullApi_ThrowsArgumentNullException" computerName="QUICK-MINDS" duration="00:00:00.0012710" startTime="2025-06-25T12:18:21.1376584+02:00" endTime="2025-06-25T12:18:21.1389290+02:00" testType="13cdc9d9-ddb5-4fa4-a97d-d965ccfc6d4b" outcome="Passed" testListId="8c84fa94-04c1-424b-9868-57a2d4851a1d" relativeResultsDirectory="233f64c6-b2f7-458c-a7a2-ddd61dfd6437" />
    <UnitTestResult executionId="12df38ff-5c91-4ce1-9dcf-65f8fd2767a1" testId="9ccb768e-7d37-7ad5-fa1c-6a180747196e" testName="CaptureInboundRequest_WithNullUser_HandlesGracefully" computerName="QUICK-MINDS" duration="00:00:00.0006800" startTime="2025-06-25T12:18:20.8427301+02:00" endTime="2025-06-25T12:18:20.8434097+02:00" testType="13cdc9d9-ddb5-4fa4-a97d-d965ccfc6d4b" outcome="Passed" testListId="8c84fa94-04c1-424b-9868-57a2d4851a1d" relativeResultsDirectory="12df38ff-5c91-4ce1-9dcf-65f8fd2767a1" />
    <UnitTestResult executionId="ae19655c-7f66-4fcf-86de-fc645d36257d" testId="ba72010f-d036-600b-3889-5f51da87ae40" testName="LooksLikeASecret_KnownSecrets_ReturnsTrue(&quot;yqHYTS&lt;agpi^aa1&quot;)" computerName="QUICK-MINDS" duration="00:00:00.0000470" startTime="2025-06-25T12:18:32.1424579+02:00" endTime="2025-06-25T12:18:32.1425048+02:00" testType="13cdc9d9-ddb5-4fa4-a97d-d965ccfc6d4b" outcome="Passed" testListId="8c84fa94-04c1-424b-9868-57a2d4851a1d" relativeResultsDirectory="ae19655c-7f66-4fcf-86de-fc645d36257d" />
    <UnitTestResult executionId="9a4166ae-f743-4ee2-8ac1-ffa509ff2d44" testId="fbcb1a11-f4f4-4aa5-4eaf-4b737dd9344d" testName="MergeDataSchemas_WithNullSchema_ReturnsOtherSchema" computerName="QUICK-MINDS" duration="00:00:00.0000910" startTime="2025-06-25T12:18:32.1450406+02:00" endTime="2025-06-25T12:18:32.1451312+02:00" testType="13cdc9d9-ddb5-4fa4-a97d-d965ccfc6d4b" outcome="Passed" testListId="8c84fa94-04c1-424b-9868-57a2d4851a1d" relativeResultsDirectory="9a4166ae-f743-4ee2-8ac1-ffa509ff2d44" />
    <UnitTestResult executionId="9c9d62a1-89f4-4a95-9658-7d69a6a14baa" testId="3285b2e6-f1e9-1904-0fe3-ddaf947d0b07" testName="RedirectInfo_ShouldInitializeCorrectly" computerName="QUICK-MINDS" duration="00:00:00.0001270" startTime="2025-06-25T12:18:24.8025144+02:00" endTime="2025-06-25T12:18:24.8026415+02:00" testType="13cdc9d9-ddb5-4fa4-a97d-d965ccfc6d4b" outcome="Passed" testListId="8c84fa94-04c1-424b-9868-57a2d4851a1d" relativeResultsDirectory="9c9d62a1-89f4-4a95-9658-7d69a6a14baa" />
    <UnitTestResult executionId="a070def3-668e-4ad6-95d6-6117bc3c475e" testId="6e50f7ab-028c-6b37-69c1-536bf4479485" testName="SetAndTryGetValue_BasicOperations_ShouldWork" computerName="QUICK-MINDS" duration="00:00:00.0002280" startTime="2025-06-25T12:18:32.8912655+02:00" endTime="2025-06-25T12:18:32.8914940+02:00" testType="13cdc9d9-ddb5-4fa4-a97d-d965ccfc6d4b" outcome="Passed" testListId="8c84fa94-04c1-424b-9868-57a2d4851a1d" relativeResultsDirectory="a070def3-668e-4ad6-95d6-6117bc3c475e" />
    <UnitTestResult executionId="9f3564b7-7974-41a6-aaa2-3a505e4ce10d" testId="78b3f02d-11bb-49a9-3e31-cd8e1f2c52f0" testName="Set_ExistingKey_ShouldUpdateValue" computerName="QUICK-MINDS" duration="00:00:00.0000830" startTime="2025-06-25T12:18:32.6274267+02:00" endTime="2025-06-25T12:18:32.6275101+02:00" testType="13cdc9d9-ddb5-4fa4-a97d-d965ccfc6d4b" outcome="Passed" testListId="8c84fa94-04c1-424b-9868-57a2d4851a1d" relativeResultsDirectory="9f3564b7-7974-41a6-aaa2-3a505e4ce10d" />
    <UnitTestResult executionId="713f2604-8352-4ba7-b735-e98593ae5e2c" testId="00e00be4-56f3-efed-8652-8c256d504c71" testName="Test_URL encoded traversal" computerName="QUICK-MINDS" duration="00:00:00.0000040" startTime="2025-06-25T12:18:33.7686247+02:00" endTime="2025-06-25T12:18:33.7686285+02:00" testType="13cdc9d9-ddb5-4fa4-a97d-d965ccfc6d4b" outcome="Passed" testListId="8c84fa94-04c1-424b-9868-57a2d4851a1d" relativeResultsDirectory="713f2604-8352-4ba7-b735-e98593ae5e2c" />
    <UnitTestResult executionId="3f541b5d-7248-4a10-b2ec-0712860497f2" testId="d09c5af4-ec64-ea6d-5b80-3f9de1475f99" testName="MatchRoute_ShouldReturnExpectedResult(&quot;/api/{id}&quot;,&quot;/api/123/extra&quot;,False)" computerName="QUICK-MINDS" duration="00:00:00.0000240" startTime="2025-06-25T12:18:32.1072871+02:00" endTime="2025-06-25T12:18:32.1073109+02:00" testType="13cdc9d9-ddb5-4fa4-a97d-d965ccfc6d4b" outcome="Passed" testListId="8c84fa94-04c1-424b-9868-57a2d4851a1d" relativeResultsDirectory="3f541b5d-7248-4a10-b2ec-0712860497f2" />
    <UnitTestResult executionId="f011269b-a224-40bd-9524-20e56fe8cdf8" testId="cb46a770-ff28-c50b-a3d0-1d75357cff5f" testName="AddHostname_WithInvalidHostname_DoesNotAddToHostnames" computerName="QUICK-MINDS" duration="00:00:00.0001820" startTime="2025-06-25T12:18:20.3733192+02:00" endTime="2025-06-25T12:18:20.3735014+02:00" testType="13cdc9d9-ddb5-4fa4-a97d-d965ccfc6d4b" outcome="Passed" testListId="8c84fa94-04c1-424b-9868-57a2d4851a1d" relativeResultsDirectory="f011269b-a224-40bd-9524-20e56fe8cdf8" />
    <UnitTestResult executionId="0e7337f7-a402-4c61-8fb1-477ef74610c0" testId="45efee17-723a-af3f-fca3-a356a9264536" testName="Test_Simple filename match" computerName="QUICK-MINDS" duration="00:00:00.0000020" startTime="2025-06-25T12:18:33.7685943+02:00" endTime="2025-06-25T12:18:33.7685966+02:00" testType="13cdc9d9-ddb5-4fa4-a97d-d965ccfc6d4b" outcome="Passed" testListId="8c84fa94-04c1-424b-9868-57a2d4851a1d" relativeResultsDirectory="0e7337f7-a402-4c61-8fb1-477ef74610c0" />
    <UnitTestResult executionId="94b425ff-305e-426c-bfc2-24ba31e05537" testId="39b199f8-5a8b-8ced-4a25-19da074f548b" testName="CleanVersion_ShouldRemoveBuildNumber" computerName="QUICK-MINDS" duration="00:00:00.0002860" startTime="2025-06-25T12:18:24.8049367+02:00" endTime="2025-06-25T12:18:24.8052227+02:00" testType="13cdc9d9-ddb5-4fa4-a97d-d965ccfc6d4b" outcome="Passed" testListId="8c84fa94-04c1-424b-9868-57a2d4851a1d" relativeResultsDirectory="94b425ff-305e-426c-bfc2-24ba31e05537" />
    <UnitTestResult executionId="5f08fb9d-abdb-4290-8108-bae997e22615" testId="aa1beba6-b3dc-e13c-f2e5-a09c734f932d" testName="AddHostname_ShouldAddHostnameToDictionary" computerName="QUICK-MINDS" duration="00:00:00.0086350" startTime="2025-06-25T12:18:20.3604380+02:00" endTime="2025-06-25T12:18:20.3690726+02:00" testType="13cdc9d9-ddb5-4fa4-a97d-d965ccfc6d4b" outcome="Passed" testListId="8c84fa94-04c1-424b-9868-57a2d4851a1d" relativeResultsDirectory="5f08fb9d-abdb-4290-8108-bae997e22615" />
    <UnitTestResult executionId="5b942e7e-d5cf-4584-ae8e-1a598565cb04" testId="5a04f65b-3f72-fb1e-7262-4ffb53c2468a" testName="MatchRoute_EdgeCases_ShouldReturnExpectedResult(&quot;/api/RESOURCE&quot;,&quot;/api/resource&quot;,True)" computerName="QUICK-MINDS" duration="00:00:00.0000050" startTime="2025-06-25T12:18:32.1069314+02:00" endTime="2025-06-25T12:18:32.1069361+02:00" testType="13cdc9d9-ddb5-4fa4-a97d-d965ccfc6d4b" outcome="Passed" testListId="8c84fa94-04c1-424b-9868-57a2d4851a1d" relativeResultsDirectory="5b942e7e-d5cf-4584-ae8e-1a598565cb04" />
    <UnitTestResult executionId="1af3a42b-cefc-4f5b-a93e-f3095655cd69" testId="47667014-5abc-f267-52e0-92fba80a3dd7" testName="GetBodyDataType_WithJsonContentType_ReturnsJson" computerName="QUICK-MINDS" duration="00:00:00.0000240" startTime="2025-06-25T12:18:24.8131385+02:00" endTime="2025-06-25T12:18:24.8131623+02:00" testType="13cdc9d9-ddb5-4fa4-a97d-d965ccfc6d4b" outcome="Passed" testListId="8c84fa94-04c1-424b-9868-57a2d4851a1d" relativeResultsDirectory="1af3a42b-cefc-4f5b-a93e-f3095655cd69" />
    <UnitTestResult executionId="c8b29de7-816e-4461-bbe3-7c3b1bc80128" testId="a40c4b1b-f2c2-daa9-81f2-c895d93515d3" testName="Test_INJECTION: Dangerous command sleep 10 &amp;" computerName="QUICK-MINDS" duration="00:00:00.0000020" startTime="2025-06-25T12:18:34.0295676+02:00" endTime="2025-06-25T12:18:34.0295697+02:00" testType="13cdc9d9-ddb5-4fa4-a97d-d965ccfc6d4b" outcome="Passed" testListId="8c84fa94-04c1-424b-9868-57a2d4851a1d" relativeResultsDirectory="c8b29de7-816e-4461-bbe3-7c3b1bc80128" />
    <UnitTestResult executionId="326498cc-8bed-49e3-9ad7-799fe93f8723" testId="95020f86-9e26-5d68-56c6-b47aabb54c1c" testName="Test_INJECTION: Dangerous command kill" computerName="QUICK-MINDS" duration="00:00:00.0000030" startTime="2025-06-25T12:18:34.0296119+02:00" endTime="2025-06-25T12:18:34.0296149+02:00" testType="13cdc9d9-ddb5-4fa4-a97d-d965ccfc6d4b" outcome="Passed" testListId="8c84fa94-04c1-424b-9868-57a2d4851a1d" relativeResultsDirectory="326498cc-8bed-49e3-9ad7-799fe93f8723" />
    <UnitTestResult executionId="db753234-61b7-40d6-9393-d44cc1fffcd8" testId="0a1d008e-9473-486b-802a-0e28037f3a2e" testName="DetectSQLInjection_WithEmptyContext_ShouldReturnFalse" computerName="QUICK-MINDS" duration="00:00:00.0024760" startTime="2025-06-25T12:18:32.3503925+02:00" endTime="2025-06-25T12:18:32.3528686+02:00" testType="13cdc9d9-ddb5-4fa4-a97d-d965ccfc6d4b" outcome="Passed" testListId="8c84fa94-04c1-424b-9868-57a2d4851a1d" relativeResultsDirectory="db753234-61b7-40d6-9393-d44cc1fffcd8" />
    <UnitTestResult executionId="e3d377bf-72c3-424c-99bc-52ec2783d000" testId="87b2fe0c-5648-6414-9604-393b17d1e74f" testName="LooksLikeASecret_OnlyNumbers_ReturnsFalse(&quot;1234567890&quot;)" computerName="QUICK-MINDS" duration="00:00:00.0000349" startTime="2025-06-25T12:18:32.1428163+02:00" endTime="2025-06-25T12:18:32.1428513+02:00" testType="13cdc9d9-ddb5-4fa4-a97d-d965ccfc6d4b" outcome="Passed" testListId="8c84fa94-04c1-424b-9868-57a2d4851a1d" relativeResultsDirectory="e3d377bf-72c3-424c-99bc-52ec2783d000" />
    <UnitTestResult executionId="5cf009d3-8427-4603-9633-44f4df86953d" testId="14c937ee-0c28-b812-e7e0-f0b77d43aae1" testName="IsRouteParameter_ShouldReturnExpectedResult(&quot;parameter}&quot;,False)" computerName="QUICK-MINDS" duration="00:00:00.0000710" startTime="2025-06-25T12:18:32.1023809+02:00" endTime="2025-06-25T12:18:32.1024528+02:00" testType="13cdc9d9-ddb5-4fa4-a97d-d965ccfc6d4b" outcome="Passed" testListId="8c84fa94-04c1-424b-9868-57a2d4851a1d" relativeResultsDirectory="5cf009d3-8427-4603-9633-44f4df86953d" />
    <UnitTestResult executionId="5fc2309b-6693-440f-89d3-72c7d6f3a343" testId="939b57cf-1563-058a-da8c-b9e6e05aec69" testName="GetDataSchema_WithNestedObjects_ReturnsCorrectSchema" computerName="QUICK-MINDS" duration="00:00:00.0001780" startTime="2025-06-25T12:18:24.8895843+02:00" endTime="2025-06-25T12:18:24.8897622+02:00" testType="13cdc9d9-ddb5-4fa4-a97d-d965ccfc6d4b" outcome="Passed" testListId="8c84fa94-04c1-424b-9868-57a2d4851a1d" relativeResultsDirectory="5fc2309b-6693-440f-89d3-72c7d6f3a343" />
    <UnitTestResult executionId="2229485d-c4db-4d63-aae8-dbfe3cb2461c" testId="8d10d964-5e1b-f33d-687f-4060d1418afc" testName="Dispose_CancelsBackgroundTaskAndDisposesResources" computerName="QUICK-MINDS" duration="00:00:00.0027670" startTime="2025-06-25T12:18:21.1389534+02:00" endTime="2025-06-25T12:18:21.1417201+02:00" testType="13cdc9d9-ddb5-4fa4-a97d-d965ccfc6d4b" outcome="Passed" testListId="8c84fa94-04c1-424b-9868-57a2d4851a1d" relativeResultsDirectory="2229485d-c4db-4d63-aae8-dbfe3cb2461c" />
    <UnitTestResult executionId="9d805904-9f31-48e7-a868-2dfcdfff60ef" testId="d75e83e9-258e-2286-7a15-5a75ab1246f4" testName="GetInfo_NotServerless_WhenNoServerlessEnvironmentVariables" computerName="QUICK-MINDS" duration="00:00:00.0036390" startTime="2025-06-25T12:18:24.8054334+02:00" endTime="2025-06-25T12:18:24.8090721+02:00" testType="13cdc9d9-ddb5-4fa4-a97d-d965ccfc6d4b" outcome="Passed" testListId="8c84fa94-04c1-424b-9868-57a2d4851a1d" relativeResultsDirectory="9d805904-9f31-48e7-a868-2dfcdfff60ef" />
    <UnitTestResult executionId="94341abf-1c4d-4ea7-aee6-5062123604d0" testId="b32ff363-5a2a-b557-866a-fc4e728fe333" testName="Test_INJECTION: Subshell execution within backticks inside double quotes" computerName="QUICK-MINDS" duration="00:00:00.0000030" startTime="2025-06-25T12:18:34.0292983+02:00" endTime="2025-06-25T12:18:34.0293008+02:00" testType="13cdc9d9-ddb5-4fa4-a97d-d965ccfc6d4b" outcome="Passed" testListId="8c84fa94-04c1-424b-9868-57a2d4851a1d" relativeResultsDirectory="94341abf-1c4d-4ea7-aee6-5062123604d0" />
    <UnitTestResult executionId="f6afbc18-c027-433b-b808-0d3c19579bb5" testId="7dd4d8da-2c16-a843-db58-12db81db51ba" testName="HasExactMatch_WithNoMatch_ShouldReturnFalse" computerName="QUICK-MINDS" duration="00:00:00.0001410" startTime="2025-06-25T12:18:32.1013500+02:00" endTime="2025-06-25T12:18:32.1014905+02:00" testType="13cdc9d9-ddb5-4fa4-a97d-d965ccfc6d4b" outcome="Passed" testListId="8c84fa94-04c1-424b-9868-57a2d4851a1d" relativeResultsDirectory="f6afbc18-c027-433b-b808-0d3c19579bb5" />
    <UnitTestResult executionId="d40f0099-262e-4853-8e3f-bbfa7b19c317" testId="a2a0f859-2a11-5f64-7344-94a73daee1f0" testName="IsUserBlocked_WithBlockedUser_ReturnsTrue" computerName="QUICK-MINDS" duration="00:00:00.0000610" startTime="2025-06-25T12:18:20.3464866+02:00" endTime="2025-06-25T12:18:20.3465475+02:00" testType="13cdc9d9-ddb5-4fa4-a97d-d965ccfc6d4b" outcome="Passed" testListId="8c84fa94-04c1-424b-9868-57a2d4851a1d" relativeResultsDirectory="d40f0099-262e-4853-8e3f-bbfa7b19c317" />
    <UnitTestResult executionId="d29245aa-c8f9-4fb2-8c38-6eb4fbf9e16b" testId="69e69e5e-b0eb-d1be-4f7a-7fbce017608b" testName="Test_Generic_ATTACK: Basic OR condition with comment" computerName="QUICK-MINDS" duration="00:00:00.0002950" startTime="2025-06-25T12:18:34.0392724+02:00" endTime="2025-06-25T12:18:34.0395672+02:00" testType="13cdc9d9-ddb5-4fa4-a97d-d965ccfc6d4b" outcome="Passed" testListId="8c84fa94-04c1-424b-9868-57a2d4851a1d" relativeResultsDirectory="d29245aa-c8f9-4fb2-8c38-6eb4fbf9e16b" />
    <UnitTestResult executionId="43babf08-431e-4738-a1db-f68a94aed282" testId="97cb9d39-a86c-1bfc-5a39-1659e9873909" testName="ForceCompress_DoesNothing_WhenNoDurations" computerName="QUICK-MINDS" duration="00:00:00.0002150" startTime="2025-06-25T12:18:34.0716958+02:00" endTime="2025-06-25T12:18:34.0719106+02:00" testType="13cdc9d9-ddb5-4fa4-a97d-d965ccfc6d4b" outcome="Passed" testListId="8c84fa94-04c1-424b-9868-57a2d4851a1d" relativeResultsDirectory="43babf08-431e-4738-a1db-f68a94aed282" />
    <UnitTestResult executionId="84f4d288-9e46-4076-85f3-80216a71e922" testId="73250ec6-ba75-ff12-4e7b-19ad66b465ec" testName="Test_7_ATTACK: Microsoft SQL injection with multiple values" computerName="QUICK-MINDS" duration="00:00:00.0000749" startTime="2025-06-25T12:18:34.0404080+02:00" endTime="2025-06-25T12:18:34.0404829+02:00" testType="13cdc9d9-ddb5-4fa4-a97d-d965ccfc6d4b" outcome="Passed" testListId="8c84fa94-04c1-424b-9868-57a2d4851a1d" relativeResultsDirectory="84f4d288-9e46-4076-85f3-80216a71e922" />
    <UnitTestResult executionId="2e8b15e3-24e4-4ea6-b83e-1d80561d06d4" testId="065a6b5f-63a7-260e-ed2c-fcf7d4ae3bd6" testName="GetDataSchema_WithMaxDepth_StopsAtLimit" computerName="QUICK-MINDS" duration="00:00:00.0027180" startTime="2025-06-25T12:18:24.8866200+02:00" endTime="2025-06-25T12:18:24.8893378+02:00" testType="13cdc9d9-ddb5-4fa4-a97d-d965ccfc6d4b" outcome="Passed" testListId="8c84fa94-04c1-424b-9868-57a2d4851a1d" relativeResultsDirectory="2e8b15e3-24e4-4ea6-b83e-1d80561d06d4" />
    <UnitTestResult executionId="ff0ef344-97cc-4bf1-b655-72e42adec181" testId="4eaac773-8eed-2773-9c43-8a194fe26ca9" testName="Contains_ShouldReturnExpectedResult(&quot;hello world&quot;,&quot;hello world&quot;,True)" computerName="QUICK-MINDS" duration="00:00:00.0000040" startTime="2025-06-25T12:18:32.3583209+02:00" endTime="2025-06-25T12:18:32.3583247+02:00" testType="13cdc9d9-ddb5-4fa4-a97d-d965ccfc6d4b" outcome="Passed" testListId="8c84fa94-04c1-424b-9868-57a2d4851a1d" relativeResultsDirectory="ff0ef344-97cc-4bf1-b655-72e42adec181" />
    <UnitTestResult executionId="29b5f11a-c3d3-4552-a1dd-0d75666142bc" testId="55a34eb6-3b6e-4420-2ac4-57e657bebd80" testName="GetApiInfo_WithJsonBody_ReturnsCorrectSpec" computerName="QUICK-MINDS" duration="00:00:00.0030090" startTime="2025-06-25T12:18:24.8747312+02:00" endTime="2025-06-25T12:18:24.8777398+02:00" testType="13cdc9d9-ddb5-4fa4-a97d-d965ccfc6d4b" outcome="Passed" testListId="8c84fa94-04c1-424b-9868-57a2d4851a1d" relativeResultsDirectory="29b5f11a-c3d3-4552-a1dd-0d75666142bc" />
    <UnitTestResult executionId="15b3825b-3452-4564-988b-ea189c1d4cbd" testId="6fb350c5-32e1-58df-7bd3-badbbdd5cd16" testName="GetStringFormat_WithUriString_ReturnsUriFormat" computerName="QUICK-MINDS" duration="00:00:00.0000910" startTime="2025-06-25T12:18:32.3572461+02:00" endTime="2025-06-25T12:18:32.3573370+02:00" testType="13cdc9d9-ddb5-4fa4-a97d-d965ccfc6d4b" outcome="Passed" testListId="8c84fa94-04c1-424b-9868-57a2d4851a1d" relativeResultsDirectory="15b3825b-3452-4564-988b-ea189c1d4cbd" />
    <UnitTestResult executionId="fbb1fe5f-789b-4a6d-81f0-7137a1ebc7b5" testId="f3835b35-a8d0-029c-a82e-213927c0fdb7" testName="Test_INJECTION: Append redirection to sensitive file" computerName="QUICK-MINDS" duration="00:00:00.0000030" startTime="2025-06-25T12:18:34.0292588+02:00" endTime="2025-06-25T12:18:34.0292613+02:00" testType="13cdc9d9-ddb5-4fa4-a97d-d965ccfc6d4b" outcome="Passed" testListId="8c84fa94-04c1-424b-9868-57a2d4851a1d" relativeResultsDirectory="fbb1fe5f-789b-4a6d-81f0-7137a1ebc7b5" />
    <UnitTestResult executionId="7d63e431-9ef0-4c77-b3d7-70956120850b" testId="9f634fc6-3746-4f80-7eed-246fb192504f" testName="LooksLikeASecret_ShortStrings_ReturnsFalse(&quot;c&quot;)" computerName="QUICK-MINDS" duration="00:00:00.0000320" startTime="2025-06-25T12:18:32.1429336+02:00" endTime="2025-06-25T12:18:32.1429659+02:00" testType="13cdc9d9-ddb5-4fa4-a97d-d965ccfc6d4b" outcome="Passed" testListId="8c84fa94-04c1-424b-9868-57a2d4851a1d" relativeResultsDirectory="7d63e431-9ef0-4c77-b3d7-70956120850b" />
    <UnitTestResult executionId="5de9cd7c-ff5f-43b0-801b-2c7e144624f9" testId="ba27c403-da9d-4cc9-08cd-2046ce71239c" testName="IsIPBlocked_WithInvalidIP_ShouldReturnFalse" computerName="QUICK-MINDS" duration="00:00:00.0000790" startTime="2025-06-25T12:18:24.5507064+02:00" endTime="2025-06-25T12:18:24.5507857+02:00" testType="13cdc9d9-ddb5-4fa4-a97d-d965ccfc6d4b" outcome="Passed" testListId="8c84fa94-04c1-424b-9868-57a2d4851a1d" relativeResultsDirectory="5de9cd7c-ff5f-43b0-801b-2c7e144624f9" />
    <UnitTestResult executionId="f2edd3a4-9b13-46ac-a5f0-91da592f0b1b" testId="b0288b10-ad18-a2a4-6f1a-8210337c7e9a" testName="IsIPAllowed_WithEmptyAllowedIpAddresses_ShouldAllowIP" computerName="QUICK-MINDS" duration="00:00:00.0002450" startTime="2025-06-25T12:18:24.5501686+02:00" endTime="2025-06-25T12:18:24.5504128+02:00" testType="13cdc9d9-ddb5-4fa4-a97d-d965ccfc6d4b" outcome="Passed" testListId="8c84fa94-04c1-424b-9868-57a2d4851a1d" relativeResultsDirectory="f2edd3a4-9b13-46ac-a5f0-91da592f0b1b" />
    <UnitTestResult executionId="b158130a-ae23-4264-9b94-8742cfbf6120" testId="7133f6bc-d05d-6ad4-648c-1d3b34ac544f" testName="GetDialect_ShouldReturnCorrectDialect(&quot;System.Data.SqlClient&quot;,MicrosoftSQL)" computerName="QUICK-MINDS" duration="00:00:00.0037140" startTime="2025-06-25T12:18:34.0299074+02:00" endTime="2025-06-25T12:18:34.0336212+02:00" testType="13cdc9d9-ddb5-4fa4-a97d-d965ccfc6d4b" outcome="Passed" testListId="8c84fa94-04c1-424b-9868-57a2d4851a1d" relativeResultsDirectory="b158130a-ae23-4264-9b94-8742cfbf6120" />
    <UnitTestResult executionId="776b9b4f-4a71-4b6c-a9a2-9267cea02285" testId="7b7ebcee-1852-9e60-7013-44050d4f6487" testName="GetStringFormat_WithValidUuid_ReturnsUuidFormat" computerName="QUICK-MINDS" duration="00:00:00.0000320" startTime="2025-06-25T12:18:32.3575682+02:00" endTime="2025-06-25T12:18:32.3576004+02:00" testType="13cdc9d9-ddb5-4fa4-a97d-d965ccfc6d4b" outcome="Passed" testListId="8c84fa94-04c1-424b-9868-57a2d4851a1d" relativeResultsDirectory="776b9b4f-4a71-4b6c-a9a2-9267cea02285" />
    <UnitTestResult executionId="8ff60a4a-b062-4daf-ac3f-717a1cd4ddf1" testId="aa6c050f-565e-5b51-d8fe-02eb7c1dc38e" testName="GetStringFormat_WithValidDate_ReturnsDateFormat" computerName="QUICK-MINDS" duration="00:00:00.0000330" startTime="2025-06-25T12:18:32.3574013+02:00" endTime="2025-06-25T12:18:32.3574340+02:00" testType="13cdc9d9-ddb5-4fa4-a97d-d965ccfc6d4b" outcome="Passed" testListId="8c84fa94-04c1-424b-9868-57a2d4851a1d" relativeResultsDirectory="8ff60a4a-b062-4daf-ac3f-717a1cd4ddf1" />
    <UnitTestResult executionId="c8a12815-a9d8-4d2d-b02d-0af83c3a5202" testId="a8deda30-ecbb-b206-95a4-005c3efc23f0" testName="Constructor_CreatesValidInstance" computerName="QUICK-MINDS" duration="00:00:00.0001060" startTime="2025-06-25T12:18:24.8034969+02:00" endTime="2025-06-25T12:18:24.8036032+02:00" testType="13cdc9d9-ddb5-4fa4-a97d-d965ccfc6d4b" outcome="Passed" testListId="8c84fa94-04c1-424b-9868-57a2d4851a1d" relativeResultsDirectory="c8a12815-a9d8-4d2d-b02d-0af83c3a5202" />
    <UnitTestResult executionId="dc900fdc-6d91-46cb-8221-5c9378172228" testId="28eafb85-8b9f-20e1-5f0b-320f1aaa7fd7" testName="ScheduleEvent_OverloadWithEventAndInterval_ThrowsOnInvalidParams" computerName="QUICK-MINDS" duration="00:00:00.0010800" startTime="2025-06-25T12:18:23.2456266+02:00" endTime="2025-06-25T12:18:23.2467061+02:00" testType="13cdc9d9-ddb5-4fa4-a97d-d965ccfc6d4b" outcome="Passed" testListId="8c84fa94-04c1-424b-9868-57a2d4851a1d" relativeResultsDirectory="dc900fdc-6d91-46cb-8221-5c9378172228" />
    <UnitTestResult executionId="e4ac33c5-a5ea-42e5-85fd-5967c754374f" testId="c5c6a630-e784-6a46-3902-916e81757b3a" testName="EndpointMatching_WithMultipleMatches_ShouldUseMostSpecificMatch" computerName="QUICK-MINDS" duration="00:00:00.0004670" startTime="2025-06-25T12:18:24.5389762+02:00" endTime="2025-06-25T12:18:24.5394427+02:00" testType="13cdc9d9-ddb5-4fa4-a97d-d965ccfc6d4b" outcome="Passed" testListId="8c84fa94-04c1-424b-9868-57a2d4851a1d" relativeResultsDirectory="e4ac33c5-a5ea-42e5-85fd-5967c754374f" />
    <UnitTestResult executionId="c99c7867-810a-458b-83a8-288045a233bc" testId="61b679e0-d936-ea28-72eb-76dd5ab066b9" testName="MatchRoute_ShouldReturnExpectedResult(&quot;path/to/file.txt&quot;,&quot;path/to/file.txt&quot;,True)" computerName="QUICK-MINDS" duration="00:00:00.0000050" startTime="2025-06-25T12:18:32.1074110+02:00" endTime="2025-06-25T12:18:32.1074158+02:00" testType="13cdc9d9-ddb5-4fa4-a97d-d965ccfc6d4b" outcome="Passed" testListId="8c84fa94-04c1-424b-9868-57a2d4851a1d" relativeResultsDirectory="c99c7867-810a-458b-83a8-288045a233bc" />
    <UnitTestResult executionId="21d84078-5c3d-4b4d-be25-4e60f0488076" testId="edf8b68e-ecda-92c0-b48e-ddc973a3e86c" testName="AikidoRealtimeUrl_ShouldReturnExpectedValue_WhenEnvironmentVariableIsSet" computerName="QUICK-MINDS" duration="00:00:00.0000380" startTime="2025-06-25T12:18:24.8900255+02:00" endTime="2025-06-25T12:18:24.8900632+02:00" testType="13cdc9d9-ddb5-4fa4-a97d-d965ccfc6d4b" outcome="Passed" testListId="8c84fa94-04c1-424b-9868-57a2d4851a1d" relativeResultsDirectory="21d84078-5c3d-4b4d-be25-4e60f0488076" />
    <UnitTestResult executionId="7c1ae30a-9900-4687-ae5d-754ed6a5c70a" testId="2191545e-2b30-04cc-eded-b709db474267" testName="IsEmpty_ShouldBeTrue_ForNewStats" computerName="QUICK-MINDS" duration="00:00:00.0000960" startTime="2025-06-25T12:18:34.0726089+02:00" endTime="2025-06-25T12:18:34.0727046+02:00" testType="13cdc9d9-ddb5-4fa4-a97d-d965ccfc6d4b" outcome="Passed" testListId="8c84fa94-04c1-424b-9868-57a2d4851a1d" relativeResultsDirectory="7c1ae30a-9900-4687-ae5d-754ed6a5c70a" />
    <UnitTestResult executionId="d189be39-143d-4c68-aaa5-e59b89c85759" testId="636e611e-6448-17cc-d8a5-d4a6412931d2" testName="OnProcessStart_WithShellInjection_ThrowsException" computerName="QUICK-MINDS" duration="00:00:00.0051840" startTime="2025-06-25T12:18:33.7800152+02:00" endTime="2025-06-25T12:18:33.7851987+02:00" testType="13cdc9d9-ddb5-4fa4-a97d-d965ccfc6d4b" outcome="Passed" testListId="8c84fa94-04c1-424b-9868-57a2d4851a1d" relativeResultsDirectory="d189be39-143d-4c68-aaa5-e59b89c85759">
      <Output>
        <StdOut>AIKIDO: Attack detected: ShellInjection in Body Process.Start, blocked: True</StdOut>
      </Output>
    </UnitTestResult>
    <UnitTestResult executionId="da051659-b9da-4e3c-83a6-23ab447076eb" testId="69d44bf0-dd6f-4894-5642-58bce8f9722f" testName="ShouldHandleSlidingWindowWithIntermittentRequests" computerName="QUICK-MINDS" duration="00:00:01.5952240" startTime="2025-06-25T12:18:29.4266777+02:00" endTime="2025-06-25T12:18:31.0219015+02:00" testType="13cdc9d9-ddb5-4fa4-a97d-d965ccfc6d4b" outcome="Passed" testListId="8c84fa94-04c1-424b-9868-57a2d4851a1d" relativeResultsDirectory="da051659-b9da-4e3c-83a6-23ab447076eb" />
    <UnitTestResult executionId="6b2d3e02-7ac6-4638-bff9-a4e91386675c" testId="129cf8f1-e5ca-307a-fc16-3c9077b8115d" testName="TryGetValue_NonExistentKey_ShouldReturnFalse" computerName="QUICK-MINDS" duration="00:00:00.0003379" startTime="2025-06-25T12:18:33.0469374+02:00" endTime="2025-06-25T12:18:33.0472752+02:00" testType="13cdc9d9-ddb5-4fa4-a97d-d965ccfc6d4b" outcome="Passed" testListId="8c84fa94-04c1-424b-9868-57a2d4851a1d" relativeResultsDirectory="6b2d3e02-7ac6-4638-bff9-a4e91386675c" />
    <UnitTestResult executionId="5f78d2ec-ca95-47ea-a5ea-bf1388a987a5" testId="90d1d6d3-ea65-557e-8624-5235ee6c4f3a" testName="ShouldAddRoute_ShouldReturnExpectedResult(&quot;Some.DotNet.Project.Cms/login.aspx&quot;,&quot;GET&quot;,200,True)" computerName="QUICK-MINDS" duration="00:00:00.0000040" startTime="2025-06-25T12:18:32.1121820+02:00" endTime="2025-06-25T12:18:32.1121860+02:00" testType="13cdc9d9-ddb5-4fa4-a97d-d965ccfc6d4b" outcome="Passed" testListId="8c84fa94-04c1-424b-9868-57a2d4851a1d" relativeResultsDirectory="5f78d2ec-ca95-47ea-a5ea-bf1388a987a5" />
    <UnitTestResult executionId="cc645099-6cd9-4f09-b43b-c7aea6e287f1" testId="23b9fe8d-293f-ebe4-7b11-556ce352e7cd" testName="ShouldAddRoute_ShouldReturnExpectedResult(&quot;/.well-known&quot;,&quot;GET&quot;,200,True)" computerName="QUICK-MINDS" duration="00:00:00.0000170" startTime="2025-06-25T12:18:32.1119357+02:00" endTime="2025-06-25T12:18:32.1119532+02:00" testType="13cdc9d9-ddb5-4fa4-a97d-d965ccfc6d4b" outcome="Passed" testListId="8c84fa94-04c1-424b-9868-57a2d4851a1d" relativeResultsDirectory="cc645099-6cd9-4f09-b43b-c7aea6e287f1" />
    <UnitTestResult executionId="0ff527ac-24ce-417c-ae4c-257475a795f9" testId="51c89e9f-47a8-05ef-5777-9e09f2ddfc7c" testName="ProcessSingleEvent_OnException_RequeuesEventAndDelays" computerName="QUICK-MINDS" duration="00:00:00.5103640" startTime="2025-06-25T12:18:21.1417677+02:00" endTime="2025-06-25T12:18:21.6521319+02:00" testType="13cdc9d9-ddb5-4fa4-a97d-d965ccfc6d4b" outcome="Passed" testListId="8c84fa94-04c1-424b-9868-57a2d4851a1d" relativeResultsDirectory="0ff527ac-24ce-417c-ae4c-257475a795f9" />
    <UnitTestResult executionId="0a16f930-88bc-4679-a95b-fd999e31e8b2" testId="6f356bed-719f-a0bf-d541-ac6ce715d8ef" testName="GetStringFormat_WithValidEmail_ReturnsEmailFormat" computerName="QUICK-MINDS" duration="00:00:00.0000550" startTime="2025-06-25T12:18:32.3575111+02:00" endTime="2025-06-25T12:18:32.3575658+02:00" testType="13cdc9d9-ddb5-4fa4-a97d-d965ccfc6d4b" outcome="Passed" testListId="8c84fa94-04c1-424b-9868-57a2d4851a1d" relativeResultsDirectory="0a16f930-88bc-4679-a95b-fd999e31e8b2" />
    <UnitTestResult executionId="eca500b3-6ec0-403b-be85-6be21692da98" testId="6ecc7aae-5736-066f-ceec-ba8280fc9cc2" testName="ConcurrentAccess_ToEndpoints_ShouldBeThreadSafe" computerName="QUICK-MINDS" duration="00:00:00.0033170" startTime="2025-06-25T12:18:24.7556835+02:00" endTime="2025-06-25T12:18:24.7589998+02:00" testType="13cdc9d9-ddb5-4fa4-a97d-d965ccfc6d4b" outcome="Passed" testListId="8c84fa94-04c1-424b-9868-57a2d4851a1d" relativeResultsDirectory="eca500b3-6ec0-403b-be85-6be21692da98" />
    <UnitTestResult executionId="75ad4efa-ed96-4ab9-8dcd-4dd669ea64e3" testId="ddafde8e-e30d-b21f-46d6-678a7aaadfa4" testName="Test_Generic_ATTACK: SQL injection with comment" computerName="QUICK-MINDS" duration="00:00:00.0000490" startTime="2025-06-25T12:18:34.0402923+02:00" endTime="2025-06-25T12:18:34.0403413+02:00" testType="13cdc9d9-ddb5-4fa4-a97d-d965ccfc6d4b" outcome="Passed" testListId="8c84fa94-04c1-424b-9868-57a2d4851a1d" relativeResultsDirectory="75ad4efa-ed96-4ab9-8dcd-4dd669ea64e3" />
    <UnitTestResult executionId="3511f2b5-6c1f-49f0-bb6c-10d689f8009f" testId="295f4431-83c4-6203-e6ce-033892c966a7" testName="IsBlocked_ShouldReturnTrue_WhenUserIsBlocked" computerName="QUICK-MINDS" duration="00:00:00.0000830" startTime="2025-06-25T12:18:20.3997601+02:00" endTime="2025-06-25T12:18:20.3998433+02:00" testType="13cdc9d9-ddb5-4fa4-a97d-d965ccfc6d4b" outcome="Passed" testListId="8c84fa94-04c1-424b-9868-57a2d4851a1d" relativeResultsDirectory="3511f2b5-6c1f-49f0-bb6c-10d689f8009f" />
    <UnitTestResult executionId="1c7a7d6c-2d30-4f01-8268-c5b1e17e8e97" testId="951e2117-ba93-d330-6fde-00728562d0fa" testName="InsertRange_ShouldHandleMultipleRanges" computerName="QUICK-MINDS" duration="00:00:00.0002120" startTime="2025-06-25T12:18:32.6169913+02:00" endTime="2025-06-25T12:18:32.6172033+02:00" testType="13cdc9d9-ddb5-4fa4-a97d-d965ccfc6d4b" outcome="Passed" testListId="8c84fa94-04c1-424b-9868-57a2d4851a1d" relativeResultsDirectory="1c7a7d6c-2d30-4f01-8268-c5b1e17e8e97" />
    <UnitTestResult executionId="ae152d4f-a49b-4900-956b-2067a93089e0" testId="a5b9bd49-ebc4-a9c4-f1b0-3258cf770c52" testName="GetMethodFromAssembly_InvalidMethod_ReturnsNull" computerName="QUICK-MINDS" duration="00:00:00.0004620" startTime="2025-06-25T12:18:32.0983236+02:00" endTime="2025-06-25T12:18:32.0987855+02:00" testType="13cdc9d9-ddb5-4fa4-a97d-d965ccfc6d4b" outcome="Passed" testListId="8c84fa94-04c1-424b-9868-57a2d4851a1d" relativeResultsDirectory="ae152d4f-a49b-4900-956b-2067a93089e0" />
    <UnitTestResult executionId="38c7db92-0096-41ce-bf2e-5c257057a4a0" testId="8694fb16-4c85-5e15-f39b-e0bfc35bda92" testName="OnFileOperation_MultiplePathsOneUnsafe_ThrowsExceptionWhenBlocking" computerName="QUICK-MINDS" duration="00:00:00.0003340" startTime="2025-06-25T12:18:32.6152601+02:00" endTime="2025-06-25T12:18:32.6155944+02:00" testType="13cdc9d9-ddb5-4fa4-a97d-d965ccfc6d4b" outcome="Passed" testListId="8c84fa94-04c1-424b-9868-57a2d4851a1d" relativeResultsDirectory="38c7db92-0096-41ce-bf2e-5c257057a4a0">
      <Output>
        <StdOut>AIKIDO: Attack detected: PathTraversal in Body File.Copy, blocked: True</StdOut>
      </Output>
    </UnitTestResult>
    <UnitTestResult executionId="e4d5a195-b3d4-433d-b0d3-9af707ef324f" testId="a2291ab2-166f-5a9c-4f0e-9d0066f84512" testName="GetDataSchema_WithComplexObject_ReturnsCorrectSchema" computerName="QUICK-MINDS" duration="00:00:00.0001600" startTime="2025-06-25T12:18:24.8828337+02:00" endTime="2025-06-25T12:18:24.8829935+02:00" testType="13cdc9d9-ddb5-4fa4-a97d-d965ccfc6d4b" outcome="Passed" testListId="8c84fa94-04c1-424b-9868-57a2d4851a1d" relativeResultsDirectory="e4d5a195-b3d4-433d-b0d3-9af707ef324f" />
    <UnitTestResult executionId="0ff58e52-4fcd-46fa-9a06-cab2432a1007" testId="a04a2dd6-8031-7332-61fb-3a4ff0366601" testName="MatchRoute_ShouldReturnExpectedResult(&quot;/API/{ID}/DETAILS/{SUBID}&quot;,&quot;/api/123/details/456&quot;,True)" computerName="QUICK-MINDS" duration="00:00:00.0000040" startTime="2025-06-25T12:18:32.1073872+02:00" endTime="2025-06-25T12:18:32.1073916+02:00" testType="13cdc9d9-ddb5-4fa4-a97d-d965ccfc6d4b" outcome="Passed" testListId="8c84fa94-04c1-424b-9868-57a2d4851a1d" relativeResultsDirectory="0ff58e52-4fcd-46fa-9a06-cab2432a1007" />
    <UnitTestResult executionId="08fb5404-d4f9-4ee5-a991-594ca5377375" testId="8aa02d72-78d3-ab6c-c7ed-37c1829c1891" testName="Set_UpdateExistingKeyWithTTL_ShouldResetExpiration" computerName="QUICK-MINDS" duration="00:00:00.2590030" startTime="2025-06-25T12:18:32.6275160+02:00" endTime="2025-06-25T12:18:32.8865186+02:00" testType="13cdc9d9-ddb5-4fa4-a97d-d965ccfc6d4b" outcome="Passed" testListId="8c84fa94-04c1-424b-9868-57a2d4851a1d" relativeResultsDirectory="08fb5404-d4f9-4ee5-a991-594ca5377375" />
    <UnitTestResult executionId="7cf20164-7d37-4087-9060-16cc3d3eb6b9" testId="2109b7d7-ad29-57d9-2e89-d096205acc51" testName="IsBlocked_ShouldCheckAllBlockingConditions" computerName="QUICK-MINDS" duration="00:00:00.0072390" startTime="2025-06-25T12:18:20.3921814+02:00" endTime="2025-06-25T12:18:20.3994195+02:00" testType="13cdc9d9-ddb5-4fa4-a97d-d965ccfc6d4b" outcome="Passed" testListId="8c84fa94-04c1-424b-9868-57a2d4851a1d" relativeResultsDirectory="7cf20164-7d37-4087-9060-16cc3d3eb6b9" />
    <UnitTestResult executionId="f8d054da-4d51-48b9-b5b2-5f5cc5786cb6" testId="4b3f9805-03d4-e490-295a-e2e303b52599" testName="GetStringFormat_WithDateTimeString_ReturnsDateTimeFormat" computerName="QUICK-MINDS" duration="00:00:00.0006480" startTime="2025-06-25T12:18:32.3554169+02:00" endTime="2025-06-25T12:18:32.3560652+02:00" testType="13cdc9d9-ddb5-4fa4-a97d-d965ccfc6d4b" outcome="Passed" testListId="8c84fa94-04c1-424b-9868-57a2d4851a1d" relativeResultsDirectory="f8d054da-4d51-48b9-b5b2-5f5cc5786cb6" />
    <UnitTestResult executionId="0692e688-15d8-496f-9020-a55fff47b912" testId="cfc6bec3-0f68-0c15-e1bf-9fad46d7cd5e" testName="Test_INJECTION: Unsafe use of variable with braces" computerName="QUICK-MINDS" duration="00:00:00.0000020" startTime="2025-06-25T12:18:34.0292854+02:00" endTime="2025-06-25T12:18:34.0292878+02:00" testType="13cdc9d9-ddb5-4fa4-a97d-d965ccfc6d4b" outcome="Passed" testListId="8c84fa94-04c1-424b-9868-57a2d4851a1d" relativeResultsDirectory="0692e688-15d8-496f-9020-a55fff47b912" />
    <UnitTestResult executionId="9fd9a202-ed41-44de-a9f8-9813a8c71596" testId="577119be-6e81-15d4-74ef-fb3a095dbf1f" testName="Constructor_WithNegativeBatchTimeout_ThrowsArgumentException" computerName="QUICK-MINDS" duration="00:00:00.0027880" startTime="2025-06-25T12:18:21.1348358+02:00" endTime="2025-06-25T12:18:21.1376239+02:00" testType="13cdc9d9-ddb5-4fa4-a97d-d965ccfc6d4b" outcome="Passed" testListId="8c84fa94-04c1-424b-9868-57a2d4851a1d" relativeResultsDirectory="9fd9a202-ed41-44de-a9f8-9813a8c71596" />
    <UnitTestResult executionId="47022fe6-0a81-40b8-b88c-fb405a5e72c9" testId="e204153b-59db-d713-cc18-5e1b16fe5cc2" testName="CalculatePercentiles_SimpleCases" computerName="QUICK-MINDS" duration="00:00:00.0028830" startTime="2025-06-25T12:18:34.0487394+02:00" endTime="2025-06-25T12:18:34.0516226+02:00" testType="13cdc9d9-ddb5-4fa4-a97d-d965ccfc6d4b" outcome="Passed" testListId="8c84fa94-04c1-424b-9868-57a2d4851a1d" relativeResultsDirectory="47022fe6-0a81-40b8-b88c-fb405a5e72c9" />
    <UnitTestResult executionId="2682df0f-3f86-4fdb-b696-495debcb2dbb" testId="93cb720d-5982-c54c-85a8-378308900222" testName="DetectSQLInjection_WhenInjectionDetected_ShouldSendAttackEvent" computerName="QUICK-MINDS" duration="00:00:00.2030710" startTime="2025-06-25T12:18:32.1456217+02:00" endTime="2025-06-25T12:18:32.3486928+02:00" testType="13cdc9d9-ddb5-4fa4-a97d-d965ccfc6d4b" outcome="Passed" testListId="8c84fa94-04c1-424b-9868-57a2d4851a1d" relativeResultsDirectory="2682df0f-3f86-4fdb-b696-495debcb2dbb">
      <Output>
        <StdOut>AIKIDO: Attack detected: SqlInjection in Query SELECT, blocked: False</StdOut>
      </Output>
    </UnitTestResult>
    <UnitTestResult executionId="abc9fc0e-90de-47ac-9601-547350d1e382" testId="311100a0-524c-5810-0ffd-a626a27dea27" testName="Test_INJECTION: Redirection to sensitive file" computerName="QUICK-MINDS" duration="00:00:00.0000030" startTime="2025-06-25T12:18:34.0292551+02:00" endTime="2025-06-25T12:18:34.0292576+02:00" testType="13cdc9d9-ddb5-4fa4-a97d-d965ccfc6d4b" outcome="Passed" testListId="8c84fa94-04c1-424b-9868-57a2d4851a1d" relativeResultsDirectory="abc9fc0e-90de-47ac-9601-547350d1e382" />
    <UnitTestResult executionId="82332de2-139e-4b03-86aa-3c406921dcc7" testId="98388254-e7ea-506b-ceac-375dbb27eea9" testName="Test_Multiple directory traversal with forward slash" computerName="QUICK-MINDS" duration="00:00:00.0000040" startTime="2025-06-25T12:18:33.7685163+02:00" endTime="2025-06-25T12:18:33.7685204+02:00" testType="13cdc9d9-ddb5-4fa4-a97d-d965ccfc6d4b" outcome="Passed" testListId="8c84fa94-04c1-424b-9868-57a2d4851a1d" relativeResultsDirectory="82332de2-139e-4b03-86aa-3c406921dcc7" />
    <UnitTestResult executionId="8d4beed1-43d3-46a0-950f-b70a5dfc2d90" testId="cdb67d1c-5cc0-7b0c-de80-d03fda7b2ec7" testName="DetectSQLInjection_WithNullValues_ShouldHandleGracefully" computerName="QUICK-MINDS" duration="00:00:00.0005090" startTime="2025-06-25T12:18:32.3532995+02:00" endTime="2025-06-25T12:18:32.3538084+02:00" testType="13cdc9d9-ddb5-4fa4-a97d-d965ccfc6d4b" outcome="Passed" testListId="8c84fa94-04c1-424b-9868-57a2d4851a1d" relativeResultsDirectory="8d4beed1-43d3-46a0-950f-b70a5dfc2d90" />
    <UnitTestResult executionId="a546c026-8af4-462d-8806-605894081ebe" testId="e576cb7f-c4a3-7591-4d87-7c4fd357615e" testName="CaptureUser_WithNullUser_HandlesGracefully" computerName="QUICK-MINDS" duration="00:00:00.0003830" startTime="2025-06-25T12:18:20.8447588+02:00" endTime="2025-06-25T12:18:20.8451420+02:00" testType="13cdc9d9-ddb5-4fa4-a97d-d965ccfc6d4b" outcome="Passed" testListId="8c84fa94-04c1-424b-9868-57a2d4851a1d" relativeResultsDirectory="a546c026-8af4-462d-8806-605894081ebe" />
    <UnitTestResult executionId="7519d42c-6426-4324-963d-4d5cee3558de" testId="c19f61c1-fa7a-4fe3-1a02-c0aa7eac06b2" testName="Test_INJECTION: Command chaining with semicolon" computerName="QUICK-MINDS" duration="00:00:00.0000030" startTime="2025-06-25T12:18:34.0292333+02:00" endTime="2025-06-25T12:18:34.0292366+02:00" testType="13cdc9d9-ddb5-4fa4-a97d-d965ccfc6d4b" outcome="Passed" testListId="8c84fa94-04c1-424b-9868-57a2d4851a1d" relativeResultsDirectory="7519d42c-6426-4324-963d-4d5cee3558de" />
    <UnitTestResult executionId="6fb86f8e-ad4e-4118-846d-586276bf3ade" testId="c3c63bcd-a3ac-2eba-1b56-9434475d9de1" testName="AddRoute_ShouldAddRouteToDictionary" computerName="QUICK-MINDS" duration="00:00:00.0009600" startTime="2025-06-25T12:18:20.3736224+02:00" endTime="2025-06-25T12:18:20.3745824+02:00" testType="13cdc9d9-ddb5-4fa4-a97d-d965ccfc6d4b" outcome="Passed" testListId="8c84fa94-04c1-424b-9868-57a2d4851a1d" relativeResultsDirectory="6fb86f8e-ad4e-4118-846d-586276bf3ade" />
    <UnitTestResult executionId="6415f782-f710-4096-bc32-ca5b9417a7f2" testId="7aad1581-f20f-940a-8ed6-eb0b87093041" testName="ScheduleEvent_WithNullScheduleId_ThrowsArgumentNullException" computerName="QUICK-MINDS" duration="00:00:00.0006190" startTime="2025-06-25T12:18:23.2479070+02:00" endTime="2025-06-25T12:18:23.2485257+02:00" testType="13cdc9d9-ddb5-4fa4-a97d-d965ccfc6d4b" outcome="Passed" testListId="8c84fa94-04c1-424b-9868-57a2d4851a1d" relativeResultsDirectory="6415f782-f710-4096-bc32-ca5b9417a7f2" />
    <UnitTestResult executionId="a2665914-688d-4b83-b734-7b77740f8763" testId="31590ae9-5a35-c60e-0cf3-7ba5a7c085be" testName="IsShellInjection_ShouldDetectSeparatorBeforeAndAfter" computerName="QUICK-MINDS" duration="00:00:00.0000810" startTime="2025-06-25T12:18:34.0296563+02:00" endTime="2025-06-25T12:18:34.0297368+02:00" testType="13cdc9d9-ddb5-4fa4-a97d-d965ccfc6d4b" outcome="Passed" testListId="8c84fa94-04c1-424b-9868-57a2d4851a1d" relativeResultsDirectory="a2665914-688d-4b83-b734-7b77740f8763" />
    <UnitTestResult executionId="1082861b-e971-40e6-8a4b-f3f6be685259" testId="0bdfa125-ce04-dbba-9682-35df7cb10594" testName="PathIsSingleRouteParameter_VariousPaths_ReturnsExpectedResult(&quot;/test+something&quot;,True)" computerName="QUICK-MINDS" duration="00:00:00.0000200" startTime="2025-06-25T12:18:32.1092978+02:00" endTime="2025-06-25T12:18:32.1093179+02:00" testType="13cdc9d9-ddb5-4fa4-a97d-d965ccfc6d4b" outcome="Passed" testListId="8c84fa94-04c1-424b-9868-57a2d4851a1d" relativeResultsDirectory="1082861b-e971-40e6-8a4b-f3f6be685259" />
    <UnitTestResult executionId="ef7a5bfe-c706-4c00-9f86-689d8c5cd37a" testId="8c228e19-d753-b836-b3f1-9f132d11e0aa" testName="ToAPIResponse_UnexpectedStatusCode_ShouldReturnErrorResponse" computerName="QUICK-MINDS" duration="00:00:00.0000600" startTime="2025-06-25T12:18:24.8272856+02:00" endTime="2025-06-25T12:18:24.8273458+02:00" testType="13cdc9d9-ddb5-4fa4-a97d-d965ccfc6d4b" outcome="Passed" testListId="8c84fa94-04c1-424b-9868-57a2d4851a1d" relativeResultsDirectory="ef7a5bfe-c706-4c00-9f86-689d8c5cd37a" />
    <UnitTestResult executionId="17622539-1bff-44eb-93cf-fe2e5dfd0997" testId="d7fb4d3a-71c1-b0aa-093d-75abcc87e523" testName="MatchRoute_ShouldReturnExpectedResult(&quot;path/to/file.txt&quot;,&quot;path/to/file.txt/extra&quot;,False)" computerName="QUICK-MINDS" duration="00:00:00.0000040" startTime="2025-06-25T12:18:32.1074184+02:00" endTime="2025-06-25T12:18:32.1074224+02:00" testType="13cdc9d9-ddb5-4fa4-a97d-d965ccfc6d4b" outcome="Passed" testListId="8c84fa94-04c1-424b-9868-57a2d4851a1d" relativeResultsDirectory="17622539-1bff-44eb-93cf-fe2e5dfd0997" />
    <UnitTestResult executionId="d7cecc2e-1090-49ca-9798-9f3531d3f5f4" testId="e6edacc4-c706-0026-4b36-a0ac04b81562" testName="DebugLog_ShouldSanitizeMessage_WhenMessageContainsDangerousCharacters" computerName="QUICK-MINDS" duration="00:00:00.0009630" startTime="2025-06-25T12:18:25.0213640+02:00" endTime="2025-06-25T12:18:25.0223268+02:00" testType="13cdc9d9-ddb5-4fa4-a97d-d965ccfc6d4b" outcome="Passed" testListId="8c84fa94-04c1-424b-9868-57a2d4851a1d" relativeResultsDirectory="d7cecc2e-1090-49ca-9798-9f3531d3f5f4" />
    <UnitTestResult executionId="4c4fcba1-c98b-415f-943f-de3b64cb732f" testId="28d6d2e5-7c10-dc8e-9683-216aa084425f" testName="Test_SAFE: Dangerous looking command but safely quoted" computerName="QUICK-MINDS" duration="00:00:00.0000030" startTime="2025-06-25T12:18:34.0294560+02:00" endTime="2025-06-25T12:18:34.0294585+02:00" testType="13cdc9d9-ddb5-4fa4-a97d-d965ccfc6d4b" outcome="Passed" testListId="8c84fa94-04c1-424b-9868-57a2d4851a1d" relativeResultsDirectory="4c4fcba1-c98b-415f-943f-de3b64cb732f" />
    <UnitTestResult executionId="f377d737-32cb-4d89-9893-15332c60c439" testId="a420794c-d018-96a3-a2bd-a275cb0db678" testName="Properties_InitiallyNull" computerName="QUICK-MINDS" duration="00:00:00.0000400" startTime="2025-06-25T12:18:24.5365342+02:00" endTime="2025-06-25T12:18:24.5365742+02:00" testType="13cdc9d9-ddb5-4fa4-a97d-d965ccfc6d4b" outcome="Passed" testListId="8c84fa94-04c1-424b-9868-57a2d4851a1d" relativeResultsDirectory="f377d737-32cb-4d89-9893-15332c60c439" />
    <UnitTestResult executionId="31dbcfaf-7ff1-4ec1-a68b-29a10bbe56a4" testId="589f7dca-5b16-9364-a181-f350f7f4dd5f" testName="CaptureOutboundRequest_WithInvalidHostname_HandlesGracefully" computerName="QUICK-MINDS" duration="00:00:00.0005130" startTime="2025-06-25T12:18:20.8442302+02:00" endTime="2025-06-25T12:18:20.8447430+02:00" testType="13cdc9d9-ddb5-4fa4-a97d-d965ccfc6d4b" outcome="Passed" testListId="8c84fa94-04c1-424b-9868-57a2d4851a1d" relativeResultsDirectory="31dbcfaf-7ff1-4ec1-a68b-29a10bbe56a4" />
    <UnitTestResult executionId="38d156a0-4e05-4983-84fa-12f1aeefecf3" testId="6e337e14-8991-cad0-c1a7-1e6cb1630e50" testName="SetAndGetProperties_ShouldWorkCorrectly" computerName="QUICK-MINDS" duration="00:00:00.0000900" startTime="2025-06-25T12:18:24.8026444+02:00" endTime="2025-06-25T12:18:24.8027339+02:00" testType="13cdc9d9-ddb5-4fa4-a97d-d965ccfc6d4b" outcome="Passed" testListId="8c84fa94-04c1-424b-9868-57a2d4851a1d" relativeResultsDirectory="38d156a0-4e05-4983-84fa-12f1aeefecf3" />
    <UnitTestResult executionId="59317c4b-d239-49a3-95b0-ad88dbc752f9" testId="9e023c44-530f-f3d8-bcb0-516c76b5f20c" testName="GetKeys_EmptyCache_ShouldReturnEmptyCollection" computerName="QUICK-MINDS" duration="00:00:00.0001270" startTime="2025-06-25T12:18:32.6270875+02:00" endTime="2025-06-25T12:18:32.6272149+02:00" testType="13cdc9d9-ddb5-4fa4-a97d-d965ccfc6d4b" outcome="Passed" testListId="8c84fa94-04c1-424b-9868-57a2d4851a1d" relativeResultsDirectory="59317c4b-d239-49a3-95b0-ad88dbc752f9" />
    <UnitTestResult executionId="a78dad11-1f5c-42da-a9de-90e2f7dffacf" testId="d0733c4c-72a8-0d96-a9b3-e3863d0d8223" testName="LooksLikeASecret_ShortStrings_ReturnsFalse(&quot;7t3&quot;)" computerName="QUICK-MINDS" duration="00:00:00.0000030" startTime="2025-06-25T12:18:32.1430137+02:00" endTime="2025-06-25T12:18:32.1430161+02:00" testType="13cdc9d9-ddb5-4fa4-a97d-d965ccfc6d4b" outcome="Passed" testListId="8c84fa94-04c1-424b-9868-57a2d4851a1d" relativeResultsDirectory="a78dad11-1f5c-42da-a9de-90e2f7dffacf" />
    <UnitTestResult executionId="d1ca74f5-de4c-40a3-8289-16de10cf692c" testId="f4f46636-f9e7-76ca-1dbd-e3d9c5854fae" testName="ScheduleEvent_OverloadWithEventAndInterval_AddsToScheduledEvents" computerName="QUICK-MINDS" duration="00:00:00.5065360" startTime="2025-06-25T12:18:22.4867575+02:00" endTime="2025-06-25T12:18:22.9932930+02:00" testType="13cdc9d9-ddb5-4fa4-a97d-d965ccfc6d4b" outcome="Passed" testListId="8c84fa94-04c1-424b-9868-57a2d4851a1d" relativeResultsDirectory="d1ca74f5-de4c-40a3-8289-16de10cf692c" />
    <UnitTestResult executionId="d1ad6a4e-a21d-464a-9e32-10d7a29418a4" testId="84403028-e41a-2045-2fe6-e1ca1d5057ed" testName="Test_Generic_ATTACK: Generic SQL injection with multiple values" computerName="QUICK-MINDS" duration="00:00:00.0000540" startTime="2025-06-25T12:18:34.0403433+02:00" endTime="2025-06-25T12:18:34.0403968+02:00" testType="13cdc9d9-ddb5-4fa4-a97d-d965ccfc6d4b" outcome="Passed" testListId="8c84fa94-04c1-424b-9868-57a2d4851a1d" relativeResultsDirectory="d1ad6a4e-a21d-464a-9e32-10d7a29418a4" />
    <UnitTestResult executionId="3a5dc556-708f-4fa4-9f39-ee9603c66fc3" testId="8cfb50ed-479d-5a09-e475-a74249f15c09" testName="ContainsPrivateIPAddress_ShouldReturnFalse_ForPublicIPs" computerName="QUICK-MINDS" duration="00:00:00.0002980" startTime="2025-06-25T12:18:24.9081646+02:00" endTime="2025-06-25T12:18:24.9084622+02:00" testType="13cdc9d9-ddb5-4fa4-a97d-d965ccfc6d4b" outcome="Passed" testListId="8c84fa94-04c1-424b-9868-57a2d4851a1d" relativeResultsDirectory="3a5dc556-708f-4fa4-9f39-ee9603c66fc3" />
    <UnitTestResult executionId="c152c351-be75-4fea-a9eb-7eacc164b911" testId="3620948a-9f9f-8950-b4dc-e53d7b462c5b" testName="Test_application/json_14" computerName="QUICK-MINDS" duration="00:00:00.0000120" startTime="2025-06-25T12:18:24.9069671+02:00" endTime="2025-06-25T12:18:24.9069788+02:00" testType="13cdc9d9-ddb5-4fa4-a97d-d965ccfc6d4b" outcome="Passed" testListId="8c84fa94-04c1-424b-9868-57a2d4851a1d" relativeResultsDirectory="c152c351-be75-4fea-a9eb-7eacc164b911" />
    <UnitTestResult executionId="5471d126-6d17-433a-b4b6-c502f7ca6f72" testId="a5b456fb-d1ea-c09b-0b3d-16ae4b08595f" testName="LooksLikeASecret_ShortStrings_ReturnsFalse(&quot;OmNf04j6mU&quot;)" computerName="QUICK-MINDS" duration="00:00:00.0000020" startTime="2025-06-25T12:18:32.1430459+02:00" endTime="2025-06-25T12:18:32.1430481+02:00" testType="13cdc9d9-ddb5-4fa4-a97d-d965ccfc6d4b" outcome="Passed" testListId="8c84fa94-04c1-424b-9868-57a2d4851a1d" relativeResultsDirectory="5471d126-6d17-433a-b4b6-c502f7ca6f72" />
    <UnitTestResult executionId="3425e958-481d-4343-bfbb-71bf85930b02" testId="92ea22df-8fe7-dd3e-692e-d9aa5967f7d5" testName="LooksLikeASecret_ShortStrings_ReturnsFalse(&quot;KXiW4a&quot;)" computerName="QUICK-MINDS" duration="00:00:00.0000020" startTime="2025-06-25T12:18:32.1430272+02:00" endTime="2025-06-25T12:18:32.1430292+02:00" testType="13cdc9d9-ddb5-4fa4-a97d-d965ccfc6d4b" outcome="Passed" testListId="8c84fa94-04c1-424b-9868-57a2d4851a1d" relativeResultsDirectory="3425e958-481d-4343-bfbb-71bf85930b02" />
    <UnitTestResult executionId="1d400e1c-bba0-4acf-af7a-fc2499ebe951" testId="8e7d23c0-0529-6a7a-d07e-229f39db6fcf" testName="MergeDataSchemas_WithSimpleTypes_MergesCorrectly" computerName="QUICK-MINDS" duration="00:00:00.0001380" startTime="2025-06-25T12:18:32.1453999+02:00" endTime="2025-06-25T12:18:32.1455380+02:00" testType="13cdc9d9-ddb5-4fa4-a97d-d965ccfc6d4b" outcome="Passed" testListId="8c84fa94-04c1-424b-9868-57a2d4851a1d" relativeResultsDirectory="1d400e1c-bba0-4acf-af7a-fc2499ebe951" />
    <UnitTestResult executionId="030ec003-9281-4dda-a91d-d3c7e16b3c5f" testId="7decbc09-52d0-232f-5f8d-7275d497ac39" testName="BuildRouteFromUrl_InvalidUUIDs_IgnoresInvalidUUIDs" computerName="QUICK-MINDS" duration="00:00:00.0024040" startTime="2025-06-25T12:18:32.1289251+02:00" endTime="2025-06-25T12:18:32.1313287+02:00" testType="13cdc9d9-ddb5-4fa4-a97d-d965ccfc6d4b" outcome="Passed" testListId="8c84fa94-04c1-424b-9868-57a2d4851a1d" relativeResultsDirectory="030ec003-9281-4dda-a91d-d3c7e16b3c5f" />
    <UnitTestResult executionId="9a376bbb-bfc1-4705-9b74-99163ef92e1f" testId="6985fb05-b5ba-e785-d00a-c76301f0cba9" testName="DetectPathTraversal_WithEmptyArray_ReturnsFalse" computerName="QUICK-MINDS" duration="00:00:00.0007280" startTime="2025-06-25T12:18:25.0224724+02:00" endTime="2025-06-25T12:18:25.0232000+02:00" testType="13cdc9d9-ddb5-4fa4-a97d-d965ccfc6d4b" outcome="Passed" testListId="8c84fa94-04c1-424b-9868-57a2d4851a1d" relativeResultsDirectory="9a376bbb-bfc1-4705-9b74-99163ef92e1f" />
    <UnitTestResult executionId="a92e1fe4-689c-4cfe-8c21-2d7285b1338e" testId="617a981f-9f64-2462-1757-7464361790ec" testName="LargeBlocklistHandling_ShouldHandleLargeNumberOfIPs" computerName="QUICK-MINDS" duration="00:00:00.0006790" startTime="2025-06-25T12:18:24.5507893+02:00" endTime="2025-06-25T12:18:24.5514676+02:00" testType="13cdc9d9-ddb5-4fa4-a97d-d965ccfc6d4b" outcome="Passed" testListId="8c84fa94-04c1-424b-9868-57a2d4851a1d" relativeResultsDirectory="a92e1fe4-689c-4cfe-8c21-2d7285b1338e" />
    <UnitTestResult executionId="14c947ff-1dc2-4d38-926d-7a41fc57933b" testId="8efddf11-ce10-19d8-fda3-f3560eaf4bde" testName="GetDataSchema_WithDeeplyNestedObject_ReturnsCorrectSchema" computerName="QUICK-MINDS" duration="00:00:00.0002140" startTime="2025-06-25T12:18:24.8830028+02:00" endTime="2025-06-25T12:18:24.8832164+02:00" testType="13cdc9d9-ddb5-4fa4-a97d-d965ccfc6d4b" outcome="Passed" testListId="8c84fa94-04c1-424b-9868-57a2d4851a1d" relativeResultsDirectory="14c947ff-1dc2-4d38-926d-7a41fc57933b" />
    <UnitTestResult executionId="230f799b-f8f0-4f03-bfac-039385d755ac" testId="ae26722c-0af5-23d2-8c78-f271344ac4d7" testName="OnFileOperation_MultiplePathsOneUnsafe_ReturnsTrueWhenNotBlocking" computerName="QUICK-MINDS" duration="00:00:00.0004610" startTime="2025-06-25T12:18:32.6147954+02:00" endTime="2025-06-25T12:18:32.6152561+02:00" testType="13cdc9d9-ddb5-4fa4-a97d-d965ccfc6d4b" outcome="Passed" testListId="8c84fa94-04c1-424b-9868-57a2d4851a1d" relativeResultsDirectory="230f799b-f8f0-4f03-bfac-039385d755ac">
      <Output>
        <StdOut>AIKIDO: Attack detected: PathTraversal in Body File.Copy, blocked: False</StdOut>
      </Output>
    </UnitTestResult>
    <UnitTestResult executionId="fb18b208-bb52-4424-bef6-ca61a4e6072b" testId="ff121939-d3c1-2dbe-8c24-3d621be8be52" testName="RequestBlocked_ShouldReturnCorrectMessage" computerName="QUICK-MINDS" duration="00:00:00.0000500" startTime="2025-06-25T12:18:24.5360305+02:00" endTime="2025-06-25T12:18:24.5360801+02:00" testType="13cdc9d9-ddb5-4fa4-a97d-d965ccfc6d4b" outcome="Passed" testListId="8c84fa94-04c1-424b-9868-57a2d4851a1d" relativeResultsDirectory="fb18b208-bb52-4424-bef6-ca61a4e6072b" />
    <UnitTestResult executionId="9b99a80e-7c45-4c99-85e6-bad231eefd54" testId="7c51c361-b150-851e-edf3-14e7f0a7eca5" testName="MatchRoute_EdgeCases_ShouldReturnExpectedResult(&quot;/api/{id}/details!&quot;,&quot;/api/123/details!&quot;,True)" computerName="QUICK-MINDS" duration="00:00:00.0000050" startTime="2025-06-25T12:18:32.1069381+02:00" endTime="2025-06-25T12:18:32.1069428+02:00" testType="13cdc9d9-ddb5-4fa4-a97d-d965ccfc6d4b" outcome="Passed" testListId="8c84fa94-04c1-424b-9868-57a2d4851a1d" relativeResultsDirectory="9b99a80e-7c45-4c99-85e6-bad231eefd54" />
    <UnitTestResult executionId="0d78dd49-270d-40be-875a-8ee9f3198f73" testId="5f0e533b-ae67-856f-42d0-06ec4214cbc9" testName="IsRequestAllowed_ShouldRespectMostExactMatch" computerName="QUICK-MINDS" duration="00:00:00.0001620" startTime="2025-06-25T12:18:25.1924498+02:00" endTime="2025-06-25T12:18:25.1926118+02:00" testType="13cdc9d9-ddb5-4fa4-a97d-d965ccfc6d4b" outcome="Passed" testListId="8c84fa94-04c1-424b-9868-57a2d4851a1d" relativeResultsDirectory="0d78dd49-270d-40be-875a-8ee9f3198f73" />
    <UnitTestResult executionId="9d6e85f6-dcda-4543-b42d-e3c1a52205fd" testId="533c4ff4-5a16-74b1-52e3-fbba2a46ea3d" testName="UpdateApiInfo_NewBodyInfo_UpdatesBodyCorrectly" computerName="QUICK-MINDS" duration="00:00:00.0002040" startTime="2025-06-25T12:18:24.8805014+02:00" endTime="2025-06-25T12:18:24.8807059+02:00" testType="13cdc9d9-ddb5-4fa4-a97d-d965ccfc6d4b" outcome="Passed" testListId="8c84fa94-04c1-424b-9868-57a2d4851a1d" relativeResultsDirectory="9d6e85f6-dcda-4543-b42d-e3c1a52205fd" />
    <UnitTestResult executionId="62675b88-5806-49e3-8dbb-a0333a2bd74c" testId="d66e443b-586c-571d-2122-fa3c1fde9583" testName="AddRoute_AddsRouteToContext" computerName="QUICK-MINDS" duration="00:00:00.4385000" startTime="2025-06-25T12:18:20.4023077+02:00" endTime="2025-06-25T12:18:20.8408060+02:00" testType="13cdc9d9-ddb5-4fa4-a97d-d965ccfc6d4b" outcome="Passed" testListId="8c84fa94-04c1-424b-9868-57a2d4851a1d" relativeResultsDirectory="62675b88-5806-49e3-8dbb-a0333a2bd74c" />
    <UnitTestResult executionId="d82f4d83-b2ce-4633-9a00-0d744818463c" testId="e571b95c-2bb2-ef41-b5a4-bf432f3147c1" testName="OnFileOperation_WithUserInputPathTraversal_ReturnsTrueWhenNotBlocking" computerName="QUICK-MINDS" duration="00:00:00.0002780" startTime="2025-06-25T12:18:32.6159375+02:00" endTime="2025-06-25T12:18:32.6162156+02:00" testType="13cdc9d9-ddb5-4fa4-a97d-d965ccfc6d4b" outcome="Passed" testListId="8c84fa94-04c1-424b-9868-57a2d4851a1d" relativeResultsDirectory="d82f4d83-b2ce-4633-9a00-0d744818463c">
      <Output>
        <StdOut>AIKIDO: Attack detected: PathTraversal in Body File.ReadAllBytes, blocked: False</StdOut>
      </Output>
    </UnitTestResult>
    <UnitTestResult executionId="6e936766-67dd-4e53-bdeb-bdfa6340d814" testId="0951cc14-ed9d-f092-fae5-cc39fde67385" testName="ShouldAddRoute_EdgeCases_ShouldReturnExpectedResult(&quot;/api/cgi-bin/resource&quot;,&quot;GET&quot;,200,False)" computerName="QUICK-MINDS" duration="00:00:00.0000130" startTime="2025-06-25T12:18:32.1110804+02:00" endTime="2025-06-25T12:18:32.1110936+02:00" testType="13cdc9d9-ddb5-4fa4-a97d-d965ccfc6d4b" outcome="Passed" testListId="8c84fa94-04c1-424b-9868-57a2d4851a1d" relativeResultsDirectory="6e936766-67dd-4e53-bdeb-bdfa6340d814">
      <Output>
        <StdOut>AIKIDO: Route contains ignored string, skipping route</StdOut>
      </Output>
    </UnitTestResult>
    <UnitTestResult executionId="e6c7ddf5-8df0-4254-9288-40034c47fd4a" testId="20a25c8c-2401-2d65-187f-4baf0dd1658d" testName="Test_Generic_ATTACK: Uppercase user input with SQL injection" computerName="QUICK-MINDS" duration="00:00:00.0000380" startTime="2025-06-25T12:18:34.0407089+02:00" endTime="2025-06-25T12:18:34.0407465+02:00" testType="13cdc9d9-ddb5-4fa4-a97d-d965ccfc6d4b" outcome="Passed" testListId="8c84fa94-04c1-424b-9868-57a2d4851a1d" relativeResultsDirectory="e6c7ddf5-8df0-4254-9288-40034c47fd4a" />
    <UnitTestResult executionId="c96381f7-d6a7-41a3-a435-7b04442a4401" testId="4c1bacdf-8b0b-fc71-cf98-c2fba53e26bd" testName="UserConstructor_ShouldThrowException_WhenIdIsEmpty" computerName="QUICK-MINDS" duration="00:00:00.0002270" startTime="2025-06-25T12:18:34.0869413+02:00" endTime="2025-06-25T12:18:34.0871685+02:00" testType="13cdc9d9-ddb5-4fa4-a97d-d965ccfc6d4b" outcome="Passed" testListId="8c84fa94-04c1-424b-9868-57a2d4851a1d" relativeResultsDirectory="c96381f7-d6a7-41a3-a435-7b04442a4401" />
    <UnitTestResult executionId="0b9155dd-456c-4f18-9caf-0b0033a7d85d" testId="6b9b7dc5-5dea-6a14-94bc-df4f8d21e31b" testName="Test_INJECTION: Dangerous command ifconfig -a" computerName="QUICK-MINDS" duration="00:00:00.0000030" startTime="2025-06-25T12:18:34.0296083+02:00" endTime="2025-06-25T12:18:34.0296107+02:00" testType="13cdc9d9-ddb5-4fa4-a97d-d965ccfc6d4b" outcome="Passed" testListId="8c84fa94-04c1-424b-9868-57a2d4851a1d" relativeResultsDirectory="0b9155dd-456c-4f18-9caf-0b0033a7d85d" />
    <UnitTestResult executionId="a6d23e4f-0f66-452a-9d41-7f77c318d14f" testId="a826c1ad-ad00-f768-048a-e5138bb33cad" testName="BuildRouteFromUrl_RootUrls_ReturnsRoot" computerName="QUICK-MINDS" duration="00:00:00.0000480" startTime="2025-06-25T12:18:32.1324466+02:00" endTime="2025-06-25T12:18:32.1324946+02:00" testType="13cdc9d9-ddb5-4fa4-a97d-d965ccfc6d4b" outcome="Passed" testListId="8c84fa94-04c1-424b-9868-57a2d4851a1d" relativeResultsDirectory="a6d23e4f-0f66-452a-9d41-7f77c318d14f" />
    <UnitTestResult executionId="59142946-bbcf-44b9-b83b-88d69ae6915c" testId="f9a83492-e7d6-c8fd-b735-487e12bbeae4" testName="ConcurrentAccess_ToMixedOperations_ShouldBeThreadSafe" computerName="QUICK-MINDS" duration="00:00:00.0250690" startTime="2025-06-25T12:18:24.7615950+02:00" endTime="2025-06-25T12:18:24.7866632+02:00" testType="13cdc9d9-ddb5-4fa4-a97d-d965ccfc6d4b" outcome="Passed" testListId="8c84fa94-04c1-424b-9868-57a2d4851a1d" relativeResultsDirectory="59142946-bbcf-44b9-b83b-88d69ae6915c" />
    <UnitTestResult executionId="1efc5baf-b4d4-4c38-9eed-ed8170fd6e25" testId="4ba8fb1d-05fe-4094-0a76-17d0f83d2ede" testName="Test_Nested path match" computerName="QUICK-MINDS" duration="00:00:00.0000030" startTime="2025-06-25T12:18:33.7685981+02:00" endTime="2025-06-25T12:18:33.7686011+02:00" testType="13cdc9d9-ddb5-4fa4-a97d-d965ccfc6d4b" outcome="Passed" testListId="8c84fa94-04c1-424b-9868-57a2d4851a1d" relativeResultsDirectory="1efc5baf-b4d4-4c38-9eed-ed8170fd6e25" />
    <UnitTestResult executionId="33301dee-6834-42cc-8f2a-24fbc2108fbc" testId="d5e79120-2bc6-3dec-1629-4ada0ac155b9" testName="UpdateApiInfo_NullNewInfo_DoesNotUpdate" computerName="QUICK-MINDS" duration="00:00:00.0000450" startTime="2025-06-25T12:18:24.8809285+02:00" endTime="2025-06-25T12:18:24.8809732+02:00" testType="13cdc9d9-ddb5-4fa4-a97d-d965ccfc6d4b" outcome="Passed" testListId="8c84fa94-04c1-424b-9868-57a2d4851a1d" relativeResultsDirectory="33301dee-6834-42cc-8f2a-24fbc2108fbc" />
    <UnitTestResult executionId="811428aa-614e-400b-a6bc-c765a18feda1" testId="260d0932-3b02-05f3-6827-5ecd60ff8113" testName="Test_INJECTION: Code injection with newline characters" computerName="QUICK-MINDS" duration="00:00:00.0000020" startTime="2025-06-25T12:18:34.0293025+02:00" endTime="2025-06-25T12:18:34.0293050+02:00" testType="13cdc9d9-ddb5-4fa4-a97d-d965ccfc6d4b" outcome="Passed" testListId="8c84fa94-04c1-424b-9868-57a2d4851a1d" relativeResultsDirectory="811428aa-614e-400b-a6bc-c765a18feda1" />
    <UnitTestResult executionId="2c0631ec-0ed8-4e3e-98ea-6ce14edf0284" testId="787c1b1e-c2f2-9e62-96a2-4ba63f47c506" testName="Test_text/plain_15" computerName="QUICK-MINDS" duration="00:00:00.0000070" startTime="2025-06-25T12:18:24.9069809+02:00" endTime="2025-06-25T12:18:24.9069881+02:00" testType="13cdc9d9-ddb5-4fa4-a97d-d965ccfc6d4b" outcome="Passed" testListId="8c84fa94-04c1-424b-9868-57a2d4851a1d" relativeResultsDirectory="2c0631ec-0ed8-4e3e-98ea-6ce14edf0284" />
    <UnitTestResult executionId="3b6b88c4-22bd-460e-90bc-c385399424e5" testId="e20c698e-23e5-605c-12c5-7cc57fdacb0f" testName="AddRoute_WithInvalidContext_DoesNotAddToRoutes" computerName="QUICK-MINDS" duration="00:00:00.0001360" startTime="2025-06-25T12:18:20.3854066+02:00" endTime="2025-06-25T12:18:20.3855428+02:00" testType="13cdc9d9-ddb5-4fa4-a97d-d965ccfc6d4b" outcome="Passed" testListId="8c84fa94-04c1-424b-9868-57a2d4851a1d" relativeResultsDirectory="3b6b88c4-22bd-460e-90bc-c385399424e5" />
    <UnitTestResult executionId="31266b0b-ce36-4cfd-a370-6661f897ec64" testId="0bc64e77-6a9c-ae78-bff0-742de30b70ae" testName="ShouldAddRoute_ShouldReturnExpectedResult(&quot;/.well-known/security.txt&quot;,&quot;GET&quot;,200,False)" computerName="QUICK-MINDS" duration="00:00:00.0000140" startTime="2025-06-25T12:18:32.1119639+02:00" endTime="2025-06-25T12:18:32.1119779+02:00" testType="13cdc9d9-ddb5-4fa4-a97d-d965ccfc6d4b" outcome="Passed" testListId="8c84fa94-04c1-424b-9868-57a2d4851a1d" relativeResultsDirectory="31266b0b-ce36-4cfd-a370-6661f897ec64">
      <Output>
        <StdOut>AIKIDO: Extension not allowed, skipping route</StdOut>
      </Output>
    </UnitTestResult>
    <UnitTestResult executionId="01ca2808-b563-4611-b368-85398501bb0a" testId="df3b8b41-f741-c322-9834-731bc48ca664" testName="ReportingApiClient_ReportAsync_ShouldReturnSuccess" computerName="QUICK-MINDS" duration="00:00:00.0008350" startTime="2025-06-25T12:18:34.0904879+02:00" endTime="2025-06-25T12:18:34.0913231+02:00" testType="13cdc9d9-ddb5-4fa4-a97d-d965ccfc6d4b" outcome="Passed" testListId="8c84fa94-04c1-424b-9868-57a2d4851a1d" relativeResultsDirectory="01ca2808-b563-4611-b368-85398501bb0a" />
    <UnitTestResult executionId="f4c8c553-5206-4fc7-aad3-3a718cf0a419" testId="65a6c280-7b5b-b5a4-e19c-babcc2a41e16" testName="UserConstructor_ShouldThrowException_WhenNameIsWhitespace" computerName="QUICK-MINDS" duration="00:00:00.0000800" startTime="2025-06-25T12:18:34.0876441+02:00" endTime="2025-06-25T12:18:34.0877243+02:00" testType="13cdc9d9-ddb5-4fa4-a97d-d965ccfc6d4b" outcome="Passed" testListId="8c84fa94-04c1-424b-9868-57a2d4851a1d" relativeResultsDirectory="f4c8c553-5206-4fc7-aad3-3a718cf0a419" />
    <UnitTestResult executionId="800c19b9-39ee-4dd4-a3d1-7e15d1823eb8" testId="55146ed0-34e7-4cef-c70f-a37019dfcf45" testName="ToCidrString_ShouldReturnMultipleCidrs_WhenNonContiguousIpRangeProvided" computerName="QUICK-MINDS" duration="00:00:00.0000630" startTime="2025-06-25T12:18:24.9094760+02:00" endTime="2025-06-25T12:18:24.9095391+02:00" testType="13cdc9d9-ddb5-4fa4-a97d-d965ccfc6d4b" outcome="Passed" testListId="8c84fa94-04c1-424b-9868-57a2d4851a1d" relativeResultsDirectory="800c19b9-39ee-4dd4-a3d1-7e15d1823eb8" />
    <UnitTestResult executionId="dbb51991-3e6b-4d52-9c18-91f43ac6528b" testId="28217fd8-a642-888a-2e57-730a42108bb2" testName="OnDetectedAttack_IncrementsRequestAttacks" computerName="QUICK-MINDS" duration="00:00:00.0002470" startTime="2025-06-25T12:18:34.0729591+02:00" endTime="2025-06-25T12:18:34.0732064+02:00" testType="13cdc9d9-ddb5-4fa4-a97d-d965ccfc6d4b" outcome="Passed" testListId="8c84fa94-04c1-424b-9868-57a2d4851a1d" relativeResultsDirectory="dbb51991-3e6b-4d52-9c18-91f43ac6528b" />
    <UnitTestResult executionId="835c4c50-cce1-4c14-b52b-85071810b81d" testId="02383a88-2085-e3c5-5544-41ab220bae13" testName="IsRequestAllowed_ShouldRespectWildcardMatch" computerName="QUICK-MINDS" duration="00:00:00.0004300" startTime="2025-06-25T12:18:25.1926163+02:00" endTime="2025-06-25T12:18:25.1930465+02:00" testType="13cdc9d9-ddb5-4fa4-a97d-d965ccfc6d4b" outcome="Passed" testListId="8c84fa94-04c1-424b-9868-57a2d4851a1d" relativeResultsDirectory="835c4c50-cce1-4c14-b52b-85071810b81d" />
    <UnitTestResult executionId="46ed7d7a-091c-41c0-b992-6d9e92c4ee83" testId="a6571ddf-41ff-7cb0-eadf-42fe561d0618" testName="CaptureRequest_WithAikidoDevHostname_SkipsCapture" computerName="QUICK-MINDS" duration="00:00:00.0052610" startTime="2025-06-25T12:18:32.3587460+02:00" endTime="2025-06-25T12:18:32.3640069+02:00" testType="13cdc9d9-ddb5-4fa4-a97d-d965ccfc6d4b" outcome="Failed" testListId="8c84fa94-04c1-424b-9868-57a2d4851a1d" relativeResultsDirectory="46ed7d7a-091c-41c0-b992-6d9e92c4ee83">
      <Output>
        <StdOut>AIKIDO: Capturing outbound request to host: api.aikido.dev</StdOut>
        <ErrorInfo>
          <Message>  Assert.That(Agent.Instance.Context.Hostnames.Count, Is.EqualTo(0))&#xD;
  Expected: 0&#xD;
  But was:  1&#xD;
</Message>
          <StackTrace>   at Aikido.Zen.Test.HttpClientPatchTests.CaptureRequest_WithAikidoDevHostname_SkipsCapture() in C:\projects\Aikido\firewall-dotnet\Aikido.Zen.Test\HttpClientPatchTests.cs:line 104&#xD;

1)    at Aikido.Zen.Test.HttpClientPatchTests.CaptureRequest_WithAikidoDevHostname_SkipsCapture() in C:\projects\Aikido\firewall-dotnet\Aikido.Zen.Test\HttpClientPatchTests.cs:line 104&#xD;

</StackTrace>
        </ErrorInfo>
      </Output>
    </UnitTestResult>
    <UnitTestResult executionId="a676da20-b419-4fbb-b208-1ccf97f477df" testId="baa4b87a-c956-2871-3f26-1160425dc5a7" testName="ConcurrentAccess_ToRoutes_ShouldBeThreadSafe" computerName="QUICK-MINDS" duration="00:00:00.0034270" startTime="2025-06-25T12:18:24.7866992+02:00" endTime="2025-06-25T12:18:24.7901252+02:00" testType="13cdc9d9-ddb5-4fa4-a97d-d965ccfc6d4b" outcome="Passed" testListId="8c84fa94-04c1-424b-9868-57a2d4851a1d" relativeResultsDirectory="a676da20-b419-4fbb-b208-1ccf97f477df" />
    <UnitTestResult executionId="14f223df-7c6e-4ece-9405-23d3c18309b3" testId="629c90d4-3f4e-abb5-996a-089d3e18dfe6" testName="PerformanceWithDifferentSizes_ShouldPerformEfficiently" computerName="QUICK-MINDS" duration="00:00:00.2027120" startTime="2025-06-25T12:18:24.5514829+02:00" endTime="2025-06-25T12:18:24.7541948+02:00" testType="13cdc9d9-ddb5-4fa4-a97d-d965ccfc6d4b" outcome="Passed" testListId="8c84fa94-04c1-424b-9868-57a2d4851a1d" relativeResultsDirectory="14f223df-7c6e-4ece-9405-23d3c18309b3" />
    <UnitTestResult executionId="ce7e95fd-de7a-4861-8a5e-fc7967ce6af8" testId="ab796fd5-9fee-dac8-bb0d-70b470b4e72f" testName="Test_INJECTION: Command chaining with &amp;&amp;" computerName="QUICK-MINDS" duration="00:00:00.0000030" startTime="2025-06-25T12:18:34.0292420+02:00" endTime="2025-06-25T12:18:34.0292449+02:00" testType="13cdc9d9-ddb5-4fa4-a97d-d965ccfc6d4b" outcome="Passed" testListId="8c84fa94-04c1-424b-9868-57a2d4851a1d" relativeResultsDirectory="ce7e95fd-de7a-4861-8a5e-fc7967ce6af8" />
    <UnitTestResult executionId="83b8b70a-1129-4fc7-a47c-fda3306c5b20" testId="c5af787c-c61b-1e04-109b-4a7fae295b90" testName="ReportAsync_ShouldReturnSuccess" computerName="QUICK-MINDS" duration="00:00:00.0041940" startTime="2025-06-25T12:18:33.9159270+02:00" endTime="2025-06-25T12:18:33.9201206+02:00" testType="13cdc9d9-ddb5-4fa4-a97d-d965ccfc6d4b" outcome="Passed" testListId="8c84fa94-04c1-424b-9868-57a2d4851a1d" relativeResultsDirectory="83b8b70a-1129-4fc7-a47c-fda3306c5b20" />
    <UnitTestResult executionId="70a057d1-1754-4e54-b03a-8dfc0055a65c" testId="bc73924e-942f-ef2f-1a9e-1c30754a11ca" testName="GetDataSchema_WithSimpleTypes_ReturnsCorrectSchema" computerName="QUICK-MINDS" duration="00:00:00.0000960" startTime="2025-06-25T12:18:24.8897649+02:00" endTime="2025-06-25T12:18:24.8898610+02:00" testType="13cdc9d9-ddb5-4fa4-a97d-d965ccfc6d4b" outcome="Passed" testListId="8c84fa94-04c1-424b-9868-57a2d4851a1d" relativeResultsDirectory="70a057d1-1754-4e54-b03a-8dfc0055a65c" />
    <UnitTestResult executionId="0ed07ba4-9fb6-4757-8a19-4fcc7bdf717d" testId="e47956e9-b879-d4b5-68d6-fe43dc084706" testName="UpdateAlllowedIps_WithEmptyList_ShouldClearAllowedSubnets" computerName="QUICK-MINDS" duration="00:00:00.0001020" startTime="2025-06-25T12:18:24.7553649+02:00" endTime="2025-06-25T12:18:24.7554673+02:00" testType="13cdc9d9-ddb5-4fa4-a97d-d965ccfc6d4b" outcome="Passed" testListId="8c84fa94-04c1-424b-9868-57a2d4851a1d" relativeResultsDirectory="0ed07ba4-9fb6-4757-8a19-4fcc7bdf717d" />
    <UnitTestResult executionId="27ffbf33-6733-41e2-b68a-b150a73d22c2" testId="753320b4-c130-7ba4-bb0a-9f8ec5f72a29" testName="PathIsSingleRouteParameter_VariousPaths_ReturnsExpectedResult(&quot;/api/v1/test&quot;,False)" computerName="QUICK-MINDS" duration="00:00:00.0000050" startTime="2025-06-25T12:18:32.1093317+02:00" endTime="2025-06-25T12:18:32.1093363+02:00" testType="13cdc9d9-ddb5-4fa4-a97d-d965ccfc6d4b" outcome="Passed" testListId="8c84fa94-04c1-424b-9868-57a2d4851a1d" relativeResultsDirectory="27ffbf33-6733-41e2-b68a-b150a73d22c2" />
    <UnitTestResult executionId="51d4f735-980f-4d34-9c52-8aa9b590286d" testId="4d41a5cd-9631-847a-4faf-8405270a0845" testName="MatchEndpoints_SpecificMethodOverWildcard_ShouldTakePrecedence_ReversedOrder" computerName="QUICK-MINDS" duration="00:00:00.0002170" startTime="2025-06-25T12:18:32.1042285+02:00" endTime="2025-06-25T12:18:32.1044452+02:00" testType="13cdc9d9-ddb5-4fa4-a97d-d965ccfc6d4b" outcome="Passed" testListId="8c84fa94-04c1-424b-9868-57a2d4851a1d" relativeResultsDirectory="51d4f735-980f-4d34-9c52-8aa9b590286d" />
    <UnitTestResult executionId="eaf2e103-0787-47e4-a6d1-1361ffc0b176" testId="63784862-09d2-d657-6226-607f385706aa" testName="IPHelper_ShouldIdentifyZeroAddressAsPrivate" computerName="QUICK-MINDS" duration="00:00:00.0000610" startTime="2025-06-25T12:18:32.6175006+02:00" endTime="2025-06-25T12:18:32.6175611+02:00" testType="13cdc9d9-ddb5-4fa4-a97d-d965ccfc6d4b" outcome="Passed" testListId="8c84fa94-04c1-424b-9868-57a2d4851a1d" relativeResultsDirectory="eaf2e103-0787-47e4-a6d1-1361ffc0b176" />
    <UnitTestResult executionId="426c3f99-2dbc-4ef5-94d5-8ff7f3e22c7e" testId="eb26ffc8-bb05-1157-6c7c-826d940d264e" testName="Test_SAFE: Spaces around environment variable assignments" computerName="QUICK-MINDS" duration="00:00:00.0000030" startTime="2025-06-25T12:18:34.0295313+02:00" endTime="2025-06-25T12:18:34.0295338+02:00" testType="13cdc9d9-ddb5-4fa4-a97d-d965ccfc6d4b" outcome="Passed" testListId="8c84fa94-04c1-424b-9868-57a2d4851a1d" relativeResultsDirectory="426c3f99-2dbc-4ef5-94d5-8ff7f3e22c7e" />
    <UnitTestResult executionId="c1b864fc-3b05-4932-b2d2-435736018005" testId="2e3aeef7-8114-ed60-8902-143110552237" testName="DetectSQLInjection_WithSafeInput_ShouldNotSendAttackEvent" computerName="QUICK-MINDS" duration="00:00:00.0003440" startTime="2025-06-25T12:18:32.3544677+02:00" endTime="2025-06-25T12:18:32.3548120+02:00" testType="13cdc9d9-ddb5-4fa4-a97d-d965ccfc6d4b" outcome="Passed" testListId="8c84fa94-04c1-424b-9868-57a2d4851a1d" relativeResultsDirectory="c1b864fc-3b05-4932-b2d2-435736018005" />
    <UnitTestResult executionId="76e456dc-4318-42c2-87d4-8cb30c6e93af" testId="7e44a851-4077-ac25-7ead-f40348f9418b" testName="Test_multipart/form-data; boundary=boundary_6" computerName="QUICK-MINDS" duration="00:00:00.0022220" startTime="2025-06-25T12:18:24.9035978+02:00" endTime="2025-06-25T12:18:24.9058198+02:00" testType="13cdc9d9-ddb5-4fa4-a97d-d965ccfc6d4b" outcome="Passed" testListId="8c84fa94-04c1-424b-9868-57a2d4851a1d" relativeResultsDirectory="76e456dc-4318-42c2-87d4-8cb30c6e93af" />
    <UnitTestResult executionId="db37d005-37f5-4ff2-950a-5a89f62b8af1" testId="b7311927-bdc1-19f4-07d9-7d989f715b7b" testName="ShouldAddRoute_ShouldReturnExpectedResult(&quot;/api/resource&quot;,&quot;GET&quot;,200,True)" computerName="QUICK-MINDS" duration="00:00:00.0001580" startTime="2025-06-25T12:18:32.1115012+02:00" endTime="2025-06-25T12:18:32.1116588+02:00" testType="13cdc9d9-ddb5-4fa4-a97d-d965ccfc6d4b" outcome="Passed" testListId="8c84fa94-04c1-424b-9868-57a2d4851a1d" relativeResultsDirectory="db37d005-37f5-4ff2-950a-5a89f62b8af1" />
    <UnitTestResult executionId="9493b191-accc-4430-bed9-e35811a804af" testId="109959fb-48fd-6092-72ba-da91ae385564" testName="MergeApiAuthTypes_WithNewOnly_ReturnsNew" computerName="QUICK-MINDS" duration="00:00:00.0000370" startTime="2025-06-25T12:18:24.8827015+02:00" endTime="2025-06-25T12:18:24.8827386+02:00" testType="13cdc9d9-ddb5-4fa4-a97d-d965ccfc6d4b" outcome="Passed" testListId="8c84fa94-04c1-424b-9868-57a2d4851a1d" relativeResultsDirectory="9493b191-accc-4430-bed9-e35811a804af" />
    <UnitTestResult executionId="1a0ca88c-a390-4026-9f18-59e966208429" testId="e048ec8c-0a3a-dddc-6ca1-eb5588efea3a" testName="Ratelimited_ShouldReturnCorrectMessage" computerName="QUICK-MINDS" duration="00:00:00.0001630" startTime="2025-06-25T12:18:24.5358632+02:00" endTime="2025-06-25T12:18:24.5360259+02:00" testType="13cdc9d9-ddb5-4fa4-a97d-d965ccfc6d4b" outcome="Passed" testListId="8c84fa94-04c1-424b-9868-57a2d4851a1d" relativeResultsDirectory="1a0ca88c-a390-4026-9f18-59e966208429" />
    <UnitTestResult executionId="ce786232-6e25-4ef5-81af-5f44c2031f06" testId="3e112053-fb77-d001-252d-3a1225df6c01" testName="AddOrUpdate_ShouldEvictLeastFrequentlyUsed_WhenMaxReached" computerName="QUICK-MINDS" duration="00:00:00.0003089" startTime="2025-06-25T12:18:24.7955592+02:00" endTime="2025-06-25T12:18:24.7958687+02:00" testType="13cdc9d9-ddb5-4fa4-a97d-d965ccfc6d4b" outcome="Passed" testListId="8c84fa94-04c1-424b-9868-57a2d4851a1d" relativeResultsDirectory="ce786232-6e25-4ef5-81af-5f44c2031f06" />
    <UnitTestResult executionId="eee2c2a6-ca15-4752-9bc2-f9a49db490ae" testId="95815412-e105-50cd-5bf0-8701e9ff2cdd" testName="GetApiAuthType_WithApiKeyWithoutBearer_ReturnsApiKeyType" computerName="QUICK-MINDS" duration="00:00:00.0001230" startTime="2025-06-25T12:18:24.8117032+02:00" endTime="2025-06-25T12:18:24.8118266+02:00" testType="13cdc9d9-ddb5-4fa4-a97d-d965ccfc6d4b" outcome="Passed" testListId="8c84fa94-04c1-424b-9868-57a2d4851a1d" relativeResultsDirectory="eee2c2a6-ca15-4752-9bc2-f9a49db490ae" />
    <UnitTestResult executionId="5744c395-b25e-4932-8dbc-3cca53112f66" testId="208ca3c7-665a-dc1b-9073-ab152a00f6e5" testName="Start_QueuesStartedEventAndSchedulesHeartbeat" computerName="QUICK-MINDS" duration="00:00:00.2632450" startTime="2025-06-25T12:18:24.2486688+02:00" endTime="2025-06-25T12:18:24.5119136+02:00" testType="13cdc9d9-ddb5-4fa4-a97d-d965ccfc6d4b" outcome="Passed" testListId="8c84fa94-04c1-424b-9868-57a2d4851a1d" relativeResultsDirectory="5744c395-b25e-4932-8dbc-3cca53112f66">
      <Output>
        <StdOut>AIKIDO: Zen Agent v1.2.5 started</StdOut>
      </Output>
    </UnitTestResult>
    <UnitTestResult executionId="fd3d5b42-c708-4de3-b8c5-43dc22ab7c41" testId="831f3ea0-c683-3c5c-753b-5c9411b969b0" testName="Test_Windows device namespace syntax" computerName="QUICK-MINDS" duration="00:00:00.0000040" startTime="2025-06-25T12:18:33.7686409+02:00" endTime="2025-06-25T12:18:33.7686451+02:00" testType="13cdc9d9-ddb5-4fa4-a97d-d965ccfc6d4b" outcome="Passed" testListId="8c84fa94-04c1-424b-9868-57a2d4851a1d" relativeResultsDirectory="fd3d5b42-c708-4de3-b8c5-43dc22ab7c41" />
    <UnitTestResult executionId="6a2a8c24-1b07-4ef1-a921-fcb1f57c8f93" testId="58fac6ee-439b-d466-0e24-b09cb1989aa1" testName="Test_SAFE: No user input" computerName="QUICK-MINDS" duration="00:00:00.0000040" startTime="2025-06-25T12:18:34.0291315+02:00" endTime="2025-06-25T12:18:34.0291350+02:00" testType="13cdc9d9-ddb5-4fa4-a97d-d965ccfc6d4b" outcome="Passed" testListId="8c84fa94-04c1-424b-9868-57a2d4851a1d" relativeResultsDirectory="6a2a8c24-1b07-4ef1-a921-fcb1f57c8f93" />
    <UnitTestResult executionId="f486c3e7-0985-4e7c-b324-6d0db6792620" testId="07ec4f83-0b7f-c17f-8732-400091d9a8dd" testName="Test_INJECTION: File manipulation command" computerName="QUICK-MINDS" duration="00:00:00.0000030" startTime="2025-06-25T12:18:34.0293210+02:00" endTime="2025-06-25T12:18:34.0293235+02:00" testType="13cdc9d9-ddb5-4fa4-a97d-d965ccfc6d4b" outcome="Passed" testListId="8c84fa94-04c1-424b-9868-57a2d4851a1d" relativeResultsDirectory="f486c3e7-0985-4e7c-b324-6d0db6792620" />
    <UnitTestResult executionId="d8df8d5d-5071-40a8-b8e2-005604c0cf60" testId="d62531ef-23c7-fa7b-7c12-ea6cab3a4650" testName="Test_INJECTION: Nested command substitution" computerName="QUICK-MINDS" duration="00:00:00.0000030" startTime="2025-06-25T12:18:34.0292726+02:00" endTime="2025-06-25T12:18:34.0292752+02:00" testType="13cdc9d9-ddb5-4fa4-a97d-d965ccfc6d4b" outcome="Passed" testListId="8c84fa94-04c1-424b-9868-57a2d4851a1d" relativeResultsDirectory="d8df8d5d-5071-40a8-b8e2-005604c0cf60" />
    <UnitTestResult executionId="290be340-d796-4cf6-90ff-92a09ba46117" testId="1a37fbf8-8eb2-94b0-dfef-4647b46b9ef8" testName="IsAllowed_WithNegativeWindowSize_ShouldTreatAsExpired" computerName="QUICK-MINDS" duration="00:00:00.0000360" startTime="2025-06-25T12:18:25.1874552+02:00" endTime="2025-06-25T12:18:25.1874912+02:00" testType="13cdc9d9-ddb5-4fa4-a97d-d965ccfc6d4b" outcome="Passed" testListId="8c84fa94-04c1-424b-9868-57a2d4851a1d" relativeResultsDirectory="290be340-d796-4cf6-90ff-92a09ba46117" />
    <UnitTestResult executionId="1ce4bca4-c96e-4d8a-a85e-93eca5fda447" testId="570aa5ec-9c5e-7127-e1cd-e642763b1b4e" testName="IsIpInRange_WithEmptyRange_ShouldReturnFalse" computerName="QUICK-MINDS" duration="00:00:00.0000370" startTime="2025-06-25T12:18:32.6176968+02:00" endTime="2025-06-25T12:18:32.6177341+02:00" testType="13cdc9d9-ddb5-4fa4-a97d-d965ccfc6d4b" outcome="Passed" testListId="8c84fa94-04c1-424b-9868-57a2d4851a1d" relativeResultsDirectory="1ce4bca4-c96e-4d8a-a85e-93eca5fda447" />
    <UnitTestResult executionId="7766b691-47de-4e0e-a04b-b85f5dbf27ef" testId="e98e0436-6758-442c-29e3-d8cee109ce5c" testName="Test_INJECTION: Dangerous command halt" computerName="QUICK-MINDS" duration="00:00:00.0000110" startTime="2025-06-25T12:18:34.0295748+02:00" endTime="2025-06-25T12:18:34.0295861+02:00" testType="13cdc9d9-ddb5-4fa4-a97d-d965ccfc6d4b" outcome="Passed" testListId="8c84fa94-04c1-424b-9868-57a2d4851a1d" relativeResultsDirectory="7766b691-47de-4e0e-a04b-b85f5dbf27ef" />
    <UnitTestResult executionId="b2df21a1-44d3-426a-81cf-fdb80b41cda8" testId="95d6c39d-accd-dc64-d03c-1f6ee22cc550" testName="MatchRoute_ShouldReturnExpectedResult(&quot;/api/{id}/details/{subId}/info?query=1&quot;,&quot;/api/123/details/456/info?query=1&quot;,True)" computerName="QUICK-MINDS" duration="00:00:00.0000040" startTime="2025-06-25T12:18:32.1073747+02:00" endTime="2025-06-25T12:18:32.1073785+02:00" testType="13cdc9d9-ddb5-4fa4-a97d-d965ccfc6d4b" outcome="Passed" testListId="8c84fa94-04c1-424b-9868-57a2d4851a1d" relativeResultsDirectory="b2df21a1-44d3-426a-81cf-fdb80b41cda8" />
    <UnitTestResult executionId="3c31bb86-733b-42ac-b4c6-ef637db11110" testId="7da4b79e-3677-8d3e-7fa9-6f443918820a" testName="GetApiAuthType_WithEmptyAuthHeader_ReturnsNull" computerName="QUICK-MINDS" duration="00:00:00.0000490" startTime="2025-06-25T12:18:24.8124598+02:00" endTime="2025-06-25T12:18:24.8125085+02:00" testType="13cdc9d9-ddb5-4fa4-a97d-d965ccfc6d4b" outcome="Passed" testListId="8c84fa94-04c1-424b-9868-57a2d4851a1d" relativeResultsDirectory="3c31bb86-733b-42ac-b4c6-ef637db11110" />
    <UnitTestResult executionId="e33d3ba0-a885-45a3-8b7d-bee7fc3bec70" testId="df8cc6b7-a4ae-936b-8419-3078fb8fc0e7" testName="LooksLikeASecret_CommonUrlTerms_ReturnsFalse(&quot;applications&quot;)" computerName="QUICK-MINDS" duration="00:00:00.0000050" startTime="2025-06-25T12:18:32.1423273+02:00" endTime="2025-06-25T12:18:32.1423324+02:00" testType="13cdc9d9-ddb5-4fa4-a97d-d965ccfc6d4b" outcome="Passed" testListId="8c84fa94-04c1-424b-9868-57a2d4851a1d" relativeResultsDirectory="e33d3ba0-a885-45a3-8b7d-bee7fc3bec70" />
    <UnitTestResult executionId="6d09edf6-d219-4962-8d7d-623583bd9fdb" testId="032906fd-5ab9-3671-51fc-923a4d8e033a" testName="ConcurrentAddOrUpdateAndGet_MaintainsConsistency" computerName="QUICK-MINDS" duration="00:00:00.0024030" startTime="2025-06-25T12:18:24.7963722+02:00" endTime="2025-06-25T12:18:24.7987746+02:00" testType="13cdc9d9-ddb5-4fa4-a97d-d965ccfc6d4b" outcome="Passed" testListId="8c84fa94-04c1-424b-9868-57a2d4851a1d" relativeResultsDirectory="6d09edf6-d219-4962-8d7d-623583bd9fdb">
      <Output>
        <StdOut>Final dictionary size: 10&#xD;
Final total hits across items: 10</StdOut>
      </Output>
    </UnitTestResult>
    <UnitTestResult executionId="b0f33fb0-c2c6-4c94-9182-22e8338a125a" testId="b88b817d-27e1-a0a6-1cb1-dbafb7d780a4" testName="ShouldHandleOverlappingRangesWithDifferentCIDR" computerName="QUICK-MINDS" duration="00:00:00.0002200" startTime="2025-06-25T12:18:32.6184347+02:00" endTime="2025-06-25T12:18:32.6186548+02:00" testType="13cdc9d9-ddb5-4fa4-a97d-d965ccfc6d4b" outcome="Passed" testListId="8c84fa94-04c1-424b-9868-57a2d4851a1d" relativeResultsDirectory="b0f33fb0-c2c6-4c94-9182-22e8338a125a" />
    <UnitTestResult executionId="d452f880-83a9-4e45-92b8-2b2c3dd0557a" testId="709fa466-3b52-fe6e-75e4-4a497c84caee" testName="ConcurrentAccess_ToUsers_ShouldBeThreadSafe" computerName="QUICK-MINDS" duration="00:00:00.0043450" startTime="2025-06-25T12:18:24.7901617+02:00" endTime="2025-06-25T12:18:24.7945058+02:00" testType="13cdc9d9-ddb5-4fa4-a97d-d965ccfc6d4b" outcome="Passed" testListId="8c84fa94-04c1-424b-9868-57a2d4851a1d" relativeResultsDirectory="d452f880-83a9-4e45-92b8-2b2c3dd0557a" />
    <UnitTestResult executionId="e9d504af-8333-41d5-9c48-56b9e88ad6ac" testId="8fcd9fee-1f93-27b3-44a4-1c92ea8a9ff7" testName="Test_INJECTION: Dangerous command killall -9" computerName="QUICK-MINDS" duration="00:00:00.0000020" startTime="2025-06-25T12:18:34.0296213+02:00" endTime="2025-06-25T12:18:34.0296237+02:00" testType="13cdc9d9-ddb5-4fa4-a97d-d965ccfc6d4b" outcome="Passed" testListId="8c84fa94-04c1-424b-9868-57a2d4851a1d" relativeResultsDirectory="e9d504af-8333-41d5-9c48-56b9e88ad6ac" />
    <UnitTestResult executionId="8d1e81dd-1f74-438b-afb9-76d8a04d3cbe" testId="619e3039-0058-7b55-1a78-5bf0f2221301" testName="IsSafelyEncapsulated_Tests" computerName="QUICK-MINDS" duration="00:00:00.0002470" startTime="2025-06-25T12:18:34.0284327+02:00" endTime="2025-06-25T12:18:34.0286792+02:00" testType="13cdc9d9-ddb5-4fa4-a97d-d965ccfc6d4b" outcome="Passed" testListId="8c84fa94-04c1-424b-9868-57a2d4851a1d" relativeResultsDirectory="8d1e81dd-1f74-438b-afb9-76d8a04d3cbe" />
    <UnitTestResult executionId="0ee752ea-48cc-4076-86fc-c8a83109730d" testId="b2bdadc9-f101-5b4b-7f8c-902d854b11eb" testName="DefaultValues_ShouldBeInitializedCorrectly" computerName="QUICK-MINDS" duration="00:00:00.0004950" startTime="2025-06-25T12:18:24.8018039+02:00" endTime="2025-06-25T12:18:24.8022986+02:00" testType="13cdc9d9-ddb5-4fa4-a97d-d965ccfc6d4b" outcome="Passed" testListId="8c84fa94-04c1-424b-9868-57a2d4851a1d" relativeResultsDirectory="0ee752ea-48cc-4076-86fc-c8a83109730d" />
    <UnitTestResult executionId="2e1b3897-27a8-4f85-9378-012d0728bc91" testId="9f024a8f-bb0e-1061-a71b-1aacce70fb69" testName="Clear_ShouldResetAllProperties" computerName="QUICK-MINDS" duration="00:00:00.0002550" startTime="2025-06-25T12:18:20.3919188+02:00" endTime="2025-06-25T12:18:20.3921739+02:00" testType="13cdc9d9-ddb5-4fa4-a97d-d965ccfc6d4b" outcome="Passed" testListId="8c84fa94-04c1-424b-9868-57a2d4851a1d" relativeResultsDirectory="2e1b3897-27a8-4f85-9378-012d0728bc91" />
    <UnitTestResult executionId="099d72c0-1664-44eb-aad3-80a2ec327ed2" testId="d8b0e829-8a8f-101e-4c30-791ed90928f6" testName="ShouldAddRoute_ShouldReturnExpectedResult(&quot;/api/.hidden/resource&quot;,&quot;GET&quot;,200,True)" computerName="QUICK-MINDS" duration="00:00:00.0000050" startTime="2025-06-25T12:18:32.1120062+02:00" endTime="2025-06-25T12:18:32.1120107+02:00" testType="13cdc9d9-ddb5-4fa4-a97d-d965ccfc6d4b" outcome="Passed" testListId="8c84fa94-04c1-424b-9868-57a2d4851a1d" relativeResultsDirectory="099d72c0-1664-44eb-aad3-80a2ec327ed2" />
    <UnitTestResult executionId="1e7eb23b-0371-4d7f-ba39-7aa06e18673b" testId="6c65e29d-6be8-82ee-638c-4c6d406470c7" testName="Test_application/json_2" computerName="QUICK-MINDS" duration="00:00:00.0000220" startTime="2025-06-25T12:18:24.8928527+02:00" endTime="2025-06-25T12:18:24.8928743+02:00" testType="13cdc9d9-ddb5-4fa4-a97d-d965ccfc6d4b" outcome="Passed" testListId="8c84fa94-04c1-424b-9868-57a2d4851a1d" relativeResultsDirectory="1e7eb23b-0371-4d7f-ba39-7aa06e18673b" />
    <UnitTestResult executionId="0d3374cc-ba67-45f1-9d22-df23c70e6b02" testId="e0d35b75-dd31-8c6c-5ad1-93f06132ca3c" testName="BuildRouteFromUrl_ULIDs_ReplacesWithUlidParam" computerName="QUICK-MINDS" duration="00:00:00.0007800" startTime="2025-06-25T12:18:32.1410701+02:00" endTime="2025-06-25T12:18:32.1418500+02:00" testType="13cdc9d9-ddb5-4fa4-a97d-d965ccfc6d4b" outcome="Passed" testListId="8c84fa94-04c1-424b-9868-57a2d4851a1d" relativeResultsDirectory="0d3374cc-ba67-45f1-9d22-df23c70e6b02" />
    <UnitTestResult executionId="288f98fa-fa03-4696-b117-e1c64ffd1939" testId="5186bd09-617b-101d-ff00-eba3e283b06a" testName="ShouldAddRoute_ShouldReturnExpectedResult(&quot;/test.properties&quot;,&quot;GET&quot;,200,False)" computerName="QUICK-MINDS" duration="00:00:00.0000110" startTime="2025-06-25T12:18:32.1120888+02:00" endTime="2025-06-25T12:18:32.1120996+02:00" testType="13cdc9d9-ddb5-4fa4-a97d-d965ccfc6d4b" outcome="Passed" testListId="8c84fa94-04c1-424b-9868-57a2d4851a1d" relativeResultsDirectory="288f98fa-fa03-4696-b117-e1c64ffd1939">
      <Output>
        <StdOut>AIKIDO: Extension not allowed, skipping route</StdOut>
      </Output>
    </UnitTestResult>
    <UnitTestResult executionId="888115ef-cdf3-4330-bc39-ee9eb5971c82" testId="4c26cfb9-fa3d-00ec-b7ac-8ebb0476771f" testName="Test_application/json_0" computerName="QUICK-MINDS" duration="00:00:00.0016510" startTime="2025-06-25T12:18:24.8907533+02:00" endTime="2025-06-25T12:18:24.8924040+02:00" testType="13cdc9d9-ddb5-4fa4-a97d-d965ccfc6d4b" outcome="Passed" testListId="8c84fa94-04c1-424b-9868-57a2d4851a1d" relativeResultsDirectory="888115ef-cdf3-4330-bc39-ee9eb5971c82" />
    <UnitTestResult executionId="04f734a8-26fd-4912-824b-c81a3d1b8829" testId="9f70fab2-6c2d-24c1-3c6a-8386ec2fec26" testName="CaptureInboundRequest_AddsToContext" computerName="QUICK-MINDS" duration="00:00:00.0018280" startTime="2025-06-25T12:18:20.8408638+02:00" endTime="2025-06-25T12:18:20.8426916+02:00" testType="13cdc9d9-ddb5-4fa4-a97d-d965ccfc6d4b" outcome="Passed" testListId="8c84fa94-04c1-424b-9868-57a2d4851a1d" relativeResultsDirectory="04f734a8-26fd-4912-824b-c81a3d1b8829" />
    <UnitTestResult executionId="4009fad4-6d43-4244-9d58-91c64852fdce" testId="2887bb27-23cc-e071-2e9f-7e3f1d3073e6" testName="UpdateFirewallLists_WithValidResponse_UpdatesFirewallLists" computerName="QUICK-MINDS" duration="00:00:00.0020130" startTime="2025-06-25T12:18:20.3542877+02:00" endTime="2025-06-25T12:18:20.3563001+02:00" testType="13cdc9d9-ddb5-4fa4-a97d-d965ccfc6d4b" outcome="Passed" testListId="8c84fa94-04c1-424b-9868-57a2d4851a1d" relativeResultsDirectory="4009fad4-6d43-4244-9d58-91c64852fdce" />
    <UnitTestResult executionId="6d71ea17-a236-4f0b-bd8c-3bfb987ca41a" testId="6ea4016a-f5e2-2b96-3b9b-e2e913600927" testName="UserConstructor_ShouldThrowException_WhenNameIsEmpty" computerName="QUICK-MINDS" duration="00:00:00.0000740" startTime="2025-06-25T12:18:34.0874750+02:00" endTime="2025-06-25T12:18:34.0875493+02:00" testType="13cdc9d9-ddb5-4fa4-a97d-d965ccfc6d4b" outcome="Passed" testListId="8c84fa94-04c1-424b-9868-57a2d4851a1d" relativeResultsDirectory="6d71ea17-a236-4f0b-bd8c-3bfb987ca41a" />
    <UnitTestResult executionId="fc9b855e-9399-4cd2-9f1c-5af986209d24" testId="e2aa4bbe-1cd2-d350-1dcc-00a15bfb4cca" testName="Test_Valid nested path without traversal" computerName="QUICK-MINDS" duration="00:00:00.0000020" startTime="2025-06-25T12:18:33.7685904+02:00" endTime="2025-06-25T12:18:33.7685928+02:00" testType="13cdc9d9-ddb5-4fa4-a97d-d965ccfc6d4b" outcome="Passed" testListId="8c84fa94-04c1-424b-9868-57a2d4851a1d" relativeResultsDirectory="fc9b855e-9399-4cd2-9f1c-5af986209d24" />
    <UnitTestResult executionId="d753251a-82fb-46c0-8d22-c82c3deb0949" testId="e339d2fb-165b-e6cc-c7c7-8248e5866419" testName="ShouldAddRoute_ShouldReturnExpectedResult(&quot;/api/resource.ashx&quot;,&quot;GET&quot;,200,True)" computerName="QUICK-MINDS" duration="00:00:00.0000040" startTime="2025-06-25T12:18:32.1121480+02:00" endTime="2025-06-25T12:18:32.1121520+02:00" testType="13cdc9d9-ddb5-4fa4-a97d-d965ccfc6d4b" outcome="Passed" testListId="8c84fa94-04c1-424b-9868-57a2d4851a1d" relativeResultsDirectory="d753251a-82fb-46c0-8d22-c82c3deb0949" />
    <UnitTestResult executionId="24535a39-07c1-4c1a-815a-459ef0b28d7d" testId="9d2576d9-5e6c-d990-b039-d583334864c7" testName="DetectPathTraversal_WithNullArrayElement_SkipsNullElement" computerName="QUICK-MINDS" duration="00:00:00.0002120" startTime="2025-06-25T12:18:25.0252906+02:00" endTime="2025-06-25T12:18:25.0255022+02:00" testType="13cdc9d9-ddb5-4fa4-a97d-d965ccfc6d4b" outcome="Passed" testListId="8c84fa94-04c1-424b-9868-57a2d4851a1d" relativeResultsDirectory="24535a39-07c1-4c1a-815a-459ef0b28d7d" />
    <UnitTestResult executionId="5a13e2a9-a9c0-46ac-8855-f868514a76c6" testId="0b763bb4-27a6-bc3e-428d-6afa6d07c75e" testName="LooksLikeASecret_ShortStrings_ReturnsFalse(&quot;SJPLzVQ8t&quot;)" computerName="QUICK-MINDS" duration="00:00:00.0000030" startTime="2025-06-25T12:18:32.1430412+02:00" endTime="2025-06-25T12:18:32.1430437+02:00" testType="13cdc9d9-ddb5-4fa4-a97d-d965ccfc6d4b" outcome="Passed" testListId="8c84fa94-04c1-424b-9868-57a2d4851a1d" relativeResultsDirectory="5a13e2a9-a9c0-46ac-8855-f868514a76c6" />
    <UnitTestResult executionId="9c896785-c96f-4a58-97de-7976747c974e" testId="06b83acf-baee-3d51-1863-355db1c86da9" testName="IsUserAgentBlocked_ShouldReturnFalse_WhenUserAgentIsNotBlocked" computerName="QUICK-MINDS" duration="00:00:00.0000340" startTime="2025-06-25T12:18:20.3998473+02:00" endTime="2025-06-25T12:18:20.3998814+02:00" testType="13cdc9d9-ddb5-4fa4-a97d-d965ccfc6d4b" outcome="Passed" testListId="8c84fa94-04c1-424b-9868-57a2d4851a1d" relativeResultsDirectory="9c896785-c96f-4a58-97de-7976747c974e" />
    <UnitTestResult executionId="43bf9999-841c-44c2-ac0d-0c75348d22dc" testId="96e01428-9124-12d9-fd8b-b79470c9faed" testName="ShouldAddRoute_ShouldReturnExpectedResult(&quot;/api/resource&quot;,&quot;GET&quot;,404,False)" computerName="QUICK-MINDS" duration="00:00:00.0000390" startTime="2025-06-25T12:18:32.1118885+02:00" endTime="2025-06-25T12:18:32.1119271+02:00" testType="13cdc9d9-ddb5-4fa4-a97d-d965ccfc6d4b" outcome="Passed" testListId="8c84fa94-04c1-424b-9868-57a2d4851a1d" relativeResultsDirectory="43bf9999-841c-44c2-ac0d-0c75348d22dc">
      <Output>
        <StdOut>AIKIDO: Status code not valid or method is excluded, skipping route</StdOut>
      </Output>
    </UnitTestResult>
    <UnitTestResult executionId="b4ec9846-c595-4a59-a6aa-3b6d00e77c24" testId="e386011b-a7d3-62d4-19bd-3553df82fffd" testName="ShouldHandleZeroCIDRNotation" computerName="QUICK-MINDS" duration="00:00:00.0001689" startTime="2025-06-25T12:18:32.6188598+02:00" endTime="2025-06-25T12:18:32.6190290+02:00" testType="13cdc9d9-ddb5-4fa4-a97d-d965ccfc6d4b" outcome="Passed" testListId="8c84fa94-04c1-424b-9868-57a2d4851a1d" relativeResultsDirectory="b4ec9846-c595-4a59-a6aa-3b6d00e77c24" />
    <UnitTestResult executionId="d199e2c6-442f-4ee6-88fa-0f662f287a28" testId="a04629fa-534e-4f21-f033-8b81c2bdd30f" testName="Test_Identical paths" computerName="QUICK-MINDS" duration="00:00:00.0000060" startTime="2025-06-25T12:18:33.7685512+02:00" endTime="2025-06-25T12:18:33.7685568+02:00" testType="13cdc9d9-ddb5-4fa4-a97d-d965ccfc6d4b" outcome="Passed" testListId="8c84fa94-04c1-424b-9868-57a2d4851a1d" relativeResultsDirectory="d199e2c6-442f-4ee6-88fa-0f662f287a28" />
    <UnitTestResult executionId="67f45d31-c386-4efa-9e18-bff128aa64bb" testId="cbd175aa-fb66-6574-4b23-fe89acbdd854" testName="Test_SAFE: Single character 'a' is safe" computerName="QUICK-MINDS" duration="00:00:00.0000110" startTime="2025-06-25T12:18:34.0291194+02:00" endTime="2025-06-25T12:18:34.0291302+02:00" testType="13cdc9d9-ddb5-4fa4-a97d-d965ccfc6d4b" outcome="Passed" testListId="8c84fa94-04c1-424b-9868-57a2d4851a1d" relativeResultsDirectory="67f45d31-c386-4efa-9e18-bff128aa64bb" />
    <UnitTestResult executionId="e9ef0ca2-8423-4736-b55d-9d55f8d81dc1" testId="b0862792-5d85-c887-cf41-0404af07bfd7" testName="MatchRoute_EdgeCases_ShouldReturnExpectedResult(&quot;/api/resource&quot;,&quot;/api/resource/&quot;,True)" computerName="QUICK-MINDS" duration="00:00:00.0000130" startTime="2025-06-25T12:18:32.1069154+02:00" endTime="2025-06-25T12:18:32.1069288+02:00" testType="13cdc9d9-ddb5-4fa4-a97d-d965ccfc6d4b" outcome="Passed" testListId="8c84fa94-04c1-424b-9868-57a2d4851a1d" relativeResultsDirectory="e9ef0ca2-8423-4736-b55d-9d55f8d81dc1" />
    <UnitTestResult executionId="a767c96a-f4b7-4c07-93cb-a1d28a23ed34" testId="b1e44716-2497-c48f-5e70-f2c90a031363" testName="EndpointMatching_WithInvalidEndpointFormat_ShouldAllowAccess" computerName="QUICK-MINDS" duration="00:00:00.0003430" startTime="2025-06-25T12:18:24.5386222+02:00" endTime="2025-06-25T12:18:24.5389655+02:00" testType="13cdc9d9-ddb5-4fa4-a97d-d965ccfc6d4b" outcome="Passed" testListId="8c84fa94-04c1-424b-9868-57a2d4851a1d" relativeResultsDirectory="a767c96a-f4b7-4c07-93cb-a1d28a23ed34" />
    <UnitTestResult executionId="23776046-4a50-4049-8a14-69eaf7ac45e6" testId="cae40f9a-722a-6bdf-6db6-1f8c41349606" testName="Interval_HasCorrectValue" computerName="QUICK-MINDS" duration="00:00:00.0003869" startTime="2025-06-25T12:18:24.8036114+02:00" endTime="2025-06-25T12:18:24.8039986+02:00" testType="13cdc9d9-ddb5-4fa4-a97d-d965ccfc6d4b" outcome="Passed" testListId="8c84fa94-04c1-424b-9868-57a2d4851a1d" relativeResultsDirectory="23776046-4a50-4049-8a14-69eaf7ac45e6" />
    <UnitTestResult executionId="ed270d92-9538-4a36-977d-70ea32372cc8" testId="96a7e304-2625-95e2-8622-46f79ebd6068" testName="Contains_ShouldReturnExpectedResult(&quot;hello world&quot;,&quot;world&quot;,True)" computerName="QUICK-MINDS" duration="00:00:00.0002960" startTime="2025-06-25T12:18:32.3577112+02:00" endTime="2025-06-25T12:18:32.3580070+02:00" testType="13cdc9d9-ddb5-4fa4-a97d-d965ccfc6d4b" outcome="Passed" testListId="8c84fa94-04c1-424b-9868-57a2d4851a1d" relativeResultsDirectory="ed270d92-9538-4a36-977d-70ea32372cc8" />
    <UnitTestResult executionId="e7ccfbf4-d006-4d8c-b93e-548b7d546f7e" testId="306f9d48-1f7c-0192-308a-c7b839de8772" testName="IsAllowed_ShouldTrackDifferentKeysIndependently" computerName="QUICK-MINDS" duration="00:00:00.0004080" startTime="2025-06-25T12:18:25.1869726+02:00" endTime="2025-06-25T12:18:25.1873808+02:00" testType="13cdc9d9-ddb5-4fa4-a97d-d965ccfc6d4b" outcome="Passed" testListId="8c84fa94-04c1-424b-9868-57a2d4851a1d" relativeResultsDirectory="e7ccfbf4-d006-4d8c-b93e-548b7d546f7e" />
    <UnitTestResult executionId="7c88023a-b4b2-4519-88a9-c44ee22c1a47" testId="5210b304-bdbc-cce4-5724-b1ddbced19e4" testName="Test_INJECTION: Single quote between single quotes" computerName="QUICK-MINDS" duration="00:00:00.0000030" startTime="2025-06-25T12:18:34.0291954+02:00" endTime="2025-06-25T12:18:34.0291984+02:00" testType="13cdc9d9-ddb5-4fa4-a97d-d965ccfc6d4b" outcome="Passed" testListId="8c84fa94-04c1-424b-9868-57a2d4851a1d" relativeResultsDirectory="7c88023a-b4b2-4519-88a9-c44ee22c1a47" />
    <UnitTestResult executionId="81714bea-b8c9-4f55-8a0e-a7323f86ba44" testId="c46d29f2-326c-38db-094b-a7302c67068c" testName="ReportAsync_ShouldThrowExceptionOnError" computerName="QUICK-MINDS" duration="00:00:00.0010889" startTime="2025-06-25T12:18:33.9201333+02:00" endTime="2025-06-25T12:18:33.9212223+02:00" testType="13cdc9d9-ddb5-4fa4-a97d-d965ccfc6d4b" outcome="Passed" testListId="8c84fa94-04c1-424b-9868-57a2d4851a1d" relativeResultsDirectory="81714bea-b8c9-4f55-8a0e-a7323f86ba44">
      <Output>
        <StdOut>AIKIDO: An error occurred while reporting</StdOut>
        <StdErr>AIKIDO: An error occurred while reporting</StdErr>
      </Output>
    </UnitTestResult>
    <UnitTestResult executionId="7615c82b-b0b8-4de2-8238-c53a5de51ee8" testId="d3576a57-0a81-32ca-3c1a-c0682ac1a34d" testName="Test_Both empty" computerName="QUICK-MINDS" duration="00:00:00.0000020" startTime="2025-06-25T12:18:33.7685403+02:00" endTime="2025-06-25T12:18:33.7685425+02:00" testType="13cdc9d9-ddb5-4fa4-a97d-d965ccfc6d4b" outcome="Passed" testListId="8c84fa94-04c1-424b-9868-57a2d4851a1d" relativeResultsDirectory="7615c82b-b0b8-4de2-8238-c53a5de51ee8" />
    <UnitTestResult executionId="957853d9-5d15-47ec-a883-e17903a3b8cd" testId="2210d65e-0df9-5319-720c-e084d0fa54af" testName="Test_INJECTION: New lines in commands with dangerous command" computerName="QUICK-MINDS" duration="00:00:00.0000020" startTime="2025-06-25T12:18:34.0295422+02:00" endTime="2025-06-25T12:18:34.0295446+02:00" testType="13cdc9d9-ddb5-4fa4-a97d-d965ccfc6d4b" outcome="Passed" testListId="8c84fa94-04c1-424b-9868-57a2d4851a1d" relativeResultsDirectory="957853d9-5d15-47ec-a883-e17903a3b8cd" />
    <UnitTestResult executionId="2f8f776a-2e51-4d3d-82d4-c1c89c9ece2b" testId="0025e294-b95a-9c71-176b-81e4715581d4" testName="BuildRouteFromUrl_Dates_ReplacesWithDateParam" computerName="QUICK-MINDS" duration="00:00:00.0020000" startTime="2025-06-25T12:18:32.1202219+02:00" endTime="2025-06-25T12:18:32.1222215+02:00" testType="13cdc9d9-ddb5-4fa4-a97d-d965ccfc6d4b" outcome="Passed" testListId="8c84fa94-04c1-424b-9868-57a2d4851a1d" relativeResultsDirectory="2f8f776a-2e51-4d3d-82d4-c1c89c9ece2b" />
    <UnitTestResult executionId="60585066-a503-4374-a96e-1eb533e291ee" testId="b3ac3dc8-f56f-814e-ce6a-eb4236fb6834" testName="SendAttackEvent_WithNullContext_ThrowsArgumentNullException" computerName="QUICK-MINDS" duration="00:00:00.0008440" startTime="2025-06-25T12:18:23.9250912+02:00" endTime="2025-06-25T12:18:23.9259350+02:00" testType="13cdc9d9-ddb5-4fa4-a97d-d965ccfc6d4b" outcome="Passed" testListId="8c84fa94-04c1-424b-9868-57a2d4851a1d" relativeResultsDirectory="60585066-a503-4374-a96e-1eb533e291ee">
      <Output>
        <StdOut>AIKIDO: Attack detected: SqlInjection in Query operation, blocked: True</StdOut>
      </Output>
    </UnitTestResult>
    <UnitTestResult executionId="8b34ff02-00a3-4e30-8155-1c22aac29664" testId="097c6e93-8b1a-c824-d210-d03970151452" testName="Test_Generic_SAFE: Uppercase query with lowercase user input" computerName="QUICK-MINDS" duration="00:00:00.0000030" startTime="2025-06-25T12:18:34.0406996+02:00" endTime="2025-06-25T12:18:34.0407028+02:00" testType="13cdc9d9-ddb5-4fa4-a97d-d965ccfc6d4b" outcome="Passed" testListId="8c84fa94-04c1-424b-9868-57a2d4851a1d" relativeResultsDirectory="8b34ff02-00a3-4e30-8155-1c22aac29664" />
    <UnitTestResult executionId="760ac209-3c39-4fbb-a55b-18db07f3a93e" testId="c131033a-18f3-f9b3-b8c2-b9ac365aff3f" testName="MatchRoute_ShouldReturnExpectedResult(&quot;/api/{id}&quot;,&quot;/api/123&quot;,True)" computerName="QUICK-MINDS" duration="00:00:00.0000880" startTime="2025-06-25T12:18:32.1069759+02:00" endTime="2025-06-25T12:18:32.1070642+02:00" testType="13cdc9d9-ddb5-4fa4-a97d-d965ccfc6d4b" outcome="Passed" testListId="8c84fa94-04c1-424b-9868-57a2d4851a1d" relativeResultsDirectory="760ac209-3c39-4fbb-a55b-18db07f3a93e" />
    <UnitTestResult executionId="8bc03f72-84d2-489c-8997-64dde766b6a9" testId="22cfb859-3222-0284-f693-ba5bd1766a0a" testName="Properties_SetAndGetCorrectly" computerName="QUICK-MINDS" duration="00:00:00.0010860" startTime="2025-06-25T12:18:33.9214858+02:00" endTime="2025-06-25T12:18:33.9225716+02:00" testType="13cdc9d9-ddb5-4fa4-a97d-d965ccfc6d4b" outcome="Passed" testListId="8c84fa94-04c1-424b-9868-57a2d4851a1d" relativeResultsDirectory="8bc03f72-84d2-489c-8997-64dde766b6a9" />
    <UnitTestResult executionId="dd977a5d-b35f-40ad-b054-32a53de8bc6b" testId="0dec9e6b-ac64-1150-d5e2-16e47168852d" testName="Test_application/json_12" computerName="QUICK-MINDS" duration="00:00:00.0000320" startTime="2025-06-25T12:18:24.9069198+02:00" endTime="2025-06-25T12:18:24.9069520+02:00" testType="13cdc9d9-ddb5-4fa4-a97d-d965ccfc6d4b" outcome="Passed" testListId="8c84fa94-04c1-424b-9868-57a2d4851a1d" relativeResultsDirectory="dd977a5d-b35f-40ad-b054-32a53de8bc6b" />
    <UnitTestResult executionId="0e6a72f8-4fb1-489b-98f8-929683f38854" testId="087490e1-f856-8113-1045-18a6475348cc" testName="ShouldAddRoute_ShouldReturnExpectedResult(&quot;/api/resource.asmx&quot;,&quot;GET&quot;,200,True)" computerName="QUICK-MINDS" duration="00:00:00.0000050" startTime="2025-06-25T12:18:32.1121544+02:00" endTime="2025-06-25T12:18:32.1121594+02:00" testType="13cdc9d9-ddb5-4fa4-a97d-d965ccfc6d4b" outcome="Passed" testListId="8c84fa94-04c1-424b-9868-57a2d4851a1d" relativeResultsDirectory="0e6a72f8-4fb1-489b-98f8-929683f38854" />
    <UnitTestResult executionId="05984125-247e-4543-9523-3f1ae4e201ff" testId="193a361e-0fd9-c91b-16f3-1aa2138e10bb" testName="Test_INJECTION: Command chaining with semicolon and dangerous command" computerName="QUICK-MINDS" duration="00:00:00.0000030" startTime="2025-06-25T12:18:34.0293104+02:00" endTime="2025-06-25T12:18:34.0293132+02:00" testType="13cdc9d9-ddb5-4fa4-a97d-d965ccfc6d4b" outcome="Passed" testListId="8c84fa94-04c1-424b-9868-57a2d4851a1d" relativeResultsDirectory="05984125-247e-4543-9523-3f1ae4e201ff" />
    <UnitTestResult executionId="9a4acc76-9637-4cf5-b9c7-a157ada25c13" testId="afc51b73-9e64-7b7e-e651-90b37889a62b" testName="Test_SAFE: Triple spaces as user input" computerName="QUICK-MINDS" duration="00:00:00.0000030" startTime="2025-06-25T12:18:34.0291442+02:00" endTime="2025-06-25T12:18:34.0291468+02:00" testType="13cdc9d9-ddb5-4fa4-a97d-d965ccfc6d4b" outcome="Passed" testListId="8c84fa94-04c1-424b-9868-57a2d4851a1d" relativeResultsDirectory="9a4acc76-9637-4cf5-b9c7-a157ada25c13" />
    <UnitTestResult executionId="114c1f4a-a238-40b8-a26d-155e7ea8a6f3" testId="aefff53d-ae1b-5267-2222-c2cdfefbe91d" testName="AttackLog_RateLimiting_ShouldLogUpToMaxLogsAndThenSuppress" computerName="QUICK-MINDS" duration="00:00:00.1069020" startTime="2025-06-25T12:18:24.9098435+02:00" endTime="2025-06-25T12:18:25.0167454+02:00" testType="13cdc9d9-ddb5-4fa4-a97d-d965ccfc6d4b" outcome="Passed" testListId="8c84fa94-04c1-424b-9868-57a2d4851a1d" relativeResultsDirectory="114c1f4a-a238-40b8-a26d-155e7ea8a6f3" />
    <UnitTestResult executionId="92e0922b-94ba-426a-9e6b-130975ebca82" testId="342dde3e-2973-a1aa-8806-93d2b36fb58a" testName="BypassedIPs_ShouldBypassAllBlockingRules" computerName="QUICK-MINDS" duration="00:00:00.0002270" startTime="2025-06-25T12:18:24.5380604+02:00" endTime="2025-06-25T12:18:24.5382878+02:00" testType="13cdc9d9-ddb5-4fa4-a97d-d965ccfc6d4b" outcome="Passed" testListId="8c84fa94-04c1-424b-9868-57a2d4851a1d" relativeResultsDirectory="92e0922b-94ba-426a-9e6b-130975ebca82" />
    <UnitTestResult executionId="89c3792f-4e04-4589-8c94-e4c90f08ff6c" testId="cc04b6cd-89f4-2042-cc81-3e4415758287" testName="Test_Path traversal bypass attempt with current directory" computerName="QUICK-MINDS" duration="00:00:00.0000050" startTime="2025-06-25T12:18:33.7685780+02:00" endTime="2025-06-25T12:18:33.7685830+02:00" testType="13cdc9d9-ddb5-4fa4-a97d-d965ccfc6d4b" outcome="Passed" testListId="8c84fa94-04c1-424b-9868-57a2d4851a1d" relativeResultsDirectory="89c3792f-4e04-4589-8c94-e4c90f08ff6c" />
    <UnitTestResult executionId="7af5b1a1-5d18-48c3-81e9-f6fe301cdbee" testId="7501ba45-0887-5124-bedf-f1341532c169" testName="ConfigChanged_WhenConfigVersionSame_ReturnsFalse" computerName="QUICK-MINDS" duration="00:00:00.1062470" startTime="2025-06-25T12:18:21.0151675+02:00" endTime="2025-06-25T12:18:21.1214139+02:00" testType="13cdc9d9-ddb5-4fa4-a97d-d965ccfc6d4b" outcome="Passed" testListId="8c84fa94-04c1-424b-9868-57a2d4851a1d" relativeResultsDirectory="7af5b1a1-5d18-48c3-81e9-f6fe301cdbee" />
    <UnitTestResult executionId="00440eda-e909-44a5-83ef-0d355d7562bb" testId="5ab1ed6d-0f8c-f7f0-7b73-d2664890508a" testName="Eviction_WithTiedFrequency_RemovesOneOfTheLFUItems_AfterAddOrUpdate" computerName="QUICK-MINDS" duration="00:00:00.0001499" startTime="2025-06-25T12:18:24.7992591+02:00" endTime="2025-06-25T12:18:24.7994087+02:00" testType="13cdc9d9-ddb5-4fa4-a97d-d965ccfc6d4b" outcome="Passed" testListId="8c84fa94-04c1-424b-9868-57a2d4851a1d" relativeResultsDirectory="00440eda-e909-44a5-83ef-0d355d7562bb" />
    <UnitTestResult executionId="c6614c13-879f-4aa3-a194-1e59f307cfa1" testId="c0fbc15b-e5c9-7166-531a-d363cca3d177" testName="ToAPIResponse_SuccessfulResponse_ShouldDeserializeContent" computerName="QUICK-MINDS" duration="00:00:00.0040380" startTime="2025-06-25T12:18:24.8231092+02:00" endTime="2025-06-25T12:18:24.8271471+02:00" testType="13cdc9d9-ddb5-4fa4-a97d-d965ccfc6d4b" outcome="Passed" testListId="8c84fa94-04c1-424b-9868-57a2d4851a1d" relativeResultsDirectory="c6614c13-879f-4aa3-a194-1e59f307cfa1" />
    <UnitTestResult executionId="de18332c-bb35-49b3-8580-368e16b0abeb" testId="a42cf65c-70eb-299a-6d27-e8a39d928d0d" testName="AddAttackDetected_ShouldIncrementAttacksDetected" computerName="QUICK-MINDS" duration="00:00:00.0003080" startTime="2025-06-25T12:18:20.3596922+02:00" endTime="2025-06-25T12:18:20.3599998+02:00" testType="13cdc9d9-ddb5-4fa4-a97d-d965ccfc6d4b" outcome="Passed" testListId="8c84fa94-04c1-424b-9868-57a2d4851a1d" relativeResultsDirectory="de18332c-bb35-49b3-8580-368e16b0abeb" />
    <UnitTestResult executionId="f114927e-0ff7-44cd-ac89-80a893864a7e" testId="293d8488-cc91-f922-e59e-8b9d701799e9" testName="ShouldHandleSlidingWindowWithBurstRequests" computerName="QUICK-MINDS" duration="00:00:02.1165240" startTime="2025-06-25T12:18:27.3101098+02:00" endTime="2025-06-25T12:18:29.4266330+02:00" testType="13cdc9d9-ddb5-4fa4-a97d-d965ccfc6d4b" outcome="Passed" testListId="8c84fa94-04c1-424b-9868-57a2d4851a1d" relativeResultsDirectory="f114927e-0ff7-44cd-ac89-80a893864a7e" />
    <UnitTestResult executionId="e746b984-69e2-41b9-8bcc-188d4529c926" testId="8b096e74-16e2-4d35-97de-d47e6937b466" testName="ScheduleEvent_WithValidParameters_ExecutesEventPeriodically" computerName="QUICK-MINDS" duration="00:00:00.5005410" startTime="2025-06-25T12:18:23.2492150+02:00" endTime="2025-06-25T12:18:23.7497557+02:00" testType="13cdc9d9-ddb5-4fa4-a97d-d965ccfc6d4b" outcome="Passed" testListId="8c84fa94-04c1-424b-9868-57a2d4851a1d" relativeResultsDirectory="e746b984-69e2-41b9-8bcc-188d4529c926" />
    <UnitTestResult executionId="6dab6fbd-12df-4cbd-88e2-e5c5ad0daded" testId="f634cd02-156b-15ed-5502-2f124d88ee91" testName="UpdateBlockedUserAgents_WithEmptyList_ShouldClearBlockedUserAgents" computerName="QUICK-MINDS" duration="00:00:00.0000560" startTime="2025-06-25T12:18:20.4005149+02:00" endTime="2025-06-25T12:18:20.4005706+02:00" testType="13cdc9d9-ddb5-4fa4-a97d-d965ccfc6d4b" outcome="Passed" testListId="8c84fa94-04c1-424b-9868-57a2d4851a1d" relativeResultsDirectory="6dab6fbd-12df-4cbd-88e2-e5c5ad0daded" />
    <UnitTestResult executionId="3eeba814-01c7-40e7-825a-fe5db3018bec" testId="9fe11765-2d20-5a3a-075f-b56022b409ec" testName="TryGet_FailsForNonExistentKey" computerName="QUICK-MINDS" duration="00:00:00.0000989" startTime="2025-06-25T12:18:24.8014554+02:00" endTime="2025-06-25T12:18:24.8015546+02:00" testType="13cdc9d9-ddb5-4fa4-a97d-d965ccfc6d4b" outcome="Passed" testListId="8c84fa94-04c1-424b-9868-57a2d4851a1d" relativeResultsDirectory="3eeba814-01c7-40e7-825a-fe5db3018bec" />
    <UnitTestResult executionId="7e3a4453-2b57-4e7a-8459-18ecc55ee7a8" testId="389fef4e-f5bd-102d-3223-de0e51a7dc8b" testName="AddUser_ShouldHandleNullGracefully" computerName="QUICK-MINDS" duration="00:00:00.0001700" startTime="2025-06-25T12:18:20.3917405+02:00" endTime="2025-06-25T12:18:20.3919106+02:00" testType="13cdc9d9-ddb5-4fa4-a97d-d965ccfc6d4b" outcome="Passed" testListId="8c84fa94-04c1-424b-9868-57a2d4851a1d" relativeResultsDirectory="7e3a4453-2b57-4e7a-8459-18ecc55ee7a8" />
    <UnitTestResult executionId="d5b60043-1946-4039-af1e-7fd33bef5441" testId="a72d58a4-06df-f1d0-71af-f261e800a37b" testName="GetBodyDataType_WithCharset_ReturnsCorrectType" computerName="QUICK-MINDS" duration="00:00:00.0001320" startTime="2025-06-25T12:18:24.8129268+02:00" endTime="2025-06-25T12:18:24.8130591+02:00" testType="13cdc9d9-ddb5-4fa4-a97d-d965ccfc6d4b" outcome="Passed" testListId="8c84fa94-04c1-424b-9868-57a2d4851a1d" relativeResultsDirectory="d5b60043-1946-4039-af1e-7fd33bef5441" />
    <UnitTestResult executionId="65ee902c-4339-4582-a8e7-6c0e75e750e8" testId="d5b1703c-029e-87cf-dd23-93bdb26936ca" testName="BuildRouteFromUrl_StaticFiles_DoesNotDetectAsSecrets" computerName="QUICK-MINDS" duration="00:00:00.0008940" startTime="2025-06-25T12:18:32.1400692+02:00" endTime="2025-06-25T12:18:32.1409630+02:00" testType="13cdc9d9-ddb5-4fa4-a97d-d965ccfc6d4b" outcome="Passed" testListId="8c84fa94-04c1-424b-9868-57a2d4851a1d" relativeResultsDirectory="65ee902c-4339-4582-a8e7-6c0e75e750e8" />
    <UnitTestResult executionId="e03f9384-4d0f-4eca-a3d7-23e3c40ecd4d" testId="c9398f68-8871-e531-582b-a830d0595c8e" testName="OnCommandExecuting_WithSQLInjection_ThrowsException" computerName="QUICK-MINDS" duration="00:00:00.0029250" startTime="2025-06-25T12:18:34.0355897+02:00" endTime="2025-06-25T12:18:34.0385142+02:00" testType="13cdc9d9-ddb5-4fa4-a97d-d965ccfc6d4b" outcome="Passed" testListId="8c84fa94-04c1-424b-9868-57a2d4851a1d" relativeResultsDirectory="e03f9384-4d0f-4eca-a3d7-23e3c40ecd4d">
      <Output>
        <StdOut>AIKIDO: Attack detected: SqlInjection in Body DbCommand.ExecuteNonQuery, blocked: True</StdOut>
      </Output>
    </UnitTestResult>
    <UnitTestResult executionId="b9ecb9a6-93c6-4a89-80b6-dce93b3e86ae" testId="7da2c1ac-c0dd-ed01-9d6c-24f20cc9af6d" testName="MergeApiAuthTypes_WithNullInputs_ReturnsNull" computerName="QUICK-MINDS" duration="00:00:00.0000200" startTime="2025-06-25T12:18:24.8827409+02:00" endTime="2025-06-25T12:18:24.8827607+02:00" testType="13cdc9d9-ddb5-4fa4-a97d-d965ccfc6d4b" outcome="Passed" testListId="8c84fa94-04c1-424b-9868-57a2d4851a1d" relativeResultsDirectory="b9ecb9a6-93c6-4a89-80b6-dce93b3e86ae" />
    <UnitTestResult executionId="52ea4499-2e17-40a2-b71e-433acfbf138e" testId="9219840b-9345-a2d1-a4c7-badfb7fe6df7" testName="OnFileOperation_WithSafePathAndNoMatchingUserInput_ReturnsTrue" computerName="QUICK-MINDS" duration="00:00:00.0001040" startTime="2025-06-25T12:18:32.6158307+02:00" endTime="2025-06-25T12:18:32.6159350+02:00" testType="13cdc9d9-ddb5-4fa4-a97d-d965ccfc6d4b" outcome="Passed" testListId="8c84fa94-04c1-424b-9868-57a2d4851a1d" relativeResultsDirectory="52ea4499-2e17-40a2-b71e-433acfbf138e" />
    <UnitTestResult executionId="5968e545-c8e6-4cd9-8fe7-7102c83f8de0" testId="3315b847-8788-e083-79ae-641e93cf2c9e" testName="AddAbortedRequest_ShouldIncrementRequestsAborted" computerName="QUICK-MINDS" duration="00:00:00.0013630" startTime="2025-06-25T12:18:20.3583158+02:00" endTime="2025-06-25T12:18:20.3596789+02:00" testType="13cdc9d9-ddb5-4fa4-a97d-d965ccfc6d4b" outcome="Passed" testListId="8c84fa94-04c1-424b-9868-57a2d4851a1d" relativeResultsDirectory="5968e545-c8e6-4cd9-8fe7-7102c83f8de0" />
    <UnitTestResult executionId="8c7c6924-9560-431d-980f-92dc1bf7b021" testId="7157d0be-b62f-021a-e3af-05bf367e0b8d" testName="GetBodyDataType_WithFormUrlEncoded_ReturnsFormUrlEncoded" computerName="QUICK-MINDS" duration="00:00:00.0000310" startTime="2025-06-25T12:18:24.8131061+02:00" endTime="2025-06-25T12:18:24.8131368+02:00" testType="13cdc9d9-ddb5-4fa4-a97d-d965ccfc6d4b" outcome="Passed" testListId="8c84fa94-04c1-424b-9868-57a2d4851a1d" relativeResultsDirectory="8c7c6924-9560-431d-980f-92dc1bf7b021" />
    <UnitTestResult executionId="ab803687-a5cf-4809-9c87-77952bc97cf4" testId="30a1c30a-c137-4984-a779-d5ac4f59fa58" testName="CleanStackTrace_ShouldRemoveZenLines" computerName="QUICK-MINDS" duration="00:00:00.0000540" startTime="2025-06-25T12:18:34.0411828+02:00" endTime="2025-06-25T12:18:34.0412369+02:00" testType="13cdc9d9-ddb5-4fa4-a97d-d965ccfc6d4b" outcome="Passed" testListId="8c84fa94-04c1-424b-9868-57a2d4851a1d" relativeResultsDirectory="ab803687-a5cf-4809-9c87-77952bc97cf4" />
    <UnitTestResult executionId="9f998f1a-543c-47c5-8f67-a8bfa2977b67" testId="b63aae22-1599-9ed9-14db-e30e50642fdc" testName="Test_SAFE: Constants with semicolons that are clearly non-executable" computerName="QUICK-MINDS" duration="00:00:00.0000030" startTime="2025-06-25T12:18:34.0294521+02:00" endTime="2025-06-25T12:18:34.0294548+02:00" testType="13cdc9d9-ddb5-4fa4-a97d-d965ccfc6d4b" outcome="Passed" testListId="8c84fa94-04c1-424b-9868-57a2d4851a1d" relativeResultsDirectory="9f998f1a-543c-47c5-8f67-a8bfa2977b67" />
    <UnitTestResult executionId="1a78239b-d1c4-40b5-a441-eb0571ae12e3" testId="7a46ee49-43da-b02f-bc95-4377601b6ae2" testName="GetApiAuthType_WithBasicAuth_ReturnsHttpBasic" computerName="QUICK-MINDS" duration="00:00:00.0002630" startTime="2025-06-25T12:18:24.8120770+02:00" endTime="2025-06-25T12:18:24.8123403+02:00" testType="13cdc9d9-ddb5-4fa4-a97d-d965ccfc6d4b" outcome="Passed" testListId="8c84fa94-04c1-424b-9868-57a2d4851a1d" relativeResultsDirectory="1a78239b-d1c4-40b5-a441-eb0571ae12e3" />
    <UnitTestResult executionId="9f311217-8716-4084-9538-5ee04639be12" testId="d1605620-bde0-5aa4-49d5-6f47168f3b89" testName="Properties_CanBeSetAndRetrieved" computerName="QUICK-MINDS" duration="00:00:00.0002620" startTime="2025-06-25T12:18:24.8028010+02:00" endTime="2025-06-25T12:18:24.8030625+02:00" testType="13cdc9d9-ddb5-4fa4-a97d-d965ccfc6d4b" outcome="Passed" testListId="8c84fa94-04c1-424b-9868-57a2d4851a1d" relativeResultsDirectory="9f311217-8716-4084-9538-5ee04639be12" />
    <UnitTestResult executionId="267f5818-f728-4365-8ae2-94dd93b3d7aa" testId="28d6d2e5-7c10-dc8e-9683-216aa084425f" testName="Test_SAFE: Dangerous looking command but safely quoted" computerName="QUICK-MINDS" duration="00:00:00.0000030" startTime="2025-06-25T12:18:34.0294598+02:00" endTime="2025-06-25T12:18:34.0294623+02:00" testType="13cdc9d9-ddb5-4fa4-a97d-d965ccfc6d4b" outcome="Passed" testListId="8c84fa94-04c1-424b-9868-57a2d4851a1d" relativeResultsDirectory="267f5818-f728-4365-8ae2-94dd93b3d7aa" />
    <UnitTestResult executionId="27694a01-b583-4ab4-82dd-cca9227b38fd" testId="5f212f1b-cd2a-0220-02c4-3bc86ec652d3" testName="GetBlockedIps_ShouldThrowExceptionOnError" computerName="QUICK-MINDS" duration="00:00:00.0015920" startTime="2025-06-25T12:18:33.9143190+02:00" endTime="2025-06-25T12:18:33.9159106+02:00" testType="13cdc9d9-ddb5-4fa4-a97d-d965ccfc6d4b" outcome="Passed" testListId="8c84fa94-04c1-424b-9868-57a2d4851a1d" relativeResultsDirectory="27694a01-b583-4ab4-82dd-cca9227b38fd" />
    <UnitTestResult executionId="1e6b0b6f-f1bd-4133-b0f5-f76b7be59e69" testId="5d8699ab-8541-ea93-9196-35c51f35dbce" testName="MergeApiAuthTypes_MergesCorrectly" computerName="QUICK-MINDS" duration="00:00:00.0012140" startTime="2025-06-25T12:18:24.8813931+02:00" endTime="2025-06-25T12:18:24.8826071+02:00" testType="13cdc9d9-ddb5-4fa4-a97d-d965ccfc6d4b" outcome="Passed" testListId="8c84fa94-04c1-424b-9868-57a2d4851a1d" relativeResultsDirectory="1e6b0b6f-f1bd-4133-b0f5-f76b7be59e69" />
    <UnitTestResult executionId="2eaac602-9209-46af-ac6e-39bad50cfe49" testId="02190df6-cbd9-ade0-e007-41b487abd1e2" testName="GetBodyDataType_WithVendorJsonContentType_ReturnsJson" computerName="QUICK-MINDS" duration="00:00:00.0000250" startTime="2025-06-25T12:18:24.8132678+02:00" endTime="2025-06-25T12:18:24.8132925+02:00" testType="13cdc9d9-ddb5-4fa4-a97d-d965ccfc6d4b" outcome="Passed" testListId="8c84fa94-04c1-424b-9868-57a2d4851a1d" relativeResultsDirectory="2eaac602-9209-46af-ac6e-39bad50cfe49" />
    <UnitTestResult executionId="0523767f-8ad9-463d-90be-4263d1ac0f69" testId="fc88df6f-416f-a8be-e6a0-021349d08fce" testName="Test_SAFE: New lines alone" computerName="QUICK-MINDS" duration="00:00:00.0000020" startTime="2025-06-25T12:18:34.0295458+02:00" endTime="2025-06-25T12:18:34.0295483+02:00" testType="13cdc9d9-ddb5-4fa4-a97d-d965ccfc6d4b" outcome="Passed" testListId="8c84fa94-04c1-424b-9868-57a2d4851a1d" relativeResultsDirectory="0523767f-8ad9-463d-90be-4263d1ac0f69" />
    <UnitTestResult executionId="009a7a5d-db67-4dd2-9779-2592a2dab074" testId="d44d1ca2-7ce6-f1b0-292c-c00539946d6d" testName="Test_Absolute Linux path" computerName="QUICK-MINDS" duration="00:00:00.0000040" startTime="2025-06-25T12:18:33.7686636+02:00" endTime="2025-06-25T12:18:33.7686675+02:00" testType="13cdc9d9-ddb5-4fa4-a97d-d965ccfc6d4b" outcome="Passed" testListId="8c84fa94-04c1-424b-9868-57a2d4851a1d" relativeResultsDirectory="009a7a5d-db67-4dd2-9779-2592a2dab074" />
    <UnitTestResult executionId="55fe882d-9b1e-496b-bd0d-e3e3a39a5345" testId="a6876685-977e-a7df-c66a-ed253f901f3f" testName="Test_Alternate data stream access" computerName="QUICK-MINDS" duration="00:00:00.0000040" startTime="2025-06-25T12:18:33.7686191+02:00" endTime="2025-06-25T12:18:33.7686234+02:00" testType="13cdc9d9-ddb5-4fa4-a97d-d965ccfc6d4b" outcome="Passed" testListId="8c84fa94-04c1-424b-9868-57a2d4851a1d" relativeResultsDirectory="55fe882d-9b1e-496b-bd0d-e3e3a39a5345" />
    <UnitTestResult executionId="bd161528-f06e-46d2-a512-b40097553740" testId="f04e2860-917f-edca-ffab-6da9aa5c341d" testName="BuildRouteFromUrl_Numbers_ReplacesWithNumberParam" computerName="QUICK-MINDS" duration="00:00:00.0001580" startTime="2025-06-25T12:18:32.1322190+02:00" endTime="2025-06-25T12:18:32.1323774+02:00" testType="13cdc9d9-ddb5-4fa4-a97d-d965ccfc6d4b" outcome="Passed" testListId="8c84fa94-04c1-424b-9868-57a2d4851a1d" relativeResultsDirectory="bd161528-f06e-46d2-a512-b40097553740" />
    <UnitTestResult executionId="5020b8cd-a7bc-4a37-ba89-f8579167b64a" testId="991cd43f-0e51-7883-0450-6e90fc9cb741" testName="Test_SAFE: Newline characters within quotes" computerName="QUICK-MINDS" duration="00:00:00.0000030" startTime="2025-06-25T12:18:34.0294642+02:00" endTime="2025-06-25T12:18:34.0294669+02:00" testType="13cdc9d9-ddb5-4fa4-a97d-d965ccfc6d4b" outcome="Passed" testListId="8c84fa94-04c1-424b-9868-57a2d4851a1d" relativeResultsDirectory="5020b8cd-a7bc-4a37-ba89-f8579167b64a" />
    <UnitTestResult executionId="fb402e46-16cf-4081-a962-769acc693ed0" testId="b2b8d599-8aad-8b6b-4539-2d28bf117ae3" testName="Test_SAFE: Single character backtick is safe" computerName="QUICK-MINDS" duration="00:00:00.0000930" startTime="2025-06-25T12:18:34.0287003+02:00" endTime="2025-06-25T12:18:34.0287936+02:00" testType="13cdc9d9-ddb5-4fa4-a97d-d965ccfc6d4b" outcome="Passed" testListId="8c84fa94-04c1-424b-9868-57a2d4851a1d" relativeResultsDirectory="fb402e46-16cf-4081-a962-769acc693ed0" />
    <UnitTestResult executionId="3f2f5f37-5926-475c-95c3-cefaa8bb749a" testId="dc1ddaf7-1e7c-b578-9c67-d426626760e3" testName="Test_INJECTION: Special character $ inside double quotes" computerName="QUICK-MINDS" duration="00:00:00.0000030" startTime="2025-06-25T12:18:34.0292067+02:00" endTime="2025-06-25T12:18:34.0292098+02:00" testType="13cdc9d9-ddb5-4fa4-a97d-d965ccfc6d4b" outcome="Passed" testListId="8c84fa94-04c1-424b-9868-57a2d4851a1d" relativeResultsDirectory="3f2f5f37-5926-475c-95c3-cefaa8bb749a" />
    <UnitTestResult executionId="3f41d784-bc0c-4df1-8e5c-3ef916b39898" testId="b93281d7-cf0b-1935-c456-23cff0fbadaf" testName="Test_application/json_3" computerName="QUICK-MINDS" duration="00:00:00.0001600" startTime="2025-06-25T12:18:24.8928768+02:00" endTime="2025-06-25T12:18:24.8930369+02:00" testType="13cdc9d9-ddb5-4fa4-a97d-d965ccfc6d4b" outcome="Passed" testListId="8c84fa94-04c1-424b-9868-57a2d4851a1d" relativeResultsDirectory="3f41d784-bc0c-4df1-8e5c-3ef916b39898" />
    <UnitTestResult executionId="464e3b79-3b1c-48f8-988f-1b32ed9401cd" testId="5662edf1-cef6-c7b7-d032-550d7e50eba2" testName="AddUser_ShouldAddUserToDictionary" computerName="QUICK-MINDS" duration="00:00:00.0004910" startTime="2025-06-25T12:18:20.3857012+02:00" endTime="2025-06-25T12:18:20.3861917+02:00" testType="13cdc9d9-ddb5-4fa4-a97d-d965ccfc6d4b" outcome="Passed" testListId="8c84fa94-04c1-424b-9868-57a2d4851a1d" relativeResultsDirectory="464e3b79-3b1c-48f8-988f-1b32ed9401cd" />
    <UnitTestResult executionId="cce713c0-885c-4f7c-b554-3383522dc8b4" testId="90a1a70d-8b86-3172-75b8-e0bd628c425c" testName="LooksLikeASecret_KnownSecrets_ReturnsTrue(&quot;hIofuWBifkJI5iVsSNKKKDpBfmMqJJwuXMxau6AS8WZaHVLDAMeJXo3BwsFyrIIm&quot;)" computerName="QUICK-MINDS" duration="00:00:00.0001000" startTime="2025-06-25T12:18:32.1425079+02:00" endTime="2025-06-25T12:18:32.1426077+02:00" testType="13cdc9d9-ddb5-4fa4-a97d-d965ccfc6d4b" outcome="Passed" testListId="8c84fa94-04c1-424b-9868-57a2d4851a1d" relativeResultsDirectory="cce713c0-885c-4f7c-b554-3383522dc8b4" />
    <UnitTestResult executionId="4fbe5a56-b543-4539-925f-f13e301ee46c" testId="05159f27-9cb4-9251-35fe-4693bfa2c103" testName="UpdateFirewallLists_WithNullResponse_ClearsFirewallLists" computerName="QUICK-MINDS" duration="00:00:00.0044929" startTime="2025-06-25T12:18:20.3497800+02:00" endTime="2025-06-25T12:18:20.3542730+02:00" testType="13cdc9d9-ddb5-4fa4-a97d-d965ccfc6d4b" outcome="Passed" testListId="8c84fa94-04c1-424b-9868-57a2d4851a1d" relativeResultsDirectory="4fbe5a56-b543-4539-925f-f13e301ee46c" />
    <UnitTestResult executionId="66d34093-f258-421a-b5f2-8c3ce5826697" testId="a3a08c92-c37a-65b4-aea5-de243381b9d4" testName="Test_INJECTION: Dangerous command shutdown -h now" computerName="QUICK-MINDS" duration="00:00:00.0000030" startTime="2025-06-25T12:18:34.0295712+02:00" endTime="2025-06-25T12:18:34.0295737+02:00" testType="13cdc9d9-ddb5-4fa4-a97d-d965ccfc6d4b" outcome="Passed" testListId="8c84fa94-04c1-424b-9868-57a2d4851a1d" relativeResultsDirectory="66d34093-f258-421a-b5f2-8c3ce5826697" />
    <UnitTestResult executionId="7f45cce8-6b1c-4ae4-ac2a-2d6c136f8cd4" testId="5e329bfb-a117-2af7-d4e4-de2dcd7c5748" testName="GetNextSegment_ShouldReturnExpectedResult(&quot;segment1/segment2&quot;,&quot;segment1&quot;,&quot;segment2&quot;)" computerName="QUICK-MINDS" duration="00:00:00.0001100" startTime="2025-06-25T12:18:32.3583616+02:00" endTime="2025-06-25T12:18:32.3584720+02:00" testType="13cdc9d9-ddb5-4fa4-a97d-d965ccfc6d4b" outcome="Passed" testListId="8c84fa94-04c1-424b-9868-57a2d4851a1d" relativeResultsDirectory="7f45cce8-6b1c-4ae4-ac2a-2d6c136f8cd4" />
    <UnitTestResult executionId="7724c261-ef07-4ba9-b45e-31b81247e7d1" testId="1a89d9c1-d708-1e74-ac5f-5c4532708430" testName="GetMethodFromAssembly_ValidMethod_ReturnsMethodInfo" computerName="QUICK-MINDS" duration="00:00:00.0002950" startTime="2025-06-25T12:18:32.1001944+02:00" endTime="2025-06-25T12:18:32.1004896+02:00" testType="13cdc9d9-ddb5-4fa4-a97d-d965ccfc6d4b" outcome="Passed" testListId="8c84fa94-04c1-424b-9868-57a2d4851a1d" relativeResultsDirectory="7724c261-ef07-4ba9-b45e-31b81247e7d1" />
    <UnitTestResult executionId="2d2046b4-32df-4e37-805a-61f885d0905b" testId="0d32e358-564f-257a-bea9-ad72c415e3e5" testName="Test_SAFE: Semicolon inside single quotes" computerName="QUICK-MINDS" duration="00:00:00.0000030" startTime="2025-06-25T12:18:34.0292288+02:00" endTime="2025-06-25T12:18:34.0292321+02:00" testType="13cdc9d9-ddb5-4fa4-a97d-d965ccfc6d4b" outcome="Passed" testListId="8c84fa94-04c1-424b-9868-57a2d4851a1d" relativeResultsDirectory="2d2046b4-32df-4e37-805a-61f885d0905b" />
    <UnitTestResult executionId="424231cb-6782-450f-9717-288f8e6535f3" testId="5f1695a8-3b1c-2779-1125-674955710aad" testName="GetBodyDataType_WithFormData_ReturnsFormData" computerName="QUICK-MINDS" duration="00:00:00.0000360" startTime="2025-06-25T12:18:24.8130682+02:00" endTime="2025-06-25T12:18:24.8131037+02:00" testType="13cdc9d9-ddb5-4fa4-a97d-d965ccfc6d4b" outcome="Passed" testListId="8c84fa94-04c1-424b-9868-57a2d4851a1d" relativeResultsDirectory="424231cb-6782-450f-9717-288f8e6535f3" />
    <UnitTestResult executionId="21382438-ae78-4469-981a-8c84e1ca8f06" testId="c835df69-83e1-e51b-fb77-b641aec411e2" testName="CaptureRequest_WithBaseAddressAndRequestUri_CombinesUris" computerName="QUICK-MINDS" duration="00:00:00.1085540" startTime="2025-06-25T12:18:32.4683193+02:00" endTime="2025-06-25T12:18:32.5768732+02:00" testType="13cdc9d9-ddb5-4fa4-a97d-d965ccfc6d4b" outcome="Passed" testListId="8c84fa94-04c1-424b-9868-57a2d4851a1d" relativeResultsDirectory="21382438-ae78-4469-981a-8c84e1ca8f06">
      <Output>
        <StdOut>AIKIDO: Capturing outbound request to host: base.com</StdOut>
      </Output>
    </UnitTestResult>
    <UnitTestResult executionId="322a3e81-74eb-46cc-96e5-c0f0c5696873" testId="8a6701b8-1601-87a0-8f83-90309b37b232" testName="MergeDataSchemas_WithDifferentFormats_ClearsFormat" computerName="QUICK-MINDS" duration="00:00:00.0000900" startTime="2025-06-25T12:18:32.1445660+02:00" endTime="2025-06-25T12:18:32.1446561+02:00" testType="13cdc9d9-ddb5-4fa4-a97d-d965ccfc6d4b" outcome="Passed" testListId="8c84fa94-04c1-424b-9868-57a2d4851a1d" relativeResultsDirectory="322a3e81-74eb-46cc-96e5-c0f0c5696873" />
    <UnitTestResult executionId="9e4b7dc9-78fc-4f03-9e65-6dba9ffa00fd" testId="1c4f7461-d775-4cdf-9cb4-75ed7871dbcf" testName="UpdateBlockedUsers_WithEmptyList_ShouldClearBlockedUsers" computerName="QUICK-MINDS" duration="00:00:00.0000510" startTime="2025-06-25T12:18:20.4006479+02:00" endTime="2025-06-25T12:18:20.4006987+02:00" testType="13cdc9d9-ddb5-4fa4-a97d-d965ccfc6d4b" outcome="Passed" testListId="8c84fa94-04c1-424b-9868-57a2d4851a1d" relativeResultsDirectory="9e4b7dc9-78fc-4f03-9e65-6dba9ffa00fd" />
    <UnitTestResult executionId="2bc7c1d0-ac18-46f5-898e-436fc0417e67" testId="2c02620c-9091-40cc-f3b5-dc6472466956" testName="InsertRange_ShouldInsertCIDRRange" computerName="QUICK-MINDS" duration="00:00:00.0001410" startTime="2025-06-25T12:18:32.6172831+02:00" endTime="2025-06-25T12:18:32.6174244+02:00" testType="13cdc9d9-ddb5-4fa4-a97d-d965ccfc6d4b" outcome="Passed" testListId="8c84fa94-04c1-424b-9868-57a2d4851a1d" relativeResultsDirectory="2bc7c1d0-ac18-46f5-898e-436fc0417e67" />
    <UnitTestResult executionId="106274b9-68eb-4d76-b865-033e5be4bf57" testId="2c226702-7d41-d4fd-88fe-cfc6e3f6e61f" testName="OnFileOperation_AbsoluteInput_ThrowsExceptionWhenBlocking(&quot;c:/windows/system32/cmd.exe&quot;)" computerName="QUICK-MINDS" duration="00:00:00.0004360" startTime="2025-06-25T12:18:32.6138489+02:00" endTime="2025-06-25T12:18:32.6142845+02:00" testType="13cdc9d9-ddb5-4fa4-a97d-d965ccfc6d4b" outcome="Passed" testListId="8c84fa94-04c1-424b-9868-57a2d4851a1d" relativeResultsDirectory="106274b9-68eb-4d76-b865-033e5be4bf57">
      <Output>
        <StdOut>AIKIDO: Attack detected: PathTraversal in Body File.ReadAllBytes, blocked: True</StdOut>
      </Output>
    </UnitTestResult>
    <UnitTestResult executionId="09228e8a-2649-4127-b59a-cacad4661c00" testId="0faa6b94-25d8-bc6c-0511-4da4672e3b95" testName="GetConfigVersion_ShouldThrowExceptionOnError" computerName="QUICK-MINDS" duration="00:00:00.0006700" startTime="2025-06-25T12:18:34.0276497+02:00" endTime="2025-06-25T12:18:34.0283196+02:00" testType="13cdc9d9-ddb5-4fa4-a97d-d965ccfc6d4b" outcome="Passed" testListId="8c84fa94-04c1-424b-9868-57a2d4851a1d" relativeResultsDirectory="09228e8a-2649-4127-b59a-cacad4661c00" />
    <UnitTestResult executionId="935af840-1f0b-4307-ad09-36b40d05fe7a" testId="f430995c-c2d1-8efb-28c6-fd012f9d3df7" testName="ShouldHandleMixedIPv4AndIPv6" computerName="QUICK-MINDS" duration="00:00:00.0002250" startTime="2025-06-25T12:18:32.6182010+02:00" endTime="2025-06-25T12:18:32.6184255+02:00" testType="13cdc9d9-ddb5-4fa4-a97d-d965ccfc6d4b" outcome="Passed" testListId="8c84fa94-04c1-424b-9868-57a2d4851a1d" relativeResultsDirectory="935af840-1f0b-4307-ad09-36b40d05fe7a" />
    <UnitTestResult executionId="bb55212c-ca30-452b-9703-9950f2ce8cec" testId="83d74768-9084-1216-a2c8-9d2d146c40d4" testName="LooksLikeASecret_LongStrings_ReturnsTrue(&quot;:2fbg;:qf$BRBc&lt;2AG8&amp;&quot;)" computerName="QUICK-MINDS" duration="00:00:00.0000630" startTime="2025-06-25T12:18:32.1427366+02:00" endTime="2025-06-25T12:18:32.1428000+02:00" testType="13cdc9d9-ddb5-4fa4-a97d-d965ccfc6d4b" outcome="Passed" testListId="8c84fa94-04c1-424b-9868-57a2d4851a1d" relativeResultsDirectory="bb55212c-ca30-452b-9703-9950f2ce8cec" />
    <UnitTestResult executionId="f9f1a39f-de06-4037-979d-74c7d0e889f4" testId="b2fa9d7a-2123-a5ae-3387-221b98961f1b" testName="BuildRouteFromUrl_InvalidUrls_ReturnsNull" computerName="QUICK-MINDS" duration="00:00:00.0001100" startTime="2025-06-25T12:18:32.1288108+02:00" endTime="2025-06-25T12:18:32.1289210+02:00" testType="13cdc9d9-ddb5-4fa4-a97d-d965ccfc6d4b" outcome="Passed" testListId="8c84fa94-04c1-424b-9868-57a2d4851a1d" relativeResultsDirectory="f9f1a39f-de06-4037-979d-74c7d0e889f4" />
    <UnitTestResult executionId="5dcdff9c-7cbe-4467-82b3-9c0fa132fde8" testId="d5968110-810b-e649-1068-9b14568dc00c" testName="GetBodyDataType_WithMixedCase_ReturnsCorrectType" computerName="QUICK-MINDS" duration="00:00:00.0000240" startTime="2025-06-25T12:18:24.8131642+02:00" endTime="2025-06-25T12:18:24.8131885+02:00" testType="13cdc9d9-ddb5-4fa4-a97d-d965ccfc6d4b" outcome="Passed" testListId="8c84fa94-04c1-424b-9868-57a2d4851a1d" relativeResultsDirectory="5dcdff9c-7cbe-4467-82b3-9c0fa132fde8" />
    <UnitTestResult executionId="4bb0a0c1-845e-43d8-8e8d-f246c68da334" testId="006bd58f-0737-1e2d-809b-23d50ceef4d0" testName="DetectPathTraversal_WithMixedArrayContent_DetectsTraversal" computerName="QUICK-MINDS" duration="00:00:00.0017420" startTime="2025-06-25T12:18:25.0232173+02:00" endTime="2025-06-25T12:18:25.0249592+02:00" testType="13cdc9d9-ddb5-4fa4-a97d-d965ccfc6d4b" outcome="Passed" testListId="8c84fa94-04c1-424b-9868-57a2d4851a1d" relativeResultsDirectory="4bb0a0c1-845e-43d8-8e8d-f246c68da334">
      <Output>
        <StdOut>AIKIDO: Attack detected: PathTraversal in Query TestOperation, blocked: False</StdOut>
      </Output>
    </UnitTestResult>
    <UnitTestResult executionId="0556461d-8e3f-4427-8d86-13da9cc7a060" testId="5dc03c1b-6014-45c9-64d6-1a3e8ef83198" testName="Test_Program Files environment variable" computerName="QUICK-MINDS" duration="00:00:00.0000040" startTime="2025-06-25T12:18:33.7686135+02:00" endTime="2025-06-25T12:18:33.7686177+02:00" testType="13cdc9d9-ddb5-4fa4-a97d-d965ccfc6d4b" outcome="Passed" testListId="8c84fa94-04c1-424b-9868-57a2d4851a1d" relativeResultsDirectory="0556461d-8e3f-4427-8d86-13da9cc7a060" />
    <UnitTestResult executionId="7fec4659-cc37-4977-bd82-dbfd33ea345f" testId="13675fa4-0ada-f587-5c98-d75acb1c8f1e" testName="ConstructHeartbeat_WithOnlyContextMiddlewareInstalled_SetsMiddlewareInstalledToFalse" computerName="QUICK-MINDS" duration="00:00:00.0007900" startTime="2025-06-25T12:18:21.1339497+02:00" endTime="2025-06-25T12:18:21.1347377+02:00" testType="13cdc9d9-ddb5-4fa4-a97d-d965ccfc6d4b" outcome="Passed" testListId="8c84fa94-04c1-424b-9868-57a2d4851a1d" relativeResultsDirectory="7fec4659-cc37-4977-bd82-dbfd33ea345f" />
    <UnitTestResult executionId="4feac865-e3aa-46f5-8a22-a90cec73d2e5" testId="7a016257-4533-cf8a-7e0f-0f3f8a30efd1" testName="MatchRoute_ShouldReturnExpectedResult(&quot;/api/{id}/details/{subId}&quot;,&quot;/api/123/details/&quot;,False)" computerName="QUICK-MINDS" duration="00:00:00.0000030" startTime="2025-06-25T12:18:32.1073465+02:00" endTime="2025-06-25T12:18:32.1073499+02:00" testType="13cdc9d9-ddb5-4fa4-a97d-d965ccfc6d4b" outcome="Passed" testListId="8c84fa94-04c1-424b-9868-57a2d4851a1d" relativeResultsDirectory="4feac865-e3aa-46f5-8a22-a90cec73d2e5" />
    <UnitTestResult executionId="03dc2530-2f35-413b-aef3-b27a5b6fc6a6" testId="9e7ed8ff-7afe-ec90-aed0-611376c7d5f0" testName="Test_Single character file path" computerName="QUICK-MINDS" duration="00:00:00.0000020" startTime="2025-06-25T12:18:33.7685434+02:00" endTime="2025-06-25T12:18:33.7685458+02:00" testType="13cdc9d9-ddb5-4fa4-a97d-d965ccfc6d4b" outcome="Passed" testListId="8c84fa94-04c1-424b-9868-57a2d4851a1d" relativeResultsDirectory="03dc2530-2f35-413b-aef3-b27a5b6fc6a6" />
    <UnitTestResult executionId="62cb2f82-b287-4664-b762-5eb616215809" testId="b7f27af9-3631-b311-f52b-4a431ead8a04" testName="Properties_WithNullCollections_HandledGracefully" computerName="QUICK-MINDS" duration="00:00:00.0001230" startTime="2025-06-25T12:18:33.9225769+02:00" endTime="2025-06-25T12:18:33.9226996+02:00" testType="13cdc9d9-ddb5-4fa4-a97d-d965ccfc6d4b" outcome="Passed" testListId="8c84fa94-04c1-424b-9868-57a2d4851a1d" relativeResultsDirectory="62cb2f82-b287-4664-b762-5eb616215809" />
    <UnitTestResult executionId="0fa79232-39f2-46db-9f42-0ac3cdbd50ab" testId="36fe8569-27ca-4fb4-12cd-2c1a1800787c" testName="MatchEndpoints_NoUrlAndNoRoute_ShouldReturnEmptyList" computerName="QUICK-MINDS" duration="00:00:00.0000500" startTime="2025-06-25T12:18:32.1036379+02:00" endTime="2025-06-25T12:18:32.1036871+02:00" testType="13cdc9d9-ddb5-4fa4-a97d-d965ccfc6d4b" outcome="Passed" testListId="8c84fa94-04c1-424b-9868-57a2d4851a1d" relativeResultsDirectory="0fa79232-39f2-46db-9f42-0ac3cdbd50ab" />
    <UnitTestResult executionId="fc8bfe19-32d2-44f0-9f05-a8825c1f49dc" testId="4670b588-e4f2-c734-9d9c-fbd52b37a6b5" testName="DryMode_ShouldReturnFalse_WhenEnvironmentVariableIsTrue" computerName="QUICK-MINDS" duration="00:00:00.0000300" startTime="2025-06-25T12:18:24.8901328+02:00" endTime="2025-06-25T12:18:24.8901627+02:00" testType="13cdc9d9-ddb5-4fa4-a97d-d965ccfc6d4b" outcome="Passed" testListId="8c84fa94-04c1-424b-9868-57a2d4851a1d" relativeResultsDirectory="fc8bfe19-32d2-44f0-9f05-a8825c1f49dc" />
    <UnitTestResult executionId="3285330a-50f0-4fd4-9ac0-50eabd75da4a" testId="d6a15c7e-d9dd-580a-d9b0-6705b3721ed2" testName="EndpointMatching_WithWildcards_ShouldMatchCorrectly" computerName="QUICK-MINDS" duration="00:00:00.0002410" startTime="2025-06-25T12:18:24.5396827+02:00" endTime="2025-06-25T12:18:24.5399233+02:00" testType="13cdc9d9-ddb5-4fa4-a97d-d965ccfc6d4b" outcome="Passed" testListId="8c84fa94-04c1-424b-9868-57a2d4851a1d" relativeResultsDirectory="3285330a-50f0-4fd4-9ac0-50eabd75da4a" />
    <UnitTestResult executionId="e94416c8-88bb-4247-a0de-1d542ba7bf4f" testId="6b136e6f-80df-f056-108e-662f2e27a529" testName="BuildRouteFromUrl_Secrets_ReplacesWithSecretParam" computerName="QUICK-MINDS" duration="00:00:00.0075350" startTime="2025-06-25T12:18:32.1325027+02:00" endTime="2025-06-25T12:18:32.1400371+02:00" testType="13cdc9d9-ddb5-4fa4-a97d-d965ccfc6d4b" outcome="Passed" testListId="8c84fa94-04c1-424b-9868-57a2d4851a1d" relativeResultsDirectory="e94416c8-88bb-4247-a0de-1d542ba7bf4f" />
    <UnitTestResult executionId="19335daa-990b-4e3e-91d2-1c7ecd1786d0" testId="2d22d8c9-7b08-c47c-a551-72522d666979" testName="GetApiAuthType_WithApiKey_ReturnsApiKeyType" computerName="QUICK-MINDS" duration="00:00:00.0010039" startTime="2025-06-25T12:18:24.8106781+02:00" endTime="2025-06-25T12:18:24.8116826+02:00" testType="13cdc9d9-ddb5-4fa4-a97d-d965ccfc6d4b" outcome="Passed" testListId="8c84fa94-04c1-424b-9868-57a2d4851a1d" relativeResultsDirectory="19335daa-990b-4e3e-91d2-1c7ecd1786d0" />
    <UnitTestResult executionId="37eeff56-0189-4324-a700-31bac8cf8bbb" testId="9993827a-ad77-1054-2e56-75328f0197fe" testName="TruncateStackTrace_ShortStackTrace_ShouldNotTruncate" computerName="QUICK-MINDS" duration="00:00:00.0000540" startTime="2025-06-25T12:18:34.0412936+02:00" endTime="2025-06-25T12:18:34.0413480+02:00" testType="13cdc9d9-ddb5-4fa4-a97d-d965ccfc6d4b" outcome="Passed" testListId="8c84fa94-04c1-424b-9868-57a2d4851a1d" relativeResultsDirectory="37eeff56-0189-4324-a700-31bac8cf8bbb" />
    <UnitTestResult executionId="92653cc2-97f7-4956-8674-f89d5af1b495" testId="e0bd5fdf-af0a-03d8-e7e9-12a8d65bcf5f" testName="Test_Windows drive letter access" computerName="QUICK-MINDS" duration="00:00:00.0000030" startTime="2025-06-25T12:18:33.7686025+02:00" endTime="2025-06-25T12:18:33.7686058+02:00" testType="13cdc9d9-ddb5-4fa4-a97d-d965ccfc6d4b" outcome="Passed" testListId="8c84fa94-04c1-424b-9868-57a2d4851a1d" relativeResultsDirectory="92653cc2-97f7-4956-8674-f89d5af1b495" />
    <UnitTestResult executionId="9e89bbd9-02b2-4d39-b23b-52d0cfb58753" testId="461c53aa-fa72-7834-17f2-4cfeb72cb145" testName="GetStringFormat_WithValidDateTime_ReturnsDateTimeFormat" computerName="QUICK-MINDS" duration="00:00:00.0000720" startTime="2025-06-25T12:18:32.3574361+02:00" endTime="2025-06-25T12:18:32.3575080+02:00" testType="13cdc9d9-ddb5-4fa4-a97d-d965ccfc6d4b" outcome="Passed" testListId="8c84fa94-04c1-424b-9868-57a2d4851a1d" relativeResultsDirectory="9e89bbd9-02b2-4d39-b23b-52d0cfb58753" />
    <UnitTestResult executionId="5bafc37c-6880-434f-ac16-a12846ebc752" testId="1b1a80b9-e2a1-7f2d-1d88-b54778e68b98" testName="Test_SAFE: Nested command substitution inside single quotes" computerName="QUICK-MINDS" duration="00:00:00.0000030" startTime="2025-06-25T12:18:34.0291827+02:00" endTime="2025-06-25T12:18:34.0291853+02:00" testType="13cdc9d9-ddb5-4fa4-a97d-d965ccfc6d4b" outcome="Passed" testListId="8c84fa94-04c1-424b-9868-57a2d4851a1d" relativeResultsDirectory="5bafc37c-6880-434f-ac16-a12846ebc752" />
    <UnitTestResult executionId="8e66f2ce-6662-494a-8062-3836de9c6a1f" testId="6d0e85be-6133-d32b-a1e3-e212f436f307" testName="MatchRoute_ShouldReturnExpectedResult(&quot;/api/{id}/details/{subId}&quot;,&quot;/api/123/details/456&quot;,True)" computerName="QUICK-MINDS" duration="00:00:00.0000050" startTime="2025-06-25T12:18:32.1073383+02:00" endTime="2025-06-25T12:18:32.1073437+02:00" testType="13cdc9d9-ddb5-4fa4-a97d-d965ccfc6d4b" outcome="Passed" testListId="8c84fa94-04c1-424b-9868-57a2d4851a1d" relativeResultsDirectory="8e66f2ce-6662-494a-8062-3836de9c6a1f" />
    <UnitTestResult executionId="06658d39-c849-463a-b55b-056a0e81a5f1" testId="5aec3940-508c-83a0-6c1e-d8d6abd321bd" testName="ToAPIResponse_RateLimited_ShouldReturnRateLimitedResponse" computerName="QUICK-MINDS" duration="00:00:00.0001650" startTime="2025-06-25T12:18:24.8229401+02:00" endTime="2025-06-25T12:18:24.8231046+02:00" testType="13cdc9d9-ddb5-4fa4-a97d-d965ccfc6d4b" outcome="Passed" testListId="8c84fa94-04c1-424b-9868-57a2d4851a1d" relativeResultsDirectory="06658d39-c849-463a-b55b-056a0e81a5f1" />
    <UnitTestResult executionId="57489072-3531-4ef1-b02d-c59cfdb14b25" testId="ad455cc7-112b-0452-cbf5-0889be5c9f86" testName="OnRequest_IncrementsRequestTotal" computerName="QUICK-MINDS" duration="00:00:00.0001570" startTime="2025-06-25T12:18:34.0759092+02:00" endTime="2025-06-25T12:18:34.0760663+02:00" testType="13cdc9d9-ddb5-4fa4-a97d-d965ccfc6d4b" outcome="Passed" testListId="8c84fa94-04c1-424b-9868-57a2d4851a1d" relativeResultsDirectory="57489072-3531-4ef1-b02d-c59cfdb14b25" />
    <UnitTestResult executionId="2cf6743f-c558-4b76-b1aa-375a13a4e00a" testId="e04b9cad-ca11-6bc7-c00a-0bdc7560c445" testName="LooksLikeASecret_CommonUrlTerms_ReturnsFalse(&quot;environment&quot;)" computerName="QUICK-MINDS" duration="00:00:00.0000040" startTime="2025-06-25T12:18:32.1423410+02:00" endTime="2025-06-25T12:18:32.1423453+02:00" testType="13cdc9d9-ddb5-4fa4-a97d-d965ccfc6d4b" outcome="Passed" testListId="8c84fa94-04c1-424b-9868-57a2d4851a1d" relativeResultsDirectory="2cf6743f-c558-4b76-b1aa-375a13a4e00a" />
    <UnitTestResult executionId="9d0958d0-2b11-4b4d-acd8-6af7055e8a7c" testId="cf296093-0bca-3e6c-1e97-30953fa94ad6" testName="QueueEvent_WithNullEvent_ThrowsArgumentNullException" computerName="QUICK-MINDS" duration="00:00:00.0008410" startTime="2025-06-25T12:18:21.6522170+02:00" endTime="2025-06-25T12:18:21.6530577+02:00" testType="13cdc9d9-ddb5-4fa4-a97d-d965ccfc6d4b" outcome="Passed" testListId="8c84fa94-04c1-424b-9868-57a2d4851a1d" relativeResultsDirectory="9d0958d0-2b11-4b4d-acd8-6af7055e8a7c" />
    <UnitTestResult executionId="fb3e1eb1-a117-4492-9836-de3e98149a5e" testId="15b969f5-2281-e239-f782-9f7aa3f1c40e" testName="Ips_WithMultipleBlockedIpLists_ReturnsAllIps" computerName="QUICK-MINDS" duration="00:00:00.0010110" startTime="2025-06-25T12:18:24.5367960+02:00" endTime="2025-06-25T12:18:24.5378069+02:00" testType="13cdc9d9-ddb5-4fa4-a97d-d965ccfc6d4b" outcome="Passed" testListId="8c84fa94-04c1-424b-9868-57a2d4851a1d" relativeResultsDirectory="fb3e1eb1-a117-4492-9836-de3e98149a5e" />
    <UnitTestResult executionId="763ca1ab-a8bc-486f-a207-f6609a83f729" testId="d2791d15-26a3-c6ea-77f8-8f55bd9ee9be" testName="IsAllowed_ShouldAllowUpToMaxRequestsWithinWindow" computerName="QUICK-MINDS" duration="00:00:00.0001650" startTime="2025-06-25T12:18:25.0301734+02:00" endTime="2025-06-25T12:18:25.0303385+02:00" testType="13cdc9d9-ddb5-4fa4-a97d-d965ccfc6d4b" outcome="Passed" testListId="8c84fa94-04c1-424b-9868-57a2d4851a1d" relativeResultsDirectory="763ca1ab-a8bc-486f-a207-f6609a83f729" />
    <UnitTestResult executionId="897378a3-655a-4b9a-bd95-2e4b4c4252a1" testId="578c8fe1-acb0-2101-03c4-b370966e8b23" testName="Test_multipart/form-data; boundary=boundary_8" computerName="QUICK-MINDS" duration="00:00:00.0001760" startTime="2025-06-25T12:18:24.9066447+02:00" endTime="2025-06-25T12:18:24.9068210+02:00" testType="13cdc9d9-ddb5-4fa4-a97d-d965ccfc6d4b" outcome="Passed" testListId="8c84fa94-04c1-424b-9868-57a2d4851a1d" relativeResultsDirectory="897378a3-655a-4b9a-bd95-2e4b4c4252a1" />
    <UnitTestResult executionId="3ba13082-d820-4f33-8647-759b7d2942be" testId="5dfc9315-261c-f71a-ec31-b1cac33e1fb2" testName="UserConstructor_ShouldThrowException_WhenIdIsNull" computerName="QUICK-MINDS" duration="00:00:00.0001740" startTime="2025-06-25T12:18:34.0871769+02:00" endTime="2025-06-25T12:18:34.0873505+02:00" testType="13cdc9d9-ddb5-4fa4-a97d-d965ccfc6d4b" outcome="Passed" testListId="8c84fa94-04c1-424b-9868-57a2d4851a1d" relativeResultsDirectory="3ba13082-d820-4f33-8647-759b7d2942be" />
    <UnitTestResult executionId="2bf2f812-41d2-4030-a529-41e3baef106a" testId="e85ecbf1-77ce-0d98-0c41-7786dbd5a4a2" testName="Test_SAFE: Command substitution inside single quotes" computerName="QUICK-MINDS" duration="00:00:00.0000030" startTime="2025-06-25T12:18:34.0291779+02:00" endTime="2025-06-25T12:18:34.0291812+02:00" testType="13cdc9d9-ddb5-4fa4-a97d-d965ccfc6d4b" outcome="Passed" testListId="8c84fa94-04c1-424b-9868-57a2d4851a1d" relativeResultsDirectory="2bf2f812-41d2-4030-a529-41e3baef106a" />
    <UnitTestResult executionId="2a81f29f-108e-4d76-b4d9-4a66a65932c5" testId="9caec799-efdc-8bd6-f3a4-e02b7987cbb9" testName="Test_application/json_1" computerName="QUICK-MINDS" duration="00:00:00.0004170" startTime="2025-06-25T12:18:24.8924221+02:00" endTime="2025-06-25T12:18:24.8928392+02:00" testType="13cdc9d9-ddb5-4fa4-a97d-d965ccfc6d4b" outcome="Passed" testListId="8c84fa94-04c1-424b-9868-57a2d4851a1d" relativeResultsDirectory="2a81f29f-108e-4d76-b4d9-4a66a65932c5" />
    <UnitTestResult executionId="debe5b9e-b21f-4366-b3ac-d257d60e7fb8" testId="3355bd50-199f-21e8-f4a5-bb899b1c7aed" testName="Test_INJECTION: Dangerous command poweroff" computerName="QUICK-MINDS" duration="00:00:00.0000040" startTime="2025-06-25T12:18:34.0295875+02:00" endTime="2025-06-25T12:18:34.0295918+02:00" testType="13cdc9d9-ddb5-4fa4-a97d-d965ccfc6d4b" outcome="Passed" testListId="8c84fa94-04c1-424b-9868-57a2d4851a1d" relativeResultsDirectory="debe5b9e-b21f-4366-b3ac-d257d60e7fb8" />
    <UnitTestResult executionId="27ca87d2-b922-49b2-b18d-c6091994f8fc" testId="0c9625c5-2048-e957-12cf-61bed01f1335" testName="Test_Single character user input" computerName="QUICK-MINDS" duration="00:00:00.0000020" startTime="2025-06-25T12:18:33.7685471+02:00" endTime="2025-06-25T12:18:33.7685494+02:00" testType="13cdc9d9-ddb5-4fa4-a97d-d965ccfc6d4b" outcome="Passed" testListId="8c84fa94-04c1-424b-9868-57a2d4851a1d" relativeResultsDirectory="27ca87d2-b922-49b2-b18d-c6091994f8fc" />
    <UnitTestResult executionId="0d16eff9-cc80-4bbc-a2f4-9ce61e3bae40" testId="d1f715eb-2804-d6ff-b661-935edbd9603a" testName="BuildRouteFromUrl_ObjectIDs_ReplacesWithObjectIdParam" computerName="QUICK-MINDS" duration="00:00:00.0000560" startTime="2025-06-25T12:18:32.1323873+02:00" endTime="2025-06-25T12:18:32.1324429+02:00" testType="13cdc9d9-ddb5-4fa4-a97d-d965ccfc6d4b" outcome="Passed" testListId="8c84fa94-04c1-424b-9868-57a2d4851a1d" relativeResultsDirectory="0d16eff9-cc80-4bbc-a2f4-9ce61e3bae40" />
    <UnitTestResult executionId="3d0f0483-62d1-4e73-950b-8333e9ff4675" testId="314a5da0-e474-4193-47a3-a6f3d3e8c1e7" testName="Constructor_WithoutLogger_ShouldNotThrowException" computerName="QUICK-MINDS" duration="00:00:00.0004160" startTime="2025-06-25T12:18:24.5231603+02:00" endTime="2025-06-25T12:18:24.5235759+02:00" testType="13cdc9d9-ddb5-4fa4-a97d-d965ccfc6d4b" outcome="Passed" testListId="8c84fa94-04c1-424b-9868-57a2d4851a1d" relativeResultsDirectory="3d0f0483-62d1-4e73-950b-8333e9ff4675" />
    <UnitTestResult executionId="0ae8edbb-0f5a-4ca3-8b0f-ca71538ae429" testId="e21c1a77-54df-4cdd-58a7-5c1d42fd27f7" testName="MatchRoute_ShouldReturnExpectedResult(&quot;/api/{id}/details/{subId}&quot;,&quot;/api/123/details/456/extra&quot;,False)" computerName="QUICK-MINDS" duration="00:00:00.0000040" startTime="2025-06-25T12:18:32.1073518+02:00" endTime="2025-06-25T12:18:32.1073553+02:00" testType="13cdc9d9-ddb5-4fa4-a97d-d965ccfc6d4b" outcome="Passed" testListId="8c84fa94-04c1-424b-9868-57a2d4851a1d" relativeResultsDirectory="0ae8edbb-0f5a-4ca3-8b0f-ca71538ae429" />
    <UnitTestResult executionId="50580276-75e1-4b2e-8126-0aa9a8461a33" testId="7bc7b743-c725-2ed1-e181-a52b49a34c4e" testName="CleanVersion_ShouldRemovePrereleaseVersion" computerName="QUICK-MINDS" duration="00:00:00.0000510" startTime="2025-06-25T12:18:24.8053799+02:00" endTime="2025-06-25T12:18:24.8054310+02:00" testType="13cdc9d9-ddb5-4fa4-a97d-d965ccfc6d4b" outcome="Passed" testListId="8c84fa94-04c1-424b-9868-57a2d4851a1d" relativeResultsDirectory="50580276-75e1-4b2e-8126-0aa9a8461a33" />
    <UnitTestResult executionId="f2a3b034-a6c2-4a05-a617-ee5c1723900f" testId="97a25907-e557-ed45-fdf3-1462f4770b4e" testName="UpdateConfig_ShouldUpdateAllConfigurationAspects" computerName="QUICK-MINDS" duration="00:00:00.0008800" startTime="2025-06-25T12:18:20.4007009+02:00" endTime="2025-06-25T12:18:20.4015804+02:00" testType="13cdc9d9-ddb5-4fa4-a97d-d965ccfc6d4b" outcome="Passed" testListId="8c84fa94-04c1-424b-9868-57a2d4851a1d" relativeResultsDirectory="f2a3b034-a6c2-4a05-a617-ee5c1723900f" />
    <UnitTestResult executionId="b6557fba-b82f-4c0b-8b09-54327125238e" testId="48236f99-c478-fe6c-4742-098b38e34888" testName="BuildRouteFromUrl_EmailAddresses_ReplacesWithEmailParam" computerName="QUICK-MINDS" duration="00:00:00.0037750" startTime="2025-06-25T12:18:32.1222417+02:00" endTime="2025-06-25T12:18:32.1260166+02:00" testType="13cdc9d9-ddb5-4fa4-a97d-d965ccfc6d4b" outcome="Passed" testListId="8c84fa94-04c1-424b-9868-57a2d4851a1d" relativeResultsDirectory="b6557fba-b82f-4c0b-8b09-54327125238e" />
    <UnitTestResult executionId="86b71bc8-4963-49b7-8384-c7dc7f09b1ca" testId="fbafdcb1-22a6-2f41-860f-99a1c566e89b" testName="DebugLog_ShouldNotLogMessage_WhenIsDebuggingIsFalse" computerName="QUICK-MINDS" duration="00:00:00.0006370" startTime="2025-06-25T12:18:25.0207100+02:00" endTime="2025-06-25T12:18:25.0213465+02:00" testType="13cdc9d9-ddb5-4fa4-a97d-d965ccfc6d4b" outcome="Passed" testListId="8c84fa94-04c1-424b-9868-57a2d4851a1d" relativeResultsDirectory="86b71bc8-4963-49b7-8384-c7dc7f09b1ca" />
    <UnitTestResult executionId="7c7782d1-6408-4496-ba5a-2defd15c6c7e" testId="408407b9-f5c7-5e8c-89f7-3db1be9b740d" testName="GetApiAuthType_WithAuthCookie_ReturnsApiKeyType" computerName="QUICK-MINDS" duration="00:00:00.0002370" startTime="2025-06-25T12:18:24.8118299+02:00" endTime="2025-06-25T12:18:24.8120666+02:00" testType="13cdc9d9-ddb5-4fa4-a97d-d965ccfc6d4b" outcome="Passed" testListId="8c84fa94-04c1-424b-9868-57a2d4851a1d" relativeResultsDirectory="7c7782d1-6408-4496-ba5a-2defd15c6c7e" />
    <UnitTestResult executionId="a362227f-d113-41e8-b1a7-27cb518fe6aa" testId="5092b1ad-29bf-4944-5426-d78c59debbaf" testName="Test_SAFE: Single character asterisk is safe" computerName="QUICK-MINDS" duration="00:00:00.0003110" startTime="2025-06-25T12:18:34.0288003+02:00" endTime="2025-06-25T12:18:34.0291111+02:00" testType="13cdc9d9-ddb5-4fa4-a97d-d965ccfc6d4b" outcome="Passed" testListId="8c84fa94-04c1-424b-9868-57a2d4851a1d" relativeResultsDirectory="a362227f-d113-41e8-b1a7-27cb518fe6aa" />
    <UnitTestResult executionId="6776c9c4-ec45-4d97-aeeb-85208ed301f0" testId="f9bb4613-c207-36af-6174-41eb5d58bd24" testName="ShouldAddRoute_ShouldReturnExpectedResult(&quot;/api/resource.php&quot;,&quot;GET&quot;,200,False)" computerName="QUICK-MINDS" duration="00:00:00.0000230" startTime="2025-06-25T12:18:32.1120126+02:00" endTime="2025-06-25T12:18:32.1120351+02:00" testType="13cdc9d9-ddb5-4fa4-a97d-d965ccfc6d4b" outcome="Passed" testListId="8c84fa94-04c1-424b-9868-57a2d4851a1d" relativeResultsDirectory="6776c9c4-ec45-4d97-aeeb-85208ed301f0">
      <Output>
        <StdOut>AIKIDO: Extension not allowed, skipping route</StdOut>
      </Output>
    </UnitTestResult>
    <UnitTestResult executionId="a7501adb-ae80-46d4-9c7a-e4dd971b266b" testId="39d1f4c7-0095-d219-6a3d-9a3452f88fb6" testName="PathIsSingleRouteParameter_VariousPaths_ReturnsExpectedResult(&quot;/api/v3/users/{id}/roles&quot;,False)" computerName="QUICK-MINDS" duration="00:00:00.0000040" startTime="2025-06-25T12:18:32.1093385+02:00" endTime="2025-06-25T12:18:32.1093427+02:00" testType="13cdc9d9-ddb5-4fa4-a97d-d965ccfc6d4b" outcome="Passed" testListId="8c84fa94-04c1-424b-9868-57a2d4851a1d" relativeResultsDirectory="a7501adb-ae80-46d4-9c7a-e4dd971b266b" />
    <UnitTestResult executionId="718cf1ab-bccd-434e-b161-e7204d704d78" testId="030a515a-3d4c-10d8-191a-2e2fb147a947" testName="IsRequestAllowed_ShouldHandleEmptyEndpoints" computerName="QUICK-MINDS" duration="00:00:00.0001480" startTime="2025-06-25T12:18:25.1883004+02:00" endTime="2025-06-25T12:18:25.1884484+02:00" testType="13cdc9d9-ddb5-4fa4-a97d-d965ccfc6d4b" outcome="Passed" testListId="8c84fa94-04c1-424b-9868-57a2d4851a1d" relativeResultsDirectory="718cf1ab-bccd-434e-b161-e7204d704d78" />
    <UnitTestResult executionId="79319e75-a79b-4dee-b399-8277984cbb57" testId="a905e481-81d3-d7b1-5c21-a63a9900525d" testName="Test_application/x-www-form-urlencoded_11" computerName="QUICK-MINDS" duration="00:00:00.0000300" startTime="2025-06-25T12:18:24.9068885+02:00" endTime="2025-06-25T12:18:24.9069180+02:00" testType="13cdc9d9-ddb5-4fa4-a97d-d965ccfc6d4b" outcome="Passed" testListId="8c84fa94-04c1-424b-9868-57a2d4851a1d" relativeResultsDirectory="79319e75-a79b-4dee-b399-8277984cbb57" />
    <UnitTestResult executionId="386cecec-4690-4fea-a756-1f4668a3299b" testId="db28707c-cf50-cf08-dae6-cf3c57900caa" testName="LooksLikeASecret_ContainsWhitespace_ReturnsFalse" computerName="QUICK-MINDS" duration="00:00:00.0000500" startTime="2025-06-25T12:18:32.1423654+02:00" endTime="2025-06-25T12:18:32.1424155+02:00" testType="13cdc9d9-ddb5-4fa4-a97d-d965ccfc6d4b" outcome="Passed" testListId="8c84fa94-04c1-424b-9868-57a2d4851a1d" relativeResultsDirectory="386cecec-4690-4fea-a756-1f4668a3299b" />
    <UnitTestResult executionId="5ef3c671-8a56-44eb-bf59-84b2c57b7244" testId="6b236f6f-934d-2c99-ffcc-ba615e32d62a" testName="ScheduleId_HasCorrectValue" computerName="QUICK-MINDS" duration="00:00:00.0000360" startTime="2025-06-25T12:18:24.8043859+02:00" endTime="2025-06-25T12:18:24.8044215+02:00" testType="13cdc9d9-ddb5-4fa4-a97d-d965ccfc6d4b" outcome="Passed" testListId="8c84fa94-04c1-424b-9868-57a2d4851a1d" relativeResultsDirectory="5ef3c671-8a56-44eb-bf59-84b2c57b7244" />
    <UnitTestResult executionId="2166912b-5a4a-4169-a502-a1c74f58308e" testId="6bbca15d-fb64-7ef4-a9b3-0fd781887622" testName="Test_Generic_ATTACK: Uppercase query with lowercase user input and SQL injection" computerName="QUICK-MINDS" duration="00:00:00.0000340" startTime="2025-06-25T12:18:34.0407481+02:00" endTime="2025-06-25T12:18:34.0407820+02:00" testType="13cdc9d9-ddb5-4fa4-a97d-d965ccfc6d4b" outcome="Passed" testListId="8c84fa94-04c1-424b-9868-57a2d4851a1d" relativeResultsDirectory="2166912b-5a4a-4169-a502-a1c74f58308e" />
    <UnitTestResult executionId="afedd7fa-c739-428d-b95b-7f7329c8e3f4" testId="7dfc744f-c2df-72e9-e2d8-9d9f0bfff688" testName="LooksLikeASecret_SingleCharset_ReturnsFalse" computerName="QUICK-MINDS" duration="00:00:00.0005700" startTime="2025-06-25T12:18:32.1430560+02:00" endTime="2025-06-25T12:18:32.1436254+02:00" testType="13cdc9d9-ddb5-4fa4-a97d-d965ccfc6d4b" outcome="Passed" testListId="8c84fa94-04c1-424b-9868-57a2d4851a1d" relativeResultsDirectory="afedd7fa-c739-428d-b95b-7f7329c8e3f4" />
    <UnitTestResult executionId="94fcded4-7f64-43a3-96f1-2ed92c61b88e" testId="c25b536e-dc8b-3691-68b9-8443a13c17a0" testName="Test_SAFE: No arguments mean spaces are irrelevant" computerName="QUICK-MINDS" duration="00:00:00.0000020" startTime="2025-06-25T12:18:34.0295277+02:00" endTime="2025-06-25T12:18:34.0295296+02:00" testType="13cdc9d9-ddb5-4fa4-a97d-d965ccfc6d4b" outcome="Passed" testListId="8c84fa94-04c1-424b-9868-57a2d4851a1d" relativeResultsDirectory="94fcded4-7f64-43a3-96f1-2ed92c61b88e" />
    <UnitTestResult executionId="0373240a-645f-4828-b232-041055d3e967" testId="34386a9e-5b96-49a3-348a-9931cef07e9c" testName="HasItems_ShouldReturnTrueWhenItemsExist" computerName="QUICK-MINDS" duration="00:00:00.0001150" startTime="2025-06-25T12:18:32.6168737+02:00" endTime="2025-06-25T12:18:32.6169886+02:00" testType="13cdc9d9-ddb5-4fa4-a97d-d965ccfc6d4b" outcome="Passed" testListId="8c84fa94-04c1-424b-9868-57a2d4851a1d" relativeResultsDirectory="0373240a-645f-4828-b232-041055d3e967" />
    <UnitTestResult executionId="b88b67c0-829c-42ae-9dd3-f9f555c11fe7" testId="8e81702c-21ef-bea3-72ae-f83b1f7c59e9" testName="LooksLikeASecret_KnownSecrets_ReturnsTrue(&quot;Gic*EfMq:^MQ|ZcmX:yW1&quot;)" computerName="QUICK-MINDS" duration="00:00:00.0000100" startTime="2025-06-25T12:18:32.1426532+02:00" endTime="2025-06-25T12:18:32.1426634+02:00" testType="13cdc9d9-ddb5-4fa4-a97d-d965ccfc6d4b" outcome="Passed" testListId="8c84fa94-04c1-424b-9868-57a2d4851a1d" relativeResultsDirectory="b88b67c0-829c-42ae-9dd3-f9f555c11fe7" />
    <UnitTestResult executionId="9a304579-ac86-4e03-9749-9c7da0537aa4" testId="0c4a2e93-35d8-b96a-49a6-10a1b4574f19" testName="Test_SAFE: Mixed argument types with internal spaces" computerName="QUICK-MINDS" duration="00:00:00.0000030" startTime="2025-06-25T12:18:34.0295204+02:00" endTime="2025-06-25T12:18:34.0295229+02:00" testType="13cdc9d9-ddb5-4fa4-a97d-d965ccfc6d4b" outcome="Passed" testListId="8c84fa94-04c1-424b-9868-57a2d4851a1d" relativeResultsDirectory="9a304579-ac86-4e03-9749-9c7da0537aa4" />
    <UnitTestResult executionId="91e79329-1747-4bb8-90bc-95153c8803ca" testId="a1d3ddd3-8649-2b3a-7f24-8af671e83940" testName="MatchEndpoints_NoMatches_ShouldReturnEmptyList" computerName="QUICK-MINDS" duration="00:00:00.0001050" startTime="2025-06-25T12:18:32.1034662+02:00" endTime="2025-06-25T12:18:32.1035712+02:00" testType="13cdc9d9-ddb5-4fa4-a97d-d965ccfc6d4b" outcome="Passed" testListId="8c84fa94-04c1-424b-9868-57a2d4851a1d" relativeResultsDirectory="91e79329-1747-4bb8-90bc-95153c8803ca" />
    <UnitTestResult executionId="9feeae0b-b0e3-4126-9106-ff49f70d8fa3" testId="11e524cb-9bd3-f6d3-051c-3d8a65191b07" testName="ShouldAddRoute_ShouldReturnExpectedResult(&quot;/api/resource&quot;,&quot;GET&quot;,500,False)" computerName="QUICK-MINDS" duration="00:00:00.0000190" startTime="2025-06-25T12:18:32.1121137+02:00" endTime="2025-06-25T12:18:32.1121324+02:00" testType="13cdc9d9-ddb5-4fa4-a97d-d965ccfc6d4b" outcome="Passed" testListId="8c84fa94-04c1-424b-9868-57a2d4851a1d" relativeResultsDirectory="9feeae0b-b0e3-4126-9106-ff49f70d8fa3">
      <Output>
        <StdOut>AIKIDO: Status code not valid or method is excluded, skipping route</StdOut>
      </Output>
    </UnitTestResult>
    <UnitTestResult executionId="d436aad7-e3d9-4e5b-b743-7f7f24a6eca3" testId="7ab79830-2287-74f9-7e6c-ca45b4686edd" testName="IsAllowed_ShouldResetAfterWindowExpires" computerName="QUICK-MINDS" duration="00:00:00.1565210" startTime="2025-06-25T12:18:25.0304157+02:00" endTime="2025-06-25T12:18:25.1869364+02:00" testType="13cdc9d9-ddb5-4fa4-a97d-d965ccfc6d4b" outcome="Passed" testListId="8c84fa94-04c1-424b-9868-57a2d4851a1d" relativeResultsDirectory="d436aad7-e3d9-4e5b-b743-7f7f24a6eca3" />
    <UnitTestResult executionId="6fdf8bca-b893-4840-a7d2-f4dd6232b4ea" testId="c5828e94-45d0-bb34-5cc6-f187b22c2a07" testName="LooksLikeASecret_CommonUrlTerms_ReturnsFalse(&quot;development&quot;)" computerName="QUICK-MINDS" duration="00:00:00.0000699" startTime="2025-06-25T12:18:32.1421420+02:00" endTime="2025-06-25T12:18:32.1422120+02:00" testType="13cdc9d9-ddb5-4fa4-a97d-d965ccfc6d4b" outcome="Passed" testListId="8c84fa94-04c1-424b-9868-57a2d4851a1d" relativeResultsDirectory="6fdf8bca-b893-4840-a7d2-f4dd6232b4ea" />
    <UnitTestResult executionId="20d87072-c83c-42b0-bdb9-7863065afa13" testId="c39d4851-3025-7b0a-32c9-040261f38d4a" testName="MatchEndpoints_RelativeUrl_ShouldMatchCorrectly" computerName="QUICK-MINDS" duration="00:00:00.0002360" startTime="2025-06-25T12:18:32.1037060+02:00" endTime="2025-06-25T12:18:32.1039422+02:00" testType="13cdc9d9-ddb5-4fa4-a97d-d965ccfc6d4b" outcome="Passed" testListId="8c84fa94-04c1-424b-9868-57a2d4851a1d" relativeResultsDirectory="20d87072-c83c-42b0-bdb9-7863065afa13" />
    <UnitTestResult executionId="f956da5e-b740-4d23-adb0-534280f03a88" testId="d1868d3f-8a8d-938a-2214-3d5f8a66f066" testName="IsSQLInjection_WithNullQuery_ReturnsFalse" computerName="QUICK-MINDS" duration="00:00:00.0000270" startTime="2025-06-25T12:18:34.0409325+02:00" endTime="2025-06-25T12:18:34.0409599+02:00" testType="13cdc9d9-ddb5-4fa4-a97d-d965ccfc6d4b" outcome="Passed" testListId="8c84fa94-04c1-424b-9868-57a2d4851a1d" relativeResultsDirectory="f956da5e-b740-4d23-adb0-534280f03a88" />
    <UnitTestResult executionId="50943bff-b0a5-4f2f-8ec8-b28348b45370" testId="20e2fde1-7f3b-a4f7-4578-7e58a7fa2e5b" testName="Test_Simple directory traversal with backslash" computerName="QUICK-MINDS" duration="00:00:00.0002000" startTime="2025-06-25T12:18:33.7682911+02:00" endTime="2025-06-25T12:18:33.7684907+02:00" testType="13cdc9d9-ddb5-4fa4-a97d-d965ccfc6d4b" outcome="Passed" testListId="8c84fa94-04c1-424b-9868-57a2d4851a1d" relativeResultsDirectory="50943bff-b0a5-4f2f-8ec8-b28348b45370" />
    <UnitTestResult executionId="2556128e-a742-424e-9f50-8139fbbab227" testId="9aa7f2ff-69bc-1bea-fa4e-fbbc42f9cffe" testName="ToAPIResponse_Unauthorized_ShouldReturnUnauthorizedResponse" computerName="QUICK-MINDS" duration="00:00:00.0001110" startTime="2025-06-25T12:18:24.8271717+02:00" endTime="2025-06-25T12:18:24.8272829+02:00" testType="13cdc9d9-ddb5-4fa4-a97d-d965ccfc6d4b" outcome="Passed" testListId="8c84fa94-04c1-424b-9868-57a2d4851a1d" relativeResultsDirectory="2556128e-a742-424e-9f50-8139fbbab227" />
    <UnitTestResult executionId="458f0b66-efdb-4f63-84cb-537040335033" testId="528e29f6-3b0a-c44a-13df-4e07fa326be2" testName="ShouldAddRoute_ShouldReturnExpectedResult(&quot;/api/resource.asx&quot;,&quot;GET&quot;,200,True)" computerName="QUICK-MINDS" duration="00:00:00.0000040" startTime="2025-06-25T12:18:32.1121756+02:00" endTime="2025-06-25T12:18:32.1121797+02:00" testType="13cdc9d9-ddb5-4fa4-a97d-d965ccfc6d4b" outcome="Passed" testListId="8c84fa94-04c1-424b-9868-57a2d4851a1d" relativeResultsDirectory="458f0b66-efdb-4f63-84cb-537040335033" />
    <UnitTestResult executionId="dfa580c2-9c1d-47b8-bb63-fba50846dd0e" testId="91f05b50-3195-c2a3-7524-0e6e801e3700" testName="Properties_WithNullCollections_HandledGracefully" computerName="QUICK-MINDS" duration="00:00:00.0001230" startTime="2025-06-25T12:18:24.8042588+02:00" endTime="2025-06-25T12:18:24.8043820+02:00" testType="13cdc9d9-ddb5-4fa4-a97d-d965ccfc6d4b" outcome="Passed" testListId="8c84fa94-04c1-424b-9868-57a2d4851a1d" relativeResultsDirectory="dfa580c2-9c1d-47b8-bb63-fba50846dd0e" />
    <UnitTestResult executionId="7044137f-8824-4bf9-92eb-868d628a962d" testId="ad622839-94c5-c945-bdd4-c383ae2b08f3" testName="InterceptorThrewError_IncrementsOperationTotalAndErrors" computerName="QUICK-MINDS" duration="00:00:00.0005520" startTime="2025-06-25T12:18:34.0720461+02:00" endTime="2025-06-25T12:18:34.0725984+02:00" testType="13cdc9d9-ddb5-4fa4-a97d-d965ccfc6d4b" outcome="Passed" testListId="8c84fa94-04c1-424b-9868-57a2d4851a1d" relativeResultsDirectory="7044137f-8824-4bf9-92eb-868d628a962d" />
    <UnitTestResult executionId="f8517466-f04c-4a79-989c-38bdbde02471" testId="eecd7765-06be-c820-6744-085ced4754db" testName="Test_application/xml_4" computerName="QUICK-MINDS" duration="00:00:00.0025320" startTime="2025-06-25T12:18:24.8930395+02:00" endTime="2025-06-25T12:18:24.8955719+02:00" testType="13cdc9d9-ddb5-4fa4-a97d-d965ccfc6d4b" outcome="Passed" testListId="8c84fa94-04c1-424b-9868-57a2d4851a1d" relativeResultsDirectory="f8517466-f04c-4a79-989c-38bdbde02471" />
    <UnitTestResult executionId="46b3f006-9735-4519-a0a9-8b80659237f0" testId="f9de8d96-90d6-34df-ae87-768f44886536" testName="GetBodyDataType_WithXml_ReturnsXml" computerName="QUICK-MINDS" duration="00:00:00.0000270" startTime="2025-06-25T12:18:24.8132946+02:00" endTime="2025-06-25T12:18:24.8133218+02:00" testType="13cdc9d9-ddb5-4fa4-a97d-d965ccfc6d4b" outcome="Passed" testListId="8c84fa94-04c1-424b-9868-57a2d4851a1d" relativeResultsDirectory="46b3f006-9735-4519-a0a9-8b80659237f0" />
    <UnitTestResult executionId="0fdd4eca-081c-4bed-914c-c7e40bd4f281" testId="191d3a6f-9444-cbe6-8a13-3b2d419f1a5f" testName="ShouldAddRoute_ShouldReturnExpectedResult(&quot;Some.DotNet.Project.Cms&quot;,&quot;GET&quot;,200,False)" computerName="QUICK-MINDS" duration="00:00:00.0000130" startTime="2025-06-25T12:18:32.1121877+02:00" endTime="2025-06-25T12:18:32.1122005+02:00" testType="13cdc9d9-ddb5-4fa4-a97d-d965ccfc6d4b" outcome="Passed" testListId="8c84fa94-04c1-424b-9868-57a2d4851a1d" relativeResultsDirectory="0fdd4eca-081c-4bed-914c-c7e40bd4f281">
      <Output>
        <StdOut>AIKIDO: Extension not allowed, skipping route</StdOut>
      </Output>
    </UnitTestResult>
    <UnitTestResult executionId="9f41f69f-58ed-45c5-8dc9-e214409548aa" testId="8eab5b93-aaa7-3bff-ba3c-290ad2e84e80" testName="ShouldAddRoute_EdgeCases_ShouldReturnExpectedResult(&quot;/api/resource&quot;,&quot;GET&quot;,199,False)" computerName="QUICK-MINDS" duration="00:00:00.0000190" startTime="2025-06-25T12:18:32.1101436+02:00" endTime="2025-06-25T12:18:32.1101631+02:00" testType="13cdc9d9-ddb5-4fa4-a97d-d965ccfc6d4b" outcome="Passed" testListId="8c84fa94-04c1-424b-9868-57a2d4851a1d" relativeResultsDirectory="9f41f69f-58ed-45c5-8dc9-e214409548aa">
      <Output>
        <StdOut>AIKIDO: Status code not valid or method is excluded, skipping route</StdOut>
      </Output>
    </UnitTestResult>
    <UnitTestResult executionId="b521e29c-ad6e-4de5-9db1-cfac5a503c46" testId="d1193b01-a5a5-d860-a351-b5235c539aa5" testName="ShouldAddRoute_ShouldReturnExpectedResult(&quot;/cgi-bin/luci/;stok=/locale&quot;,&quot;GET&quot;,200,False)" computerName="QUICK-MINDS" duration="00:00:00.0000100" startTime="2025-06-25T12:18:32.1119801+02:00" endTime="2025-06-25T12:18:32.1119897+02:00" testType="13cdc9d9-ddb5-4fa4-a97d-d965ccfc6d4b" outcome="Passed" testListId="8c84fa94-04c1-424b-9868-57a2d4851a1d" relativeResultsDirectory="b521e29c-ad6e-4de5-9db1-cfac5a503c46">
      <Output>
        <StdOut>AIKIDO: Route contains ignored string, skipping route</StdOut>
      </Output>
    </UnitTestResult>
    <UnitTestResult executionId="d9f22aca-679b-4c06-8018-1535b9b004e6" testId="ccabc6c7-6b01-48a6-25f1-a7585db65c16" testName="Constructor_WithLogger_ShouldLogError" computerName="QUICK-MINDS" duration="00:00:00.0078410" startTime="2025-06-25T12:18:24.5149832+02:00" endTime="2025-06-25T12:18:24.5228249+02:00" testType="13cdc9d9-ddb5-4fa4-a97d-d965ccfc6d4b" outcome="Passed" testListId="8c84fa94-04c1-424b-9868-57a2d4851a1d" relativeResultsDirectory="d9f22aca-679b-4c06-8018-1535b9b004e6" />
    <UnitTestResult executionId="9133d668-c856-4b45-b664-436a1a2f10bc" testId="890cc391-9790-2041-c5ef-71bbe8b5dce6" testName="GetInfo_PlatformArchitecture_Core" computerName="QUICK-MINDS" duration="00:00:00.0004220" startTime="2025-06-25T12:18:24.8091073+02:00" endTime="2025-06-25T12:18:24.8095286+02:00" testType="13cdc9d9-ddb5-4fa4-a97d-d965ccfc6d4b" outcome="Passed" testListId="8c84fa94-04c1-424b-9868-57a2d4851a1d" relativeResultsDirectory="9133d668-c856-4b45-b664-436a1a2f10bc" />
    <UnitTestResult executionId="23cac3bc-c1f1-45f8-9e1c-9556c2f42a39" testId="e41ea390-bb88-5510-8089-1558c396c4c5" testName="OnProcessStart_WithSafeCommand_ReturnsTrue" computerName="QUICK-MINDS" duration="00:00:00.0009730" startTime="2025-06-25T12:18:33.7790253+02:00" endTime="2025-06-25T12:18:33.7799981+02:00" testType="13cdc9d9-ddb5-4fa4-a97d-d965ccfc6d4b" outcome="Passed" testListId="8c84fa94-04c1-424b-9868-57a2d4851a1d" relativeResultsDirectory="23cac3bc-c1f1-45f8-9e1c-9556c2f42a39" />
    <UnitTestResult executionId="f2320feb-7b93-4b82-bbff-2cefb17cdefe" testId="123fb539-ea6f-787d-4433-000dcca57dc8" testName="Constructor_WithMessage_ShouldSetMessage" computerName="QUICK-MINDS" duration="00:00:00.0002790" startTime="2025-06-25T12:18:24.5228675+02:00" endTime="2025-06-25T12:18:24.5231466+02:00" testType="13cdc9d9-ddb5-4fa4-a97d-d965ccfc6d4b" outcome="Passed" testListId="8c84fa94-04c1-424b-9868-57a2d4851a1d" relativeResultsDirectory="f2320feb-7b93-4b82-bbff-2cefb17cdefe" />
    <UnitTestResult executionId="e9b16e77-b380-43b2-bab2-53915f42b336" testId="b9dda058-0718-4fd5-d84e-c73f72b1b7e5" testName="DetectPathTraversal_WithNullPath_ReturnsFalse" computerName="QUICK-MINDS" duration="00:00:00.0000210" startTime="2025-06-25T12:18:33.7688686+02:00" endTime="2025-06-25T12:18:33.7688891+02:00" testType="13cdc9d9-ddb5-4fa4-a97d-d965ccfc6d4b" outcome="Passed" testListId="8c84fa94-04c1-424b-9868-57a2d4851a1d" relativeResultsDirectory="e9b16e77-b380-43b2-bab2-53915f42b336" />
    <UnitTestResult executionId="b4e79a05-5f43-4d55-8f9e-d63a0d749ef1" testId="fa128b31-77f1-bad7-d78d-d07ef403eb22" testName="Test_SAFE: Single space as argument separator" computerName="QUICK-MINDS" duration="00:00:00.0000110" startTime="2025-06-25T12:18:34.0294849+02:00" endTime="2025-06-25T12:18:34.0294954+02:00" testType="13cdc9d9-ddb5-4fa4-a97d-d965ccfc6d4b" outcome="Passed" testListId="8c84fa94-04c1-424b-9868-57a2d4851a1d" relativeResultsDirectory="b4e79a05-5f43-4d55-8f9e-d63a0d749ef1" />
    <UnitTestResult executionId="08cf25d0-1345-49b3-8147-ce9bd275e752" testId="7234906c-3496-aa23-d383-b9ca38ddfaf4" testName="CleanedStackTrace_ShouldCleanAndTruncate" computerName="QUICK-MINDS" duration="00:00:00.0001040" startTime="2025-06-25T12:18:34.0410760+02:00" endTime="2025-06-25T12:18:34.0411799+02:00" testType="13cdc9d9-ddb5-4fa4-a97d-d965ccfc6d4b" outcome="Passed" testListId="8c84fa94-04c1-424b-9868-57a2d4851a1d" relativeResultsDirectory="08cf25d0-1345-49b3-8147-ce9bd275e752" />
    <UnitTestResult executionId="4de7bdae-7da2-41f3-9fc2-54cd43ddfb8d" testId="d2c7abe9-4a33-d1b7-970e-b1ad19bef7fa" testName="Test_SAFE: Spaces within a quoted argument" computerName="QUICK-MINDS" duration="00:00:00.0000030" startTime="2025-06-25T12:18:34.0295163+02:00" endTime="2025-06-25T12:18:34.0295188+02:00" testType="13cdc9d9-ddb5-4fa4-a97d-d965ccfc6d4b" outcome="Passed" testListId="8c84fa94-04c1-424b-9868-57a2d4851a1d" relativeResultsDirectory="4de7bdae-7da2-41f3-9fc2-54cd43ddfb8d" />
    <UnitTestResult executionId="c275d17b-6df9-41b2-a077-891e52de732c" testId="b1c47754-8de0-79f1-fbb1-481177b61dc8" testName="GetMethodFromAssembly_InvalidType_ReturnsNull" computerName="QUICK-MINDS" duration="00:00:00.0013170" startTime="2025-06-25T12:18:32.0988017+02:00" endTime="2025-06-25T12:18:32.1001188+02:00" testType="13cdc9d9-ddb5-4fa4-a97d-d965ccfc6d4b" outcome="Passed" testListId="8c84fa94-04c1-424b-9868-57a2d4851a1d" relativeResultsDirectory="c275d17b-6df9-41b2-a077-891e52de732c" />
    <UnitTestResult executionId="999dd591-fe78-4019-bfa8-74268993aa3f" testId="0ab08a84-ce57-0ee5-8932-c9a10f0c524a" testName="LooksLikeASecret_LongStrings_ReturnsTrue(&quot;rsVEExrR2sVDONyeWwND&quot;)" computerName="QUICK-MINDS" duration="00:00:00.0000510" startTime="2025-06-25T12:18:32.1426836+02:00" endTime="2025-06-25T12:18:32.1427342+02:00" testType="13cdc9d9-ddb5-4fa4-a97d-d965ccfc6d4b" outcome="Passed" testListId="8c84fa94-04c1-424b-9868-57a2d4851a1d" relativeResultsDirectory="999dd591-fe78-4019-bfa8-74268993aa3f" />
    <UnitTestResult executionId="0ef7e5be-0dea-4b42-aa67-3314898b675f" testId="bc254dcc-ec50-bbf2-4f6c-29f2d58641a5" testName="GetStringFormat_WithUuidString_ReturnsUuidFormat" computerName="QUICK-MINDS" duration="00:00:00.0000540" startTime="2025-06-25T12:18:32.3573452+02:00" endTime="2025-06-25T12:18:32.3573990+02:00" testType="13cdc9d9-ddb5-4fa4-a97d-d965ccfc6d4b" outcome="Passed" testListId="8c84fa94-04c1-424b-9868-57a2d4851a1d" relativeResultsDirectory="0ef7e5be-0dea-4b42-aa67-3314898b675f" />
    <UnitTestResult executionId="ce02b4f7-680a-4699-825d-0cc96fbd3610" testId="84b8a670-22f7-f354-847d-2390a582187d" testName="PathIsSingleRouteParameter_VariousPaths_ReturnsExpectedResult(&quot;/path/with/multiple/segments&quot;,False)" computerName="QUICK-MINDS" duration="00:00:00.0000040" startTime="2025-06-25T12:18:32.1093448+02:00" endTime="2025-06-25T12:18:32.1093492+02:00" testType="13cdc9d9-ddb5-4fa4-a97d-d965ccfc6d4b" outcome="Passed" testListId="8c84fa94-04c1-424b-9868-57a2d4851a1d" relativeResultsDirectory="ce02b4f7-680a-4699-825d-0cc96fbd3610" />
    <UnitTestResult executionId="d0fb3347-e9cb-4df3-a8d7-a9e83cff393a" testId="ad60d29e-8fbc-0def-29a9-7ad7b20b2c35" testName="IsGraphQL_ShouldReturnFalse_WhenGraphqlIsEmpty" computerName="QUICK-MINDS" duration="00:00:00.0001630" startTime="2025-06-25T12:18:24.8023099+02:00" endTime="2025-06-25T12:18:24.8024726+02:00" testType="13cdc9d9-ddb5-4fa4-a97d-d965ccfc6d4b" outcome="Passed" testListId="8c84fa94-04c1-424b-9868-57a2d4851a1d" relativeResultsDirectory="d0fb3347-e9cb-4df3-a8d7-a9e83cff393a" />
    <UnitTestResult executionId="a0eab811-1554-419d-8d19-275fb13df981" testId="83644f92-c639-7c17-365b-363c2a082632" testName="ToCidrString_ShouldReturnCidrRange_WhenIpRangeProvided" computerName="QUICK-MINDS" duration="00:00:00.0002709" startTime="2025-06-25T12:18:24.9092007+02:00" endTime="2025-06-25T12:18:24.9094711+02:00" testType="13cdc9d9-ddb5-4fa4-a97d-d965ccfc6d4b" outcome="Passed" testListId="8c84fa94-04c1-424b-9868-57a2d4851a1d" relativeResultsDirectory="a0eab811-1554-419d-8d19-275fb13df981" />
    <UnitTestResult executionId="075737e2-70d2-4dbd-bfe8-5cbe552b8140" testId="7e1d41c7-4acd-e4a1-6994-4628f1e06917" testName="AikidoUrl_ShouldReturnDefaultValue_WhenEnvironmentVariableIsNotSet" computerName="QUICK-MINDS" duration="00:00:00.0000370" startTime="2025-06-25T12:18:24.8900676+02:00" endTime="2025-06-25T12:18:24.8901048+02:00" testType="13cdc9d9-ddb5-4fa4-a97d-d965ccfc6d4b" outcome="Passed" testListId="8c84fa94-04c1-424b-9868-57a2d4851a1d" relativeResultsDirectory="075737e2-70d2-4dbd-bfe8-5cbe552b8140" />
    <UnitTestResult executionId="67dd987a-6093-4e3e-b14f-6065ff6f50ee" testId="28a91250-f876-75b6-4532-25feaf8fd583" testName="UserConstructor_ShouldThrowException_WhenIdIsWhitespace" computerName="QUICK-MINDS" duration="00:00:00.0001100" startTime="2025-06-25T12:18:34.0873589+02:00" endTime="2025-06-25T12:18:34.0874687+02:00" testType="13cdc9d9-ddb5-4fa4-a97d-d965ccfc6d4b" outcome="Passed" testListId="8c84fa94-04c1-424b-9868-57a2d4851a1d" relativeResultsDirectory="67dd987a-6093-4e3e-b14f-6065ff6f50ee" />
    <UnitTestResult executionId="d9b9d5b7-5fce-4f49-bfd4-a8dc4e10a4c8" testId="510364df-7b6d-0e54-a4e6-5d8553de0f2a" testName="UpdateBlockedIps_WithInvalidIPs_ShouldSkipInvalidOnes" computerName="QUICK-MINDS" duration="00:00:00.0000920" startTime="2025-06-25T12:18:20.4001409+02:00" endTime="2025-06-25T12:18:20.4002327+02:00" testType="13cdc9d9-ddb5-4fa4-a97d-d965ccfc6d4b" outcome="Passed" testListId="8c84fa94-04c1-424b-9868-57a2d4851a1d" relativeResultsDirectory="d9b9d5b7-5fce-4f49-bfd4-a8dc4e10a4c8" />
    <UnitTestResult executionId="e6d5ff78-5a4e-4199-bd4e-8edaf3fe5a4e" testId="b3cf1827-5404-1d3f-366b-79e3d78719b0" testName="OnProcessStart_WithShellInjectionInDryMode_ReturnsTrue" computerName="QUICK-MINDS" duration="00:00:00.0180360" startTime="2025-06-25T12:18:33.7852137+02:00" endTime="2025-06-25T12:18:33.8032490+02:00" testType="13cdc9d9-ddb5-4fa4-a97d-d965ccfc6d4b" outcome="Passed" testListId="8c84fa94-04c1-424b-9868-57a2d4851a1d" relativeResultsDirectory="e6d5ff78-5a4e-4199-bd4e-8edaf3fe5a4e" />
    <UnitTestResult executionId="67f98617-312f-4663-a285-091a77952c57" testId="ef0ed544-1611-194f-ef7e-44821f067e50" testName="Contains_ShouldReturnExpectedResult(&quot;hello world&quot;,&quot;worlds&quot;,False)" computerName="QUICK-MINDS" duration="00:00:00.0002870" startTime="2025-06-25T12:18:32.3580118+02:00" endTime="2025-06-25T12:18:32.3582989+02:00" testType="13cdc9d9-ddb5-4fa4-a97d-d965ccfc6d4b" outcome="Passed" testListId="8c84fa94-04c1-424b-9868-57a2d4851a1d" relativeResultsDirectory="67f98617-312f-4663-a285-091a77952c57" />
    <UnitTestResult executionId="d3496bbd-505b-471c-b710-c837beb0f4f6" testId="8d699ed1-f8c1-51aa-6264-06d3a446c390" testName="MatchEndpoints_SpecificRouteOverWildcard_ShouldTakePrecedence" computerName="QUICK-MINDS" duration="00:00:00.0003289" startTime="2025-06-25T12:18:32.1047696+02:00" endTime="2025-06-25T12:18:32.1050980+02:00" testType="13cdc9d9-ddb5-4fa4-a97d-d965ccfc6d4b" outcome="Passed" testListId="8c84fa94-04c1-424b-9868-57a2d4851a1d" relativeResultsDirectory="d3496bbd-505b-471c-b710-c837beb0f4f6" />
    <UnitTestResult executionId="e493e5c0-b87a-4e9d-a485-d857d339daa0" testId="40dbcbc0-35a4-2aa7-c565-b13c951e31c5" testName="GetNextSegment_ShouldReturnExpectedResult(&quot;segment1&quot;,&quot;segment1&quot;,&quot;&quot;)" computerName="QUICK-MINDS" duration="00:00:00.0001240" startTime="2025-06-25T12:18:32.3584765+02:00" endTime="2025-06-25T12:18:32.3585999+02:00" testType="13cdc9d9-ddb5-4fa4-a97d-d965ccfc6d4b" outcome="Passed" testListId="8c84fa94-04c1-424b-9868-57a2d4851a1d" relativeResultsDirectory="e493e5c0-b87a-4e9d-a485-d857d339daa0" />
    <UnitTestResult executionId="87763013-c77f-4637-a461-03d137f11731" testId="5f44507f-4979-6fd1-cfad-6872ee74d478" testName="MatchEndpoints_WildcardWithRelativeUrl_ShouldMatchCorrectly" computerName="QUICK-MINDS" duration="00:00:00.0002980" startTime="2025-06-25T12:18:32.1053663+02:00" endTime="2025-06-25T12:18:32.1056638+02:00" testType="13cdc9d9-ddb5-4fa4-a97d-d965ccfc6d4b" outcome="Passed" testListId="8c84fa94-04c1-424b-9868-57a2d4851a1d" relativeResultsDirectory="87763013-c77f-4637-a461-03d137f11731" />
    <UnitTestResult executionId="8242e952-d2f3-4048-bd56-6308fb110d1d" testId="e520f233-832d-717e-4656-d3f3635ebec7" testName="Test_SAFE: Leading spaces before the command" computerName="QUICK-MINDS" duration="00:00:00.0000040" startTime="2025-06-25T12:18:34.0295027+02:00" endTime="2025-06-25T12:18:34.0295064+02:00" testType="13cdc9d9-ddb5-4fa4-a97d-d965ccfc6d4b" outcome="Passed" testListId="8c84fa94-04c1-424b-9868-57a2d4851a1d" relativeResultsDirectory="8242e952-d2f3-4048-bd56-6308fb110d1d" />
    <UnitTestResult executionId="c04e8dc4-5e5d-49ea-9af2-767c5b9dc624" testId="ac56bbdc-405a-e7b2-40bc-74260e48c88a" testName="UserConstructor_ShouldThrowException_WhenNameIsNull" computerName="QUICK-MINDS" duration="00:00:00.0000870" startTime="2025-06-25T12:18:34.0875511+02:00" endTime="2025-06-25T12:18:34.0876381+02:00" testType="13cdc9d9-ddb5-4fa4-a97d-d965ccfc6d4b" outcome="Passed" testListId="8c84fa94-04c1-424b-9868-57a2d4851a1d" relativeResultsDirectory="c04e8dc4-5e5d-49ea-9af2-767c5b9dc624" />
    <UnitTestResult executionId="47034227-226a-4e9e-9148-9342346c3c2b" testId="bd8f5dca-7e3b-0bfc-3fe1-9f92d6e835ac" testName="Delete_FailsForNonExistentKey" computerName="QUICK-MINDS" duration="00:00:00.0001140" startTime="2025-06-25T12:18:24.7990696+02:00" endTime="2025-06-25T12:18:24.7991839+02:00" testType="13cdc9d9-ddb5-4fa4-a97d-d965ccfc6d4b" outcome="Passed" testListId="8c84fa94-04c1-424b-9868-57a2d4851a1d" relativeResultsDirectory="47034227-226a-4e9e-9148-9342346c3c2b" />
    <UnitTestResult executionId="d193fd77-e53b-418d-b362-7c81b5c85372" testId="59a22956-b6c9-f7d8-0763-a76712be7926" testName="ShouldAddRoute_EdgeCases_ShouldReturnExpectedResult(null,&quot;GET&quot;,200,False)" computerName="QUICK-MINDS" duration="00:00:00.0001310" startTime="2025-06-25T12:18:32.1097553+02:00" endTime="2025-06-25T12:18:32.1098864+02:00" testType="13cdc9d9-ddb5-4fa4-a97d-d965ccfc6d4b" outcome="Passed" testListId="8c84fa94-04c1-424b-9868-57a2d4851a1d" relativeResultsDirectory="d193fd77-e53b-418d-b362-7c81b5c85372">
      <Output>
        <StdOut>AIKIDO: Not enough context, skipping route</StdOut>
      </Output>
    </UnitTestResult>
    <UnitTestResult executionId="265d17ab-2653-462a-a3ed-139a80b1f96c" testId="a6901fd3-dc9c-db25-4557-ed31556a5265" testName="GetApiAuthType_WithMultipleAuth_ReturnsAllTypes" computerName="QUICK-MINDS" duration="00:00:00.0002750" startTime="2025-06-25T12:18:24.8125105+02:00" endTime="2025-06-25T12:18:24.8127855+02:00" testType="13cdc9d9-ddb5-4fa4-a97d-d965ccfc6d4b" outcome="Passed" testListId="8c84fa94-04c1-424b-9868-57a2d4851a1d" relativeResultsDirectory="265d17ab-2653-462a-a3ed-139a80b1f96c" />
    <UnitTestResult executionId="3114706c-454a-46c5-82a7-62d25fc0d317" testId="2b17b7d2-7256-bf1b-8cf0-71f1b5104365" testName="ShouldAddRoute_EdgeCases_ShouldReturnExpectedResult(&quot;/api/resource&quot;,null,200,False)" computerName="QUICK-MINDS" duration="00:00:00.0002420" startTime="2025-06-25T12:18:32.1098926+02:00" endTime="2025-06-25T12:18:32.1101345+02:00" testType="13cdc9d9-ddb5-4fa4-a97d-d965ccfc6d4b" outcome="Passed" testListId="8c84fa94-04c1-424b-9868-57a2d4851a1d" relativeResultsDirectory="3114706c-454a-46c5-82a7-62d25fc0d317">
      <Output>
        <StdOut>AIKIDO: Not enough context, skipping route</StdOut>
      </Output>
    </UnitTestResult>
    <UnitTestResult executionId="9837e535-8684-46ad-ac7f-b25d5d6cd781" testId="60a6295c-fa05-5fd8-24d0-2e8b24baeb32" testName="OnInspectedCall_TriggersCompressionWhenMaxSamplesReached" computerName="QUICK-MINDS" duration="00:00:00.0018800" startTime="2025-06-25T12:18:34.0740160+02:00" endTime="2025-06-25T12:18:34.0758955+02:00" testType="13cdc9d9-ddb5-4fa4-a97d-d965ccfc6d4b" outcome="Passed" testListId="8c84fa94-04c1-424b-9868-57a2d4851a1d" relativeResultsDirectory="9837e535-8684-46ad-ac7f-b25d5d6cd781" />
    <UnitTestResult executionId="634be4ce-49db-4dcf-80ad-cd6578e9d570" testId="26a920db-b4b3-3fe5-831c-1bafc3bb0cff" testName="Test_Generic_ATTACK: Basic OR condition" computerName="QUICK-MINDS" duration="00:00:00.0000880" startTime="2025-06-25T12:18:34.0399702+02:00" endTime="2025-06-25T12:18:34.0400583+02:00" testType="13cdc9d9-ddb5-4fa4-a97d-d965ccfc6d4b" outcome="Passed" testListId="8c84fa94-04c1-424b-9868-57a2d4851a1d" relativeResultsDirectory="634be4ce-49db-4dcf-80ad-cd6578e9d570" />
    <UnitTestResult executionId="b2dc4d43-9c07-4f95-9a32-d76b6d8e3460" testId="ac6bf313-0922-66ba-3b55-27772152db91" testName="TryGet_GetsItemWithoutIncrementingHits" computerName="QUICK-MINDS" duration="00:00:00.0001230" startTime="2025-06-25T12:18:24.8015657+02:00" endTime="2025-06-25T12:18:24.8016891+02:00" testType="13cdc9d9-ddb5-4fa4-a97d-d965ccfc6d4b" outcome="Passed" testListId="8c84fa94-04c1-424b-9868-57a2d4851a1d" relativeResultsDirectory="b2dc4d43-9c07-4f95-9a32-d76b6d8e3460" />
    <UnitTestResult executionId="37bef710-362c-4f78-ab87-82436054823d" testId="ac097c8f-8680-1abd-9af0-663e074eac64" testName="ReportingApiClient_GetBlockedIps_ShouldThrowExceptionOnError" computerName="QUICK-MINDS" duration="00:00:00.0016660" startTime="2025-06-25T12:18:34.0888062+02:00" endTime="2025-06-25T12:18:34.0904718+02:00" testType="13cdc9d9-ddb5-4fa4-a97d-d965ccfc6d4b" outcome="Passed" testListId="8c84fa94-04c1-424b-9868-57a2d4851a1d" relativeResultsDirectory="37bef710-362c-4f78-ab87-82436054823d" />
    <UnitTestResult executionId="7d5e76f3-575b-4da6-858e-fe37ec4c6b0a" testId="c58cb365-420b-8b0e-f780-94c52f5776a1" testName="Test_SAFE: Encapsulated redirection symbol" computerName="QUICK-MINDS" duration="00:00:00.0000030" startTime="2025-06-25T12:18:34.0294396+02:00" endTime="2025-06-25T12:18:34.0294429+02:00" testType="13cdc9d9-ddb5-4fa4-a97d-d965ccfc6d4b" outcome="Passed" testListId="8c84fa94-04c1-424b-9868-57a2d4851a1d" relativeResultsDirectory="7d5e76f3-575b-4da6-858e-fe37ec4c6b0a" />
    <UnitTestResult executionId="e7a97a94-ca99-45f1-ae3a-c4e49788810c" testId="5ff5a065-9084-24be-1912-e230019a43a0" testName="MatchEndpoints_SpecificMethodOverWildcard_ShouldTakePrecedence" computerName="QUICK-MINDS" duration="00:00:00.0002570" startTime="2025-06-25T12:18:32.1039553+02:00" endTime="2025-06-25T12:18:32.1042120+02:00" testType="13cdc9d9-ddb5-4fa4-a97d-d965ccfc6d4b" outcome="Passed" testListId="8c84fa94-04c1-424b-9868-57a2d4851a1d" relativeResultsDirectory="e7a97a94-ca99-45f1-ae3a-c4e49788810c" />
    <UnitTestResult executionId="aeb670c1-7f74-4ed7-b919-7e803b9de1d2" testId="c304e268-3975-1072-3315-732a19b89e65" testName="QueueEvent_WithValidParameters_AddsEventToQueue" computerName="QUICK-MINDS" duration="00:00:00.5211150" startTime="2025-06-25T12:18:21.6537638+02:00" endTime="2025-06-25T12:18:22.1748782+02:00" testType="13cdc9d9-ddb5-4fa4-a97d-d965ccfc6d4b" outcome="Passed" testListId="8c84fa94-04c1-424b-9868-57a2d4851a1d" relativeResultsDirectory="aeb670c1-7f74-4ed7-b919-7e803b9de1d2" />
    <UnitTestResult executionId="27e0e221-4e8a-40c3-9447-fa393ed782b2" testId="f801c414-c43e-f91f-2012-c83452f9315a" testName="OnInspectedCall_TracksTotalsAndDurations" computerName="QUICK-MINDS" duration="00:00:00.0007910" startTime="2025-06-25T12:18:34.0732167+02:00" endTime="2025-06-25T12:18:34.0740080+02:00" testType="13cdc9d9-ddb5-4fa4-a97d-d965ccfc6d4b" outcome="Passed" testListId="8c84fa94-04c1-424b-9868-57a2d4851a1d" relativeResultsDirectory="27e0e221-4e8a-40c3-9447-fa393ed782b2" />
    <UnitTestResult executionId="927df7ca-06b7-48c1-a1df-c9ab584d9a35" testId="0cc6f2ef-f8d5-3287-07c2-5d1122e3026f" testName="AddRoute_WithNullContext_HandlesGracefully" computerName="QUICK-MINDS" duration="00:00:00.0000530" startTime="2025-06-25T12:18:20.3855486+02:00" endTime="2025-06-25T12:18:20.3856011+02:00" testType="13cdc9d9-ddb5-4fa4-a97d-d965ccfc6d4b" outcome="Passed" testListId="8c84fa94-04c1-424b-9868-57a2d4851a1d" relativeResultsDirectory="927df7ca-06b7-48c1-a1df-c9ab584d9a35" />
    <UnitTestResult executionId="2e00907d-774a-41e9-a5c7-75f971166a8f" testId="d1ddb23f-54a4-1636-628e-ee8c6908e9e8" testName="EndpointMatching_WithEmptyAllowedIPs_ShouldAllowAccess" computerName="QUICK-MINDS" duration="00:00:00.0002190" startTime="2025-06-25T12:18:24.5383854+02:00" endTime="2025-06-25T12:18:24.5386044+02:00" testType="13cdc9d9-ddb5-4fa4-a97d-d965ccfc6d4b" outcome="Passed" testListId="8c84fa94-04c1-424b-9868-57a2d4851a1d" relativeResultsDirectory="2e00907d-774a-41e9-a5c7-75f971166a8f" />
    <UnitTestResult executionId="aa80823d-ea25-4f5f-bc09-e9272496907d" testId="b4c41dbb-96da-451e-b513-1f3550617ccd" testName="UpdateApiInfo_ExceedingMaxSamples_DoesNotUpdate" computerName="QUICK-MINDS" duration="00:00:00.0000850" startTime="2025-06-25T12:18:24.8800650+02:00" endTime="2025-06-25T12:18:24.8801503+02:00" testType="13cdc9d9-ddb5-4fa4-a97d-d965ccfc6d4b" outcome="Passed" testListId="8c84fa94-04c1-424b-9868-57a2d4851a1d" relativeResultsDirectory="aa80823d-ea25-4f5f-bc09-e9272496907d" />
    <UnitTestResult executionId="d464c4f4-3a72-4780-9ff0-68df904910da" testId="cda87dd6-751c-4bee-f994-2d396cbecf48" testName="Test_INJECTION: Dangerous command chown root" computerName="QUICK-MINDS" duration="00:00:00.0000030" startTime="2025-06-25T12:18:34.0296376+02:00" endTime="2025-06-25T12:18:34.0296410+02:00" testType="13cdc9d9-ddb5-4fa4-a97d-d965ccfc6d4b" outcome="Passed" testListId="8c84fa94-04c1-424b-9868-57a2d4851a1d" relativeResultsDirectory="d464c4f4-3a72-4780-9ff0-68df904910da" />
    <UnitTestResult executionId="06dbdb4d-248a-4eb6-9761-48f8436fd1e7" testId="7a812f6c-40ae-fbea-ca32-c30d57955ffb" testName="CaptureRequest_WithNullUri_ThrowsException" computerName="QUICK-MINDS" duration="00:00:00.0005030" startTime="2025-06-25T12:18:32.6014834+02:00" endTime="2025-06-25T12:18:32.6019867+02:00" testType="13cdc9d9-ddb5-4fa4-a97d-d965ccfc6d4b" outcome="Passed" testListId="8c84fa94-04c1-424b-9868-57a2d4851a1d" relativeResultsDirectory="06dbdb4d-248a-4eb6-9761-48f8436fd1e7" />
    <UnitTestResult executionId="e50b5fe4-f089-4518-8291-18abc84c3b32" testId="623652c5-19e9-ada3-9098-930fa7153db5" testName="ShouldAddRoute_ShouldReturnExpectedResult(&quot;/api/resource&quot;,&quot;HEAD&quot;,200,False)" computerName="QUICK-MINDS" duration="00:00:00.0000090" startTime="2025-06-25T12:18:32.1121019+02:00" endTime="2025-06-25T12:18:32.1121109+02:00" testType="13cdc9d9-ddb5-4fa4-a97d-d965ccfc6d4b" outcome="Passed" testListId="8c84fa94-04c1-424b-9868-57a2d4851a1d" relativeResultsDirectory="e50b5fe4-f089-4518-8291-18abc84c3b32">
      <Output>
        <StdOut>AIKIDO: Status code not valid or method is excluded, skipping route</StdOut>
      </Output>
    </UnitTestResult>
    <UnitTestResult executionId="e070c78f-4bc8-47df-88ef-1d2e2673ea64" testId="60e94be2-230b-2bca-0d27-1d237fcab0a4" testName="HasItems_ShouldReturnFalseWhenNoItemsExist" computerName="QUICK-MINDS" duration="00:00:00.0001320" startTime="2025-06-25T12:18:32.6167309+02:00" endTime="2025-06-25T12:18:32.6168626+02:00" testType="13cdc9d9-ddb5-4fa4-a97d-d965ccfc6d4b" outcome="Passed" testListId="8c84fa94-04c1-424b-9868-57a2d4851a1d" relativeResultsDirectory="e070c78f-4bc8-47df-88ef-1d2e2673ea64" />
    <UnitTestResult executionId="213c8040-6b96-4ad9-933a-45e68f7e97eb" testId="fc17a62b-a2c4-a318-e7d7-303c116b87fb" testName="Test_INJECTION: Command chaining with ||" computerName="QUICK-MINDS" duration="00:00:00.0000030" startTime="2025-06-25T12:18:34.0292462+02:00" endTime="2025-06-25T12:18:34.0292488+02:00" testType="13cdc9d9-ddb5-4fa4-a97d-d965ccfc6d4b" outcome="Passed" testListId="8c84fa94-04c1-424b-9868-57a2d4851a1d" relativeResultsDirectory="213c8040-6b96-4ad9-933a-45e68f7e97eb" />
    <UnitTestResult executionId="8577050c-bfac-4e6b-928e-f48250c5d852" testId="d1f6cbee-9253-a301-299e-416cffd0e66f" testName="ClearContext_ResetsAllContextValues" computerName="QUICK-MINDS" duration="00:00:00.0396430" startTime="2025-06-25T12:18:20.8484812+02:00" endTime="2025-06-25T12:18:20.8881227+02:00" testType="13cdc9d9-ddb5-4fa4-a97d-d965ccfc6d4b" outcome="Passed" testListId="8c84fa94-04c1-424b-9868-57a2d4851a1d" relativeResultsDirectory="8577050c-bfac-4e6b-928e-f48250c5d852" />
    <UnitTestResult executionId="f999b3ee-e72e-4467-b94a-0186858f7a5c" testId="e38c2e33-b9b8-daa0-dd97-d3bdea16ad66" testName="DebugLog_ShouldAddPrefix_WhenMessageDoesNotHaveIt" computerName="QUICK-MINDS" duration="00:00:00.0009630" startTime="2025-06-25T12:18:25.0189267+02:00" endTime="2025-06-25T12:18:25.0198892+02:00" testType="13cdc9d9-ddb5-4fa4-a97d-d965ccfc6d4b" outcome="Passed" testListId="8c84fa94-04c1-424b-9868-57a2d4851a1d" relativeResultsDirectory="f999b3ee-e72e-4467-b94a-0186858f7a5c" />
    <UnitTestResult executionId="e11e6ceb-2d03-49fa-8be2-958d85933eaa" testId="763f28d8-a9e3-5e31-e636-60fd3c7e2a0d" testName="IsRouteParameter_ShouldReturnExpectedResult(&quot;{parameter}&quot;,True)" computerName="QUICK-MINDS" duration="00:00:00.0003850" startTime="2025-06-25T12:18:32.1016988+02:00" endTime="2025-06-25T12:18:32.1020840+02:00" testType="13cdc9d9-ddb5-4fa4-a97d-d965ccfc6d4b" outcome="Passed" testListId="8c84fa94-04c1-424b-9868-57a2d4851a1d" relativeResultsDirectory="e11e6ceb-2d03-49fa-8be2-958d85933eaa" />
    <UnitTestResult executionId="ea0542c3-ea45-43d6-8a0e-c7a6c680b69e" testId="e48d7b10-3fd4-c969-4117-fbd10261f540" testName="IsAllowed_WithZeroMaxRequests_ShouldAlwaysDeny" computerName="QUICK-MINDS" duration="00:00:00.0000270" startTime="2025-06-25T12:18:25.1874927+02:00" endTime="2025-06-25T12:18:25.1875199+02:00" testType="13cdc9d9-ddb5-4fa4-a97d-d965ccfc6d4b" outcome="Passed" testListId="8c84fa94-04c1-424b-9868-57a2d4851a1d" relativeResultsDirectory="ea0542c3-ea45-43d6-8a0e-c7a6c680b69e" />
    <UnitTestResult executionId="919342ee-cf87-46f7-b839-2766be5b0d66" testId="6dd6af0b-13cd-4892-0ec0-31098b917107" testName="Test_INJECTION: Escaped backticks in domain" computerName="QUICK-MINDS" duration="00:00:00.0000050" startTime="2025-06-25T12:18:34.0291996+02:00" endTime="2025-06-25T12:18:34.0292049+02:00" testType="13cdc9d9-ddb5-4fa4-a97d-d965ccfc6d4b" outcome="Passed" testListId="8c84fa94-04c1-424b-9868-57a2d4851a1d" relativeResultsDirectory="919342ee-cf87-46f7-b839-2766be5b0d66" />
    <UnitTestResult executionId="6ebe7587-2569-48bb-90fa-8306e334501d" testId="67ac696d-2941-40cd-e59d-d2077937bbf1" testName="IsShellInjection_ShouldDetectTildeInjection" computerName="QUICK-MINDS" duration="00:00:00.0000230" startTime="2025-06-25T12:18:34.0298082+02:00" endTime="2025-06-25T12:18:34.0298315+02:00" testType="13cdc9d9-ddb5-4fa4-a97d-d965ccfc6d4b" outcome="Passed" testListId="8c84fa94-04c1-424b-9868-57a2d4851a1d" relativeResultsDirectory="6ebe7587-2569-48bb-90fa-8306e334501d" />
    <UnitTestResult executionId="ecb5773c-6a4e-48d2-bd6b-6e6d0d368ca7" testId="2f4cc205-71fd-2876-c660-f6da565c443a" testName="ShellInjectionDetected_ShouldReturnCorrectMessage" computerName="QUICK-MINDS" duration="00:00:00.0000410" startTime="2025-06-25T12:18:24.5360825+02:00" endTime="2025-06-25T12:18:24.5361235+02:00" testType="13cdc9d9-ddb5-4fa4-a97d-d965ccfc6d4b" outcome="Passed" testListId="8c84fa94-04c1-424b-9868-57a2d4851a1d" relativeResultsDirectory="ecb5773c-6a4e-48d2-bd6b-6e6d0d368ca7" />
    <UnitTestResult executionId="c5703f94-871b-44ad-bf3a-64b05535eded" testId="93aa43c6-7173-dac9-9280-209ed0e756d6" testName="UpdateConfig_WithValidResponse_UpdatesConfiguration" computerName="QUICK-MINDS" duration="00:00:00.0031830" startTime="2025-06-25T12:18:20.3465846+02:00" endTime="2025-06-25T12:18:20.3497678+02:00" testType="13cdc9d9-ddb5-4fa4-a97d-d965ccfc6d4b" outcome="Passed" testListId="8c84fa94-04c1-424b-9868-57a2d4851a1d" relativeResultsDirectory="c5703f94-871b-44ad-bf3a-64b05535eded" />
    <UnitTestResult executionId="fe120cb3-63a2-481b-8b61-4e4b10aa92f7" testId="ecd413f8-8c4f-6f99-96e7-cfe8ce66d4c9" testName="GetStringFormat_WithDateString_ReturnsDateFormat" computerName="QUICK-MINDS" duration="00:00:00.0001080" startTime="2025-06-25T12:18:32.3553055+02:00" endTime="2025-06-25T12:18:32.3554140+02:00" testType="13cdc9d9-ddb5-4fa4-a97d-d965ccfc6d4b" outcome="Passed" testListId="8c84fa94-04c1-424b-9868-57a2d4851a1d" relativeResultsDirectory="fe120cb3-63a2-481b-8b61-4e4b10aa92f7" />
    <UnitTestResult executionId="908bb38c-bd68-4baf-bcb0-0fdca552b776" testId="60003fef-fca7-1adb-102b-f0d233f1d76d" testName="Test_SAFE: Pipe character inside single quotes" computerName="QUICK-MINDS" duration="00:00:00.0000030" startTime="2025-06-25T12:18:34.0292665+02:00" endTime="2025-06-25T12:18:34.0292690+02:00" testType="13cdc9d9-ddb5-4fa4-a97d-d965ccfc6d4b" outcome="Passed" testListId="8c84fa94-04c1-424b-9868-57a2d4851a1d" relativeResultsDirectory="908bb38c-bd68-4baf-bcb0-0fdca552b776" />
    <UnitTestResult executionId="29d5272e-f5a4-41d5-8d39-7770e48f405a" testId="07429e3d-a910-557b-260c-e0e5aa82e652" testName="LooksLikeASecret_ShortStrings_ReturnsFalse(&quot;KJr6s&quot;)" computerName="QUICK-MINDS" duration="00:00:00.0000020" startTime="2025-06-25T12:18:32.1430234+02:00" endTime="2025-06-25T12:18:32.1430250+02:00" testType="13cdc9d9-ddb5-4fa4-a97d-d965ccfc6d4b" outcome="Passed" testListId="8c84fa94-04c1-424b-9868-57a2d4851a1d" relativeResultsDirectory="29d5272e-f5a4-41d5-8d39-7770e48f405a" />
    <UnitTestResult executionId="bc349992-e4ec-4230-9659-758d41884eeb" testId="96d55237-5df8-b3dc-43a3-8625d7e58537" testName="MapIPv4ToIPv6_ShouldReturnCorrectIPv6Mappings" computerName="QUICK-MINDS" duration="00:00:00.0001040" startTime="2025-06-25T12:18:24.9090949+02:00" endTime="2025-06-25T12:18:24.9091989+02:00" testType="13cdc9d9-ddb5-4fa4-a97d-d965ccfc6d4b" outcome="Passed" testListId="8c84fa94-04c1-424b-9868-57a2d4851a1d" relativeResultsDirectory="bc349992-e4ec-4230-9659-758d41884eeb" />
    <UnitTestResult executionId="24fc0910-d8e2-4250-840c-706f69c1c938" testId="cb5baf93-290d-85b9-31b2-b1b801e74318" testName="UpdateApiInfo_SuccessfulUpdate_UpdatesRouteCorrectly" computerName="QUICK-MINDS" duration="00:00:00.0002920" startTime="2025-06-25T12:18:24.8809750+02:00" endTime="2025-06-25T12:18:24.8812672+02:00" testType="13cdc9d9-ddb5-4fa4-a97d-d965ccfc6d4b" outcome="Passed" testListId="8c84fa94-04c1-424b-9868-57a2d4851a1d" relativeResultsDirectory="24fc0910-d8e2-4250-840c-706f69c1c938" />
    <UnitTestResult executionId="a84516c9-e879-4a91-af9f-ac42f08247f3" testId="c7600118-a35a-5df8-2696-8c5e638aae31" testName="Type_ReturnsCorrectValue" computerName="QUICK-MINDS" duration="00:00:00.0000320" startTime="2025-06-25T12:18:24.8033896+02:00" endTime="2025-06-25T12:18:24.8034213+02:00" testType="13cdc9d9-ddb5-4fa4-a97d-d965ccfc6d4b" outcome="Passed" testListId="8c84fa94-04c1-424b-9868-57a2d4851a1d" relativeResultsDirectory="a84516c9-e879-4a91-af9f-ac42f08247f3" />
    <UnitTestResult executionId="b7780fe8-feb5-4731-a597-265bc81abace" testId="f083ed64-c9d4-fb3f-1d75-d707e717355a" testName="CalculatePercentiles_MultiplePercentiles" computerName="QUICK-MINDS" duration="00:00:00.0063390" startTime="2025-06-25T12:18:34.0417431+02:00" endTime="2025-06-25T12:18:34.0480816+02:00" testType="13cdc9d9-ddb5-4fa4-a97d-d965ccfc6d4b" outcome="Passed" testListId="8c84fa94-04c1-424b-9868-57a2d4851a1d" relativeResultsDirectory="b7780fe8-feb5-4731-a597-265bc81abace" />
    <UnitTestResult executionId="7f315507-c6e6-4edb-8239-5ecf0183aa04" testId="fa7a03fc-fefb-61c6-feac-c1fe9a6f1e2e" testName="Test_INJECTION: Dangerous command chown" computerName="QUICK-MINDS" duration="00:00:00.0000030" startTime="2025-06-25T12:18:34.0296329+02:00" endTime="2025-06-25T12:18:34.0296362+02:00" testType="13cdc9d9-ddb5-4fa4-a97d-d965ccfc6d4b" outcome="Passed" testListId="8c84fa94-04c1-424b-9868-57a2d4851a1d" relativeResultsDirectory="7f315507-c6e6-4edb-8239-5ecf0183aa04" />
    <UnitTestResult executionId="1507b485-3915-480f-8e17-6e052e3dc0c9" testId="8469268b-f808-9b9b-d61b-275eee215791" testName="Cache_WithDifferentSizes_ShouldRespectCapacity" computerName="QUICK-MINDS" duration="00:00:00.0015490" startTime="2025-06-25T12:18:25.0270098+02:00" endTime="2025-06-25T12:18:25.0285582+02:00" testType="13cdc9d9-ddb5-4fa4-a97d-d965ccfc6d4b" outcome="Passed" testListId="8c84fa94-04c1-424b-9868-57a2d4851a1d" relativeResultsDirectory="1507b485-3915-480f-8e17-6e052e3dc0c9" />
    <UnitTestResult executionId="95e5ce11-9a0e-430d-a904-4fff16b18dfc" testId="f181ff99-46fe-d1b8-2d8b-ac9fd71880e9" testName="IsIPAllowed_WithInvalidIP_ShouldReturnTrue" computerName="QUICK-MINDS" duration="00:00:00.0002550" startTime="2025-06-25T12:18:24.5504434+02:00" endTime="2025-06-25T12:18:24.5506984+02:00" testType="13cdc9d9-ddb5-4fa4-a97d-d965ccfc6d4b" outcome="Passed" testListId="8c84fa94-04c1-424b-9868-57a2d4851a1d" relativeResultsDirectory="95e5ce11-9a0e-430d-a904-4fff16b18dfc" />
    <UnitTestResult executionId="d8f90ad1-bdb3-404a-9a64-22b317bd383b" testId="2c055c2c-cf69-8781-a9de-5f00688e8c62" testName="GetValues_ReturnsAllCurrentValues" computerName="QUICK-MINDS" duration="00:00:00.0018310" startTime="2025-06-25T12:18:24.7996087+02:00" endTime="2025-06-25T12:18:24.8014395+02:00" testType="13cdc9d9-ddb5-4fa4-a97d-d965ccfc6d4b" outcome="Passed" testListId="8c84fa94-04c1-424b-9868-57a2d4851a1d" relativeResultsDirectory="d8f90ad1-bdb3-404a-9a64-22b317bd383b" />
    <UnitTestResult executionId="f262b0cf-f06d-4501-a968-8a04c5c6fb9f" testId="130746cf-5783-200b-2006-098c7cbf6ded" testName="Test_INJECTION: Dangerous command chmod" computerName="QUICK-MINDS" duration="00:00:00.0000030" startTime="2025-06-25T12:18:34.0296252+02:00" endTime="2025-06-25T12:18:34.0296280+02:00" testType="13cdc9d9-ddb5-4fa4-a97d-d965ccfc6d4b" outcome="Passed" testListId="8c84fa94-04c1-424b-9868-57a2d4851a1d" relativeResultsDirectory="f262b0cf-f06d-4501-a968-8a04c5c6fb9f" />
    <UnitTestResult executionId="16a1feee-ad4a-41df-ae66-5be2ffec57bc" testId="b2fccfc7-ad15-a613-c434-aded88a0a195" testName="Test_Directory prefix in user input" computerName="QUICK-MINDS" duration="00:00:00.0000040" startTime="2025-06-25T12:18:33.7685581+02:00" endTime="2025-06-25T12:18:33.7685619+02:00" testType="13cdc9d9-ddb5-4fa4-a97d-d965ccfc6d4b" outcome="Passed" testListId="8c84fa94-04c1-424b-9868-57a2d4851a1d" relativeResultsDirectory="16a1feee-ad4a-41df-ae66-5be2ffec57bc" />
    <UnitTestResult executionId="ce8c6c96-6468-4c5b-9b72-4dea7021a7f9" testId="94042025-2f4a-bf14-470a-1c8c22d58d45" testName="GetDialect_ShouldReturnCorrectDialect(&quot;Unknown.Assembly&quot;,Generic)" computerName="QUICK-MINDS" duration="00:00:00.0001080" startTime="2025-06-25T12:18:34.0345575+02:00" endTime="2025-06-25T12:18:34.0346656+02:00" testType="13cdc9d9-ddb5-4fa4-a97d-d965ccfc6d4b" outcome="Passed" testListId="8c84fa94-04c1-424b-9868-57a2d4851a1d" relativeResultsDirectory="ce8c6c96-6468-4c5b-9b72-4dea7021a7f9" />
    <UnitTestResult executionId="fbfcc2dd-cfa8-4969-9195-83ae49b69e8e" testId="ff15ec8e-f22b-2432-924c-6811ed971fb6" testName="ScheduleEvent_WithNonPositiveInterval_ThrowsArgumentException" computerName="QUICK-MINDS" duration="00:00:00.0011520" startTime="2025-06-25T12:18:23.2467321+02:00" endTime="2025-06-25T12:18:23.2478841+02:00" testType="13cdc9d9-ddb5-4fa4-a97d-d965ccfc6d4b" outcome="Passed" testListId="8c84fa94-04c1-424b-9868-57a2d4851a1d" relativeResultsDirectory="fbfcc2dd-cfa8-4969-9195-83ae49b69e8e" />
    <UnitTestResult executionId="fa78cb40-d66b-4ce1-b4ef-d99fe18ee533" testId="8c6f8cb8-7309-6b10-b9fd-e3a19a937b0d" testName="Test_INJECTION: Semicolon in user input" computerName="QUICK-MINDS" duration="00:00:00.0000030" startTime="2025-06-25T12:18:34.0292208+02:00" endTime="2025-06-25T12:18:34.0292234+02:00" testType="13cdc9d9-ddb5-4fa4-a97d-d965ccfc6d4b" outcome="Passed" testListId="8c84fa94-04c1-424b-9868-57a2d4851a1d" relativeResultsDirectory="fa78cb40-d66b-4ce1-b4ef-d99fe18ee533" />
    <UnitTestResult executionId="a01fd642-ba16-439f-9869-aa7506f60040" testId="a13e4968-7c93-1f44-73e6-cd209af8bc06" testName="OnFileOperation_AbsoluteInput_ReturnsTrueWhenNotBlocking(&quot;/etc/shadow&quot;)" computerName="QUICK-MINDS" duration="00:00:00.0090230" startTime="2025-06-25T12:18:32.6021306+02:00" endTime="2025-06-25T12:18:32.6111529+02:00" testType="13cdc9d9-ddb5-4fa4-a97d-d965ccfc6d4b" outcome="Passed" testListId="8c84fa94-04c1-424b-9868-57a2d4851a1d" relativeResultsDirectory="a01fd642-ba16-439f-9869-aa7506f60040">
      <Output>
        <StdOut>AIKIDO: Attack detected: PathTraversal in Body File.ReadAllBytes, blocked: False</StdOut>
      </Output>
    </UnitTestResult>
    <UnitTestResult executionId="42a6e013-a80a-418b-82a0-39ae7b221414" testId="6d557731-243f-47e3-4440-a7d9bd62de0e" testName="Test_SAFE: User input does not occur in the command" computerName="QUICK-MINDS" duration="00:00:00.0000040" startTime="2025-06-25T12:18:34.0291482+02:00" endTime="2025-06-25T12:18:34.0291521+02:00" testType="13cdc9d9-ddb5-4fa4-a97d-d965ccfc6d4b" outcome="Passed" testListId="8c84fa94-04c1-424b-9868-57a2d4851a1d" relativeResultsDirectory="42a6e013-a80a-418b-82a0-39ae7b221414" />
    <UnitTestResult executionId="9259a055-16a3-4ce5-9293-71501d3ac031" testId="cf6cbdb8-591a-93d7-4c4d-56ae1faa81e0" testName="ContainsPrivateIPAddress_ShouldReturnFalse_ForInvalidIPs" computerName="QUICK-MINDS" duration="00:00:00.0003089" startTime="2025-06-25T12:18:24.9078420+02:00" endTime="2025-06-25T12:18:24.9081507+02:00" testType="13cdc9d9-ddb5-4fa4-a97d-d965ccfc6d4b" outcome="Passed" testListId="8c84fa94-04c1-424b-9868-57a2d4851a1d" relativeResultsDirectory="9259a055-16a3-4ce5-9293-71501d3ac031" />
    <UnitTestResult executionId="6586bada-d675-4c8e-8fe6-8b8ede9ab838" testId="e94e6ea7-6273-e6c6-9d78-3faef9a1e0ee" testName="BuildRouteFromUrl_IPAddresses_ReplacesWithIpParam" computerName="QUICK-MINDS" duration="00:00:00.0008590" startTime="2025-06-25T12:18:32.1313458+02:00" endTime="2025-06-25T12:18:32.1322043+02:00" testType="13cdc9d9-ddb5-4fa4-a97d-d965ccfc6d4b" outcome="Passed" testListId="8c84fa94-04c1-424b-9868-57a2d4851a1d" relativeResultsDirectory="6586bada-d675-4c8e-8fe6-8b8ede9ab838" />
    <UnitTestResult executionId="b16394c5-5bf9-44fa-8482-e0af75e81234" testId="d0418737-467d-ef7e-d180-0fa89de33345" testName="IsGraphQL_ShouldReturnTrue_WhenGraphqlIsNotEmpty" computerName="QUICK-MINDS" duration="00:00:00.0000340" startTime="2025-06-25T12:18:24.8024769+02:00" endTime="2025-06-25T12:18:24.8025107+02:00" testType="13cdc9d9-ddb5-4fa4-a97d-d965ccfc6d4b" outcome="Passed" testListId="8c84fa94-04c1-424b-9868-57a2d4851a1d" relativeResultsDirectory="b16394c5-5bf9-44fa-8482-e0af75e81234" />
    <UnitTestResult executionId="2665963b-cce8-478e-909d-36d60a8fc6f0" testId="c6d81f66-0970-eb49-02cf-92867fe819df" testName="Time_ReturnsCurrentUnixTimestamp" computerName="QUICK-MINDS" duration="00:00:00.0002280" startTime="2025-06-25T12:18:24.8031581+02:00" endTime="2025-06-25T12:18:24.8033855+02:00" testType="13cdc9d9-ddb5-4fa4-a97d-d965ccfc6d4b" outcome="Passed" testListId="8c84fa94-04c1-424b-9868-57a2d4851a1d" relativeResultsDirectory="2665963b-cce8-478e-909d-36d60a8fc6f0" />
    <UnitTestResult executionId="bfa86ee9-5557-4ffc-a520-6facd932fc17" testId="163bfbb5-21c1-9a86-ebe2-cf697bb69813" testName="Test_Simple directory traversal with ../" computerName="QUICK-MINDS" duration="00:00:00.0001440" startTime="2025-06-25T12:18:33.7681387+02:00" endTime="2025-06-25T12:18:33.7682823+02:00" testType="13cdc9d9-ddb5-4fa4-a97d-d965ccfc6d4b" outcome="Passed" testListId="8c84fa94-04c1-424b-9868-57a2d4851a1d" relativeResultsDirectory="bfa86ee9-5557-4ffc-a520-6facd932fc17" />
    <UnitTestResult executionId="ce0f41c4-9c21-4c17-be84-f8c166969f3e" testId="2a1159e2-b8b7-a694-ba7c-0f2d335bbf07" testName="IsRequestAllowed_ShouldHandleMultipleWildcardMatches" computerName="QUICK-MINDS" duration="00:00:00.0004080" startTime="2025-06-25T12:18:25.1884571+02:00" endTime="2025-06-25T12:18:25.1888646+02:00" testType="13cdc9d9-ddb5-4fa4-a97d-d965ccfc6d4b" outcome="Passed" testListId="8c84fa94-04c1-424b-9868-57a2d4851a1d" relativeResultsDirectory="ce0f41c4-9c21-4c17-be84-f8c166969f3e" />
    <UnitTestResult executionId="7d471127-1a06-4f98-8606-dcc354814eb3" testId="880bc962-ecec-70ad-8171-0baf273d2c08" testName="Test_INJECTION: Unsafe use of variable" computerName="QUICK-MINDS" duration="00:00:00.0000030" startTime="2025-06-25T12:18:34.0292808+02:00" endTime="2025-06-25T12:18:34.0292836+02:00" testType="13cdc9d9-ddb5-4fa4-a97d-d965ccfc6d4b" outcome="Passed" testListId="8c84fa94-04c1-424b-9868-57a2d4851a1d" relativeResultsDirectory="7d471127-1a06-4f98-8606-dcc354814eb3" />
    <UnitTestResult executionId="f5c00b0f-65cd-42f8-afb8-cd684b8ee55f" testId="49e5e573-412e-9717-47e6-b935c730a12b" testName="RemoveScheduledEvent_WithNullScheduleId_ThrowsArgumentNullException" computerName="QUICK-MINDS" duration="00:00:00.0007550" startTime="2025-06-25T12:18:22.4859789+02:00" endTime="2025-06-25T12:18:22.4867339+02:00" testType="13cdc9d9-ddb5-4fa4-a97d-d965ccfc6d4b" outcome="Passed" testListId="8c84fa94-04c1-424b-9868-57a2d4851a1d" relativeResultsDirectory="f5c00b0f-65cd-42f8-afb8-cd684b8ee55f" />
    <UnitTestResult executionId="e6c202ac-00c8-4425-86b0-a0ec5f78e65f" testId="5df0983d-fff2-ce55-acc6-6c61c03b3392" testName="Delete_NonExistentKey_ShouldNotThrowException" computerName="QUICK-MINDS" duration="00:00:00.0005390" startTime="2025-06-25T12:18:32.6261702+02:00" endTime="2025-06-25T12:18:32.6267095+02:00" testType="13cdc9d9-ddb5-4fa4-a97d-d965ccfc6d4b" outcome="Passed" testListId="8c84fa94-04c1-424b-9868-57a2d4851a1d" relativeResultsDirectory="e6c202ac-00c8-4425-86b0-a0ec5f78e65f" />
    <UnitTestResult executionId="070e18ef-de49-49d5-b09f-69ba9c8db0ab" testId="f87789bb-fc86-cec4-3765-afb34b06d330" testName="IsRouteParameter_ShouldReturnExpectedResult(&quot;thing={value}&quot;,False)" computerName="QUICK-MINDS" duration="00:00:00.0000060" startTime="2025-06-25T12:18:32.1025713+02:00" endTime="2025-06-25T12:18:32.1025769+02:00" testType="13cdc9d9-ddb5-4fa4-a97d-d965ccfc6d4b" outcome="Passed" testListId="8c84fa94-04c1-424b-9868-57a2d4851a1d" relativeResultsDirectory="070e18ef-de49-49d5-b09f-69ba9c8db0ab" />
    <UnitTestResult executionId="bf8cbbba-e140-489c-b8e1-a5b8e1605bbd" testId="9f4daec2-3d71-3cbc-81cb-7f8afc815f59" testName="ShouldWorkWithZeroZeroZeroZeroAndMultipleRanges" computerName="QUICK-MINDS" duration="00:00:00.0001000" startTime="2025-06-25T12:18:32.6191136+02:00" endTime="2025-06-25T12:18:32.6192134+02:00" testType="13cdc9d9-ddb5-4fa4-a97d-d965ccfc6d4b" outcome="Passed" testListId="8c84fa94-04c1-424b-9868-57a2d4851a1d" relativeResultsDirectory="bf8cbbba-e140-489c-b8e1-a5b8e1605bbd" />
    <UnitTestResult executionId="533a887e-3be5-43f7-964f-2807b3b27e1e" testId="a58fa1e6-8aa0-530e-4796-5eaab59255fe" testName="Properties_DefaultToNull" computerName="QUICK-MINDS" duration="00:00:00.0000850" startTime="2025-06-25T12:18:24.8030709+02:00" endTime="2025-06-25T12:18:24.8031556+02:00" testType="13cdc9d9-ddb5-4fa4-a97d-d965ccfc6d4b" outcome="Passed" testListId="8c84fa94-04c1-424b-9868-57a2d4851a1d" relativeResultsDirectory="533a887e-3be5-43f7-964f-2807b3b27e1e" />
    <UnitTestResult executionId="4cbd624b-cd30-49b0-a089-d2f30cad2479" testId="876d42be-62ab-2367-27d4-2fcf81843d9e" testName="ConcurrentOperations_ProduceConsistentResults" computerName="QUICK-MINDS" duration="00:00:00.0137290" startTime="2025-06-25T12:18:34.0565631+02:00" endTime="2025-06-25T12:18:34.0702924+02:00" testType="13cdc9d9-ddb5-4fa4-a97d-d965ccfc6d4b" outcome="Passed" testListId="8c84fa94-04c1-424b-9868-57a2d4851a1d" relativeResultsDirectory="4cbd624b-cd30-49b0-a089-d2f30cad2479" />
    <UnitTestResult executionId="80e6afde-6330-4f5f-b81f-7627701e9689" testId="e8f09794-3b22-88ea-9ffe-d586f98f383e" testName="DebugLog_ShouldLogMessage_WhenIsDebuggingIsTrue" computerName="QUICK-MINDS" duration="00:00:00.0007870" startTime="2025-06-25T12:18:25.0199038+02:00" endTime="2025-06-25T12:18:25.0206903+02:00" testType="13cdc9d9-ddb5-4fa4-a97d-d965ccfc6d4b" outcome="Passed" testListId="8c84fa94-04c1-424b-9868-57a2d4851a1d" relativeResultsDirectory="80e6afde-6330-4f5f-b81f-7627701e9689" />
    <UnitTestResult executionId="7f7eba2a-628e-44aa-ae12-6d85f6780359" testId="f2221300-fb47-8b0e-3857-59c58133adc5" testName="MergeDataSchemas_WithArrays_MergesItems" computerName="QUICK-MINDS" duration="00:00:00.0005940" startTime="2025-06-25T12:18:32.1438827+02:00" endTime="2025-06-25T12:18:32.1444761+02:00" testType="13cdc9d9-ddb5-4fa4-a97d-d965ccfc6d4b" outcome="Passed" testListId="8c84fa94-04c1-424b-9868-57a2d4851a1d" relativeResultsDirectory="7f7eba2a-628e-44aa-ae12-6d85f6780359" />
    <UnitTestResult executionId="ea294f57-1aad-4722-884c-1df7b3d6bd9d" testId="082e58e9-20f5-2019-c5a5-d1fa7ea06a08" testName="GetMethodFromAssembly_PatchTraversal_ReturnsNull" computerName="QUICK-MINDS" duration="00:00:00.0000590" startTime="2025-06-25T12:18:32.1001317+02:00" endTime="2025-06-25T12:18:32.1001907+02:00" testType="13cdc9d9-ddb5-4fa4-a97d-d965ccfc6d4b" outcome="Passed" testListId="8c84fa94-04c1-424b-9868-57a2d4851a1d" relativeResultsDirectory="ea294f57-1aad-4722-884c-1df7b3d6bd9d" />
    <UnitTestResult executionId="c6299b7f-a520-4df8-9e1c-7fe6411ca532" testId="f5661f77-06f1-e2c6-bdb9-54b25388b296" testName="CaptureRequest_WithDefaultPort_ExtractsHostAndPort" computerName="QUICK-MINDS" duration="00:00:00.0010450" startTime="2025-06-25T12:18:32.5998403+02:00" endTime="2025-06-25T12:18:32.6008858+02:00" testType="13cdc9d9-ddb5-4fa4-a97d-d965ccfc6d4b" outcome="Passed" testListId="8c84fa94-04c1-424b-9868-57a2d4851a1d" relativeResultsDirectory="c6299b7f-a520-4df8-9e1c-7fe6411ca532">
      <Output>
        <StdOut>AIKIDO: Capturing outbound request to host: example.com</StdOut>
      </Output>
    </UnitTestResult>
    <UnitTestResult executionId="56151809-b7d2-4f4a-8a60-87dfbe91b27f" testId="2be8a576-5eac-e0bd-cb77-76f04c841bb8" testName="HasExactMatch_ShouldHaveCorrectPriority" computerName="QUICK-MINDS" duration="00:00:00.0003360" startTime="2025-06-25T12:18:32.1006140+02:00" endTime="2025-06-25T12:18:32.1009499+02:00" testType="13cdc9d9-ddb5-4fa4-a97d-d965ccfc6d4b" outcome="Passed" testListId="8c84fa94-04c1-424b-9868-57a2d4851a1d" relativeResultsDirectory="56151809-b7d2-4f4a-8a60-87dfbe91b27f" />
    <UnitTestResult executionId="33ff27b6-0db9-4aa3-ab1e-ca5f3940a330" testId="755ce4ec-d08e-391b-6a3f-6b181502bda6" testName="DetectPathTraversal_WithInvalidUrlEncoding_ChecksRawInput" computerName="QUICK-MINDS" duration="00:00:00.0000210" startTime="2025-06-25T12:18:33.7688252+02:00" endTime="2025-06-25T12:18:33.7688464+02:00" testType="13cdc9d9-ddb5-4fa4-a97d-d965ccfc6d4b" outcome="Passed" testListId="8c84fa94-04c1-424b-9868-57a2d4851a1d" relativeResultsDirectory="33ff27b6-0db9-4aa3-ab1e-ca5f3940a330" />
    <UnitTestResult executionId="9a370dd7-a085-47e1-93b4-be9709587ab0" testId="6f56589b-a53d-8a0c-adfe-bf231df1262d" testName="GetDataSchema_WithFormats_ReturnsCorrectSchema" computerName="QUICK-MINDS" duration="00:00:00.0033760" startTime="2025-06-25T12:18:24.8832244+02:00" endTime="2025-06-25T12:18:24.8866002+02:00" testType="13cdc9d9-ddb5-4fa4-a97d-d965ccfc6d4b" outcome="Passed" testListId="8c84fa94-04c1-424b-9868-57a2d4851a1d" relativeResultsDirectory="9a370dd7-a085-47e1-93b4-be9709587ab0" />
    <UnitTestResult executionId="fecd5077-2d84-473d-8a61-818a35b4f544" testId="d9e463df-b38c-8dc8-8ed4-645499b81f13" testName="LooksLikeASecret_EmptyString_ReturnsFalse" computerName="QUICK-MINDS" duration="00:00:00.0000250" startTime="2025-06-25T12:18:32.1424180+02:00" endTime="2025-06-25T12:18:32.1424432+02:00" testType="13cdc9d9-ddb5-4fa4-a97d-d965ccfc6d4b" outcome="Passed" testListId="8c84fa94-04c1-424b-9868-57a2d4851a1d" relativeResultsDirectory="fecd5077-2d84-473d-8a61-818a35b4f544" />
    <UnitTestResult executionId="06dbac66-19d1-4ac6-9053-65412ac1a4fe" testId="cac8e526-f559-dee0-4ee6-98dd605aa953" testName="OnFileOperation_AbsoluteInput_ReturnsTrueWhenNotBlocking(&quot;C:\\Windows\\System32\\cmd.exe&quot;)" computerName="QUICK-MINDS" duration="00:00:00.0006390" startTime="2025-06-25T12:18:32.6122323+02:00" endTime="2025-06-25T12:18:32.6128710+02:00" testType="13cdc9d9-ddb5-4fa4-a97d-d965ccfc6d4b" outcome="Passed" testListId="8c84fa94-04c1-424b-9868-57a2d4851a1d" relativeResultsDirectory="06dbac66-19d1-4ac6-9053-65412ac1a4fe">
      <Output>
        <StdOut>AIKIDO: Attack detected: PathTraversal in Body File.ReadAllBytes, blocked: False</StdOut>
      </Output>
    </UnitTestResult>
    <UnitTestResult executionId="3879e755-1984-49e7-9585-86d6e1288d3f" testId="e1ae24d3-c1bf-990e-47ba-6162aa72ed5d" testName="ShouldAddRoute_ShouldReturnExpectedResult(&quot;/api/resource.axd&quot;,&quot;GET&quot;,200,True)" computerName="QUICK-MINDS" duration="00:00:00.0000060" startTime="2025-06-25T12:18:32.1121615+02:00" endTime="2025-06-25T12:18:32.1121670+02:00" testType="13cdc9d9-ddb5-4fa4-a97d-d965ccfc6d4b" outcome="Passed" testListId="8c84fa94-04c1-424b-9868-57a2d4851a1d" relativeResultsDirectory="3879e755-1984-49e7-9585-86d6e1288d3f" />
    <UnitTestResult executionId="24a712a8-35ea-49a9-bb7c-ef384f602a69" testId="ec9100d9-cfc6-2346-d85d-9c218702548e" testName="ShouldHandleIPv6CIDRNotations" computerName="QUICK-MINDS" duration="00:00:00.0002150" startTime="2025-06-25T12:18:32.6179813+02:00" endTime="2025-06-25T12:18:32.6181959+02:00" testType="13cdc9d9-ddb5-4fa4-a97d-d965ccfc6d4b" outcome="Passed" testListId="8c84fa94-04c1-424b-9868-57a2d4851a1d" relativeResultsDirectory="24a712a8-35ea-49a9-bb7c-ef384f602a69" />
    <UnitTestResult executionId="24fe7f62-9e0e-485c-9018-2130245d1abe" testId="9bf1ebe0-ad00-8353-557a-6ad569be76a0" testName="ConcurrentAccess_ShouldHandleMultipleThreads" computerName="QUICK-MINDS" duration="00:00:00.0033620" startTime="2025-06-25T12:18:32.6198852+02:00" endTime="2025-06-25T12:18:32.6232463+02:00" testType="13cdc9d9-ddb5-4fa4-a97d-d965ccfc6d4b" outcome="Passed" testListId="8c84fa94-04c1-424b-9868-57a2d4851a1d" relativeResultsDirectory="24fe7f62-9e0e-485c-9018-2130245d1abe" />
    <UnitTestResult executionId="d6da59a7-7b0c-47f6-84a2-3ea04deb7786" testId="639439bb-d830-f359-d9ab-33f289508592" testName="MergeDataSchemas_WithObjects_MergesProperties" computerName="QUICK-MINDS" duration="00:00:00.0001880" startTime="2025-06-25T12:18:32.1451351+02:00" endTime="2025-06-25T12:18:32.1453232+02:00" testType="13cdc9d9-ddb5-4fa4-a97d-d965ccfc6d4b" outcome="Passed" testListId="8c84fa94-04c1-424b-9868-57a2d4851a1d" relativeResultsDirectory="d6da59a7-7b0c-47f6-84a2-3ea04deb7786" />
    <UnitTestResult executionId="de609061-5e62-4aa1-9852-e561eda3d461" testId="9d32875c-1c19-4e4e-abcd-9618d061f3c7" testName="Test_Absolute path same files" computerName="QUICK-MINDS" duration="00:00:00.0000040" startTime="2025-06-25T12:18:33.7686751+02:00" endTime="2025-06-25T12:18:33.7686789+02:00" testType="13cdc9d9-ddb5-4fa4-a97d-d965ccfc6d4b" outcome="Passed" testListId="8c84fa94-04c1-424b-9868-57a2d4851a1d" relativeResultsDirectory="de609061-5e62-4aa1-9852-e561eda3d461" />
    <UnitTestResult executionId="ca346237-8da7-4aa8-a4d9-bc227b41ce1b" testId="f909eb75-dcf5-0b31-6c58-06c7885d5520" testName="BuildRouteFromUrl_Hashes_ReplacesWithHashParam" computerName="QUICK-MINDS" duration="00:00:00.0027140" startTime="2025-06-25T12:18:32.1260708+02:00" endTime="2025-06-25T12:18:32.1287850+02:00" testType="13cdc9d9-ddb5-4fa4-a97d-d965ccfc6d4b" outcome="Passed" testListId="8c84fa94-04c1-424b-9868-57a2d4851a1d" relativeResultsDirectory="ca346237-8da7-4aa8-a4d9-bc227b41ce1b" />
    <UnitTestResult executionId="be869e67-d595-4b0d-81c4-a47791523dff" testId="fc1f7668-5ec5-3ac8-4281-82afeb725718" testName="Test_Path that doesn't start with an unsafe path is not a traversal" computerName="QUICK-MINDS" duration="00:00:00.0000050" startTime="2025-06-25T12:18:33.7687007+02:00" endTime="2025-06-25T12:18:33.7687060+02:00" testType="13cdc9d9-ddb5-4fa4-a97d-d965ccfc6d4b" outcome="Passed" testListId="8c84fa94-04c1-424b-9868-57a2d4851a1d" relativeResultsDirectory="be869e67-d595-4b0d-81c4-a47791523dff" />
    <UnitTestResult executionId="32f93435-c4d5-4a10-9753-131e02e64238" testId="1145a7c3-35da-0780-f16e-5629d2d332aa" testName="MatchRoute_ShouldReturnExpectedResult(&quot;/api/{id}/details/{subId}/info&quot;,&quot;/api/123/details/456/info?query=1#section&quot;,True)" computerName="QUICK-MINDS" duration="00:00:00.0000040" startTime="2025-06-25T12:18:32.1073994+02:00" endTime="2025-06-25T12:18:32.1074034+02:00" testType="13cdc9d9-ddb5-4fa4-a97d-d965ccfc6d4b" outcome="Passed" testListId="8c84fa94-04c1-424b-9868-57a2d4851a1d" relativeResultsDirectory="32f93435-c4d5-4a10-9753-131e02e64238" />
    <UnitTestResult executionId="460d1363-3e34-4197-9e20-04552542d3f3" testId="e5ad0133-719f-20b6-560f-1b0aa13480f0" testName="IsRequestAllowed_ShouldHandleDisabledConfigs" computerName="QUICK-MINDS" duration="00:00:00.0007050" startTime="2025-06-25T12:18:25.1875829+02:00" endTime="2025-06-25T12:18:25.1882875+02:00" testType="13cdc9d9-ddb5-4fa4-a97d-d965ccfc6d4b" outcome="Passed" testListId="8c84fa94-04c1-424b-9868-57a2d4851a1d" relativeResultsDirectory="460d1363-3e34-4197-9e20-04552542d3f3" />
    <UnitTestResult executionId="20710184-1753-49a1-bedb-bcf1d82ecb0b" testId="ea1fa257-f827-00ee-a1dd-773e642d3139" testName="Test_INJECTION: Attempt to escape out of quotes" computerName="QUICK-MINDS" duration="00:00:00.0000030" startTime="2025-06-25T12:18:34.0293062+02:00" endTime="2025-06-25T12:18:34.0293090+02:00" testType="13cdc9d9-ddb5-4fa4-a97d-d965ccfc6d4b" outcome="Passed" testListId="8c84fa94-04c1-424b-9868-57a2d4851a1d" relativeResultsDirectory="20710184-1753-49a1-bedb-bcf1d82ecb0b" />
    <UnitTestResult executionId="b895f586-b937-4859-91ca-e1f6729ac5dd" testId="37699146-bdb2-6a37-5969-197116623f77" testName="Test_text/html_13" computerName="QUICK-MINDS" duration="00:00:00.0000110" startTime="2025-06-25T12:18:24.9069539+02:00" endTime="2025-06-25T12:18:24.9069651+02:00" testType="13cdc9d9-ddb5-4fa4-a97d-d965ccfc6d4b" outcome="Passed" testListId="8c84fa94-04c1-424b-9868-57a2d4851a1d" relativeResultsDirectory="b895f586-b937-4859-91ca-e1f6729ac5dd" />
    <UnitTestResult executionId="b1070cd5-955c-4528-908e-b06f379589ca" testId="855065d8-aa5f-f771-b185-4e1bf37ce78e" testName="CaptureUser_WithValidUser_AddsToContext" computerName="QUICK-MINDS" duration="00:00:00.0033130" startTime="2025-06-25T12:18:20.8451507+02:00" endTime="2025-06-25T12:18:20.8484637+02:00" testType="13cdc9d9-ddb5-4fa4-a97d-d965ccfc6d4b" outcome="Passed" testListId="8c84fa94-04c1-424b-9868-57a2d4851a1d" relativeResultsDirectory="b1070cd5-955c-4528-908e-b06f379589ca" />
    <UnitTestResult executionId="6528788f-7084-497e-9881-9bca9e2aa64d" testId="5656cfef-1f33-3b93-f747-8e97f78680e1" testName="RuntimeApiClient_GetConfigVersion_ShouldThrowExceptionOnError" computerName="QUICK-MINDS" duration="00:00:00.0005689" startTime="2025-06-25T12:18:34.0946723+02:00" endTime="2025-06-25T12:18:34.0952410+02:00" testType="13cdc9d9-ddb5-4fa4-a97d-d965ccfc6d4b" outcome="Passed" testListId="8c84fa94-04c1-424b-9868-57a2d4851a1d" relativeResultsDirectory="6528788f-7084-497e-9881-9bca9e2aa64d" />
    <UnitTestResult executionId="10da6579-fd6b-48ab-980d-0d198845604e" testId="ec1e5748-147e-14c4-1b2d-dca9181fd5ad" testName="AddHostname_ShouldEvictLeastFrequentlyUsed_WhenMaxReached" computerName="QUICK-MINDS" duration="00:00:00.0041920" startTime="2025-06-25T12:18:20.3691022+02:00" endTime="2025-06-25T12:18:20.3732937+02:00" testType="13cdc9d9-ddb5-4fa4-a97d-d965ccfc6d4b" outcome="Passed" testListId="8c84fa94-04c1-424b-9868-57a2d4851a1d" relativeResultsDirectory="10da6579-fd6b-48ab-980d-0d198845604e" />
    <UnitTestResult executionId="6e20d45e-99fd-4b26-8477-6f1b87c1c449" testId="663dba11-361f-ae9c-8755-db83f918cc23" testName="Unpatch_ShouldRemovePatches" computerName="QUICK-MINDS" duration="00:00:00.0061040" startTime="2025-06-25T12:18:33.7619013+02:00" endTime="2025-06-25T12:18:33.7680056+02:00" testType="13cdc9d9-ddb5-4fa4-a97d-d965ccfc6d4b" outcome="Passed" testListId="8c84fa94-04c1-424b-9868-57a2d4851a1d" relativeResultsDirectory="6e20d45e-99fd-4b26-8477-6f1b87c1c449" />
    <UnitTestResult executionId="fc50494f-5c70-4fe6-9c94-7d3b79a1cc66" testId="c9a2fac4-2ddf-1666-8b4e-8de150ba6c9b" testName="ShouldWorkWithZeroZeroZeroZero" computerName="QUICK-MINDS" duration="00:00:00.0000710" startTime="2025-06-25T12:18:32.6190402+02:00" endTime="2025-06-25T12:18:32.6191109+02:00" testType="13cdc9d9-ddb5-4fa4-a97d-d965ccfc6d4b" outcome="Passed" testListId="8c84fa94-04c1-424b-9868-57a2d4851a1d" relativeResultsDirectory="fc50494f-5c70-4fe6-9c94-7d3b79a1cc66" />
    <UnitTestResult executionId="183a558e-a472-4b0e-b3b1-108bd7a7a177" testId="5a7b2884-34d3-bebf-f97a-25df2e41a0ed" testName="HasExactMatch_WithEmptyEndpoints_ShouldReturnFalse" computerName="QUICK-MINDS" duration="00:00:00.0000550" startTime="2025-06-25T12:18:32.1010874+02:00" endTime="2025-06-25T12:18:32.1011429+02:00" testType="13cdc9d9-ddb5-4fa4-a97d-d965ccfc6d4b" outcome="Passed" testListId="8c84fa94-04c1-424b-9868-57a2d4851a1d" relativeResultsDirectory="183a558e-a472-4b0e-b3b1-108bd7a7a177" />
    <UnitTestResult executionId="797536e6-4811-4355-8e70-7a18763ee843" testId="d95e8697-0501-3ed4-af86-28cc6661605f" testName="OnFileOperation_PathContainsSafeUserInput_ReturnsTrue" computerName="QUICK-MINDS" duration="00:00:00.0001299" startTime="2025-06-25T12:18:32.6155979+02:00" endTime="2025-06-25T12:18:32.6157276+02:00" testType="13cdc9d9-ddb5-4fa4-a97d-d965ccfc6d4b" outcome="Passed" testListId="8c84fa94-04c1-424b-9868-57a2d4851a1d" relativeResultsDirectory="797536e6-4811-4355-8e70-7a18763ee843" />
    <UnitTestResult executionId="df90e698-f37a-4e3e-a15e-fad667ddaff5" testId="58453aba-2687-5343-3308-7b71c147761f" testName="BuildRouteFromUrl_CommaNumbers_IgnoresCommaNumbers" computerName="QUICK-MINDS" duration="00:00:00.0011550" startTime="2025-06-25T12:18:32.1190521+02:00" endTime="2025-06-25T12:18:32.1202075+02:00" testType="13cdc9d9-ddb5-4fa4-a97d-d965ccfc6d4b" outcome="Passed" testListId="8c84fa94-04c1-424b-9868-57a2d4851a1d" relativeResultsDirectory="df90e698-f37a-4e3e-a15e-fad667ddaff5" />
    <UnitTestResult executionId="b0a4286b-b73a-430d-9bbb-efcce307f73c" testId="ae5e9f77-1a27-40dc-fdd6-63c35820df16" testName="ToAPIResponse_InvalidJson_ShouldReturnErrorResponse" computerName="QUICK-MINDS" duration="00:00:00.0057930" startTime="2025-06-25T12:18:24.8171107+02:00" endTime="2025-06-25T12:18:24.8229033+02:00" testType="13cdc9d9-ddb5-4fa4-a97d-d965ccfc6d4b" outcome="Passed" testListId="8c84fa94-04c1-424b-9868-57a2d4851a1d" relativeResultsDirectory="b0a4286b-b73a-430d-9bbb-efcce307f73c" />
    <UnitTestResult executionId="c2909719-7810-45c0-b79d-a0ce24a4b864" testId="94252a38-1fc0-3690-5a8b-996ea0297a9a" testName="ShouldAddRoute_ShouldReturnExpectedResult(&quot;/.well-known/change-password&quot;,&quot;GET&quot;,200,True)" computerName="QUICK-MINDS" duration="00:00:00.0000060" startTime="2025-06-25T12:18:32.1119556+02:00" endTime="2025-06-25T12:18:32.1119616+02:00" testType="13cdc9d9-ddb5-4fa4-a97d-d965ccfc6d4b" outcome="Passed" testListId="8c84fa94-04c1-424b-9868-57a2d4851a1d" relativeResultsDirectory="c2909719-7810-45c0-b79d-a0ce24a4b864" />
    <UnitTestResult executionId="b72de8db-d418-4e4a-85d3-33db71b9bef4" testId="aa82a1e2-9bae-e299-9bf8-e6bdd795da60" testName="Test_Generic_SAFE: Uppercase query and user input" computerName="QUICK-MINDS" duration="00:00:00.0000030" startTime="2025-06-25T12:18:34.0407041+02:00" endTime="2025-06-25T12:18:34.0407074+02:00" testType="13cdc9d9-ddb5-4fa4-a97d-d965ccfc6d4b" outcome="Passed" testListId="8c84fa94-04c1-424b-9868-57a2d4851a1d" relativeResultsDirectory="b72de8db-d418-4e4a-85d3-33db71b9bef4" />
    <UnitTestResult executionId="232863c7-87dc-44a2-a477-76f24c5fd901" testId="e9e460c3-1482-cc5a-c02a-f195355cf88c" testName="Test_INJECTION: Dangerous command sleep 10" computerName="QUICK-MINDS" duration="00:00:00.0000030" startTime="2025-06-25T12:18:34.0295635+02:00" endTime="2025-06-25T12:18:34.0295663+02:00" testType="13cdc9d9-ddb5-4fa4-a97d-d965ccfc6d4b" outcome="Passed" testListId="8c84fa94-04c1-424b-9868-57a2d4851a1d" relativeResultsDirectory="232863c7-87dc-44a2-a477-76f24c5fd901" />
    <UnitTestResult executionId="5d747a35-0dc7-4123-b309-f0d99b3b8b97" testId="403bee8f-160a-81a1-d4e9-a5525ea20cc1" testName="Test_SAFE: Encapsulated command substitution" computerName="QUICK-MINDS" duration="00:00:00.0000030" startTime="2025-06-25T12:18:34.0294484+02:00" endTime="2025-06-25T12:18:34.0294510+02:00" testType="13cdc9d9-ddb5-4fa4-a97d-d965ccfc6d4b" outcome="Passed" testListId="8c84fa94-04c1-424b-9868-57a2d4851a1d" relativeResultsDirectory="5d747a35-0dc7-4123-b309-f0d99b3b8b97" />
    <UnitTestResult executionId="f0d88c7b-5517-4e2a-8a55-ae1eeafb0099" testId="37f8e587-33f7-d712-efeb-8920ad7deade" testName="LooksLikeASecret_VeryLongString_ReturnsTrue" computerName="QUICK-MINDS" duration="00:00:00.0000950" startTime="2025-06-25T12:18:32.1436345+02:00" endTime="2025-06-25T12:18:32.1437291+02:00" testType="13cdc9d9-ddb5-4fa4-a97d-d965ccfc6d4b" outcome="Passed" testListId="8c84fa94-04c1-424b-9868-57a2d4851a1d" relativeResultsDirectory="f0d88c7b-5517-4e2a-8a55-ae1eeafb0099" />
    <UnitTestResult executionId="28d0960d-9618-43a6-a8af-080c3ee9d8c3" testId="54e8d12f-62da-3a61-7909-3fa3ad10931f" testName="Test_Linux home directory shorthand" computerName="QUICK-MINDS" duration="00:00:00.0000030" startTime="2025-06-25T12:18:33.7686299+02:00" endTime="2025-06-25T12:18:33.7686329+02:00" testType="13cdc9d9-ddb5-4fa4-a97d-d965ccfc6d4b" outcome="Passed" testListId="8c84fa94-04c1-424b-9868-57a2d4851a1d" relativeResultsDirectory="28d0960d-9618-43a6-a8af-080c3ee9d8c3" />
    <UnitTestResult executionId="3001a575-9be4-449f-ad2d-9a0914075e9f" testId="f34bffeb-cdb6-5d06-2036-868d5de5cec2" testName="Test_Multiple current directory bypass attempt" computerName="QUICK-MINDS" duration="00:00:00.0000040" startTime="2025-06-25T12:18:33.7685845+02:00" endTime="2025-06-25T12:18:33.7685888+02:00" testType="13cdc9d9-ddb5-4fa4-a97d-d965ccfc6d4b" outcome="Passed" testListId="8c84fa94-04c1-424b-9868-57a2d4851a1d" relativeResultsDirectory="3001a575-9be4-449f-ad2d-9a0914075e9f" />
    <UnitTestResult executionId="5bfbb0f2-2416-4853-a1d1-4be7c0124f22" testId="59f4b384-30f9-1f88-22ce-8348f84c7d97" testName="TryGetValue_WithZeroTTL_ShouldNeverExpire" computerName="QUICK-MINDS" duration="00:00:00.2026600" startTime="2025-06-25T12:18:33.0472964+02:00" endTime="2025-06-25T12:18:33.2499564+02:00" testType="13cdc9d9-ddb5-4fa4-a97d-d965ccfc6d4b" outcome="Passed" testListId="8c84fa94-04c1-424b-9868-57a2d4851a1d" relativeResultsDirectory="5bfbb0f2-2416-4853-a1d1-4be7c0124f22" />
    <UnitTestResult executionId="3a9d14c6-94ae-4704-9e29-34e6a035ebcd" testId="7477f038-2b9a-13f1-fdbd-33c4b1974183" testName="Test_SAFE: Special character ? within quotes" computerName="QUICK-MINDS" duration="00:00:00.0000030" startTime="2025-06-25T12:18:34.0294722+02:00" endTime="2025-06-25T12:18:34.0294745+02:00" testType="13cdc9d9-ddb5-4fa4-a97d-d965ccfc6d4b" outcome="Passed" testListId="8c84fa94-04c1-424b-9868-57a2d4851a1d" relativeResultsDirectory="3a9d14c6-94ae-4704-9e29-34e6a035ebcd" />
    <UnitTestResult executionId="b64aa3b0-06d7-42c5-bcf9-8f26044784b3" testId="4e2bb63a-903c-84c9-3c24-aa5cc3ce67d8" testName="MatchRoute_ShouldReturnExpectedResult(&quot;/api/{id}&quot;,&quot;/api/&quot;,False)" computerName="QUICK-MINDS" duration="00:00:00.0002090" startTime="2025-06-25T12:18:32.1070677+02:00" endTime="2025-06-25T12:18:32.1072762+02:00" testType="13cdc9d9-ddb5-4fa4-a97d-d965ccfc6d4b" outcome="Passed" testListId="8c84fa94-04c1-424b-9868-57a2d4851a1d" relativeResultsDirectory="b64aa3b0-06d7-42c5-bcf9-8f26044784b3" />
    <UnitTestResult executionId="3853c070-5fb3-4fe6-aa45-a1760dd4e2e5" testId="3248cdae-7dbf-1263-3acc-f865d257ac58" testName="OnCommandExecuting_WithNullContext_ReturnsTrue" computerName="QUICK-MINDS" duration="00:00:00.0005509" startTime="2025-06-25T12:18:34.0346823+02:00" endTime="2025-06-25T12:18:34.0352334+02:00" testType="13cdc9d9-ddb5-4fa4-a97d-d965ccfc6d4b" outcome="Passed" testListId="8c84fa94-04c1-424b-9868-57a2d4851a1d" relativeResultsDirectory="3853c070-5fb3-4fe6-aa45-a1760dd4e2e5" />
    <UnitTestResult executionId="c9748e54-6754-4674-be7c-8ec2f02a8fde" testId="3db1623a-2e4e-54fd-65a8-f6dd7aabb5a3" testName="DetectPathTraversal_WithSinglePath(&quot;../test.txt&quot;,True)" computerName="QUICK-MINDS" duration="00:00:00.0009010" startTime="2025-06-25T12:18:25.0256966+02:00" endTime="2025-06-25T12:18:25.0265975+02:00" testType="13cdc9d9-ddb5-4fa4-a97d-d965ccfc6d4b" outcome="Passed" testListId="8c84fa94-04c1-424b-9868-57a2d4851a1d" relativeResultsDirectory="c9748e54-6754-4674-be7c-8ec2f02a8fde">
      <Output>
        <StdOut>AIKIDO: Attack detected: PathTraversal in Body TestOperation, blocked: False</StdOut>
      </Output>
    </UnitTestResult>
    <UnitTestResult executionId="4fc917b0-1536-4bc7-a71a-d33637e8e655" testId="bccff753-10f5-a78f-4b16-704cdee373b4" testName="Test_text/plain_10" computerName="QUICK-MINDS" duration="00:00:00.0000110" startTime="2025-06-25T12:18:24.9068757+02:00" endTime="2025-06-25T12:18:24.9068867+02:00" testType="13cdc9d9-ddb5-4fa4-a97d-d965ccfc6d4b" outcome="Passed" testListId="8c84fa94-04c1-424b-9868-57a2d4851a1d" relativeResultsDirectory="4fc917b0-1536-4bc7-a71a-d33637e8e655" />
    <UnitTestResult executionId="d55893ce-e075-4ea3-ada4-3a49daae9d46" testId="c1cc79ee-cc53-993d-8d10-de344e33f162" testName="TryGetValue_AfterTTLExpiration_ShouldReturnFalse" computerName="QUICK-MINDS" duration="00:00:00.1554039" startTime="2025-06-25T12:18:32.8915034+02:00" endTime="2025-06-25T12:18:33.0469068+02:00" testType="13cdc9d9-ddb5-4fa4-a97d-d965ccfc6d4b" outcome="Passed" testListId="8c84fa94-04c1-424b-9868-57a2d4851a1d" relativeResultsDirectory="d55893ce-e075-4ea3-ada4-3a49daae9d46" />
    <UnitTestResult executionId="1fc3870b-9e77-454a-afdb-f878c2c2bcd9" testId="961b22c7-42e6-88e9-0037-c8c3730a0783" testName="GetKeys_ShouldReturnAllKeys" computerName="QUICK-MINDS" duration="00:00:00.0001940" startTime="2025-06-25T12:18:32.6272225+02:00" endTime="2025-06-25T12:18:32.6274168+02:00" testType="13cdc9d9-ddb5-4fa4-a97d-d965ccfc6d4b" outcome="Passed" testListId="8c84fa94-04c1-424b-9868-57a2d4851a1d" relativeResultsDirectory="1fc3870b-9e77-454a-afdb-f878c2c2bcd9" />
    <UnitTestResult executionId="c28eae0c-8fc3-4387-90aa-e26f1f12d727" testId="0c6d5fcb-7d45-0733-35aa-26fd149b40cf" testName="ShouldAddRoute_RouteIsNull_ShouldReturnExpectedResult(null,&quot;GET&quot;,200,False)" computerName="QUICK-MINDS" duration="00:00:00.0001030" startTime="2025-06-25T12:18:32.1111264+02:00" endTime="2025-06-25T12:18:32.1112293+02:00" testType="13cdc9d9-ddb5-4fa4-a97d-d965ccfc6d4b" outcome="Passed" testListId="8c84fa94-04c1-424b-9868-57a2d4851a1d" relativeResultsDirectory="c28eae0c-8fc3-4387-90aa-e26f1f12d727">
      <Output>
        <StdOut>AIKIDO: Not enough context, skipping route</StdOut>
      </Output>
    </UnitTestResult>
    <UnitTestResult executionId="ea2f0d10-6309-4777-95fe-ddcbf0e057ca" testId="35dd80bd-4040-413e-c11f-cf66bc280529" testName="Test_8_ATTACK: MySQL injection with multiple values" computerName="QUICK-MINDS" duration="00:00:00.0000510" startTime="2025-06-25T12:18:34.0404858+02:00" endTime="2025-06-25T12:18:34.0405371+02:00" testType="13cdc9d9-ddb5-4fa4-a97d-d965ccfc6d4b" outcome="Passed" testListId="8c84fa94-04c1-424b-9868-57a2d4851a1d" relativeResultsDirectory="ea2f0d10-6309-4777-95fe-ddcbf0e057ca" />
    <UnitTestResult executionId="1d423664-10cf-4009-b1ac-cc30ff1cd858" testId="cb78f51b-92d7-922c-755b-c62b6f47b229" testName="Test_SAFE: Safe paths that include patterns similar to user input" computerName="QUICK-MINDS" duration="00:00:00.0000960" startTime="2025-06-25T12:18:34.0293296+02:00" endTime="2025-06-25T12:18:34.0294257+02:00" testType="13cdc9d9-ddb5-4fa4-a97d-d965ccfc6d4b" outcome="Passed" testListId="8c84fa94-04c1-424b-9868-57a2d4851a1d" relativeResultsDirectory="1d423664-10cf-4009-b1ac-cc30ff1cd858" />
    <UnitTestResult executionId="a491eacf-56b5-48b3-9073-ec94b1f59e61" testId="6eb81c38-633d-1253-dccc-64b7983ad2bf" testName="ShouldHandleTTLExpiration" computerName="QUICK-MINDS" duration="00:00:01.0659310" startTime="2025-06-25T12:18:31.0220440+02:00" endTime="2025-06-25T12:18:32.0879741+02:00" testType="13cdc9d9-ddb5-4fa4-a97d-d965ccfc6d4b" outcome="Passed" testListId="8c84fa94-04c1-424b-9868-57a2d4851a1d" relativeResultsDirectory="a491eacf-56b5-48b3-9073-ec94b1f59e61" />
    <UnitTestResult executionId="67b831b8-7966-45da-ac0f-5e4296679599" testId="32efdbd5-a03d-8f28-5682-4b7c08770726" testName="IsAllowed_WithZeroWindowSize_ShouldAlwaysAllow" computerName="QUICK-MINDS" duration="00:00:00.0000590" startTime="2025-06-25T12:18:25.1875215+02:00" endTime="2025-06-25T12:18:25.1875809+02:00" testType="13cdc9d9-ddb5-4fa4-a97d-d965ccfc6d4b" outcome="Passed" testListId="8c84fa94-04c1-424b-9868-57a2d4851a1d" relativeResultsDirectory="67b831b8-7966-45da-ac0f-5e4296679599" />
    <UnitTestResult executionId="b22f2816-0a11-4e78-8720-707c9826bf71" testId="4869e48a-f404-25c5-b6bb-95f7a7ee7f9b" testName="Test_Generic_SAFE: Escaped backslashes" computerName="QUICK-MINDS" duration="00:00:00.0000410" startTime="2025-06-25T12:18:34.0405755+02:00" endTime="2025-06-25T12:18:34.0406161+02:00" testType="13cdc9d9-ddb5-4fa4-a97d-d965ccfc6d4b" outcome="Passed" testListId="8c84fa94-04c1-424b-9868-57a2d4851a1d" relativeResultsDirectory="b22f2816-0a11-4e78-8720-707c9826bf71" />
    <UnitTestResult executionId="356a9203-ec86-401a-ba24-9a076b024330" testId="b9118fc9-476d-50e4-095e-d07f54d5ca4a" testName="MatchRoute_ShouldReturnExpectedResult(&quot;path/to/file.txt&quot;,&quot;path/to/file.txt#section&quot;,True)" computerName="QUICK-MINDS" duration="00:00:00.0000220" startTime="2025-06-25T12:18:32.1074519+02:00" endTime="2025-06-25T12:18:32.1074738+02:00" testType="13cdc9d9-ddb5-4fa4-a97d-d965ccfc6d4b" outcome="Passed" testListId="8c84fa94-04c1-424b-9868-57a2d4851a1d" relativeResultsDirectory="356a9203-ec86-401a-ba24-9a076b024330" />
    <UnitTestResult executionId="5f05b431-d29b-4a1d-8274-b798fe0ae3b9" testId="2780ea2f-9b80-3576-880d-c992e5b1404f" testName="Test_Generic_SAFE: Lowercase query with uppercase user input" computerName="QUICK-MINDS" duration="00:00:00.0000040" startTime="2025-06-25T12:18:34.0406946+02:00" endTime="2025-06-25T12:18:34.0406982+02:00" testType="13cdc9d9-ddb5-4fa4-a97d-d965ccfc6d4b" outcome="Passed" testListId="8c84fa94-04c1-424b-9868-57a2d4851a1d" relativeResultsDirectory="5f05b431-d29b-4a1d-8274-b798fe0ae3b9" />
    <UnitTestResult executionId="1375f8ba-25d9-4683-88e9-f3b916634a5d" testId="cc4d33fa-bac0-0502-a505-07a94d079c0f" testName="Patch_ShouldApplyPatches" computerName="QUICK-MINDS" duration="00:00:00.5115780" startTime="2025-06-25T12:18:33.2503034+02:00" endTime="2025-06-25T12:18:33.7618812+02:00" testType="13cdc9d9-ddb5-4fa4-a97d-d965ccfc6d4b" outcome="Passed" testListId="8c84fa94-04c1-424b-9868-57a2d4851a1d" relativeResultsDirectory="1375f8ba-25d9-4683-88e9-f3b916634a5d" />
    <UnitTestResult executionId="fe4ba534-30d1-4968-89b7-1ebaae8d14a4" testId="9d0d31f5-8749-6faf-1245-2a7444733c65" testName="IsAllowed_ShouldIncrementCounterCorrectly" computerName="QUICK-MINDS" duration="00:00:00.0000670" startTime="2025-06-25T12:18:25.0303463+02:00" endTime="2025-06-25T12:18:25.0304131+02:00" testType="13cdc9d9-ddb5-4fa4-a97d-d965ccfc6d4b" outcome="Passed" testListId="8c84fa94-04c1-424b-9868-57a2d4851a1d" relativeResultsDirectory="fe4ba534-30d1-4968-89b7-1ebaae8d14a4" />
    <UnitTestResult executionId="6a579832-54f1-4517-9e99-881199187ab2" testId="bddffcb3-16a0-bf86-427e-8da97df9350a" testName="Clear_ClearsAllCollections" computerName="QUICK-MINDS" duration="00:00:00.0089300" startTime="2025-06-25T12:18:20.3363004+02:00" endTime="2025-06-25T12:18:20.3452036+02:00" testType="13cdc9d9-ddb5-4fa4-a97d-d965ccfc6d4b" outcome="Passed" testListId="8c84fa94-04c1-424b-9868-57a2d4851a1d" relativeResultsDirectory="6a579832-54f1-4517-9e99-881199187ab2" />
    <UnitTestResult executionId="9a4be28c-63e3-4cc9-b495-842471df809e" testId="87cd23bf-5e95-9ae5-5ecf-b35ba6537b6c" testName="ShouldAddRoute_ShouldReturnExpectedResult(&quot;/test.webmanifest&quot;,&quot;GET&quot;,200,False)" computerName="QUICK-MINDS" duration="00:00:00.0000300" startTime="2025-06-25T12:18:32.1120435+02:00" endTime="2025-06-25T12:18:32.1120732+02:00" testType="13cdc9d9-ddb5-4fa4-a97d-d965ccfc6d4b" outcome="Passed" testListId="8c84fa94-04c1-424b-9868-57a2d4851a1d" relativeResultsDirectory="9a4be28c-63e3-4cc9-b495-842471df809e">
      <Output>
        <StdOut>AIKIDO: Extension not allowed, skipping route</StdOut>
      </Output>
    </UnitTestResult>
    <UnitTestResult executionId="73755f7e-bcc3-423f-817f-955c819592d1" testId="589c7ebd-78d6-ed65-fd0f-dc69e56df5bf" testName="Test_application/x-www-form-urlencoded_16" computerName="QUICK-MINDS" duration="00:00:00.0000140" startTime="2025-06-25T12:18:24.9069896+02:00" endTime="2025-06-25T12:18:24.9070034+02:00" testType="13cdc9d9-ddb5-4fa4-a97d-d965ccfc6d4b" outcome="Passed" testListId="8c84fa94-04c1-424b-9868-57a2d4851a1d" relativeResultsDirectory="73755f7e-bcc3-423f-817f-955c819592d1" />
    <UnitTestResult executionId="ff90490c-03a6-4b0d-9de6-42e4b5c9d8c0" testId="620d13c8-3980-e334-acc2-badfda184233" testName="ForceCompress_CompressesExistingDurations" computerName="QUICK-MINDS" duration="00:00:00.0013680" startTime="2025-06-25T12:18:34.0703135+02:00" endTime="2025-06-25T12:18:34.0716815+02:00" testType="13cdc9d9-ddb5-4fa4-a97d-d965ccfc6d4b" outcome="Passed" testListId="8c84fa94-04c1-424b-9868-57a2d4851a1d" relativeResultsDirectory="ff90490c-03a6-4b0d-9de6-42e4b5c9d8c0" />
    <UnitTestResult executionId="c111f03d-9212-4b9e-be4b-d2d6cac1a1b3" testId="1a107d84-d5d3-a539-cfb2-9a52e39a3ebe" testName="Test_SAFE: Encapsulated special character ||" computerName="QUICK-MINDS" duration="00:00:00.0000020" startTime="2025-06-25T12:18:34.0294361+02:00" endTime="2025-06-25T12:18:34.0294382+02:00" testType="13cdc9d9-ddb5-4fa4-a97d-d965ccfc6d4b" outcome="Passed" testListId="8c84fa94-04c1-424b-9868-57a2d4851a1d" relativeResultsDirectory="c111f03d-9212-4b9e-be4b-d2d6cac1a1b3" />
    <UnitTestResult executionId="f583dbef-37d5-4233-aa6f-f47e059cd293" testId="c1ca06b3-7ebe-89e4-3f33-f5f3b26bd689" testName="Clear_RemovesAllItems" computerName="QUICK-MINDS" duration="00:00:00.0001880" startTime="2025-06-25T12:18:24.7961759+02:00" endTime="2025-06-25T12:18:24.7963635+02:00" testType="13cdc9d9-ddb5-4fa4-a97d-d965ccfc6d4b" outcome="Passed" testListId="8c84fa94-04c1-424b-9868-57a2d4851a1d" relativeResultsDirectory="f583dbef-37d5-4233-aa6f-f47e059cd293" />
    <UnitTestResult executionId="4813c984-0dd4-4c63-8f1d-2466e7fb03ac" testId="9d5152b8-4e2b-09b9-cd04-9375c612360c" testName="Test_SAFE: Variable inside single quotes" computerName="QUICK-MINDS" duration="00:00:00.0000030" startTime="2025-06-25T12:18:34.0292942+02:00" endTime="2025-06-25T12:18:34.0292967+02:00" testType="13cdc9d9-ddb5-4fa4-a97d-d965ccfc6d4b" outcome="Passed" testListId="8c84fa94-04c1-424b-9868-57a2d4851a1d" relativeResultsDirectory="4813c984-0dd4-4c63-8f1d-2466e7fb03ac" />
    <UnitTestResult executionId="3309fe4a-198b-4a93-a2f3-9eda290698e9" testId="d99a5c1e-8e13-c4b6-2625-2c3e52aa0b7b" testName="CreateRequest_WithNullToken_ShouldThrowArgumentNullException" computerName="QUICK-MINDS" duration="00:00:00.0000989" startTime="2025-06-25T12:18:24.8167206+02:00" endTime="2025-06-25T12:18:24.8168196+02:00" testType="13cdc9d9-ddb5-4fa4-a97d-d965ccfc6d4b" outcome="Passed" testListId="8c84fa94-04c1-424b-9868-57a2d4851a1d" relativeResultsDirectory="3309fe4a-198b-4a93-a2f3-9eda290698e9" />
    <UnitTestResult executionId="32b18c2f-3bff-4b8e-a200-90af2f4a4224" testId="2b11ceb0-c7f3-744c-029d-437cb09d25d0" testName="GetInfo_ServerlessDetection_Azure" computerName="QUICK-MINDS" duration="00:00:00.0000699" startTime="2025-06-25T12:18:24.8098142+02:00" endTime="2025-06-25T12:18:24.8098845+02:00" testType="13cdc9d9-ddb5-4fa4-a97d-d965ccfc6d4b" outcome="Passed" testListId="8c84fa94-04c1-424b-9868-57a2d4851a1d" relativeResultsDirectory="32b18c2f-3bff-4b8e-a200-90af2f4a4224" />
    <UnitTestResult executionId="03344e86-d54a-4339-82c6-81c17f13b9e6" testId="15ad495d-f199-9262-6bd0-c7fedb536b68" testName="GetDialect_ShouldReturnCorrectDialect(&quot;Microsoft.Data.Sqlite&quot;,Generic)" computerName="QUICK-MINDS" duration="00:00:00.0005170" startTime="2025-06-25T12:18:34.0336279+02:00" endTime="2025-06-25T12:18:34.0341445+02:00" testType="13cdc9d9-ddb5-4fa4-a97d-d965ccfc6d4b" outcome="Passed" testListId="8c84fa94-04c1-424b-9868-57a2d4851a1d" relativeResultsDirectory="03344e86-d54a-4339-82c6-81c17f13b9e6" />
    <UnitTestResult executionId="a949e668-ca3a-4d1e-88b7-b2f1e0378f5a" testId="e0c34787-c3eb-3cff-0665-7e26cc2b061b" testName="GetConfigVersion_ShouldReturnSuccess" computerName="QUICK-MINDS" duration="00:00:00.0020799" startTime="2025-06-25T12:18:34.0255577+02:00" endTime="2025-06-25T12:18:34.0276379+02:00" testType="13cdc9d9-ddb5-4fa4-a97d-d965ccfc6d4b" outcome="Passed" testListId="8c84fa94-04c1-424b-9868-57a2d4851a1d" relativeResultsDirectory="a949e668-ca3a-4d1e-88b7-b2f1e0378f5a" />
    <UnitTestResult executionId="b9885851-091a-40e2-904c-82535d92cf37" testId="52caf5e6-25c6-0dcd-b01b-5571dd0b96d4" testName="LooksLikeASecret_ShortStrings_ReturnsFalse(&quot;NR&quot;)" computerName="QUICK-MINDS" duration="00:00:00.0000410" startTime="2025-06-25T12:18:32.1429692+02:00" endTime="2025-06-25T12:18:32.1430105+02:00" testType="13cdc9d9-ddb5-4fa4-a97d-d965ccfc6d4b" outcome="Passed" testListId="8c84fa94-04c1-424b-9868-57a2d4851a1d" relativeResultsDirectory="b9885851-091a-40e2-904c-82535d92cf37" />
    <UnitTestResult executionId="9fcd828f-06c4-4c56-b2f5-efb2a2cccb09" testId="cac94e10-03a6-79f3-8354-8b7d55a90a51" testName="Test_SAFE: Single space as user input" computerName="QUICK-MINDS" duration="00:00:00.0000030" startTime="2025-06-25T12:18:34.0291361+02:00" endTime="2025-06-25T12:18:34.0291387+02:00" testType="13cdc9d9-ddb5-4fa4-a97d-d965ccfc6d4b" outcome="Passed" testListId="8c84fa94-04c1-424b-9868-57a2d4851a1d" relativeResultsDirectory="9fcd828f-06c4-4c56-b2f5-efb2a2cccb09" />
    <UnitTestResult executionId="c4e2e71b-d3e4-4897-94d9-60f38a859415" testId="d0b9126c-12c7-66d8-a5d1-96de83106360" testName="LooksLikeASecret_CommonUrlTerms_ReturnsFalse(&quot;implementation&quot;)" computerName="QUICK-MINDS" duration="00:00:00.0000040" startTime="2025-06-25T12:18:32.1423349+02:00" endTime="2025-06-25T12:18:32.1423384+02:00" testType="13cdc9d9-ddb5-4fa4-a97d-d965ccfc6d4b" outcome="Passed" testListId="8c84fa94-04c1-424b-9868-57a2d4851a1d" relativeResultsDirectory="c4e2e71b-d3e4-4897-94d9-60f38a859415" />
    <UnitTestResult executionId="43205238-651f-4e87-9496-187949f6e070" testId="9da95370-45f7-c3b1-a2de-664c6907f018" testName="Reset_ClearsStatsAndUpdatesStartedAt" computerName="QUICK-MINDS" duration="00:00:00.0105640" startTime="2025-06-25T12:18:34.0760710+02:00" endTime="2025-06-25T12:18:34.0866348+02:00" testType="13cdc9d9-ddb5-4fa4-a97d-d965ccfc6d4b" outcome="Passed" testListId="8c84fa94-04c1-424b-9868-57a2d4851a1d" relativeResultsDirectory="43205238-651f-4e87-9496-187949f6e070" />
    <UnitTestResult executionId="7ebe5b42-b08f-4495-b54b-1da73dd2e92b" testId="1da10769-5907-91df-2835-ea8c0b9df1bf" testName="ShouldAddRoute_ContextIsNull_ShouldReturnFalse" computerName="QUICK-MINDS" duration="00:00:00.0003530" startTime="2025-06-25T12:18:32.1093717+02:00" endTime="2025-06-25T12:18:32.1097243+02:00" testType="13cdc9d9-ddb5-4fa4-a97d-d965ccfc6d4b" outcome="Passed" testListId="8c84fa94-04c1-424b-9868-57a2d4851a1d" relativeResultsDirectory="7ebe5b42-b08f-4495-b54b-1da73dd2e92b">
      <Output>
        <StdOut>AIKIDO: Not enough context, skipping route</StdOut>
      </Output>
    </UnitTestResult>
    <UnitTestResult executionId="2db54de0-4ddf-4515-99e9-6d8fb5a393aa" testId="87e3d9a9-bed7-fb1d-41e5-bccb686d72db" testName="ConfigChanged_WhenConfigVersionDiffers_UpdatesConfig" computerName="QUICK-MINDS" duration="00:00:00.1268930" startTime="2025-06-25T12:18:20.8882344+02:00" endTime="2025-06-25T12:18:21.0151270+02:00" testType="13cdc9d9-ddb5-4fa4-a97d-d965ccfc6d4b" outcome="Passed" testListId="8c84fa94-04c1-424b-9868-57a2d4851a1d" relativeResultsDirectory="2db54de0-4ddf-4515-99e9-6d8fb5a393aa" />
    <UnitTestResult executionId="d27b122e-8e94-4794-b488-84983d808d24" testId="c4a26d74-5c09-c21a-8345-e8869ab7fc25" testName="RemoveScheduledEvent_StopsExecutingScheduledEvent" computerName="QUICK-MINDS" duration="00:00:00.3110180" startTime="2025-06-25T12:18:22.1749178+02:00" endTime="2025-06-25T12:18:22.4859353+02:00" testType="13cdc9d9-ddb5-4fa4-a97d-d965ccfc6d4b" outcome="Passed" testListId="8c84fa94-04c1-424b-9868-57a2d4851a1d" relativeResultsDirectory="d27b122e-8e94-4794-b488-84983d808d24" />
    <UnitTestResult executionId="c49b2cb1-b783-44f6-935f-c5482baf38ba" testId="201fc74b-03b8-087d-b33c-513a5037ce83" testName="DetectSQLInjection_WithErrorScenarios_ShouldHandleGracefully" computerName="QUICK-MINDS" duration="00:00:00.0004060" startTime="2025-06-25T12:18:32.3528815+02:00" endTime="2025-06-25T12:18:32.3532879+02:00" testType="13cdc9d9-ddb5-4fa4-a97d-d965ccfc6d4b" outcome="Passed" testListId="8c84fa94-04c1-424b-9868-57a2d4851a1d" relativeResultsDirectory="c49b2cb1-b783-44f6-935f-c5482baf38ba" />
    <UnitTestResult executionId="92836a4b-4b7f-4791-adb1-1475ca78470d" testId="a8b37858-d904-0af2-a7f5-7bd7003f32f2" testName="Test_Linux user directory" computerName="QUICK-MINDS" duration="00:00:00.0000040" startTime="2025-06-25T12:18:33.7685726+02:00" endTime="2025-06-25T12:18:33.7685763+02:00" testType="13cdc9d9-ddb5-4fa4-a97d-d965ccfc6d4b" outcome="Passed" testListId="8c84fa94-04c1-424b-9868-57a2d4851a1d" relativeResultsDirectory="92836a4b-4b7f-4791-adb1-1475ca78470d" />
    <UnitTestResult executionId="cb05a6ef-b172-4033-9bad-20009ee6f0e7" testId="ff1a28f0-bc1d-a657-624d-459e3f4490d6" testName="Constructor_NewCache_ShouldHaveZeroSize" computerName="QUICK-MINDS" duration="00:00:00.0007600" startTime="2025-06-25T12:18:32.6232734+02:00" endTime="2025-06-25T12:18:32.6240331+02:00" testType="13cdc9d9-ddb5-4fa4-a97d-d965ccfc6d4b" outcome="Passed" testListId="8c84fa94-04c1-424b-9868-57a2d4851a1d" relativeResultsDirectory="cb05a6ef-b172-4033-9bad-20009ee6f0e7" />
    <UnitTestResult executionId="7ca0a2eb-b7b4-443c-87c6-056bae7ac9d9" testId="6475d4ee-7cab-e68c-1380-e655e8edd0dc" testName="GetBodyDataType_WithNoContentType_ReturnsNull" computerName="QUICK-MINDS" duration="00:00:00.0000200" startTime="2025-06-25T12:18:24.8131900+02:00" endTime="2025-06-25T12:18:24.8132102+02:00" testType="13cdc9d9-ddb5-4fa4-a97d-d965ccfc6d4b" outcome="Passed" testListId="8c84fa94-04c1-424b-9868-57a2d4851a1d" relativeResultsDirectory="7ca0a2eb-b7b4-443c-87c6-056bae7ac9d9" />
    <UnitTestResult executionId="d5adee17-c13a-4f78-bbf8-2909cfbdc446" testId="e305a3a9-a0af-221b-3e73-46d06a104ebe" testName="IsRequestAllowed_ShouldRespectExactMatch" computerName="QUICK-MINDS" duration="00:00:00.0002120" startTime="2025-06-25T12:18:25.1922298+02:00" endTime="2025-06-25T12:18:25.1924414+02:00" testType="13cdc9d9-ddb5-4fa4-a97d-d965ccfc6d4b" outcome="Passed" testListId="8c84fa94-04c1-424b-9868-57a2d4851a1d" relativeResultsDirectory="d5adee17-c13a-4f78-bbf8-2909cfbdc446" />
    <UnitTestResult executionId="24cff3f3-75ef-40eb-8910-e48a29d9c675" testId="a8a6eabf-82b4-d824-849b-beef4f30a32f" testName="GetBlockedIps_ShouldReturnSuccess" computerName="QUICK-MINDS" duration="00:00:00.1108270" startTime="2025-06-25T12:18:33.8034628+02:00" endTime="2025-06-25T12:18:33.9142889+02:00" testType="13cdc9d9-ddb5-4fa4-a97d-d965ccfc6d4b" outcome="Passed" testListId="8c84fa94-04c1-424b-9868-57a2d4851a1d" relativeResultsDirectory="24cff3f3-75ef-40eb-8910-e48a29d9c675" />
    <UnitTestResult executionId="1d89fb5d-cdbb-43dc-a224-e801775f0566" testId="40c298da-d7b2-bb81-12a2-6b0843e40a73" testName="OnFileOperation_AbsoluteInput_ThrowsExceptionWhenBlocking(&quot;%WINDIR%\\system32\\notepad.exe&quot;)" computerName="QUICK-MINDS" duration="00:00:00.0002380" startTime="2025-06-25T12:18:32.6145364+02:00" endTime="2025-06-25T12:18:32.6147747+02:00" testType="13cdc9d9-ddb5-4fa4-a97d-d965ccfc6d4b" outcome="Passed" testListId="8c84fa94-04c1-424b-9868-57a2d4851a1d" relativeResultsDirectory="1d89fb5d-cdbb-43dc-a224-e801775f0566">
      <Output>
        <StdOut>AIKIDO: Attack detected: PathTraversal in Body File.ReadAllBytes, blocked: True</StdOut>
      </Output>
    </UnitTestResult>
    <UnitTestResult executionId="0dbb9c1b-c372-440f-8e62-13edd766c5c4" testId="ba89a58b-8ac8-0e21-8bb0-0739d156a9de" testName="GetApiInfo_WithPrimitiveArrayBody_ReturnsCorrectSpec" computerName="QUICK-MINDS" duration="00:00:00.0006020" startTime="2025-06-25T12:18:24.8779034+02:00" endTime="2025-06-25T12:18:24.8785056+02:00" testType="13cdc9d9-ddb5-4fa4-a97d-d965ccfc6d4b" outcome="Passed" testListId="8c84fa94-04c1-424b-9868-57a2d4851a1d" relativeResultsDirectory="0dbb9c1b-c372-440f-8e62-13edd766c5c4" />
    <UnitTestResult executionId="67c1ad11-08d3-4ee7-8118-68455fa028be" testId="36767e63-d1fe-4c0d-1a79-cfefc70dc112" testName="MergeDataSchemas_WithBothNull_ReturnsNull" computerName="QUICK-MINDS" duration="00:00:00.0000770" startTime="2025-06-25T12:18:32.1444859+02:00" endTime="2025-06-25T12:18:32.1445626+02:00" testType="13cdc9d9-ddb5-4fa4-a97d-d965ccfc6d4b" outcome="Passed" testListId="8c84fa94-04c1-424b-9868-57a2d4851a1d" relativeResultsDirectory="67c1ad11-08d3-4ee7-8118-68455fa028be" />
    <UnitTestResult executionId="6d1e07d8-ade1-486e-89b7-b244821c6e60" testId="1cdf14f2-35f7-c357-585b-bb378f8de45a" testName="IsSQLInjection_WithEmptyUserInput_ReturnsFalse" computerName="QUICK-MINDS" duration="00:00:00.0000390" startTime="2025-06-25T12:18:34.0408917+02:00" endTime="2025-06-25T12:18:34.0409305+02:00" testType="13cdc9d9-ddb5-4fa4-a97d-d965ccfc6d4b" outcome="Passed" testListId="8c84fa94-04c1-424b-9868-57a2d4851a1d" relativeResultsDirectory="6d1e07d8-ade1-486e-89b7-b244821c6e60" />
    <UnitTestResult executionId="c843f0c8-990f-4658-85f8-8dfe7acf5fa3" testId="20f3287a-cdb4-41d7-11b6-13da7adf8144" testName="TruncateStackTrace_ShouldTruncate" computerName="QUICK-MINDS" duration="00:00:00.0000390" startTime="2025-06-25T12:18:34.0413506+02:00" endTime="2025-06-25T12:18:34.0413894+02:00" testType="13cdc9d9-ddb5-4fa4-a97d-d965ccfc6d4b" outcome="Passed" testListId="8c84fa94-04c1-424b-9868-57a2d4851a1d" relativeResultsDirectory="c843f0c8-990f-4658-85f8-8dfe7acf5fa3" />
    <UnitTestResult executionId="a8e85f11-2d08-4ca6-9819-4c030862a275" testId="e9a97ffb-1f80-df8d-c99a-b917cc9fe33b" testName="CalculatePercentiles_ThrowsOnEmptyList" computerName="QUICK-MINDS" duration="00:00:00.0002270" startTime="2025-06-25T12:18:34.0516339+02:00" endTime="2025-06-25T12:18:34.0518604+02:00" testType="13cdc9d9-ddb5-4fa4-a97d-d965ccfc6d4b" outcome="Passed" testListId="8c84fa94-04c1-424b-9868-57a2d4851a1d" relativeResultsDirectory="a8e85f11-2d08-4ca6-9819-4c030862a275" />
  </Results>
  <TestDefinitions>
    <UnitTest name="ShellInjectionDetected_ShouldReturnCorrectMessage" storage="c:\projects\aikido\firewall-dotnet\aikido.zen.test\bin\release\net9.0\aikido.zen.tests.dll" id="2f4cc205-71fd-2876-c660-f6da565c443a">
      <Execution id="ecb5773c-6a4e-48d2-bd6b-6e6d0d368ca7" />
      <TestMethod codeBase="C:\projects\Aikido\firewall-dotnet\Aikido.Zen.Test\bin\Release\net9.0\Aikido.Zen.Tests.dll" adapterTypeName="executor://nunit3testexecutor/" className="Aikido.Zen.Test.AikidoExceptionTests" name="ShellInjectionDetected_ShouldReturnCorrectMessage" />
    </UnitTest>
    <UnitTest name="IsIPAllowed_WithInvalidIP_ShouldReturnTrue" storage="c:\projects\aikido\firewall-dotnet\aikido.zen.test\bin\release\net9.0\aikido.zen.tests.dll" id="f181ff99-46fe-d1b8-2d8b-ac9fd71880e9">
      <Execution id="95e5ce11-9a0e-430d-a904-4fff16b18dfc" />
      <TestMethod codeBase="C:\projects\Aikido\firewall-dotnet\Aikido.Zen.Test\bin\Release\net9.0\Aikido.Zen.Tests.dll" adapterTypeName="executor://nunit3testexecutor/" className="Aikido.Zen.Test.BlockListTests" name="IsIPAllowed_WithInvalidIP_ShouldReturnTrue" />
    </UnitTest>
    <UnitTest name="IsShellInjection_ShouldDetectStartOfStringSeparatorAfter" storage="c:\projects\aikido\firewall-dotnet\aikido.zen.test\bin\release\net9.0\aikido.zen.tests.dll" id="f9a62de0-229c-2b31-c6c0-e6d8628226fd">
      <Execution id="9511a53c-9550-4094-bb68-617766c9872b" />
      <TestMethod codeBase="C:\projects\Aikido\firewall-dotnet\Aikido.Zen.Test\bin\Release\net9.0\Aikido.Zen.Tests.dll" adapterTypeName="executor://nunit3testexecutor/" className="Aikido.Zen.Test.ShellInjectionDetectorTests" name="IsShellInjection_ShouldDetectStartOfStringSeparatorAfter" />
    </UnitTest>
    <UnitTest name="MergeApiAuthTypes_WithExistingOnly_ReturnsExisting" storage="c:\projects\aikido\firewall-dotnet\aikido.zen.test\bin\release\net9.0\aikido.zen.tests.dll" id="3058e1ec-7dd3-ac33-ba9a-b1e457d2bded">
      <Execution id="a3fcc69f-f13a-4479-9fe8-a6276cf9fca1" />
      <TestMethod codeBase="C:\projects\Aikido\firewall-dotnet\Aikido.Zen.Test\bin\Release\net9.0\Aikido.Zen.Tests.dll" adapterTypeName="executor://nunit3testexecutor/" className="Aikido.Zen.Test.Helpers.AuthHelperTests" name="MergeApiAuthTypes_WithExistingOnly_ReturnsExisting" />
    </UnitTest>
    <UnitTest name="ShouldWorkWithZeroZeroZeroZeroAndMultipleRanges" storage="c:\projects\aikido\firewall-dotnet\aikido.zen.test\bin\release\net9.0\aikido.zen.tests.dll" id="9f4daec2-3d71-3cbc-81cb-7f8afc815f59">
      <Execution id="bf8cbbba-e140-489c-b8e1-a5b8e1605bbd" />
      <TestMethod codeBase="C:\projects\Aikido\firewall-dotnet\Aikido.Zen.Test\bin\Release\net9.0\Aikido.Zen.Tests.dll" adapterTypeName="executor://nunit3testexecutor/" className="Aikido.Zen.Test.IPRangeTests" name="ShouldWorkWithZeroZeroZeroZeroAndMultipleRanges" />
    </UnitTest>
    <UnitTest name="AddRoute_ShouldEvictLeastFrequentlyUsed_WhenMaxReached" storage="c:\projects\aikido\firewall-dotnet\aikido.zen.test\bin\release\net9.0\aikido.zen.tests.dll" id="dbcb3c3b-9ac8-c534-6392-c6bcf42860bc">
      <Execution id="53991d9d-4965-40e4-bd7c-8349d994c7c7" />
      <TestMethod codeBase="C:\projects\Aikido\firewall-dotnet\Aikido.Zen.Test\bin\Release\net9.0\Aikido.Zen.Tests.dll" adapterTypeName="executor://nunit3testexecutor/" className="Aikido.Zen.Test.AgentContextTests" name="AddRoute_ShouldEvictLeastFrequentlyUsed_WhenMaxReached" />
    </UnitTest>
    <UnitTest name="MatchEndpoints_NoUrlAndNoRoute_ShouldReturnEmptyList" storage="c:\projects\aikido\firewall-dotnet\aikido.zen.test\bin\release\net9.0\aikido.zen.tests.dll" id="36fe8569-27ca-4fb4-12cd-2c1a1800787c">
      <Execution id="0fa79232-39f2-46db-9f42-0ac3cdbd50ab" />
      <TestMethod codeBase="C:\projects\Aikido\firewall-dotnet\Aikido.Zen.Test\bin\Release\net9.0\Aikido.Zen.Tests.dll" adapterTypeName="executor://nunit3testexecutor/" className="Aikido.Zen.Test.Helpers.RouteHelperTests" name="MatchEndpoints_NoUrlAndNoRoute_ShouldReturnEmptyList" />
    </UnitTest>
    <UnitTest name="GetNextSegment_ShouldReturnExpectedResult(&quot;segment1/segment2&quot;,&quot;segment1&quot;,&quot;segment2&quot;)" storage="c:\projects\aikido\firewall-dotnet\aikido.zen.test\bin\release\net9.0\aikido.zen.tests.dll" id="5e329bfb-a117-2af7-d4e4-de2dcd7c5748">
      <Execution id="7f45cce8-6b1c-4ae4-ac2a-2d6c136f8cd4" />
      <TestMethod codeBase="C:\projects\Aikido\firewall-dotnet\Aikido.Zen.Test\bin\Release\net9.0\Aikido.Zen.Tests.dll" adapterTypeName="executor://nunit3testexecutor/" className="Aikido.Zen.Test.Helpers.StringHelperTests" name="GetNextSegment_ShouldReturnExpectedResult(&quot;segment1/segment2&quot;,&quot;segment1&quot;,&quot;segment2&quot;)" />
    </UnitTest>
    <UnitTest name="MergeDataSchemas_WithBothNull_ReturnsNull" storage="c:\projects\aikido\firewall-dotnet\aikido.zen.test\bin\release\net9.0\aikido.zen.tests.dll" id="36767e63-d1fe-4c0d-1a79-cfefc70dc112">
      <Execution id="67c1ad11-08d3-4ee7-8118-68455fa028be" />
      <TestMethod codeBase="C:\projects\Aikido\firewall-dotnet\Aikido.Zen.Test\bin\Release\net9.0\Aikido.Zen.Tests.dll" adapterTypeName="executor://nunit3testexecutor/" className="Aikido.Zen.Test.Helpers.SchemaHelperTests" name="MergeDataSchemas_WithBothNull_ReturnsNull" />
    </UnitTest>
    <UnitTest name="UserConstructor_ShouldThrowException_WhenNameIsNull" storage="c:\projects\aikido\firewall-dotnet\aikido.zen.test\bin\release\net9.0\aikido.zen.tests.dll" id="ac56bbdc-405a-e7b2-40bc-74260e48c88a">
      <Execution id="c04e8dc4-5e5d-49ea-9af2-767c5b9dc624" />
      <TestMethod codeBase="C:\projects\Aikido\firewall-dotnet\Aikido.Zen.Test\bin\Release\net9.0\Aikido.Zen.Tests.dll" adapterTypeName="executor://nunit3testexecutor/" className="Aikido.Zen.Test.UserTests" name="UserConstructor_ShouldThrowException_WhenNameIsNull" />
    </UnitTest>
    <UnitTest name="MergeApiAuthTypes_MergesCorrectly" storage="c:\projects\aikido\firewall-dotnet\aikido.zen.test\bin\release\net9.0\aikido.zen.tests.dll" id="5d8699ab-8541-ea93-9196-35c51f35dbce">
      <Execution id="1e6b0b6f-f1bd-4133-b0f5-f76b7be59e69" />
      <TestMethod codeBase="C:\projects\Aikido\firewall-dotnet\Aikido.Zen.Test\bin\Release\net9.0\Aikido.Zen.Tests.dll" adapterTypeName="executor://nunit3testexecutor/" className="Aikido.Zen.Test.Helpers.AuthHelperTests" name="MergeApiAuthTypes_MergesCorrectly" />
    </UnitTest>
    <UnitTest name="CalculatePercentiles_ThrowsOnEmptyList" storage="c:\projects\aikido\firewall-dotnet\aikido.zen.test\bin\release\net9.0\aikido.zen.tests.dll" id="e9a97ffb-1f80-df8d-c99a-b917cc9fe33b">
      <Execution id="a8e85f11-2d08-4ca6-9819-4c030862a275" />
      <TestMethod codeBase="C:\projects\Aikido\firewall-dotnet\Aikido.Zen.Test\bin\Release\net9.0\Aikido.Zen.Tests.dll" adapterTypeName="executor://nunit3testexecutor/" className="Aikido.Zen.Test.StatsTests" name="CalculatePercentiles_ThrowsOnEmptyList" />
    </UnitTest>
    <UnitTest name="CaptureRequest_WithBaseAddressAndRequestUri_CombinesUris" storage="c:\projects\aikido\firewall-dotnet\aikido.zen.test\bin\release\net9.0\aikido.zen.tests.dll" id="c835df69-83e1-e51b-fb77-b641aec411e2">
      <Execution id="21382438-ae78-4469-981a-8c84e1ca8f06" />
      <TestMethod codeBase="C:\projects\Aikido\firewall-dotnet\Aikido.Zen.Test\bin\Release\net9.0\Aikido.Zen.Tests.dll" adapterTypeName="executor://nunit3testexecutor/" className="Aikido.Zen.Test.HttpClientPatchTests" name="CaptureRequest_WithBaseAddressAndRequestUri_CombinesUris" />
    </UnitTest>
    <UnitTest name="OnProcessStart_WithSafeCommand_ReturnsTrue" storage="c:\projects\aikido\firewall-dotnet\aikido.zen.test\bin\release\net9.0\aikido.zen.tests.dll" id="e41ea390-bb88-5510-8089-1558c396c4c5">
      <Execution id="23cac3bc-c1f1-45f8-9e1c-9556c2f42a39" />
      <TestMethod codeBase="C:\projects\Aikido\firewall-dotnet\Aikido.Zen.Test\bin\Release\net9.0\Aikido.Zen.Tests.dll" adapterTypeName="executor://nunit3testexecutor/" className="Aikido.Zen.Test.ProcessExecutionPatcherTests" name="OnProcessStart_WithSafeCommand_ReturnsTrue" />
    </UnitTest>
    <UnitTest name="DetectSQLInjection_WithTransactionHandling_ShouldNotSendAttackEvent" storage="c:\projects\aikido\firewall-dotnet\aikido.zen.test\bin\release\net9.0\aikido.zen.tests.dll" id="b9926b4e-d994-abab-7b40-02322e874d68">
      <Execution id="275ada0b-714a-4ec9-8646-02bdaad9d8d1" />
      <TestMethod codeBase="C:\projects\Aikido\firewall-dotnet\Aikido.Zen.Test\bin\Release\net9.0\Aikido.Zen.Tests.dll" adapterTypeName="executor://nunit3testexecutor/" className="Aikido.Zen.Test.Helpers.SqlCommandHelperTests" name="DetectSQLInjection_WithTransactionHandling_ShouldNotSendAttackEvent" />
    </UnitTest>
    <UnitTest name="Test_SAFE: New lines alone" storage="c:\projects\aikido\firewall-dotnet\aikido.zen.test\bin\release\net9.0\aikido.zen.tests.dll" id="fc88df6f-416f-a8be-e6a0-021349d08fce">
      <Execution id="0523767f-8ad9-463d-90be-4263d1ac0f69" />
      <TestMethod codeBase="C:\projects\Aikido\firewall-dotnet\Aikido.Zen.Test\bin\Release\net9.0\Aikido.Zen.Tests.dll" adapterTypeName="executor://nunit3testexecutor/" className="Aikido.Zen.Test.ShellInjectionDetectorTests" name="Test_SAFE: New lines alone" />
    </UnitTest>
    <UnitTest name="BuildRouteFromUrl_InvalidUUIDs_IgnoresInvalidUUIDs" storage="c:\projects\aikido\firewall-dotnet\aikido.zen.test\bin\release\net9.0\aikido.zen.tests.dll" id="7decbc09-52d0-232f-5f8d-7275d497ac39">
      <Execution id="030ec003-9281-4dda-a91d-d3c7e16b3c5f" />
      <TestMethod codeBase="C:\projects\Aikido\firewall-dotnet\Aikido.Zen.Test\bin\Release\net9.0\Aikido.Zen.Tests.dll" adapterTypeName="executor://nunit3testexecutor/" className="Aikido.Zen.Test.Helpers.RouteParameterHelperTests" name="BuildRouteFromUrl_InvalidUUIDs_IgnoresInvalidUUIDs" />
    </UnitTest>
    <UnitTest name="HasExactMatch_WithNoMatch_ShouldReturnFalse" storage="c:\projects\aikido\firewall-dotnet\aikido.zen.test\bin\release\net9.0\aikido.zen.tests.dll" id="7dd4d8da-2c16-a843-db58-12db81db51ba">
      <Execution id="f6afbc18-c027-433b-b808-0d3c19579bb5" />
      <TestMethod codeBase="C:\projects\Aikido\firewall-dotnet\Aikido.Zen.Test\bin\Release\net9.0\Aikido.Zen.Tests.dll" adapterTypeName="executor://nunit3testexecutor/" className="Aikido.Zen.Test.Helpers.RouteHelperTests" name="HasExactMatch_WithNoMatch_ShouldReturnFalse" />
    </UnitTest>
    <UnitTest name="PrivateIPs_ShouldAlwaysBeAllowed" storage="c:\projects\aikido\firewall-dotnet\aikido.zen.test\bin\release\net9.0\aikido.zen.tests.dll" id="69c4d8e8-f129-c80f-f10b-d7f19bc1ad6a">
      <Execution id="17391797-6b2c-48a2-ab77-f1169b57edab" />
      <TestMethod codeBase="C:\projects\Aikido\firewall-dotnet\Aikido.Zen.Test\bin\Release\net9.0\Aikido.Zen.Tests.dll" adapterTypeName="executor://nunit3testexecutor/" className="Aikido.Zen.Test.BlockListTests" name="PrivateIPs_ShouldAlwaysBeAllowed" />
    </UnitTest>
    <UnitTest name="Dispose_CancelsBackgroundTaskAndDisposesResources" storage="c:\projects\aikido\firewall-dotnet\aikido.zen.test\bin\release\net9.0\aikido.zen.tests.dll" id="8d10d964-5e1b-f33d-687f-4060d1418afc">
      <Execution id="2229485d-c4db-4d63-aae8-dbfe3cb2461c" />
      <TestMethod codeBase="C:\projects\Aikido\firewall-dotnet\Aikido.Zen.Test\bin\Release\net9.0\Aikido.Zen.Tests.dll" adapterTypeName="executor://nunit3testexecutor/" className="Aikido.Zen.Test.AgentTests" name="Dispose_CancelsBackgroundTaskAndDisposesResources" />
    </UnitTest>
    <UnitTest name="GetMethodFromAssembly_InvalidAssembly_ReturnsNull" storage="c:\projects\aikido\firewall-dotnet\aikido.zen.test\bin\release\net9.0\aikido.zen.tests.dll" id="c6a64f23-1c6b-d0ce-0ec5-6091efc41d7f">
      <Execution id="2e208344-524c-44e3-9ad4-fbad32a1cd87" />
      <TestMethod codeBase="C:\projects\Aikido\firewall-dotnet\Aikido.Zen.Test\bin\Release\net9.0\Aikido.Zen.Tests.dll" adapterTypeName="executor://nunit3testexecutor/" className="Aikido.Zen.Test.Helpers.ReflectionHelperTests" name="GetMethodFromAssembly_InvalidAssembly_ReturnsNull" />
    </UnitTest>
    <UnitTest name="Test_SAFE: Single character backtick is safe" storage="c:\projects\aikido\firewall-dotnet\aikido.zen.test\bin\release\net9.0\aikido.zen.tests.dll" id="b2b8d599-8aad-8b6b-4539-2d28bf117ae3">
      <Execution id="fb402e46-16cf-4081-a962-769acc693ed0" />
      <TestMethod codeBase="C:\projects\Aikido\firewall-dotnet\Aikido.Zen.Test\bin\Release\net9.0\Aikido.Zen.Tests.dll" adapterTypeName="executor://nunit3testexecutor/" className="Aikido.Zen.Test.ShellInjectionDetectorTests" name="Test_SAFE: Single character backtick is safe" />
    </UnitTest>
    <UnitTest name="BuildRouteFromUrl_EmailAddresses_ReplacesWithEmailParam" storage="c:\projects\aikido\firewall-dotnet\aikido.zen.test\bin\release\net9.0\aikido.zen.tests.dll" id="48236f99-c478-fe6c-4742-098b38e34888">
      <Execution id="b6557fba-b82f-4c0b-8b09-54327125238e" />
      <TestMethod codeBase="C:\projects\Aikido\firewall-dotnet\Aikido.Zen.Test\bin\Release\net9.0\Aikido.Zen.Tests.dll" adapterTypeName="executor://nunit3testexecutor/" className="Aikido.Zen.Test.Helpers.RouteParameterHelperTests" name="BuildRouteFromUrl_EmailAddresses_ReplacesWithEmailParam" />
    </UnitTest>
    <UnitTest name="Constructor_WithoutMessage_ShouldSetDefaultMessage" storage="c:\projects\aikido\firewall-dotnet\aikido.zen.test\bin\release\net9.0\aikido.zen.tests.dll" id="95d19aa8-c68f-613e-19a6-dcfb3d3e881a">
      <Execution id="9d3b7823-05a4-4c0a-aa48-1eec1899305b" />
      <TestMethod codeBase="C:\projects\Aikido\firewall-dotnet\Aikido.Zen.Test\bin\Release\net9.0\Aikido.Zen.Tests.dll" adapterTypeName="executor://nunit3testexecutor/" className="Aikido.Zen.Test.AikidoExceptionTests" name="Constructor_WithoutMessage_ShouldSetDefaultMessage" />
    </UnitTest>
    <UnitTest name="ShouldHandleOverlappingRangesWithDifferentCIDR" storage="c:\projects\aikido\firewall-dotnet\aikido.zen.test\bin\release\net9.0\aikido.zen.tests.dll" id="b88b817d-27e1-a0a6-1cb1-dbafb7d780a4">
      <Execution id="b0f33fb0-c2c6-4c94-9182-22e8338a125a" />
      <TestMethod codeBase="C:\projects\Aikido\firewall-dotnet\Aikido.Zen.Test\bin\Release\net9.0\Aikido.Zen.Tests.dll" adapterTypeName="executor://nunit3testexecutor/" className="Aikido.Zen.Test.IPRangeTests" name="ShouldHandleOverlappingRangesWithDifferentCIDR" />
    </UnitTest>
    <UnitTest name="ShouldAddRoute_ShouldReturnExpectedResult(&quot;/api/resource.asx&quot;,&quot;GET&quot;,200,True)" storage="c:\projects\aikido\firewall-dotnet\aikido.zen.test\bin\release\net9.0\aikido.zen.tests.dll" id="528e29f6-3b0a-c44a-13df-4e07fa326be2">
      <Execution id="dda07881-191f-4179-8e19-cf596571eb86" />
      <TestMethod codeBase="C:\projects\Aikido\firewall-dotnet\Aikido.Zen.Test\bin\Release\net9.0\Aikido.Zen.Tests.dll" adapterTypeName="executor://nunit3testexecutor/" className="Aikido.Zen.Test.Helpers.RouteHelperTests" name="ShouldAddRoute_ShouldReturnExpectedResult(&quot;/api/resource.asx&quot;,&quot;GET&quot;,200,True)" />
    </UnitTest>
    <UnitTest name="Test_SAFE: Single character asterisk is safe" storage="c:\projects\aikido\firewall-dotnet\aikido.zen.test\bin\release\net9.0\aikido.zen.tests.dll" id="5092b1ad-29bf-4944-5426-d78c59debbaf">
      <Execution id="a362227f-d113-41e8-b1a7-27cb518fe6aa" />
      <TestMethod codeBase="C:\projects\Aikido\firewall-dotnet\Aikido.Zen.Test\bin\Release\net9.0\Aikido.Zen.Tests.dll" adapterTypeName="executor://nunit3testexecutor/" className="Aikido.Zen.Test.ShellInjectionDetectorTests" name="Test_SAFE: Single character asterisk is safe" />
    </UnitTest>
    <UnitTest name="PathIsSingleRouteParameter_VariousPaths_ReturnsExpectedResult(&quot;&quot;,True)" storage="c:\projects\aikido\firewall-dotnet\aikido.zen.test\bin\release\net9.0\aikido.zen.tests.dll" id="810e17a6-a517-3a97-b641-22d58cedaba4">
      <Execution id="dfd9ad62-45a1-4970-a0ea-07bcf96d7790" />
      <TestMethod codeBase="C:\projects\Aikido\firewall-dotnet\Aikido.Zen.Test\bin\Release\net9.0\Aikido.Zen.Tests.dll" adapterTypeName="executor://nunit3testexecutor/" className="Aikido.Zen.Test.Helpers.RouteHelperTests" name="PathIsSingleRouteParameter_VariousPaths_ReturnsExpectedResult(&quot;&quot;,True)" />
    </UnitTest>
    <UnitTest name="GetStringFormat_WithDateTimeString_ReturnsDateTimeFormat" storage="c:\projects\aikido\firewall-dotnet\aikido.zen.test\bin\release\net9.0\aikido.zen.tests.dll" id="4b3f9805-03d4-e490-295a-e2e303b52599">
      <Execution id="f8d054da-4d51-48b9-b5b2-5f5cc5786cb6" />
      <TestMethod codeBase="C:\projects\Aikido\firewall-dotnet\Aikido.Zen.Test\bin\Release\net9.0\Aikido.Zen.Tests.dll" adapterTypeName="executor://nunit3testexecutor/" className="Aikido.Zen.Test.Helpers.StringFormatHelperTests" name="GetStringFormat_WithDateTimeString_ReturnsDateTimeFormat" />
    </UnitTest>
    <UnitTest name="Test_multipart/form-data; boundary=boundary_6" storage="c:\projects\aikido\firewall-dotnet\aikido.zen.test\bin\release\net9.0\aikido.zen.tests.dll" id="7e44a851-4077-ac25-7ead-f40348f9418b">
      <Execution id="76e456dc-4318-42c2-87d4-8cb30c6e93af" />
      <TestMethod codeBase="C:\projects\Aikido\firewall-dotnet\Aikido.Zen.Test\bin\Release\net9.0\Aikido.Zen.Tests.dll" adapterTypeName="executor://nunit3testexecutor/" className="Aikido.Zen.Test.Helpers.HttpHelperTests" name="Test_multipart/form-data; boundary=boundary_6" />
    </UnitTest>
    <UnitTest name="ToAPIResponse_Unauthorized_ShouldReturnUnauthorizedResponse" storage="c:\projects\aikido\firewall-dotnet\aikido.zen.test\bin\release\net9.0\aikido.zen.tests.dll" id="9aa7f2ff-69bc-1bea-fa4e-fbbc42f9cffe">
      <Execution id="2556128e-a742-424e-9f50-8139fbbab227" />
      <TestMethod codeBase="C:\projects\Aikido\firewall-dotnet\Aikido.Zen.Test\bin\Release\net9.0\Aikido.Zen.Tests.dll" adapterTypeName="executor://nunit3testexecutor/" className="Aikido.Zen.Test.Helpers.APIHelperTests" name="ToAPIResponse_Unauthorized_ShouldReturnUnauthorizedResponse" />
    </UnitTest>
    <UnitTest name="DefaultValues_ShouldBeInitializedCorrectly" storage="c:\projects\aikido\firewall-dotnet\aikido.zen.test\bin\release\net9.0\aikido.zen.tests.dll" id="b2bdadc9-f101-5b4b-7f8c-902d854b11eb">
      <Execution id="0ee752ea-48cc-4076-86fc-c8a83109730d" />
      <TestMethod codeBase="C:\projects\Aikido\firewall-dotnet\Aikido.Zen.Test\bin\Release\net9.0\Aikido.Zen.Tests.dll" adapterTypeName="executor://nunit3testexecutor/" className="Aikido.Zen.Test.ContextTests" name="DefaultValues_ShouldBeInitializedCorrectly" />
    </UnitTest>
    <UnitTest name="AddRoute_WithNullUrl_HandlesGracefully" storage="c:\projects\aikido\firewall-dotnet\aikido.zen.test\bin\release\net9.0\aikido.zen.tests.dll" id="d97c4ea4-dee4-e192-af46-bb86b1c45f25">
      <Execution id="cf25f549-5afb-4a2b-ae58-5fd4c21e1bad" />
      <TestMethod codeBase="C:\projects\Aikido\firewall-dotnet\Aikido.Zen.Test\bin\Release\net9.0\Aikido.Zen.Tests.dll" adapterTypeName="executor://nunit3testexecutor/" className="Aikido.Zen.Test.AgentContextTests" name="AddRoute_WithNullUrl_HandlesGracefully" />
    </UnitTest>
    <UnitTest name="MergeDataSchemas_WithDifferentFormats_ClearsFormat" storage="c:\projects\aikido\firewall-dotnet\aikido.zen.test\bin\release\net9.0\aikido.zen.tests.dll" id="8a6701b8-1601-87a0-8f83-90309b37b232">
      <Execution id="322a3e81-74eb-46cc-96e5-c0f0c5696873" />
      <TestMethod codeBase="C:\projects\Aikido\firewall-dotnet\Aikido.Zen.Test\bin\Release\net9.0\Aikido.Zen.Tests.dll" adapterTypeName="executor://nunit3testexecutor/" className="Aikido.Zen.Test.Helpers.SchemaHelperTests" name="MergeDataSchemas_WithDifferentFormats_ClearsFormat" />
    </UnitTest>
    <UnitTest name="DetectSQLInjection_WithDifferentSQLCommandTypes_ShouldHandleCorrectly" storage="c:\projects\aikido\firewall-dotnet\aikido.zen.test\bin\release\net9.0\aikido.zen.tests.dll" id="3c99b4d8-a61b-d00c-7526-64baddb13b0f">
      <Execution id="f1650015-9c7d-4685-98c0-a86d3d5e7b63" />
      <TestMethod codeBase="C:\projects\Aikido\firewall-dotnet\Aikido.Zen.Test\bin\Release\net9.0\Aikido.Zen.Tests.dll" adapterTypeName="executor://nunit3testexecutor/" className="Aikido.Zen.Test.Helpers.SqlCommandHelperTests" name="DetectSQLInjection_WithDifferentSQLCommandTypes_ShouldHandleCorrectly" />
    </UnitTest>
    <UnitTest name="LooksLikeASecret_ShortStrings_ReturnsFalse(&quot;KXiW4a&quot;)" storage="c:\projects\aikido\firewall-dotnet\aikido.zen.test\bin\release\net9.0\aikido.zen.tests.dll" id="92ea22df-8fe7-dd3e-692e-d9aa5967f7d5">
      <Execution id="3425e958-481d-4343-bfbb-71bf85930b02" />
      <TestMethod codeBase="C:\projects\Aikido\firewall-dotnet\Aikido.Zen.Test\bin\Release\net9.0\Aikido.Zen.Tests.dll" adapterTypeName="executor://nunit3testexecutor/" className="Aikido.Zen.Test.Helpers.RouteParameterHelperTests" name="LooksLikeASecret_ShortStrings_ReturnsFalse(&quot;KXiW4a&quot;)" />
    </UnitTest>
    <UnitTest name="GetApiInfo_WithJsonBody_ReturnsCorrectSpec" storage="c:\projects\aikido\firewall-dotnet\aikido.zen.test\bin\release\net9.0\aikido.zen.tests.dll" id="55a34eb6-3b6e-4420-2ac4-57e657bebd80">
      <Execution id="29b5f11a-c3d3-4552-a1dd-0d75666142bc" />
      <TestMethod codeBase="C:\projects\Aikido\firewall-dotnet\Aikido.Zen.Test\bin\Release\net9.0\Aikido.Zen.Tests.dll" adapterTypeName="executor://nunit3testexecutor/" className="Aikido.Zen.Test.Helpers.ApiInfoHelperTests" name="GetApiInfo_WithJsonBody_ReturnsCorrectSpec" />
    </UnitTest>
    <UnitTest name="MergeDataSchemas_WithNestedObjects_MergesRecursively" storage="c:\projects\aikido\firewall-dotnet\aikido.zen.test\bin\release\net9.0\aikido.zen.tests.dll" id="b47946e7-e28b-7e26-11ea-6fd7789ee6a5">
      <Execution id="77a9eaec-e3c8-4e6f-b958-cf08fe2fa406" />
      <TestMethod codeBase="C:\projects\Aikido\firewall-dotnet\Aikido.Zen.Test\bin\Release\net9.0\Aikido.Zen.Tests.dll" adapterTypeName="executor://nunit3testexecutor/" className="Aikido.Zen.Test.Helpers.SchemaHelperTests" name="MergeDataSchemas_WithNestedObjects_MergesRecursively" />
    </UnitTest>
    <UnitTest name="Constructor_WithLogger_ShouldLogError" storage="c:\projects\aikido\firewall-dotnet\aikido.zen.test\bin\release\net9.0\aikido.zen.tests.dll" id="ccabc6c7-6b01-48a6-25f1-a7585db65c16">
      <Execution id="d9f22aca-679b-4c06-8018-1535b9b004e6" />
      <TestMethod codeBase="C:\projects\Aikido\firewall-dotnet\Aikido.Zen.Test\bin\Release\net9.0\Aikido.Zen.Tests.dll" adapterTypeName="executor://nunit3testexecutor/" className="Aikido.Zen.Test.AikidoExceptionTests" name="Constructor_WithLogger_ShouldLogError" />
    </UnitTest>
    <UnitTest name="AddHostname_ShouldAddHostnameToDictionary" storage="c:\projects\aikido\firewall-dotnet\aikido.zen.test\bin\release\net9.0\aikido.zen.tests.dll" id="aa1beba6-b3dc-e13c-f2e5-a09c734f932d">
      <Execution id="5f08fb9d-abdb-4290-8108-bae997e22615" />
      <TestMethod codeBase="C:\projects\Aikido\firewall-dotnet\Aikido.Zen.Test\bin\Release\net9.0\Aikido.Zen.Tests.dll" adapterTypeName="executor://nunit3testexecutor/" className="Aikido.Zen.Test.AgentContextTests" name="AddHostname_ShouldAddHostnameToDictionary" />
    </UnitTest>
    <UnitTest name="CaptureInboundRequest_AddsToContext" storage="c:\projects\aikido\firewall-dotnet\aikido.zen.test\bin\release\net9.0\aikido.zen.tests.dll" id="9f70fab2-6c2d-24c1-3c6a-8386ec2fec26">
      <Execution id="04f734a8-26fd-4912-824b-c81a3d1b8829" />
      <TestMethod codeBase="C:\projects\Aikido\firewall-dotnet\Aikido.Zen.Test\bin\Release\net9.0\Aikido.Zen.Tests.dll" adapterTypeName="executor://nunit3testexecutor/" className="Aikido.Zen.Test.AgentTests" name="CaptureInboundRequest_AddsToContext" />
    </UnitTest>
    <UnitTest name="Test_Absolute path same files" storage="c:\projects\aikido\firewall-dotnet\aikido.zen.test\bin\release\net9.0\aikido.zen.tests.dll" id="9d32875c-1c19-4e4e-abcd-9618d061f3c7">
      <Execution id="de609061-5e62-4aa1-9852-e561eda3d461" />
      <TestMethod codeBase="C:\projects\Aikido\firewall-dotnet\Aikido.Zen.Test\bin\Release\net9.0\Aikido.Zen.Tests.dll" adapterTypeName="executor://nunit3testexecutor/" className="Aikido.Zen.Test.PathTraversalDetectorTests" name="Test_Absolute path same files" />
    </UnitTest>
    <UnitTest name="CreateRequest_WithNullToken_ShouldThrowArgumentNullException" storage="c:\projects\aikido\firewall-dotnet\aikido.zen.test\bin\release\net9.0\aikido.zen.tests.dll" id="d99a5c1e-8e13-c4b6-2625-2c3e52aa0b7b">
      <Execution id="3309fe4a-198b-4a93-a2f3-9eda290698e9" />
      <TestMethod codeBase="C:\projects\Aikido\firewall-dotnet\Aikido.Zen.Test\bin\Release\net9.0\Aikido.Zen.Tests.dll" adapterTypeName="executor://nunit3testexecutor/" className="Aikido.Zen.Test.Helpers.APIHelperTests" name="CreateRequest_WithNullToken_ShouldThrowArgumentNullException" />
    </UnitTest>
    <UnitTest name="Ips_WithNullBlockedIpLists_ReturnsEmptyCollection" storage="c:\projects\aikido\firewall-dotnet\aikido.zen.test\bin\release\net9.0\aikido.zen.tests.dll" id="3934b725-f8fa-3d6d-d1c7-9cd20781006f">
      <Execution id="1353eb0f-6d7b-4ad0-bfe1-cca617cf1a49" />
      <TestMethod codeBase="C:\projects\Aikido\firewall-dotnet\Aikido.Zen.Test\bin\Release\net9.0\Aikido.Zen.Tests.dll" adapterTypeName="executor://nunit3testexecutor/" className="Aikido.Zen.Test.BlockedIpsAPIResponseTests" name="Ips_WithNullBlockedIpLists_ReturnsEmptyCollection" />
    </UnitTest>
    <UnitTest name="IsShellInjection_ShouldDetectSeparatorBeforeEndOfString" storage="c:\projects\aikido\firewall-dotnet\aikido.zen.test\bin\release\net9.0\aikido.zen.tests.dll" id="39025c98-0cdc-d091-d58b-d36f7b60885a">
      <Execution id="ac3019f7-00fe-4093-960e-e73024d6b7d6" />
      <TestMethod codeBase="C:\projects\Aikido\firewall-dotnet\Aikido.Zen.Test\bin\Release\net9.0\Aikido.Zen.Tests.dll" adapterTypeName="executor://nunit3testexecutor/" className="Aikido.Zen.Test.ShellInjectionDetectorTests" name="IsShellInjection_ShouldDetectSeparatorBeforeEndOfString" />
    </UnitTest>
    <UnitTest name="GetDialect_ShouldReturnCorrectDialect(&quot;MySql.Data&quot;,MySQL)" storage="c:\projects\aikido\firewall-dotnet\aikido.zen.test\bin\release\net9.0\aikido.zen.tests.dll" id="ad2b5852-1c8f-f6e4-d7ae-2781cfd83bec">
      <Execution id="713f14ad-f5a4-4a71-b8ec-72391b877b91" />
      <TestMethod codeBase="C:\projects\Aikido\firewall-dotnet\Aikido.Zen.Test\bin\Release\net9.0\Aikido.Zen.Tests.dll" adapterTypeName="executor://nunit3testexecutor/" className="Aikido.Zen.Test.SqlClientPatcherTests" name="GetDialect_ShouldReturnCorrectDialect(&quot;MySql.Data&quot;,MySQL)" />
    </UnitTest>
    <UnitTest name="DetectSQLInjection_WithSafeInput_ShouldNotSendAttackEvent" storage="c:\projects\aikido\firewall-dotnet\aikido.zen.test\bin\release\net9.0\aikido.zen.tests.dll" id="2e3aeef7-8114-ed60-8902-143110552237">
      <Execution id="c1b864fc-3b05-4932-b2d2-435736018005" />
      <TestMethod codeBase="C:\projects\Aikido\firewall-dotnet\Aikido.Zen.Test\bin\Release\net9.0\Aikido.Zen.Tests.dll" adapterTypeName="executor://nunit3testexecutor/" className="Aikido.Zen.Test.Helpers.SqlCommandHelperTests" name="DetectSQLInjection_WithSafeInput_ShouldNotSendAttackEvent" />
    </UnitTest>
    <UnitTest name="GetApiInfo_WithFormUrlEncodedBody_ReturnsCorrectSpec" storage="c:\projects\aikido\firewall-dotnet\aikido.zen.test\bin\release\net9.0\aikido.zen.tests.dll" id="248a712b-5565-7fd2-686a-49bb139be5ab">
      <Execution id="4424f841-4417-484f-b63f-bd59935a0031" />
      <TestMethod codeBase="C:\projects\Aikido\firewall-dotnet\Aikido.Zen.Test\bin\Release\net9.0\Aikido.Zen.Tests.dll" adapterTypeName="executor://nunit3testexecutor/" className="Aikido.Zen.Test.Helpers.ApiInfoHelperTests" name="GetApiInfo_WithFormUrlEncodedBody_ReturnsCorrectSpec" />
    </UnitTest>
    <UnitTest name="Test_9_ATTACK: PostgreSQL named dollar sign injection" storage="c:\projects\aikido\firewall-dotnet\aikido.zen.test\bin\release\net9.0\aikido.zen.tests.dll" id="fd7132f6-845a-5e3a-81e9-ae1166b95555">
      <Execution id="929ab02d-4bc6-48a4-82ef-1b9dcc46ad5c" />
      <TestMethod codeBase="C:\projects\Aikido\firewall-dotnet\Aikido.Zen.Test\bin\Release\net9.0\Aikido.Zen.Tests.dll" adapterTypeName="executor://nunit3testexecutor/" className="Aikido.Zen.Test.SQLInjectionDetectorTests" name="Test_9_ATTACK: PostgreSQL named dollar sign injection" />
    </UnitTest>
    <UnitTest name="Start_QueuesStartedEventAndSchedulesHeartbeat" storage="c:\projects\aikido\firewall-dotnet\aikido.zen.test\bin\release\net9.0\aikido.zen.tests.dll" id="208ca3c7-665a-dc1b-9073-ab152a00f6e5">
      <Execution id="5744c395-b25e-4932-8dbc-3cca53112f66" />
      <TestMethod codeBase="C:\projects\Aikido\firewall-dotnet\Aikido.Zen.Test\bin\Release\net9.0\Aikido.Zen.Tests.dll" adapterTypeName="executor://nunit3testexecutor/" className="Aikido.Zen.Test.AgentTests" name="Start_QueuesStartedEventAndSchedulesHeartbeat" />
    </UnitTest>
    <UnitTest name="Test_INJECTION: Dangerous command kill" storage="c:\projects\aikido\firewall-dotnet\aikido.zen.test\bin\release\net9.0\aikido.zen.tests.dll" id="95020f86-9e26-5d68-56c6-b47aabb54c1c">
      <Execution id="326498cc-8bed-49e3-9ad7-799fe93f8723" />
      <TestMethod codeBase="C:\projects\Aikido\firewall-dotnet\Aikido.Zen.Test\bin\Release\net9.0\Aikido.Zen.Tests.dll" adapterTypeName="executor://nunit3testexecutor/" className="Aikido.Zen.Test.ShellInjectionDetectorTests" name="Test_INJECTION: Dangerous command kill" />
    </UnitTest>
    <UnitTest name="SendBlockingAttackEvent_UpdatesAttackDetectedAndBlocked" storage="c:\projects\aikido\firewall-dotnet\aikido.zen.test\bin\release\net9.0\aikido.zen.tests.dll" id="b8faa365-d5ed-6e09-84a1-885ea04dce25">
      <Execution id="95f79e23-e4d4-4f77-89e4-fe9903eab8ed" />
      <TestMethod codeBase="C:\projects\Aikido\firewall-dotnet\Aikido.Zen.Test\bin\Release\net9.0\Aikido.Zen.Tests.dll" adapterTypeName="executor://nunit3testexecutor/" className="Aikido.Zen.Test.AgentTests" name="SendBlockingAttackEvent_UpdatesAttackDetectedAndBlocked" />
    </UnitTest>
    <UnitTest name="Clear_ClearsAllCollections" storage="c:\projects\aikido\firewall-dotnet\aikido.zen.test\bin\release\net9.0\aikido.zen.tests.dll" id="bddffcb3-16a0-bf86-427e-8da97df9350a">
      <Execution id="6a579832-54f1-4517-9e99-881199187ab2" />
      <TestMethod codeBase="C:\projects\Aikido\firewall-dotnet\Aikido.Zen.Test\bin\Release\net9.0\Aikido.Zen.Tests.dll" adapterTypeName="executor://nunit3testexecutor/" className="Aikido.Zen.Test.AgentConfigurationTests" name="Clear_ClearsAllCollections" />
    </UnitTest>
    <UnitTest name="BuildRouteFromUrl_Numbers_ReplacesWithNumberParam" storage="c:\projects\aikido\firewall-dotnet\aikido.zen.test\bin\release\net9.0\aikido.zen.tests.dll" id="f04e2860-917f-edca-ffab-6da9aa5c341d">
      <Execution id="bd161528-f06e-46d2-a512-b40097553740" />
      <TestMethod codeBase="C:\projects\Aikido\firewall-dotnet\Aikido.Zen.Test\bin\Release\net9.0\Aikido.Zen.Tests.dll" adapterTypeName="executor://nunit3testexecutor/" className="Aikido.Zen.Test.Helpers.RouteParameterHelperTests" name="BuildRouteFromUrl_Numbers_ReplacesWithNumberParam" />
    </UnitTest>
    <UnitTest name="ReportingApiClient_ReportAsync_ShouldThrowExceptionOnError" storage="c:\projects\aikido\firewall-dotnet\aikido.zen.test\bin\release\net9.0\aikido.zen.tests.dll" id="5ea6e80b-2a95-eecc-6377-c069624b59fc">
      <Execution id="a6b0627b-c801-419f-a2c0-2ccc070a16a0" />
      <TestMethod codeBase="C:\projects\Aikido\firewall-dotnet\Aikido.Zen.Test\bin\Release\net9.0\Aikido.Zen.Tests.dll" adapterTypeName="executor://nunit3testexecutor/" className="Aikido.Zen.Test.ZenApiTests" name="ReportingApiClient_ReportAsync_ShouldThrowExceptionOnError" />
    </UnitTest>
    <UnitTest name="IsShellInjection_ShouldDetectTildeInjection" storage="c:\projects\aikido\firewall-dotnet\aikido.zen.test\bin\release\net9.0\aikido.zen.tests.dll" id="67ac696d-2941-40cd-e59d-d2077937bbf1">
      <Execution id="6ebe7587-2569-48bb-90fa-8306e334501d" />
      <TestMethod codeBase="C:\projects\Aikido\firewall-dotnet\Aikido.Zen.Test\bin\Release\net9.0\Aikido.Zen.Tests.dll" adapterTypeName="executor://nunit3testexecutor/" className="Aikido.Zen.Test.ShellInjectionDetectorTests" name="IsShellInjection_ShouldDetectTildeInjection" />
    </UnitTest>
    <UnitTest name="Test_application/x-www-form-urlencoded_11" storage="c:\projects\aikido\firewall-dotnet\aikido.zen.test\bin\release\net9.0\aikido.zen.tests.dll" id="a905e481-81d3-d7b1-5c21-a63a9900525d">
      <Execution id="79319e75-a79b-4dee-b399-8277984cbb57" />
      <TestMethod codeBase="C:\projects\Aikido\firewall-dotnet\Aikido.Zen.Test\bin\Release\net9.0\Aikido.Zen.Tests.dll" adapterTypeName="executor://nunit3testexecutor/" className="Aikido.Zen.Test.Helpers.HttpHelperTests" name="Test_application/x-www-form-urlencoded_11" />
    </UnitTest>
    <UnitTest name="BypassedIPs_ShouldOverrideBlockedIPs" storage="c:\projects\aikido\firewall-dotnet\aikido.zen.test\bin\release\net9.0\aikido.zen.tests.dll" id="26916a88-9069-eb80-63f1-1e64883f9aee">
      <Execution id="4c6a3434-fd82-46f3-8605-aab3d779c86b" />
      <TestMethod codeBase="C:\projects\Aikido\firewall-dotnet\Aikido.Zen.Test\bin\Release\net9.0\Aikido.Zen.Tests.dll" adapterTypeName="executor://nunit3testexecutor/" className="Aikido.Zen.Test.BlockListTests" name="BypassedIPs_ShouldOverrideBlockedIPs" />
    </UnitTest>
    <UnitTest name="MatchRoute_ShouldReturnExpectedResult(&quot;/api/{id}&quot;,&quot;/api/&quot;,False)" storage="c:\projects\aikido\firewall-dotnet\aikido.zen.test\bin\release\net9.0\aikido.zen.tests.dll" id="4e2bb63a-903c-84c9-3c24-aa5cc3ce67d8">
      <Execution id="b64aa3b0-06d7-42c5-bcf9-8f26044784b3" />
      <TestMethod codeBase="C:\projects\Aikido\firewall-dotnet\Aikido.Zen.Test\bin\Release\net9.0\Aikido.Zen.Tests.dll" adapterTypeName="executor://nunit3testexecutor/" className="Aikido.Zen.Test.Helpers.RouteHelperTests" name="MatchRoute_ShouldReturnExpectedResult(&quot;/api/{id}&quot;,&quot;/api/&quot;,False)" />
    </UnitTest>
    <UnitTest name="Test_9_SAFE: PostgreSQL named dollar sign quotes" storage="c:\projects\aikido\firewall-dotnet\aikido.zen.test\bin\release\net9.0\aikido.zen.tests.dll" id="46dd0bec-3b43-cbe3-11f0-ee0995fd98aa">
      <Execution id="354a90e8-4950-4bb2-984b-22456b10e5ea" />
      <TestMethod codeBase="C:\projects\Aikido\firewall-dotnet\Aikido.Zen.Test\bin\Release\net9.0\Aikido.Zen.Tests.dll" adapterTypeName="executor://nunit3testexecutor/" className="Aikido.Zen.Test.SQLInjectionDetectorTests" name="Test_9_SAFE: PostgreSQL named dollar sign quotes" />
    </UnitTest>
    <UnitTest name="OnFileOperation_AbsoluteInput_ThrowsExceptionWhenBlocking(&quot;/etc/shadow&quot;)" storage="c:\projects\aikido\firewall-dotnet\aikido.zen.test\bin\release\net9.0\aikido.zen.tests.dll" id="4e1fba95-6f77-81e1-3a7e-1e8985e839bd">
      <Execution id="74ac7630-dec4-4903-add3-aaac898d9c6d" />
      <TestMethod codeBase="C:\projects\Aikido\firewall-dotnet\Aikido.Zen.Test\bin\Release\net9.0\Aikido.Zen.Tests.dll" adapterTypeName="executor://nunit3testexecutor/" className="Aikido.Zen.Test.IOPatcherTests" name="OnFileOperation_AbsoluteInput_ThrowsExceptionWhenBlocking(&quot;/etc/shadow&quot;)" />
    </UnitTest>
    <UnitTest name="UserConstructor_ShouldThrowException_WhenIdIsNull" storage="c:\projects\aikido\firewall-dotnet\aikido.zen.test\bin\release\net9.0\aikido.zen.tests.dll" id="5dfc9315-261c-f71a-ec31-b1cac33e1fb2">
      <Execution id="3ba13082-d820-4f33-8647-759b7d2942be" />
      <TestMethod codeBase="C:\projects\Aikido\firewall-dotnet\Aikido.Zen.Test\bin\Release\net9.0\Aikido.Zen.Tests.dll" adapterTypeName="executor://nunit3testexecutor/" className="Aikido.Zen.Test.UserTests" name="UserConstructor_ShouldThrowException_WhenIdIsNull" />
    </UnitTest>
    <UnitTest name="LargeBlocklistHandling_ShouldHandleLargeNumberOfIPs" storage="c:\projects\aikido\firewall-dotnet\aikido.zen.test\bin\release\net9.0\aikido.zen.tests.dll" id="617a981f-9f64-2462-1757-7464361790ec">
      <Execution id="a92e1fe4-689c-4cfe-8c21-2d7285b1338e" />
      <TestMethod codeBase="C:\projects\Aikido\firewall-dotnet\Aikido.Zen.Test\bin\Release\net9.0\Aikido.Zen.Tests.dll" adapterTypeName="executor://nunit3testexecutor/" className="Aikido.Zen.Test.BlockListTests" name="LargeBlocklistHandling_ShouldHandleLargeNumberOfIPs" />
    </UnitTest>
    <UnitTest name="Constructor_WithNegativeBatchTimeout_ThrowsArgumentException" storage="c:\projects\aikido\firewall-dotnet\aikido.zen.test\bin\release\net9.0\aikido.zen.tests.dll" id="577119be-6e81-15d4-74ef-fb3a095dbf1f">
      <Execution id="9fd9a202-ed41-44de-a9f8-9813a8c71596" />
      <TestMethod codeBase="C:\projects\Aikido\firewall-dotnet\Aikido.Zen.Test\bin\Release\net9.0\Aikido.Zen.Tests.dll" adapterTypeName="executor://nunit3testexecutor/" className="Aikido.Zen.Test.AgentTests" name="Constructor_WithNegativeBatchTimeout_ThrowsArgumentException" />
    </UnitTest>
    <UnitTest name="SectionName_HasCorrectValue" storage="c:\projects\aikido\firewall-dotnet\aikido.zen.test\bin\release\net9.0\aikido.zen.tests.dll" id="f45e445f-e73c-63f4-6d2f-242a9ff96249">
      <Execution id="a997f2b4-8327-40c7-8db3-cc2d7fb298a1" />
      <TestMethod codeBase="C:\projects\Aikido\firewall-dotnet\Aikido.Zen.Test\bin\Release\net9.0\Aikido.Zen.Tests.dll" adapterTypeName="executor://nunit3testexecutor/" className="Aikido.Zen.Test.AikidoOptionsTests" name="SectionName_HasCorrectValue" />
    </UnitTest>
    <UnitTest name="InsertRange_ShouldHandleMultipleRanges" storage="c:\projects\aikido\firewall-dotnet\aikido.zen.test\bin\release\net9.0\aikido.zen.tests.dll" id="951e2117-ba93-d330-6fde-00728562d0fa">
      <Execution id="1c7a7d6c-2d30-4f01-8268-c5b1e17e8e97" />
      <TestMethod codeBase="C:\projects\Aikido\firewall-dotnet\Aikido.Zen.Test\bin\Release\net9.0\Aikido.Zen.Tests.dll" adapterTypeName="executor://nunit3testexecutor/" className="Aikido.Zen.Test.IPRangeTests" name="InsertRange_ShouldHandleMultipleRanges" />
    </UnitTest>
    <UnitTest name="Test_INJECTION: Command chaining with semicolon and dangerous command" storage="c:\projects\aikido\firewall-dotnet\aikido.zen.test\bin\release\net9.0\aikido.zen.tests.dll" id="193a361e-0fd9-c91b-16f3-1aa2138e10bb">
      <Execution id="05984125-247e-4543-9523-3f1ae4e201ff" />
      <TestMethod codeBase="C:\projects\Aikido\firewall-dotnet\Aikido.Zen.Test\bin\Release\net9.0\Aikido.Zen.Tests.dll" adapterTypeName="executor://nunit3testexecutor/" className="Aikido.Zen.Test.ShellInjectionDetectorTests" name="Test_INJECTION: Command chaining with semicolon and dangerous command" />
    </UnitTest>
    <UnitTest name="AttackLog_RateLimiting_ShouldLogUpToMaxLogsAndThenSuppress" storage="c:\projects\aikido\firewall-dotnet\aikido.zen.test\bin\release\net9.0\aikido.zen.tests.dll" id="aefff53d-ae1b-5267-2222-c2cdfefbe91d">
      <Execution id="114c1f4a-a238-40b8-a26d-155e7ea8a6f3" />
      <TestMethod codeBase="C:\projects\Aikido\firewall-dotnet\Aikido.Zen.Test\bin\Release\net9.0\Aikido.Zen.Tests.dll" adapterTypeName="executor://nunit3testexecutor/" className="Aikido.Zen.Test.Helpers.LogHelperTests" name="AttackLog_RateLimiting_ShouldLogUpToMaxLogsAndThenSuppress" />
    </UnitTest>
    <UnitTest name="Test_SAFE: No arguments mean spaces are irrelevant" storage="c:\projects\aikido\firewall-dotnet\aikido.zen.test\bin\release\net9.0\aikido.zen.tests.dll" id="c25b536e-dc8b-3691-68b9-8443a13c17a0">
      <Execution id="94fcded4-7f64-43a3-96f1-2ed92c61b88e" />
      <TestMethod codeBase="C:\projects\Aikido\firewall-dotnet\Aikido.Zen.Test\bin\Release\net9.0\Aikido.Zen.Tests.dll" adapterTypeName="executor://nunit3testexecutor/" className="Aikido.Zen.Test.ShellInjectionDetectorTests" name="Test_SAFE: No arguments mean spaces are irrelevant" />
    </UnitTest>
    <UnitTest name="ContainsPrivateIPAddress_ShouldReturnTrue_ForPrivateIPs" storage="c:\projects\aikido\firewall-dotnet\aikido.zen.test\bin\release\net9.0\aikido.zen.tests.dll" id="47c6eb4b-0a1e-96f2-6caf-87eee307ad70">
      <Execution id="40e91699-b006-4307-b9e1-dfa1d2b1730f" />
      <TestMethod codeBase="C:\projects\Aikido\firewall-dotnet\Aikido.Zen.Test\bin\Release\net9.0\Aikido.Zen.Tests.dll" adapterTypeName="executor://nunit3testexecutor/" className="Aikido.Zen.Test.Helpers.IPHelperTests" name="ContainsPrivateIPAddress_ShouldReturnTrue_ForPrivateIPs" />
    </UnitTest>
    <UnitTest name="UpdateAlllowedIps_ShouldUpdateAlllowedIpsPerUrl" storage="c:\projects\aikido\firewall-dotnet\aikido.zen.test\bin\release\net9.0\aikido.zen.tests.dll" id="e6132e8e-5813-701c-2a38-83ab5ba6e2db">
      <Execution id="1a001163-53cf-4c28-95c8-6b1c8421a9a9" />
      <TestMethod codeBase="C:\projects\Aikido\firewall-dotnet\Aikido.Zen.Test\bin\Release\net9.0\Aikido.Zen.Tests.dll" adapterTypeName="executor://nunit3testexecutor/" className="Aikido.Zen.Test.BlockListTests" name="UpdateAlllowedIps_ShouldUpdateAlllowedIpsPerUrl" />
    </UnitTest>
    <UnitTest name="Constructor_CreatesValidInstance" storage="c:\projects\aikido\firewall-dotnet\aikido.zen.test\bin\release\net9.0\aikido.zen.tests.dll" id="a8deda30-ecbb-b206-95a4-005c3efc23f0">
      <Execution id="c8a12815-a9d8-4d2d-b02d-0af83c3a5202" />
      <TestMethod codeBase="C:\projects\Aikido\firewall-dotnet\Aikido.Zen.Test\bin\Release\net9.0\Aikido.Zen.Tests.dll" adapterTypeName="executor://nunit3testexecutor/" className="Aikido.Zen.Test.HeartbeatTests" name="Constructor_CreatesValidInstance" />
    </UnitTest>
    <UnitTest name="ToAPIResponse_RateLimited_ShouldReturnRateLimitedResponse" storage="c:\projects\aikido\firewall-dotnet\aikido.zen.test\bin\release\net9.0\aikido.zen.tests.dll" id="5aec3940-508c-83a0-6c1e-d8d6abd321bd">
      <Execution id="06658d39-c849-463a-b55b-056a0e81a5f1" />
      <TestMethod codeBase="C:\projects\Aikido\firewall-dotnet\Aikido.Zen.Test\bin\Release\net9.0\Aikido.Zen.Tests.dll" adapterTypeName="executor://nunit3testexecutor/" className="Aikido.Zen.Test.Helpers.APIHelperTests" name="ToAPIResponse_RateLimited_ShouldReturnRateLimitedResponse" />
    </UnitTest>
    <UnitTest name="GetDataSchema_WithSimpleTypes_ReturnsCorrectSchema" storage="c:\projects\aikido\firewall-dotnet\aikido.zen.test\bin\release\net9.0\aikido.zen.tests.dll" id="bc73924e-942f-ef2f-1a9e-1c30754a11ca">
      <Execution id="70a057d1-1754-4e54-b03a-8dfc0055a65c" />
      <TestMethod codeBase="C:\projects\Aikido\firewall-dotnet\Aikido.Zen.Test\bin\Release\net9.0\Aikido.Zen.Tests.dll" adapterTypeName="executor://nunit3testexecutor/" className="Aikido.Zen.Test.Helpers.DataSchemaHelperTests" name="GetDataSchema_WithSimpleTypes_ReturnsCorrectSchema" />
    </UnitTest>
    <UnitTest name="Test_SAFE: Double spaces as user input" storage="c:\projects\aikido\firewall-dotnet\aikido.zen.test\bin\release\net9.0\aikido.zen.tests.dll" id="75834556-3459-7e67-b8d8-8b78f670e2d8">
      <Execution id="b5e4210e-d8cf-4538-9159-438133a7253f" />
      <TestMethod codeBase="C:\projects\Aikido\firewall-dotnet\Aikido.Zen.Test\bin\Release\net9.0\Aikido.Zen.Tests.dll" adapterTypeName="executor://nunit3testexecutor/" className="Aikido.Zen.Test.ShellInjectionDetectorTests" name="Test_SAFE: Double spaces as user input" />
    </UnitTest>
    <UnitTest name="Test_SAFE: Single character 'a' is safe" storage="c:\projects\aikido\firewall-dotnet\aikido.zen.test\bin\release\net9.0\aikido.zen.tests.dll" id="cbd175aa-fb66-6574-4b23-fe89acbdd854">
      <Execution id="67f45d31-c386-4efa-9e18-bff128aa64bb" />
      <TestMethod codeBase="C:\projects\Aikido\firewall-dotnet\Aikido.Zen.Test\bin\Release\net9.0\Aikido.Zen.Tests.dll" adapterTypeName="executor://nunit3testexecutor/" className="Aikido.Zen.Test.ShellInjectionDetectorTests" name="Test_SAFE: Single character 'a' is safe" />
    </UnitTest>
    <UnitTest name="Test_9_SAFE: PostgreSQL dollar sign quotes" storage="c:\projects\aikido\firewall-dotnet\aikido.zen.test\bin\release\net9.0\aikido.zen.tests.dll" id="94fb5c15-e81e-2e71-3f33-f390f33606ba">
      <Execution id="61ea20f8-dc28-49b5-9550-2b08abfd3763" />
      <TestMethod codeBase="C:\projects\Aikido\firewall-dotnet\Aikido.Zen.Test\bin\Release\net9.0\Aikido.Zen.Tests.dll" adapterTypeName="executor://nunit3testexecutor/" className="Aikido.Zen.Test.SQLInjectionDetectorTests" name="Test_9_SAFE: PostgreSQL dollar sign quotes" />
    </UnitTest>
    <UnitTest name="Test_Linux home directory shorthand" storage="c:\projects\aikido\firewall-dotnet\aikido.zen.test\bin\release\net9.0\aikido.zen.tests.dll" id="54e8d12f-62da-3a61-7909-3fa3ad10931f">
      <Execution id="28d0960d-9618-43a6-a8af-080c3ee9d8c3" />
      <TestMethod codeBase="C:\projects\Aikido\firewall-dotnet\Aikido.Zen.Test\bin\Release\net9.0\Aikido.Zen.Tests.dll" adapterTypeName="executor://nunit3testexecutor/" className="Aikido.Zen.Test.PathTraversalDetectorTests" name="Test_Linux home directory shorthand" />
    </UnitTest>
    <UnitTest name="ShouldAddRoute_ShouldReturnExpectedResult(&quot;/api/resource.php&quot;,&quot;GET&quot;,200,False)" storage="c:\projects\aikido\firewall-dotnet\aikido.zen.test\bin\release\net9.0\aikido.zen.tests.dll" id="f9bb4613-c207-36af-6174-41eb5d58bd24">
      <Execution id="6776c9c4-ec45-4d97-aeeb-85208ed301f0" />
      <TestMethod codeBase="C:\projects\Aikido\firewall-dotnet\Aikido.Zen.Test\bin\Release\net9.0\Aikido.Zen.Tests.dll" adapterTypeName="executor://nunit3testexecutor/" className="Aikido.Zen.Test.Helpers.RouteHelperTests" name="ShouldAddRoute_ShouldReturnExpectedResult(&quot;/api/resource.php&quot;,&quot;GET&quot;,200,False)" />
    </UnitTest>
    <UnitTest name="EndpointMatching_WithMultipleMatches_ShouldUseMostSpecificMatch" storage="c:\projects\aikido\firewall-dotnet\aikido.zen.test\bin\release\net9.0\aikido.zen.tests.dll" id="c5c6a630-e784-6a46-3902-916e81757b3a">
      <Execution id="e4ac33c5-a5ea-42e5-85fd-5967c754374f" />
      <TestMethod codeBase="C:\projects\Aikido\firewall-dotnet\Aikido.Zen.Test\bin\Release\net9.0\Aikido.Zen.Tests.dll" adapterTypeName="executor://nunit3testexecutor/" className="Aikido.Zen.Test.BlockListTests" name="EndpointMatching_WithMultipleMatches_ShouldUseMostSpecificMatch" />
    </UnitTest>
    <UnitTest name="GetInfo_ServerlessDetection_AWS" storage="c:\projects\aikido\firewall-dotnet\aikido.zen.test\bin\release\net9.0\aikido.zen.tests.dll" id="792b853a-34b5-09b1-90ee-c996e93c56d5">
      <Execution id="2e41ff82-f38f-4ed9-b5cf-076bd96330f0" />
      <TestMethod codeBase="C:\projects\Aikido\firewall-dotnet\Aikido.Zen.Test\bin\Release\net9.0\Aikido.Zen.Tests.dll" adapterTypeName="executor://nunit3testexecutor/" className="Aikido.Zen.Test.Helpers.AgentInfoHelperTests" name="GetInfo_ServerlessDetection_AWS" />
    </UnitTest>
    <UnitTest name="Type_ReturnsCorrectValue" storage="c:\projects\aikido\firewall-dotnet\aikido.zen.test\bin\release\net9.0\aikido.zen.tests.dll" id="c7600118-a35a-5df8-2696-8c5e638aae31">
      <Execution id="a84516c9-e879-4a91-af9f-ac42f08247f3" />
      <TestMethod codeBase="C:\projects\Aikido\firewall-dotnet\Aikido.Zen.Test\bin\Release\net9.0\Aikido.Zen.Tests.dll" adapterTypeName="executor://nunit3testexecutor/" className="Aikido.Zen.Test.DetectedAttackTests" name="Type_ReturnsCorrectValue" />
    </UnitTest>
    <UnitTest name="IsGraphQL_ShouldReturnTrue_WhenGraphqlIsNotEmpty" storage="c:\projects\aikido\firewall-dotnet\aikido.zen.test\bin\release\net9.0\aikido.zen.tests.dll" id="d0418737-467d-ef7e-d180-0fa89de33345">
      <Execution id="b16394c5-5bf9-44fa-8482-e0af75e81234" />
      <TestMethod codeBase="C:\projects\Aikido\firewall-dotnet\Aikido.Zen.Test\bin\Release\net9.0\Aikido.Zen.Tests.dll" adapterTypeName="executor://nunit3testexecutor/" className="Aikido.Zen.Test.ContextTests" name="IsGraphQL_ShouldReturnTrue_WhenGraphqlIsNotEmpty" />
    </UnitTest>
    <UnitTest name="UpdateApiInfo_NormalizeEmptySpec_SetsEmptyApiSpec" storage="c:\projects\aikido\firewall-dotnet\aikido.zen.test\bin\release\net9.0\aikido.zen.tests.dll" id="097aaa7d-692e-d4bf-ce7b-eadf5cab7227">
      <Execution id="bd4cddbe-f42a-497d-afc4-d2196daa3799" />
      <TestMethod codeBase="C:\projects\Aikido\firewall-dotnet\Aikido.Zen.Test\bin\Release\net9.0\Aikido.Zen.Tests.dll" adapterTypeName="executor://nunit3testexecutor/" className="Aikido.Zen.Test.Helpers.ApiInfoHelperTests" name="UpdateApiInfo_NormalizeEmptySpec_SetsEmptyApiSpec" />
    </UnitTest>
    <UnitTest name="DetectPathTraversal_WithEmptyInput_ReturnsFalse" storage="c:\projects\aikido\firewall-dotnet\aikido.zen.test\bin\release\net9.0\aikido.zen.tests.dll" id="d7827b63-ca27-0641-fd8c-c0fb16115ea6">
      <Execution id="94ccf7b2-b433-430c-b8bf-38fada7b8373" />
      <TestMethod codeBase="C:\projects\Aikido\firewall-dotnet\Aikido.Zen.Test\bin\Release\net9.0\Aikido.Zen.Tests.dll" adapterTypeName="executor://nunit3testexecutor/" className="Aikido.Zen.Test.PathTraversalDetectorTests" name="DetectPathTraversal_WithEmptyInput_ReturnsFalse" />
    </UnitTest>
    <UnitTest name="InsertRange_ShouldInsertCIDRRange" storage="c:\projects\aikido\firewall-dotnet\aikido.zen.test\bin\release\net9.0\aikido.zen.tests.dll" id="2c02620c-9091-40cc-f3b5-dc6472466956">
      <Execution id="2bc7c1d0-ac18-46f5-898e-436fc0417e67" />
      <TestMethod codeBase="C:\projects\Aikido\firewall-dotnet\Aikido.Zen.Test\bin\Release\net9.0\Aikido.Zen.Tests.dll" adapterTypeName="executor://nunit3testexecutor/" className="Aikido.Zen.Test.IPRangeTests" name="InsertRange_ShouldInsertCIDRRange" />
    </UnitTest>
    <UnitTest name="UpdateFirewallLists_WithValidResponse_UpdatesFirewallLists" storage="c:\projects\aikido\firewall-dotnet\aikido.zen.test\bin\release\net9.0\aikido.zen.tests.dll" id="2887bb27-23cc-e071-2e9f-7e3f1d3073e6">
      <Execution id="4009fad4-6d43-4244-9d58-91c64852fdce" />
      <TestMethod codeBase="C:\projects\Aikido\firewall-dotnet\Aikido.Zen.Test\bin\Release\net9.0\Aikido.Zen.Tests.dll" adapterTypeName="executor://nunit3testexecutor/" className="Aikido.Zen.Test.AgentConfigurationTests" name="UpdateFirewallLists_WithValidResponse_UpdatesFirewallLists" />
    </UnitTest>
    <UnitTest name="PathIsSingleRouteParameter_VariousPaths_ReturnsExpectedResult(&quot;/path/with/multiple/segments&quot;,False)" storage="c:\projects\aikido\firewall-dotnet\aikido.zen.test\bin\release\net9.0\aikido.zen.tests.dll" id="84b8a670-22f7-f354-847d-2390a582187d">
      <Execution id="ce02b4f7-680a-4699-825d-0cc96fbd3610" />
      <TestMethod codeBase="C:\projects\Aikido\firewall-dotnet\Aikido.Zen.Test\bin\Release\net9.0\Aikido.Zen.Tests.dll" adapterTypeName="executor://nunit3testexecutor/" className="Aikido.Zen.Test.Helpers.RouteHelperTests" name="PathIsSingleRouteParameter_VariousPaths_ReturnsExpectedResult(&quot;/path/with/multiple/segments&quot;,False)" />
    </UnitTest>
    <UnitTest name="GetInfo_PlatformArchitecture_Core" storage="c:\projects\aikido\firewall-dotnet\aikido.zen.test\bin\release\net9.0\aikido.zen.tests.dll" id="890cc391-9790-2041-c5ef-71bbe8b5dce6">
      <Execution id="9133d668-c856-4b45-b664-436a1a2f10bc" />
      <TestMethod codeBase="C:\projects\Aikido\firewall-dotnet\Aikido.Zen.Test\bin\Release\net9.0\Aikido.Zen.Tests.dll" adapterTypeName="executor://nunit3testexecutor/" className="Aikido.Zen.Test.Helpers.AgentInfoHelperTests" name="GetInfo_PlatformArchitecture_Core" />
    </UnitTest>
    <UnitTest name="Test_Identical paths" storage="c:\projects\aikido\firewall-dotnet\aikido.zen.test\bin\release\net9.0\aikido.zen.tests.dll" id="a04629fa-534e-4f21-f033-8b81c2bdd30f">
      <Execution id="d199e2c6-442f-4ee6-88fa-0f662f287a28" />
      <TestMethod codeBase="C:\projects\Aikido\firewall-dotnet\Aikido.Zen.Test\bin\Release\net9.0\Aikido.Zen.Tests.dll" adapterTypeName="executor://nunit3testexecutor/" className="Aikido.Zen.Test.PathTraversalDetectorTests" name="Test_Identical paths" />
    </UnitTest>
    <UnitTest name="MatchEndpoints_NoMethod_ShouldReturnEmptyList" storage="c:\projects\aikido\firewall-dotnet\aikido.zen.test\bin\release\net9.0\aikido.zen.tests.dll" id="da6cbdbc-b397-f9fb-2252-08d545c3703f">
      <Execution id="6082fae6-b91e-4914-9424-9218e3338edf" />
      <TestMethod codeBase="C:\projects\Aikido\firewall-dotnet\Aikido.Zen.Test\bin\Release\net9.0\Aikido.Zen.Tests.dll" adapterTypeName="executor://nunit3testexecutor/" className="Aikido.Zen.Test.Helpers.RouteHelperTests" name="MatchEndpoints_NoMethod_ShouldReturnEmptyList" />
    </UnitTest>
    <UnitTest name="InvalidIPs_ShouldBeHandledAppropriately" storage="c:\projects\aikido\firewall-dotnet\aikido.zen.test\bin\release\net9.0\aikido.zen.tests.dll" id="0e728620-af5f-c877-c82b-6e355b51d97f">
      <Execution id="6c1225ca-5907-4533-8b56-f70d99740e7d" />
      <TestMethod codeBase="C:\projects\Aikido\firewall-dotnet\Aikido.Zen.Test\bin\Release\net9.0\Aikido.Zen.Tests.dll" adapterTypeName="executor://nunit3testexecutor/" className="Aikido.Zen.Test.BlockListTests" name="InvalidIPs_ShouldBeHandledAppropriately" />
    </UnitTest>
    <UnitTest name="Patch_ShouldApplyPatches" storage="c:\projects\aikido\firewall-dotnet\aikido.zen.test\bin\release\net9.0\aikido.zen.tests.dll" id="cc4d33fa-bac0-0502-a505-07a94d079c0f">
      <Execution id="1375f8ba-25d9-4683-88e9-f3b916634a5d" />
      <TestMethod codeBase="C:\projects\Aikido\firewall-dotnet\Aikido.Zen.Test\bin\Release\net9.0\Aikido.Zen.Tests.dll" adapterTypeName="executor://nunit3testexecutor/" className="Aikido.Zen.Test.PatcherTests" name="Patch_ShouldApplyPatches" />
    </UnitTest>
    <UnitTest name="AddRoute_AddsRouteToContext" storage="c:\projects\aikido\firewall-dotnet\aikido.zen.test\bin\release\net9.0\aikido.zen.tests.dll" id="d66e443b-586c-571d-2122-fa3c1fde9583">
      <Execution id="62675b88-5806-49e3-8dbb-a0333a2bd74c" />
      <TestMethod codeBase="C:\projects\Aikido\firewall-dotnet\Aikido.Zen.Test\bin\Release\net9.0\Aikido.Zen.Tests.dll" adapterTypeName="executor://nunit3testexecutor/" className="Aikido.Zen.Test.AgentTests" name="AddRoute_AddsRouteToContext" />
    </UnitTest>
    <UnitTest name="Test_text/plain_15" storage="c:\projects\aikido\firewall-dotnet\aikido.zen.test\bin\release\net9.0\aikido.zen.tests.dll" id="787c1b1e-c2f2-9e62-96a2-4ba63f47c506">
      <Execution id="2c0631ec-0ed8-4e3e-98ea-6ce14edf0284" />
      <TestMethod codeBase="C:\projects\Aikido\firewall-dotnet\Aikido.Zen.Test\bin\Release\net9.0\Aikido.Zen.Tests.dll" adapterTypeName="executor://nunit3testexecutor/" className="Aikido.Zen.Test.Helpers.HttpHelperTests" name="Test_text/plain_15" />
    </UnitTest>
    <UnitTest name="DetectPathTraversal_WithNullPath_ReturnsFalse" storage="c:\projects\aikido\firewall-dotnet\aikido.zen.test\bin\release\net9.0\aikido.zen.tests.dll" id="b9dda058-0718-4fd5-d84e-c73f72b1b7e5">
      <Execution id="e9b16e77-b380-43b2-bab2-53915f42b336" />
      <TestMethod codeBase="C:\projects\Aikido\firewall-dotnet\Aikido.Zen.Test\bin\Release\net9.0\Aikido.Zen.Tests.dll" adapterTypeName="executor://nunit3testexecutor/" className="Aikido.Zen.Test.PathTraversalDetectorTests" name="DetectPathTraversal_WithNullPath_ReturnsFalse" />
    </UnitTest>
    <UnitTest name="OnFileOperation_AbsoluteInput_ThrowsExceptionWhenBlocking(&quot;c:/windows/system32/cmd.exe&quot;)" storage="c:\projects\aikido\firewall-dotnet\aikido.zen.test\bin\release\net9.0\aikido.zen.tests.dll" id="2c226702-7d41-d4fd-88fe-cfc6e3f6e61f">
      <Execution id="106274b9-68eb-4d76-b865-033e5be4bf57" />
      <TestMethod codeBase="C:\projects\Aikido\firewall-dotnet\Aikido.Zen.Test\bin\Release\net9.0\Aikido.Zen.Tests.dll" adapterTypeName="executor://nunit3testexecutor/" className="Aikido.Zen.Test.IOPatcherTests" name="OnFileOperation_AbsoluteInput_ThrowsExceptionWhenBlocking(&quot;c:/windows/system32/cmd.exe&quot;)" />
    </UnitTest>
    <UnitTest name="Constructor_WithoutLogger_ShouldNotThrowException" storage="c:\projects\aikido\firewall-dotnet\aikido.zen.test\bin\release\net9.0\aikido.zen.tests.dll" id="314a5da0-e474-4193-47a3-a6f3d3e8c1e7">
      <Execution id="3d0f0483-62d1-4e73-950b-8333e9ff4675" />
      <TestMethod codeBase="C:\projects\Aikido\firewall-dotnet\Aikido.Zen.Test\bin\Release\net9.0\Aikido.Zen.Tests.dll" adapterTypeName="executor://nunit3testexecutor/" className="Aikido.Zen.Test.AikidoExceptionTests" name="Constructor_WithoutLogger_ShouldNotThrowException" />
    </UnitTest>
    <UnitTest name="GetKeys_ShouldReturnAllKeys" storage="c:\projects\aikido\firewall-dotnet\aikido.zen.test\bin\release\net9.0\aikido.zen.tests.dll" id="961b22c7-42e6-88e9-0037-c8c3730a0783">
      <Execution id="1fc3870b-9e77-454a-afdb-f878c2c2bcd9" />
      <TestMethod codeBase="C:\projects\Aikido\firewall-dotnet\Aikido.Zen.Test\bin\Release\net9.0\Aikido.Zen.Tests.dll" adapterTypeName="executor://nunit3testexecutor/" className="Aikido.Zen.Test.LRUCacheTests" name="GetKeys_ShouldReturnAllKeys" />
    </UnitTest>
    <UnitTest name="IsSQLInjection_WithEmptyUserInput_ReturnsFalse" storage="c:\projects\aikido\firewall-dotnet\aikido.zen.test\bin\release\net9.0\aikido.zen.tests.dll" id="1cdf14f2-35f7-c357-585b-bb378f8de45a">
      <Execution id="6d1e07d8-ade1-486e-89b7-b244821c6e60" />
      <TestMethod codeBase="C:\projects\Aikido\firewall-dotnet\Aikido.Zen.Test\bin\Release\net9.0\Aikido.Zen.Tests.dll" adapterTypeName="executor://nunit3testexecutor/" className="Aikido.Zen.Test.SQLInjectionDetectorTests" name="IsSQLInjection_WithEmptyUserInput_ReturnsFalse" />
    </UnitTest>
    <UnitTest name="Constructor_WithInvalidTTL_ShouldThrowArgumentException" storage="c:\projects\aikido\firewall-dotnet\aikido.zen.test\bin\release\net9.0\aikido.zen.tests.dll" id="c7aa928f-5227-1f46-1145-61b47be85052">
      <Execution id="50a22f56-70ad-49f4-bff4-69c557cff724" />
      <TestMethod codeBase="C:\projects\Aikido\firewall-dotnet\Aikido.Zen.Test\bin\Release\net9.0\Aikido.Zen.Tests.dll" adapterTypeName="executor://nunit3testexecutor/" className="Aikido.Zen.Test.LRUCacheTests" name="Constructor_WithInvalidTTL_ShouldThrowArgumentException" />
    </UnitTest>
    <UnitTest name="AddIpAddressToBlocklist_ShouldBlockSpecificIP" storage="c:\projects\aikido\firewall-dotnet\aikido.zen.test\bin\release\net9.0\aikido.zen.tests.dll" id="9a9f196f-98b1-ce9d-2703-e21678e7702e">
      <Execution id="0fd9998c-28c7-4a2c-806d-0579b585b480" />
      <TestMethod codeBase="C:\projects\Aikido\firewall-dotnet\Aikido.Zen.Test\bin\Release\net9.0\Aikido.Zen.Tests.dll" adapterTypeName="executor://nunit3testexecutor/" className="Aikido.Zen.Test.BlockListTests" name="AddIpAddressToBlocklist_ShouldBlockSpecificIP" />
    </UnitTest>
    <UnitTest name="LooksLikeASecret_SingleCharset_ReturnsFalse" storage="c:\projects\aikido\firewall-dotnet\aikido.zen.test\bin\release\net9.0\aikido.zen.tests.dll" id="7dfc744f-c2df-72e9-e2d8-9d9f0bfff688">
      <Execution id="afedd7fa-c739-428d-b95b-7f7329c8e3f4" />
      <TestMethod codeBase="C:\projects\Aikido\firewall-dotnet\Aikido.Zen.Test\bin\Release\net9.0\Aikido.Zen.Tests.dll" adapterTypeName="executor://nunit3testexecutor/" className="Aikido.Zen.Test.Helpers.RouteParameterHelperTests" name="LooksLikeASecret_SingleCharset_ReturnsFalse" />
    </UnitTest>
    <UnitTest name="Test_SAFE: Variable inside single quotes" storage="c:\projects\aikido\firewall-dotnet\aikido.zen.test\bin\release\net9.0\aikido.zen.tests.dll" id="9d5152b8-4e2b-09b9-cd04-9375c612360c">
      <Execution id="4813c984-0dd4-4c63-8f1d-2466e7fb03ac" />
      <TestMethod codeBase="C:\projects\Aikido\firewall-dotnet\Aikido.Zen.Test\bin\Release\net9.0\Aikido.Zen.Tests.dll" adapterTypeName="executor://nunit3testexecutor/" className="Aikido.Zen.Test.ShellInjectionDetectorTests" name="Test_SAFE: Variable inside single quotes" />
    </UnitTest>
    <UnitTest name="MatchRoute_ShouldReturnExpectedResult(&quot;/api/{id}/details/{subId}&quot;,&quot;/api/123/details/&quot;,False)" storage="c:\projects\aikido\firewall-dotnet\aikido.zen.test\bin\release\net9.0\aikido.zen.tests.dll" id="7a016257-4533-cf8a-7e0f-0f3f8a30efd1">
      <Execution id="4feac865-e3aa-46f5-8a22-a90cec73d2e5" />
      <TestMethod codeBase="C:\projects\Aikido\firewall-dotnet\Aikido.Zen.Test\bin\Release\net9.0\Aikido.Zen.Tests.dll" adapterTypeName="executor://nunit3testexecutor/" className="Aikido.Zen.Test.Helpers.RouteHelperTests" name="MatchRoute_ShouldReturnExpectedResult(&quot;/api/{id}/details/{subId}&quot;,&quot;/api/123/details/&quot;,False)" />
    </UnitTest>
    <UnitTest name="LooksLikeASecret_OnlyNumbers_ReturnsFalse(&quot;1234567890&quot;)" storage="c:\projects\aikido\firewall-dotnet\aikido.zen.test\bin\release\net9.0\aikido.zen.tests.dll" id="87b2fe0c-5648-6414-9604-393b17d1e74f">
      <Execution id="e3d377bf-72c3-424c-99bc-52ec2783d000" />
      <TestMethod codeBase="C:\projects\Aikido\firewall-dotnet\Aikido.Zen.Test\bin\Release\net9.0\Aikido.Zen.Tests.dll" adapterTypeName="executor://nunit3testexecutor/" className="Aikido.Zen.Test.Helpers.RouteParameterHelperTests" name="LooksLikeASecret_OnlyNumbers_ReturnsFalse(&quot;1234567890&quot;)" />
    </UnitTest>
    <UnitTest name="Test_INJECTION: Dangerous command chmod" storage="c:\projects\aikido\firewall-dotnet\aikido.zen.test\bin\release\net9.0\aikido.zen.tests.dll" id="130746cf-5783-200b-2006-098c7cbf6ded">
      <Execution id="f262b0cf-f06d-4501-a968-8a04c5c6fb9f" />
      <TestMethod codeBase="C:\projects\Aikido\firewall-dotnet\Aikido.Zen.Test\bin\Release\net9.0\Aikido.Zen.Tests.dll" adapterTypeName="executor://nunit3testexecutor/" className="Aikido.Zen.Test.ShellInjectionDetectorTests" name="Test_INJECTION: Dangerous command chmod" />
    </UnitTest>
    <UnitTest name="DebugLog_ShouldNotLogMessage_WhenIsDebuggingIsFalse" storage="c:\projects\aikido\firewall-dotnet\aikido.zen.test\bin\release\net9.0\aikido.zen.tests.dll" id="fbafdcb1-22a6-2f41-860f-99a1c566e89b">
      <Execution id="86b71bc8-4963-49b7-8384-c7dc7f09b1ca" />
      <TestMethod codeBase="C:\projects\Aikido\firewall-dotnet\Aikido.Zen.Test\bin\Release\net9.0\Aikido.Zen.Tests.dll" adapterTypeName="executor://nunit3testexecutor/" className="Aikido.Zen.Test.Helpers.LogHelperTests" name="DebugLog_ShouldNotLogMessage_WhenIsDebuggingIsFalse" />
    </UnitTest>
    <UnitTest name="SendAttackEvent_WithNullContext_ThrowsArgumentNullException" storage="c:\projects\aikido\firewall-dotnet\aikido.zen.test\bin\release\net9.0\aikido.zen.tests.dll" id="b3ac3dc8-f56f-814e-ce6a-eb4236fb6834">
      <Execution id="60585066-a503-4374-a96e-1eb533e291ee" />
      <TestMethod codeBase="C:\projects\Aikido\firewall-dotnet\Aikido.Zen.Test\bin\Release\net9.0\Aikido.Zen.Tests.dll" adapterTypeName="executor://nunit3testexecutor/" className="Aikido.Zen.Test.AgentTests" name="SendAttackEvent_WithNullContext_ThrowsArgumentNullException" />
    </UnitTest>
    <UnitTest name="Properties_SetAndGetCorrectly" storage="c:\projects\aikido\firewall-dotnet\aikido.zen.test\bin\release\net9.0\aikido.zen.tests.dll" id="e44947ed-a4ff-9336-9ca0-9f222244d99c">
      <Execution id="4b1bd5b5-6771-4e2b-a30c-18f2dd98107e" />
      <TestMethod codeBase="C:\projects\Aikido\firewall-dotnet\Aikido.Zen.Test\bin\Release\net9.0\Aikido.Zen.Tests.dll" adapterTypeName="executor://nunit3testexecutor/" className="Aikido.Zen.Test.HeartbeatTests" name="Properties_SetAndGetCorrectly" />
    </UnitTest>
    <UnitTest name="Test_multipart/form-data; boundary=boundary_7" storage="c:\projects\aikido\firewall-dotnet\aikido.zen.test\bin\release\net9.0\aikido.zen.tests.dll" id="4825e894-5289-1ed0-6821-784226bd04f9">
      <Execution id="787915ca-6378-4e79-a4a2-b072d86a8791" />
      <TestMethod codeBase="C:\projects\Aikido\firewall-dotnet\Aikido.Zen.Test\bin\Release\net9.0\Aikido.Zen.Tests.dll" adapterTypeName="executor://nunit3testexecutor/" className="Aikido.Zen.Test.Helpers.HttpHelperTests" name="Test_multipart/form-data; boundary=boundary_7" />
    </UnitTest>
    <UnitTest name="MatchRoute_ShouldReturnExpectedResult(&quot;path/to/file.txt&quot;,&quot;path/to/file.txt/extra&quot;,False)" storage="c:\projects\aikido\firewall-dotnet\aikido.zen.test\bin\release\net9.0\aikido.zen.tests.dll" id="d7fb4d3a-71c1-b0aa-093d-75abcc87e523">
      <Execution id="17622539-1bff-44eb-93cf-fe2e5dfd0997" />
      <TestMethod codeBase="C:\projects\Aikido\firewall-dotnet\Aikido.Zen.Test\bin\Release\net9.0\Aikido.Zen.Tests.dll" adapterTypeName="executor://nunit3testexecutor/" className="Aikido.Zen.Test.Helpers.RouteHelperTests" name="MatchRoute_ShouldReturnExpectedResult(&quot;path/to/file.txt&quot;,&quot;path/to/file.txt/extra&quot;,False)" />
    </UnitTest>
    <UnitTest name="IsGraphQL_ShouldReturnFalse_WhenGraphqlIsEmpty" storage="c:\projects\aikido\firewall-dotnet\aikido.zen.test\bin\release\net9.0\aikido.zen.tests.dll" id="ad60d29e-8fbc-0def-29a9-7ad7b20b2c35">
      <Execution id="d0fb3347-e9cb-4df3-a8d7-a9e83cff393a" />
      <TestMethod codeBase="C:\projects\Aikido\firewall-dotnet\Aikido.Zen.Test\bin\Release\net9.0\Aikido.Zen.Tests.dll" adapterTypeName="executor://nunit3testexecutor/" className="Aikido.Zen.Test.ContextTests" name="IsGraphQL_ShouldReturnFalse_WhenGraphqlIsEmpty" />
    </UnitTest>
    <UnitTest name="HasCompressedStats_ShouldBeFalse_ForNewStats" storage="c:\projects\aikido\firewall-dotnet\aikido.zen.test\bin\release\net9.0\aikido.zen.tests.dll" id="64d730b1-aa72-cd27-e81d-6735c59dedea">
      <Execution id="96194324-5253-4913-a0e9-4188c7b7f353" />
      <TestMethod codeBase="C:\projects\Aikido\firewall-dotnet\Aikido.Zen.Test\bin\Release\net9.0\Aikido.Zen.Tests.dll" adapterTypeName="executor://nunit3testexecutor/" className="Aikido.Zen.Test.StatsTests" name="HasCompressedStats_ShouldBeFalse_ForNewStats" />
    </UnitTest>
    <UnitTest name="CalculatePercentiles_ThrowsOnInvalidPercentileRange" storage="c:\projects\aikido\firewall-dotnet\aikido.zen.test\bin\release\net9.0\aikido.zen.tests.dll" id="2f03a8ec-be86-e2e6-8f79-41f2e86d6cef">
      <Execution id="ef9e012e-39de-41ff-ae7f-9404871962b3" />
      <TestMethod codeBase="C:\projects\Aikido\firewall-dotnet\Aikido.Zen.Test\bin\Release\net9.0\Aikido.Zen.Tests.dll" adapterTypeName="executor://nunit3testexecutor/" className="Aikido.Zen.Test.StatsTests" name="CalculatePercentiles_ThrowsOnInvalidPercentileRange" />
    </UnitTest>
    <UnitTest name="Test_SAFE: Pipe character inside single quotes" storage="c:\projects\aikido\firewall-dotnet\aikido.zen.test\bin\release\net9.0\aikido.zen.tests.dll" id="60003fef-fca7-1adb-102b-f0d233f1d76d">
      <Execution id="908bb38c-bd68-4baf-bcb0-0fdca552b776" />
      <TestMethod codeBase="C:\projects\Aikido\firewall-dotnet\Aikido.Zen.Test\bin\Release\net9.0\Aikido.Zen.Tests.dll" adapterTypeName="executor://nunit3testexecutor/" className="Aikido.Zen.Test.ShellInjectionDetectorTests" name="Test_SAFE: Pipe character inside single quotes" />
    </UnitTest>
    <UnitTest name="LooksLikeASecret_KnownSecrets_ReturnsTrue(&quot;hIofuWBifkJI5iVsSNKKKDpBfmMqJJwuXMxau6AS8WZaHVLDAMeJXo3BwsFyrIIm&quot;)" storage="c:\projects\aikido\firewall-dotnet\aikido.zen.test\bin\release\net9.0\aikido.zen.tests.dll" id="90a1a70d-8b86-3172-75b8-e0bd628c425c">
      <Execution id="cce713c0-885c-4f7c-b554-3383522dc8b4" />
      <TestMethod codeBase="C:\projects\Aikido\firewall-dotnet\Aikido.Zen.Test\bin\Release\net9.0\Aikido.Zen.Tests.dll" adapterTypeName="executor://nunit3testexecutor/" className="Aikido.Zen.Test.Helpers.RouteParameterHelperTests" name="LooksLikeASecret_KnownSecrets_ReturnsTrue(&quot;hIofuWBifkJI5iVsSNKKKDpBfmMqJJwuXMxau6AS8WZaHVLDAMeJXo3BwsFyrIIm&quot;)" />
    </UnitTest>
    <UnitTest name="BuildRouteFromUrl_IPAddresses_ReplacesWithIpParam" storage="c:\projects\aikido\firewall-dotnet\aikido.zen.test\bin\release\net9.0\aikido.zen.tests.dll" id="e94e6ea7-6273-e6c6-9d78-3faef9a1e0ee">
      <Execution id="6586bada-d675-4c8e-8fe6-8b8ede9ab838" />
      <TestMethod codeBase="C:\projects\Aikido\firewall-dotnet\Aikido.Zen.Test\bin\Release\net9.0\Aikido.Zen.Tests.dll" adapterTypeName="executor://nunit3testexecutor/" className="Aikido.Zen.Test.Helpers.RouteParameterHelperTests" name="BuildRouteFromUrl_IPAddresses_ReplacesWithIpParam" />
    </UnitTest>
    <UnitTest name="UpdateRatelimitedRoutes_ShouldUpdateEndpointsList" storage="c:\projects\aikido\firewall-dotnet\aikido.zen.test\bin\release\net9.0\aikido.zen.tests.dll" id="b3e938df-9bc8-30ae-81d1-7333b85bf4fd">
      <Execution id="4a82d7c0-62b2-40e9-877d-405aaa24d615" />
      <TestMethod codeBase="C:\projects\Aikido\firewall-dotnet\Aikido.Zen.Test\bin\Release\net9.0\Aikido.Zen.Tests.dll" adapterTypeName="executor://nunit3testexecutor/" className="Aikido.Zen.Test.AgentContextTests" name="UpdateRatelimitedRoutes_ShouldUpdateEndpointsList" />
    </UnitTest>
    <UnitTest name="Test_multipart/form-data; boundary=boundary_9" storage="c:\projects\aikido\firewall-dotnet\aikido.zen.test\bin\release\net9.0\aikido.zen.tests.dll" id="e9355715-aeca-39ec-b21f-1c1ffe0c64bf">
      <Execution id="ec28ef94-c4b8-4f92-a23e-f2f2641add5c" />
      <TestMethod codeBase="C:\projects\Aikido\firewall-dotnet\Aikido.Zen.Test\bin\Release\net9.0\Aikido.Zen.Tests.dll" adapterTypeName="executor://nunit3testexecutor/" className="Aikido.Zen.Test.Helpers.HttpHelperTests" name="Test_multipart/form-data; boundary=boundary_9" />
    </UnitTest>
    <UnitTest name="Test_Generic_ATTACK: Command chaining with comment" storage="c:\projects\aikido\firewall-dotnet\aikido.zen.test\bin\release\net9.0\aikido.zen.tests.dll" id="3048fdbb-17b8-ee16-dd2f-1d35843cdd2a">
      <Execution id="06c4c11d-1f62-44f5-84cc-3d14780a2e19" />
      <TestMethod codeBase="C:\projects\Aikido\firewall-dotnet\Aikido.Zen.Test\bin\Release\net9.0\Aikido.Zen.Tests.dll" adapterTypeName="executor://nunit3testexecutor/" className="Aikido.Zen.Test.SQLInjectionDetectorTests" name="Test_Generic_ATTACK: Command chaining with comment" />
    </UnitTest>
    <UnitTest name="UserConstructor_ShouldThrowException_WhenIdIsEmpty" storage="c:\projects\aikido\firewall-dotnet\aikido.zen.test\bin\release\net9.0\aikido.zen.tests.dll" id="4c1bacdf-8b0b-fc71-cf98-c2fba53e26bd">
      <Execution id="c96381f7-d6a7-41a3-a435-7b04442a4401" />
      <TestMethod codeBase="C:\projects\Aikido\firewall-dotnet\Aikido.Zen.Test\bin\Release\net9.0\Aikido.Zen.Tests.dll" adapterTypeName="executor://nunit3testexecutor/" className="Aikido.Zen.Test.UserTests" name="UserConstructor_ShouldThrowException_WhenIdIsEmpty" />
    </UnitTest>
    <UnitTest name="MergeDataSchemas_WithNullSchema_ReturnsOtherSchema" storage="c:\projects\aikido\firewall-dotnet\aikido.zen.test\bin\release\net9.0\aikido.zen.tests.dll" id="fbcb1a11-f4f4-4aa5-4eaf-4b737dd9344d">
      <Execution id="9a4166ae-f743-4ee2-8ac1-ffa509ff2d44" />
      <TestMethod codeBase="C:\projects\Aikido\firewall-dotnet\Aikido.Zen.Test\bin\Release\net9.0\Aikido.Zen.Tests.dll" adapterTypeName="executor://nunit3testexecutor/" className="Aikido.Zen.Test.Helpers.SchemaHelperTests" name="MergeDataSchemas_WithNullSchema_ReturnsOtherSchema" />
    </UnitTest>
    <UnitTest name="LooksLikeASecret_CommonUrlTerms_ReturnsFalse(&quot;applications&quot;)" storage="c:\projects\aikido\firewall-dotnet\aikido.zen.test\bin\release\net9.0\aikido.zen.tests.dll" id="df8cc6b7-a4ae-936b-8419-3078fb8fc0e7">
      <Execution id="e33d3ba0-a885-45a3-8b7d-bee7fc3bec70" />
      <TestMethod codeBase="C:\projects\Aikido\firewall-dotnet\Aikido.Zen.Test\bin\Release\net9.0\Aikido.Zen.Tests.dll" adapterTypeName="executor://nunit3testexecutor/" className="Aikido.Zen.Test.Helpers.RouteParameterHelperTests" name="LooksLikeASecret_CommonUrlTerms_ReturnsFalse(&quot;applications&quot;)" />
    </UnitTest>
    <UnitTest name="IsUserAgentBlocked_WithBlockedUserAgent_ReturnsTrue" storage="c:\projects\aikido\firewall-dotnet\aikido.zen.test\bin\release\net9.0\aikido.zen.tests.dll" id="c2a9e28b-f6d5-2041-21ae-52475c29b5e0">
      <Execution id="36211ad4-4e69-4c05-8ce6-4b1343d95fcc" />
      <TestMethod codeBase="C:\projects\Aikido\firewall-dotnet\Aikido.Zen.Test\bin\Release\net9.0\Aikido.Zen.Tests.dll" adapterTypeName="executor://nunit3testexecutor/" className="Aikido.Zen.Test.AgentConfigurationTests" name="IsUserAgentBlocked_WithBlockedUserAgent_ReturnsTrue" />
    </UnitTest>
    <UnitTest name="Test_Path that doesn't start with an unsafe path is not a traversal" storage="c:\projects\aikido\firewall-dotnet\aikido.zen.test\bin\release\net9.0\aikido.zen.tests.dll" id="fc1f7668-5ec5-3ac8-4281-82afeb725718">
      <Execution id="be869e67-d595-4b0d-81c4-a47791523dff" />
      <TestMethod codeBase="C:\projects\Aikido\firewall-dotnet\Aikido.Zen.Test\bin\Release\net9.0\Aikido.Zen.Tests.dll" adapterTypeName="executor://nunit3testexecutor/" className="Aikido.Zen.Test.PathTraversalDetectorTests" name="Test_Path that doesn't start with an unsafe path is not a traversal" />
    </UnitTest>
    <UnitTest name="Test_INJECTION: Dangerous command chmod 777" storage="c:\projects\aikido\firewall-dotnet\aikido.zen.test\bin\release\net9.0\aikido.zen.tests.dll" id="f3c56488-a5c2-8406-3d0a-7b4528254b69">
      <Execution id="5b95e722-2e47-4b5c-9233-565a2b56e0c5" />
      <TestMethod codeBase="C:\projects\Aikido\firewall-dotnet\Aikido.Zen.Test\bin\Release\net9.0\Aikido.Zen.Tests.dll" adapterTypeName="executor://nunit3testexecutor/" className="Aikido.Zen.Test.ShellInjectionDetectorTests" name="Test_INJECTION: Dangerous command chmod 777" />
    </UnitTest>
    <UnitTest name="Test_INJECTION: Code injection with newline characters" storage="c:\projects\aikido\firewall-dotnet\aikido.zen.test\bin\release\net9.0\aikido.zen.tests.dll" id="260d0932-3b02-05f3-6827-5ecd60ff8113">
      <Execution id="811428aa-614e-400b-a6bc-c765a18feda1" />
      <TestMethod codeBase="C:\projects\Aikido\firewall-dotnet\Aikido.Zen.Test\bin\Release\net9.0\Aikido.Zen.Tests.dll" adapterTypeName="executor://nunit3testexecutor/" className="Aikido.Zen.Test.ShellInjectionDetectorTests" name="Test_INJECTION: Code injection with newline characters" />
    </UnitTest>
    <UnitTest name="LooksLikeASecret_ContainsWhitespace_ReturnsFalse" storage="c:\projects\aikido\firewall-dotnet\aikido.zen.test\bin\release\net9.0\aikido.zen.tests.dll" id="db28707c-cf50-cf08-dae6-cf3c57900caa">
      <Execution id="386cecec-4690-4fea-a756-1f4668a3299b" />
      <TestMethod codeBase="C:\projects\Aikido\firewall-dotnet\Aikido.Zen.Test\bin\Release\net9.0\Aikido.Zen.Tests.dll" adapterTypeName="executor://nunit3testexecutor/" className="Aikido.Zen.Test.Helpers.RouteParameterHelperTests" name="LooksLikeASecret_ContainsWhitespace_ReturnsFalse" />
    </UnitTest>
    <UnitTest name="GetKeys_ReturnsAllCurrentKeys" storage="c:\projects\aikido\firewall-dotnet\aikido.zen.test\bin\release\net9.0\aikido.zen.tests.dll" id="48f9c1f7-2e15-d04a-c081-c4f3c9b2d680">
      <Execution id="c66ca1d8-bb4f-481d-9aba-f91e13a3d30b" />
      <TestMethod codeBase="C:\projects\Aikido\firewall-dotnet\Aikido.Zen.Test\bin\Release\net9.0\Aikido.Zen.Tests.dll" adapterTypeName="executor://nunit3testexecutor/" className="Aikido.Zen.Test.ConcurrentLFUDictionaryTests" name="GetKeys_ReturnsAllCurrentKeys" />
    </UnitTest>
    <UnitTest name="IsUserBlocked_WithBlockedUser_ReturnsTrue" storage="c:\projects\aikido\firewall-dotnet\aikido.zen.test\bin\release\net9.0\aikido.zen.tests.dll" id="a2a0f859-2a11-5f64-7344-94a73daee1f0">
      <Execution id="d40f0099-262e-4853-8e3f-bbfa7b19c317" />
      <TestMethod codeBase="C:\projects\Aikido\firewall-dotnet\Aikido.Zen.Test\bin\Release\net9.0\Aikido.Zen.Tests.dll" adapterTypeName="executor://nunit3testexecutor/" className="Aikido.Zen.Test.AgentConfigurationTests" name="IsUserBlocked_WithBlockedUser_ReturnsTrue" />
    </UnitTest>
    <UnitTest name="RemoveScheduledEvent_StopsExecutingScheduledEvent" storage="c:\projects\aikido\firewall-dotnet\aikido.zen.test\bin\release\net9.0\aikido.zen.tests.dll" id="c4a26d74-5c09-c21a-8345-e8869ab7fc25">
      <Execution id="d27b122e-8e94-4794-b488-84983d808d24" />
      <TestMethod codeBase="C:\projects\Aikido\firewall-dotnet\Aikido.Zen.Test\bin\Release\net9.0\Aikido.Zen.Tests.dll" adapterTypeName="executor://nunit3testexecutor/" className="Aikido.Zen.Test.AgentTests" name="RemoveScheduledEvent_StopsExecutingScheduledEvent" />
    </UnitTest>
    <UnitTest name="UpdateFirewallLists_WithNullResponse_ClearsFirewallLists" storage="c:\projects\aikido\firewall-dotnet\aikido.zen.test\bin\release\net9.0\aikido.zen.tests.dll" id="05159f27-9cb4-9251-35fe-4693bfa2c103">
      <Execution id="4fbe5a56-b543-4539-925f-f13e301ee46c" />
      <TestMethod codeBase="C:\projects\Aikido\firewall-dotnet\Aikido.Zen.Test\bin\Release\net9.0\Aikido.Zen.Tests.dll" adapterTypeName="executor://nunit3testexecutor/" className="Aikido.Zen.Test.AgentConfigurationTests" name="UpdateFirewallLists_WithNullResponse_ClearsFirewallLists" />
    </UnitTest>
    <UnitTest name="OnFileOperation_AbsoluteInput_ReturnsTrueWhenNotBlocking(&quot;C:\\Windows\\System32\\cmd.exe&quot;)" storage="c:\projects\aikido\firewall-dotnet\aikido.zen.test\bin\release\net9.0\aikido.zen.tests.dll" id="cac8e526-f559-dee0-4ee6-98dd605aa953">
      <Execution id="06dbac66-19d1-4ac6-9053-65412ac1a4fe" />
      <TestMethod codeBase="C:\projects\Aikido\firewall-dotnet\Aikido.Zen.Test\bin\Release\net9.0\Aikido.Zen.Tests.dll" adapterTypeName="executor://nunit3testexecutor/" className="Aikido.Zen.Test.IOPatcherTests" name="OnFileOperation_AbsoluteInput_ReturnsTrueWhenNotBlocking(&quot;C:\\Windows\\System32\\cmd.exe&quot;)" />
    </UnitTest>
    <UnitTest name="Contains_ShouldReturnExpectedResult(&quot;hello world&quot;,&quot;worlds&quot;,False)" storage="c:\projects\aikido\firewall-dotnet\aikido.zen.test\bin\release\net9.0\aikido.zen.tests.dll" id="ef0ed544-1611-194f-ef7e-44821f067e50">
      <Execution id="67f98617-312f-4663-a285-091a77952c57" />
      <TestMethod codeBase="C:\projects\Aikido\firewall-dotnet\Aikido.Zen.Test\bin\Release\net9.0\Aikido.Zen.Tests.dll" adapterTypeName="executor://nunit3testexecutor/" className="Aikido.Zen.Test.Helpers.StringHelperTests" name="Contains_ShouldReturnExpectedResult(&quot;hello world&quot;,&quot;worlds&quot;,False)" />
    </UnitTest>
    <UnitTest name="UpdateBlockedIps_ShouldUpdateBlockedIpsList" storage="c:\projects\aikido\firewall-dotnet\aikido.zen.test\bin\release\net9.0\aikido.zen.tests.dll" id="32cf960d-4c17-4f1a-cbab-9b388d5524f3">
      <Execution id="68b0c4a6-ec18-4ca6-ae78-93ea94d3516d" />
      <TestMethod codeBase="C:\projects\Aikido\firewall-dotnet\Aikido.Zen.Test\bin\Release\net9.0\Aikido.Zen.Tests.dll" adapterTypeName="executor://nunit3testexecutor/" className="Aikido.Zen.Test.BlockListTests" name="UpdateBlockedIps_ShouldUpdateBlockedIpsList" />
    </UnitTest>
    <UnitTest name="GetConfig_ShouldReturnSuccess" storage="c:\projects\aikido\firewall-dotnet\aikido.zen.test\bin\release\net9.0\aikido.zen.tests.dll" id="6724fe76-093e-da1e-584b-6642c854fa2e">
      <Execution id="2eb829d7-f18a-44f1-8b8e-2c126e769adb" />
      <TestMethod codeBase="C:\projects\Aikido\firewall-dotnet\Aikido.Zen.Test\bin\Release\net9.0\Aikido.Zen.Tests.dll" adapterTypeName="executor://nunit3testexecutor/" className="Aikido.Zen.Test.RuntimeApiClientTests" name="GetConfig_ShouldReturnSuccess" />
    </UnitTest>
    <UnitTest name="OnFileOperation_AbsoluteInput_ReturnsTrueWhenNotBlocking(&quot;/etc/shadow&quot;)" storage="c:\projects\aikido\firewall-dotnet\aikido.zen.test\bin\release\net9.0\aikido.zen.tests.dll" id="a13e4968-7c93-1f44-73e6-cd209af8bc06">
      <Execution id="a01fd642-ba16-439f-9869-aa7506f60040" />
      <TestMethod codeBase="C:\projects\Aikido\firewall-dotnet\Aikido.Zen.Test\bin\Release\net9.0\Aikido.Zen.Tests.dll" adapterTypeName="executor://nunit3testexecutor/" className="Aikido.Zen.Test.IOPatcherTests" name="OnFileOperation_AbsoluteInput_ReturnsTrueWhenNotBlocking(&quot;/etc/shadow&quot;)" />
    </UnitTest>
    <UnitTest name="SetAndGetProperties_ShouldWorkCorrectly" storage="c:\projects\aikido\firewall-dotnet\aikido.zen.test\bin\release\net9.0\aikido.zen.tests.dll" id="6e337e14-8991-cad0-c1a7-1e6cb1630e50">
      <Execution id="38d156a0-4e05-4983-84fa-12f1aeefecf3" />
      <TestMethod codeBase="C:\projects\Aikido\firewall-dotnet\Aikido.Zen.Test\bin\Release\net9.0\Aikido.Zen.Tests.dll" adapterTypeName="executor://nunit3testexecutor/" className="Aikido.Zen.Test.ContextTests" name="SetAndGetProperties_ShouldWorkCorrectly" />
    </UnitTest>
    <UnitTest name="Test_text/plain_10" storage="c:\projects\aikido\firewall-dotnet\aikido.zen.test\bin\release\net9.0\aikido.zen.tests.dll" id="bccff753-10f5-a78f-4b16-704cdee373b4">
      <Execution id="4fc917b0-1536-4bc7-a71a-d33637e8e655" />
      <TestMethod codeBase="C:\projects\Aikido\firewall-dotnet\Aikido.Zen.Test\bin\Release\net9.0\Aikido.Zen.Tests.dll" adapterTypeName="executor://nunit3testexecutor/" className="Aikido.Zen.Test.Helpers.HttpHelperTests" name="Test_text/plain_10" />
    </UnitTest>
    <UnitTest name="Test_INJECTION: Dangerous command rm -rf /" storage="c:\projects\aikido\firewall-dotnet\aikido.zen.test\bin\release\net9.0\aikido.zen.tests.dll" id="2bbba20d-9dc2-ba83-df11-49e089af2ea3">
      <Execution id="f3a96e62-b64d-4d4c-8e2a-df6375e95795" />
      <TestMethod codeBase="C:\projects\Aikido\firewall-dotnet\Aikido.Zen.Test\bin\Release\net9.0\Aikido.Zen.Tests.dll" adapterTypeName="executor://nunit3testexecutor/" className="Aikido.Zen.Test.ShellInjectionDetectorTests" name="Test_INJECTION: Dangerous command rm -rf /" />
    </UnitTest>
    <UnitTest name="ConcurrentAccess_ShouldHandleMultipleThreads" storage="c:\projects\aikido\firewall-dotnet\aikido.zen.test\bin\release\net9.0\aikido.zen.tests.dll" id="c0515cb7-0409-db12-bce8-4b747462c951">
      <Execution id="8d13beb2-8e7e-4590-998f-8d8d0eec8164" />
      <TestMethod codeBase="C:\projects\Aikido\firewall-dotnet\Aikido.Zen.Test\bin\Release\net9.0\Aikido.Zen.Tests.dll" adapterTypeName="executor://nunit3testexecutor/" className="Aikido.Zen.Test.Helpers.RateLimitingHelperTests" name="ConcurrentAccess_ShouldHandleMultipleThreads" />
    </UnitTest>
    <UnitTest name="IsAllowed_WithNegativeMaxRequests_ShouldAlwaysDeny" storage="c:\projects\aikido\firewall-dotnet\aikido.zen.test\bin\release\net9.0\aikido.zen.tests.dll" id="f33acc64-0752-0ae5-568a-c7b2b411b798">
      <Execution id="724da28e-c517-40e8-8109-1ea24ebcdf25" />
      <TestMethod codeBase="C:\projects\Aikido\firewall-dotnet\Aikido.Zen.Test\bin\Release\net9.0\Aikido.Zen.Tests.dll" adapterTypeName="executor://nunit3testexecutor/" className="Aikido.Zen.Test.Helpers.RateLimitingHelperTests" name="IsAllowed_WithNegativeMaxRequests_ShouldAlwaysDeny" />
    </UnitTest>
    <UnitTest name="Test_Both empty" storage="c:\projects\aikido\firewall-dotnet\aikido.zen.test\bin\release\net9.0\aikido.zen.tests.dll" id="d3576a57-0a81-32ca-3c1a-c0682ac1a34d">
      <Execution id="7615c82b-b0b8-4de2-8238-c53a5de51ee8" />
      <TestMethod codeBase="C:\projects\Aikido\firewall-dotnet\Aikido.Zen.Test\bin\Release\net9.0\Aikido.Zen.Tests.dll" adapterTypeName="executor://nunit3testexecutor/" className="Aikido.Zen.Test.PathTraversalDetectorTests" name="Test_Both empty" />
    </UnitTest>
    <UnitTest name="OnCommandExecuting_WithSQLInjection_ThrowsException" storage="c:\projects\aikido\firewall-dotnet\aikido.zen.test\bin\release\net9.0\aikido.zen.tests.dll" id="c9398f68-8871-e531-582b-a830d0595c8e">
      <Execution id="e03f9384-4d0f-4eca-a3d7-23e3c40ecd4d" />
      <TestMethod codeBase="C:\projects\Aikido\firewall-dotnet\Aikido.Zen.Test\bin\Release\net9.0\Aikido.Zen.Tests.dll" adapterTypeName="executor://nunit3testexecutor/" className="Aikido.Zen.Test.SqlClientPatcherTests" name="OnCommandExecuting_WithSQLInjection_ThrowsException" />
    </UnitTest>
    <UnitTest name="GetStringFormat_WithValidDateTime_ReturnsDateTimeFormat" storage="c:\projects\aikido\firewall-dotnet\aikido.zen.test\bin\release\net9.0\aikido.zen.tests.dll" id="461c53aa-fa72-7834-17f2-4cfeb72cb145">
      <Execution id="9e89bbd9-02b2-4d39-b23b-52d0cfb58753" />
      <TestMethod codeBase="C:\projects\Aikido\firewall-dotnet\Aikido.Zen.Test\bin\Release\net9.0\Aikido.Zen.Tests.dll" adapterTypeName="executor://nunit3testexecutor/" className="Aikido.Zen.Test.Helpers.StringFormatHelperTests" name="GetStringFormat_WithValidDateTime_ReturnsDateTimeFormat" />
    </UnitTest>
    <UnitTest name="BypassedIPs_ShouldBypassAllBlockingRules" storage="c:\projects\aikido\firewall-dotnet\aikido.zen.test\bin\release\net9.0\aikido.zen.tests.dll" id="342dde3e-2973-a1aa-8806-93d2b36fb58a">
      <Execution id="92e0922b-94ba-426a-9e6b-130975ebca82" />
      <TestMethod codeBase="C:\projects\Aikido\firewall-dotnet\Aikido.Zen.Test\bin\Release\net9.0\Aikido.Zen.Tests.dll" adapterTypeName="executor://nunit3testexecutor/" className="Aikido.Zen.Test.BlockListTests" name="BypassedIPs_ShouldBypassAllBlockingRules" />
    </UnitTest>
    <UnitTest name="ShouldAddRoute_ShouldReturnExpectedResult(&quot;/test.webmanifest&quot;,&quot;GET&quot;,200,False)" storage="c:\projects\aikido\firewall-dotnet\aikido.zen.test\bin\release\net9.0\aikido.zen.tests.dll" id="87cd23bf-5e95-9ae5-5ecf-b35ba6537b6c">
      <Execution id="9a4be28c-63e3-4cc9-b495-842471df809e" />
      <TestMethod codeBase="C:\projects\Aikido\firewall-dotnet\Aikido.Zen.Test\bin\Release\net9.0\Aikido.Zen.Tests.dll" adapterTypeName="executor://nunit3testexecutor/" className="Aikido.Zen.Test.Helpers.RouteHelperTests" name="ShouldAddRoute_ShouldReturnExpectedResult(&quot;/test.webmanifest&quot;,&quot;GET&quot;,200,False)" />
    </UnitTest>
    <UnitTest name="ShouldAddRoute_EdgeCases_ShouldReturnExpectedResult(&quot;/api/resource&quot;,null,200,False)" storage="c:\projects\aikido\firewall-dotnet\aikido.zen.test\bin\release\net9.0\aikido.zen.tests.dll" id="2b17b7d2-7256-bf1b-8cf0-71f1b5104365">
      <Execution id="3114706c-454a-46c5-82a7-62d25fc0d317" />
      <TestMethod codeBase="C:\projects\Aikido\firewall-dotnet\Aikido.Zen.Test\bin\Release\net9.0\Aikido.Zen.Tests.dll" adapterTypeName="executor://nunit3testexecutor/" className="Aikido.Zen.Test.Helpers.RouteHelperTests" name="ShouldAddRoute_EdgeCases_ShouldReturnExpectedResult(&quot;/api/resource&quot;,null,200,False)" />
    </UnitTest>
    <UnitTest name="AddUser_ShouldEvictLeastFrequentlyUsed_WhenMaxReached" storage="c:\projects\aikido\firewall-dotnet\aikido.zen.test\bin\release\net9.0\aikido.zen.tests.dll" id="a12ff460-6fd1-c27b-af98-6908a2d965e5">
      <Execution id="f2c96826-180b-488c-b915-a808044df6bb" />
      <TestMethod codeBase="C:\projects\Aikido\firewall-dotnet\Aikido.Zen.Test\bin\Release\net9.0\Aikido.Zen.Tests.dll" adapterTypeName="executor://nunit3testexecutor/" className="Aikido.Zen.Test.AgentContextTests" name="AddUser_ShouldEvictLeastFrequentlyUsed_WhenMaxReached" />
    </UnitTest>
    <UnitTest name="CalculatePercentiles_MultiplePercentiles" storage="c:\projects\aikido\firewall-dotnet\aikido.zen.test\bin\release\net9.0\aikido.zen.tests.dll" id="f083ed64-c9d4-fb3f-1d75-d707e717355a">
      <Execution id="b7780fe8-feb5-4731-a597-265bc81abace" />
      <TestMethod codeBase="C:\projects\Aikido\firewall-dotnet\Aikido.Zen.Test\bin\Release\net9.0\Aikido.Zen.Tests.dll" adapterTypeName="executor://nunit3testexecutor/" className="Aikido.Zen.Test.StatsTests" name="CalculatePercentiles_MultiplePercentiles" />
    </UnitTest>
    <UnitTest name="GetValues_ReturnsAllCurrentValues" storage="c:\projects\aikido\firewall-dotnet\aikido.zen.test\bin\release\net9.0\aikido.zen.tests.dll" id="2c055c2c-cf69-8781-a9de-5f00688e8c62">
      <Execution id="d8f90ad1-bdb3-404a-9a64-22b317bd383b" />
      <TestMethod codeBase="C:\projects\Aikido\firewall-dotnet\Aikido.Zen.Test\bin\Release\net9.0\Aikido.Zen.Tests.dll" adapterTypeName="executor://nunit3testexecutor/" className="Aikido.Zen.Test.ConcurrentLFUDictionaryTests" name="GetValues_ReturnsAllCurrentValues" />
    </UnitTest>
    <UnitTest name="ShouldAddRoute_ShouldReturnExpectedResult(&quot;/api/resource&quot;,&quot;GET&quot;,200,True)" storage="c:\projects\aikido\firewall-dotnet\aikido.zen.test\bin\release\net9.0\aikido.zen.tests.dll" id="b7311927-bdc1-19f4-07d9-7d989f715b7b">
      <Execution id="db37d005-37f5-4ff2-950a-5a89f62b8af1" />
      <TestMethod codeBase="C:\projects\Aikido\firewall-dotnet\Aikido.Zen.Test\bin\Release\net9.0\Aikido.Zen.Tests.dll" adapterTypeName="executor://nunit3testexecutor/" className="Aikido.Zen.Test.Helpers.RouteHelperTests" name="ShouldAddRoute_ShouldReturnExpectedResult(&quot;/api/resource&quot;,&quot;GET&quot;,200,True)" />
    </UnitTest>
    <UnitTest name="GetDialect_ShouldReturnCorrectDialect(&quot;Unknown.Assembly&quot;,Generic)" storage="c:\projects\aikido\firewall-dotnet\aikido.zen.test\bin\release\net9.0\aikido.zen.tests.dll" id="94042025-2f4a-bf14-470a-1c8c22d58d45">
      <Execution id="ce8c6c96-6468-4c5b-9b72-4dea7021a7f9" />
      <TestMethod codeBase="C:\projects\Aikido\firewall-dotnet\Aikido.Zen.Test\bin\Release\net9.0\Aikido.Zen.Tests.dll" adapterTypeName="executor://nunit3testexecutor/" className="Aikido.Zen.Test.SqlClientPatcherTests" name="GetDialect_ShouldReturnCorrectDialect(&quot;Unknown.Assembly&quot;,Generic)" />
    </UnitTest>
    <UnitTest name="Test_INJECTION: Command chaining with semicolon" storage="c:\projects\aikido\firewall-dotnet\aikido.zen.test\bin\release\net9.0\aikido.zen.tests.dll" id="c19f61c1-fa7a-4fe3-1a02-c0aa7eac06b2">
      <Execution id="7519d42c-6426-4324-963d-4d5cee3558de" />
      <TestMethod codeBase="C:\projects\Aikido\firewall-dotnet\Aikido.Zen.Test\bin\Release\net9.0\Aikido.Zen.Tests.dll" adapterTypeName="executor://nunit3testexecutor/" className="Aikido.Zen.Test.ShellInjectionDetectorTests" name="Test_INJECTION: Command chaining with semicolon" />
    </UnitTest>
    <UnitTest name="Test_9_ATTACK: PostgreSQL dollar sign injection" storage="c:\projects\aikido\firewall-dotnet\aikido.zen.test\bin\release\net9.0\aikido.zen.tests.dll" id="95681d15-85a0-d870-358b-7f80494353d3">
      <Execution id="1ca59840-0d1c-4332-8d52-83b01f7303b9" />
      <TestMethod codeBase="C:\projects\Aikido\firewall-dotnet\Aikido.Zen.Test\bin\Release\net9.0\Aikido.Zen.Tests.dll" adapterTypeName="executor://nunit3testexecutor/" className="Aikido.Zen.Test.SQLInjectionDetectorTests" name="Test_9_ATTACK: PostgreSQL dollar sign injection" />
    </UnitTest>
    <UnitTest name="Test_SAFE: Command with constants that resemble user input but are safely encapsulated" storage="c:\projects\aikido\firewall-dotnet\aikido.zen.test\bin\release\net9.0\aikido.zen.tests.dll" id="8af1c984-a4b7-59bd-c5c8-8b85f23c324f">
      <Execution id="70b7cd5e-67c6-4741-84cf-865695c76bc5" />
      <TestMethod codeBase="C:\projects\Aikido\firewall-dotnet\Aikido.Zen.Test\bin\Release\net9.0\Aikido.Zen.Tests.dll" adapterTypeName="executor://nunit3testexecutor/" className="Aikido.Zen.Test.ShellInjectionDetectorTests" name="Test_SAFE: Command with constants that resemble user input but are safely encapsulated" />
    </UnitTest>
    <UnitTest name="OnFileOperation_WithUserInputPathTraversal_ReturnsTrueWhenNotBlocking" storage="c:\projects\aikido\firewall-dotnet\aikido.zen.test\bin\release\net9.0\aikido.zen.tests.dll" id="e571b95c-2bb2-ef41-b5a4-bf432f3147c1">
      <Execution id="d82f4d83-b2ce-4633-9a00-0d744818463c" />
      <TestMethod codeBase="C:\projects\Aikido\firewall-dotnet\Aikido.Zen.Test\bin\Release\net9.0\Aikido.Zen.Tests.dll" adapterTypeName="executor://nunit3testexecutor/" className="Aikido.Zen.Test.IOPatcherTests" name="OnFileOperation_WithUserInputPathTraversal_ReturnsTrueWhenNotBlocking" />
    </UnitTest>
    <UnitTest name="GetBodyDataType_WithTextXml_ReturnsXml" storage="c:\projects\aikido\firewall-dotnet\aikido.zen.test\bin\release\net9.0\aikido.zen.tests.dll" id="446c4c4d-2663-d1a4-e77c-08cdbbc09e25">
      <Execution id="37a99088-45a1-45ae-b31c-7006203f33cf" />
      <TestMethod codeBase="C:\projects\Aikido\firewall-dotnet\Aikido.Zen.Test\bin\Release\net9.0\Aikido.Zen.Tests.dll" adapterTypeName="executor://nunit3testexecutor/" className="Aikido.Zen.Test.Helpers.ApiDataTypeHelperTests" name="GetBodyDataType_WithTextXml_ReturnsXml" />
    </UnitTest>
    <UnitTest name="GetInfo_PlatformArchitecture_Framework" storage="c:\projects\aikido\firewall-dotnet\aikido.zen.test\bin\release\net9.0\aikido.zen.tests.dll" id="e6d8309b-92f9-5b88-80e6-ad14154849f9">
      <Execution id="20abcb26-9a6c-4156-be08-94beb2d51d1f" />
      <TestMethod codeBase="C:\projects\Aikido\firewall-dotnet\Aikido.Zen.Test\bin\Release\net9.0\Aikido.Zen.Tests.dll" adapterTypeName="executor://nunit3testexecutor/" className="Aikido.Zen.Test.Helpers.AgentInfoHelperTests" name="GetInfo_PlatformArchitecture_Framework" />
    </UnitTest>
    <UnitTest name="Test_INJECTION: Redirection to sensitive file" storage="c:\projects\aikido\firewall-dotnet\aikido.zen.test\bin\release\net9.0\aikido.zen.tests.dll" id="311100a0-524c-5810-0ffd-a626a27dea27">
      <Execution id="abc9fc0e-90de-47ac-9601-547350d1e382" />
      <TestMethod codeBase="C:\projects\Aikido\firewall-dotnet\Aikido.Zen.Test\bin\Release\net9.0\Aikido.Zen.Tests.dll" adapterTypeName="executor://nunit3testexecutor/" className="Aikido.Zen.Test.ShellInjectionDetectorTests" name="Test_INJECTION: Redirection to sensitive file" />
    </UnitTest>
    <UnitTest name="IsRequestAllowed_ShouldHandleEmptyEndpoints" storage="c:\projects\aikido\firewall-dotnet\aikido.zen.test\bin\release\net9.0\aikido.zen.tests.dll" id="030a515a-3d4c-10d8-191a-2e2fb147a947">
      <Execution id="718cf1ab-bccd-434e-b161-e7204d704d78" />
      <TestMethod codeBase="C:\projects\Aikido\firewall-dotnet\Aikido.Zen.Test\bin\Release\net9.0\Aikido.Zen.Tests.dll" adapterTypeName="executor://nunit3testexecutor/" className="Aikido.Zen.Test.Helpers.RateLimitingHelperTests" name="IsRequestAllowed_ShouldHandleEmptyEndpoints" />
    </UnitTest>
    <UnitTest name="BuildRouteFromUrl_RootUrls_ReturnsRoot" storage="c:\projects\aikido\firewall-dotnet\aikido.zen.test\bin\release\net9.0\aikido.zen.tests.dll" id="a826c1ad-ad00-f768-048a-e5138bb33cad">
      <Execution id="a6d23e4f-0f66-452a-9d41-7f77c318d14f" />
      <TestMethod codeBase="C:\projects\Aikido\firewall-dotnet\Aikido.Zen.Test\bin\Release\net9.0\Aikido.Zen.Tests.dll" adapterTypeName="executor://nunit3testexecutor/" className="Aikido.Zen.Test.Helpers.RouteParameterHelperTests" name="BuildRouteFromUrl_RootUrls_ReturnsRoot" />
    </UnitTest>
    <UnitTest name="Test_Windows device namespace syntax" storage="c:\projects\aikido\firewall-dotnet\aikido.zen.test\bin\release\net9.0\aikido.zen.tests.dll" id="831f3ea0-c683-3c5c-753b-5c9411b969b0">
      <Execution id="fd3d5b42-c708-4de3-b8c5-43dc22ab7c41" />
      <TestMethod codeBase="C:\projects\Aikido\firewall-dotnet\Aikido.Zen.Test\bin\Release\net9.0\Aikido.Zen.Tests.dll" adapterTypeName="executor://nunit3testexecutor/" className="Aikido.Zen.Test.PathTraversalDetectorTests" name="Test_Windows device namespace syntax" />
    </UnitTest>
    <UnitTest name="Test_Absolute Linux path" storage="c:\projects\aikido\firewall-dotnet\aikido.zen.test\bin\release\net9.0\aikido.zen.tests.dll" id="d44d1ca2-7ce6-f1b0-292c-c00539946d6d">
      <Execution id="8c266ef6-57c4-4476-aa49-cbf38f01c4dd" />
      <TestMethod codeBase="C:\projects\Aikido\firewall-dotnet\Aikido.Zen.Test\bin\Release\net9.0\Aikido.Zen.Tests.dll" adapterTypeName="executor://nunit3testexecutor/" className="Aikido.Zen.Test.PathTraversalDetectorTests" name="Test_Absolute Linux path" />
    </UnitTest>
    <UnitTest name="MatchRoute_EdgeCases_ShouldReturnExpectedResult(&quot;&quot;,&quot;&quot;,True)" storage="c:\projects\aikido\firewall-dotnet\aikido.zen.test\bin\release\net9.0\aikido.zen.tests.dll" id="38de41ee-1587-e8dc-1e1e-991b597210a8">
      <Execution id="b8846f57-e377-4ba4-a250-27f4c3459856" />
      <TestMethod codeBase="C:\projects\Aikido\firewall-dotnet\Aikido.Zen.Test\bin\Release\net9.0\Aikido.Zen.Tests.dll" adapterTypeName="executor://nunit3testexecutor/" className="Aikido.Zen.Test.Helpers.RouteHelperTests" name="MatchRoute_EdgeCases_ShouldReturnExpectedResult(&quot;&quot;,&quot;&quot;,True)" />
    </UnitTest>
    <UnitTest name="IPHelper_ShouldIdentifyZeroAddressAsPrivate" storage="c:\projects\aikido\firewall-dotnet\aikido.zen.test\bin\release\net9.0\aikido.zen.tests.dll" id="63784862-09d2-d657-6226-607f385706aa">
      <Execution id="eaf2e103-0787-47e4-a6d1-1361ffc0b176" />
      <TestMethod codeBase="C:\projects\Aikido\firewall-dotnet\Aikido.Zen.Test\bin\Release\net9.0\Aikido.Zen.Tests.dll" adapterTypeName="executor://nunit3testexecutor/" className="Aikido.Zen.Test.IPRangeTests" name="IPHelper_ShouldIdentifyZeroAddressAsPrivate" />
    </UnitTest>
    <UnitTest name="PerformanceWithDifferentSizes_ShouldPerformEfficiently" storage="c:\projects\aikido\firewall-dotnet\aikido.zen.test\bin\release\net9.0\aikido.zen.tests.dll" id="629c90d4-3f4e-abb5-996a-089d3e18dfe6">
      <Execution id="14f223df-7c6e-4ece-9405-23d3c18309b3" />
      <TestMethod codeBase="C:\projects\Aikido\firewall-dotnet\Aikido.Zen.Test\bin\Release\net9.0\Aikido.Zen.Tests.dll" adapterTypeName="executor://nunit3testexecutor/" className="Aikido.Zen.Test.BlockListTests" name="PerformanceWithDifferentSizes_ShouldPerformEfficiently" />
    </UnitTest>
    <UnitTest name="Test_SAFE: Encapsulated redirection symbol" storage="c:\projects\aikido\firewall-dotnet\aikido.zen.test\bin\release\net9.0\aikido.zen.tests.dll" id="c58cb365-420b-8b0e-f780-94c52f5776a1">
      <Execution id="7d5e76f3-575b-4da6-858e-fe37ec4c6b0a" />
      <TestMethod codeBase="C:\projects\Aikido\firewall-dotnet\Aikido.Zen.Test\bin\Release\net9.0\Aikido.Zen.Tests.dll" adapterTypeName="executor://nunit3testexecutor/" className="Aikido.Zen.Test.ShellInjectionDetectorTests" name="Test_SAFE: Encapsulated redirection symbol" />
    </UnitTest>
    <UnitTest name="Test_Generic_ATTACK: Basic OR condition" storage="c:\projects\aikido\firewall-dotnet\aikido.zen.test\bin\release\net9.0\aikido.zen.tests.dll" id="26a920db-b4b3-3fe5-831c-1bafc3bb0cff">
      <Execution id="634be4ce-49db-4dcf-80ad-cd6578e9d570" />
      <TestMethod codeBase="C:\projects\Aikido\firewall-dotnet\Aikido.Zen.Test\bin\Release\net9.0\Aikido.Zen.Tests.dll" adapterTypeName="executor://nunit3testexecutor/" className="Aikido.Zen.Test.SQLInjectionDetectorTests" name="Test_Generic_ATTACK: Basic OR condition" />
    </UnitTest>
    <UnitTest name="UpdateBlockedIps_WithEmptyToken_ReturnsWithoutUpdating" storage="c:\projects\aikido\firewall-dotnet\aikido.zen.test\bin\release\net9.0\aikido.zen.tests.dll" id="8e22b90c-3e0a-772c-4c45-9960f10f7063">
      <Execution id="f63daada-9111-400f-82a1-7c0ec791ae4f" />
      <TestMethod codeBase="C:\projects\Aikido\firewall-dotnet\Aikido.Zen.Test\bin\Release\net9.0\Aikido.Zen.Tests.dll" adapterTypeName="executor://nunit3testexecutor/" className="Aikido.Zen.Test.AgentTests" name="UpdateBlockedIps_WithEmptyToken_ReturnsWithoutUpdating" />
    </UnitTest>
    <UnitTest name="MatchRoute_ShouldReturnExpectedResult(&quot;/api/{id}/details&quot;,&quot;/api/123/details&quot;,True)" storage="c:\projects\aikido\firewall-dotnet\aikido.zen.test\bin\release\net9.0\aikido.zen.tests.dll" id="d9bc2b51-6662-48ca-6a6d-38099fc26155">
      <Execution id="1dfb5e87-3756-4229-a376-e5c478b56938" />
      <TestMethod codeBase="C:\projects\Aikido\firewall-dotnet\Aikido.Zen.Test\bin\Release\net9.0\Aikido.Zen.Tests.dll" adapterTypeName="executor://nunit3testexecutor/" className="Aikido.Zen.Test.Helpers.RouteHelperTests" name="MatchRoute_ShouldReturnExpectedResult(&quot;/api/{id}/details&quot;,&quot;/api/123/details&quot;,True)" />
    </UnitTest>
    <UnitTest name="MatchRoute_ShouldReturnExpectedResult(&quot;/api/{id}&quot;,&quot;/api/123/extra&quot;,False)" storage="c:\projects\aikido\firewall-dotnet\aikido.zen.test\bin\release\net9.0\aikido.zen.tests.dll" id="d09c5af4-ec64-ea6d-5b80-3f9de1475f99">
      <Execution id="3f541b5d-7248-4a10-b2ec-0712860497f2" />
      <TestMethod codeBase="C:\projects\Aikido\firewall-dotnet\Aikido.Zen.Test\bin\Release\net9.0\Aikido.Zen.Tests.dll" adapterTypeName="executor://nunit3testexecutor/" className="Aikido.Zen.Test.Helpers.RouteHelperTests" name="MatchRoute_ShouldReturnExpectedResult(&quot;/api/{id}&quot;,&quot;/api/123/extra&quot;,False)" />
    </UnitTest>
    <UnitTest name="Test_INJECTION: Append redirection to sensitive file" storage="c:\projects\aikido\firewall-dotnet\aikido.zen.test\bin\release\net9.0\aikido.zen.tests.dll" id="f3835b35-a8d0-029c-a82e-213927c0fdb7">
      <Execution id="fbb1fe5f-789b-4a6d-81f0-7137a1ebc7b5" />
      <TestMethod codeBase="C:\projects\Aikido\firewall-dotnet\Aikido.Zen.Test\bin\Release\net9.0\Aikido.Zen.Tests.dll" adapterTypeName="executor://nunit3testexecutor/" className="Aikido.Zen.Test.ShellInjectionDetectorTests" name="Test_INJECTION: Append redirection to sensitive file" />
    </UnitTest>
    <UnitTest name="BuildRouteFromUrl_Secrets_ReplacesWithSecretParam" storage="c:\projects\aikido\firewall-dotnet\aikido.zen.test\bin\release\net9.0\aikido.zen.tests.dll" id="6b136e6f-80df-f056-108e-662f2e27a529">
      <Execution id="e94416c8-88bb-4247-a0de-1d542ba7bf4f" />
      <TestMethod codeBase="C:\projects\Aikido\firewall-dotnet\Aikido.Zen.Test\bin\Release\net9.0\Aikido.Zen.Tests.dll" adapterTypeName="executor://nunit3testexecutor/" className="Aikido.Zen.Test.Helpers.RouteParameterHelperTests" name="BuildRouteFromUrl_Secrets_ReplacesWithSecretParam" />
    </UnitTest>
    <UnitTest name="Test_Generic_SAFE: Uppercase query and user input" storage="c:\projects\aikido\firewall-dotnet\aikido.zen.test\bin\release\net9.0\aikido.zen.tests.dll" id="aa82a1e2-9bae-e299-9bf8-e6bdd795da60">
      <Execution id="b72de8db-d418-4e4a-85d3-33db71b9bef4" />
      <TestMethod codeBase="C:\projects\Aikido\firewall-dotnet\Aikido.Zen.Test\bin\Release\net9.0\Aikido.Zen.Tests.dll" adapterTypeName="executor://nunit3testexecutor/" className="Aikido.Zen.Test.SQLInjectionDetectorTests" name="Test_Generic_SAFE: Uppercase query and user input" />
    </UnitTest>
    <UnitTest name="Test_Absolute path with file input and file directory" storage="c:\projects\aikido\firewall-dotnet\aikido.zen.test\bin\release\net9.0\aikido.zen.tests.dll" id="6d25beda-0051-160f-0ca0-96b333aa294d">
      <Execution id="3701d4eb-173f-464d-8cd7-d704a9ddfa5e" />
      <TestMethod codeBase="C:\projects\Aikido\firewall-dotnet\Aikido.Zen.Test\bin\Release\net9.0\Aikido.Zen.Tests.dll" adapterTypeName="executor://nunit3testexecutor/" className="Aikido.Zen.Test.PathTraversalDetectorTests" name="Test_Absolute path with file input and file directory" />
    </UnitTest>
    <UnitTest name="Constructor_WithInvalidCapacity_ShouldThrowArgumentException" storage="c:\projects\aikido\firewall-dotnet\aikido.zen.test\bin\release\net9.0\aikido.zen.tests.dll" id="247178d4-2d74-6640-c061-0626e47c6829">
      <Execution id="bd359958-c3d5-41a5-8e64-a81b59493561" />
      <TestMethod codeBase="C:\projects\Aikido\firewall-dotnet\Aikido.Zen.Test\bin\Release\net9.0\Aikido.Zen.Tests.dll" adapterTypeName="executor://nunit3testexecutor/" className="Aikido.Zen.Test.LRUCacheTests" name="Constructor_WithInvalidCapacity_ShouldThrowArgumentException" />
    </UnitTest>
    <UnitTest name="CleanStackTrace_ShouldRemoveZenLines" storage="c:\projects\aikido\firewall-dotnet\aikido.zen.test\bin\release\net9.0\aikido.zen.tests.dll" id="30a1c30a-c137-4984-a779-d5ac4f59fa58">
      <Execution id="ab803687-a5cf-4809-9c87-77952bc97cf4" />
      <TestMethod codeBase="C:\projects\Aikido\firewall-dotnet\Aikido.Zen.Test\bin\Release\net9.0\Aikido.Zen.Tests.dll" adapterTypeName="executor://nunit3testexecutor/" className="Aikido.Zen.Test.StackTraceHelperTests" name="CleanStackTrace_ShouldRemoveZenLines" />
    </UnitTest>
    <UnitTest name="OnFileOperation_AbsoluteInput_ReturnsTrueWhenNotBlocking(&quot;c:/windows/system32/cmd.exe&quot;)" storage="c:\projects\aikido\firewall-dotnet\aikido.zen.test\bin\release\net9.0\aikido.zen.tests.dll" id="7ee89a0f-8041-d185-b363-a9eb3c6b0e74">
      <Execution id="a6f3de94-bcbf-4dfd-8f1a-57db5c216344" />
      <TestMethod codeBase="C:\projects\Aikido\firewall-dotnet\Aikido.Zen.Test\bin\Release\net9.0\Aikido.Zen.Tests.dll" adapterTypeName="executor://nunit3testexecutor/" className="Aikido.Zen.Test.IOPatcherTests" name="OnFileOperation_AbsoluteInput_ReturnsTrueWhenNotBlocking(&quot;c:/windows/system32/cmd.exe&quot;)" />
    </UnitTest>
    <UnitTest name="Test_Simple filename match" storage="c:\projects\aikido\firewall-dotnet\aikido.zen.test\bin\release\net9.0\aikido.zen.tests.dll" id="45efee17-723a-af3f-fca3-a356a9264536">
      <Execution id="0e7337f7-a402-4c61-8fb1-477ef74610c0" />
      <TestMethod codeBase="C:\projects\Aikido\firewall-dotnet\Aikido.Zen.Test\bin\Release\net9.0\Aikido.Zen.Tests.dll" adapterTypeName="executor://nunit3testexecutor/" className="Aikido.Zen.Test.PathTraversalDetectorTests" name="Test_Simple filename match" />
    </UnitTest>
    <UnitTest name="BasicEviction_RemovesLeastFrequentlyUsed_AfterAddOrUpdate" storage="c:\projects\aikido\firewall-dotnet\aikido.zen.test\bin\release\net9.0\aikido.zen.tests.dll" id="b0bff185-d907-2471-33d8-bf757084b710">
      <Execution id="b005d206-1260-48d9-8712-b5e44a45171b" />
      <TestMethod codeBase="C:\projects\Aikido\firewall-dotnet\Aikido.Zen.Test\bin\Release\net9.0\Aikido.Zen.Tests.dll" adapterTypeName="executor://nunit3testexecutor/" className="Aikido.Zen.Test.ConcurrentLFUDictionaryTests" name="BasicEviction_RemovesLeastFrequentlyUsed_AfterAddOrUpdate" />
    </UnitTest>
    <UnitTest name="GetStringFormat_WithUnknownFormat_ReturnsNull" storage="c:\projects\aikido\firewall-dotnet\aikido.zen.test\bin\release\net9.0\aikido.zen.tests.dll" id="8c3b70c9-e2b0-c719-e3c0-0a8f0fde783a">
      <Execution id="260f1039-2f1e-42d2-9ebd-155b32434598" />
      <TestMethod codeBase="C:\projects\Aikido\firewall-dotnet\Aikido.Zen.Test\bin\Release\net9.0\Aikido.Zen.Tests.dll" adapterTypeName="executor://nunit3testexecutor/" className="Aikido.Zen.Test.Helpers.StringFormatHelperTests" name="GetStringFormat_WithUnknownFormat_ReturnsNull" />
    </UnitTest>
    <UnitTest name="IsSQLInjection_WithNullUserInput_ReturnsFalse" storage="c:\projects\aikido\firewall-dotnet\aikido.zen.test\bin\release\net9.0\aikido.zen.tests.dll" id="30b16537-c638-5d1d-a226-7ea6bdf4553b">
      <Execution id="b6b32694-5633-4389-ae49-fbd2b0c4f4de" />
      <TestMethod codeBase="C:\projects\Aikido\firewall-dotnet\Aikido.Zen.Test\bin\Release\net9.0\Aikido.Zen.Tests.dll" adapterTypeName="executor://nunit3testexecutor/" className="Aikido.Zen.Test.SQLInjectionDetectorTests" name="IsSQLInjection_WithNullUserInput_ReturnsFalse" />
    </UnitTest>
    <UnitTest name="CaptureRequest_WithDefaultPort_ExtractsHostAndPort" storage="c:\projects\aikido\firewall-dotnet\aikido.zen.test\bin\release\net9.0\aikido.zen.tests.dll" id="f5661f77-06f1-e2c6-bdb9-54b25388b296">
      <Execution id="c6299b7f-a520-4df8-9e1c-7fe6411ca532" />
      <TestMethod codeBase="C:\projects\Aikido\firewall-dotnet\Aikido.Zen.Test\bin\Release\net9.0\Aikido.Zen.Tests.dll" adapterTypeName="executor://nunit3testexecutor/" className="Aikido.Zen.Test.HttpWebRequestPatchTests" name="CaptureRequest_WithDefaultPort_ExtractsHostAndPort" />
    </UnitTest>
    <UnitTest name="AttackLog_ShouldSanitizeMessage_WhenMessageContainsDangerousCharacters" storage="c:\projects\aikido\firewall-dotnet\aikido.zen.test\bin\release\net9.0\aikido.zen.tests.dll" id="bb2a70e1-33f6-47b5-cb89-1a1b64bce5db">
      <Execution id="638e62d3-9a89-4f0a-8b9b-16f23c412e6f" />
      <TestMethod codeBase="C:\projects\Aikido\firewall-dotnet\Aikido.Zen.Test\bin\Release\net9.0\Aikido.Zen.Tests.dll" adapterTypeName="executor://nunit3testexecutor/" className="Aikido.Zen.Test.Helpers.LogHelperTests" name="AttackLog_ShouldSanitizeMessage_WhenMessageContainsDangerousCharacters" />
    </UnitTest>
    <UnitTest name="Test_application/json_3" storage="c:\projects\aikido\firewall-dotnet\aikido.zen.test\bin\release\net9.0\aikido.zen.tests.dll" id="b93281d7-cf0b-1935-c456-23cff0fbadaf">
      <Execution id="3f41d784-bc0c-4df1-8e5c-3ef916b39898" />
      <TestMethod codeBase="C:\projects\Aikido\firewall-dotnet\Aikido.Zen.Test\bin\Release\net9.0\Aikido.Zen.Tests.dll" adapterTypeName="executor://nunit3testexecutor/" className="Aikido.Zen.Test.Helpers.HttpHelperTests" name="Test_application/json_3" />
    </UnitTest>
    <UnitTest name="LooksLikeASecret_ShortStrings_ReturnsFalse(&quot;c&quot;)" storage="c:\projects\aikido\firewall-dotnet\aikido.zen.test\bin\release\net9.0\aikido.zen.tests.dll" id="9f634fc6-3746-4f80-7eed-246fb192504f">
      <Execution id="7d63e431-9ef0-4c77-b3d7-70956120850b" />
      <TestMethod codeBase="C:\projects\Aikido\firewall-dotnet\Aikido.Zen.Test\bin\Release\net9.0\Aikido.Zen.Tests.dll" adapterTypeName="executor://nunit3testexecutor/" className="Aikido.Zen.Test.Helpers.RouteParameterHelperTests" name="LooksLikeASecret_ShortStrings_ReturnsFalse(&quot;c&quot;)" />
    </UnitTest>
    <UnitTest name="EndpointMatching_WithInvalidEndpointFormat_ShouldAllowAccess" storage="c:\projects\aikido\firewall-dotnet\aikido.zen.test\bin\release\net9.0\aikido.zen.tests.dll" id="b1e44716-2497-c48f-5e70-f2c90a031363">
      <Execution id="a767c96a-f4b7-4c07-93cb-a1d28a23ed34" />
      <TestMethod codeBase="C:\projects\Aikido\firewall-dotnet\Aikido.Zen.Test\bin\Release\net9.0\Aikido.Zen.Tests.dll" adapterTypeName="executor://nunit3testexecutor/" className="Aikido.Zen.Test.BlockListTests" name="EndpointMatching_WithInvalidEndpointFormat_ShouldAllowAccess" />
    </UnitTest>
    <UnitTest name="CaptureUser_WithValidUser_AddsToContext" storage="c:\projects\aikido\firewall-dotnet\aikido.zen.test\bin\release\net9.0\aikido.zen.tests.dll" id="855065d8-aa5f-f771-b185-4e1bf37ce78e">
      <Execution id="b1070cd5-955c-4528-908e-b06f379589ca" />
      <TestMethod codeBase="C:\projects\Aikido\firewall-dotnet\Aikido.Zen.Test\bin\Release\net9.0\Aikido.Zen.Tests.dll" adapterTypeName="executor://nunit3testexecutor/" className="Aikido.Zen.Test.AgentTests" name="CaptureUser_WithValidUser_AddsToContext" />
    </UnitTest>
    <UnitTest name="AikidoToken_CanBeSetAndRetrieved" storage="c:\projects\aikido\firewall-dotnet\aikido.zen.test\bin\release\net9.0\aikido.zen.tests.dll" id="01663e64-0ca8-64cd-0fa3-e5f91de9da90">
      <Execution id="7544710e-a287-40ca-99e5-1f97595a29c9" />
      <TestMethod codeBase="C:\projects\Aikido\firewall-dotnet\Aikido.Zen.Test\bin\Release\net9.0\Aikido.Zen.Tests.dll" adapterTypeName="executor://nunit3testexecutor/" className="Aikido.Zen.Test.AikidoOptionsTests" name="AikidoToken_CanBeSetAndRetrieved" />
    </UnitTest>
    <UnitTest name="AddUser_ShouldAddUserToDictionary" storage="c:\projects\aikido\firewall-dotnet\aikido.zen.test\bin\release\net9.0\aikido.zen.tests.dll" id="5662edf1-cef6-c7b7-d032-550d7e50eba2">
      <Execution id="464e3b79-3b1c-48f8-988f-1b32ed9401cd" />
      <TestMethod codeBase="C:\projects\Aikido\firewall-dotnet\Aikido.Zen.Test\bin\Release\net9.0\Aikido.Zen.Tests.dll" adapterTypeName="executor://nunit3testexecutor/" className="Aikido.Zen.Test.AgentContextTests" name="AddUser_ShouldAddUserToDictionary" />
    </UnitTest>
    <UnitTest name="Test_application/json_0" storage="c:\projects\aikido\firewall-dotnet\aikido.zen.test\bin\release\net9.0\aikido.zen.tests.dll" id="4c26cfb9-fa3d-00ec-b7ac-8ebb0476771f">
      <Execution id="888115ef-cdf3-4330-bc39-ee9eb5971c82" />
      <TestMethod codeBase="C:\projects\Aikido\firewall-dotnet\Aikido.Zen.Test\bin\Release\net9.0\Aikido.Zen.Tests.dll" adapterTypeName="executor://nunit3testexecutor/" className="Aikido.Zen.Test.Helpers.HttpHelperTests" name="Test_application/json_0" />
    </UnitTest>
    <UnitTest name="IsBlocked_ShouldReturnFalse_WhenUserIsNotBlocked" storage="c:\projects\aikido\firewall-dotnet\aikido.zen.test\bin\release\net9.0\aikido.zen.tests.dll" id="ab50d703-47d4-b779-5373-bcd598fd3743">
      <Execution id="a34c25f6-f110-4683-8584-d434bc93bee5" />
      <TestMethod codeBase="C:\projects\Aikido\firewall-dotnet\Aikido.Zen.Test\bin\Release\net9.0\Aikido.Zen.Tests.dll" adapterTypeName="executor://nunit3testexecutor/" className="Aikido.Zen.Test.AgentContextTests" name="IsBlocked_ShouldReturnFalse_WhenUserIsNotBlocked" />
    </UnitTest>
    <UnitTest name="CleanVersion_ShouldRemoveBuildNumberAndPrereleaseVersion" storage="c:\projects\aikido\firewall-dotnet\aikido.zen.test\bin\release\net9.0\aikido.zen.tests.dll" id="6a89111b-c2df-39aa-dd18-4fa89f78b08b">
      <Execution id="903d0147-2208-4df3-8e0b-b33962ce1bd0" />
      <TestMethod codeBase="C:\projects\Aikido\firewall-dotnet\Aikido.Zen.Test\bin\Release\net9.0\Aikido.Zen.Tests.dll" adapterTypeName="executor://nunit3testexecutor/" className="Aikido.Zen.Test.Helpers.AgentInfoHelperTests" name="CleanVersion_ShouldRemoveBuildNumberAndPrereleaseVersion" />
    </UnitTest>
    <UnitTest name="IPRules_ShouldBeAppliedInCorrectOrder" storage="c:\projects\aikido\firewall-dotnet\aikido.zen.test\bin\release\net9.0\aikido.zen.tests.dll" id="58106107-45f1-c927-facc-269aadab894e">
      <Execution id="b8e36ce7-ba4d-45e2-90bb-cec8aea7aa59" />
      <TestMethod codeBase="C:\projects\Aikido\firewall-dotnet\Aikido.Zen.Test\bin\Release\net9.0\Aikido.Zen.Tests.dll" adapterTypeName="executor://nunit3testexecutor/" className="Aikido.Zen.Test.BlockListTests" name="IPRules_ShouldBeAppliedInCorrectOrder" />
    </UnitTest>
    <UnitTest name="IsBlocked_ShouldCheckAllBlockingConditions" storage="c:\projects\aikido\firewall-dotnet\aikido.zen.test\bin\release\net9.0\aikido.zen.tests.dll" id="7ad8bccb-0537-6372-4ec7-81212912222a">
      <Execution id="ff7cd868-7fa5-4db1-975e-0ef9ff483f4a" />
      <TestMethod codeBase="C:\projects\Aikido\firewall-dotnet\Aikido.Zen.Test\bin\Release\net9.0\Aikido.Zen.Tests.dll" adapterTypeName="executor://nunit3testexecutor/" className="Aikido.Zen.Test.BlockListTests" name="IsBlocked_ShouldCheckAllBlockingConditions" />
    </UnitTest>
    <UnitTest name="AikidoUrl_ShouldReturnExpectedValue_WhenEnvironmentVariableIsSet" storage="c:\projects\aikido\firewall-dotnet\aikido.zen.test\bin\release\net9.0\aikido.zen.tests.dll" id="82d640e5-a657-dfa2-6244-e3d4d6631f35">
      <Execution id="a38287da-de21-488e-af9d-caedcbed5101" />
      <TestMethod codeBase="C:\projects\Aikido\firewall-dotnet\Aikido.Zen.Test\bin\Release\net9.0\Aikido.Zen.Tests.dll" adapterTypeName="executor://nunit3testexecutor/" className="Aikido.Zen.Test.Helpers.EnvironmentHelperTests" name="AikidoUrl_ShouldReturnExpectedValue_WhenEnvironmentVariableIsSet" />
    </UnitTest>
    <UnitTest name="Contains_ShouldReturnExpectedResult(&quot;hello world&quot;,&quot;hello world&quot;,True)" storage="c:\projects\aikido\firewall-dotnet\aikido.zen.test\bin\release\net9.0\aikido.zen.tests.dll" id="4eaac773-8eed-2773-9c43-8a194fe26ca9">
      <Execution id="ff0ef344-97cc-4bf1-b655-72e42adec181" />
      <TestMethod codeBase="C:\projects\Aikido\firewall-dotnet\Aikido.Zen.Test\bin\Release\net9.0\Aikido.Zen.Tests.dll" adapterTypeName="executor://nunit3testexecutor/" className="Aikido.Zen.Test.Helpers.StringHelperTests" name="Contains_ShouldReturnExpectedResult(&quot;hello world&quot;,&quot;hello world&quot;,True)" />
    </UnitTest>
    <UnitTest name="Constructor_WithMessage_ShouldSetMessage" storage="c:\projects\aikido\firewall-dotnet\aikido.zen.test\bin\release\net9.0\aikido.zen.tests.dll" id="123fb539-ea6f-787d-4433-000dcca57dc8">
      <Execution id="f2320feb-7b93-4b82-bbff-2cefb17cdefe" />
      <TestMethod codeBase="C:\projects\Aikido\firewall-dotnet\Aikido.Zen.Test\bin\Release\net9.0\Aikido.Zen.Tests.dll" adapterTypeName="executor://nunit3testexecutor/" className="Aikido.Zen.Test.AikidoExceptionTests" name="Constructor_WithMessage_ShouldSetMessage" />
    </UnitTest>
    <UnitTest name="AddRoute_ShouldIncrementHits_ForRoutesAndHosts" storage="c:\projects\aikido\firewall-dotnet\aikido.zen.test\bin\release\net9.0\aikido.zen.tests.dll" id="389bff63-b64a-cde7-9453-1e6bef1215d3">
      <Execution id="afa057ed-cdb5-41e8-ad10-912c808dc11a" />
      <TestMethod codeBase="C:\projects\Aikido\firewall-dotnet\Aikido.Zen.Test\bin\Release\net9.0\Aikido.Zen.Tests.dll" adapterTypeName="executor://nunit3testexecutor/" className="Aikido.Zen.Test.AgentContextTests" name="AddRoute_ShouldIncrementHits_ForRoutesAndHosts" />
    </UnitTest>
    <UnitTest name="ShouldWorkWithZeroZeroZeroZero" storage="c:\projects\aikido\firewall-dotnet\aikido.zen.test\bin\release\net9.0\aikido.zen.tests.dll" id="c9a2fac4-2ddf-1666-8b4e-8de150ba6c9b">
      <Execution id="fc50494f-5c70-4fe6-9c94-7d3b79a1cc66" />
      <TestMethod codeBase="C:\projects\Aikido\firewall-dotnet\Aikido.Zen.Test\bin\Release\net9.0\Aikido.Zen.Tests.dll" adapterTypeName="executor://nunit3testexecutor/" className="Aikido.Zen.Test.IPRangeTests" name="ShouldWorkWithZeroZeroZeroZero" />
    </UnitTest>
    <UnitTest name="IsRequestAllowed_ShouldHandleMultipleWildcardMatches" storage="c:\projects\aikido\firewall-dotnet\aikido.zen.test\bin\release\net9.0\aikido.zen.tests.dll" id="2a1159e2-b8b7-a694-ba7c-0f2d335bbf07">
      <Execution id="ce0f41c4-9c21-4c17-be84-f8c166969f3e" />
      <TestMethod codeBase="C:\projects\Aikido\firewall-dotnet\Aikido.Zen.Test\bin\Release\net9.0\Aikido.Zen.Tests.dll" adapterTypeName="executor://nunit3testexecutor/" className="Aikido.Zen.Test.Helpers.RateLimitingHelperTests" name="IsRequestAllowed_ShouldHandleMultipleWildcardMatches" />
    </UnitTest>
    <UnitTest name="Test_Generic_SAFE: Lowercase query with uppercase user input" storage="c:\projects\aikido\firewall-dotnet\aikido.zen.test\bin\release\net9.0\aikido.zen.tests.dll" id="2780ea2f-9b80-3576-880d-c992e5b1404f">
      <Execution id="5f05b431-d29b-4a1d-8274-b798fe0ae3b9" />
      <TestMethod codeBase="C:\projects\Aikido\firewall-dotnet\Aikido.Zen.Test\bin\Release\net9.0\Aikido.Zen.Tests.dll" adapterTypeName="executor://nunit3testexecutor/" className="Aikido.Zen.Test.SQLInjectionDetectorTests" name="Test_Generic_SAFE: Lowercase query with uppercase user input" />
    </UnitTest>
    <UnitTest name="LooksLikeASecret_KnownSecrets_ReturnsTrue(&quot;CnJ4DunhYfv2db6T1FRfciRBHtlNKOYrjoz&quot;)" storage="c:\projects\aikido\firewall-dotnet\aikido.zen.test\bin\release\net9.0\aikido.zen.tests.dll" id="71597196-894a-f30e-695c-4d98eef04709">
      <Execution id="71471595-4838-4c0a-87ee-017ec06ca15b" />
      <TestMethod codeBase="C:\projects\Aikido\firewall-dotnet\Aikido.Zen.Test\bin\Release\net9.0\Aikido.Zen.Tests.dll" adapterTypeName="executor://nunit3testexecutor/" className="Aikido.Zen.Test.Helpers.RouteParameterHelperTests" name="LooksLikeASecret_KnownSecrets_ReturnsTrue(&quot;CnJ4DunhYfv2db6T1FRfciRBHtlNKOYrjoz&quot;)" />
    </UnitTest>
    <UnitTest name="Test_Generic_SAFE: Uppercase user input" storage="c:\projects\aikido\firewall-dotnet\aikido.zen.test\bin\release\net9.0\aikido.zen.tests.dll" id="cb6f94b7-7e86-0547-2d9f-2f0d75745e21">
      <Execution id="1ac6a804-c29a-4e75-a845-72e8de921118" />
      <TestMethod codeBase="C:\projects\Aikido\firewall-dotnet\Aikido.Zen.Test\bin\Release\net9.0\Aikido.Zen.Tests.dll" adapterTypeName="executor://nunit3testexecutor/" className="Aikido.Zen.Test.SQLInjectionDetectorTests" name="Test_Generic_SAFE: Uppercase user input" />
    </UnitTest>
    <UnitTest name="Test_Single character file path" storage="c:\projects\aikido\firewall-dotnet\aikido.zen.test\bin\release\net9.0\aikido.zen.tests.dll" id="9e7ed8ff-7afe-ec90-aed0-611376c7d5f0">
      <Execution id="03dc2530-2f35-413b-aef3-b27a5b6fc6a6" />
      <TestMethod codeBase="C:\projects\Aikido\firewall-dotnet\Aikido.Zen.Test\bin\Release\net9.0\Aikido.Zen.Tests.dll" adapterTypeName="executor://nunit3testexecutor/" className="Aikido.Zen.Test.PathTraversalDetectorTests" name="Test_Single character file path" />
    </UnitTest>
    <UnitTest name="IsRouteParameter_ShouldReturnExpectedResult(&quot;parameter&quot;,False)" storage="c:\projects\aikido\firewall-dotnet\aikido.zen.test\bin\release\net9.0\aikido.zen.tests.dll" id="334a77a6-f7c5-79fb-bbd7-3954f4d091fd">
      <Execution id="4a1ba446-d54c-4e8c-a053-8e2692f39550" />
      <TestMethod codeBase="C:\projects\Aikido\firewall-dotnet\Aikido.Zen.Test\bin\Release\net9.0\Aikido.Zen.Tests.dll" adapterTypeName="executor://nunit3testexecutor/" className="Aikido.Zen.Test.Helpers.RouteHelperTests" name="IsRouteParameter_ShouldReturnExpectedResult(&quot;parameter&quot;,False)" />
    </UnitTest>
    <UnitTest name="DebugLog_ShouldLogMessage_WhenIsDebuggingIsTrue" storage="c:\projects\aikido\firewall-dotnet\aikido.zen.test\bin\release\net9.0\aikido.zen.tests.dll" id="e8f09794-3b22-88ea-9ffe-d586f98f383e">
      <Execution id="80e6afde-6330-4f5f-b81f-7627701e9689" />
      <TestMethod codeBase="C:\projects\Aikido\firewall-dotnet\Aikido.Zen.Test\bin\Release\net9.0\Aikido.Zen.Tests.dll" adapterTypeName="executor://nunit3testexecutor/" className="Aikido.Zen.Test.Helpers.LogHelperTests" name="DebugLog_ShouldLogMessage_WhenIsDebuggingIsTrue" />
    </UnitTest>
    <UnitTest name="Test_INJECTION: Unsafe use of variable with braces inside double quotes" storage="c:\projects\aikido\firewall-dotnet\aikido.zen.test\bin\release\net9.0\aikido.zen.tests.dll" id="75d227a4-1f0e-7e9b-43af-0eecd1c45c32">
      <Execution id="9f26b134-c4e7-4999-83d2-b3fba228edeb" />
      <TestMethod codeBase="C:\projects\Aikido\firewall-dotnet\Aikido.Zen.Test\bin\Release\net9.0\Aikido.Zen.Tests.dll" adapterTypeName="executor://nunit3testexecutor/" className="Aikido.Zen.Test.ShellInjectionDetectorTests" name="Test_INJECTION: Unsafe use of variable with braces inside double quotes" />
    </UnitTest>
    <UnitTest name="InsertRange_ShouldInsertSingleIP" storage="c:\projects\aikido\firewall-dotnet\aikido.zen.test\bin\release\net9.0\aikido.zen.tests.dll" id="3ab39172-c814-eb04-aaf6-eda5e9c9c83c">
      <Execution id="9d7d13a4-448e-4250-91fa-ce7497e83661" />
      <TestMethod codeBase="C:\projects\Aikido\firewall-dotnet\Aikido.Zen.Test\bin\Release\net9.0\Aikido.Zen.Tests.dll" adapterTypeName="executor://nunit3testexecutor/" className="Aikido.Zen.Test.IPRangeTests" name="InsertRange_ShouldInsertSingleIP" />
    </UnitTest>
    <UnitTest name="IsAllowed_ShouldAllowUpToMaxRequestsWithinWindow" storage="c:\projects\aikido\firewall-dotnet\aikido.zen.test\bin\release\net9.0\aikido.zen.tests.dll" id="d2791d15-26a3-c6ea-77f8-8f55bd9ee9be">
      <Execution id="763ca1ab-a8bc-486f-a207-f6609a83f729" />
      <TestMethod codeBase="C:\projects\Aikido\firewall-dotnet\Aikido.Zen.Test\bin\Release\net9.0\Aikido.Zen.Tests.dll" adapterTypeName="executor://nunit3testexecutor/" className="Aikido.Zen.Test.Helpers.RateLimitingHelperTests" name="IsAllowed_ShouldAllowUpToMaxRequestsWithinWindow" />
    </UnitTest>
    <UnitTest name="ConfigChanged_WhenConfigVersionDiffers_UpdatesConfig" storage="c:\projects\aikido\firewall-dotnet\aikido.zen.test\bin\release\net9.0\aikido.zen.tests.dll" id="87e3d9a9-bed7-fb1d-41e5-bccb686d72db">
      <Execution id="2db54de0-4ddf-4515-99e9-6d8fb5a393aa" />
      <TestMethod codeBase="C:\projects\Aikido\firewall-dotnet\Aikido.Zen.Test\bin\Release\net9.0\Aikido.Zen.Tests.dll" adapterTypeName="executor://nunit3testexecutor/" className="Aikido.Zen.Test.AgentTests" name="ConfigChanged_WhenConfigVersionDiffers_UpdatesConfig" />
    </UnitTest>
    <UnitTest name="LooksLikeASecret_CommonUrlTerms_ReturnsFalse(&quot;environment&quot;)" storage="c:\projects\aikido\firewall-dotnet\aikido.zen.test\bin\release\net9.0\aikido.zen.tests.dll" id="e04b9cad-ca11-6bc7-c00a-0bdc7560c445">
      <Execution id="2cf6743f-c558-4b76-b1aa-375a13a4e00a" />
      <TestMethod codeBase="C:\projects\Aikido\firewall-dotnet\Aikido.Zen.Test\bin\Release\net9.0\Aikido.Zen.Tests.dll" adapterTypeName="executor://nunit3testexecutor/" className="Aikido.Zen.Test.Helpers.RouteParameterHelperTests" name="LooksLikeASecret_CommonUrlTerms_ReturnsFalse(&quot;environment&quot;)" />
    </UnitTest>
    <UnitTest name="ConcurrentAccess_ToMixedOperations_ShouldBeThreadSafe" storage="c:\projects\aikido\firewall-dotnet\aikido.zen.test\bin\release\net9.0\aikido.zen.tests.dll" id="f9a83492-e7d6-c8fd-b735-487e12bbeae4">
      <Execution id="59142946-bbcf-44b9-b83b-88d69ae6915c" />
      <TestMethod codeBase="C:\projects\Aikido\firewall-dotnet\Aikido.Zen.Test\bin\Release\net9.0\Aikido.Zen.Tests.dll" adapterTypeName="executor://nunit3testexecutor/" className="Aikido.Zen.Test.ConcurrencyAgentContextTests" name="ConcurrentAccess_ToMixedOperations_ShouldBeThreadSafe" />
    </UnitTest>
    <UnitTest name="Set_UpdateExistingKeyWithTTL_ShouldResetExpiration" storage="c:\projects\aikido\firewall-dotnet\aikido.zen.test\bin\release\net9.0\aikido.zen.tests.dll" id="8aa02d72-78d3-ab6c-c7ed-37c1829c1891">
      <Execution id="08fb5404-d4f9-4ee5-a991-594ca5377375" />
      <TestMethod codeBase="C:\projects\Aikido\firewall-dotnet\Aikido.Zen.Test\bin\Release\net9.0\Aikido.Zen.Tests.dll" adapterTypeName="executor://nunit3testexecutor/" className="Aikido.Zen.Test.LRUCacheTests" name="Set_UpdateExistingKeyWithTTL_ShouldResetExpiration" />
    </UnitTest>
    <UnitTest name="ShouldHandleMixedIPv4AndIPv6" storage="c:\projects\aikido\firewall-dotnet\aikido.zen.test\bin\release\net9.0\aikido.zen.tests.dll" id="f430995c-c2d1-8efb-28c6-fd012f9d3df7">
      <Execution id="935af840-1f0b-4307-ad09-36b40d05fe7a" />
      <TestMethod codeBase="C:\projects\Aikido\firewall-dotnet\Aikido.Zen.Test\bin\Release\net9.0\Aikido.Zen.Tests.dll" adapterTypeName="executor://nunit3testexecutor/" className="Aikido.Zen.Test.IPRangeTests" name="ShouldHandleMixedIPv4AndIPv6" />
    </UnitTest>
    <UnitTest name="IsAllowed_ShouldTrackDifferentKeysIndependently" storage="c:\projects\aikido\firewall-dotnet\aikido.zen.test\bin\release\net9.0\aikido.zen.tests.dll" id="306f9d48-1f7c-0192-308a-c7b839de8772">
      <Execution id="e7ccfbf4-d006-4d8c-b93e-548b7d546f7e" />
      <TestMethod codeBase="C:\projects\Aikido\firewall-dotnet\Aikido.Zen.Test\bin\Release\net9.0\Aikido.Zen.Tests.dll" adapterTypeName="executor://nunit3testexecutor/" className="Aikido.Zen.Test.Helpers.RateLimitingHelperTests" name="IsAllowed_ShouldTrackDifferentKeysIndependently" />
    </UnitTest>
    <UnitTest name="ShouldAddRoute_EdgeCases_ShouldReturnExpectedResult(&quot;/api/resource&quot;,&quot;GET&quot;,199,False)" storage="c:\projects\aikido\firewall-dotnet\aikido.zen.test\bin\release\net9.0\aikido.zen.tests.dll" id="8eab5b93-aaa7-3bff-ba3c-290ad2e84e80">
      <Execution id="9f41f69f-58ed-45c5-8dc9-e214409548aa" />
      <TestMethod codeBase="C:\projects\Aikido\firewall-dotnet\Aikido.Zen.Test\bin\Release\net9.0\Aikido.Zen.Tests.dll" adapterTypeName="executor://nunit3testexecutor/" className="Aikido.Zen.Test.Helpers.RouteHelperTests" name="ShouldAddRoute_EdgeCases_ShouldReturnExpectedResult(&quot;/api/resource&quot;,&quot;GET&quot;,199,False)" />
    </UnitTest>
    <UnitTest name="CaptureUser_WithNullUser_HandlesGracefully" storage="c:\projects\aikido\firewall-dotnet\aikido.zen.test\bin\release\net9.0\aikido.zen.tests.dll" id="e576cb7f-c4a3-7591-4d87-7c4fd357615e">
      <Execution id="a546c026-8af4-462d-8806-605894081ebe" />
      <TestMethod codeBase="C:\projects\Aikido\firewall-dotnet\Aikido.Zen.Test\bin\Release\net9.0\Aikido.Zen.Tests.dll" adapterTypeName="executor://nunit3testexecutor/" className="Aikido.Zen.Test.AgentTests" name="CaptureUser_WithNullUser_HandlesGracefully" />
    </UnitTest>
    <UnitTest name="Test_SAFE: Encapsulated special character &amp;&amp;" storage="c:\projects\aikido\firewall-dotnet\aikido.zen.test\bin\release\net9.0\aikido.zen.tests.dll" id="b6a1ed77-e92e-2ea6-714a-a0e566bed4f5">
      <Execution id="6519b7f6-1ab7-4b12-beab-27734ef9b6c5" />
      <TestMethod codeBase="C:\projects\Aikido\firewall-dotnet\Aikido.Zen.Test\bin\Release\net9.0\Aikido.Zen.Tests.dll" adapterTypeName="executor://nunit3testexecutor/" className="Aikido.Zen.Test.ShellInjectionDetectorTests" name="Test_SAFE: Encapsulated special character &amp;&amp;" />
    </UnitTest>
    <UnitTest name="CaptureInboundRequest_WithNullUser_HandlesGracefully" storage="c:\projects\aikido\firewall-dotnet\aikido.zen.test\bin\release\net9.0\aikido.zen.tests.dll" id="9ccb768e-7d37-7ad5-fa1c-6a180747196e">
      <Execution id="12df38ff-5c91-4ce1-9dcf-65f8fd2767a1" />
      <TestMethod codeBase="C:\projects\Aikido\firewall-dotnet\Aikido.Zen.Test\bin\Release\net9.0\Aikido.Zen.Tests.dll" adapterTypeName="executor://nunit3testexecutor/" className="Aikido.Zen.Test.AgentTests" name="CaptureInboundRequest_WithNullUser_HandlesGracefully" />
    </UnitTest>
    <UnitTest name="ReportingApiClient_GetBlockedIps_ShouldReturnSuccess" storage="c:\projects\aikido\firewall-dotnet\aikido.zen.test\bin\release\net9.0\aikido.zen.tests.dll" id="489fa18d-cbf8-4a45-1e4e-55a695afb97f">
      <Execution id="bb2965c3-2e01-4753-aee5-80c9d4a29d81" />
      <TestMethod codeBase="C:\projects\Aikido\firewall-dotnet\Aikido.Zen.Test\bin\Release\net9.0\Aikido.Zen.Tests.dll" adapterTypeName="executor://nunit3testexecutor/" className="Aikido.Zen.Test.ZenApiTests" name="ReportingApiClient_GetBlockedIps_ShouldReturnSuccess" />
    </UnitTest>
    <UnitTest name="GetInfo_ServerlessDetection_Azure" storage="c:\projects\aikido\firewall-dotnet\aikido.zen.test\bin\release\net9.0\aikido.zen.tests.dll" id="2b11ceb0-c7f3-744c-029d-437cb09d25d0">
      <Execution id="32b18c2f-3bff-4b8e-a200-90af2f4a4224" />
      <TestMethod codeBase="C:\projects\Aikido\firewall-dotnet\Aikido.Zen.Test\bin\Release\net9.0\Aikido.Zen.Tests.dll" adapterTypeName="executor://nunit3testexecutor/" className="Aikido.Zen.Test.Helpers.AgentInfoHelperTests" name="GetInfo_ServerlessDetection_Azure" />
    </UnitTest>
    <UnitTest name="Test_Simple directory traversal with ../" storage="c:\projects\aikido\firewall-dotnet\aikido.zen.test\bin\release\net9.0\aikido.zen.tests.dll" id="163bfbb5-21c1-9a86-ebe2-cf697bb69813">
      <Execution id="bfa86ee9-5557-4ffc-a520-6facd932fc17" />
      <TestMethod codeBase="C:\projects\Aikido\firewall-dotnet\Aikido.Zen.Test\bin\Release\net9.0\Aikido.Zen.Tests.dll" adapterTypeName="executor://nunit3testexecutor/" className="Aikido.Zen.Test.PathTraversalDetectorTests" name="Test_Simple directory traversal with ../" />
    </UnitTest>
    <UnitTest name="Time_ReturnsCurrentUnixTimestamp" storage="c:\projects\aikido\firewall-dotnet\aikido.zen.test\bin\release\net9.0\aikido.zen.tests.dll" id="c6d81f66-0970-eb49-02cf-92867fe819df">
      <Execution id="2665963b-cce8-478e-909d-36d60a8fc6f0" />
      <TestMethod codeBase="C:\projects\Aikido\firewall-dotnet\Aikido.Zen.Test\bin\Release\net9.0\Aikido.Zen.Tests.dll" adapterTypeName="executor://nunit3testexecutor/" className="Aikido.Zen.Test.DetectedAttackTests" name="Time_ReturnsCurrentUnixTimestamp" />
    </UnitTest>
    <UnitTest name="SetAndTryGetValue_BasicOperations_ShouldWork" storage="c:\projects\aikido\firewall-dotnet\aikido.zen.test\bin\release\net9.0\aikido.zen.tests.dll" id="6e50f7ab-028c-6b37-69c1-536bf4479485">
      <Execution id="a070def3-668e-4ad6-95d6-6117bc3c475e" />
      <TestMethod codeBase="C:\projects\Aikido\firewall-dotnet\Aikido.Zen.Test\bin\Release\net9.0\Aikido.Zen.Tests.dll" adapterTypeName="executor://nunit3testexecutor/" className="Aikido.Zen.Test.LRUCacheTests" name="SetAndTryGetValue_BasicOperations_ShouldWork" />
    </UnitTest>
    <UnitTest name="ShouldHandleSlidingWindowWithBurstRequests" storage="c:\projects\aikido\firewall-dotnet\aikido.zen.test\bin\release\net9.0\aikido.zen.tests.dll" id="293d8488-cc91-f922-e59e-8b9d701799e9">
      <Execution id="f114927e-0ff7-44cd-ac89-80a893864a7e" />
      <TestMethod codeBase="C:\projects\Aikido\firewall-dotnet\Aikido.Zen.Test\bin\Release\net9.0\Aikido.Zen.Tests.dll" adapterTypeName="executor://nunit3testexecutor/" className="Aikido.Zen.Test.Helpers.RateLimitingHelperTests" name="ShouldHandleSlidingWindowWithBurstRequests" />
    </UnitTest>
    <UnitTest name="LooksLikeASecret_CommonUrlTerms_ReturnsFalse(&quot;development&quot;)" storage="c:\projects\aikido\firewall-dotnet\aikido.zen.test\bin\release\net9.0\aikido.zen.tests.dll" id="c5828e94-45d0-bb34-5cc6-f187b22c2a07">
      <Execution id="6fdf8bca-b893-4840-a7d2-f4dd6232b4ea" />
      <TestMethod codeBase="C:\projects\Aikido\firewall-dotnet\Aikido.Zen.Test\bin\Release\net9.0\Aikido.Zen.Tests.dll" adapterTypeName="executor://nunit3testexecutor/" className="Aikido.Zen.Test.Helpers.RouteParameterHelperTests" name="LooksLikeASecret_CommonUrlTerms_ReturnsFalse(&quot;development&quot;)" />
    </UnitTest>
    <UnitTest name="BuildRouteFromUrl_UUIDs_ReplacesWithUuidParam" storage="c:\projects\aikido\firewall-dotnet\aikido.zen.test\bin\release\net9.0\aikido.zen.tests.dll" id="f130b72e-7bac-4dcc-380a-8fd6e22cf05c">
      <Execution id="df4c4df8-ec85-4b12-a40e-8775a161bb66" />
      <TestMethod codeBase="C:\projects\Aikido\firewall-dotnet\Aikido.Zen.Test\bin\Release\net9.0\Aikido.Zen.Tests.dll" adapterTypeName="executor://nunit3testexecutor/" className="Aikido.Zen.Test.Helpers.RouteParameterHelperTests" name="BuildRouteFromUrl_UUIDs_ReplacesWithUuidParam" />
    </UnitTest>
    <UnitTest name="Test_Directory prefix in user input" storage="c:\projects\aikido\firewall-dotnet\aikido.zen.test\bin\release\net9.0\aikido.zen.tests.dll" id="b2fccfc7-ad15-a613-c434-aded88a0a195">
      <Execution id="16a1feee-ad4a-41df-ae66-5be2ffec57bc" />
      <TestMethod codeBase="C:\projects\Aikido\firewall-dotnet\Aikido.Zen.Test\bin\Release\net9.0\Aikido.Zen.Tests.dll" adapterTypeName="executor://nunit3testexecutor/" className="Aikido.Zen.Test.PathTraversalDetectorTests" name="Test_Directory prefix in user input" />
    </UnitTest>
    <UnitTest name="UpdateApiInfo_NullNewInfo_DoesNotUpdate" storage="c:\projects\aikido\firewall-dotnet\aikido.zen.test\bin\release\net9.0\aikido.zen.tests.dll" id="d5e79120-2bc6-3dec-1629-4ada0ac155b9">
      <Execution id="33301dee-6834-42cc-8f2a-24fbc2108fbc" />
      <TestMethod codeBase="C:\projects\Aikido\firewall-dotnet\Aikido.Zen.Test\bin\Release\net9.0\Aikido.Zen.Tests.dll" adapterTypeName="executor://nunit3testexecutor/" className="Aikido.Zen.Test.Helpers.ApiInfoHelperTests" name="UpdateApiInfo_NullNewInfo_DoesNotUpdate" />
    </UnitTest>
    <UnitTest name="Test_INJECTION: Single quote between single quotes" storage="c:\projects\aikido\firewall-dotnet\aikido.zen.test\bin\release\net9.0\aikido.zen.tests.dll" id="5210b304-bdbc-cce4-5724-b1ddbced19e4">
      <Execution id="7c88023a-b4b2-4519-88a9-c44ee22c1a47" />
      <TestMethod codeBase="C:\projects\Aikido\firewall-dotnet\Aikido.Zen.Test\bin\Release\net9.0\Aikido.Zen.Tests.dll" adapterTypeName="executor://nunit3testexecutor/" className="Aikido.Zen.Test.ShellInjectionDetectorTests" name="Test_INJECTION: Single quote between single quotes" />
    </UnitTest>
    <UnitTest name="ConstructHeartbeat_WithOnlyContextMiddlewareInstalled_SetsMiddlewareInstalledToFalse" storage="c:\projects\aikido\firewall-dotnet\aikido.zen.test\bin\release\net9.0\aikido.zen.tests.dll" id="13675fa4-0ada-f587-5c98-d75acb1c8f1e">
      <Execution id="7fec4659-cc37-4977-bd82-dbfd33ea345f" />
      <TestMethod codeBase="C:\projects\Aikido\firewall-dotnet\Aikido.Zen.Test\bin\Release\net9.0\Aikido.Zen.Tests.dll" adapterTypeName="executor://nunit3testexecutor/" className="Aikido.Zen.Test.AgentTests" name="ConstructHeartbeat_WithOnlyContextMiddlewareInstalled_SetsMiddlewareInstalledToFalse" />
    </UnitTest>
    <UnitTest name="AddRequest_ShouldIncrementRequests" storage="c:\projects\aikido\firewall-dotnet\aikido.zen.test\bin\release\net9.0\aikido.zen.tests.dll" id="964dd2ff-36be-2a31-e351-405f7432cc62">
      <Execution id="d62e9b47-2092-42da-b6c6-aa5737079436" />
      <TestMethod codeBase="C:\projects\Aikido\firewall-dotnet\Aikido.Zen.Test\bin\Release\net9.0\Aikido.Zen.Tests.dll" adapterTypeName="executor://nunit3testexecutor/" className="Aikido.Zen.Test.AgentContextTests" name="AddRequest_ShouldIncrementRequests" />
    </UnitTest>
    <UnitTest name="Test_Generic_SAFE: Escaped backslashes" storage="c:\projects\aikido\firewall-dotnet\aikido.zen.test\bin\release\net9.0\aikido.zen.tests.dll" id="4869e48a-f404-25c5-b6bb-95f7a7ee7f9b">
      <Execution id="b22f2816-0a11-4e78-8720-707c9826bf71" />
      <TestMethod codeBase="C:\projects\Aikido\firewall-dotnet\Aikido.Zen.Test\bin\Release\net9.0\Aikido.Zen.Tests.dll" adapterTypeName="executor://nunit3testexecutor/" className="Aikido.Zen.Test.SQLInjectionDetectorTests" name="Test_Generic_SAFE: Escaped backslashes" />
    </UnitTest>
    <UnitTest name="ShouldAddRoute_ShouldReturnExpectedResult(&quot;Some.DotNet.Project.Cms&quot;,&quot;GET&quot;,200,False)" storage="c:\projects\aikido\firewall-dotnet\aikido.zen.test\bin\release\net9.0\aikido.zen.tests.dll" id="191d3a6f-9444-cbe6-8a13-3b2d419f1a5f">
      <Execution id="0fdd4eca-081c-4bed-914c-c7e40bd4f281" />
      <TestMethod codeBase="C:\projects\Aikido\firewall-dotnet\Aikido.Zen.Test\bin\Release\net9.0\Aikido.Zen.Tests.dll" adapterTypeName="executor://nunit3testexecutor/" className="Aikido.Zen.Test.Helpers.RouteHelperTests" name="ShouldAddRoute_ShouldReturnExpectedResult(&quot;Some.DotNet.Project.Cms&quot;,&quot;GET&quot;,200,False)" />
    </UnitTest>
    <UnitTest name="AddOrUpdate_ShouldEvictLeastFrequentlyUsed_WhenMaxReached" storage="c:\projects\aikido\firewall-dotnet\aikido.zen.test\bin\release\net9.0\aikido.zen.tests.dll" id="3e112053-fb77-d001-252d-3a1225df6c01">
      <Execution id="ce786232-6e25-4ef5-81af-5f44c2031f06" />
      <TestMethod codeBase="C:\projects\Aikido\firewall-dotnet\Aikido.Zen.Test\bin\Release\net9.0\Aikido.Zen.Tests.dll" adapterTypeName="executor://nunit3testexecutor/" className="Aikido.Zen.Test.ConcurrentLFUDictionaryTests" name="AddOrUpdate_ShouldEvictLeastFrequentlyUsed_WhenMaxReached" />
    </UnitTest>
    <UnitTest name="Test_INJECTION: Command chaining with ||" storage="c:\projects\aikido\firewall-dotnet\aikido.zen.test\bin\release\net9.0\aikido.zen.tests.dll" id="fc17a62b-a2c4-a318-e7d7-303c116b87fb">
      <Execution id="213c8040-6b96-4ad9-933a-45e68f7e97eb" />
      <TestMethod codeBase="C:\projects\Aikido\firewall-dotnet\Aikido.Zen.Test\bin\Release\net9.0\Aikido.Zen.Tests.dll" adapterTypeName="executor://nunit3testexecutor/" className="Aikido.Zen.Test.ShellInjectionDetectorTests" name="Test_INJECTION: Command chaining with ||" />
    </UnitTest>
    <UnitTest name="Test_Current directory with traversal" storage="c:\projects\aikido\firewall-dotnet\aikido.zen.test\bin\release\net9.0\aikido.zen.tests.dll" id="634f0420-01fd-d693-cb31-afae6d60cc55">
      <Execution id="d704f201-4ed5-4539-99c2-b83c69d4d844" />
      <TestMethod codeBase="C:\projects\Aikido\firewall-dotnet\Aikido.Zen.Test\bin\Release\net9.0\Aikido.Zen.Tests.dll" adapterTypeName="executor://nunit3testexecutor/" className="Aikido.Zen.Test.PathTraversalDetectorTests" name="Test_Current directory with traversal" />
    </UnitTest>
    <UnitTest name="Test_Windows device namespace syntax (backslash)" storage="c:\projects\aikido\firewall-dotnet\aikido.zen.test\bin\release\net9.0\aikido.zen.tests.dll" id="167e91da-629f-b52c-5be9-2683d1e4668d">
      <Execution id="67c8309c-6ac5-4819-bae9-9c543d7d9060" />
      <TestMethod codeBase="C:\projects\Aikido\firewall-dotnet\Aikido.Zen.Test\bin\Release\net9.0\Aikido.Zen.Tests.dll" adapterTypeName="executor://nunit3testexecutor/" className="Aikido.Zen.Test.PathTraversalDetectorTests" name="Test_Windows device namespace syntax (backslash)" />
    </UnitTest>
    <UnitTest name="TruncateStackTrace_ShortStackTrace_ShouldNotTruncate" storage="c:\projects\aikido\firewall-dotnet\aikido.zen.test\bin\release\net9.0\aikido.zen.tests.dll" id="9993827a-ad77-1054-2e56-75328f0197fe">
      <Execution id="37eeff56-0189-4324-a700-31bac8cf8bbb" />
      <TestMethod codeBase="C:\projects\Aikido\firewall-dotnet\Aikido.Zen.Test\bin\Release\net9.0\Aikido.Zen.Tests.dll" adapterTypeName="executor://nunit3testexecutor/" className="Aikido.Zen.Test.StackTraceHelperTests" name="TruncateStackTrace_ShortStackTrace_ShouldNotTruncate" />
    </UnitTest>
    <UnitTest name="ConcurrentAccess_ToEndpoints_ShouldBeThreadSafe" storage="c:\projects\aikido\firewall-dotnet\aikido.zen.test\bin\release\net9.0\aikido.zen.tests.dll" id="6ecc7aae-5736-066f-ceec-ba8280fc9cc2">
      <Execution id="eca500b3-6ec0-403b-be85-6be21692da98" />
      <TestMethod codeBase="C:\projects\Aikido\firewall-dotnet\Aikido.Zen.Test\bin\Release\net9.0\Aikido.Zen.Tests.dll" adapterTypeName="executor://nunit3testexecutor/" className="Aikido.Zen.Test.ConcurrencyAgentContextTests" name="ConcurrentAccess_ToEndpoints_ShouldBeThreadSafe" />
    </UnitTest>
    <UnitTest name="AddRoute_ShouldAddRouteToDictionary" storage="c:\projects\aikido\firewall-dotnet\aikido.zen.test\bin\release\net9.0\aikido.zen.tests.dll" id="c3c63bcd-a3ac-2eba-1b56-9434475d9de1">
      <Execution id="6fb86f8e-ad4e-4118-846d-586276bf3ade" />
      <TestMethod codeBase="C:\projects\Aikido\firewall-dotnet\Aikido.Zen.Test\bin\Release\net9.0\Aikido.Zen.Tests.dll" adapterTypeName="executor://nunit3testexecutor/" className="Aikido.Zen.Test.AgentContextTests" name="AddRoute_ShouldAddRouteToDictionary" />
    </UnitTest>
    <UnitTest name="OnFileOperation_MultiplePathsOneUnsafe_ReturnsTrueWhenNotBlocking" storage="c:\projects\aikido\firewall-dotnet\aikido.zen.test\bin\release\net9.0\aikido.zen.tests.dll" id="ae26722c-0af5-23d2-8c78-f271344ac4d7">
      <Execution id="230f799b-f8f0-4f03-bfac-039385d755ac" />
      <TestMethod codeBase="C:\projects\Aikido\firewall-dotnet\Aikido.Zen.Test\bin\Release\net9.0\Aikido.Zen.Tests.dll" adapterTypeName="executor://nunit3testexecutor/" className="Aikido.Zen.Test.IOPatcherTests" name="OnFileOperation_MultiplePathsOneUnsafe_ReturnsTrueWhenNotBlocking" />
    </UnitTest>
    <UnitTest name="Test_8_ATTACK: MySQL injection with multiple values" storage="c:\projects\aikido\firewall-dotnet\aikido.zen.test\bin\release\net9.0\aikido.zen.tests.dll" id="35dd80bd-4040-413e-c11f-cf66bc280529">
      <Execution id="ea2f0d10-6309-4777-95fe-ddcbf0e057ca" />
      <TestMethod codeBase="C:\projects\Aikido\firewall-dotnet\Aikido.Zen.Test\bin\Release\net9.0\Aikido.Zen.Tests.dll" adapterTypeName="executor://nunit3testexecutor/" className="Aikido.Zen.Test.SQLInjectionDetectorTests" name="Test_8_ATTACK: MySQL injection with multiple values" />
    </UnitTest>
    <UnitTest name="MatchEndpoints_MultipleWildcards_ShouldFavorMoreSpecific" storage="c:\projects\aikido\firewall-dotnet\aikido.zen.test\bin\release\net9.0\aikido.zen.tests.dll" id="58a8fa22-a5ab-87b8-9aa3-b29c29805be0">
      <Execution id="7d6a256b-15b5-4d5b-82e0-1b121e91412a" />
      <TestMethod codeBase="C:\projects\Aikido\firewall-dotnet\Aikido.Zen.Test\bin\Release\net9.0\Aikido.Zen.Tests.dll" adapterTypeName="executor://nunit3testexecutor/" className="Aikido.Zen.Test.Helpers.RouteHelperTests" name="MatchEndpoints_MultipleWildcards_ShouldFavorMoreSpecific" />
    </UnitTest>
    <UnitTest name="Clear_RemovesAllItems" storage="c:\projects\aikido\firewall-dotnet\aikido.zen.test\bin\release\net9.0\aikido.zen.tests.dll" id="c1ca06b3-7ebe-89e4-3f33-f5f3b26bd689">
      <Execution id="f583dbef-37d5-4233-aa6f-f47e059cd293" />
      <TestMethod codeBase="C:\projects\Aikido\firewall-dotnet\Aikido.Zen.Test\bin\Release\net9.0\Aikido.Zen.Tests.dll" adapterTypeName="executor://nunit3testexecutor/" className="Aikido.Zen.Test.ConcurrentLFUDictionaryTests" name="Clear_RemovesAllItems" />
    </UnitTest>
    <UnitTest name="GetBlockedIps_ShouldThrowExceptionOnError" storage="c:\projects\aikido\firewall-dotnet\aikido.zen.test\bin\release\net9.0\aikido.zen.tests.dll" id="5f212f1b-cd2a-0220-02c4-3bc86ec652d3">
      <Execution id="27694a01-b583-4ab4-82dd-cca9227b38fd" />
      <TestMethod codeBase="C:\projects\Aikido\firewall-dotnet\Aikido.Zen.Test\bin\Release\net9.0\Aikido.Zen.Tests.dll" adapterTypeName="executor://nunit3testexecutor/" className="Aikido.Zen.Test.ReportingAPiClientTests" name="GetBlockedIps_ShouldThrowExceptionOnError" />
    </UnitTest>
    <UnitTest name="BuildRouteFromUrl_StaticFiles_DoesNotDetectAsSecrets" storage="c:\projects\aikido\firewall-dotnet\aikido.zen.test\bin\release\net9.0\aikido.zen.tests.dll" id="d5b1703c-029e-87cf-dd23-93bdb26936ca">
      <Execution id="65ee902c-4339-4582-a8e7-6c0e75e750e8" />
      <TestMethod codeBase="C:\projects\Aikido\firewall-dotnet\Aikido.Zen.Test\bin\Release\net9.0\Aikido.Zen.Tests.dll" adapterTypeName="executor://nunit3testexecutor/" className="Aikido.Zen.Test.Helpers.RouteParameterHelperTests" name="BuildRouteFromUrl_StaticFiles_DoesNotDetectAsSecrets" />
    </UnitTest>
    <UnitTest name="Interval_HasCorrectValue" storage="c:\projects\aikido\firewall-dotnet\aikido.zen.test\bin\release\net9.0\aikido.zen.tests.dll" id="cae40f9a-722a-6bdf-6db6-1f8c41349606">
      <Execution id="23776046-4a50-4049-8a14-69eaf7ac45e6" />
      <TestMethod codeBase="C:\projects\Aikido\firewall-dotnet\Aikido.Zen.Test\bin\Release\net9.0\Aikido.Zen.Tests.dll" adapterTypeName="executor://nunit3testexecutor/" className="Aikido.Zen.Test.HeartbeatTests" name="Interval_HasCorrectValue" />
    </UnitTest>
    <UnitTest name="Properties_CanBeSetAndRetrieved" storage="c:\projects\aikido\firewall-dotnet\aikido.zen.test\bin\release\net9.0\aikido.zen.tests.dll" id="d1605620-bde0-5aa4-49d5-6f47168f3b89">
      <Execution id="9f311217-8716-4084-9538-5ee04639be12" />
      <TestMethod codeBase="C:\projects\Aikido\firewall-dotnet\Aikido.Zen.Test\bin\Release\net9.0\Aikido.Zen.Tests.dll" adapterTypeName="executor://nunit3testexecutor/" className="Aikido.Zen.Test.DetectedAttackTests" name="Properties_CanBeSetAndRetrieved" />
    </UnitTest>
    <UnitTest name="PathIsSingleRouteParameter_VariousPaths_ReturnsExpectedResult(&quot;/test+something&quot;,True)" storage="c:\projects\aikido\firewall-dotnet\aikido.zen.test\bin\release\net9.0\aikido.zen.tests.dll" id="0bdfa125-ce04-dbba-9682-35df7cb10594">
      <Execution id="1082861b-e971-40e6-8a4b-f3f6be685259" />
      <TestMethod codeBase="C:\projects\Aikido\firewall-dotnet\Aikido.Zen.Test\bin\Release\net9.0\Aikido.Zen.Tests.dll" adapterTypeName="executor://nunit3testexecutor/" className="Aikido.Zen.Test.Helpers.RouteHelperTests" name="PathIsSingleRouteParameter_VariousPaths_ReturnsExpectedResult(&quot;/test+something&quot;,True)" />
    </UnitTest>
    <UnitTest name="ToAPIResponse_UnexpectedStatusCode_ShouldReturnErrorResponse" storage="c:\projects\aikido\firewall-dotnet\aikido.zen.test\bin\release\net9.0\aikido.zen.tests.dll" id="8c228e19-d753-b836-b3f1-9f132d11e0aa">
      <Execution id="ef7a5bfe-c706-4c00-9f86-689d8c5cd37a" />
      <TestMethod codeBase="C:\projects\Aikido\firewall-dotnet\Aikido.Zen.Test\bin\Release\net9.0\Aikido.Zen.Tests.dll" adapterTypeName="executor://nunit3testexecutor/" className="Aikido.Zen.Test.Helpers.APIHelperTests" name="ToAPIResponse_UnexpectedStatusCode_ShouldReturnErrorResponse" />
    </UnitTest>
    <UnitTest name="UserConstructor_ShouldThrowException_WhenNameIsEmpty" storage="c:\projects\aikido\firewall-dotnet\aikido.zen.test\bin\release\net9.0\aikido.zen.tests.dll" id="6ea4016a-f5e2-2b96-3b9b-e2e913600927">
      <Execution id="6d71ea17-a236-4f0b-bd8c-3bfb987ca41a" />
      <TestMethod codeBase="C:\projects\Aikido\firewall-dotnet\Aikido.Zen.Test\bin\Release\net9.0\Aikido.Zen.Tests.dll" adapterTypeName="executor://nunit3testexecutor/" className="Aikido.Zen.Test.UserTests" name="UserConstructor_ShouldThrowException_WhenNameIsEmpty" />
    </UnitTest>
    <UnitTest name="ContainsPrivateIPAddress_ShouldReturnFalse_ForInvalidIPs" storage="c:\projects\aikido\firewall-dotnet\aikido.zen.test\bin\release\net9.0\aikido.zen.tests.dll" id="cf6cbdb8-591a-93d7-4c4d-56ae1faa81e0">
      <Execution id="9259a055-16a3-4ce5-9293-71501d3ac031" />
      <TestMethod codeBase="C:\projects\Aikido\firewall-dotnet\Aikido.Zen.Test\bin\Release\net9.0\Aikido.Zen.Tests.dll" adapterTypeName="executor://nunit3testexecutor/" className="Aikido.Zen.Test.Helpers.IPHelperTests" name="ContainsPrivateIPAddress_ShouldReturnFalse_ForInvalidIPs" />
    </UnitTest>
    <UnitTest name="RemoveScheduledEvent_WithNullScheduleId_ThrowsArgumentNullException" storage="c:\projects\aikido\firewall-dotnet\aikido.zen.test\bin\release\net9.0\aikido.zen.tests.dll" id="49e5e573-412e-9717-47e6-b935c730a12b">
      <Execution id="f5c00b0f-65cd-42f8-afb8-cd684b8ee55f" />
      <TestMethod codeBase="C:\projects\Aikido\firewall-dotnet\Aikido.Zen.Test\bin\Release\net9.0\Aikido.Zen.Tests.dll" adapterTypeName="executor://nunit3testexecutor/" className="Aikido.Zen.Test.AgentTests" name="RemoveScheduledEvent_WithNullScheduleId_ThrowsArgumentNullException" />
    </UnitTest>
    <UnitTest name="ShouldAddRoute_ShouldReturnExpectedResult(&quot;/api/resource.asmx&quot;,&quot;GET&quot;,200,True)" storage="c:\projects\aikido\firewall-dotnet\aikido.zen.test\bin\release\net9.0\aikido.zen.tests.dll" id="087490e1-f856-8113-1045-18a6475348cc">
      <Execution id="0e6a72f8-4fb1-489b-98f8-929683f38854" />
      <TestMethod codeBase="C:\projects\Aikido\firewall-dotnet\Aikido.Zen.Test\bin\Release\net9.0\Aikido.Zen.Tests.dll" adapterTypeName="executor://nunit3testexecutor/" className="Aikido.Zen.Test.Helpers.RouteHelperTests" name="ShouldAddRoute_ShouldReturnExpectedResult(&quot;/api/resource.asmx&quot;,&quot;GET&quot;,200,True)" />
    </UnitTest>
    <UnitTest name="ShouldAddRoute_ShouldReturnExpectedResult(&quot;/api/resource&quot;,&quot;HEAD&quot;,200,False)" storage="c:\projects\aikido\firewall-dotnet\aikido.zen.test\bin\release\net9.0\aikido.zen.tests.dll" id="623652c5-19e9-ada3-9098-930fa7153db5">
      <Execution id="e50b5fe4-f089-4518-8291-18abc84c3b32" />
      <TestMethod codeBase="C:\projects\Aikido\firewall-dotnet\Aikido.Zen.Test\bin\Release\net9.0\Aikido.Zen.Tests.dll" adapterTypeName="executor://nunit3testexecutor/" className="Aikido.Zen.Test.Helpers.RouteHelperTests" name="ShouldAddRoute_ShouldReturnExpectedResult(&quot;/api/resource&quot;,&quot;HEAD&quot;,200,False)" />
    </UnitTest>
    <UnitTest name="Test_application/json_14" storage="c:\projects\aikido\firewall-dotnet\aikido.zen.test\bin\release\net9.0\aikido.zen.tests.dll" id="3620948a-9f9f-8950-b4dc-e53d7b462c5b">
      <Execution id="c152c351-be75-4fea-a9eb-7eacc164b911" />
      <TestMethod codeBase="C:\projects\Aikido\firewall-dotnet\Aikido.Zen.Test\bin\Release\net9.0\Aikido.Zen.Tests.dll" adapterTypeName="executor://nunit3testexecutor/" className="Aikido.Zen.Test.Helpers.HttpHelperTests" name="Test_application/json_14" />
    </UnitTest>
    <UnitTest name="ScheduleEvent_WithNullScheduleId_ThrowsArgumentNullException" storage="c:\projects\aikido\firewall-dotnet\aikido.zen.test\bin\release\net9.0\aikido.zen.tests.dll" id="7aad1581-f20f-940a-8ed6-eb0b87093041">
      <Execution id="6415f782-f710-4096-bc32-ca5b9417a7f2" />
      <TestMethod codeBase="C:\projects\Aikido\firewall-dotnet\Aikido.Zen.Test\bin\Release\net9.0\Aikido.Zen.Tests.dll" adapterTypeName="executor://nunit3testexecutor/" className="Aikido.Zen.Test.AgentTests" name="ScheduleEvent_WithNullScheduleId_ThrowsArgumentNullException" />
    </UnitTest>
    <UnitTest name="ShouldAddRoute_ShouldReturnExpectedResult(&quot;/whatever/cgi-bin&quot;,&quot;GET&quot;,200,False)" storage="c:\projects\aikido\firewall-dotnet\aikido.zen.test\bin\release\net9.0\aikido.zen.tests.dll" id="586bbae1-688e-ee14-8220-8628e87062db">
      <Execution id="09cbcde4-dd99-42ba-8600-b5281a393218" />
      <TestMethod codeBase="C:\projects\Aikido\firewall-dotnet\Aikido.Zen.Test\bin\Release\net9.0\Aikido.Zen.Tests.dll" adapterTypeName="executor://nunit3testexecutor/" className="Aikido.Zen.Test.Helpers.RouteHelperTests" name="ShouldAddRoute_ShouldReturnExpectedResult(&quot;/whatever/cgi-bin&quot;,&quot;GET&quot;,200,False)" />
    </UnitTest>
    <UnitTest name="DetectPathTraversal_WithNullContext_ReturnsFalse" storage="c:\projects\aikido\firewall-dotnet\aikido.zen.test\bin\release\net9.0\aikido.zen.tests.dll" id="44ae273d-0dab-b2ee-b7c7-4f9fbf983de0">
      <Execution id="f6e419d2-3020-433a-806b-274ab79dbdd0" />
      <TestMethod codeBase="C:\projects\Aikido\firewall-dotnet\Aikido.Zen.Test\bin\Release\net9.0\Aikido.Zen.Tests.dll" adapterTypeName="executor://nunit3testexecutor/" className="Aikido.Zen.Test.Helpers.PathTraversalHelperTests" name="DetectPathTraversal_WithNullContext_ReturnsFalse" />
    </UnitTest>
    <UnitTest name="LooksLikeASecret_ShortStrings_ReturnsFalse(&quot;KJr6s&quot;)" storage="c:\projects\aikido\firewall-dotnet\aikido.zen.test\bin\release\net9.0\aikido.zen.tests.dll" id="07429e3d-a910-557b-260c-e0e5aa82e652">
      <Execution id="29d5272e-f5a4-41d5-8d39-7770e48f405a" />
      <TestMethod codeBase="C:\projects\Aikido\firewall-dotnet\Aikido.Zen.Test\bin\Release\net9.0\Aikido.Zen.Tests.dll" adapterTypeName="executor://nunit3testexecutor/" className="Aikido.Zen.Test.Helpers.RouteParameterHelperTests" name="LooksLikeASecret_ShortStrings_ReturnsFalse(&quot;KJr6s&quot;)" />
    </UnitTest>
    <UnitTest name="MatchRoute_ShouldReturnExpectedResult(&quot;/api/{id}&quot;,&quot;/api/123&quot;,True)" storage="c:\projects\aikido\firewall-dotnet\aikido.zen.test\bin\release\net9.0\aikido.zen.tests.dll" id="c131033a-18f3-f9b3-b8c2-b9ac365aff3f">
      <Execution id="760ac209-3c39-4fbb-a55b-18db07f3a93e" />
      <TestMethod codeBase="C:\projects\Aikido\firewall-dotnet\Aikido.Zen.Test\bin\Release\net9.0\Aikido.Zen.Tests.dll" adapterTypeName="executor://nunit3testexecutor/" className="Aikido.Zen.Test.Helpers.RouteHelperTests" name="MatchRoute_ShouldReturnExpectedResult(&quot;/api/{id}&quot;,&quot;/api/123&quot;,True)" />
    </UnitTest>
    <UnitTest name="Test_SAFE: Spaces around environment variable assignments" storage="c:\projects\aikido\firewall-dotnet\aikido.zen.test\bin\release\net9.0\aikido.zen.tests.dll" id="eb26ffc8-bb05-1157-6c7c-826d940d264e">
      <Execution id="426c3f99-2dbc-4ef5-94d5-8ff7f3e22c7e" />
      <TestMethod codeBase="C:\projects\Aikido\firewall-dotnet\Aikido.Zen.Test\bin\Release\net9.0\Aikido.Zen.Tests.dll" adapterTypeName="executor://nunit3testexecutor/" className="Aikido.Zen.Test.ShellInjectionDetectorTests" name="Test_SAFE: Spaces around environment variable assignments" />
    </UnitTest>
    <UnitTest name="MatchRoute_ShouldReturnExpectedResult(&quot;/api/{id}/details/{subId}&quot;,&quot;/api/123/details/456&quot;,True)" storage="c:\projects\aikido\firewall-dotnet\aikido.zen.test\bin\release\net9.0\aikido.zen.tests.dll" id="6d0e85be-6133-d32b-a1e3-e212f436f307">
      <Execution id="8e66f2ce-6662-494a-8062-3836de9c6a1f" />
      <TestMethod codeBase="C:\projects\Aikido\firewall-dotnet\Aikido.Zen.Test\bin\Release\net9.0\Aikido.Zen.Tests.dll" adapterTypeName="executor://nunit3testexecutor/" className="Aikido.Zen.Test.Helpers.RouteHelperTests" name="MatchRoute_ShouldReturnExpectedResult(&quot;/api/{id}/details/{subId}&quot;,&quot;/api/123/details/456&quot;,True)" />
    </UnitTest>
    <UnitTest name="Test_text/html_13" storage="c:\projects\aikido\firewall-dotnet\aikido.zen.test\bin\release\net9.0\aikido.zen.tests.dll" id="37699146-bdb2-6a37-5969-197116623f77">
      <Execution id="b895f586-b937-4859-91ca-e1f6729ac5dd" />
      <TestMethod codeBase="C:\projects\Aikido\firewall-dotnet\Aikido.Zen.Test\bin\Release\net9.0\Aikido.Zen.Tests.dll" adapterTypeName="executor://nunit3testexecutor/" className="Aikido.Zen.Test.Helpers.HttpHelperTests" name="Test_text/html_13" />
    </UnitTest>
    <UnitTest name="GetKeys_EmptyCache_ShouldReturnEmptyCollection" storage="c:\projects\aikido\firewall-dotnet\aikido.zen.test\bin\release\net9.0\aikido.zen.tests.dll" id="9e023c44-530f-f3d8-bcb0-516c76b5f20c">
      <Execution id="59317c4b-d239-49a3-95b0-ad88dbc752f9" />
      <TestMethod codeBase="C:\projects\Aikido\firewall-dotnet\Aikido.Zen.Test\bin\Release\net9.0\Aikido.Zen.Tests.dll" adapterTypeName="executor://nunit3testexecutor/" className="Aikido.Zen.Test.LRUCacheTests" name="GetKeys_EmptyCache_ShouldReturnEmptyCollection" />
    </UnitTest>
    <UnitTest name="GetMethodFromAssembly_InvalidMethod_ReturnsNull" storage="c:\projects\aikido\firewall-dotnet\aikido.zen.test\bin\release\net9.0\aikido.zen.tests.dll" id="a5b9bd49-ebc4-a9c4-f1b0-3258cf770c52">
      <Execution id="ae152d4f-a49b-4900-956b-2067a93089e0" />
      <TestMethod codeBase="C:\projects\Aikido\firewall-dotnet\Aikido.Zen.Test\bin\Release\net9.0\Aikido.Zen.Tests.dll" adapterTypeName="executor://nunit3testexecutor/" className="Aikido.Zen.Test.Helpers.ReflectionHelperTests" name="GetMethodFromAssembly_InvalidMethod_ReturnsNull" />
    </UnitTest>
    <UnitTest name="Test_SAFE: Encapsulated pipe symbol" storage="c:\projects\aikido\firewall-dotnet\aikido.zen.test\bin\release\net9.0\aikido.zen.tests.dll" id="b990dbe5-6c39-989b-2cac-3a2bb169d2e6">
      <Execution id="70b8b2de-5239-4cac-9289-b757b65b29ec" />
      <TestMethod codeBase="C:\projects\Aikido\firewall-dotnet\Aikido.Zen.Test\bin\Release\net9.0\Aikido.Zen.Tests.dll" adapterTypeName="executor://nunit3testexecutor/" className="Aikido.Zen.Test.ShellInjectionDetectorTests" name="Test_SAFE: Encapsulated pipe symbol" />
    </UnitTest>
    <UnitTest name="HasExactMatch_ShouldHaveCorrectPriority" storage="c:\projects\aikido\firewall-dotnet\aikido.zen.test\bin\release\net9.0\aikido.zen.tests.dll" id="2be8a576-5eac-e0bd-cb77-76f04c841bb8">
      <Execution id="56151809-b7d2-4f4a-8a60-87dfbe91b27f" />
      <TestMethod codeBase="C:\projects\Aikido\firewall-dotnet\Aikido.Zen.Test\bin\Release\net9.0\Aikido.Zen.Tests.dll" adapterTypeName="executor://nunit3testexecutor/" className="Aikido.Zen.Test.Helpers.RouteHelperTests" name="HasExactMatch_ShouldHaveCorrectPriority" />
    </UnitTest>
    <UnitTest name="GetBodyDataType_WithFormUrlEncoded_ReturnsFormUrlEncoded" storage="c:\projects\aikido\firewall-dotnet\aikido.zen.test\bin\release\net9.0\aikido.zen.tests.dll" id="7157d0be-b62f-021a-e3af-05bf367e0b8d">
      <Execution id="8c7c6924-9560-431d-980f-92dc1bf7b021" />
      <TestMethod codeBase="C:\projects\Aikido\firewall-dotnet\Aikido.Zen.Test\bin\Release\net9.0\Aikido.Zen.Tests.dll" adapterTypeName="executor://nunit3testexecutor/" className="Aikido.Zen.Test.Helpers.ApiDataTypeHelperTests" name="GetBodyDataType_WithFormUrlEncoded_ReturnsFormUrlEncoded" />
    </UnitTest>
    <UnitTest name="AddOrUpdate_AddsNewItemSuccessfully_AndIncrementsHits" storage="c:\projects\aikido\firewall-dotnet\aikido.zen.test\bin\release\net9.0\aikido.zen.tests.dll" id="844c0ed0-70e4-b4bd-25b4-a91681d47952">
      <Execution id="e0e52d6a-8494-40a3-ac4c-ed87a7c2ae08" />
      <TestMethod codeBase="C:\projects\Aikido\firewall-dotnet\Aikido.Zen.Test\bin\Release\net9.0\Aikido.Zen.Tests.dll" adapterTypeName="executor://nunit3testexecutor/" className="Aikido.Zen.Test.ConcurrentLFUDictionaryTests" name="AddOrUpdate_AddsNewItemSuccessfully_AndIncrementsHits" />
    </UnitTest>
    <UnitTest name="Constructor_WithNullApi_ThrowsArgumentNullException" storage="c:\projects\aikido\firewall-dotnet\aikido.zen.test\bin\release\net9.0\aikido.zen.tests.dll" id="bcaec5b1-bacf-53b1-59cb-d85ea44711f0">
      <Execution id="233f64c6-b2f7-458c-a7a2-ddd61dfd6437" />
      <TestMethod codeBase="C:\projects\Aikido\firewall-dotnet\Aikido.Zen.Test\bin\Release\net9.0\Aikido.Zen.Tests.dll" adapterTypeName="executor://nunit3testexecutor/" className="Aikido.Zen.Test.AgentTests" name="Constructor_WithNullApi_ThrowsArgumentNullException" />
    </UnitTest>
    <UnitTest name="GetApiInfo_WithPrimitiveBody_ReturnsCorrectSpec" storage="c:\projects\aikido\firewall-dotnet\aikido.zen.test\bin\release\net9.0\aikido.zen.tests.dll" id="01cce852-e777-afe1-f22b-0399a6ef969a">
      <Execution id="2ac6574d-7d18-4d39-bd74-aea293fa29bd" />
      <TestMethod codeBase="C:\projects\Aikido\firewall-dotnet\Aikido.Zen.Test\bin\Release\net9.0\Aikido.Zen.Tests.dll" adapterTypeName="executor://nunit3testexecutor/" className="Aikido.Zen.Test.Helpers.ApiInfoHelperTests" name="GetApiInfo_WithPrimitiveBody_ReturnsCorrectSpec" />
    </UnitTest>
    <UnitTest name="Reset_ClearsStatsAndUpdatesStartedAt" storage="c:\projects\aikido\firewall-dotnet\aikido.zen.test\bin\release\net9.0\aikido.zen.tests.dll" id="9da95370-45f7-c3b1-a2de-664c6907f018">
      <Execution id="43205238-651f-4e87-9496-187949f6e070" />
      <TestMethod codeBase="C:\projects\Aikido\firewall-dotnet\Aikido.Zen.Test\bin\Release\net9.0\Aikido.Zen.Tests.dll" adapterTypeName="executor://nunit3testexecutor/" className="Aikido.Zen.Test.StatsTests" name="Reset_ClearsStatsAndUpdatesStartedAt" />
    </UnitTest>
    <UnitTest name="CalculatePercentiles_SimpleCases" storage="c:\projects\aikido\firewall-dotnet\aikido.zen.test\bin\release\net9.0\aikido.zen.tests.dll" id="e204153b-59db-d713-cc18-5e1b16fe5cc2">
      <Execution id="47022fe6-0a81-40b8-b88c-fb405a5e72c9" />
      <TestMethod codeBase="C:\projects\Aikido\firewall-dotnet\Aikido.Zen.Test\bin\Release\net9.0\Aikido.Zen.Tests.dll" adapterTypeName="executor://nunit3testexecutor/" className="Aikido.Zen.Test.StatsTests" name="CalculatePercentiles_SimpleCases" />
    </UnitTest>
    <UnitTest name="IsBlocked_ShouldCheckAllBlockingConditions" storage="c:\projects\aikido\firewall-dotnet\aikido.zen.test\bin\release\net9.0\aikido.zen.tests.dll" id="2109b7d7-ad29-57d9-2e89-d096205acc51">
      <Execution id="7cf20164-7d37-4087-9060-16cc3d3eb6b9" />
      <TestMethod codeBase="C:\projects\Aikido\firewall-dotnet\Aikido.Zen.Test\bin\Release\net9.0\Aikido.Zen.Tests.dll" adapterTypeName="executor://nunit3testexecutor/" className="Aikido.Zen.Test.AgentContextTests" name="IsBlocked_ShouldCheckAllBlockingConditions" />
    </UnitTest>
    <UnitTest name="Constructor_WithInvalidCapacity_ThrowsArgumentException" storage="c:\projects\aikido\firewall-dotnet\aikido.zen.test\bin\release\net9.0\aikido.zen.tests.dll" id="eae0e59b-2951-cc02-a72f-347de2e82018">
      <Execution id="d1cfc574-9a14-4026-8061-98fd4c17fe27" />
      <TestMethod codeBase="C:\projects\Aikido\firewall-dotnet\Aikido.Zen.Test\bin\Release\net9.0\Aikido.Zen.Tests.dll" adapterTypeName="executor://nunit3testexecutor/" className="Aikido.Zen.Test.ConcurrentLFUDictionaryTests" name="Constructor_WithInvalidCapacity_ThrowsArgumentException" />
    </UnitTest>
    <UnitTest name="Test_INJECTION: Command substitution with backticks" storage="c:\projects\aikido\firewall-dotnet\aikido.zen.test\bin\release\net9.0\aikido.zen.tests.dll" id="5a08dad3-9edb-464b-fad6-3f7ff42d7db3">
      <Execution id="a63abf1d-62d3-457b-866c-452afaf9862b" />
      <TestMethod codeBase="C:\projects\Aikido\firewall-dotnet\Aikido.Zen.Test\bin\Release\net9.0\Aikido.Zen.Tests.dll" adapterTypeName="executor://nunit3testexecutor/" className="Aikido.Zen.Test.ShellInjectionDetectorTests" name="Test_INJECTION: Command substitution with backticks" />
    </UnitTest>
    <UnitTest name="TryGetValue_AfterTTLExpiration_ShouldReturnFalse" storage="c:\projects\aikido\firewall-dotnet\aikido.zen.test\bin\release\net9.0\aikido.zen.tests.dll" id="c1cc79ee-cc53-993d-8d10-de344e33f162">
      <Execution id="d55893ce-e075-4ea3-ada4-3a49daae9d46" />
      <TestMethod codeBase="C:\projects\Aikido\firewall-dotnet\Aikido.Zen.Test\bin\Release\net9.0\Aikido.Zen.Tests.dll" adapterTypeName="executor://nunit3testexecutor/" className="Aikido.Zen.Test.LRUCacheTests" name="TryGetValue_AfterTTLExpiration_ShouldReturnFalse" />
    </UnitTest>
    <UnitTest name="ClearCache_ClearsAllCachedData" storage="c:\projects\aikido\firewall-dotnet\aikido.zen.test\bin\release\net9.0\aikido.zen.tests.dll" id="a9fa045e-69cd-035b-dc04-33dc0a05a0d5">
      <Execution id="fcc2374c-57f0-45a5-9764-086cd2b5894e" />
      <TestMethod codeBase="C:\projects\Aikido\firewall-dotnet\Aikido.Zen.Test\bin\Release\net9.0\Aikido.Zen.Tests.dll" adapterTypeName="executor://nunit3testexecutor/" className="Aikido.Zen.Test.Helpers.ReflectionHelperTests" name="ClearCache_ClearsAllCachedData" />
    </UnitTest>
    <UnitTest name="AddAttackDetected_ShouldIncrementAttacksDetected" storage="c:\projects\aikido\firewall-dotnet\aikido.zen.test\bin\release\net9.0\aikido.zen.tests.dll" id="a42cf65c-70eb-299a-6d27-e8a39d928d0d">
      <Execution id="de18332c-bb35-49b3-8580-368e16b0abeb" />
      <TestMethod codeBase="C:\projects\Aikido\firewall-dotnet\Aikido.Zen.Test\bin\Release\net9.0\Aikido.Zen.Tests.dll" adapterTypeName="executor://nunit3testexecutor/" className="Aikido.Zen.Test.AgentContextTests" name="AddAttackDetected_ShouldIncrementAttacksDetected" />
    </UnitTest>
    <UnitTest name="ShouldAddRoute_ShouldReturnExpectedResult(&quot;/test.properties&quot;,&quot;GET&quot;,200,False)" storage="c:\projects\aikido\firewall-dotnet\aikido.zen.test\bin\release\net9.0\aikido.zen.tests.dll" id="5186bd09-617b-101d-ff00-eba3e283b06a">
      <Execution id="288f98fa-fa03-4696-b117-e1c64ffd1939" />
      <TestMethod codeBase="C:\projects\Aikido\firewall-dotnet\Aikido.Zen.Test\bin\Release\net9.0\Aikido.Zen.Tests.dll" adapterTypeName="executor://nunit3testexecutor/" className="Aikido.Zen.Test.Helpers.RouteHelperTests" name="ShouldAddRoute_ShouldReturnExpectedResult(&quot;/test.properties&quot;,&quot;GET&quot;,200,False)" />
    </UnitTest>
    <UnitTest name="GetBodyDataType_WithJsonContentType_ReturnsJson" storage="c:\projects\aikido\firewall-dotnet\aikido.zen.test\bin\release\net9.0\aikido.zen.tests.dll" id="47667014-5abc-f267-52e0-92fba80a3dd7">
      <Execution id="1af3a42b-cefc-4f5b-a93e-f3095655cd69" />
      <TestMethod codeBase="C:\projects\Aikido\firewall-dotnet\Aikido.Zen.Test\bin\Release\net9.0\Aikido.Zen.Tests.dll" adapterTypeName="executor://nunit3testexecutor/" className="Aikido.Zen.Test.Helpers.ApiDataTypeHelperTests" name="GetBodyDataType_WithJsonContentType_ReturnsJson" />
    </UnitTest>
    <UnitTest name="ToCidrString_ShouldReturnSingleCidr_WhenSingleIpProvided" storage="c:\projects\aikido\firewall-dotnet\aikido.zen.test\bin\release\net9.0\aikido.zen.tests.dll" id="2ca1a5f1-15f2-f025-3f42-3aa0ece04ca6">
      <Execution id="00fcbb89-1aaf-4589-be57-e9161486231b" />
      <TestMethod codeBase="C:\projects\Aikido\firewall-dotnet\Aikido.Zen.Test\bin\Release\net9.0\Aikido.Zen.Tests.dll" adapterTypeName="executor://nunit3testexecutor/" className="Aikido.Zen.Test.Helpers.IPHelperTests" name="ToCidrString_ShouldReturnSingleCidr_WhenSingleIpProvided" />
    </UnitTest>
    <UnitTest name="TruncateStackTrace_ShouldTruncate" storage="c:\projects\aikido\firewall-dotnet\aikido.zen.test\bin\release\net9.0\aikido.zen.tests.dll" id="20f3287a-cdb4-41d7-11b6-13da7adf8144">
      <Execution id="c843f0c8-990f-4658-85f8-8dfe7acf5fa3" />
      <TestMethod codeBase="C:\projects\Aikido\firewall-dotnet\Aikido.Zen.Test\bin\Release\net9.0\Aikido.Zen.Tests.dll" adapterTypeName="executor://nunit3testexecutor/" className="Aikido.Zen.Test.StackTraceHelperTests" name="TruncateStackTrace_ShouldTruncate" />
    </UnitTest>
    <UnitTest name="IsAllowed_WithZeroMaxRequests_ShouldAlwaysDeny" storage="c:\projects\aikido\firewall-dotnet\aikido.zen.test\bin\release\net9.0\aikido.zen.tests.dll" id="e48d7b10-3fd4-c969-4117-fbd10261f540">
      <Execution id="ea0542c3-ea45-43d6-8a0e-c7a6c680b69e" />
      <TestMethod codeBase="C:\projects\Aikido\firewall-dotnet\Aikido.Zen.Test\bin\Release\net9.0\Aikido.Zen.Tests.dll" adapterTypeName="executor://nunit3testexecutor/" className="Aikido.Zen.Test.Helpers.RateLimitingHelperTests" name="IsAllowed_WithZeroMaxRequests_ShouldAlwaysDeny" />
    </UnitTest>
    <UnitTest name="ShouldAddRoute_EdgeCases_ShouldReturnExpectedResult(&quot;/.hidden/resource/file.css&quot;,&quot;GET&quot;,200,False)" storage="c:\projects\aikido\firewall-dotnet\aikido.zen.test\bin\release\net9.0\aikido.zen.tests.dll" id="b7e30521-de20-93d7-8cd1-eba72abc123d">
      <Execution id="0b7d8f65-cf7d-4a51-ad2c-188638707316" />
      <TestMethod codeBase="C:\projects\Aikido\firewall-dotnet\Aikido.Zen.Test\bin\Release\net9.0\Aikido.Zen.Tests.dll" adapterTypeName="executor://nunit3testexecutor/" className="Aikido.Zen.Test.Helpers.RouteHelperTests" name="ShouldAddRoute_EdgeCases_ShouldReturnExpectedResult(&quot;/.hidden/resource/file.css&quot;,&quot;GET&quot;,200,False)" />
    </UnitTest>
    <UnitTest name="Test_Generic_ATTACK: SQL injection with comment" storage="c:\projects\aikido\firewall-dotnet\aikido.zen.test\bin\release\net9.0\aikido.zen.tests.dll" id="ddafde8e-e30d-b21f-46d6-678a7aaadfa4">
      <Execution id="75ad4efa-ed96-4ab9-8dcd-4dd669ea64e3" />
      <TestMethod codeBase="C:\projects\Aikido\firewall-dotnet\Aikido.Zen.Test\bin\Release\net9.0\Aikido.Zen.Tests.dll" adapterTypeName="executor://nunit3testexecutor/" className="Aikido.Zen.Test.SQLInjectionDetectorTests" name="Test_Generic_ATTACK: SQL injection with comment" />
    </UnitTest>
    <UnitTest name="Test_multipart/form-data; boundary=boundary_8" storage="c:\projects\aikido\firewall-dotnet\aikido.zen.test\bin\release\net9.0\aikido.zen.tests.dll" id="578c8fe1-acb0-2101-03c4-b370966e8b23">
      <Execution id="897378a3-655a-4b9a-bd95-2e4b4c4252a1" />
      <TestMethod codeBase="C:\projects\Aikido\firewall-dotnet\Aikido.Zen.Test\bin\Release\net9.0\Aikido.Zen.Tests.dll" adapterTypeName="executor://nunit3testexecutor/" className="Aikido.Zen.Test.Helpers.HttpHelperTests" name="Test_multipart/form-data; boundary=boundary_8" />
    </UnitTest>
    <UnitTest name="LooksLikeASecret_ShortStrings_ReturnsFalse(&quot;4qEK&quot;)" storage="c:\projects\aikido\firewall-dotnet\aikido.zen.test\bin\release\net9.0\aikido.zen.tests.dll" id="f96a22d1-d9a7-a412-53f0-ec6eccbf61a0">
      <Execution id="48807b83-62e0-41ec-b92f-62beaae2056d" />
      <TestMethod codeBase="C:\projects\Aikido\firewall-dotnet\Aikido.Zen.Test\bin\Release\net9.0\Aikido.Zen.Tests.dll" adapterTypeName="executor://nunit3testexecutor/" className="Aikido.Zen.Test.Helpers.RouteParameterHelperTests" name="LooksLikeASecret_ShortStrings_ReturnsFalse(&quot;4qEK&quot;)" />
    </UnitTest>
    <UnitTest name="IsRouteParameter_ShouldReturnExpectedResult(&quot;parameter}&quot;,False)" storage="c:\projects\aikido\firewall-dotnet\aikido.zen.test\bin\release\net9.0\aikido.zen.tests.dll" id="14c937ee-0c28-b812-e7e0-f0b77d43aae1">
      <Execution id="5cf009d3-8427-4603-9633-44f4df86953d" />
      <TestMethod codeBase="C:\projects\Aikido\firewall-dotnet\Aikido.Zen.Test\bin\Release\net9.0\Aikido.Zen.Tests.dll" adapterTypeName="executor://nunit3testexecutor/" className="Aikido.Zen.Test.Helpers.RouteHelperTests" name="IsRouteParameter_ShouldReturnExpectedResult(&quot;parameter}&quot;,False)" />
    </UnitTest>
    <UnitTest name="Test_SAFE: Trailing space after the command" storage="c:\projects\aikido\firewall-dotnet\aikido.zen.test\bin\release\net9.0\aikido.zen.tests.dll" id="b4e551da-82c8-119b-d8d2-36802605c57d">
      <Execution id="a65282d2-acb4-437e-83f2-8f066ad04023" />
      <TestMethod codeBase="C:\projects\Aikido\firewall-dotnet\Aikido.Zen.Test\bin\Release\net9.0\Aikido.Zen.Tests.dll" adapterTypeName="executor://nunit3testexecutor/" className="Aikido.Zen.Test.ShellInjectionDetectorTests" name="Test_SAFE: Trailing space after the command" />
    </UnitTest>
    <UnitTest name="Test_INJECTION: Dangerous command sleep 10 &amp;" storage="c:\projects\aikido\firewall-dotnet\aikido.zen.test\bin\release\net9.0\aikido.zen.tests.dll" id="a40c4b1b-f2c2-daa9-81f2-c895d93515d3">
      <Execution id="c8b29de7-816e-4461-bbe3-7c3b1bc80128" />
      <TestMethod codeBase="C:\projects\Aikido\firewall-dotnet\Aikido.Zen.Test\bin\Release\net9.0\Aikido.Zen.Tests.dll" adapterTypeName="executor://nunit3testexecutor/" className="Aikido.Zen.Test.ShellInjectionDetectorTests" name="Test_INJECTION: Dangerous command sleep 10 &amp;" />
    </UnitTest>
    <UnitTest name="GetBodyDataType_WithVendorJsonContentType_ReturnsJson" storage="c:\projects\aikido\firewall-dotnet\aikido.zen.test\bin\release\net9.0\aikido.zen.tests.dll" id="02190df6-cbd9-ade0-e007-41b487abd1e2">
      <Execution id="2eaac602-9209-46af-ac6e-39bad50cfe49" />
      <TestMethod codeBase="C:\projects\Aikido\firewall-dotnet\Aikido.Zen.Test\bin\Release\net9.0\Aikido.Zen.Tests.dll" adapterTypeName="executor://nunit3testexecutor/" className="Aikido.Zen.Test.Helpers.ApiDataTypeHelperTests" name="GetBodyDataType_WithVendorJsonContentType_ReturnsJson" />
    </UnitTest>
    <UnitTest name="Test_INJECTION: Dangerous command poweroff" storage="c:\projects\aikido\firewall-dotnet\aikido.zen.test\bin\release\net9.0\aikido.zen.tests.dll" id="3355bd50-199f-21e8-f4a5-bb899b1c7aed">
      <Execution id="debe5b9e-b21f-4366-b3ac-d257d60e7fb8" />
      <TestMethod codeBase="C:\projects\Aikido\firewall-dotnet\Aikido.Zen.Test\bin\Release\net9.0\Aikido.Zen.Tests.dll" adapterTypeName="executor://nunit3testexecutor/" className="Aikido.Zen.Test.ShellInjectionDetectorTests" name="Test_INJECTION: Dangerous command poweroff" />
    </UnitTest>
    <UnitTest name="AikidoUrl_CanBeSetAndRetrieved" storage="c:\projects\aikido\firewall-dotnet\aikido.zen.test\bin\release\net9.0\aikido.zen.tests.dll" id="9a549657-a7f4-965b-3c1e-dcfe050d5ea9">
      <Execution id="7b801c56-ff6a-4f16-8a73-2cc9d6668118" />
      <TestMethod codeBase="C:\projects\Aikido\firewall-dotnet\Aikido.Zen.Test\bin\Release\net9.0\Aikido.Zen.Tests.dll" adapterTypeName="executor://nunit3testexecutor/" className="Aikido.Zen.Test.AikidoOptionsTests" name="AikidoUrl_CanBeSetAndRetrieved" />
    </UnitTest>
    <UnitTest name="EndpointMatching_WithWildcards_ShouldMatchCorrectly" storage="c:\projects\aikido\firewall-dotnet\aikido.zen.test\bin\release\net9.0\aikido.zen.tests.dll" id="d6a15c7e-d9dd-580a-d9b0-6705b3721ed2">
      <Execution id="3285330a-50f0-4fd4-9ac0-50eabd75da4a" />
      <TestMethod codeBase="C:\projects\Aikido\firewall-dotnet\Aikido.Zen.Test\bin\Release\net9.0\Aikido.Zen.Tests.dll" adapterTypeName="executor://nunit3testexecutor/" className="Aikido.Zen.Test.BlockListTests" name="EndpointMatching_WithWildcards_ShouldMatchCorrectly" />
    </UnitTest>
    <UnitTest name="IsAllowed_ShouldResetAfterWindowExpires" storage="c:\projects\aikido\firewall-dotnet\aikido.zen.test\bin\release\net9.0\aikido.zen.tests.dll" id="7ab79830-2287-74f9-7e6c-ca45b4686edd">
      <Execution id="d436aad7-e3d9-4e5b-b743-7f7f24a6eca3" />
      <TestMethod codeBase="C:\projects\Aikido\firewall-dotnet\Aikido.Zen.Test\bin\Release\net9.0\Aikido.Zen.Tests.dll" adapterTypeName="executor://nunit3testexecutor/" className="Aikido.Zen.Test.Helpers.RateLimitingHelperTests" name="IsAllowed_ShouldResetAfterWindowExpires" />
    </UnitTest>
    <UnitTest name="OnCommandExecuting_WithNullContext_ReturnsTrue" storage="c:\projects\aikido\firewall-dotnet\aikido.zen.test\bin\release\net9.0\aikido.zen.tests.dll" id="3248cdae-7dbf-1263-3acc-f865d257ac58">
      <Execution id="3853c070-5fb3-4fe6-aa45-a1760dd4e2e5" />
      <TestMethod codeBase="C:\projects\Aikido\firewall-dotnet\Aikido.Zen.Test\bin\Release\net9.0\Aikido.Zen.Tests.dll" adapterTypeName="executor://nunit3testexecutor/" className="Aikido.Zen.Test.SqlClientPatcherTests" name="OnCommandExecuting_WithNullContext_ReturnsTrue" />
    </UnitTest>
    <UnitTest name="Test_Double directory traversal with backslash" storage="c:\projects\aikido\firewall-dotnet\aikido.zen.test\bin\release\net9.0\aikido.zen.tests.dll" id="50dc03f6-b4cf-9fec-f5e6-443889f7bc6b">
      <Execution id="b4ba7e92-410b-4e31-878a-42d334169b96" />
      <TestMethod codeBase="C:\projects\Aikido\firewall-dotnet\Aikido.Zen.Test\bin\Release\net9.0\Aikido.Zen.Tests.dll" adapterTypeName="executor://nunit3testexecutor/" className="Aikido.Zen.Test.PathTraversalDetectorTests" name="Test_Double directory traversal with backslash" />
    </UnitTest>
    <UnitTest name="ShouldAddRoute_ShouldReturnExpectedResult(&quot;/.well-known/change-password&quot;,&quot;GET&quot;,200,True)" storage="c:\projects\aikido\firewall-dotnet\aikido.zen.test\bin\release\net9.0\aikido.zen.tests.dll" id="94252a38-1fc0-3690-5a8b-996ea0297a9a">
      <Execution id="c2909719-7810-45c0-b79d-a0ce24a4b864" />
      <TestMethod codeBase="C:\projects\Aikido\firewall-dotnet\Aikido.Zen.Test\bin\Release\net9.0\Aikido.Zen.Tests.dll" adapterTypeName="executor://nunit3testexecutor/" className="Aikido.Zen.Test.Helpers.RouteHelperTests" name="ShouldAddRoute_ShouldReturnExpectedResult(&quot;/.well-known/change-password&quot;,&quot;GET&quot;,200,True)" />
    </UnitTest>
    <UnitTest name="DetectSQLInjection_WithParameterHandling_ShouldNotSendAttackEvent" storage="c:\projects\aikido\firewall-dotnet\aikido.zen.test\bin\release\net9.0\aikido.zen.tests.dll" id="a3549b38-83a4-812f-ff47-a1ff962ece3f">
      <Execution id="7939989b-4a78-4141-9620-481acbcc99a8" />
      <TestMethod codeBase="C:\projects\Aikido\firewall-dotnet\Aikido.Zen.Test\bin\Release\net9.0\Aikido.Zen.Tests.dll" adapterTypeName="executor://nunit3testexecutor/" className="Aikido.Zen.Test.Helpers.SqlCommandHelperTests" name="DetectSQLInjection_WithParameterHandling_ShouldNotSendAttackEvent" />
    </UnitTest>
    <UnitTest name="BuildRouteFromUrl_ULIDs_ReplacesWithUlidParam" storage="c:\projects\aikido\firewall-dotnet\aikido.zen.test\bin\release\net9.0\aikido.zen.tests.dll" id="e0d35b75-dd31-8c6c-5ad1-93f06132ca3c">
      <Execution id="0d3374cc-ba67-45f1-9d22-df23c70e6b02" />
      <TestMethod codeBase="C:\projects\Aikido\firewall-dotnet\Aikido.Zen.Test\bin\Release\net9.0\Aikido.Zen.Tests.dll" adapterTypeName="executor://nunit3testexecutor/" className="Aikido.Zen.Test.Helpers.RouteParameterHelperTests" name="BuildRouteFromUrl_ULIDs_ReplacesWithUlidParam" />
    </UnitTest>
    <UnitTest name="MatchEndpoints_SpecificRouteOverWildcard_ShouldTakePrecedence" storage="c:\projects\aikido\firewall-dotnet\aikido.zen.test\bin\release\net9.0\aikido.zen.tests.dll" id="8d699ed1-f8c1-51aa-6264-06d3a446c390">
      <Execution id="d3496bbd-505b-471c-b710-c837beb0f4f6" />
      <TestMethod codeBase="C:\projects\Aikido\firewall-dotnet\Aikido.Zen.Test\bin\Release\net9.0\Aikido.Zen.Tests.dll" adapterTypeName="executor://nunit3testexecutor/" className="Aikido.Zen.Test.Helpers.RouteHelperTests" name="MatchEndpoints_SpecificRouteOverWildcard_ShouldTakePrecedence" />
    </UnitTest>
    <UnitTest name="GetApiInfo_WithAuth_ReturnsCorrectSpec" storage="c:\projects\aikido\firewall-dotnet\aikido.zen.test\bin\release\net9.0\aikido.zen.tests.dll" id="675c356b-f7bb-96a6-17ab-454813aa22cf">
      <Execution id="bb67cfc4-d7ec-4e4f-bc33-d3db56c4a35f" />
      <TestMethod codeBase="C:\projects\Aikido\firewall-dotnet\Aikido.Zen.Test\bin\Release\net9.0\Aikido.Zen.Tests.dll" adapterTypeName="executor://nunit3testexecutor/" className="Aikido.Zen.Test.Helpers.ApiInfoHelperTests" name="GetApiInfo_WithAuth_ReturnsCorrectSpec" />
    </UnitTest>
    <UnitTest name="Test_SAFE: Spaces within a quoted argument" storage="c:\projects\aikido\firewall-dotnet\aikido.zen.test\bin\release\net9.0\aikido.zen.tests.dll" id="d2c7abe9-4a33-d1b7-970e-b1ad19bef7fa">
      <Execution id="4de7bdae-7da2-41f3-9fc2-54cd43ddfb8d" />
      <TestMethod codeBase="C:\projects\Aikido\firewall-dotnet\Aikido.Zen.Test\bin\Release\net9.0\Aikido.Zen.Tests.dll" adapterTypeName="executor://nunit3testexecutor/" className="Aikido.Zen.Test.ShellInjectionDetectorTests" name="Test_SAFE: Spaces within a quoted argument" />
    </UnitTest>
    <UnitTest name="UpdateBlockedIps_WithInvalidIPs_ShouldSkipInvalidOnes" storage="c:\projects\aikido\firewall-dotnet\aikido.zen.test\bin\release\net9.0\aikido.zen.tests.dll" id="510364df-7b6d-0e54-a4e6-5d8553de0f2a">
      <Execution id="d9b9d5b7-5fce-4f49-bfd4-a8dc4e10a4c8" />
      <TestMethod codeBase="C:\projects\Aikido\firewall-dotnet\Aikido.Zen.Test\bin\Release\net9.0\Aikido.Zen.Tests.dll" adapterTypeName="executor://nunit3testexecutor/" className="Aikido.Zen.Test.AgentContextTests" name="UpdateBlockedIps_WithInvalidIPs_ShouldSkipInvalidOnes" />
    </UnitTest>
    <UnitTest name="GetStringFormat_WithEmailString_ReturnsEmailFormat" storage="c:\projects\aikido\firewall-dotnet\aikido.zen.test\bin\release\net9.0\aikido.zen.tests.dll" id="01e91ca5-0889-1964-517a-598eb15b5c73">
      <Execution id="51a17096-9ff6-49d8-91c5-68a1fab8a7af" />
      <TestMethod codeBase="C:\projects\Aikido\firewall-dotnet\Aikido.Zen.Test\bin\Release\net9.0\Aikido.Zen.Tests.dll" adapterTypeName="executor://nunit3testexecutor/" className="Aikido.Zen.Test.Helpers.StringFormatHelperTests" name="GetStringFormat_WithEmailString_ReturnsEmailFormat" />
    </UnitTest>
    <UnitTest name="LooksLikeASecret_EmptyString_ReturnsFalse" storage="c:\projects\aikido\firewall-dotnet\aikido.zen.test\bin\release\net9.0\aikido.zen.tests.dll" id="d9e463df-b38c-8dc8-8ed4-645499b81f13">
      <Execution id="fecd5077-2d84-473d-8a61-818a35b4f544" />
      <TestMethod codeBase="C:\projects\Aikido\firewall-dotnet\Aikido.Zen.Test\bin\Release\net9.0\Aikido.Zen.Tests.dll" adapterTypeName="executor://nunit3testexecutor/" className="Aikido.Zen.Test.Helpers.RouteParameterHelperTests" name="LooksLikeASecret_EmptyString_ReturnsFalse" />
    </UnitTest>
    <UnitTest name="OnCommandExecuting_WithSQLInjectionInDryMode_ReturnsTrue" storage="c:\projects\aikido\firewall-dotnet\aikido.zen.test\bin\release\net9.0\aikido.zen.tests.dll" id="23d8f209-5ae9-72dc-0fe3-5fe64c7d131d">
      <Execution id="414bbfd3-7c51-4b46-a9f3-847f7c95d633" />
      <TestMethod codeBase="C:\projects\Aikido\firewall-dotnet\Aikido.Zen.Test\bin\Release\net9.0\Aikido.Zen.Tests.dll" adapterTypeName="executor://nunit3testexecutor/" className="Aikido.Zen.Test.SqlClientPatcherTests" name="OnCommandExecuting_WithSQLInjectionInDryMode_ReturnsTrue" />
    </UnitTest>
    <UnitTest name="DetectPathTraversal_WithEmptyArray_ReturnsFalse" storage="c:\projects\aikido\firewall-dotnet\aikido.zen.test\bin\release\net9.0\aikido.zen.tests.dll" id="6985fb05-b5ba-e785-d00a-c76301f0cba9">
      <Execution id="9a376bbb-bfc1-4705-9b74-99163ef92e1f" />
      <TestMethod codeBase="C:\projects\Aikido\firewall-dotnet\Aikido.Zen.Test\bin\Release\net9.0\Aikido.Zen.Tests.dll" adapterTypeName="executor://nunit3testexecutor/" className="Aikido.Zen.Test.Helpers.PathTraversalHelperTests" name="DetectPathTraversal_WithEmptyArray_ReturnsFalse" />
    </UnitTest>
    <UnitTest name="GetMethodFromAssembly_ValidMethod_ReturnsMethodInfo" storage="c:\projects\aikido\firewall-dotnet\aikido.zen.test\bin\release\net9.0\aikido.zen.tests.dll" id="1a89d9c1-d708-1e74-ac5f-5c4532708430">
      <Execution id="7724c261-ef07-4ba9-b45e-31b81247e7d1" />
      <TestMethod codeBase="C:\projects\Aikido\firewall-dotnet\Aikido.Zen.Test\bin\Release\net9.0\Aikido.Zen.Tests.dll" adapterTypeName="executor://nunit3testexecutor/" className="Aikido.Zen.Test.Helpers.ReflectionHelperTests" name="GetMethodFromAssembly_ValidMethod_ReturnsMethodInfo" />
    </UnitTest>
    <UnitTest name="ShouldAddRoute_ShouldReturnExpectedResult(&quot;/api/resource.aspx&quot;,&quot;GET&quot;,200,True)" storage="c:\projects\aikido\firewall-dotnet\aikido.zen.test\bin\release\net9.0\aikido.zen.tests.dll" id="b052ad76-8b80-3dcc-ad28-ddf8ba85e6ad">
      <Execution id="7909e580-7ce1-49bb-86cd-834081bd3cdd" />
      <TestMethod codeBase="C:\projects\Aikido\firewall-dotnet\Aikido.Zen.Test\bin\Release\net9.0\Aikido.Zen.Tests.dll" adapterTypeName="executor://nunit3testexecutor/" className="Aikido.Zen.Test.Helpers.RouteHelperTests" name="ShouldAddRoute_ShouldReturnExpectedResult(&quot;/api/resource.aspx&quot;,&quot;GET&quot;,200,True)" />
    </UnitTest>
    <UnitTest name="GetDataSchema_WithDeeplyNestedObject_ReturnsCorrectSchema" storage="c:\projects\aikido\firewall-dotnet\aikido.zen.test\bin\release\net9.0\aikido.zen.tests.dll" id="8efddf11-ce10-19d8-fda3-f3560eaf4bde">
      <Execution id="14c947ff-1dc2-4d38-926d-7a41fc57933b" />
      <TestMethod codeBase="C:\projects\Aikido\firewall-dotnet\Aikido.Zen.Test\bin\Release\net9.0\Aikido.Zen.Tests.dll" adapterTypeName="executor://nunit3testexecutor/" className="Aikido.Zen.Test.Helpers.DataSchemaHelperTests" name="GetDataSchema_WithDeeplyNestedObject_ReturnsCorrectSchema" />
    </UnitTest>
    <UnitTest name="ShouldAddRoute_ShouldReturnExpectedResult(&quot;/cgi-bin/luci/;stok=/locale&quot;,&quot;GET&quot;,200,False)" storage="c:\projects\aikido\firewall-dotnet\aikido.zen.test\bin\release\net9.0\aikido.zen.tests.dll" id="d1193b01-a5a5-d860-a351-b5235c539aa5">
      <Execution id="b521e29c-ad6e-4de5-9db1-cfac5a503c46" />
      <TestMethod codeBase="C:\projects\Aikido\firewall-dotnet\Aikido.Zen.Test\bin\Release\net9.0\Aikido.Zen.Tests.dll" adapterTypeName="executor://nunit3testexecutor/" className="Aikido.Zen.Test.Helpers.RouteHelperTests" name="ShouldAddRoute_ShouldReturnExpectedResult(&quot;/cgi-bin/luci/;stok=/locale&quot;,&quot;GET&quot;,200,False)" />
    </UnitTest>
    <UnitTest name="BuildRouteFromUrl_CommaNumbers_IgnoresCommaNumbers" storage="c:\projects\aikido\firewall-dotnet\aikido.zen.test\bin\release\net9.0\aikido.zen.tests.dll" id="58453aba-2687-5343-3308-7b71c147761f">
      <Execution id="df90e698-f37a-4e3e-a15e-fad667ddaff5" />
      <TestMethod codeBase="C:\projects\Aikido\firewall-dotnet\Aikido.Zen.Test\bin\Release\net9.0\Aikido.Zen.Tests.dll" adapterTypeName="executor://nunit3testexecutor/" className="Aikido.Zen.Test.Helpers.RouteParameterHelperTests" name="BuildRouteFromUrl_CommaNumbers_IgnoresCommaNumbers" />
    </UnitTest>
    <UnitTest name="Test_INJECTION: File manipulation command" storage="c:\projects\aikido\firewall-dotnet\aikido.zen.test\bin\release\net9.0\aikido.zen.tests.dll" id="07ec4f83-0b7f-c17f-8732-400091d9a8dd">
      <Execution id="5d6d4fa9-3fdc-4ee7-87fb-91930c949dff" />
      <TestMethod codeBase="C:\projects\Aikido\firewall-dotnet\Aikido.Zen.Test\bin\Release\net9.0\Aikido.Zen.Tests.dll" adapterTypeName="executor://nunit3testexecutor/" className="Aikido.Zen.Test.ShellInjectionDetectorTests" name="Test_INJECTION: File manipulation command" />
    </UnitTest>
    <UnitTest name="Ratelimited_ShouldReturnCorrectMessage" storage="c:\projects\aikido\firewall-dotnet\aikido.zen.test\bin\release\net9.0\aikido.zen.tests.dll" id="e048ec8c-0a3a-dddc-6ca1-eb5588efea3a">
      <Execution id="1a0ca88c-a390-4026-9f18-59e966208429" />
      <TestMethod codeBase="C:\projects\Aikido\firewall-dotnet\Aikido.Zen.Test\bin\Release\net9.0\Aikido.Zen.Tests.dll" adapterTypeName="executor://nunit3testexecutor/" className="Aikido.Zen.Test.AikidoExceptionTests" name="Ratelimited_ShouldReturnCorrectMessage" />
    </UnitTest>
    <UnitTest name="Test_INJECTION: Redirection attempt" storage="c:\projects\aikido\firewall-dotnet\aikido.zen.test\bin\release\net9.0\aikido.zen.tests.dll" id="f0801d98-266a-bcf3-b6de-22de18ee944a">
      <Execution id="a6d83d8c-221e-4826-9ede-cab78cb3ab42" />
      <TestMethod codeBase="C:\projects\Aikido\firewall-dotnet\Aikido.Zen.Test\bin\Release\net9.0\Aikido.Zen.Tests.dll" adapterTypeName="executor://nunit3testexecutor/" className="Aikido.Zen.Test.ShellInjectionDetectorTests" name="Test_INJECTION: Redirection attempt" />
    </UnitTest>
    <UnitTest name="SendAttackEvent_QueuesDetectedAttackEvent" storage="c:\projects\aikido\firewall-dotnet\aikido.zen.test\bin\release\net9.0\aikido.zen.tests.dll" id="5d59332f-74d9-f4e9-637e-026048f4fe95">
      <Execution id="0119ae61-c7e1-4fb5-950e-e80419600cc4" />
      <TestMethod codeBase="C:\projects\Aikido\firewall-dotnet\Aikido.Zen.Test\bin\Release\net9.0\Aikido.Zen.Tests.dll" adapterTypeName="executor://nunit3testexecutor/" className="Aikido.Zen.Test.AgentTests" name="SendAttackEvent_QueuesDetectedAttackEvent" />
    </UnitTest>
    <UnitTest name="ScheduleEvent_WithNullToken_ThrowsArgumentNullException" storage="c:\projects\aikido\firewall-dotnet\aikido.zen.test\bin\release\net9.0\aikido.zen.tests.dll" id="a38eb7f4-87be-f39c-b275-6183969d94db">
      <Execution id="adb91ae9-c0b5-49f7-9a20-08eade196290" />
      <TestMethod codeBase="C:\projects\Aikido\firewall-dotnet\Aikido.Zen.Test\bin\Release\net9.0\Aikido.Zen.Tests.dll" adapterTypeName="executor://nunit3testexecutor/" className="Aikido.Zen.Test.AgentTests" name="ScheduleEvent_WithNullToken_ThrowsArgumentNullException" />
    </UnitTest>
    <UnitTest name="Delete_NonExistentKey_ShouldNotThrowException" storage="c:\projects\aikido\firewall-dotnet\aikido.zen.test\bin\release\net9.0\aikido.zen.tests.dll" id="5df0983d-fff2-ce55-acc6-6c61c03b3392">
      <Execution id="e6c202ac-00c8-4425-86b0-a0ec5f78e65f" />
      <TestMethod codeBase="C:\projects\Aikido\firewall-dotnet\Aikido.Zen.Test\bin\Release\net9.0\Aikido.Zen.Tests.dll" adapterTypeName="executor://nunit3testexecutor/" className="Aikido.Zen.Test.LRUCacheTests" name="Delete_NonExistentKey_ShouldNotThrowException" />
    </UnitTest>
    <UnitTest name="Test_INJECTION: Dangerous command ifconfig -a" storage="c:\projects\aikido\firewall-dotnet\aikido.zen.test\bin\release\net9.0\aikido.zen.tests.dll" id="6b9b7dc5-5dea-6a14-94bc-df4f8d21e31b">
      <Execution id="0b9155dd-456c-4f18-9caf-0b0033a7d85d" />
      <TestMethod codeBase="C:\projects\Aikido\firewall-dotnet\Aikido.Zen.Test\bin\Release\net9.0\Aikido.Zen.Tests.dll" adapterTypeName="executor://nunit3testexecutor/" className="Aikido.Zen.Test.ShellInjectionDetectorTests" name="Test_INJECTION: Dangerous command ifconfig -a" />
    </UnitTest>
    <UnitTest name="Test_Windows environment variable path" storage="c:\projects\aikido\firewall-dotnet\aikido.zen.test\bin\release\net9.0\aikido.zen.tests.dll" id="e7a39184-974a-42ac-8dbf-2dae9e1f3cad">
      <Execution id="3fae330a-d55a-4551-87e6-27258cdadda4" />
      <TestMethod codeBase="C:\projects\Aikido\firewall-dotnet\Aikido.Zen.Test\bin\Release\net9.0\Aikido.Zen.Tests.dll" adapterTypeName="executor://nunit3testexecutor/" className="Aikido.Zen.Test.PathTraversalDetectorTests" name="Test_Windows environment variable path" />
    </UnitTest>
    <UnitTest name="ShouldHandleIPv6CIDRNotations" storage="c:\projects\aikido\firewall-dotnet\aikido.zen.test\bin\release\net9.0\aikido.zen.tests.dll" id="ec9100d9-cfc6-2346-d85d-9c218702548e">
      <Execution id="24a712a8-35ea-49a9-bb7c-ef384f602a69" />
      <TestMethod codeBase="C:\projects\Aikido\firewall-dotnet\Aikido.Zen.Test\bin\Release\net9.0\Aikido.Zen.Tests.dll" adapterTypeName="executor://nunit3testexecutor/" className="Aikido.Zen.Test.IPRangeTests" name="ShouldHandleIPv6CIDRNotations" />
    </UnitTest>
    <UnitTest name="OnFileOperation_WithUserInputPathTraversal_ThrowsExceptionWhenBlocking" storage="c:\projects\aikido\firewall-dotnet\aikido.zen.test\bin\release\net9.0\aikido.zen.tests.dll" id="72a38034-8444-0031-74a5-9c0419f854b4">
      <Execution id="c4d02d4a-35f6-4498-bca6-9e903a08d5b1" />
      <TestMethod codeBase="C:\projects\Aikido\firewall-dotnet\Aikido.Zen.Test\bin\Release\net9.0\Aikido.Zen.Tests.dll" adapterTypeName="executor://nunit3testexecutor/" className="Aikido.Zen.Test.IOPatcherTests" name="OnFileOperation_WithUserInputPathTraversal_ThrowsExceptionWhenBlocking" />
    </UnitTest>
    <UnitTest name="UserConstructor_ShouldThrowException_WhenIdIsWhitespace" storage="c:\projects\aikido\firewall-dotnet\aikido.zen.test\bin\release\net9.0\aikido.zen.tests.dll" id="28a91250-f876-75b6-4532-25feaf8fd583">
      <Execution id="67dd987a-6093-4e3e-b14f-6065ff6f50ee" />
      <TestMethod codeBase="C:\projects\Aikido\firewall-dotnet\Aikido.Zen.Test\bin\Release\net9.0\Aikido.Zen.Tests.dll" adapterTypeName="executor://nunit3testexecutor/" className="Aikido.Zen.Test.UserTests" name="UserConstructor_ShouldThrowException_WhenIdIsWhitespace" />
    </UnitTest>
    <UnitTest name="ShouldHandleDifferentCIDRNotations" storage="c:\projects\aikido\firewall-dotnet\aikido.zen.test\bin\release\net9.0\aikido.zen.tests.dll" id="51584482-b1bb-8e50-76c9-28cfa7ff3c35">
      <Execution id="66e05623-96e9-488c-95e6-427f08116778" />
      <TestMethod codeBase="C:\projects\Aikido\firewall-dotnet\Aikido.Zen.Test\bin\Release\net9.0\Aikido.Zen.Tests.dll" adapterTypeName="executor://nunit3testexecutor/" className="Aikido.Zen.Test.IPRangeTests" name="ShouldHandleDifferentCIDRNotations" />
    </UnitTest>
    <UnitTest name="CaptureRequest_WithAikidoDevHostname_SkipsCapture" storage="c:\projects\aikido\firewall-dotnet\aikido.zen.test\bin\release\net9.0\aikido.zen.tests.dll" id="a6571ddf-41ff-7cb0-eadf-42fe561d0618">
      <Execution id="46ed7d7a-091c-41c0-b992-6d9e92c4ee83" />
      <TestMethod codeBase="C:\projects\Aikido\firewall-dotnet\Aikido.Zen.Test\bin\Release\net9.0\Aikido.Zen.Tests.dll" adapterTypeName="executor://nunit3testexecutor/" className="Aikido.Zen.Test.HttpClientPatchTests" name="CaptureRequest_WithAikidoDevHostname_SkipsCapture" />
    </UnitTest>
    <UnitTest name="Contains_ShouldReturnExpectedResult(&quot;hello world&quot;,&quot;&quot;,True)" storage="c:\projects\aikido\firewall-dotnet\aikido.zen.test\bin\release\net9.0\aikido.zen.tests.dll" id="e3b59b5a-3cd5-e788-6526-89346a164f57">
      <Execution id="70c9d5bd-b4ed-4e52-8c74-a1fdfa865439" />
      <TestMethod codeBase="C:\projects\Aikido\firewall-dotnet\Aikido.Zen.Test\bin\Release\net9.0\Aikido.Zen.Tests.dll" adapterTypeName="executor://nunit3testexecutor/" className="Aikido.Zen.Test.Helpers.StringHelperTests" name="Contains_ShouldReturnExpectedResult(&quot;hello world&quot;,&quot;&quot;,True)" />
    </UnitTest>
    <UnitTest name="ShouldHandleZeroAddresses" storage="c:\projects\aikido\firewall-dotnet\aikido.zen.test\bin\release\net9.0\aikido.zen.tests.dll" id="f365be3f-cb09-2793-2b65-887221a54ddb">
      <Execution id="768f15da-e4a8-42dc-a087-4ed1a6aef0dc" />
      <TestMethod codeBase="C:\projects\Aikido\firewall-dotnet\Aikido.Zen.Test\bin\Release\net9.0\Aikido.Zen.Tests.dll" adapterTypeName="executor://nunit3testexecutor/" className="Aikido.Zen.Test.IPRangeTests" name="ShouldHandleZeroAddresses" />
    </UnitTest>
    <UnitTest name="MatchEndpoints_RelativeUrl_ShouldMatchCorrectly" storage="c:\projects\aikido\firewall-dotnet\aikido.zen.test\bin\release\net9.0\aikido.zen.tests.dll" id="c39d4851-3025-7b0a-32c9-040261f38d4a">
      <Execution id="20d87072-c83c-42b0-bdb9-7863065afa13" />
      <TestMethod codeBase="C:\projects\Aikido\firewall-dotnet\Aikido.Zen.Test\bin\Release\net9.0\Aikido.Zen.Tests.dll" adapterTypeName="executor://nunit3testexecutor/" className="Aikido.Zen.Test.Helpers.RouteHelperTests" name="MatchEndpoints_RelativeUrl_ShouldMatchCorrectly" />
    </UnitTest>
    <UnitTest name="ShouldAddRoute_ShouldReturnExpectedResult(&quot;/.well-known&quot;,&quot;GET&quot;,200,True)" storage="c:\projects\aikido\firewall-dotnet\aikido.zen.test\bin\release\net9.0\aikido.zen.tests.dll" id="23b9fe8d-293f-ebe4-7b11-556ce352e7cd">
      <Execution id="cc645099-6cd9-4f09-b43b-c7aea6e287f1" />
      <TestMethod codeBase="C:\projects\Aikido\firewall-dotnet\Aikido.Zen.Test\bin\Release\net9.0\Aikido.Zen.Tests.dll" adapterTypeName="executor://nunit3testexecutor/" className="Aikido.Zen.Test.Helpers.RouteHelperTests" name="ShouldAddRoute_ShouldReturnExpectedResult(&quot;/.well-known&quot;,&quot;GET&quot;,200,True)" />
    </UnitTest>
    <UnitTest name="GetDataSchema_WithNestedObjects_ReturnsCorrectSchema" storage="c:\projects\aikido\firewall-dotnet\aikido.zen.test\bin\release\net9.0\aikido.zen.tests.dll" id="939b57cf-1563-058a-da8c-b9e6e05aec69">
      <Execution id="5fc2309b-6693-440f-89d3-72c7d6f3a343" />
      <TestMethod codeBase="C:\projects\Aikido\firewall-dotnet\Aikido.Zen.Test\bin\Release\net9.0\Aikido.Zen.Tests.dll" adapterTypeName="executor://nunit3testexecutor/" className="Aikido.Zen.Test.Helpers.DataSchemaHelperTests" name="GetDataSchema_WithNestedObjects_ReturnsCorrectSchema" />
    </UnitTest>
    <UnitTest name="ShouldAddRoute_ShouldReturnExpectedResult(&quot;/api/test.config&quot;,&quot;GET&quot;,200,False)" storage="c:\projects\aikido\firewall-dotnet\aikido.zen.test\bin\release\net9.0\aikido.zen.tests.dll" id="3b9c9245-ae07-9ebe-77a7-e9974e8ac819">
      <Execution id="e2bc517e-b04e-46db-9dca-26b3238ca552" />
      <TestMethod codeBase="C:\projects\Aikido\firewall-dotnet\Aikido.Zen.Test\bin\Release\net9.0\Aikido.Zen.Tests.dll" adapterTypeName="executor://nunit3testexecutor/" className="Aikido.Zen.Test.Helpers.RouteHelperTests" name="ShouldAddRoute_ShouldReturnExpectedResult(&quot;/api/test.config&quot;,&quot;GET&quot;,200,False)" />
    </UnitTest>
    <UnitTest name="CalculatePercentiles_NegativeValues" storage="c:\projects\aikido\firewall-dotnet\aikido.zen.test\bin\release\net9.0\aikido.zen.tests.dll" id="9a849c8a-a6b3-865d-bee1-b74d23588b06">
      <Execution id="e5ac5455-cbd5-4dad-a504-1467e8fddf06" />
      <TestMethod codeBase="C:\projects\Aikido\firewall-dotnet\Aikido.Zen.Test\bin\Release\net9.0\Aikido.Zen.Tests.dll" adapterTypeName="executor://nunit3testexecutor/" className="Aikido.Zen.Test.StatsTests" name="CalculatePercentiles_NegativeValues" />
    </UnitTest>
    <UnitTest name="SQLInjectionDetected_ShouldReturnCorrectMessage" storage="c:\projects\aikido\firewall-dotnet\aikido.zen.test\bin\release\net9.0\aikido.zen.tests.dll" id="d060f294-9941-2d25-3a64-5381fad8c0ee">
      <Execution id="e74b3af0-50d4-4ab0-a1f0-f70485782fe1" />
      <TestMethod codeBase="C:\projects\Aikido\firewall-dotnet\Aikido.Zen.Test\bin\Release\net9.0\Aikido.Zen.Tests.dll" adapterTypeName="executor://nunit3testexecutor/" className="Aikido.Zen.Test.AikidoExceptionTests" name="SQLInjectionDetected_ShouldReturnCorrectMessage" />
    </UnitTest>
    <UnitTest name="EndpointMatching_WithEmptyAllowedIPs_ShouldAllowAccess" storage="c:\projects\aikido\firewall-dotnet\aikido.zen.test\bin\release\net9.0\aikido.zen.tests.dll" id="d1ddb23f-54a4-1636-628e-ee8c6908e9e8">
      <Execution id="2e00907d-774a-41e9-a5c7-75f971166a8f" />
      <TestMethod codeBase="C:\projects\Aikido\firewall-dotnet\Aikido.Zen.Test\bin\Release\net9.0\Aikido.Zen.Tests.dll" adapterTypeName="executor://nunit3testexecutor/" className="Aikido.Zen.Test.BlockListTests" name="EndpointMatching_WithEmptyAllowedIPs_ShouldAllowAccess" />
    </UnitTest>
    <UnitTest name="PathIsSingleRouteParameter_VariousPaths_ReturnsExpectedResult(&quot;/api/v3/users/{id}/roles&quot;,False)" storage="c:\projects\aikido\firewall-dotnet\aikido.zen.test\bin\release\net9.0\aikido.zen.tests.dll" id="39d1f4c7-0095-d219-6a3d-9a3452f88fb6">
      <Execution id="a7501adb-ae80-46d4-9c7a-e4dd971b266b" />
      <TestMethod codeBase="C:\projects\Aikido\firewall-dotnet\Aikido.Zen.Test\bin\Release\net9.0\Aikido.Zen.Tests.dll" adapterTypeName="executor://nunit3testexecutor/" className="Aikido.Zen.Test.Helpers.RouteHelperTests" name="PathIsSingleRouteParameter_VariousPaths_ReturnsExpectedResult(&quot;/api/v3/users/{id}/roles&quot;,False)" />
    </UnitTest>
    <UnitTest name="Test_INJECTION: Dangerous command shutdown -h now" storage="c:\projects\aikido\firewall-dotnet\aikido.zen.test\bin\release\net9.0\aikido.zen.tests.dll" id="a3a08c92-c37a-65b4-aea5-de243381b9d4">
      <Execution id="66d34093-f258-421a-b5f2-8c3ce5826697" />
      <TestMethod codeBase="C:\projects\Aikido\firewall-dotnet\Aikido.Zen.Test\bin\Release\net9.0\Aikido.Zen.Tests.dll" adapterTypeName="executor://nunit3testexecutor/" className="Aikido.Zen.Test.ShellInjectionDetectorTests" name="Test_INJECTION: Dangerous command shutdown -h now" />
    </UnitTest>
    <UnitTest name="Test_SAFE: Command inside single quotes" storage="c:\projects\aikido\firewall-dotnet\aikido.zen.test\bin\release\net9.0\aikido.zen.tests.dll" id="6094a839-c959-bfa4-53ba-57ff51f5a464">
      <Execution id="e133ea51-f903-486a-8ba2-b54c9c53fbb5" />
      <TestMethod codeBase="C:\projects\Aikido\firewall-dotnet\Aikido.Zen.Test\bin\Release\net9.0\Aikido.Zen.Tests.dll" adapterTypeName="executor://nunit3testexecutor/" className="Aikido.Zen.Test.ShellInjectionDetectorTests" name="Test_SAFE: Command inside single quotes" />
    </UnitTest>
    <UnitTest name="ForceCompress_DoesNothing_WhenNoDurations" storage="c:\projects\aikido\firewall-dotnet\aikido.zen.test\bin\release\net9.0\aikido.zen.tests.dll" id="97cb9d39-a86c-1bfc-5a39-1659e9873909">
      <Execution id="43babf08-431e-4738-a1db-f68a94aed282" />
      <TestMethod codeBase="C:\projects\Aikido\firewall-dotnet\Aikido.Zen.Test\bin\Release\net9.0\Aikido.Zen.Tests.dll" adapterTypeName="executor://nunit3testexecutor/" className="Aikido.Zen.Test.StatsTests" name="ForceCompress_DoesNothing_WhenNoDurations" />
    </UnitTest>
    <UnitTest name="LooksLikeASecret_CommonUrlTerms_ReturnsFalse(&quot;implementation&quot;)" storage="c:\projects\aikido\firewall-dotnet\aikido.zen.test\bin\release\net9.0\aikido.zen.tests.dll" id="d0b9126c-12c7-66d8-a5d1-96de83106360">
      <Execution id="c4e2e71b-d3e4-4897-94d9-60f38a859415" />
      <TestMethod codeBase="C:\projects\Aikido\firewall-dotnet\Aikido.Zen.Test\bin\Release\net9.0\Aikido.Zen.Tests.dll" adapterTypeName="executor://nunit3testexecutor/" className="Aikido.Zen.Test.Helpers.RouteParameterHelperTests" name="LooksLikeASecret_CommonUrlTerms_ReturnsFalse(&quot;implementation&quot;)" />
    </UnitTest>
    <UnitTest name="ShouldHandleDifferentWindowSizes" storage="c:\projects\aikido\firewall-dotnet\aikido.zen.test\bin\release\net9.0\aikido.zen.tests.dll" id="f854ce0b-21d5-8b72-8e2c-ead2ab89c502">
      <Execution id="ad8e43e2-f829-4899-85b9-af5621cac113" />
      <TestMethod codeBase="C:\projects\Aikido\firewall-dotnet\Aikido.Zen.Test\bin\Release\net9.0\Aikido.Zen.Tests.dll" adapterTypeName="executor://nunit3testexecutor/" className="Aikido.Zen.Test.Helpers.RateLimitingHelperTests" name="ShouldHandleDifferentWindowSizes" />
    </UnitTest>
    <UnitTest name="Test_Empty user input" storage="c:\projects\aikido\firewall-dotnet\aikido.zen.test\bin\release\net9.0\aikido.zen.tests.dll" id="6bede98b-5580-f7c3-dddb-c28712d49aad">
      <Execution id="a8278a59-78d7-42a6-b94d-c301a0bd2077" />
      <TestMethod codeBase="C:\projects\Aikido\firewall-dotnet\Aikido.Zen.Test\bin\Release\net9.0\Aikido.Zen.Tests.dll" adapterTypeName="executor://nunit3testexecutor/" className="Aikido.Zen.Test.PathTraversalDetectorTests" name="Test_Empty user input" />
    </UnitTest>
    <UnitTest name="ShouldAddRoute_ShouldReturnExpectedResult(&quot;/api/resource.ashx&quot;,&quot;GET&quot;,200,True)" storage="c:\projects\aikido\firewall-dotnet\aikido.zen.test\bin\release\net9.0\aikido.zen.tests.dll" id="e339d2fb-165b-e6cc-c7c7-8248e5866419">
      <Execution id="d753251a-82fb-46c0-8d22-c82c3deb0949" />
      <TestMethod codeBase="C:\projects\Aikido\firewall-dotnet\Aikido.Zen.Test\bin\Release\net9.0\Aikido.Zen.Tests.dll" adapterTypeName="executor://nunit3testexecutor/" className="Aikido.Zen.Test.Helpers.RouteHelperTests" name="ShouldAddRoute_ShouldReturnExpectedResult(&quot;/api/resource.ashx&quot;,&quot;GET&quot;,200,True)" />
    </UnitTest>
    <UnitTest name="UpdateConfig_WithValidResponse_UpdatesConfiguration" storage="c:\projects\aikido\firewall-dotnet\aikido.zen.test\bin\release\net9.0\aikido.zen.tests.dll" id="93aa43c6-7173-dac9-9280-209ed0e756d6">
      <Execution id="c5703f94-871b-44ad-bf3a-64b05535eded" />
      <TestMethod codeBase="C:\projects\Aikido\firewall-dotnet\Aikido.Zen.Test\bin\Release\net9.0\Aikido.Zen.Tests.dll" adapterTypeName="executor://nunit3testexecutor/" className="Aikido.Zen.Test.AgentConfigurationTests" name="UpdateConfig_WithValidResponse_UpdatesConfiguration" />
    </UnitTest>
    <UnitTest name="TryGet_FailsForNonExistentKey" storage="c:\projects\aikido\firewall-dotnet\aikido.zen.test\bin\release\net9.0\aikido.zen.tests.dll" id="9fe11765-2d20-5a3a-075f-b56022b409ec">
      <Execution id="3eeba814-01c7-40e7-825a-fe5db3018bec" />
      <TestMethod codeBase="C:\projects\Aikido\firewall-dotnet\Aikido.Zen.Test\bin\Release\net9.0\Aikido.Zen.Tests.dll" adapterTypeName="executor://nunit3testexecutor/" className="Aikido.Zen.Test.ConcurrentLFUDictionaryTests" name="TryGet_FailsForNonExistentKey" />
    </UnitTest>
    <UnitTest name="UpdateBlockedUsers_WithEmptyList_ShouldClearBlockedUsers" storage="c:\projects\aikido\firewall-dotnet\aikido.zen.test\bin\release\net9.0\aikido.zen.tests.dll" id="1c4f7461-d775-4cdf-9cb4-75ed7871dbcf">
      <Execution id="9e4b7dc9-78fc-4f03-9e65-6dba9ffa00fd" />
      <TestMethod codeBase="C:\projects\Aikido\firewall-dotnet\Aikido.Zen.Test\bin\Release\net9.0\Aikido.Zen.Tests.dll" adapterTypeName="executor://nunit3testexecutor/" className="Aikido.Zen.Test.AgentContextTests" name="UpdateBlockedUsers_WithEmptyList_ShouldClearBlockedUsers" />
    </UnitTest>
    <UnitTest name="ReportingApiClient_GetBlockedIps_ShouldThrowExceptionOnError" storage="c:\projects\aikido\firewall-dotnet\aikido.zen.test\bin\release\net9.0\aikido.zen.tests.dll" id="ac097c8f-8680-1abd-9af0-663e074eac64">
      <Execution id="37bef710-362c-4f78-ab87-82436054823d" />
      <TestMethod codeBase="C:\projects\Aikido\firewall-dotnet\Aikido.Zen.Test\bin\Release\net9.0\Aikido.Zen.Tests.dll" adapterTypeName="executor://nunit3testexecutor/" className="Aikido.Zen.Test.ZenApiTests" name="ReportingApiClient_GetBlockedIps_ShouldThrowExceptionOnError" />
    </UnitTest>
    <UnitTest name="ConfigChanged_WhenConfigVersionSame_ReturnsFalse" storage="c:\projects\aikido\firewall-dotnet\aikido.zen.test\bin\release\net9.0\aikido.zen.tests.dll" id="7501ba45-0887-5124-bedf-f1341532c169">
      <Execution id="7af5b1a1-5d18-48c3-81e9-f6fe301cdbee" />
      <TestMethod codeBase="C:\projects\Aikido\firewall-dotnet\Aikido.Zen.Test\bin\Release\net9.0\Aikido.Zen.Tests.dll" adapterTypeName="executor://nunit3testexecutor/" className="Aikido.Zen.Test.AgentTests" name="ConfigChanged_WhenConfigVersionSame_ReturnsFalse" />
    </UnitTest>
    <UnitTest name="ClearContext_ResetsAllContextValues" storage="c:\projects\aikido\firewall-dotnet\aikido.zen.test\bin\release\net9.0\aikido.zen.tests.dll" id="d1f6cbee-9253-a301-299e-416cffd0e66f">
      <Execution id="8577050c-bfac-4e6b-928e-f48250c5d852" />
      <TestMethod codeBase="C:\projects\Aikido\firewall-dotnet\Aikido.Zen.Test\bin\Release\net9.0\Aikido.Zen.Tests.dll" adapterTypeName="executor://nunit3testexecutor/" className="Aikido.Zen.Test.AgentTests" name="ClearContext_ResetsAllContextValues" />
    </UnitTest>
    <UnitTest name="Test_Nested path match" storage="c:\projects\aikido\firewall-dotnet\aikido.zen.test\bin\release\net9.0\aikido.zen.tests.dll" id="4ba8fb1d-05fe-4094-0a76-17d0f83d2ede">
      <Execution id="1efc5baf-b4d4-4c38-9eed-ed8170fd6e25" />
      <TestMethod codeBase="C:\projects\Aikido\firewall-dotnet\Aikido.Zen.Test\bin\Release\net9.0\Aikido.Zen.Tests.dll" adapterTypeName="executor://nunit3testexecutor/" className="Aikido.Zen.Test.PathTraversalDetectorTests" name="Test_Nested path match" />
    </UnitTest>
    <UnitTest name="OnCommandExecuting_WithSafeQuery_ReturnsTrue" storage="c:\projects\aikido\firewall-dotnet\aikido.zen.test\bin\release\net9.0\aikido.zen.tests.dll" id="fab9d63c-8663-cd1b-fc0a-e7b9525a7f49">
      <Execution id="fa7e97e2-604c-4768-9934-24112265cb29" />
      <TestMethod codeBase="C:\projects\Aikido\firewall-dotnet\Aikido.Zen.Test\bin\Release\net9.0\Aikido.Zen.Tests.dll" adapterTypeName="executor://nunit3testexecutor/" className="Aikido.Zen.Test.SqlClientPatcherTests" name="OnCommandExecuting_WithSafeQuery_ReturnsTrue" />
    </UnitTest>
    <UnitTest name="IsIpInRange_WithInvalidIP_ShouldReturnFalse" storage="c:\projects\aikido\firewall-dotnet\aikido.zen.test\bin\release\net9.0\aikido.zen.tests.dll" id="a808b2ca-a3a6-1af8-2dc2-3895f8d906b8">
      <Execution id="b5ffa459-6a23-4955-8247-bd40cbf1a154" />
      <TestMethod codeBase="C:\projects\Aikido\firewall-dotnet\Aikido.Zen.Test\bin\Release\net9.0\Aikido.Zen.Tests.dll" adapterTypeName="executor://nunit3testexecutor/" className="Aikido.Zen.Test.IPRangeTests" name="IsIpInRange_WithInvalidIP_ShouldReturnFalse" />
    </UnitTest>
    <UnitTest name="Eviction_WithTiedFrequency_RemovesOneOfTheLFUItems_AfterAddOrUpdate" storage="c:\projects\aikido\firewall-dotnet\aikido.zen.test\bin\release\net9.0\aikido.zen.tests.dll" id="5ab1ed6d-0f8c-f7f0-7b73-d2664890508a">
      <Execution id="00440eda-e909-44a5-83ef-0d355d7562bb" />
      <TestMethod codeBase="C:\projects\Aikido\firewall-dotnet\Aikido.Zen.Test\bin\Release\net9.0\Aikido.Zen.Tests.dll" adapterTypeName="executor://nunit3testexecutor/" className="Aikido.Zen.Test.ConcurrentLFUDictionaryTests" name="Eviction_WithTiedFrequency_RemovesOneOfTheLFUItems_AfterAddOrUpdate" />
    </UnitTest>
    <UnitTest name="Test_INJECTION: New lines in commands with dangerous command" storage="c:\projects\aikido\firewall-dotnet\aikido.zen.test\bin\release\net9.0\aikido.zen.tests.dll" id="2210d65e-0df9-5319-720c-e084d0fa54af">
      <Execution id="957853d9-5d15-47ec-a883-e17903a3b8cd" />
      <TestMethod codeBase="C:\projects\Aikido\firewall-dotnet\Aikido.Zen.Test\bin\Release\net9.0\Aikido.Zen.Tests.dll" adapterTypeName="executor://nunit3testexecutor/" className="Aikido.Zen.Test.ShellInjectionDetectorTests" name="Test_INJECTION: New lines in commands with dangerous command" />
    </UnitTest>
    <UnitTest name="GetBodyDataType_WithNoContentType_ReturnsNull" storage="c:\projects\aikido\firewall-dotnet\aikido.zen.test\bin\release\net9.0\aikido.zen.tests.dll" id="6475d4ee-7cab-e68c-1380-e655e8edd0dc">
      <Execution id="7ca0a2eb-b7b4-443c-87c6-056bae7ac9d9" />
      <TestMethod codeBase="C:\projects\Aikido\firewall-dotnet\Aikido.Zen.Test\bin\Release\net9.0\Aikido.Zen.Tests.dll" adapterTypeName="executor://nunit3testexecutor/" className="Aikido.Zen.Test.Helpers.ApiDataTypeHelperTests" name="GetBodyDataType_WithNoContentType_ReturnsNull" />
    </UnitTest>
    <UnitTest name="AddAbortedRequest_ShouldIncrementRequestsAborted" storage="c:\projects\aikido\firewall-dotnet\aikido.zen.test\bin\release\net9.0\aikido.zen.tests.dll" id="3315b847-8788-e083-79ae-641e93cf2c9e">
      <Execution id="5968e545-c8e6-4cd9-8fe7-7102c83f8de0" />
      <TestMethod codeBase="C:\projects\Aikido\firewall-dotnet\Aikido.Zen.Test\bin\Release\net9.0\Aikido.Zen.Tests.dll" adapterTypeName="executor://nunit3testexecutor/" className="Aikido.Zen.Test.AgentContextTests" name="AddAbortedRequest_ShouldIncrementRequestsAborted" />
    </UnitTest>
    <UnitTest name="Cache_WithDifferentSizes_ShouldRespectCapacity" storage="c:\projects\aikido\firewall-dotnet\aikido.zen.test\bin\release\net9.0\aikido.zen.tests.dll" id="8469268b-f808-9b9b-d61b-275eee215791">
      <Execution id="1507b485-3915-480f-8e17-6e052e3dc0c9" />
      <TestMethod codeBase="C:\projects\Aikido\firewall-dotnet\Aikido.Zen.Test\bin\Release\net9.0\Aikido.Zen.Tests.dll" adapterTypeName="executor://nunit3testexecutor/" className="Aikido.Zen.Test.Helpers.RateLimitingHelperTests" name="Cache_WithDifferentSizes_ShouldRespectCapacity" />
    </UnitTest>
    <UnitTest name="AttackLog_ShouldLogMessageAsInformation" storage="c:\projects\aikido\firewall-dotnet\aikido.zen.test\bin\release\net9.0\aikido.zen.tests.dll" id="67d8fbc9-d4ad-3fa9-a52e-71b16c3abe2c">
      <Execution id="b052c9f2-22ef-4b4c-ae01-72144908dd5c" />
      <TestMethod codeBase="C:\projects\Aikido\firewall-dotnet\Aikido.Zen.Test\bin\Release\net9.0\Aikido.Zen.Tests.dll" adapterTypeName="executor://nunit3testexecutor/" className="Aikido.Zen.Test.Helpers.LogHelperTests" name="AttackLog_ShouldLogMessageAsInformation" />
    </UnitTest>
    <UnitTest name="TryGet_GetsItemWithoutIncrementingHits" storage="c:\projects\aikido\firewall-dotnet\aikido.zen.test\bin\release\net9.0\aikido.zen.tests.dll" id="ac6bf313-0922-66ba-3b55-27772152db91">
      <Execution id="b2dc4d43-9c07-4f95-9a32-d76b6d8e3460" />
      <TestMethod codeBase="C:\projects\Aikido\firewall-dotnet\Aikido.Zen.Test\bin\Release\net9.0\Aikido.Zen.Tests.dll" adapterTypeName="executor://nunit3testexecutor/" className="Aikido.Zen.Test.ConcurrentLFUDictionaryTests" name="TryGet_GetsItemWithoutIncrementingHits" />
    </UnitTest>
    <UnitTest name="Contains_ShouldReturnExpectedResult(&quot;hello world&quot;,&quot;world&quot;,True)" storage="c:\projects\aikido\firewall-dotnet\aikido.zen.test\bin\release\net9.0\aikido.zen.tests.dll" id="96a7e304-2625-95e2-8622-46f79ebd6068">
      <Execution id="ed270d92-9538-4a36-977d-70ea32372cc8" />
      <TestMethod codeBase="C:\projects\Aikido\firewall-dotnet\Aikido.Zen.Test\bin\Release\net9.0\Aikido.Zen.Tests.dll" adapterTypeName="executor://nunit3testexecutor/" className="Aikido.Zen.Test.Helpers.StringHelperTests" name="Contains_ShouldReturnExpectedResult(&quot;hello world&quot;,&quot;world&quot;,True)" />
    </UnitTest>
    <UnitTest name="Test_Empty file path" storage="c:\projects\aikido\firewall-dotnet\aikido.zen.test\bin\release\net9.0\aikido.zen.tests.dll" id="959a76fd-9932-f100-1fa7-0feeda032261">
      <Execution id="e9ffb9cf-caf8-475a-8f43-060cf74f75c0" />
      <TestMethod codeBase="C:\projects\Aikido\firewall-dotnet\Aikido.Zen.Test\bin\Release\net9.0\Aikido.Zen.Tests.dll" adapterTypeName="executor://nunit3testexecutor/" className="Aikido.Zen.Test.PathTraversalDetectorTests" name="Test_Empty file path" />
    </UnitTest>
    <UnitTest name="ShouldAddRoute_RouteIsNull_ShouldReturnExpectedResult(null,&quot;GET&quot;,200,False)" storage="c:\projects\aikido\firewall-dotnet\aikido.zen.test\bin\release\net9.0\aikido.zen.tests.dll" id="0c6d5fcb-7d45-0733-35aa-26fd149b40cf">
      <Execution id="c28eae0c-8fc3-4387-90aa-e26f1f12d727" />
      <TestMethod codeBase="C:\projects\Aikido\firewall-dotnet\Aikido.Zen.Test\bin\Release\net9.0\Aikido.Zen.Tests.dll" adapterTypeName="executor://nunit3testexecutor/" className="Aikido.Zen.Test.Helpers.RouteHelperTests" name="ShouldAddRoute_RouteIsNull_ShouldReturnExpectedResult(null,&quot;GET&quot;,200,False)" />
    </UnitTest>
    <UnitTest name="Test_Path traversal bypass attempt with current directory" storage="c:\projects\aikido\firewall-dotnet\aikido.zen.test\bin\release\net9.0\aikido.zen.tests.dll" id="cc04b6cd-89f4-2042-cc81-3e4415758287">
      <Execution id="89c3792f-4e04-4589-8c94-e4c90f08ff6c" />
      <TestMethod codeBase="C:\projects\Aikido\firewall-dotnet\Aikido.Zen.Test\bin\Release\net9.0\Aikido.Zen.Tests.dll" adapterTypeName="executor://nunit3testexecutor/" className="Aikido.Zen.Test.PathTraversalDetectorTests" name="Test_Path traversal bypass attempt with current directory" />
    </UnitTest>
    <UnitTest name="CleanVersion_ShouldRemovePrereleaseVersion" storage="c:\projects\aikido\firewall-dotnet\aikido.zen.test\bin\release\net9.0\aikido.zen.tests.dll" id="7bc7b743-c725-2ed1-e181-a52b49a34c4e">
      <Execution id="50580276-75e1-4b2e-8126-0aa9a8461a33" />
      <TestMethod codeBase="C:\projects\Aikido\firewall-dotnet\Aikido.Zen.Test\bin\Release\net9.0\Aikido.Zen.Tests.dll" adapterTypeName="executor://nunit3testexecutor/" className="Aikido.Zen.Test.Helpers.AgentInfoHelperTests" name="CleanVersion_ShouldRemovePrereleaseVersion" />
    </UnitTest>
    <UnitTest name="Test_application/json_12" storage="c:\projects\aikido\firewall-dotnet\aikido.zen.test\bin\release\net9.0\aikido.zen.tests.dll" id="0dec9e6b-ac64-1150-d5e2-16e47168852d">
      <Execution id="dd977a5d-b35f-40ad-b054-32a53de8bc6b" />
      <TestMethod codeBase="C:\projects\Aikido\firewall-dotnet\Aikido.Zen.Test\bin\Release\net9.0\Aikido.Zen.Tests.dll" adapterTypeName="executor://nunit3testexecutor/" className="Aikido.Zen.Test.Helpers.HttpHelperTests" name="Test_application/json_12" />
    </UnitTest>
    <UnitTest name="MatchRoute_ShouldReturnExpectedResult(&quot;path/to/file.txt&quot;,&quot;path/to/file.txt?query=1#section&quot;,True)" storage="c:\projects\aikido\firewall-dotnet\aikido.zen.test\bin\release\net9.0\aikido.zen.tests.dll" id="4b78bafb-ad93-5711-7e61-928dcb946cd9">
      <Execution id="20bfc25c-1282-40b6-ae51-ffed3406e3a5" />
      <TestMethod codeBase="C:\projects\Aikido\firewall-dotnet\Aikido.Zen.Test\bin\Release\net9.0\Aikido.Zen.Tests.dll" adapterTypeName="executor://nunit3testexecutor/" className="Aikido.Zen.Test.Helpers.RouteHelperTests" name="MatchRoute_ShouldReturnExpectedResult(&quot;path/to/file.txt&quot;,&quot;path/to/file.txt?query=1#section&quot;,True)" />
    </UnitTest>
    <UnitTest name="ShouldAddRoute_ShouldReturnExpectedResult(&quot;/api/resource&quot;,&quot;GET&quot;,404,False)" storage="c:\projects\aikido\firewall-dotnet\aikido.zen.test\bin\release\net9.0\aikido.zen.tests.dll" id="96e01428-9124-12d9-fd8b-b79470c9faed">
      <Execution id="43bf9999-841c-44c2-ac0d-0c75348d22dc" />
      <TestMethod codeBase="C:\projects\Aikido\firewall-dotnet\Aikido.Zen.Test\bin\Release\net9.0\Aikido.Zen.Tests.dll" adapterTypeName="executor://nunit3testexecutor/" className="Aikido.Zen.Test.Helpers.RouteHelperTests" name="ShouldAddRoute_ShouldReturnExpectedResult(&quot;/api/resource&quot;,&quot;GET&quot;,404,False)" />
    </UnitTest>
    <UnitTest name="RequestBlocked_ShouldReturnCorrectMessage" storage="c:\projects\aikido\firewall-dotnet\aikido.zen.test\bin\release\net9.0\aikido.zen.tests.dll" id="ff121939-d3c1-2dbe-8c24-3d621be8be52">
      <Execution id="fb18b208-bb52-4424-bef6-ca61a4e6072b" />
      <TestMethod codeBase="C:\projects\Aikido\firewall-dotnet\Aikido.Zen.Test\bin\Release\net9.0\Aikido.Zen.Tests.dll" adapterTypeName="executor://nunit3testexecutor/" className="Aikido.Zen.Test.AikidoExceptionTests" name="RequestBlocked_ShouldReturnCorrectMessage" />
    </UnitTest>
    <UnitTest name="OnFileOperation_AbsoluteInput_ReturnsTrueWhenNotBlocking(&quot;%WINDIR%\\system32\\notepad.exe&quot;)" storage="c:\projects\aikido\firewall-dotnet\aikido.zen.test\bin\release\net9.0\aikido.zen.tests.dll" id="c285d669-423b-9a8c-6f48-24c944824162">
      <Execution id="21f6c1ae-e59f-42e7-bef7-e94fbb2547c6" />
      <TestMethod codeBase="C:\projects\Aikido\firewall-dotnet\Aikido.Zen.Test\bin\Release\net9.0\Aikido.Zen.Tests.dll" adapterTypeName="executor://nunit3testexecutor/" className="Aikido.Zen.Test.IOPatcherTests" name="OnFileOperation_AbsoluteInput_ReturnsTrueWhenNotBlocking(&quot;%WINDIR%\\system32\\notepad.exe&quot;)" />
    </UnitTest>
    <UnitTest name="Set_WhenOverCapacity_ShouldEvictLRUItem" storage="c:\projects\aikido\firewall-dotnet\aikido.zen.test\bin\release\net9.0\aikido.zen.tests.dll" id="76fb283b-4f03-8866-c6f3-bccb891bb24f">
      <Execution id="f452dc59-a122-47d5-8012-588bc11c1265" />
      <TestMethod codeBase="C:\projects\Aikido\firewall-dotnet\Aikido.Zen.Test\bin\Release\net9.0\Aikido.Zen.Tests.dll" adapterTypeName="executor://nunit3testexecutor/" className="Aikido.Zen.Test.LRUCacheTests" name="Set_WhenOverCapacity_ShouldEvictLRUItem" />
    </UnitTest>
    <UnitTest name="MatchRoute_EdgeCases_ShouldReturnExpectedResult(&quot;/api/{id}/details!&quot;,&quot;/api/123/details!&quot;,True)" storage="c:\projects\aikido\firewall-dotnet\aikido.zen.test\bin\release\net9.0\aikido.zen.tests.dll" id="7c51c361-b150-851e-edf3-14e7f0a7eca5">
      <Execution id="9b99a80e-7c45-4c99-85e6-bad231eefd54" />
      <TestMethod codeBase="C:\projects\Aikido\firewall-dotnet\Aikido.Zen.Test\bin\Release\net9.0\Aikido.Zen.Tests.dll" adapterTypeName="executor://nunit3testexecutor/" className="Aikido.Zen.Test.Helpers.RouteHelperTests" name="MatchRoute_EdgeCases_ShouldReturnExpectedResult(&quot;/api/{id}/details!&quot;,&quot;/api/123/details!&quot;,True)" />
    </UnitTest>
    <UnitTest name="LooksLikeASecret_ShortStrings_ReturnsFalse(&quot;OmNf04j6mU&quot;)" storage="c:\projects\aikido\firewall-dotnet\aikido.zen.test\bin\release\net9.0\aikido.zen.tests.dll" id="a5b456fb-d1ea-c09b-0b3d-16ae4b08595f">
      <Execution id="5471d126-6d17-433a-b4b6-c502f7ca6f72" />
      <TestMethod codeBase="C:\projects\Aikido\firewall-dotnet\Aikido.Zen.Test\bin\Release\net9.0\Aikido.Zen.Tests.dll" adapterTypeName="executor://nunit3testexecutor/" className="Aikido.Zen.Test.Helpers.RouteParameterHelperTests" name="LooksLikeASecret_ShortStrings_ReturnsFalse(&quot;OmNf04j6mU&quot;)" />
    </UnitTest>
    <UnitTest name="Test_Generic_ATTACK: Basic OR condition with comment" storage="c:\projects\aikido\firewall-dotnet\aikido.zen.test\bin\release\net9.0\aikido.zen.tests.dll" id="69e69e5e-b0eb-d1be-4f7a-7fbce017608b">
      <Execution id="d29245aa-c8f9-4fb2-8c38-6eb4fbf9e16b" />
      <TestMethod codeBase="C:\projects\Aikido\firewall-dotnet\Aikido.Zen.Test\bin\Release\net9.0\Aikido.Zen.Tests.dll" adapterTypeName="executor://nunit3testexecutor/" className="Aikido.Zen.Test.SQLInjectionDetectorTests" name="Test_Generic_ATTACK: Basic OR condition with comment" />
    </UnitTest>
    <UnitTest name="ShouldAddRoute_ShouldReturnExpectedResult(&quot;/api/resource&quot;,&quot;GET&quot;,500,False)" storage="c:\projects\aikido\firewall-dotnet\aikido.zen.test\bin\release\net9.0\aikido.zen.tests.dll" id="11e524cb-9bd3-f6d3-051c-3d8a65191b07">
      <Execution id="9feeae0b-b0e3-4126-9106-ff49f70d8fa3" />
      <TestMethod codeBase="C:\projects\Aikido\firewall-dotnet\Aikido.Zen.Test\bin\Release\net9.0\Aikido.Zen.Tests.dll" adapterTypeName="executor://nunit3testexecutor/" className="Aikido.Zen.Test.Helpers.RouteHelperTests" name="ShouldAddRoute_ShouldReturnExpectedResult(&quot;/api/resource&quot;,&quot;GET&quot;,500,False)" />
    </UnitTest>
    <UnitTest name="MatchRoute_ShouldReturnExpectedResult(&quot;/api/{id}/details/{subId}/info&quot;,&quot;/api/123/details/456/info?query=1#section&quot;,True)" storage="c:\projects\aikido\firewall-dotnet\aikido.zen.test\bin\release\net9.0\aikido.zen.tests.dll" id="1145a7c3-35da-0780-f16e-5629d2d332aa">
      <Execution id="32f93435-c4d5-4a10-9753-131e02e64238" />
      <TestMethod codeBase="C:\projects\Aikido\firewall-dotnet\Aikido.Zen.Test\bin\Release\net9.0\Aikido.Zen.Tests.dll" adapterTypeName="executor://nunit3testexecutor/" className="Aikido.Zen.Test.Helpers.RouteHelperTests" name="MatchRoute_ShouldReturnExpectedResult(&quot;/api/{id}/details/{subId}/info&quot;,&quot;/api/123/details/456/info?query=1#section&quot;,True)" />
    </UnitTest>
    <UnitTest name="HasExactMatch_WithEmptyEndpoints_ShouldReturnFalse" storage="c:\projects\aikido\firewall-dotnet\aikido.zen.test\bin\release\net9.0\aikido.zen.tests.dll" id="5a7b2884-34d3-bebf-f97a-25df2e41a0ed">
      <Execution id="183a558e-a472-4b0e-b3b1-108bd7a7a177" />
      <TestMethod codeBase="C:\projects\Aikido\firewall-dotnet\Aikido.Zen.Test\bin\Release\net9.0\Aikido.Zen.Tests.dll" adapterTypeName="executor://nunit3testexecutor/" className="Aikido.Zen.Test.Helpers.RouteHelperTests" name="HasExactMatch_WithEmptyEndpoints_ShouldReturnFalse" />
    </UnitTest>
    <UnitTest name="ScheduleEvent_OverloadWithEventAndInterval_AddsToScheduledEvents" storage="c:\projects\aikido\firewall-dotnet\aikido.zen.test\bin\release\net9.0\aikido.zen.tests.dll" id="f4f46636-f9e7-76ca-1dbd-e3d9c5854fae">
      <Execution id="d1ca74f5-de4c-40a3-8289-16de10cf692c" />
      <TestMethod codeBase="C:\projects\Aikido\firewall-dotnet\Aikido.Zen.Test\bin\Release\net9.0\Aikido.Zen.Tests.dll" adapterTypeName="executor://nunit3testexecutor/" className="Aikido.Zen.Test.AgentTests" name="ScheduleEvent_OverloadWithEventAndInterval_AddsToScheduledEvents" />
    </UnitTest>
    <UnitTest name="GetInfo_ShouldReturnValidAgentInfo" storage="c:\projects\aikido\firewall-dotnet\aikido.zen.test\bin\release\net9.0\aikido.zen.tests.dll" id="c2bb81e7-7fc6-f11c-5ddc-7fc1abce030c">
      <Execution id="b0612f47-eee4-4e23-98d1-f6e7fd11763f" />
      <TestMethod codeBase="C:\projects\Aikido\firewall-dotnet\Aikido.Zen.Test\bin\Release\net9.0\Aikido.Zen.Tests.dll" adapterTypeName="executor://nunit3testexecutor/" className="Aikido.Zen.Test.Helpers.AgentInfoHelperTests" name="GetInfo_ShouldReturnValidAgentInfo" />
    </UnitTest>
    <UnitTest name="RuntimeApiClient_GetConfigVersion_ShouldReturnSuccess" storage="c:\projects\aikido\firewall-dotnet\aikido.zen.test\bin\release\net9.0\aikido.zen.tests.dll" id="252293b8-7649-da0b-bf04-09b0072d629e">
      <Execution id="dfb00892-4985-4336-9b80-eb8b6fb49a51" />
      <TestMethod codeBase="C:\projects\Aikido\firewall-dotnet\Aikido.Zen.Test\bin\Release\net9.0\Aikido.Zen.Tests.dll" adapterTypeName="executor://nunit3testexecutor/" className="Aikido.Zen.Test.ZenApiTests" name="RuntimeApiClient_GetConfigVersion_ShouldReturnSuccess" />
    </UnitTest>
    <UnitTest name="IsRouteParameter_ShouldReturnExpectedResult(&quot;{parameter&quot;,False)" storage="c:\projects\aikido\firewall-dotnet\aikido.zen.test\bin\release\net9.0\aikido.zen.tests.dll" id="77a9265b-ff19-1e9a-5f8f-645de34c8f32">
      <Execution id="bc1010ac-6a54-45a9-b9bc-b75aee4a6cb8" />
      <TestMethod codeBase="C:\projects\Aikido\firewall-dotnet\Aikido.Zen.Test\bin\Release\net9.0\Aikido.Zen.Tests.dll" adapterTypeName="executor://nunit3testexecutor/" className="Aikido.Zen.Test.Helpers.RouteHelperTests" name="IsRouteParameter_ShouldReturnExpectedResult(&quot;{parameter&quot;,False)" />
    </UnitTest>
    <UnitTest name="ScheduleEvent_WithNonPositiveInterval_ThrowsArgumentException" storage="c:\projects\aikido\firewall-dotnet\aikido.zen.test\bin\release\net9.0\aikido.zen.tests.dll" id="ff15ec8e-f22b-2432-924c-6811ed971fb6">
      <Execution id="fbfcc2dd-cfa8-4969-9195-83ae49b69e8e" />
      <TestMethod codeBase="C:\projects\Aikido\firewall-dotnet\Aikido.Zen.Test\bin\Release\net9.0\Aikido.Zen.Tests.dll" adapterTypeName="executor://nunit3testexecutor/" className="Aikido.Zen.Test.AgentTests" name="ScheduleEvent_WithNonPositiveInterval_ThrowsArgumentException" />
    </UnitTest>
    <UnitTest name="GetDialect_ShouldReturnCorrectDialect(&quot;MySqlConnector&quot;,MySQL)" storage="c:\projects\aikido\firewall-dotnet\aikido.zen.test\bin\release\net9.0\aikido.zen.tests.dll" id="8bc7847b-0665-ec73-92e2-32912c2d0f21">
      <Execution id="2974dc8e-c97c-4163-a835-5969955dda00" />
      <TestMethod codeBase="C:\projects\Aikido\firewall-dotnet\Aikido.Zen.Test\bin\Release\net9.0\Aikido.Zen.Tests.dll" adapterTypeName="executor://nunit3testexecutor/" className="Aikido.Zen.Test.SqlClientPatcherTests" name="GetDialect_ShouldReturnCorrectDialect(&quot;MySqlConnector&quot;,MySQL)" />
    </UnitTest>
    <UnitTest name="Set_ExistingKey_ShouldUpdateValue" storage="c:\projects\aikido\firewall-dotnet\aikido.zen.test\bin\release\net9.0\aikido.zen.tests.dll" id="78b3f02d-11bb-49a9-3e31-cd8e1f2c52f0">
      <Execution id="9f3564b7-7974-41a6-aaa2-3a505e4ce10d" />
      <TestMethod codeBase="C:\projects\Aikido\firewall-dotnet\Aikido.Zen.Test\bin\Release\net9.0\Aikido.Zen.Tests.dll" adapterTypeName="executor://nunit3testexecutor/" className="Aikido.Zen.Test.LRUCacheTests" name="Set_ExistingKey_ShouldUpdateValue" />
    </UnitTest>
    <UnitTest name="DebugLog_ShouldAddPrefix_WhenMessageDoesNotHaveIt" storage="c:\projects\aikido\firewall-dotnet\aikido.zen.test\bin\release\net9.0\aikido.zen.tests.dll" id="e38c2e33-b9b8-daa0-dd97-d3bdea16ad66">
      <Execution id="f999b3ee-e72e-4467-b94a-0186858f7a5c" />
      <TestMethod codeBase="C:\projects\Aikido\firewall-dotnet\Aikido.Zen.Test\bin\Release\net9.0\Aikido.Zen.Tests.dll" adapterTypeName="executor://nunit3testexecutor/" className="Aikido.Zen.Test.Helpers.LogHelperTests" name="DebugLog_ShouldAddPrefix_WhenMessageDoesNotHaveIt" />
    </UnitTest>
    <UnitTest name="MatchRoute_ShouldReturnExpectedResult(&quot;/API/{ID}/DETAILS/{SUBID}&quot;,&quot;/api/123/details/456&quot;,True)" storage="c:\projects\aikido\firewall-dotnet\aikido.zen.test\bin\release\net9.0\aikido.zen.tests.dll" id="a04a2dd6-8031-7332-61fb-3a4ff0366601">
      <Execution id="0ff58e52-4fcd-46fa-9a06-cab2432a1007" />
      <TestMethod codeBase="C:\projects\Aikido\firewall-dotnet\Aikido.Zen.Test\bin\Release\net9.0\Aikido.Zen.Tests.dll" adapterTypeName="executor://nunit3testexecutor/" className="Aikido.Zen.Test.Helpers.RouteHelperTests" name="MatchRoute_ShouldReturnExpectedResult(&quot;/API/{ID}/DETAILS/{SUBID}&quot;,&quot;/api/123/details/456&quot;,True)" />
    </UnitTest>
    <UnitTest name="Test_INJECTION: Escaped backticks in domain" storage="c:\projects\aikido\firewall-dotnet\aikido.zen.test\bin\release\net9.0\aikido.zen.tests.dll" id="6dd6af0b-13cd-4892-0ec0-31098b917107">
      <Execution id="919342ee-cf87-46f7-b839-2766be5b0d66" />
      <TestMethod codeBase="C:\projects\Aikido\firewall-dotnet\Aikido.Zen.Test\bin\Release\net9.0\Aikido.Zen.Tests.dll" adapterTypeName="executor://nunit3testexecutor/" className="Aikido.Zen.Test.ShellInjectionDetectorTests" name="Test_INJECTION: Escaped backticks in domain" />
    </UnitTest>
    <UnitTest name="Properties_WithNullCollections_HandledGracefully" storage="c:\projects\aikido\firewall-dotnet\aikido.zen.test\bin\release\net9.0\aikido.zen.tests.dll" id="b7f27af9-3631-b311-f52b-4a431ead8a04">
      <Execution id="62cb2f82-b287-4664-b762-5eb616215809" />
      <TestMethod codeBase="C:\projects\Aikido\firewall-dotnet\Aikido.Zen.Test\bin\Release\net9.0\Aikido.Zen.Tests.dll" adapterTypeName="executor://nunit3testexecutor/" className="Aikido.Zen.Test.ReportingAPIResponseTests" name="Properties_WithNullCollections_HandledGracefully" />
    </UnitTest>
    <UnitTest name="Test_SAFE: Encapsulated special character ;" storage="c:\projects\aikido\firewall-dotnet\aikido.zen.test\bin\release\net9.0\aikido.zen.tests.dll" id="9ddf4d1f-754f-7716-3e7d-84ec427a3896">
      <Execution id="126d406f-1b72-4ee7-921c-0b5d1e485c79" />
      <TestMethod codeBase="C:\projects\Aikido\firewall-dotnet\Aikido.Zen.Test\bin\Release\net9.0\Aikido.Zen.Tests.dll" adapterTypeName="executor://nunit3testexecutor/" className="Aikido.Zen.Test.ShellInjectionDetectorTests" name="Test_SAFE: Encapsulated special character ;" />
    </UnitTest>
    <UnitTest name="ScheduleId_HasCorrectValue" storage="c:\projects\aikido\firewall-dotnet\aikido.zen.test\bin\release\net9.0\aikido.zen.tests.dll" id="6b236f6f-934d-2c99-ffcc-ba615e32d62a">
      <Execution id="5ef3c671-8a56-44eb-bf59-84b2c57b7244" />
      <TestMethod codeBase="C:\projects\Aikido\firewall-dotnet\Aikido.Zen.Test\bin\Release\net9.0\Aikido.Zen.Tests.dll" adapterTypeName="executor://nunit3testexecutor/" className="Aikido.Zen.Test.HeartbeatTests" name="ScheduleId_HasCorrectValue" />
    </UnitTest>
    <UnitTest name="Test_Single character user input" storage="c:\projects\aikido\firewall-dotnet\aikido.zen.test\bin\release\net9.0\aikido.zen.tests.dll" id="0c9625c5-2048-e957-12cf-61bed01f1335">
      <Execution id="27ca87d2-b922-49b2-b18d-c6091994f8fc" />
      <TestMethod codeBase="C:\projects\Aikido\firewall-dotnet\Aikido.Zen.Test\bin\Release\net9.0\Aikido.Zen.Tests.dll" adapterTypeName="executor://nunit3testexecutor/" className="Aikido.Zen.Test.PathTraversalDetectorTests" name="Test_Single character user input" />
    </UnitTest>
    <UnitTest name="ShouldAddRoute_ContextIsNull_ShouldReturnFalse" storage="c:\projects\aikido\firewall-dotnet\aikido.zen.test\bin\release\net9.0\aikido.zen.tests.dll" id="1da10769-5907-91df-2835-ea8c0b9df1bf">
      <Execution id="7ebe5b42-b08f-4495-b54b-1da73dd2e92b" />
      <TestMethod codeBase="C:\projects\Aikido\firewall-dotnet\Aikido.Zen.Test\bin\Release\net9.0\Aikido.Zen.Tests.dll" adapterTypeName="executor://nunit3testexecutor/" className="Aikido.Zen.Test.Helpers.RouteHelperTests" name="ShouldAddRoute_ContextIsNull_ShouldReturnFalse" />
    </UnitTest>
    <UnitTest name="GetApiAuthType_WithApiKeyWithoutBearer_ReturnsApiKeyType" storage="c:\projects\aikido\firewall-dotnet\aikido.zen.test\bin\release\net9.0\aikido.zen.tests.dll" id="95815412-e105-50cd-5bf0-8701e9ff2cdd">
      <Execution id="eee2c2a6-ca15-4752-9bc2-f9a49db490ae" />
      <TestMethod codeBase="C:\projects\Aikido\firewall-dotnet\Aikido.Zen.Test\bin\Release\net9.0\Aikido.Zen.Tests.dll" adapterTypeName="executor://nunit3testexecutor/" className="Aikido.Zen.Test.Helpers.ApiAuthTypeHelperTests" name="GetApiAuthType_WithApiKeyWithoutBearer_ReturnsApiKeyType" />
    </UnitTest>
    <UnitTest name="Test_INJECTION: Dangerous command chown root" storage="c:\projects\aikido\firewall-dotnet\aikido.zen.test\bin\release\net9.0\aikido.zen.tests.dll" id="cda87dd6-751c-4bee-f994-2d396cbecf48">
      <Execution id="d464c4f4-3a72-4780-9ff0-68df904910da" />
      <TestMethod codeBase="C:\projects\Aikido\firewall-dotnet\Aikido.Zen.Test\bin\Release\net9.0\Aikido.Zen.Tests.dll" adapterTypeName="executor://nunit3testexecutor/" className="Aikido.Zen.Test.ShellInjectionDetectorTests" name="Test_INJECTION: Dangerous command chown root" />
    </UnitTest>
    <UnitTest name="ConcurrentAccess_ToUsers_ShouldBeThreadSafe" storage="c:\projects\aikido\firewall-dotnet\aikido.zen.test\bin\release\net9.0\aikido.zen.tests.dll" id="709fa466-3b52-fe6e-75e4-4a497c84caee">
      <Execution id="d452f880-83a9-4e45-92b8-2b2c3dd0557a" />
      <TestMethod codeBase="C:\projects\Aikido\firewall-dotnet\Aikido.Zen.Test\bin\Release\net9.0\Aikido.Zen.Tests.dll" adapterTypeName="executor://nunit3testexecutor/" className="Aikido.Zen.Test.ConcurrencyAgentContextTests" name="ConcurrentAccess_ToUsers_ShouldBeThreadSafe" />
    </UnitTest>
    <UnitTest name="MatchEndpoints_ExactRouteMatch_ShouldReturnMatchingEndpoint" storage="c:\projects\aikido\firewall-dotnet\aikido.zen.test\bin\release\net9.0\aikido.zen.tests.dll" id="3b5052ff-a434-e475-fb6d-0ac1114c8780">
      <Execution id="b88d6f0d-de5a-45bb-9585-8ac4337269bd" />
      <TestMethod codeBase="C:\projects\Aikido\firewall-dotnet\Aikido.Zen.Test\bin\Release\net9.0\Aikido.Zen.Tests.dll" adapterTypeName="executor://nunit3testexecutor/" className="Aikido.Zen.Test.Helpers.RouteHelperTests" name="MatchEndpoints_ExactRouteMatch_ShouldReturnMatchingEndpoint" />
    </UnitTest>
    <UnitTest name="EndpointMatching_WithWildcardMethod_ShouldMatchAnyMethod" storage="c:\projects\aikido\firewall-dotnet\aikido.zen.test\bin\release\net9.0\aikido.zen.tests.dll" id="a48b4e11-9ae3-c527-a9eb-0e05e7fd9df8">
      <Execution id="ec9e047b-7cc9-498d-b493-f44de50fec54" />
      <TestMethod codeBase="C:\projects\Aikido\firewall-dotnet\Aikido.Zen.Test\bin\Release\net9.0\Aikido.Zen.Tests.dll" adapterTypeName="executor://nunit3testexecutor/" className="Aikido.Zen.Test.BlockListTests" name="EndpointMatching_WithWildcardMethod_ShouldMatchAnyMethod" />
    </UnitTest>
    <UnitTest name="Test_SAFE: Special character \ within quotes" storage="c:\projects\aikido\firewall-dotnet\aikido.zen.test\bin\release\net9.0\aikido.zen.tests.dll" id="cfd593ac-2a09-215e-9a61-af80df6a687b">
      <Execution id="9e4f1a8c-9e50-41bd-a1c9-00de3c21571e" />
      <TestMethod codeBase="C:\projects\Aikido\firewall-dotnet\Aikido.Zen.Test\bin\Release\net9.0\Aikido.Zen.Tests.dll" adapterTypeName="executor://nunit3testexecutor/" className="Aikido.Zen.Test.ShellInjectionDetectorTests" name="Test_SAFE: Special character \ within quotes" />
    </UnitTest>
    <UnitTest name="Test_INJECTION: Command substitution with $(echo)" storage="c:\projects\aikido\firewall-dotnet\aikido.zen.test\bin\release\net9.0\aikido.zen.tests.dll" id="edfe9d9a-6cb5-1fcb-9a69-ba841633ae44">
      <Execution id="1e4f532c-5a31-442c-8fdb-1570312c7ead" />
      <TestMethod codeBase="C:\projects\Aikido\firewall-dotnet\Aikido.Zen.Test\bin\Release\net9.0\Aikido.Zen.Tests.dll" adapterTypeName="executor://nunit3testexecutor/" className="Aikido.Zen.Test.ShellInjectionDetectorTests" name="Test_INJECTION: Command substitution with $(echo)" />
    </UnitTest>
    <UnitTest name="Properties_SetAndGetCorrectly" storage="c:\projects\aikido\firewall-dotnet\aikido.zen.test\bin\release\net9.0\aikido.zen.tests.dll" id="22cfb859-3222-0284-f693-ba5bd1766a0a">
      <Execution id="8bc03f72-84d2-489c-8997-64dde766b6a9" />
      <TestMethod codeBase="C:\projects\Aikido\firewall-dotnet\Aikido.Zen.Test\bin\Release\net9.0\Aikido.Zen.Tests.dll" adapterTypeName="executor://nunit3testexecutor/" className="Aikido.Zen.Test.ReportingAPIResponseTests" name="Properties_SetAndGetCorrectly" />
    </UnitTest>
    <UnitTest name="OnDetectedAttack_IncrementsRequestAttacks" storage="c:\projects\aikido\firewall-dotnet\aikido.zen.test\bin\release\net9.0\aikido.zen.tests.dll" id="28217fd8-a642-888a-2e57-730a42108bb2">
      <Execution id="dbb51991-3e6b-4d52-9c18-91f43ac6528b" />
      <TestMethod codeBase="C:\projects\Aikido\firewall-dotnet\Aikido.Zen.Test\bin\Release\net9.0\Aikido.Zen.Tests.dll" adapterTypeName="executor://nunit3testexecutor/" className="Aikido.Zen.Test.StatsTests" name="OnDetectedAttack_IncrementsRequestAttacks" />
    </UnitTest>
    <UnitTest name="Test_INJECTION: Dangerous command sleep 10" storage="c:\projects\aikido\firewall-dotnet\aikido.zen.test\bin\release\net9.0\aikido.zen.tests.dll" id="e9e460c3-1482-cc5a-c02a-f195355cf88c">
      <Execution id="232863c7-87dc-44a2-a477-76f24c5fd901" />
      <TestMethod codeBase="C:\projects\Aikido\firewall-dotnet\Aikido.Zen.Test\bin\Release\net9.0\Aikido.Zen.Tests.dll" adapterTypeName="executor://nunit3testexecutor/" className="Aikido.Zen.Test.ShellInjectionDetectorTests" name="Test_INJECTION: Dangerous command sleep 10" />
    </UnitTest>
    <UnitTest name="Delete_RemovesExistingItem" storage="c:\projects\aikido\firewall-dotnet\aikido.zen.test\bin\release\net9.0\aikido.zen.tests.dll" id="20b993bd-57f2-2b49-c5f9-f325a265d4d9">
      <Execution id="f04c668c-ce53-4e3e-80a5-92549a3aa886" />
      <TestMethod codeBase="C:\projects\Aikido\firewall-dotnet\Aikido.Zen.Test\bin\Release\net9.0\Aikido.Zen.Tests.dll" adapterTypeName="executor://nunit3testexecutor/" className="Aikido.Zen.Test.ConcurrentLFUDictionaryTests" name="Delete_RemovesExistingItem" />
    </UnitTest>
    <UnitTest name="UserConstructor_ShouldThrowException_WhenNameIsWhitespace" storage="c:\projects\aikido\firewall-dotnet\aikido.zen.test\bin\release\net9.0\aikido.zen.tests.dll" id="65a6c280-7b5b-b5a4-e19c-babcc2a41e16">
      <Execution id="f4c8c553-5206-4fc7-aad3-3a718cf0a419" />
      <TestMethod codeBase="C:\projects\Aikido\firewall-dotnet\Aikido.Zen.Test\bin\Release\net9.0\Aikido.Zen.Tests.dll" adapterTypeName="executor://nunit3testexecutor/" className="Aikido.Zen.Test.UserTests" name="UserConstructor_ShouldThrowException_WhenNameIsWhitespace" />
    </UnitTest>
    <UnitTest name="MergeDataSchemas_WithObjects_MergesProperties" storage="c:\projects\aikido\firewall-dotnet\aikido.zen.test\bin\release\net9.0\aikido.zen.tests.dll" id="639439bb-d830-f359-d9ab-33f289508592">
      <Execution id="d6da59a7-7b0c-47f6-84a2-3ea04deb7786" />
      <TestMethod codeBase="C:\projects\Aikido\firewall-dotnet\Aikido.Zen.Test\bin\Release\net9.0\Aikido.Zen.Tests.dll" adapterTypeName="executor://nunit3testexecutor/" className="Aikido.Zen.Test.Helpers.SchemaHelperTests" name="MergeDataSchemas_WithObjects_MergesProperties" />
    </UnitTest>
    <UnitTest name="IsSQLInjection_WithNullQuery_ReturnsFalse" storage="c:\projects\aikido\firewall-dotnet\aikido.zen.test\bin\release\net9.0\aikido.zen.tests.dll" id="d1868d3f-8a8d-938a-2214-3d5f8a66f066">
      <Execution id="f956da5e-b740-4d23-adb0-534280f03a88" />
      <TestMethod codeBase="C:\projects\Aikido\firewall-dotnet\Aikido.Zen.Test\bin\Release\net9.0\Aikido.Zen.Tests.dll" adapterTypeName="executor://nunit3testexecutor/" className="Aikido.Zen.Test.SQLInjectionDetectorTests" name="IsSQLInjection_WithNullQuery_ReturnsFalse" />
    </UnitTest>
    <UnitTest name="DetectSQLInjection_WithConnectionManagement_ShouldNotSendAttackEvent" storage="c:\projects\aikido\firewall-dotnet\aikido.zen.test\bin\release\net9.0\aikido.zen.tests.dll" id="3d4aa311-113d-a3da-c980-738ebcce82cb">
      <Execution id="1b8d44c3-470e-4c91-85ab-ebc20fdca318" />
      <TestMethod codeBase="C:\projects\Aikido\firewall-dotnet\Aikido.Zen.Test\bin\Release\net9.0\Aikido.Zen.Tests.dll" adapterTypeName="executor://nunit3testexecutor/" className="Aikido.Zen.Test.Helpers.SqlCommandHelperTests" name="DetectSQLInjection_WithConnectionManagement_ShouldNotSendAttackEvent" />
    </UnitTest>
    <UnitTest name="Test_INJECTION: Special character $ inside double quotes" storage="c:\projects\aikido\firewall-dotnet\aikido.zen.test\bin\release\net9.0\aikido.zen.tests.dll" id="dc1ddaf7-1e7c-b578-9c67-d426626760e3">
      <Execution id="3f2f5f37-5926-475c-95c3-cefaa8bb749a" />
      <TestMethod codeBase="C:\projects\Aikido\firewall-dotnet\Aikido.Zen.Test\bin\Release\net9.0\Aikido.Zen.Tests.dll" adapterTypeName="executor://nunit3testexecutor/" className="Aikido.Zen.Test.ShellInjectionDetectorTests" name="Test_INJECTION: Special character $ inside double quotes" />
    </UnitTest>
    <UnitTest name="Test_SAFE: Lack of spaces in concatenated arguments" storage="c:\projects\aikido\firewall-dotnet\aikido.zen.test\bin\release\net9.0\aikido.zen.tests.dll" id="a3fc0288-7c90-f936-7391-8a8a86a383dc">
      <Execution id="8289dc1c-e6d8-414a-912b-8af25bb4e538" />
      <TestMethod codeBase="C:\projects\Aikido\firewall-dotnet\Aikido.Zen.Test\bin\Release\net9.0\Aikido.Zen.Tests.dll" adapterTypeName="executor://nunit3testexecutor/" className="Aikido.Zen.Test.ShellInjectionDetectorTests" name="Test_SAFE: Lack of spaces in concatenated arguments" />
    </UnitTest>
    <UnitTest name="GetApiAuthType_WithApiKey_ReturnsApiKeyType" storage="c:\projects\aikido\firewall-dotnet\aikido.zen.test\bin\release\net9.0\aikido.zen.tests.dll" id="2d22d8c9-7b08-c47c-a551-72522d666979">
      <Execution id="19335daa-990b-4e3e-91d2-1c7ecd1786d0" />
      <TestMethod codeBase="C:\projects\Aikido\firewall-dotnet\Aikido.Zen.Test\bin\Release\net9.0\Aikido.Zen.Tests.dll" adapterTypeName="executor://nunit3testexecutor/" className="Aikido.Zen.Test.Helpers.ApiAuthTypeHelperTests" name="GetApiAuthType_WithApiKey_ReturnsApiKeyType" />
    </UnitTest>
    <UnitTest name="Test_SAFE: Special character ? within quotes" storage="c:\projects\aikido\firewall-dotnet\aikido.zen.test\bin\release\net9.0\aikido.zen.tests.dll" id="7477f038-2b9a-13f1-fdbd-33c4b1974183">
      <Execution id="3a9d14c6-94ae-4704-9e29-34e6a035ebcd" />
      <TestMethod codeBase="C:\projects\Aikido\firewall-dotnet\Aikido.Zen.Test\bin\Release\net9.0\Aikido.Zen.Tests.dll" adapterTypeName="executor://nunit3testexecutor/" className="Aikido.Zen.Test.ShellInjectionDetectorTests" name="Test_SAFE: Special character ? within quotes" />
    </UnitTest>
    <UnitTest name="LooksLikeASecret_ShortStrings_ReturnsFalse(&quot;7t3&quot;)" storage="c:\projects\aikido\firewall-dotnet\aikido.zen.test\bin\release\net9.0\aikido.zen.tests.dll" id="d0733c4c-72a8-0d96-a9b3-e3863d0d8223">
      <Execution id="a78dad11-1f5c-42da-a9de-90e2f7dffacf" />
      <TestMethod codeBase="C:\projects\Aikido\firewall-dotnet\Aikido.Zen.Test\bin\Release\net9.0\Aikido.Zen.Tests.dll" adapterTypeName="executor://nunit3testexecutor/" className="Aikido.Zen.Test.Helpers.RouteParameterHelperTests" name="LooksLikeASecret_ShortStrings_ReturnsFalse(&quot;7t3&quot;)" />
    </UnitTest>
    <UnitTest name="GetStringFormat_WithDateString_ReturnsDateFormat" storage="c:\projects\aikido\firewall-dotnet\aikido.zen.test\bin\release\net9.0\aikido.zen.tests.dll" id="ecd413f8-8c4f-6f99-96e7-cfe8ce66d4c9">
      <Execution id="fe120cb3-63a2-481b-8b61-4e4b10aa92f7" />
      <TestMethod codeBase="C:\projects\Aikido\firewall-dotnet\Aikido.Zen.Test\bin\Release\net9.0\Aikido.Zen.Tests.dll" adapterTypeName="executor://nunit3testexecutor/" className="Aikido.Zen.Test.Helpers.StringFormatHelperTests" name="GetStringFormat_WithDateString_ReturnsDateFormat" />
    </UnitTest>
    <UnitTest name="Properties_InitiallyNull" storage="c:\projects\aikido\firewall-dotnet\aikido.zen.test\bin\release\net9.0\aikido.zen.tests.dll" id="a420794c-d018-96a3-a2bd-a275cb0db678">
      <Execution id="f377d737-32cb-4d89-9893-15332c60c439" />
      <TestMethod codeBase="C:\projects\Aikido\firewall-dotnet\Aikido.Zen.Test\bin\Release\net9.0\Aikido.Zen.Tests.dll" adapterTypeName="executor://nunit3testexecutor/" className="Aikido.Zen.Test.AikidoOptionsTests" name="Properties_InitiallyNull" />
    </UnitTest>
    <UnitTest name="GetConfigVersion_ShouldThrowExceptionOnError" storage="c:\projects\aikido\firewall-dotnet\aikido.zen.test\bin\release\net9.0\aikido.zen.tests.dll" id="0faa6b94-25d8-bc6c-0511-4da4672e3b95">
      <Execution id="09228e8a-2649-4127-b59a-cacad4661c00" />
      <TestMethod codeBase="C:\projects\Aikido\firewall-dotnet\Aikido.Zen.Test\bin\Release\net9.0\Aikido.Zen.Tests.dll" adapterTypeName="executor://nunit3testexecutor/" className="Aikido.Zen.Test.RuntimeApiClientTests" name="GetConfigVersion_ShouldThrowExceptionOnError" />
    </UnitTest>
    <UnitTest name="IsRouteParameter_ShouldReturnExpectedResult(&quot;{parameter}&quot;,True)" storage="c:\projects\aikido\firewall-dotnet\aikido.zen.test\bin\release\net9.0\aikido.zen.tests.dll" id="763f28d8-a9e3-5e31-e636-60fd3c7e2a0d">
      <Execution id="e11e6ceb-2d03-49fa-8be2-958d85933eaa" />
      <TestMethod codeBase="C:\projects\Aikido\firewall-dotnet\Aikido.Zen.Test\bin\Release\net9.0\Aikido.Zen.Tests.dll" adapterTypeName="executor://nunit3testexecutor/" className="Aikido.Zen.Test.Helpers.RouteHelperTests" name="IsRouteParameter_ShouldReturnExpectedResult(&quot;{parameter}&quot;,True)" />
    </UnitTest>
    <UnitTest name="GetApiAuthType_WithNoAuth_ReturnsNull" storage="c:\projects\aikido\firewall-dotnet\aikido.zen.test\bin\release\net9.0\aikido.zen.tests.dll" id="eae439b3-528b-b05e-471d-7236a0fb0e3d">
      <Execution id="328eefc0-6e41-4984-8af1-2fc38635cc5e" />
      <TestMethod codeBase="C:\projects\Aikido\firewall-dotnet\Aikido.Zen.Test\bin\Release\net9.0\Aikido.Zen.Tests.dll" adapterTypeName="executor://nunit3testexecutor/" className="Aikido.Zen.Test.Helpers.ApiAuthTypeHelperTests" name="GetApiAuthType_WithNoAuth_ReturnsNull" />
    </UnitTest>
    <UnitTest name="DetectPathTraversal_WithInvalidUrlEncoding_ChecksRawInput" storage="c:\projects\aikido\firewall-dotnet\aikido.zen.test\bin\release\net9.0\aikido.zen.tests.dll" id="755ce4ec-d08e-391b-6a3f-6b181502bda6">
      <Execution id="33ff27b6-0db9-4aa3-ab1e-ca5f3940a330" />
      <TestMethod codeBase="C:\projects\Aikido\firewall-dotnet\Aikido.Zen.Test\bin\Release\net9.0\Aikido.Zen.Tests.dll" adapterTypeName="executor://nunit3testexecutor/" className="Aikido.Zen.Test.PathTraversalDetectorTests" name="DetectPathTraversal_WithInvalidUrlEncoding_ChecksRawInput" />
    </UnitTest>
    <UnitTest name="TryGetValue_NonExistentKey_ShouldReturnFalse" storage="c:\projects\aikido\firewall-dotnet\aikido.zen.test\bin\release\net9.0\aikido.zen.tests.dll" id="129cf8f1-e5ca-307a-fc16-3c9077b8115d">
      <Execution id="6b2d3e02-7ac6-4638-bff9-a4e91386675c" />
      <TestMethod codeBase="C:\projects\Aikido\firewall-dotnet\Aikido.Zen.Test\bin\Release\net9.0\Aikido.Zen.Tests.dll" adapterTypeName="executor://nunit3testexecutor/" className="Aikido.Zen.Test.LRUCacheTests" name="TryGetValue_NonExistentKey_ShouldReturnFalse" />
    </UnitTest>
    <UnitTest name="OnFileOperation_WithNullContext_ReturnsTrue" storage="c:\projects\aikido\firewall-dotnet\aikido.zen.test\bin\release\net9.0\aikido.zen.tests.dll" id="2a41c9e6-e1cd-a3f6-b4d5-967f5ef66093">
      <Execution id="1a157dd2-afb7-4597-9f4b-04108c40b9f0" />
      <TestMethod codeBase="C:\projects\Aikido\firewall-dotnet\Aikido.Zen.Test\bin\Release\net9.0\Aikido.Zen.Tests.dll" adapterTypeName="executor://nunit3testexecutor/" className="Aikido.Zen.Test.IOPatcherTests" name="OnFileOperation_WithNullContext_ReturnsTrue" />
    </UnitTest>
    <UnitTest name="IsBlocked_ShouldReturnTrue_WhenUserIsBlocked" storage="c:\projects\aikido\firewall-dotnet\aikido.zen.test\bin\release\net9.0\aikido.zen.tests.dll" id="295f4431-83c4-6203-e6ce-033892c966a7">
      <Execution id="3511f2b5-6c1f-49f0-bb6c-10d689f8009f" />
      <TestMethod codeBase="C:\projects\Aikido\firewall-dotnet\Aikido.Zen.Test\bin\Release\net9.0\Aikido.Zen.Tests.dll" adapterTypeName="executor://nunit3testexecutor/" className="Aikido.Zen.Test.AgentContextTests" name="IsBlocked_ShouldReturnTrue_WhenUserIsBlocked" />
    </UnitTest>
    <UnitTest name="ConcurrentAccess_ShouldHandleMultipleThreads" storage="c:\projects\aikido\firewall-dotnet\aikido.zen.test\bin\release\net9.0\aikido.zen.tests.dll" id="9bf1ebe0-ad00-8353-557a-6ad569be76a0">
      <Execution id="24fe7f62-9e0e-485c-9018-2130245d1abe" />
      <TestMethod codeBase="C:\projects\Aikido\firewall-dotnet\Aikido.Zen.Test\bin\Release\net9.0\Aikido.Zen.Tests.dll" adapterTypeName="executor://nunit3testexecutor/" className="Aikido.Zen.Test.LRUCacheTests" name="ConcurrentAccess_ShouldHandleMultipleThreads" />
    </UnitTest>
    <UnitTest name="ShouldAddRoute_ShouldReturnExpectedResult(&quot;Some.DotNet.Project.Cms/api/values&quot;,&quot;GET&quot;,200,True)" storage="c:\projects\aikido\firewall-dotnet\aikido.zen.test\bin\release\net9.0\aikido.zen.tests.dll" id="c90b5e0e-98d0-7910-c5b4-99b38f54fc42">
      <Execution id="1c48cbdb-93a3-4a99-9e84-deffaeeadb50" />
      <TestMethod codeBase="C:\projects\Aikido\firewall-dotnet\Aikido.Zen.Test\bin\Release\net9.0\Aikido.Zen.Tests.dll" adapterTypeName="executor://nunit3testexecutor/" className="Aikido.Zen.Test.Helpers.RouteHelperTests" name="ShouldAddRoute_ShouldReturnExpectedResult(&quot;Some.DotNet.Project.Cms/api/values&quot;,&quot;GET&quot;,200,True)" />
    </UnitTest>
    <UnitTest name="MatchRoute_EdgeCases_ShouldReturnExpectedResult(&quot;/api/resource&quot;,&quot;/api/resource/&quot;,True)" storage="c:\projects\aikido\firewall-dotnet\aikido.zen.test\bin\release\net9.0\aikido.zen.tests.dll" id="b0862792-5d85-c887-cf41-0404af07bfd7">
      <Execution id="e9ef0ca2-8423-4736-b55d-9d55f8d81dc1" />
      <TestMethod codeBase="C:\projects\Aikido\firewall-dotnet\Aikido.Zen.Test\bin\Release\net9.0\Aikido.Zen.Tests.dll" adapterTypeName="executor://nunit3testexecutor/" className="Aikido.Zen.Test.Helpers.RouteHelperTests" name="MatchRoute_EdgeCases_ShouldReturnExpectedResult(&quot;/api/resource&quot;,&quot;/api/resource/&quot;,True)" />
    </UnitTest>
    <UnitTest name="Unpatch_ShouldRemovePatches" storage="c:\projects\aikido\firewall-dotnet\aikido.zen.test\bin\release\net9.0\aikido.zen.tests.dll" id="663dba11-361f-ae9c-8755-db83f918cc23">
      <Execution id="6e20d45e-99fd-4b26-8477-6f1b87c1c449" />
      <TestMethod codeBase="C:\projects\Aikido\firewall-dotnet\Aikido.Zen.Test\bin\Release\net9.0\Aikido.Zen.Tests.dll" adapterTypeName="executor://nunit3testexecutor/" className="Aikido.Zen.Test.PatcherTests" name="Unpatch_ShouldRemovePatches" />
    </UnitTest>
    <UnitTest name="Test_INJECTION: Pipe character" storage="c:\projects\aikido\firewall-dotnet\aikido.zen.test\bin\release\net9.0\aikido.zen.tests.dll" id="bee269a6-c942-97d5-9021-22316acfca10">
      <Execution id="740f77d1-50f9-4b26-9efa-155e7f976318" />
      <TestMethod codeBase="C:\projects\Aikido\firewall-dotnet\Aikido.Zen.Test\bin\Release\net9.0\Aikido.Zen.Tests.dll" adapterTypeName="executor://nunit3testexecutor/" className="Aikido.Zen.Test.ShellInjectionDetectorTests" name="Test_INJECTION: Pipe character" />
    </UnitTest>
    <UnitTest name="IsRequestAllowed_ShouldHandleNullEndpoints" storage="c:\projects\aikido\firewall-dotnet\aikido.zen.test\bin\release\net9.0\aikido.zen.tests.dll" id="157755f7-ef4a-4a53-b194-2e629f887d2e">
      <Execution id="807f4c27-c150-4014-9ab9-139b2bb93f1f" />
      <TestMethod codeBase="C:\projects\Aikido\firewall-dotnet\Aikido.Zen.Test\bin\Release\net9.0\Aikido.Zen.Tests.dll" adapterTypeName="executor://nunit3testexecutor/" className="Aikido.Zen.Test.Helpers.RateLimitingHelperTests" name="IsRequestAllowed_ShouldHandleNullEndpoints" />
    </UnitTest>
    <UnitTest name="RuntimeApiClient_GetConfigVersion_ShouldThrowExceptionOnError" storage="c:\projects\aikido\firewall-dotnet\aikido.zen.test\bin\release\net9.0\aikido.zen.tests.dll" id="5656cfef-1f33-3b93-f747-8e97f78680e1">
      <Execution id="6528788f-7084-497e-9881-9bca9e2aa64d" />
      <TestMethod codeBase="C:\projects\Aikido\firewall-dotnet\Aikido.Zen.Test\bin\Release\net9.0\Aikido.Zen.Tests.dll" adapterTypeName="executor://nunit3testexecutor/" className="Aikido.Zen.Test.ZenApiTests" name="RuntimeApiClient_GetConfigVersion_ShouldThrowExceptionOnError" />
    </UnitTest>
    <UnitTest name="DetectPathTraversal_WithNullArrayElement_SkipsNullElement" storage="c:\projects\aikido\firewall-dotnet\aikido.zen.test\bin\release\net9.0\aikido.zen.tests.dll" id="9d2576d9-5e6c-d990-b039-d583334864c7">
      <Execution id="24535a39-07c1-4c1a-815a-459ef0b28d7d" />
      <TestMethod codeBase="C:\projects\Aikido\firewall-dotnet\Aikido.Zen.Test\bin\Release\net9.0\Aikido.Zen.Tests.dll" adapterTypeName="executor://nunit3testexecutor/" className="Aikido.Zen.Test.Helpers.PathTraversalHelperTests" name="DetectPathTraversal_WithNullArrayElement_SkipsNullElement" />
    </UnitTest>
    <UnitTest name="Time_ReturnsCurrentUTCTimestamp" storage="c:\projects\aikido\firewall-dotnet\aikido.zen.test\bin\release\net9.0\aikido.zen.tests.dll" id="ff230833-430c-e726-0abd-7afe986a53b6">
      <Execution id="c7b936c5-6082-4375-b8c3-1dd0859f89cb" />
      <TestMethod codeBase="C:\projects\Aikido\firewall-dotnet\Aikido.Zen.Test\bin\Release\net9.0\Aikido.Zen.Tests.dll" adapterTypeName="executor://nunit3testexecutor/" className="Aikido.Zen.Test.HeartbeatTests" name="Time_ReturnsCurrentUTCTimestamp" />
    </UnitTest>
    <UnitTest name="ShouldAddRoute_ShouldReturnExpectedResult(&quot;Some.DotNet.Project.Cms/login.aspx&quot;,&quot;GET&quot;,200,True)" storage="c:\projects\aikido\firewall-dotnet\aikido.zen.test\bin\release\net9.0\aikido.zen.tests.dll" id="90d1d6d3-ea65-557e-8624-5235ee6c4f3a">
      <Execution id="5f78d2ec-ca95-47ea-a5ea-bf1388a987a5" />
      <TestMethod codeBase="C:\projects\Aikido\firewall-dotnet\Aikido.Zen.Test\bin\Release\net9.0\Aikido.Zen.Tests.dll" adapterTypeName="executor://nunit3testexecutor/" className="Aikido.Zen.Test.Helpers.RouteHelperTests" name="ShouldAddRoute_ShouldReturnExpectedResult(&quot;Some.DotNet.Project.Cms/login.aspx&quot;,&quot;GET&quot;,200,True)" />
    </UnitTest>
    <UnitTest name="AddHostname_WithInvalidHostname_DoesNotAddToHostnames" storage="c:\projects\aikido\firewall-dotnet\aikido.zen.test\bin\release\net9.0\aikido.zen.tests.dll" id="cb46a770-ff28-c50b-a3d0-1d75357cff5f">
      <Execution id="f011269b-a224-40bd-9524-20e56fe8cdf8" />
      <TestMethod codeBase="C:\projects\Aikido\firewall-dotnet\Aikido.Zen.Test\bin\Release\net9.0\Aikido.Zen.Tests.dll" adapterTypeName="executor://nunit3testexecutor/" className="Aikido.Zen.Test.AgentContextTests" name="AddHostname_WithInvalidHostname_DoesNotAddToHostnames" />
    </UnitTest>
    <UnitTest name="BuildRouteFromUrl_ApiVersionNumbers_IgnoresApiVersionNumbers" storage="c:\projects\aikido\firewall-dotnet\aikido.zen.test\bin\release\net9.0\aikido.zen.tests.dll" id="e60e1aa8-62ce-6fe3-c4ab-5a01c8589d52">
      <Execution id="10f0e72a-c8a4-4c95-8552-0c7888e630d0" />
      <TestMethod codeBase="C:\projects\Aikido\firewall-dotnet\Aikido.Zen.Test\bin\Release\net9.0\Aikido.Zen.Tests.dll" adapterTypeName="executor://nunit3testexecutor/" className="Aikido.Zen.Test.Helpers.RouteParameterHelperTests" name="BuildRouteFromUrl_ApiVersionNumbers_IgnoresApiVersionNumbers" />
    </UnitTest>
    <UnitTest name="ShouldAddRoute_EdgeCases_ShouldReturnExpectedResult(&quot;/api/cgi-bin/resource&quot;,&quot;GET&quot;,200,False)" storage="c:\projects\aikido\firewall-dotnet\aikido.zen.test\bin\release\net9.0\aikido.zen.tests.dll" id="0951cc14-ed9d-f092-fae5-cc39fde67385">
      <Execution id="6e936766-67dd-4e53-bdeb-bdfa6340d814" />
      <TestMethod codeBase="C:\projects\Aikido\firewall-dotnet\Aikido.Zen.Test\bin\Release\net9.0\Aikido.Zen.Tests.dll" adapterTypeName="executor://nunit3testexecutor/" className="Aikido.Zen.Test.Helpers.RouteHelperTests" name="ShouldAddRoute_EdgeCases_ShouldReturnExpectedResult(&quot;/api/cgi-bin/resource&quot;,&quot;GET&quot;,200,False)" />
    </UnitTest>
    <UnitTest name="ScheduleEvent_OverloadWithEventAndInterval_ThrowsOnInvalidParams" storage="c:\projects\aikido\firewall-dotnet\aikido.zen.test\bin\release\net9.0\aikido.zen.tests.dll" id="28eafb85-8b9f-20e1-5f0b-320f1aaa7fd7">
      <Execution id="dc900fdc-6d91-46cb-8221-5c9378172228" />
      <TestMethod codeBase="C:\projects\Aikido\firewall-dotnet\Aikido.Zen.Test\bin\Release\net9.0\Aikido.Zen.Tests.dll" adapterTypeName="executor://nunit3testexecutor/" className="Aikido.Zen.Test.AgentTests" name="ScheduleEvent_OverloadWithEventAndInterval_ThrowsOnInvalidParams" />
    </UnitTest>
    <UnitTest name="LooksLikeASecret_ShortStrings_ReturnsFalse(&quot;NR&quot;)" storage="c:\projects\aikido\firewall-dotnet\aikido.zen.test\bin\release\net9.0\aikido.zen.tests.dll" id="52caf5e6-25c6-0dcd-b01b-5571dd0b96d4">
      <Execution id="b9885851-091a-40e2-904c-82535d92cf37" />
      <TestMethod codeBase="C:\projects\Aikido\firewall-dotnet\Aikido.Zen.Test\bin\Release\net9.0\Aikido.Zen.Tests.dll" adapterTypeName="executor://nunit3testexecutor/" className="Aikido.Zen.Test.Helpers.RouteParameterHelperTests" name="LooksLikeASecret_ShortStrings_ReturnsFalse(&quot;NR&quot;)" />
    </UnitTest>
    <UnitTest name="ConcurrentAccess_ToRoutes_ShouldBeThreadSafe" storage="c:\projects\aikido\firewall-dotnet\aikido.zen.test\bin\release\net9.0\aikido.zen.tests.dll" id="baa4b87a-c956-2871-3f26-1160425dc5a7">
      <Execution id="a676da20-b419-4fbb-b208-1ccf97f477df" />
      <TestMethod codeBase="C:\projects\Aikido\firewall-dotnet\Aikido.Zen.Test\bin\Release\net9.0\Aikido.Zen.Tests.dll" adapterTypeName="executor://nunit3testexecutor/" className="Aikido.Zen.Test.ConcurrencyAgentContextTests" name="ConcurrentAccess_ToRoutes_ShouldBeThreadSafe" />
    </UnitTest>
    <UnitTest name="MatchEndpoints_SpecificMethodOverWildcard_ShouldTakePrecedence_ReversedOrder" storage="c:\projects\aikido\firewall-dotnet\aikido.zen.test\bin\release\net9.0\aikido.zen.tests.dll" id="4d41a5cd-9631-847a-4faf-8405270a0845">
      <Execution id="51d4f735-980f-4d34-9c52-8aa9b590286d" />
      <TestMethod codeBase="C:\projects\Aikido\firewall-dotnet\Aikido.Zen.Test\bin\Release\net9.0\Aikido.Zen.Tests.dll" adapterTypeName="executor://nunit3testexecutor/" className="Aikido.Zen.Test.Helpers.RouteHelperTests" name="MatchEndpoints_SpecificMethodOverWildcard_ShouldTakePrecedence_ReversedOrder" />
    </UnitTest>
    <UnitTest name="IsValidIP_ShouldReturnTrue_WhenValidIP" storage="c:\projects\aikido\firewall-dotnet\aikido.zen.test\bin\release\net9.0\aikido.zen.tests.dll" id="cec817f2-3660-5524-cd0f-da598b5839ba">
      <Execution id="4a2123bf-0754-4988-b373-1158063f3ab5" />
      <TestMethod codeBase="C:\projects\Aikido\firewall-dotnet\Aikido.Zen.Test\bin\Release\net9.0\Aikido.Zen.Tests.dll" adapterTypeName="executor://nunit3testexecutor/" className="Aikido.Zen.Test.Helpers.IPHelperTests" name="IsValidIP_ShouldReturnTrue_WhenValidIP" />
    </UnitTest>
    <UnitTest name="HasItems_ShouldReturnTrueWhenItemsExist" storage="c:\projects\aikido\firewall-dotnet\aikido.zen.test\bin\release\net9.0\aikido.zen.tests.dll" id="34386a9e-5b96-49a3-348a-9931cef07e9c">
      <Execution id="0373240a-645f-4828-b232-041055d3e967" />
      <TestMethod codeBase="C:\projects\Aikido\firewall-dotnet\Aikido.Zen.Test\bin\Release\net9.0\Aikido.Zen.Tests.dll" adapterTypeName="executor://nunit3testexecutor/" className="Aikido.Zen.Test.IPRangeTests" name="HasItems_ShouldReturnTrueWhenItemsExist" />
    </UnitTest>
    <UnitTest name="GetDataSchema_WithMaxProperties_LimitsPropertyCount" storage="c:\projects\aikido\firewall-dotnet\aikido.zen.test\bin\release\net9.0\aikido.zen.tests.dll" id="8247b3e5-47d6-8bc1-44f4-63d886d05d77">
      <Execution id="7a7fd1f6-5ec6-4b19-a7ed-7b095d7e41ac" />
      <TestMethod codeBase="C:\projects\Aikido\firewall-dotnet\Aikido.Zen.Test\bin\Release\net9.0\Aikido.Zen.Tests.dll" adapterTypeName="executor://nunit3testexecutor/" className="Aikido.Zen.Test.Helpers.DataSchemaHelperTests" name="GetDataSchema_WithMaxProperties_LimitsPropertyCount" />
    </UnitTest>
    <UnitTest name="Test_SAFE: User input does not occur in the command" storage="c:\projects\aikido\firewall-dotnet\aikido.zen.test\bin\release\net9.0\aikido.zen.tests.dll" id="6d557731-243f-47e3-4440-a7d9bd62de0e">
      <Execution id="42a6e013-a80a-418b-82a0-39ae7b221414" />
      <TestMethod codeBase="C:\projects\Aikido\firewall-dotnet\Aikido.Zen.Test\bin\Release\net9.0\Aikido.Zen.Tests.dll" adapterTypeName="executor://nunit3testexecutor/" className="Aikido.Zen.Test.ShellInjectionDetectorTests" name="Test_SAFE: User input does not occur in the command" />
    </UnitTest>
    <UnitTest name="Test_Multiple directory traversal with forward slash" storage="c:\projects\aikido\firewall-dotnet\aikido.zen.test\bin\release\net9.0\aikido.zen.tests.dll" id="98388254-e7ea-506b-ceac-375dbb27eea9">
      <Execution id="82332de2-139e-4b03-86aa-3c406921dcc7" />
      <TestMethod codeBase="C:\projects\Aikido\firewall-dotnet\Aikido.Zen.Test\bin\Release\net9.0\Aikido.Zen.Tests.dll" adapterTypeName="executor://nunit3testexecutor/" className="Aikido.Zen.Test.PathTraversalDetectorTests" name="Test_Multiple directory traversal with forward slash" />
    </UnitTest>
    <UnitTest name="Test_SAFE: No user input" storage="c:\projects\aikido\firewall-dotnet\aikido.zen.test\bin\release\net9.0\aikido.zen.tests.dll" id="58fac6ee-439b-d466-0e24-b09cb1989aa1">
      <Execution id="6a2a8c24-1b07-4ef1-a921-fcb1f57c8f93" />
      <TestMethod codeBase="C:\projects\Aikido\firewall-dotnet\Aikido.Zen.Test\bin\Release\net9.0\Aikido.Zen.Tests.dll" adapterTypeName="executor://nunit3testexecutor/" className="Aikido.Zen.Test.ShellInjectionDetectorTests" name="Test_SAFE: No user input" />
    </UnitTest>
    <UnitTest name="MergeDataSchemas_WithArrays_MergesItems" storage="c:\projects\aikido\firewall-dotnet\aikido.zen.test\bin\release\net9.0\aikido.zen.tests.dll" id="f2221300-fb47-8b0e-3857-59c58133adc5">
      <Execution id="7f7eba2a-628e-44aa-ae12-6d85f6780359" />
      <TestMethod codeBase="C:\projects\Aikido\firewall-dotnet\Aikido.Zen.Test\bin\Release\net9.0\Aikido.Zen.Tests.dll" adapterTypeName="executor://nunit3testexecutor/" className="Aikido.Zen.Test.Helpers.SchemaHelperTests" name="MergeDataSchemas_WithArrays_MergesItems" />
    </UnitTest>
    <UnitTest name="MatchRoute_ShouldReturnExpectedResult(&quot;/api/{id}/details/{subId}&quot;,&quot;/api/123/details/456/extra&quot;,False)" storage="c:\projects\aikido\firewall-dotnet\aikido.zen.test\bin\release\net9.0\aikido.zen.tests.dll" id="e21c1a77-54df-4cdd-58a7-5c1d42fd27f7">
      <Execution id="0ae8edbb-0f5a-4ca3-8b0f-ca71538ae429" />
      <TestMethod codeBase="C:\projects\Aikido\firewall-dotnet\Aikido.Zen.Test\bin\Release\net9.0\Aikido.Zen.Tests.dll" adapterTypeName="executor://nunit3testexecutor/" className="Aikido.Zen.Test.Helpers.RouteHelperTests" name="MatchRoute_ShouldReturnExpectedResult(&quot;/api/{id}/details/{subId}&quot;,&quot;/api/123/details/456/extra&quot;,False)" />
    </UnitTest>
    <UnitTest name="ToAPIResponse_InvalidJson_ShouldReturnErrorResponse" storage="c:\projects\aikido\firewall-dotnet\aikido.zen.test\bin\release\net9.0\aikido.zen.tests.dll" id="ae5e9f77-1a27-40dc-fdd6-63c35820df16">
      <Execution id="b0a4286b-b73a-430d-9bbb-efcce307f73c" />
      <TestMethod codeBase="C:\projects\Aikido\firewall-dotnet\Aikido.Zen.Test\bin\Release\net9.0\Aikido.Zen.Tests.dll" adapterTypeName="executor://nunit3testexecutor/" className="Aikido.Zen.Test.Helpers.APIHelperTests" name="ToAPIResponse_InvalidJson_ShouldReturnErrorResponse" />
    </UnitTest>
    <UnitTest name="Test_SAFE: Single space as user input" storage="c:\projects\aikido\firewall-dotnet\aikido.zen.test\bin\release\net9.0\aikido.zen.tests.dll" id="cac94e10-03a6-79f3-8354-8b7d55a90a51">
      <Execution id="9fcd828f-06c4-4c56-b2f5-efb2a2cccb09" />
      <TestMethod codeBase="C:\projects\Aikido\firewall-dotnet\Aikido.Zen.Test\bin\Release\net9.0\Aikido.Zen.Tests.dll" adapterTypeName="executor://nunit3testexecutor/" className="Aikido.Zen.Test.ShellInjectionDetectorTests" name="Test_SAFE: Single space as user input" />
    </UnitTest>
    <UnitTest name="Properties_DefaultToNull" storage="c:\projects\aikido\firewall-dotnet\aikido.zen.test\bin\release\net9.0\aikido.zen.tests.dll" id="a58fa1e6-8aa0-530e-4796-5eaab59255fe">
      <Execution id="533a887e-3be5-43f7-964f-2807b3b27e1e" />
      <TestMethod codeBase="C:\projects\Aikido\firewall-dotnet\Aikido.Zen.Test\bin\Release\net9.0\Aikido.Zen.Tests.dll" adapterTypeName="executor://nunit3testexecutor/" className="Aikido.Zen.Test.DetectedAttackTests" name="Properties_DefaultToNull" />
    </UnitTest>
    <UnitTest name="MatchRoute_ShouldReturnExpectedResult(&quot;/api/{id}/details&quot;,&quot;/api/123/other&quot;,False)" storage="c:\projects\aikido\firewall-dotnet\aikido.zen.test\bin\release\net9.0\aikido.zen.tests.dll" id="4943e6bf-1af6-c5e0-349e-b1f889106d29">
      <Execution id="ac10a8fe-a85b-4e62-b929-4e4be484e3c9" />
      <TestMethod codeBase="C:\projects\Aikido\firewall-dotnet\Aikido.Zen.Test\bin\Release\net9.0\Aikido.Zen.Tests.dll" adapterTypeName="executor://nunit3testexecutor/" className="Aikido.Zen.Test.Helpers.RouteHelperTests" name="MatchRoute_ShouldReturnExpectedResult(&quot;/api/{id}/details&quot;,&quot;/api/123/other&quot;,False)" />
    </UnitTest>
    <UnitTest name="IsRequestAllowed_ShouldHandleDisabledConfigs" storage="c:\projects\aikido\firewall-dotnet\aikido.zen.test\bin\release\net9.0\aikido.zen.tests.dll" id="e5ad0133-719f-20b6-560f-1b0aa13480f0">
      <Execution id="460d1363-3e34-4197-9e20-04552542d3f3" />
      <TestMethod codeBase="C:\projects\Aikido\firewall-dotnet\Aikido.Zen.Test\bin\Release\net9.0\Aikido.Zen.Tests.dll" adapterTypeName="executor://nunit3testexecutor/" className="Aikido.Zen.Test.Helpers.RateLimitingHelperTests" name="IsRequestAllowed_ShouldHandleDisabledConfigs" />
    </UnitTest>
    <UnitTest name="GetApiAuthType_WithBasicAuth_ReturnsHttpBasic" storage="c:\projects\aikido\firewall-dotnet\aikido.zen.test\bin\release\net9.0\aikido.zen.tests.dll" id="7a46ee49-43da-b02f-bc95-4377601b6ae2">
      <Execution id="1a78239b-d1c4-40b5-a441-eb0571ae12e3" />
      <TestMethod codeBase="C:\projects\Aikido\firewall-dotnet\Aikido.Zen.Test\bin\Release\net9.0\Aikido.Zen.Tests.dll" adapterTypeName="executor://nunit3testexecutor/" className="Aikido.Zen.Test.Helpers.ApiAuthTypeHelperTests" name="GetApiAuthType_WithBasicAuth_ReturnsHttpBasic" />
    </UnitTest>
    <UnitTest name="UpdateApiInfo_NewQueryInfo_UpdatesQueryCorrectly" storage="c:\projects\aikido\firewall-dotnet\aikido.zen.test\bin\release\net9.0\aikido.zen.tests.dll" id="fca71673-13dc-5296-1f47-3c6af338eb15">
      <Execution id="68ab241e-4f55-4680-a5e0-2b734927bc23" />
      <TestMethod codeBase="C:\projects\Aikido\firewall-dotnet\Aikido.Zen.Test\bin\Release\net9.0\Aikido.Zen.Tests.dll" adapterTypeName="executor://nunit3testexecutor/" className="Aikido.Zen.Test.Helpers.ApiInfoHelperTests" name="UpdateApiInfo_NewQueryInfo_UpdatesQueryCorrectly" />
    </UnitTest>
    <UnitTest name="IsAllowed_WithNegativeWindowSize_ShouldTreatAsExpired" storage="c:\projects\aikido\firewall-dotnet\aikido.zen.test\bin\release\net9.0\aikido.zen.tests.dll" id="1a37fbf8-8eb2-94b0-dfef-4647b46b9ef8">
      <Execution id="290be340-d796-4cf6-90ff-92a09ba46117" />
      <TestMethod codeBase="C:\projects\Aikido\firewall-dotnet\Aikido.Zen.Test\bin\Release\net9.0\Aikido.Zen.Tests.dll" adapterTypeName="executor://nunit3testexecutor/" className="Aikido.Zen.Test.Helpers.RateLimitingHelperTests" name="IsAllowed_WithNegativeWindowSize_ShouldTreatAsExpired" />
    </UnitTest>
    <UnitTest name="GetConfig_ShouldThrowExceptionOnError" storage="c:\projects\aikido\firewall-dotnet\aikido.zen.test\bin\release\net9.0\aikido.zen.tests.dll" id="410774e8-0d74-de7e-0620-19153cd8eef3">
      <Execution id="992f0806-20c6-4b46-b868-2b352abd0328" />
      <TestMethod codeBase="C:\projects\Aikido\firewall-dotnet\Aikido.Zen.Test\bin\Release\net9.0\Aikido.Zen.Tests.dll" adapterTypeName="executor://nunit3testexecutor/" className="Aikido.Zen.Test.RuntimeApiClientTests" name="GetConfig_ShouldThrowExceptionOnError" />
    </UnitTest>
    <UnitTest name="ShouldAddRoute_EdgeCases_ShouldReturnExpectedResult(&quot;/api/resource&quot;,&quot;GET&quot;,400,False)" storage="c:\projects\aikido\firewall-dotnet\aikido.zen.test\bin\release\net9.0\aikido.zen.tests.dll" id="644d0a4e-ca58-9a39-bb11-7f22b2cc7937">
      <Execution id="afee63d7-e0b3-4e4d-a39e-626d4de7aef4" />
      <TestMethod codeBase="C:\projects\Aikido\firewall-dotnet\Aikido.Zen.Test\bin\Release\net9.0\Aikido.Zen.Tests.dll" adapterTypeName="executor://nunit3testexecutor/" className="Aikido.Zen.Test.Helpers.RouteHelperTests" name="ShouldAddRoute_EdgeCases_ShouldReturnExpectedResult(&quot;/api/resource&quot;,&quot;GET&quot;,400,False)" />
    </UnitTest>
    <UnitTest name="BuildRouteFromUrl_Hashes_ReplacesWithHashParam" storage="c:\projects\aikido\firewall-dotnet\aikido.zen.test\bin\release\net9.0\aikido.zen.tests.dll" id="f909eb75-dcf5-0b31-6c58-06c7885d5520">
      <Execution id="ca346237-8da7-4aa8-a4d9-bc227b41ce1b" />
      <TestMethod codeBase="C:\projects\Aikido\firewall-dotnet\Aikido.Zen.Test\bin\Release\net9.0\Aikido.Zen.Tests.dll" adapterTypeName="executor://nunit3testexecutor/" className="Aikido.Zen.Test.Helpers.RouteParameterHelperTests" name="BuildRouteFromUrl_Hashes_ReplacesWithHashParam" />
    </UnitTest>
    <UnitTest name="DryMode_ShouldReturnTrue_WhenEnvironmentVariableIsNotTrue" storage="c:\projects\aikido\firewall-dotnet\aikido.zen.test\bin\release\net9.0\aikido.zen.tests.dll" id="db4012b2-027a-8498-0336-798caef5ffdc">
      <Execution id="b42afcdf-53ec-470a-a000-db01cbc4c008" />
      <TestMethod codeBase="C:\projects\Aikido\firewall-dotnet\Aikido.Zen.Test\bin\Release\net9.0\Aikido.Zen.Tests.dll" adapterTypeName="executor://nunit3testexecutor/" className="Aikido.Zen.Test.Helpers.EnvironmentHelperTests" name="DryMode_ShouldReturnTrue_WhenEnvironmentVariableIsNotTrue" />
    </UnitTest>
    <UnitTest name="BuildRouteFromUrl_Dates_ReplacesWithDateParam" storage="c:\projects\aikido\firewall-dotnet\aikido.zen.test\bin\release\net9.0\aikido.zen.tests.dll" id="0025e294-b95a-9c71-176b-81e4715581d4">
      <Execution id="2f8f776a-2e51-4d3d-82d4-c1c89c9ece2b" />
      <TestMethod codeBase="C:\projects\Aikido\firewall-dotnet\Aikido.Zen.Test\bin\Release\net9.0\Aikido.Zen.Tests.dll" adapterTypeName="executor://nunit3testexecutor/" className="Aikido.Zen.Test.Helpers.RouteParameterHelperTests" name="BuildRouteFromUrl_Dates_ReplacesWithDateParam" />
    </UnitTest>
    <UnitTest name="OnRequest_IncrementsRequestTotal" storage="c:\projects\aikido\firewall-dotnet\aikido.zen.test\bin\release\net9.0\aikido.zen.tests.dll" id="ad455cc7-112b-0452-cbf5-0889be5c9f86">
      <Execution id="57489072-3531-4ef1-b02d-c59cfdb14b25" />
      <TestMethod codeBase="C:\projects\Aikido\firewall-dotnet\Aikido.Zen.Test\bin\Release\net9.0\Aikido.Zen.Tests.dll" adapterTypeName="executor://nunit3testexecutor/" className="Aikido.Zen.Test.StatsTests" name="OnRequest_IncrementsRequestTotal" />
    </UnitTest>
    <UnitTest name="OnInspectedCall_TracksTotalsAndDurations" storage="c:\projects\aikido\firewall-dotnet\aikido.zen.test\bin\release\net9.0\aikido.zen.tests.dll" id="f801c414-c43e-f91f-2012-c83452f9315a">
      <Execution id="27e0e221-4e8a-40c3-9447-fa393ed782b2" />
      <TestMethod codeBase="C:\projects\Aikido\firewall-dotnet\Aikido.Zen.Test\bin\Release\net9.0\Aikido.Zen.Tests.dll" adapterTypeName="executor://nunit3testexecutor/" className="Aikido.Zen.Test.StatsTests" name="OnInspectedCall_TracksTotalsAndDurations" />
    </UnitTest>
    <UnitTest name="CleanVersion_ShouldRemoveBuildNumber" storage="c:\projects\aikido\firewall-dotnet\aikido.zen.test\bin\release\net9.0\aikido.zen.tests.dll" id="39b199f8-5a8b-8ced-4a25-19da074f548b">
      <Execution id="94b425ff-305e-426c-bfc2-24ba31e05537" />
      <TestMethod codeBase="C:\projects\Aikido\firewall-dotnet\Aikido.Zen.Test\bin\Release\net9.0\Aikido.Zen.Tests.dll" adapterTypeName="executor://nunit3testexecutor/" className="Aikido.Zen.Test.Helpers.AgentInfoHelperTests" name="CleanVersion_ShouldRemoveBuildNumber" />
    </UnitTest>
    <UnitTest name="LooksLikeASecret_ShortStrings_ReturnsFalse(&quot;jiGmyGfg&quot;)" storage="c:\projects\aikido\firewall-dotnet\aikido.zen.test\bin\release\net9.0\aikido.zen.tests.dll" id="852ee6a1-3cac-e82f-b3ad-78a5771d3dc5">
      <Execution id="a1857f4d-379c-4667-a625-33f6d8ab1bd0" />
      <TestMethod codeBase="C:\projects\Aikido\firewall-dotnet\Aikido.Zen.Test\bin\Release\net9.0\Aikido.Zen.Tests.dll" adapterTypeName="executor://nunit3testexecutor/" className="Aikido.Zen.Test.Helpers.RouteParameterHelperTests" name="LooksLikeASecret_ShortStrings_ReturnsFalse(&quot;jiGmyGfg&quot;)" />
    </UnitTest>
    <UnitTest name="GetBodyDataType_WithUnknownContentType_ReturnsNull" storage="c:\projects\aikido\firewall-dotnet\aikido.zen.test\bin\release\net9.0\aikido.zen.tests.dll" id="7f5c7173-3414-00a1-fb37-b765dd3020d1">
      <Execution id="39119dc3-1c39-4db2-bc75-180abecb4671" />
      <TestMethod codeBase="C:\projects\Aikido\firewall-dotnet\Aikido.Zen.Test\bin\Release\net9.0\Aikido.Zen.Tests.dll" adapterTypeName="executor://nunit3testexecutor/" className="Aikido.Zen.Test.Helpers.ApiDataTypeHelperTests" name="GetBodyDataType_WithUnknownContentType_ReturnsNull" />
    </UnitTest>
    <UnitTest name="MatchEndpoints_WildcardWithRelativeUrl_ShouldMatchCorrectly" storage="c:\projects\aikido\firewall-dotnet\aikido.zen.test\bin\release\net9.0\aikido.zen.tests.dll" id="5f44507f-4979-6fd1-cfad-6872ee74d478">
      <Execution id="87763013-c77f-4637-a461-03d137f11731" />
      <TestMethod codeBase="C:\projects\Aikido\firewall-dotnet\Aikido.Zen.Test\bin\Release\net9.0\Aikido.Zen.Tests.dll" adapterTypeName="executor://nunit3testexecutor/" className="Aikido.Zen.Test.Helpers.RouteHelperTests" name="MatchEndpoints_WildcardWithRelativeUrl_ShouldMatchCorrectly" />
    </UnitTest>
    <UnitTest name="BuildRouteFromUrl_ObjectIDs_ReplacesWithObjectIdParam" storage="c:\projects\aikido\firewall-dotnet\aikido.zen.test\bin\release\net9.0\aikido.zen.tests.dll" id="d1f715eb-2804-d6ff-b661-935edbd9603a">
      <Execution id="0d16eff9-cc80-4bbc-a2f4-9ce61e3bae40" />
      <TestMethod codeBase="C:\projects\Aikido\firewall-dotnet\Aikido.Zen.Test\bin\Release\net9.0\Aikido.Zen.Tests.dll" adapterTypeName="executor://nunit3testexecutor/" className="Aikido.Zen.Test.Helpers.RouteParameterHelperTests" name="BuildRouteFromUrl_ObjectIDs_ReplacesWithObjectIdParam" />
    </UnitTest>
    <UnitTest name="GetNextSegment_ShouldReturnExpectedResult(&quot;segment1&quot;,&quot;segment1&quot;,&quot;&quot;)" storage="c:\projects\aikido\firewall-dotnet\aikido.zen.test\bin\release\net9.0\aikido.zen.tests.dll" id="40dbcbc0-35a4-2aa7-c565-b13c951e31c5">
      <Execution id="e493e5c0-b87a-4e9d-a485-d857d339daa0" />
      <TestMethod codeBase="C:\projects\Aikido\firewall-dotnet\Aikido.Zen.Test\bin\Release\net9.0\Aikido.Zen.Tests.dll" adapterTypeName="executor://nunit3testexecutor/" className="Aikido.Zen.Test.Helpers.StringHelperTests" name="GetNextSegment_ShouldReturnExpectedResult(&quot;segment1&quot;,&quot;segment1&quot;,&quot;&quot;)" />
    </UnitTest>
    <UnitTest name="GetBodyDataType_WithCharset_ReturnsCorrectType" storage="c:\projects\aikido\firewall-dotnet\aikido.zen.test\bin\release\net9.0\aikido.zen.tests.dll" id="a72d58a4-06df-f1d0-71af-f261e800a37b">
      <Execution id="d5b60043-1946-4039-af1e-7fd33bef5441" />
      <TestMethod codeBase="C:\projects\Aikido\firewall-dotnet\Aikido.Zen.Test\bin\Release\net9.0\Aikido.Zen.Tests.dll" adapterTypeName="executor://nunit3testexecutor/" className="Aikido.Zen.Test.Helpers.ApiDataTypeHelperTests" name="GetBodyDataType_WithCharset_ReturnsCorrectType" />
    </UnitTest>
    <UnitTest name="LooksLikeASecret_LongStrings_ReturnsTrue(&quot;:2fbg;:qf$BRBc&lt;2AG8&amp;&quot;)" storage="c:\projects\aikido\firewall-dotnet\aikido.zen.test\bin\release\net9.0\aikido.zen.tests.dll" id="83d74768-9084-1216-a2c8-9d2d146c40d4">
      <Execution id="bb55212c-ca30-452b-9703-9950f2ce8cec" />
      <TestMethod codeBase="C:\projects\Aikido\firewall-dotnet\Aikido.Zen.Test\bin\Release\net9.0\Aikido.Zen.Tests.dll" adapterTypeName="executor://nunit3testexecutor/" className="Aikido.Zen.Test.Helpers.RouteParameterHelperTests" name="LooksLikeASecret_LongStrings_ReturnsTrue(&quot;:2fbg;:qf$BRBc&lt;2AG8&amp;&quot;)" />
    </UnitTest>
    <UnitTest name="ConfigureLogger_WithNullLogger_ShouldUseNullLogger" storage="c:\projects\aikido\firewall-dotnet\aikido.zen.test\bin\release\net9.0\aikido.zen.tests.dll" id="90d8f474-64df-9f64-91fa-e195736de2fc">
      <Execution id="b97f291c-c1c9-4dac-81b7-1a3977c408b7" />
      <TestMethod codeBase="C:\projects\Aikido\firewall-dotnet\Aikido.Zen.Test\bin\Release\net9.0\Aikido.Zen.Tests.dll" adapterTypeName="executor://nunit3testexecutor/" className="Aikido.Zen.Test.AikidoExceptionTests" name="ConfigureLogger_WithNullLogger_ShouldUseNullLogger" />
    </UnitTest>
    <UnitTest name="GetDialect_ShouldReturnCorrectDialect(&quot;Npgsql&quot;,PostgreSQL)" storage="c:\projects\aikido\firewall-dotnet\aikido.zen.test\bin\release\net9.0\aikido.zen.tests.dll" id="33caf927-0272-3a23-14c5-022bddb8ae6b">
      <Execution id="fc99a671-58a2-4161-aeb9-8b3ee981ba8d" />
      <TestMethod codeBase="C:\projects\Aikido\firewall-dotnet\Aikido.Zen.Test\bin\Release\net9.0\Aikido.Zen.Tests.dll" adapterTypeName="executor://nunit3testexecutor/" className="Aikido.Zen.Test.SqlClientPatcherTests" name="GetDialect_ShouldReturnCorrectDialect(&quot;Npgsql&quot;,PostgreSQL)" />
    </UnitTest>
    <UnitTest name="Test_INJECTION: Dangerous command ifconfig" storage="c:\projects\aikido\firewall-dotnet\aikido.zen.test\bin\release\net9.0\aikido.zen.tests.dll" id="3aa6de71-291d-cd10-b297-ab30b6484e9f">
      <Execution id="25d31fff-5816-4003-bd1b-af390992421c" />
      <TestMethod codeBase="C:\projects\Aikido\firewall-dotnet\Aikido.Zen.Test\bin\Release\net9.0\Aikido.Zen.Tests.dll" adapterTypeName="executor://nunit3testexecutor/" className="Aikido.Zen.Test.ShellInjectionDetectorTests" name="Test_INJECTION: Dangerous command ifconfig" />
    </UnitTest>
    <UnitTest name="ShouldAddRoute_ShouldReturnExpectedResult(&quot;/api/resource.axd&quot;,&quot;GET&quot;,200,True)" storage="c:\projects\aikido\firewall-dotnet\aikido.zen.test\bin\release\net9.0\aikido.zen.tests.dll" id="e1ae24d3-c1bf-990e-47ba-6162aa72ed5d">
      <Execution id="3879e755-1984-49e7-9585-86d6e1288d3f" />
      <TestMethod codeBase="C:\projects\Aikido\firewall-dotnet\Aikido.Zen.Test\bin\Release\net9.0\Aikido.Zen.Tests.dll" adapterTypeName="executor://nunit3testexecutor/" className="Aikido.Zen.Test.Helpers.RouteHelperTests" name="ShouldAddRoute_ShouldReturnExpectedResult(&quot;/api/resource.axd&quot;,&quot;GET&quot;,200,True)" />
    </UnitTest>
    <UnitTest name="DetectSQLInjection_WhenInjectionDetected_ShouldSendAttackEvent" storage="c:\projects\aikido\firewall-dotnet\aikido.zen.test\bin\release\net9.0\aikido.zen.tests.dll" id="93cb720d-5982-c54c-85a8-378308900222">
      <Execution id="2682df0f-3f86-4fdb-b696-495debcb2dbb" />
      <TestMethod codeBase="C:\projects\Aikido\firewall-dotnet\Aikido.Zen.Test\bin\Release\net9.0\Aikido.Zen.Tests.dll" adapterTypeName="executor://nunit3testexecutor/" className="Aikido.Zen.Test.Helpers.SqlCommandHelperTests" name="DetectSQLInjection_WhenInjectionDetected_ShouldSendAttackEvent" />
    </UnitTest>
    <UnitTest name="ShouldHandleSlidingWindowEdgeCase" storage="c:\projects\aikido\firewall-dotnet\aikido.zen.test\bin\release\net9.0\aikido.zen.tests.dll" id="6295c945-19d9-2ff6-2b9f-e16807e7eb35">
      <Execution id="3235ba18-5a76-4151-b6e0-bb9a423182dc" />
      <TestMethod codeBase="C:\projects\Aikido\firewall-dotnet\Aikido.Zen.Test\bin\Release\net9.0\Aikido.Zen.Tests.dll" adapterTypeName="executor://nunit3testexecutor/" className="Aikido.Zen.Test.Helpers.RateLimitingHelperTests" name="ShouldHandleSlidingWindowEdgeCase" />
    </UnitTest>
    <UnitTest name="DetectSQLInjection_WithNullValues_ShouldHandleGracefully" storage="c:\projects\aikido\firewall-dotnet\aikido.zen.test\bin\release\net9.0\aikido.zen.tests.dll" id="cdb67d1c-5cc0-7b0c-de80-d03fda7b2ec7">
      <Execution id="8d4beed1-43d3-46a0-950f-b70a5dfc2d90" />
      <TestMethod codeBase="C:\projects\Aikido\firewall-dotnet\Aikido.Zen.Test\bin\Release\net9.0\Aikido.Zen.Tests.dll" adapterTypeName="executor://nunit3testexecutor/" className="Aikido.Zen.Test.Helpers.SqlCommandHelperTests" name="DetectSQLInjection_WithNullValues_ShouldHandleGracefully" />
    </UnitTest>
    <UnitTest name="DetectSQLInjection_WithErrorScenarios_ShouldHandleGracefully" storage="c:\projects\aikido\firewall-dotnet\aikido.zen.test\bin\release\net9.0\aikido.zen.tests.dll" id="201fc74b-03b8-087d-b33c-513a5037ce83">
      <Execution id="c49b2cb1-b783-44f6-935f-c5482baf38ba" />
      <TestMethod codeBase="C:\projects\Aikido\firewall-dotnet\Aikido.Zen.Test\bin\Release\net9.0\Aikido.Zen.Tests.dll" adapterTypeName="executor://nunit3testexecutor/" className="Aikido.Zen.Test.Helpers.SqlCommandHelperTests" name="DetectSQLInjection_WithErrorScenarios_ShouldHandleGracefully" />
    </UnitTest>
    <UnitTest name="RuntimeApiClient_GetConfig_ShouldThrowExceptionOnError" storage="c:\projects\aikido\firewall-dotnet\aikido.zen.test\bin\release\net9.0\aikido.zen.tests.dll" id="78bac3e9-0424-28b2-3513-90b908c7329e">
      <Execution id="254ad4db-ce02-4859-b535-325bc9245481" />
      <TestMethod codeBase="C:\projects\Aikido\firewall-dotnet\Aikido.Zen.Test\bin\Release\net9.0\Aikido.Zen.Tests.dll" adapterTypeName="executor://nunit3testexecutor/" className="Aikido.Zen.Test.ZenApiTests" name="RuntimeApiClient_GetConfig_ShouldThrowExceptionOnError" />
    </UnitTest>
    <UnitTest name="Compression_RespectsMaxCompressedStatsLimit" storage="c:\projects\aikido\firewall-dotnet\aikido.zen.test\bin\release\net9.0\aikido.zen.tests.dll" id="cf58ab51-2799-e368-e88f-823f1b1bb589">
      <Execution id="e494e775-f36c-4774-817a-9d7bcbd30320" />
      <TestMethod codeBase="C:\projects\Aikido\firewall-dotnet\Aikido.Zen.Test\bin\Release\net9.0\Aikido.Zen.Tests.dll" adapterTypeName="executor://nunit3testexecutor/" className="Aikido.Zen.Test.StatsTests" name="Compression_RespectsMaxCompressedStatsLimit" />
    </UnitTest>
    <UnitTest name="OnProcessStart_WithShellInjectionInDryMode_ReturnsTrue" storage="c:\projects\aikido\firewall-dotnet\aikido.zen.test\bin\release\net9.0\aikido.zen.tests.dll" id="b3cf1827-5404-1d3f-366b-79e3d78719b0">
      <Execution id="e6d5ff78-5a4e-4199-bd4e-8edaf3fe5a4e" />
      <TestMethod codeBase="C:\projects\Aikido\firewall-dotnet\Aikido.Zen.Test\bin\Release\net9.0\Aikido.Zen.Tests.dll" adapterTypeName="executor://nunit3testexecutor/" className="Aikido.Zen.Test.ProcessExecutionPatcherTests" name="OnProcessStart_WithShellInjectionInDryMode_ReturnsTrue" />
    </UnitTest>
    <UnitTest name="ShouldAddRoute_RouteIsNull_ShouldReturnExpectedResult(null,&quot;GET&quot;,404,False)" storage="c:\projects\aikido\firewall-dotnet\aikido.zen.test\bin\release\net9.0\aikido.zen.tests.dll" id="338a5499-e8d8-2d31-1b9a-405cc1185eaf">
      <Execution id="eddbf57e-c57f-4493-b4c2-653bca17ba67" />
      <TestMethod codeBase="C:\projects\Aikido\firewall-dotnet\Aikido.Zen.Test\bin\Release\net9.0\Aikido.Zen.Tests.dll" adapterTypeName="executor://nunit3testexecutor/" className="Aikido.Zen.Test.Helpers.RouteHelperTests" name="ShouldAddRoute_RouteIsNull_ShouldReturnExpectedResult(null,&quot;GET&quot;,404,False)" />
    </UnitTest>
    <UnitTest name="GetBodyDataType_WithMixedCase_ReturnsCorrectType" storage="c:\projects\aikido\firewall-dotnet\aikido.zen.test\bin\release\net9.0\aikido.zen.tests.dll" id="d5968110-810b-e649-1068-9b14568dc00c">
      <Execution id="5dcdff9c-7cbe-4467-82b3-9c0fa132fde8" />
      <TestMethod codeBase="C:\projects\Aikido\firewall-dotnet\Aikido.Zen.Test\bin\Release\net9.0\Aikido.Zen.Tests.dll" adapterTypeName="executor://nunit3testexecutor/" className="Aikido.Zen.Test.Helpers.ApiDataTypeHelperTests" name="GetBodyDataType_WithMixedCase_ReturnsCorrectType" />
    </UnitTest>
    <UnitTest name="Test_INJECTION: Unsafely quoted command substitution" storage="c:\projects\aikido\firewall-dotnet\aikido.zen.test\bin\release\net9.0\aikido.zen.tests.dll" id="825c8281-950e-f0a9-f472-289284b8cc5a">
      <Execution id="54d1567b-bb6a-48e9-bb32-b0cca9674cc8" />
      <TestMethod codeBase="C:\projects\Aikido\firewall-dotnet\Aikido.Zen.Test\bin\Release\net9.0\Aikido.Zen.Tests.dll" adapterTypeName="executor://nunit3testexecutor/" className="Aikido.Zen.Test.ShellInjectionDetectorTests" name="Test_INJECTION: Unsafely quoted command substitution" />
    </UnitTest>
    <UnitTest name="Test_INJECTION: Special character ! inside double quotes" storage="c:\projects\aikido\firewall-dotnet\aikido.zen.test\bin\release\net9.0\aikido.zen.tests.dll" id="770c19d5-6c07-0331-bd28-2a36a5a38d05">
      <Execution id="feed7da7-3300-4ad3-a61a-d579694214f8" />
      <TestMethod codeBase="C:\projects\Aikido\firewall-dotnet\Aikido.Zen.Test\bin\Release\net9.0\Aikido.Zen.Tests.dll" adapterTypeName="executor://nunit3testexecutor/" className="Aikido.Zen.Test.ShellInjectionDetectorTests" name="Test_INJECTION: Special character ! inside double quotes" />
    </UnitTest>
    <UnitTest name="Test_SAFE: Dangerous looking command but safely quoted" storage="c:\projects\aikido\firewall-dotnet\aikido.zen.test\bin\release\net9.0\aikido.zen.tests.dll" id="28d6d2e5-7c10-dc8e-9683-216aa084425f">
      <Execution id="4c4fcba1-c98b-415f-943f-de3b64cb732f" />
      <TestMethod codeBase="C:\projects\Aikido\firewall-dotnet\Aikido.Zen.Test\bin\Release\net9.0\Aikido.Zen.Tests.dll" adapterTypeName="executor://nunit3testexecutor/" className="Aikido.Zen.Test.ShellInjectionDetectorTests" name="Test_SAFE: Dangerous looking command but safely quoted" />
    </UnitTest>
    <UnitTest name="UpdateBlockedUserAgents_WithEmptyList_ShouldClearBlockedUserAgents" storage="c:\projects\aikido\firewall-dotnet\aikido.zen.test\bin\release\net9.0\aikido.zen.tests.dll" id="f634cd02-156b-15ed-5502-2f124d88ee91">
      <Execution id="6dab6fbd-12df-4cbd-88e2-e5c5ad0daded" />
      <TestMethod codeBase="C:\projects\Aikido\firewall-dotnet\Aikido.Zen.Test\bin\Release\net9.0\Aikido.Zen.Tests.dll" adapterTypeName="executor://nunit3testexecutor/" className="Aikido.Zen.Test.AgentContextTests" name="UpdateBlockedUserAgents_WithEmptyList_ShouldClearBlockedUserAgents" />
    </UnitTest>
    <UnitTest name="CreateRequest_WithNullBaseUrl_ShouldThrowArgumentNullException" storage="c:\projects\aikido\firewall-dotnet\aikido.zen.test\bin\release\net9.0\aikido.zen.tests.dll" id="b4507d6d-d876-f677-667e-9c3c1399d1c3">
      <Execution id="4f87813a-edb2-4c05-af26-1d77454cc669" />
      <TestMethod codeBase="C:\projects\Aikido\firewall-dotnet\Aikido.Zen.Test\bin\Release\net9.0\Aikido.Zen.Tests.dll" adapterTypeName="executor://nunit3testexecutor/" className="Aikido.Zen.Test.Helpers.APIHelperTests" name="CreateRequest_WithNullBaseUrl_ShouldThrowArgumentNullException" />
    </UnitTest>
    <UnitTest name="UserConstructor_ShouldInitializeProperties" storage="c:\projects\aikido\firewall-dotnet\aikido.zen.test\bin\release\net9.0\aikido.zen.tests.dll" id="6b116b5d-1e83-bd77-f09e-8123651e0574">
      <Execution id="0bc42c69-d3a8-4976-a71b-67db22254afd" />
      <TestMethod codeBase="C:\projects\Aikido\firewall-dotnet\Aikido.Zen.Test\bin\Release\net9.0\Aikido.Zen.Tests.dll" adapterTypeName="executor://nunit3testexecutor/" className="Aikido.Zen.Test.UserTests" name="UserConstructor_ShouldInitializeProperties" />
    </UnitTest>
    <UnitTest name="OnProcessStart_WithNullContext_ReturnsTrue" storage="c:\projects\aikido\firewall-dotnet\aikido.zen.test\bin\release\net9.0\aikido.zen.tests.dll" id="93c44f9c-ca83-60ae-b608-474ea2d32e38">
      <Execution id="40d3665b-22ed-4fd8-bbb9-5335f9c0e98f" />
      <TestMethod codeBase="C:\projects\Aikido\firewall-dotnet\Aikido.Zen.Test\bin\Release\net9.0\Aikido.Zen.Tests.dll" adapterTypeName="executor://nunit3testexecutor/" className="Aikido.Zen.Test.ProcessExecutionPatcherTests" name="OnProcessStart_WithNullContext_ReturnsTrue" />
    </UnitTest>
    <UnitTest name="Constructor_NewCache_ShouldHaveZeroSize" storage="c:\projects\aikido\firewall-dotnet\aikido.zen.test\bin\release\net9.0\aikido.zen.tests.dll" id="ff1a28f0-bc1d-a657-624d-459e3f4490d6">
      <Execution id="cb05a6ef-b172-4033-9bad-20009ee6f0e7" />
      <TestMethod codeBase="C:\projects\Aikido\firewall-dotnet\Aikido.Zen.Test\bin\Release\net9.0\Aikido.Zen.Tests.dll" adapterTypeName="executor://nunit3testexecutor/" className="Aikido.Zen.Test.LRUCacheTests" name="Constructor_NewCache_ShouldHaveZeroSize" />
    </UnitTest>
    <UnitTest name="MatchRoute_ShouldReturnExpectedResult(&quot;path/to/file.txt&quot;,&quot;path/to/file.txt?query=1&quot;,True)" storage="c:\projects\aikido\firewall-dotnet\aikido.zen.test\bin\release\net9.0\aikido.zen.tests.dll" id="c795cace-aa78-f3a4-02e1-b68aff9f67e6">
      <Execution id="e3fd4684-ffac-4f63-b55d-df2f4e6098a2" />
      <TestMethod codeBase="C:\projects\Aikido\firewall-dotnet\Aikido.Zen.Test\bin\Release\net9.0\Aikido.Zen.Tests.dll" adapterTypeName="executor://nunit3testexecutor/" className="Aikido.Zen.Test.Helpers.RouteHelperTests" name="MatchRoute_ShouldReturnExpectedResult(&quot;path/to/file.txt&quot;,&quot;path/to/file.txt?query=1&quot;,True)" />
    </UnitTest>
    <UnitTest name="UpdateBlockedIps_WithEmptyList_ShouldClearBlockedSubnets" storage="c:\projects\aikido\firewall-dotnet\aikido.zen.test\bin\release\net9.0\aikido.zen.tests.dll" id="405ade6e-28d6-4494-8e99-f762f9263059">
      <Execution id="fca2d7d6-20da-4dd1-8f1c-bd3410f5dad3" />
      <TestMethod codeBase="C:\projects\Aikido\firewall-dotnet\Aikido.Zen.Test\bin\Release\net9.0\Aikido.Zen.Tests.dll" adapterTypeName="executor://nunit3testexecutor/" className="Aikido.Zen.Test.BlockListTests" name="UpdateBlockedIps_WithEmptyList_ShouldClearBlockedSubnets" />
    </UnitTest>
    <UnitTest name="Test_Generic_ATTACK: Uppercase query with lowercase user input and SQL injection" storage="c:\projects\aikido\firewall-dotnet\aikido.zen.test\bin\release\net9.0\aikido.zen.tests.dll" id="6bbca15d-fb64-7ef4-a9b3-0fd781887622">
      <Execution id="2166912b-5a4a-4169-a502-a1c74f58308e" />
      <TestMethod codeBase="C:\projects\Aikido\firewall-dotnet\Aikido.Zen.Test\bin\Release\net9.0\Aikido.Zen.Tests.dll" adapterTypeName="executor://nunit3testexecutor/" className="Aikido.Zen.Test.SQLInjectionDetectorTests" name="Test_Generic_ATTACK: Uppercase query with lowercase user input and SQL injection" />
    </UnitTest>
    <UnitTest name="Test_SAFE: Single space as argument separator" storage="c:\projects\aikido\firewall-dotnet\aikido.zen.test\bin\release\net9.0\aikido.zen.tests.dll" id="fa128b31-77f1-bad7-d78d-d07ef403eb22">
      <Execution id="b4e79a05-5f43-4d55-8f9e-d63a0d749ef1" />
      <TestMethod codeBase="C:\projects\Aikido\firewall-dotnet\Aikido.Zen.Test\bin\Release\net9.0\Aikido.Zen.Tests.dll" adapterTypeName="executor://nunit3testexecutor/" className="Aikido.Zen.Test.ShellInjectionDetectorTests" name="Test_SAFE: Single space as argument separator" />
    </UnitTest>
    <UnitTest name="AddRoute_WithNullContext_HandlesGracefully" storage="c:\projects\aikido\firewall-dotnet\aikido.zen.test\bin\release\net9.0\aikido.zen.tests.dll" id="0cc6f2ef-f8d5-3287-07c2-5d1122e3026f">
      <Execution id="927df7ca-06b7-48c1-a1df-c9ab584d9a35" />
      <TestMethod codeBase="C:\projects\Aikido\firewall-dotnet\Aikido.Zen.Test\bin\Release\net9.0\Aikido.Zen.Tests.dll" adapterTypeName="executor://nunit3testexecutor/" className="Aikido.Zen.Test.AgentContextTests" name="AddRoute_WithNullContext_HandlesGracefully" />
    </UnitTest>
    <UnitTest name="Test_Double directory traversal with forward slash" storage="c:\projects\aikido\firewall-dotnet\aikido.zen.test\bin\release\net9.0\aikido.zen.tests.dll" id="6d668cba-9916-e7fb-622d-e26d25ebe76b">
      <Execution id="d1e9e26b-8835-4f5a-9326-8d392232478f" />
      <TestMethod codeBase="C:\projects\Aikido\firewall-dotnet\Aikido.Zen.Test\bin\Release\net9.0\Aikido.Zen.Tests.dll" adapterTypeName="executor://nunit3testexecutor/" className="Aikido.Zen.Test.PathTraversalDetectorTests" name="Test_Double directory traversal with forward slash" />
    </UnitTest>
    <UnitTest name="Test_Integer input is not a traversal" storage="c:\projects\aikido\firewall-dotnet\aikido.zen.test\bin\release\net9.0\aikido.zen.tests.dll" id="16db3925-17d6-70d1-531c-4ab03ee4eba3">
      <Execution id="0c344821-ee80-494a-b7a6-8930e7fd05ed" />
      <TestMethod codeBase="C:\projects\Aikido\firewall-dotnet\Aikido.Zen.Test\bin\Release\net9.0\Aikido.Zen.Tests.dll" adapterTypeName="executor://nunit3testexecutor/" className="Aikido.Zen.Test.PathTraversalDetectorTests" name="Test_Integer input is not a traversal" />
    </UnitTest>
    <UnitTest name="Test_Alternate data stream access" storage="c:\projects\aikido\firewall-dotnet\aikido.zen.test\bin\release\net9.0\aikido.zen.tests.dll" id="a6876685-977e-a7df-c66a-ed253f901f3f">
      <Execution id="55fe882d-9b1e-496b-bd0d-e3e3a39a5345" />
      <TestMethod codeBase="C:\projects\Aikido\firewall-dotnet\Aikido.Zen.Test\bin\Release\net9.0\Aikido.Zen.Tests.dll" adapterTypeName="executor://nunit3testexecutor/" className="Aikido.Zen.Test.PathTraversalDetectorTests" name="Test_Alternate data stream access" />
    </UnitTest>
    <UnitTest name="Token_ShouldReturnExpectedValue" storage="c:\projects\aikido\firewall-dotnet\aikido.zen.test\bin\release\net9.0\aikido.zen.tests.dll" id="c1533c00-35e2-8d5d-59c8-68cbfe017283">
      <Execution id="50c65b78-bd5b-4f3b-ad72-bef979739611" />
      <TestMethod codeBase="C:\projects\Aikido\firewall-dotnet\Aikido.Zen.Test\bin\Release\net9.0\Aikido.Zen.Tests.dll" adapterTypeName="executor://nunit3testexecutor/" className="Aikido.Zen.Test.Helpers.EnvironmentHelperTests" name="Token_ShouldReturnExpectedValue" />
    </UnitTest>
    <UnitTest name="Test_Valid nested path without traversal" storage="c:\projects\aikido\firewall-dotnet\aikido.zen.test\bin\release\net9.0\aikido.zen.tests.dll" id="e2aa4bbe-1cd2-d350-1dcc-00a15bfb4cca">
      <Execution id="fc9b855e-9399-4cd2-9f1c-5af986209d24" />
      <TestMethod codeBase="C:\projects\Aikido\firewall-dotnet\Aikido.Zen.Test\bin\Release\net9.0\Aikido.Zen.Tests.dll" adapterTypeName="executor://nunit3testexecutor/" className="Aikido.Zen.Test.PathTraversalDetectorTests" name="Test_Valid nested path without traversal" />
    </UnitTest>
    <UnitTest name="LooksLikeASecret_ShortStrings_ReturnsFalse(&quot;SJPLzVQ8t&quot;)" storage="c:\projects\aikido\firewall-dotnet\aikido.zen.test\bin\release\net9.0\aikido.zen.tests.dll" id="0b763bb4-27a6-bc3e-428d-6afa6d07c75e">
      <Execution id="5a13e2a9-a9c0-46ac-8855-f868514a76c6" />
      <TestMethod codeBase="C:\projects\Aikido\firewall-dotnet\Aikido.Zen.Test\bin\Release\net9.0\Aikido.Zen.Tests.dll" adapterTypeName="executor://nunit3testexecutor/" className="Aikido.Zen.Test.Helpers.RouteParameterHelperTests" name="LooksLikeASecret_ShortStrings_ReturnsFalse(&quot;SJPLzVQ8t&quot;)" />
    </UnitTest>
    <UnitTest name="LooksLikeASecret_KnownSecrets_ReturnsTrue(&quot;yqHYTS&lt;agpi^aa1&quot;)" storage="c:\projects\aikido\firewall-dotnet\aikido.zen.test\bin\release\net9.0\aikido.zen.tests.dll" id="ba72010f-d036-600b-3889-5f51da87ae40">
      <Execution id="ae19655c-7f66-4fcf-86de-fc645d36257d" />
      <TestMethod codeBase="C:\projects\Aikido\firewall-dotnet\Aikido.Zen.Test\bin\Release\net9.0\Aikido.Zen.Tests.dll" adapterTypeName="executor://nunit3testexecutor/" className="Aikido.Zen.Test.Helpers.RouteParameterHelperTests" name="LooksLikeASecret_KnownSecrets_ReturnsTrue(&quot;yqHYTS&lt;agpi^aa1&quot;)" />
    </UnitTest>
    <UnitTest name="Test_INJECTION: Dangerous command halt" storage="c:\projects\aikido\firewall-dotnet\aikido.zen.test\bin\release\net9.0\aikido.zen.tests.dll" id="e98e0436-6758-442c-29e3-d8cee109ce5c">
      <Execution id="7766b691-47de-4e0e-a04b-b85f5dbf27ef" />
      <TestMethod codeBase="C:\projects\Aikido\firewall-dotnet\Aikido.Zen.Test\bin\Release\net9.0\Aikido.Zen.Tests.dll" adapterTypeName="executor://nunit3testexecutor/" className="Aikido.Zen.Test.ShellInjectionDetectorTests" name="Test_INJECTION: Dangerous command halt" />
    </UnitTest>
    <UnitTest name="DetectPathTraversal_WithSinglePath(&quot;safe.txt&quot;,False)" storage="c:\projects\aikido\firewall-dotnet\aikido.zen.test\bin\release\net9.0\aikido.zen.tests.dll" id="9ff9c575-4439-c6fc-8f08-bce1d888d1c8">
      <Execution id="69bb9312-df25-4cdf-af70-caae74422cd3" />
      <TestMethod codeBase="C:\projects\Aikido\firewall-dotnet\Aikido.Zen.Test\bin\Release\net9.0\Aikido.Zen.Tests.dll" adapterTypeName="executor://nunit3testexecutor/" className="Aikido.Zen.Test.Helpers.PathTraversalHelperTests" name="DetectPathTraversal_WithSinglePath(&quot;safe.txt&quot;,False)" />
    </UnitTest>
    <UnitTest name="MatchRoute_ShouldReturnExpectedResult(&quot;/api/{id}/details/{subId}/info&quot;,&quot;/api/123/details/456/info#section&quot;,True)" storage="c:\projects\aikido\firewall-dotnet\aikido.zen.test\bin\release\net9.0\aikido.zen.tests.dll" id="8a427b87-54f5-ffb6-3189-dc4cf4c5aa62">
      <Execution id="01630075-c053-4439-8f63-23697c15a2a4" />
      <TestMethod codeBase="C:\projects\Aikido\firewall-dotnet\Aikido.Zen.Test\bin\Release\net9.0\Aikido.Zen.Tests.dll" adapterTypeName="executor://nunit3testexecutor/" className="Aikido.Zen.Test.Helpers.RouteHelperTests" name="MatchRoute_ShouldReturnExpectedResult(&quot;/api/{id}/details/{subId}/info&quot;,&quot;/api/123/details/456/info#section&quot;,True)" />
    </UnitTest>
    <UnitTest name="BuildRouteFromUrl_Strings_IgnoresStrings" storage="c:\projects\aikido\firewall-dotnet\aikido.zen.test\bin\release\net9.0\aikido.zen.tests.dll" id="ee27212a-d595-d8d9-b39f-fe50a1cdfe72">
      <Execution id="fb41a381-d479-4fbd-bd1c-aa99a4a42da1" />
      <TestMethod codeBase="C:\projects\Aikido\firewall-dotnet\Aikido.Zen.Test\bin\Release\net9.0\Aikido.Zen.Tests.dll" adapterTypeName="executor://nunit3testexecutor/" className="Aikido.Zen.Test.Helpers.RouteParameterHelperTests" name="BuildRouteFromUrl_Strings_IgnoresStrings" />
    </UnitTest>
    <UnitTest name="GetNextSegment_ShouldReturnExpectedResult(&quot;&quot;,&quot;&quot;,&quot;&quot;)" storage="c:\projects\aikido\firewall-dotnet\aikido.zen.test\bin\release\net9.0\aikido.zen.tests.dll" id="3556ead2-da8e-3bb2-f583-57f0397800b6">
      <Execution id="bb86c09e-cf6d-43ef-adaf-95dbba02a531" />
      <TestMethod codeBase="C:\projects\Aikido\firewall-dotnet\Aikido.Zen.Test\bin\Release\net9.0\Aikido.Zen.Tests.dll" adapterTypeName="executor://nunit3testexecutor/" className="Aikido.Zen.Test.Helpers.StringHelperTests" name="GetNextSegment_ShouldReturnExpectedResult(&quot;&quot;,&quot;&quot;,&quot;&quot;)" />
    </UnitTest>
    <UnitTest name="Test_application/xml_4" storage="c:\projects\aikido\firewall-dotnet\aikido.zen.test\bin\release\net9.0\aikido.zen.tests.dll" id="eecd7765-06be-c820-6744-085ced4754db">
      <Execution id="f8517466-f04c-4a79-989c-38bdbde02471" />
      <TestMethod codeBase="C:\projects\Aikido\firewall-dotnet\Aikido.Zen.Test\bin\Release\net9.0\Aikido.Zen.Tests.dll" adapterTypeName="executor://nunit3testexecutor/" className="Aikido.Zen.Test.Helpers.HttpHelperTests" name="Test_application/xml_4" />
    </UnitTest>
    <UnitTest name="SendNonBlockingAttackEvent_UpdatesAttackDetectedAndNotBlocked" storage="c:\projects\aikido\firewall-dotnet\aikido.zen.test\bin\release\net9.0\aikido.zen.tests.dll" id="43709198-5aeb-f17d-037c-75e5093aca2c">
      <Execution id="ef97eea7-e428-47f5-a832-c9e2003c20ea" />
      <TestMethod codeBase="C:\projects\Aikido\firewall-dotnet\Aikido.Zen.Test\bin\Release\net9.0\Aikido.Zen.Tests.dll" adapterTypeName="executor://nunit3testexecutor/" className="Aikido.Zen.Test.AgentTests" name="SendNonBlockingAttackEvent_UpdatesAttackDetectedAndNotBlocked" />
    </UnitTest>
    <UnitTest name="Test_INJECTION: Subshell execution within backticks inside double quotes" storage="c:\projects\aikido\firewall-dotnet\aikido.zen.test\bin\release\net9.0\aikido.zen.tests.dll" id="b32ff363-5a2a-b557-866a-fc4e728fe333">
      <Execution id="94341abf-1c4d-4ea7-aee6-5062123604d0" />
      <TestMethod codeBase="C:\projects\Aikido\firewall-dotnet\Aikido.Zen.Test\bin\Release\net9.0\Aikido.Zen.Tests.dll" adapterTypeName="executor://nunit3testexecutor/" className="Aikido.Zen.Test.ShellInjectionDetectorTests" name="Test_INJECTION: Subshell execution within backticks inside double quotes" />
    </UnitTest>
    <UnitTest name="GetBodyDataType_WithXml_ReturnsXml" storage="c:\projects\aikido\firewall-dotnet\aikido.zen.test\bin\release\net9.0\aikido.zen.tests.dll" id="f9de8d96-90d6-34df-ae87-768f44886536">
      <Execution id="46b3f006-9735-4519-a0a9-8b80659237f0" />
      <TestMethod codeBase="C:\projects\Aikido\firewall-dotnet\Aikido.Zen.Test\bin\Release\net9.0\Aikido.Zen.Tests.dll" adapterTypeName="executor://nunit3testexecutor/" className="Aikido.Zen.Test.Helpers.ApiDataTypeHelperTests" name="GetBodyDataType_WithXml_ReturnsXml" />
    </UnitTest>
    <UnitTest name="Test_Multiple current directory bypass attempt" storage="c:\projects\aikido\firewall-dotnet\aikido.zen.test\bin\release\net9.0\aikido.zen.tests.dll" id="f34bffeb-cdb6-5d06-2036-868d5de5cec2">
      <Execution id="3001a575-9be4-449f-ad2d-9a0914075e9f" />
      <TestMethod codeBase="C:\projects\Aikido\firewall-dotnet\Aikido.Zen.Test\bin\Release\net9.0\Aikido.Zen.Tests.dll" adapterTypeName="executor://nunit3testexecutor/" className="Aikido.Zen.Test.PathTraversalDetectorTests" name="Test_Multiple current directory bypass attempt" />
    </UnitTest>
    <UnitTest name="ConcurrentAccess_ToHostnames_ShouldBeThreadSafe" storage="c:\projects\aikido\firewall-dotnet\aikido.zen.test\bin\release\net9.0\aikido.zen.tests.dll" id="7a977ab7-5eb9-4457-e5f0-778aca977bd7">
      <Execution id="6d93f4ff-74af-42b0-a10d-3f2580650381" />
      <TestMethod codeBase="C:\projects\Aikido\firewall-dotnet\Aikido.Zen.Test\bin\Release\net9.0\Aikido.Zen.Tests.dll" adapterTypeName="executor://nunit3testexecutor/" className="Aikido.Zen.Test.ConcurrencyAgentContextTests" name="ConcurrentAccess_ToHostnames_ShouldBeThreadSafe" />
    </UnitTest>
    <UnitTest name="IsUserAgentBlocked_ShouldReturnFalse_WhenUserAgentIsNotBlocked" storage="c:\projects\aikido\firewall-dotnet\aikido.zen.test\bin\release\net9.0\aikido.zen.tests.dll" id="06b83acf-baee-3d51-1863-355db1c86da9">
      <Execution id="9c896785-c96f-4a58-97de-7976747c974e" />
      <TestMethod codeBase="C:\projects\Aikido\firewall-dotnet\Aikido.Zen.Test\bin\Release\net9.0\Aikido.Zen.Tests.dll" adapterTypeName="executor://nunit3testexecutor/" className="Aikido.Zen.Test.AgentContextTests" name="IsUserAgentBlocked_ShouldReturnFalse_WhenUserAgentIsNotBlocked" />
    </UnitTest>
    <UnitTest name="MapIPv4ToIPv6_ShouldReturnCorrectIPv6Mappings" storage="c:\projects\aikido\firewall-dotnet\aikido.zen.test\bin\release\net9.0\aikido.zen.tests.dll" id="96d55237-5df8-b3dc-43a3-8625d7e58537">
      <Execution id="bc349992-e4ec-4230-9659-758d41884eeb" />
      <TestMethod codeBase="C:\projects\Aikido\firewall-dotnet\Aikido.Zen.Test\bin\Release\net9.0\Aikido.Zen.Tests.dll" adapterTypeName="executor://nunit3testexecutor/" className="Aikido.Zen.Test.Helpers.IPHelperTests" name="MapIPv4ToIPv6_ShouldReturnCorrectIPv6Mappings" />
    </UnitTest>
    <UnitTest name="InterceptorThrewError_IncrementsOperationTotalAndErrors" storage="c:\projects\aikido\firewall-dotnet\aikido.zen.test\bin\release\net9.0\aikido.zen.tests.dll" id="ad622839-94c5-c945-bdd4-c383ae2b08f3">
      <Execution id="7044137f-8824-4bf9-92eb-868d628a962d" />
      <TestMethod codeBase="C:\projects\Aikido\firewall-dotnet\Aikido.Zen.Test\bin\Release\net9.0\Aikido.Zen.Tests.dll" adapterTypeName="executor://nunit3testexecutor/" className="Aikido.Zen.Test.StatsTests" name="InterceptorThrewError_IncrementsOperationTotalAndErrors" />
    </UnitTest>
    <UnitTest name="MergeDataSchemas_WithSameFormat_KeepsFormat" storage="c:\projects\aikido\firewall-dotnet\aikido.zen.test\bin\release\net9.0\aikido.zen.tests.dll" id="96f0880f-29ca-c48f-6962-c9e776708d76">
      <Execution id="63c09110-1d7c-47f5-9271-2a86c4b0bbf4" />
      <TestMethod codeBase="C:\projects\Aikido\firewall-dotnet\Aikido.Zen.Test\bin\Release\net9.0\Aikido.Zen.Tests.dll" adapterTypeName="executor://nunit3testexecutor/" className="Aikido.Zen.Test.Helpers.SchemaHelperTests" name="MergeDataSchemas_WithSameFormat_KeepsFormat" />
    </UnitTest>
    <UnitTest name="IsIpInRange_WithEmptyRange_ShouldReturnFalse" storage="c:\projects\aikido\firewall-dotnet\aikido.zen.test\bin\release\net9.0\aikido.zen.tests.dll" id="570aa5ec-9c5e-7127-e1cd-e642763b1b4e">
      <Execution id="1ce4bca4-c96e-4d8a-a85e-93eca5fda447" />
      <TestMethod codeBase="C:\projects\Aikido\firewall-dotnet\Aikido.Zen.Test\bin\Release\net9.0\Aikido.Zen.Tests.dll" adapterTypeName="executor://nunit3testexecutor/" className="Aikido.Zen.Test.IPRangeTests" name="IsIpInRange_WithEmptyRange_ShouldReturnFalse" />
    </UnitTest>
    <UnitTest name="ShouldAddRoute_EdgeCases_ShouldReturnExpectedResult(&quot;/.hidden/resource&quot;,&quot;GET&quot;,200,True)" storage="c:\projects\aikido\firewall-dotnet\aikido.zen.test\bin\release\net9.0\aikido.zen.tests.dll" id="1cffbbed-df5a-b56a-0111-eb89aacbffee">
      <Execution id="5f9cc048-93e2-4192-a2f2-6bb67c656266" />
      <TestMethod codeBase="C:\projects\Aikido\firewall-dotnet\Aikido.Zen.Test\bin\Release\net9.0\Aikido.Zen.Tests.dll" adapterTypeName="executor://nunit3testexecutor/" className="Aikido.Zen.Test.Helpers.RouteHelperTests" name="ShouldAddRoute_EdgeCases_ShouldReturnExpectedResult(&quot;/.hidden/resource&quot;,&quot;GET&quot;,200,True)" />
    </UnitTest>
    <UnitTest name="IsIPBlocked_WithInvalidIP_ShouldReturnFalse" storage="c:\projects\aikido\firewall-dotnet\aikido.zen.test\bin\release\net9.0\aikido.zen.tests.dll" id="ba27c403-da9d-4cc9-08cd-2046ce71239c">
      <Execution id="5de9cd7c-ff5f-43b0-801b-2c7e144624f9" />
      <TestMethod codeBase="C:\projects\Aikido\firewall-dotnet\Aikido.Zen.Test\bin\Release\net9.0\Aikido.Zen.Tests.dll" adapterTypeName="executor://nunit3testexecutor/" className="Aikido.Zen.Test.BlockListTests" name="IsIPBlocked_WithInvalidIP_ShouldReturnFalse" />
    </UnitTest>
    <UnitTest name="AikidoUrl_ShouldReturnDefaultValue_WhenEnvironmentVariableIsNotSet" storage="c:\projects\aikido\firewall-dotnet\aikido.zen.test\bin\release\net9.0\aikido.zen.tests.dll" id="7e1d41c7-4acd-e4a1-6994-4628f1e06917">
      <Execution id="075737e2-70d2-4dbd-bfe8-5cbe552b8140" />
      <TestMethod codeBase="C:\projects\Aikido\firewall-dotnet\Aikido.Zen.Test\bin\Release\net9.0\Aikido.Zen.Tests.dll" adapterTypeName="executor://nunit3testexecutor/" className="Aikido.Zen.Test.Helpers.EnvironmentHelperTests" name="AikidoUrl_ShouldReturnDefaultValue_WhenEnvironmentVariableIsNotSet" />
    </UnitTest>
    <UnitTest name="OnFileOperation_AbsoluteInput_ThrowsExceptionWhenBlocking(&quot;C:\\Windows\\System32\\cmd.exe&quot;)" storage="c:\projects\aikido\firewall-dotnet\aikido.zen.test\bin\release\net9.0\aikido.zen.tests.dll" id="4c8e66fd-8a01-b1bb-f565-2c2cd746e108">
      <Execution id="5a053726-b2c5-4eec-99eb-28825d69860c" />
      <TestMethod codeBase="C:\projects\Aikido\firewall-dotnet\Aikido.Zen.Test\bin\Release\net9.0\Aikido.Zen.Tests.dll" adapterTypeName="executor://nunit3testexecutor/" className="Aikido.Zen.Test.IOPatcherTests" name="OnFileOperation_AbsoluteInput_ThrowsExceptionWhenBlocking(&quot;C:\\Windows\\System32\\cmd.exe&quot;)" />
    </UnitTest>
    <UnitTest name="HasItems_ShouldReturnFalseWhenNoItemsExist" storage="c:\projects\aikido\firewall-dotnet\aikido.zen.test\bin\release\net9.0\aikido.zen.tests.dll" id="60e94be2-230b-2bca-0d27-1d237fcab0a4">
      <Execution id="e070c78f-4bc8-47df-88ef-1d2e2673ea64" />
      <TestMethod codeBase="C:\projects\Aikido\firewall-dotnet\Aikido.Zen.Test\bin\Release\net9.0\Aikido.Zen.Tests.dll" adapterTypeName="executor://nunit3testexecutor/" className="Aikido.Zen.Test.IPRangeTests" name="HasItems_ShouldReturnFalseWhenNoItemsExist" />
    </UnitTest>
    <UnitTest name="GetApiAuthType_WithMultipleAuth_ReturnsAllTypes" storage="c:\projects\aikido\firewall-dotnet\aikido.zen.test\bin\release\net9.0\aikido.zen.tests.dll" id="a6901fd3-dc9c-db25-4557-ed31556a5265">
      <Execution id="265d17ab-2653-462a-a3ed-139a80b1f96c" />
      <TestMethod codeBase="C:\projects\Aikido\firewall-dotnet\Aikido.Zen.Test\bin\Release\net9.0\Aikido.Zen.Tests.dll" adapterTypeName="executor://nunit3testexecutor/" className="Aikido.Zen.Test.Helpers.ApiAuthTypeHelperTests" name="GetApiAuthType_WithMultipleAuth_ReturnsAllTypes" />
    </UnitTest>
    <UnitTest name="LooksLikeASecret_CommonUrlTerms_ReturnsFalse(&quot;programming&quot;)" storage="c:\projects\aikido\firewall-dotnet\aikido.zen.test\bin\release\net9.0\aikido.zen.tests.dll" id="e556f2e8-5395-7a49-2712-48092494f954">
      <Execution id="998be2d8-515a-4537-8240-0d223fcb91e4" />
      <TestMethod codeBase="C:\projects\Aikido\firewall-dotnet\Aikido.Zen.Test\bin\Release\net9.0\Aikido.Zen.Tests.dll" adapterTypeName="executor://nunit3testexecutor/" className="Aikido.Zen.Test.Helpers.RouteParameterHelperTests" name="LooksLikeASecret_CommonUrlTerms_ReturnsFalse(&quot;programming&quot;)" />
    </UnitTest>
    <UnitTest name="LooksLikeASecret_ShortStrings_ReturnsFalse(&quot;Fupm2Vi&quot;)" storage="c:\projects\aikido\firewall-dotnet\aikido.zen.test\bin\release\net9.0\aikido.zen.tests.dll" id="d0bf4ea8-ac8f-e89e-da6e-0cdbcf1938a7">
      <Execution id="60461b9b-0fc3-458d-86d4-dbf09ed74761" />
      <TestMethod codeBase="C:\projects\Aikido\firewall-dotnet\Aikido.Zen.Test\bin\Release\net9.0\Aikido.Zen.Tests.dll" adapterTypeName="executor://nunit3testexecutor/" className="Aikido.Zen.Test.Helpers.RouteParameterHelperTests" name="LooksLikeASecret_ShortStrings_ReturnsFalse(&quot;Fupm2Vi&quot;)" />
    </UnitTest>
    <UnitTest name="MatchRoute_ShouldReturnExpectedResult(&quot;/api/{id}/details/{subId}/info&quot;,&quot;/api/123/details/456/other&quot;,False)" storage="c:\projects\aikido\firewall-dotnet\aikido.zen.test\bin\release\net9.0\aikido.zen.tests.dll" id="c1a317c0-9b8e-bdf2-13e0-7ac2b922a449">
      <Execution id="46612a7a-a09c-4c5c-8c7b-ab101af87e9f" />
      <TestMethod codeBase="C:\projects\Aikido\firewall-dotnet\Aikido.Zen.Test\bin\Release\net9.0\Aikido.Zen.Tests.dll" adapterTypeName="executor://nunit3testexecutor/" className="Aikido.Zen.Test.Helpers.RouteHelperTests" name="MatchRoute_ShouldReturnExpectedResult(&quot;/api/{id}/details/{subId}/info&quot;,&quot;/api/123/details/456/other&quot;,False)" />
    </UnitTest>
    <UnitTest name="OnFileOperation_MultiplePathsOneUnsafe_ThrowsExceptionWhenBlocking" storage="c:\projects\aikido\firewall-dotnet\aikido.zen.test\bin\release\net9.0\aikido.zen.tests.dll" id="8694fb16-4c85-5e15-f39b-e0bfc35bda92">
      <Execution id="38c7db92-0096-41ce-bf2e-5c257057a4a0" />
      <TestMethod codeBase="C:\projects\Aikido\firewall-dotnet\Aikido.Zen.Test\bin\Release\net9.0\Aikido.Zen.Tests.dll" adapterTypeName="executor://nunit3testexecutor/" className="Aikido.Zen.Test.IOPatcherTests" name="OnFileOperation_MultiplePathsOneUnsafe_ThrowsExceptionWhenBlocking" />
    </UnitTest>
    <UnitTest name="GetBodyDataType_WithFormData_ReturnsFormData" storage="c:\projects\aikido\firewall-dotnet\aikido.zen.test\bin\release\net9.0\aikido.zen.tests.dll" id="5f1695a8-3b1c-2779-1125-674955710aad">
      <Execution id="424231cb-6782-450f-9717-288f8e6535f3" />
      <TestMethod codeBase="C:\projects\Aikido\firewall-dotnet\Aikido.Zen.Test\bin\Release\net9.0\Aikido.Zen.Tests.dll" adapterTypeName="executor://nunit3testexecutor/" className="Aikido.Zen.Test.Helpers.ApiDataTypeHelperTests" name="GetBodyDataType_WithFormData_ReturnsFormData" />
    </UnitTest>
    <UnitTest name="GetApiInfo_WithArrayBody_ReturnsCorrectSpec" storage="c:\projects\aikido\firewall-dotnet\aikido.zen.test\bin\release\net9.0\aikido.zen.tests.dll" id="2fcead5e-d9dc-b70f-c18b-4a58ed9d707c">
      <Execution id="6b727ff1-a7d1-47f7-8631-9040308c5bdf" />
      <TestMethod codeBase="C:\projects\Aikido\firewall-dotnet\Aikido.Zen.Test\bin\Release\net9.0\Aikido.Zen.Tests.dll" adapterTypeName="executor://nunit3testexecutor/" className="Aikido.Zen.Test.Helpers.ApiInfoHelperTests" name="GetApiInfo_WithArrayBody_ReturnsCorrectSpec" />
    </UnitTest>
    <UnitTest name="Test_INJECTION: Dangerous command rm -rf" storage="c:\projects\aikido\firewall-dotnet\aikido.zen.test\bin\release\net9.0\aikido.zen.tests.dll" id="df1f6ff0-c43f-b511-fd20-40b6493dfbeb">
      <Execution id="0f682fc9-dd58-414b-bde4-017df97cbfbd" />
      <TestMethod codeBase="C:\projects\Aikido\firewall-dotnet\Aikido.Zen.Test\bin\Release\net9.0\Aikido.Zen.Tests.dll" adapterTypeName="executor://nunit3testexecutor/" className="Aikido.Zen.Test.ShellInjectionDetectorTests" name="Test_INJECTION: Dangerous command rm -rf" />
    </UnitTest>
    <UnitTest name="Test_Generic_ATTACK: Generic SQL injection with multiple values" storage="c:\projects\aikido\firewall-dotnet\aikido.zen.test\bin\release\net9.0\aikido.zen.tests.dll" id="84403028-e41a-2045-2fe6-e1ca1d5057ed">
      <Execution id="d1ad6a4e-a21d-464a-9e32-10d7a29418a4" />
      <TestMethod codeBase="C:\projects\Aikido\firewall-dotnet\Aikido.Zen.Test\bin\Release\net9.0\Aikido.Zen.Tests.dll" adapterTypeName="executor://nunit3testexecutor/" className="Aikido.Zen.Test.SQLInjectionDetectorTests" name="Test_Generic_ATTACK: Generic SQL injection with multiple values" />
    </UnitTest>
    <UnitTest name="IsAllowed_WithZeroWindowSize_ShouldAlwaysAllow" storage="c:\projects\aikido\firewall-dotnet\aikido.zen.test\bin\release\net9.0\aikido.zen.tests.dll" id="32efdbd5-a03d-8f28-5682-4b7c08770726">
      <Execution id="67b831b8-7966-45da-ac0f-5e4296679599" />
      <TestMethod codeBase="C:\projects\Aikido\firewall-dotnet\Aikido.Zen.Test\bin\Release\net9.0\Aikido.Zen.Tests.dll" adapterTypeName="executor://nunit3testexecutor/" className="Aikido.Zen.Test.Helpers.RateLimitingHelperTests" name="IsAllowed_WithZeroWindowSize_ShouldAlwaysAllow" />
    </UnitTest>
    <UnitTest name="AikidoRealtimeUrl_ShouldReturnExpectedValue_WhenEnvironmentVariableIsSet" storage="c:\projects\aikido\firewall-dotnet\aikido.zen.test\bin\release\net9.0\aikido.zen.tests.dll" id="edf8b68e-ecda-92c0-b48e-ddc973a3e86c">
      <Execution id="21d84078-5c3d-4b4d-be25-4e60f0488076" />
      <TestMethod codeBase="C:\projects\Aikido\firewall-dotnet\Aikido.Zen.Test\bin\Release\net9.0\Aikido.Zen.Tests.dll" adapterTypeName="executor://nunit3testexecutor/" className="Aikido.Zen.Test.Helpers.EnvironmentHelperTests" name="AikidoRealtimeUrl_ShouldReturnExpectedValue_WhenEnvironmentVariableIsSet" />
    </UnitTest>
    <UnitTest name="GetApiAuthType_WithAuthCookie_ReturnsApiKeyType" storage="c:\projects\aikido\firewall-dotnet\aikido.zen.test\bin\release\net9.0\aikido.zen.tests.dll" id="408407b9-f5c7-5e8c-89f7-3db1be9b740d">
      <Execution id="7c7782d1-6408-4496-ba5a-2defd15c6c7e" />
      <TestMethod codeBase="C:\projects\Aikido\firewall-dotnet\Aikido.Zen.Test\bin\Release\net9.0\Aikido.Zen.Tests.dll" adapterTypeName="executor://nunit3testexecutor/" className="Aikido.Zen.Test.Helpers.ApiAuthTypeHelperTests" name="GetApiAuthType_WithAuthCookie_ReturnsApiKeyType" />
    </UnitTest>
    <UnitTest name="Test_SAFE: Nested command substitution inside single quotes" storage="c:\projects\aikido\firewall-dotnet\aikido.zen.test\bin\release\net9.0\aikido.zen.tests.dll" id="1b1a80b9-e2a1-7f2d-1d88-b54778e68b98">
      <Execution id="5bafc37c-6880-434f-ac16-a12846ebc752" />
      <TestMethod codeBase="C:\projects\Aikido\firewall-dotnet\Aikido.Zen.Test\bin\Release\net9.0\Aikido.Zen.Tests.dll" adapterTypeName="executor://nunit3testexecutor/" className="Aikido.Zen.Test.ShellInjectionDetectorTests" name="Test_SAFE: Nested command substitution inside single quotes" />
    </UnitTest>
    <UnitTest name="Ips_WithMultipleBlockedIpLists_ReturnsAllIps" storage="c:\projects\aikido\firewall-dotnet\aikido.zen.test\bin\release\net9.0\aikido.zen.tests.dll" id="15b969f5-2281-e239-f782-9f7aa3f1c40e">
      <Execution id="fb3e1eb1-a117-4492-9836-de3e98149a5e" />
      <TestMethod codeBase="C:\projects\Aikido\firewall-dotnet\Aikido.Zen.Test\bin\Release\net9.0\Aikido.Zen.Tests.dll" adapterTypeName="executor://nunit3testexecutor/" className="Aikido.Zen.Test.BlockedIpsAPIResponseTests" name="Ips_WithMultipleBlockedIpLists_ReturnsAllIps" />
    </UnitTest>
    <UnitTest name="RedirectInfo_ShouldInitializeCorrectly" storage="c:\projects\aikido\firewall-dotnet\aikido.zen.test\bin\release\net9.0\aikido.zen.tests.dll" id="3285b2e6-f1e9-1904-0fe3-ddaf947d0b07">
      <Execution id="9c9d62a1-89f4-4a95-9658-7d69a6a14baa" />
      <TestMethod codeBase="C:\projects\Aikido\firewall-dotnet\Aikido.Zen.Test\bin\Release\net9.0\Aikido.Zen.Tests.dll" adapterTypeName="executor://nunit3testexecutor/" className="Aikido.Zen.Test.ContextTests" name="RedirectInfo_ShouldInitializeCorrectly" />
    </UnitTest>
    <UnitTest name="Test_INJECTION: Nested command substitution" storage="c:\projects\aikido\firewall-dotnet\aikido.zen.test\bin\release\net9.0\aikido.zen.tests.dll" id="d62531ef-23c7-fa7b-7c12-ea6cab3a4650">
      <Execution id="02dd1b33-1785-4f1d-8fa0-2b41e3389453" />
      <TestMethod codeBase="C:\projects\Aikido\firewall-dotnet\Aikido.Zen.Test\bin\Release\net9.0\Aikido.Zen.Tests.dll" adapterTypeName="executor://nunit3testexecutor/" className="Aikido.Zen.Test.ShellInjectionDetectorTests" name="Test_INJECTION: Nested command substitution" />
    </UnitTest>
    <UnitTest name="UpdateRatelimitedRoutes_ShouldReplaceExistingEndpoints" storage="c:\projects\aikido\firewall-dotnet\aikido.zen.test\bin\release\net9.0\aikido.zen.tests.dll" id="d6e86e6f-b8bd-4bbc-c2c0-14fa785360d2">
      <Execution id="c46ba361-a086-429a-81d6-0cbc94d327f6" />
      <TestMethod codeBase="C:\projects\Aikido\firewall-dotnet\Aikido.Zen.Test\bin\Release\net9.0\Aikido.Zen.Tests.dll" adapterTypeName="executor://nunit3testexecutor/" className="Aikido.Zen.Test.AgentContextTests" name="UpdateRatelimitedRoutes_ShouldReplaceExistingEndpoints" />
    </UnitTest>
    <UnitTest name="DetectPathTraversal_WithNonStringArg_IgnoresArg" storage="c:\projects\aikido\firewall-dotnet\aikido.zen.test\bin\release\net9.0\aikido.zen.tests.dll" id="e85a2b2a-ad16-4ca1-5dfb-ce12c5788975">
      <Execution id="ea8284f0-f55a-4253-ae2e-814d971a9541" />
      <TestMethod codeBase="C:\projects\Aikido\firewall-dotnet\Aikido.Zen.Test\bin\Release\net9.0\Aikido.Zen.Tests.dll" adapterTypeName="executor://nunit3testexecutor/" className="Aikido.Zen.Test.Helpers.PathTraversalHelperTests" name="DetectPathTraversal_WithNonStringArg_IgnoresArg" />
    </UnitTest>
    <UnitTest name="IsEmpty_ShouldBeTrue_ForNewStats" storage="c:\projects\aikido\firewall-dotnet\aikido.zen.test\bin\release\net9.0\aikido.zen.tests.dll" id="2191545e-2b30-04cc-eded-b709db474267">
      <Execution id="7c1ae30a-9900-4687-ae5d-754ed6a5c70a" />
      <TestMethod codeBase="C:\projects\Aikido\firewall-dotnet\Aikido.Zen.Test\bin\Release\net9.0\Aikido.Zen.Tests.dll" adapterTypeName="executor://nunit3testexecutor/" className="Aikido.Zen.Test.StatsTests" name="IsEmpty_ShouldBeTrue_ForNewStats" />
    </UnitTest>
    <UnitTest name="Test_INJECTION: New lines in commands" storage="c:\projects\aikido\firewall-dotnet\aikido.zen.test\bin\release\net9.0\aikido.zen.tests.dll" id="759b8a39-721e-1a84-d6a3-df5d50e88bab">
      <Execution id="fd36375d-972f-4e53-80b1-592d28fd2f38" />
      <TestMethod codeBase="C:\projects\Aikido\firewall-dotnet\Aikido.Zen.Test\bin\Release\net9.0\Aikido.Zen.Tests.dll" adapterTypeName="executor://nunit3testexecutor/" className="Aikido.Zen.Test.ShellInjectionDetectorTests" name="Test_INJECTION: New lines in commands" />
    </UnitTest>
    <UnitTest name="ConcurrentAddOrUpdateAndGet_MaintainsConsistency" storage="c:\projects\aikido\firewall-dotnet\aikido.zen.test\bin\release\net9.0\aikido.zen.tests.dll" id="032906fd-5ab9-3671-51fc-923a4d8e033a">
      <Execution id="6d09edf6-d219-4962-8d7d-623583bd9fdb" />
      <TestMethod codeBase="C:\projects\Aikido\firewall-dotnet\Aikido.Zen.Test\bin\Release\net9.0\Aikido.Zen.Tests.dll" adapterTypeName="executor://nunit3testexecutor/" className="Aikido.Zen.Test.ConcurrentLFUDictionaryTests" name="ConcurrentAddOrUpdateAndGet_MaintainsConsistency" />
    </UnitTest>
    <UnitTest name="ShouldHandleZeroCIDRNotation" storage="c:\projects\aikido\firewall-dotnet\aikido.zen.test\bin\release\net9.0\aikido.zen.tests.dll" id="e386011b-a7d3-62d4-19bd-3553df82fffd">
      <Execution id="b4ec9846-c595-4a59-a6aa-3b6d00e77c24" />
      <TestMethod codeBase="C:\projects\Aikido\firewall-dotnet\Aikido.Zen.Test\bin\Release\net9.0\Aikido.Zen.Tests.dll" adapterTypeName="executor://nunit3testexecutor/" className="Aikido.Zen.Test.IPRangeTests" name="ShouldHandleZeroCIDRNotation" />
    </UnitTest>
    <UnitTest name="Test_Windows drive letter access" storage="c:\projects\aikido\firewall-dotnet\aikido.zen.test\bin\release\net9.0\aikido.zen.tests.dll" id="e0bd5fdf-af0a-03d8-e7e9-12a8d65bcf5f">
      <Execution id="92653cc2-97f7-4956-8674-f89d5af1b495" />
      <TestMethod codeBase="C:\projects\Aikido\firewall-dotnet\Aikido.Zen.Test\bin\Release\net9.0\Aikido.Zen.Tests.dll" adapterTypeName="executor://nunit3testexecutor/" className="Aikido.Zen.Test.PathTraversalDetectorTests" name="Test_Windows drive letter access" />
    </UnitTest>
    <UnitTest name="OnFileOperation_AbsoluteInput_ThrowsExceptionWhenBlocking(&quot;%WINDIR%\\system32\\notepad.exe&quot;)" storage="c:\projects\aikido\firewall-dotnet\aikido.zen.test\bin\release\net9.0\aikido.zen.tests.dll" id="40c298da-d7b2-bb81-12a2-6b0843e40a73">
      <Execution id="1d89fb5d-cdbb-43dc-a224-e801775f0566" />
      <TestMethod codeBase="C:\projects\Aikido\firewall-dotnet\Aikido.Zen.Test\bin\Release\net9.0\Aikido.Zen.Tests.dll" adapterTypeName="executor://nunit3testexecutor/" className="Aikido.Zen.Test.IOPatcherTests" name="OnFileOperation_AbsoluteInput_ThrowsExceptionWhenBlocking(&quot;%WINDIR%\\system32\\notepad.exe&quot;)" />
    </UnitTest>
    <UnitTest name="HasExactMatch_WithNullContext_ShouldHandleGracefully" storage="c:\projects\aikido\firewall-dotnet\aikido.zen.test\bin\release\net9.0\aikido.zen.tests.dll" id="96be26be-7109-c126-a0b9-0723fc69c009">
      <Execution id="35c07976-08bc-4feb-9d42-57a0f946c62a" />
      <TestMethod codeBase="C:\projects\Aikido\firewall-dotnet\Aikido.Zen.Test\bin\Release\net9.0\Aikido.Zen.Tests.dll" adapterTypeName="executor://nunit3testexecutor/" className="Aikido.Zen.Test.Helpers.RouteHelperTests" name="HasExactMatch_WithNullContext_ShouldHandleGracefully" />
    </UnitTest>
    <UnitTest name="ScheduleEvent_WithValidParameters_ExecutesEventPeriodically" storage="c:\projects\aikido\firewall-dotnet\aikido.zen.test\bin\release\net9.0\aikido.zen.tests.dll" id="8b096e74-16e2-4d35-97de-d47e6937b466">
      <Execution id="e746b984-69e2-41b9-8bcc-188d4529c926" />
      <TestMethod codeBase="C:\projects\Aikido\firewall-dotnet\Aikido.Zen.Test\bin\Release\net9.0\Aikido.Zen.Tests.dll" adapterTypeName="executor://nunit3testexecutor/" className="Aikido.Zen.Test.AgentTests" name="ScheduleEvent_WithValidParameters_ExecutesEventPeriodically" />
    </UnitTest>
    <UnitTest name="Test_Generic_SAFE: Uppercase query with lowercase user input" storage="c:\projects\aikido\firewall-dotnet\aikido.zen.test\bin\release\net9.0\aikido.zen.tests.dll" id="097c6e93-8b1a-c824-d210-d03970151452">
      <Execution id="8b34ff02-00a3-4e30-8155-1c22aac29664" />
      <TestMethod codeBase="C:\projects\Aikido\firewall-dotnet\Aikido.Zen.Test\bin\Release\net9.0\Aikido.Zen.Tests.dll" adapterTypeName="executor://nunit3testexecutor/" className="Aikido.Zen.Test.SQLInjectionDetectorTests" name="Test_Generic_SAFE: Uppercase query with lowercase user input" />
    </UnitTest>
    <UnitTest name="Test_INJECTION: Dangerous command killall -9" storage="c:\projects\aikido\firewall-dotnet\aikido.zen.test\bin\release\net9.0\aikido.zen.tests.dll" id="8fcd9fee-1f93-27b3-44a4-1c92ea8a9ff7">
      <Execution id="e9d504af-8333-41d5-9c48-56b9e88ad6ac" />
      <TestMethod codeBase="C:\projects\Aikido\firewall-dotnet\Aikido.Zen.Test\bin\Release\net9.0\Aikido.Zen.Tests.dll" adapterTypeName="executor://nunit3testexecutor/" className="Aikido.Zen.Test.ShellInjectionDetectorTests" name="Test_INJECTION: Dangerous command killall -9" />
    </UnitTest>
    <UnitTest name="MergeApiAuthTypes_WithNullInputs_ReturnsNull" storage="c:\projects\aikido\firewall-dotnet\aikido.zen.test\bin\release\net9.0\aikido.zen.tests.dll" id="7da2c1ac-c0dd-ed01-9d6c-24f20cc9af6d">
      <Execution id="b9ecb9a6-93c6-4a89-80b6-dce93b3e86ae" />
      <TestMethod codeBase="C:\projects\Aikido\firewall-dotnet\Aikido.Zen.Test\bin\Release\net9.0\Aikido.Zen.Tests.dll" adapterTypeName="executor://nunit3testexecutor/" className="Aikido.Zen.Test.Helpers.AuthHelperTests" name="MergeApiAuthTypes_WithNullInputs_ReturnsNull" />
    </UnitTest>
    <UnitTest name="HasExactMatch_WithCaseInsensitiveMatch_ShouldReturnTrue" storage="c:\projects\aikido\firewall-dotnet\aikido.zen.test\bin\release\net9.0\aikido.zen.tests.dll" id="6752b227-d138-52b1-c3e8-09a1dfb3490a">
      <Execution id="60468fde-2c8e-4a23-8fe5-3b5d19206651" />
      <TestMethod codeBase="C:\projects\Aikido\firewall-dotnet\Aikido.Zen.Test\bin\Release\net9.0\Aikido.Zen.Tests.dll" adapterTypeName="executor://nunit3testexecutor/" className="Aikido.Zen.Test.Helpers.RouteHelperTests" name="HasExactMatch_WithCaseInsensitiveMatch_ShouldReturnTrue" />
    </UnitTest>
    <UnitTest name="RuntimeApiClient_GetConfig_ShouldReturnSuccess" storage="c:\projects\aikido\firewall-dotnet\aikido.zen.test\bin\release\net9.0\aikido.zen.tests.dll" id="27120b3f-bd5a-260f-4eb2-eefce6b06e21">
      <Execution id="53ea9265-e12f-4911-97ca-7cf3cd50ee5d" />
      <TestMethod codeBase="C:\projects\Aikido\firewall-dotnet\Aikido.Zen.Test\bin\Release\net9.0\Aikido.Zen.Tests.dll" adapterTypeName="executor://nunit3testexecutor/" className="Aikido.Zen.Test.ZenApiTests" name="RuntimeApiClient_GetConfig_ShouldReturnSuccess" />
    </UnitTest>
    <UnitTest name="GetMethodFromAssembly_InvalidType_ReturnsNull" storage="c:\projects\aikido\firewall-dotnet\aikido.zen.test\bin\release\net9.0\aikido.zen.tests.dll" id="b1c47754-8de0-79f1-fbb1-481177b61dc8">
      <Execution id="c275d17b-6df9-41b2-a077-891e52de732c" />
      <TestMethod codeBase="C:\projects\Aikido\firewall-dotnet\Aikido.Zen.Test\bin\Release\net9.0\Aikido.Zen.Tests.dll" adapterTypeName="executor://nunit3testexecutor/" className="Aikido.Zen.Test.Helpers.ReflectionHelperTests" name="GetMethodFromAssembly_InvalidType_ReturnsNull" />
    </UnitTest>
    <UnitTest name="ShouldAddRoute_ShouldReturnExpectedResult(&quot;/api/resource.asp&quot;,&quot;GET&quot;,200,True)" storage="c:\projects\aikido\firewall-dotnet\aikido.zen.test\bin\release\net9.0\aikido.zen.tests.dll" id="95ef5e65-d024-d9ff-f962-b841af0649ce">
      <Execution id="5f427ef5-7679-4fa9-a521-b15f3035f4ad" />
      <TestMethod codeBase="C:\projects\Aikido\firewall-dotnet\Aikido.Zen.Test\bin\Release\net9.0\Aikido.Zen.Tests.dll" adapterTypeName="executor://nunit3testexecutor/" className="Aikido.Zen.Test.Helpers.RouteHelperTests" name="ShouldAddRoute_ShouldReturnExpectedResult(&quot;/api/resource.asp&quot;,&quot;GET&quot;,200,True)" />
    </UnitTest>
    <UnitTest name="Test_INJECTION: Dangerous command /bin/rm -rf" storage="c:\projects\aikido\firewall-dotnet\aikido.zen.test\bin\release\net9.0\aikido.zen.tests.dll" id="bfc2cb6d-0318-6bfd-e893-5add16beb864">
      <Execution id="31996ad5-e600-4eea-9cc8-5a341f89c0cf" />
      <TestMethod codeBase="C:\projects\Aikido\firewall-dotnet\Aikido.Zen.Test\bin\Release\net9.0\Aikido.Zen.Tests.dll" adapterTypeName="executor://nunit3testexecutor/" className="Aikido.Zen.Test.ShellInjectionDetectorTests" name="Test_INJECTION: Dangerous command /bin/rm -rf" />
    </UnitTest>
    <UnitTest name="Test_SAFE: Multiple spaces between arguments" storage="c:\projects\aikido\firewall-dotnet\aikido.zen.test\bin\release\net9.0\aikido.zen.tests.dll" id="6826413a-f576-401b-3af2-2706ca74da3d">
      <Execution id="4829ab48-3fd5-4fb7-a91a-e2e744002095" />
      <TestMethod codeBase="C:\projects\Aikido\firewall-dotnet\Aikido.Zen.Test\bin\Release\net9.0\Aikido.Zen.Tests.dll" adapterTypeName="executor://nunit3testexecutor/" className="Aikido.Zen.Test.ShellInjectionDetectorTests" name="Test_SAFE: Multiple spaces between arguments" />
    </UnitTest>
    <UnitTest name="Test_INJECTION: Special character ` inside double quotes" storage="c:\projects\aikido\firewall-dotnet\aikido.zen.test\bin\release\net9.0\aikido.zen.tests.dll" id="b20a2449-4ea2-0f91-166e-65aa0595c585">
      <Execution id="f87bb184-2804-49e7-8668-073ea2b2dd95" />
      <TestMethod codeBase="C:\projects\Aikido\firewall-dotnet\Aikido.Zen.Test\bin\Release\net9.0\Aikido.Zen.Tests.dll" adapterTypeName="executor://nunit3testexecutor/" className="Aikido.Zen.Test.ShellInjectionDetectorTests" name="Test_INJECTION: Special character ` inside double quotes" />
    </UnitTest>
    <UnitTest name="ConcurrentOperations_ProduceConsistentResults" storage="c:\projects\aikido\firewall-dotnet\aikido.zen.test\bin\release\net9.0\aikido.zen.tests.dll" id="876d42be-62ab-2367-27d4-2fcf81843d9e">
      <Execution id="4cbd624b-cd30-49b0-a089-d2f30cad2479" />
      <TestMethod codeBase="C:\projects\Aikido\firewall-dotnet\Aikido.Zen.Test\bin\Release\net9.0\Aikido.Zen.Tests.dll" adapterTypeName="executor://nunit3testexecutor/" className="Aikido.Zen.Test.StatsTests" name="ConcurrentOperations_ProduceConsistentResults" />
    </UnitTest>
    <UnitTest name="ScheduleEvent_OverloadWithEventAndInterval_ExecutesCallback" storage="c:\projects\aikido\firewall-dotnet\aikido.zen.test\bin\release\net9.0\aikido.zen.tests.dll" id="bcc847af-8da0-ad6a-9970-81aca837c329">
      <Execution id="4fc809c7-d7ee-42f0-88b2-132a30a5e1ad" />
      <TestMethod codeBase="C:\projects\Aikido\firewall-dotnet\Aikido.Zen.Test\bin\Release\net9.0\Aikido.Zen.Tests.dll" adapterTypeName="executor://nunit3testexecutor/" className="Aikido.Zen.Test.AgentTests" name="ScheduleEvent_OverloadWithEventAndInterval_ExecutesCallback" />
    </UnitTest>
    <UnitTest name="GetDataSchema_WithMaxDepth_StopsAtLimit" storage="c:\projects\aikido\firewall-dotnet\aikido.zen.test\bin\release\net9.0\aikido.zen.tests.dll" id="065a6b5f-63a7-260e-ed2c-fcf7d4ae3bd6">
      <Execution id="2e8b15e3-24e4-4ea6-b83e-1d80561d06d4" />
      <TestMethod codeBase="C:\projects\Aikido\firewall-dotnet\Aikido.Zen.Test\bin\Release\net9.0\Aikido.Zen.Tests.dll" adapterTypeName="executor://nunit3testexecutor/" className="Aikido.Zen.Test.Helpers.DataSchemaHelperTests" name="GetDataSchema_WithMaxDepth_StopsAtLimit" />
    </UnitTest>
    <UnitTest name="MatchRoute_ShouldReturnExpectedResult(&quot;/api/{id}/details/{subId}/info&quot;,&quot;/api/123/details/456/info&quot;,True)" storage="c:\projects\aikido\firewall-dotnet\aikido.zen.test\bin\release\net9.0\aikido.zen.tests.dll" id="ec2a47e7-1dba-dca1-7577-ab8c38f10a5d">
      <Execution id="8da429c1-6418-42c5-acb3-d0b6466d7da4" />
      <TestMethod codeBase="C:\projects\Aikido\firewall-dotnet\Aikido.Zen.Test\bin\Release\net9.0\Aikido.Zen.Tests.dll" adapterTypeName="executor://nunit3testexecutor/" className="Aikido.Zen.Test.Helpers.RouteHelperTests" name="MatchRoute_ShouldReturnExpectedResult(&quot;/api/{id}/details/{subId}/info&quot;,&quot;/api/123/details/456/info&quot;,True)" />
    </UnitTest>
    <UnitTest name="GetMethodFromAssembly_PatchTraversal_ReturnsNull" storage="c:\projects\aikido\firewall-dotnet\aikido.zen.test\bin\release\net9.0\aikido.zen.tests.dll" id="082e58e9-20f5-2019-c5a5-d1fa7ea06a08">
      <Execution id="ea294f57-1aad-4722-884c-1df7b3d6bd9d" />
      <TestMethod codeBase="C:\projects\Aikido\firewall-dotnet\Aikido.Zen.Test\bin\Release\net9.0\Aikido.Zen.Tests.dll" adapterTypeName="executor://nunit3testexecutor/" className="Aikido.Zen.Test.Helpers.ReflectionHelperTests" name="GetMethodFromAssembly_PatchTraversal_ReturnsNull" />
    </UnitTest>
    <UnitTest name="Delete_FailsForNonExistentKey" storage="c:\projects\aikido\firewall-dotnet\aikido.zen.test\bin\release\net9.0\aikido.zen.tests.dll" id="bd8f5dca-7e3b-0bfc-3fe1-9f92d6e835ac">
      <Execution id="47034227-226a-4e9e-9148-9342346c3c2b" />
      <TestMethod codeBase="C:\projects\Aikido\firewall-dotnet\Aikido.Zen.Test\bin\Release\net9.0\Aikido.Zen.Tests.dll" adapterTypeName="executor://nunit3testexecutor/" className="Aikido.Zen.Test.ConcurrentLFUDictionaryTests" name="Delete_FailsForNonExistentKey" />
    </UnitTest>
    <UnitTest name="Test_SAFE: Semicolon inside double quotes" storage="c:\projects\aikido\firewall-dotnet\aikido.zen.test\bin\release\net9.0\aikido.zen.tests.dll" id="46b0e704-fd6c-fcab-9fca-851cf2f784c8">
      <Execution id="5fbdf357-8159-4445-9c3c-d0d389db9c8a" />
      <TestMethod codeBase="C:\projects\Aikido\firewall-dotnet\Aikido.Zen.Test\bin\Release\net9.0\Aikido.Zen.Tests.dll" adapterTypeName="executor://nunit3testexecutor/" className="Aikido.Zen.Test.ShellInjectionDetectorTests" name="Test_SAFE: Semicolon inside double quotes" />
    </UnitTest>
    <UnitTest name="IsRequestAllowed_ShouldRespectExactMatch" storage="c:\projects\aikido\firewall-dotnet\aikido.zen.test\bin\release\net9.0\aikido.zen.tests.dll" id="e305a3a9-a0af-221b-3e73-46d06a104ebe">
      <Execution id="d5adee17-c13a-4f78-bbf8-2909cfbdc446" />
      <TestMethod codeBase="C:\projects\Aikido\firewall-dotnet\Aikido.Zen.Test\bin\Release\net9.0\Aikido.Zen.Tests.dll" adapterTypeName="executor://nunit3testexecutor/" className="Aikido.Zen.Test.Helpers.RateLimitingHelperTests" name="IsRequestAllowed_ShouldRespectExactMatch" />
    </UnitTest>
    <UnitTest name="GetStringFormat_WithUuidString_ReturnsUuidFormat" storage="c:\projects\aikido\firewall-dotnet\aikido.zen.test\bin\release\net9.0\aikido.zen.tests.dll" id="bc254dcc-ec50-bbf2-4f6c-29f2d58641a5">
      <Execution id="0ef7e5be-0dea-4b42-aa67-3314898b675f" />
      <TestMethod codeBase="C:\projects\Aikido\firewall-dotnet\Aikido.Zen.Test\bin\Release\net9.0\Aikido.Zen.Tests.dll" adapterTypeName="executor://nunit3testexecutor/" className="Aikido.Zen.Test.Helpers.StringFormatHelperTests" name="GetStringFormat_WithUuidString_ReturnsUuidFormat" />
    </UnitTest>
    <UnitTest name="GetApiInfo_WithQueryParameters_ReturnsCorrectSpec" storage="c:\projects\aikido\firewall-dotnet\aikido.zen.test\bin\release\net9.0\aikido.zen.tests.dll" id="e4edc27e-b050-56e1-4f0f-2beddaaf64ab">
      <Execution id="6e826c0f-e368-4ca1-aed7-42a7f7702593" />
      <TestMethod codeBase="C:\projects\Aikido\firewall-dotnet\Aikido.Zen.Test\bin\Release\net9.0\Aikido.Zen.Tests.dll" adapterTypeName="executor://nunit3testexecutor/" className="Aikido.Zen.Test.Helpers.ApiInfoHelperTests" name="GetApiInfo_WithQueryParameters_ReturnsCorrectSpec" />
    </UnitTest>
    <UnitTest name="Test_INJECTION: Dangerous command reboot -f" storage="c:\projects\aikido\firewall-dotnet\aikido.zen.test\bin\release\net9.0\aikido.zen.tests.dll" id="0eff9d8c-7c22-ca94-7b01-6de1d58b7444">
      <Execution id="068958f1-e1f6-4540-99f1-14686c89417c" />
      <TestMethod codeBase="C:\projects\Aikido\firewall-dotnet\Aikido.Zen.Test\bin\Release\net9.0\Aikido.Zen.Tests.dll" adapterTypeName="executor://nunit3testexecutor/" className="Aikido.Zen.Test.ShellInjectionDetectorTests" name="Test_INJECTION: Dangerous command reboot -f" />
    </UnitTest>
    <UnitTest name="OnFileOperation_PathContainsSafeUserInput_ReturnsTrue" storage="c:\projects\aikido\firewall-dotnet\aikido.zen.test\bin\release\net9.0\aikido.zen.tests.dll" id="d95e8697-0501-3ed4-af86-28cc6661605f">
      <Execution id="797536e6-4811-4355-8e70-7a18763ee843" />
      <TestMethod codeBase="C:\projects\Aikido\firewall-dotnet\Aikido.Zen.Test\bin\Release\net9.0\Aikido.Zen.Tests.dll" adapterTypeName="executor://nunit3testexecutor/" className="Aikido.Zen.Test.IOPatcherTests" name="OnFileOperation_PathContainsSafeUserInput_ReturnsTrue" />
    </UnitTest>
    <UnitTest name="QueueEvent_WithValidParameters_AddsEventToQueue" storage="c:\projects\aikido\firewall-dotnet\aikido.zen.test\bin\release\net9.0\aikido.zen.tests.dll" id="c304e268-3975-1072-3315-732a19b89e65">
      <Execution id="aeb670c1-7f74-4ed7-b919-7e803b9de1d2" />
      <TestMethod codeBase="C:\projects\Aikido\firewall-dotnet\Aikido.Zen.Test\bin\Release\net9.0\Aikido.Zen.Tests.dll" adapterTypeName="executor://nunit3testexecutor/" className="Aikido.Zen.Test.AgentTests" name="QueueEvent_WithValidParameters_AddsEventToQueue" />
    </UnitTest>
    <UnitTest name="LooksLikeASecret_LongStrings_ReturnsTrue(&quot;rsVEExrR2sVDONyeWwND&quot;)" storage="c:\projects\aikido\firewall-dotnet\aikido.zen.test\bin\release\net9.0\aikido.zen.tests.dll" id="0ab08a84-ce57-0ee5-8932-c9a10f0c524a">
      <Execution id="999dd591-fe78-4019-bfa8-74268993aa3f" />
      <TestMethod codeBase="C:\projects\Aikido\firewall-dotnet\Aikido.Zen.Test\bin\Release\net9.0\Aikido.Zen.Tests.dll" adapterTypeName="executor://nunit3testexecutor/" className="Aikido.Zen.Test.Helpers.RouteParameterHelperTests" name="LooksLikeASecret_LongStrings_ReturnsTrue(&quot;rsVEExrR2sVDONyeWwND&quot;)" />
    </UnitTest>
    <UnitTest name="ReportAsync_ShouldThrowExceptionOnError" storage="c:\projects\aikido\firewall-dotnet\aikido.zen.test\bin\release\net9.0\aikido.zen.tests.dll" id="c46d29f2-326c-38db-094b-a7302c67068c">
      <Execution id="81714bea-b8c9-4f55-8a0e-a7323f86ba44" />
      <TestMethod codeBase="C:\projects\Aikido\firewall-dotnet\Aikido.Zen.Test\bin\Release\net9.0\Aikido.Zen.Tests.dll" adapterTypeName="executor://nunit3testexecutor/" className="Aikido.Zen.Test.ReportingAPiClientTests" name="ReportAsync_ShouldThrowExceptionOnError" />
    </UnitTest>
    <UnitTest name="TryGetValue_WithZeroTTL_ShouldNeverExpire" storage="c:\projects\aikido\firewall-dotnet\aikido.zen.test\bin\release\net9.0\aikido.zen.tests.dll" id="59f4b384-30f9-1f88-22ce-8348f84c7d97">
      <Execution id="5bfbb0f2-2416-4853-a1d1-4be7c0124f22" />
      <TestMethod codeBase="C:\projects\Aikido\firewall-dotnet\Aikido.Zen.Test\bin\Release\net9.0\Aikido.Zen.Tests.dll" adapterTypeName="executor://nunit3testexecutor/" className="Aikido.Zen.Test.LRUCacheTests" name="TryGetValue_WithZeroTTL_ShouldNeverExpire" />
    </UnitTest>
    <UnitTest name="Test_INJECTION: Dangerous command reboot" storage="c:\projects\aikido\firewall-dotnet\aikido.zen.test\bin\release\net9.0\aikido.zen.tests.dll" id="9f0e753b-8ae6-f72a-73ad-778e859af528">
      <Execution id="e916360d-5ed5-4abd-b95e-988ca3ee0224" />
      <TestMethod codeBase="C:\projects\Aikido\firewall-dotnet\Aikido.Zen.Test\bin\Release\net9.0\Aikido.Zen.Tests.dll" adapterTypeName="executor://nunit3testexecutor/" className="Aikido.Zen.Test.ShellInjectionDetectorTests" name="Test_INJECTION: Dangerous command reboot" />
    </UnitTest>
    <UnitTest name="IsRouteParameter_ShouldReturnExpectedResult(&quot;thing={value}&quot;,False)" storage="c:\projects\aikido\firewall-dotnet\aikido.zen.test\bin\release\net9.0\aikido.zen.tests.dll" id="f87789bb-fc86-cec4-3765-afb34b06d330">
      <Execution id="070e18ef-de49-49d5-b09f-69ba9c8db0ab" />
      <TestMethod codeBase="C:\projects\Aikido\firewall-dotnet\Aikido.Zen.Test\bin\Release\net9.0\Aikido.Zen.Tests.dll" adapterTypeName="executor://nunit3testexecutor/" className="Aikido.Zen.Test.Helpers.RouteHelperTests" name="IsRouteParameter_ShouldReturnExpectedResult(&quot;thing={value}&quot;,False)" />
    </UnitTest>
    <UnitTest name="MatchRoute_ShouldReturnExpectedResult(&quot;path/to/file.txt&quot;,&quot;path/to/file.txt#section&quot;,True)" storage="c:\projects\aikido\firewall-dotnet\aikido.zen.test\bin\release\net9.0\aikido.zen.tests.dll" id="b9118fc9-476d-50e4-095e-d07f54d5ca4a">
      <Execution id="356a9203-ec86-401a-ba24-9a076b024330" />
      <TestMethod codeBase="C:\projects\Aikido\firewall-dotnet\Aikido.Zen.Test\bin\Release\net9.0\Aikido.Zen.Tests.dll" adapterTypeName="executor://nunit3testexecutor/" className="Aikido.Zen.Test.Helpers.RouteHelperTests" name="MatchRoute_ShouldReturnExpectedResult(&quot;path/to/file.txt&quot;,&quot;path/to/file.txt#section&quot;,True)" />
    </UnitTest>
    <UnitTest name="GetInfo_NotServerless_WhenNoServerlessEnvironmentVariables" storage="c:\projects\aikido\firewall-dotnet\aikido.zen.test\bin\release\net9.0\aikido.zen.tests.dll" id="d75e83e9-258e-2286-7a15-5a75ab1246f4">
      <Execution id="9d805904-9f31-48e7-a868-2dfcdfff60ef" />
      <TestMethod codeBase="C:\projects\Aikido\firewall-dotnet\Aikido.Zen.Test\bin\Release\net9.0\Aikido.Zen.Tests.dll" adapterTypeName="executor://nunit3testexecutor/" className="Aikido.Zen.Test.Helpers.AgentInfoHelperTests" name="GetInfo_NotServerless_WhenNoServerlessEnvironmentVariables" />
    </UnitTest>
    <UnitTest name="GetStringFormat_WithValidDate_ReturnsDateFormat" storage="c:\projects\aikido\firewall-dotnet\aikido.zen.test\bin\release\net9.0\aikido.zen.tests.dll" id="aa6c050f-565e-5b51-d8fe-02eb7c1dc38e">
      <Execution id="8ff60a4a-b062-4daf-ac3f-717a1cd4ddf1" />
      <TestMethod codeBase="C:\projects\Aikido\firewall-dotnet\Aikido.Zen.Test\bin\Release\net9.0\Aikido.Zen.Tests.dll" adapterTypeName="executor://nunit3testexecutor/" className="Aikido.Zen.Test.Helpers.StringFormatHelperTests" name="GetStringFormat_WithValidDate_ReturnsDateFormat" />
    </UnitTest>
    <UnitTest name="GetStringFormat_WithInvalidString_ReturnsNull" storage="c:\projects\aikido\firewall-dotnet\aikido.zen.test\bin\release\net9.0\aikido.zen.tests.dll" id="449b56b7-4b05-e089-98b5-8f26a61191d6">
      <Execution id="5b45862a-bc61-4954-978d-534d2ad1857e" />
      <TestMethod codeBase="C:\projects\Aikido\firewall-dotnet\Aikido.Zen.Test\bin\Release\net9.0\Aikido.Zen.Tests.dll" adapterTypeName="executor://nunit3testexecutor/" className="Aikido.Zen.Test.Helpers.StringFormatHelperTests" name="GetStringFormat_WithInvalidString_ReturnsNull" />
    </UnitTest>
    <UnitTest name="ToJsonObj_ShouldHandleTrueFalseNull" storage="c:\projects\aikido\firewall-dotnet\aikido.zen.test\bin\release\net9.0\aikido.zen.tests.dll" id="7fe5f11e-826b-457b-b091-3a7bf7e74ade">
      <Execution id="c3e5cd19-4647-4db5-86fd-f6a181480a68" />
      <TestMethod codeBase="C:\projects\Aikido\firewall-dotnet\Aikido.Zen.Test\bin\Release\net9.0\Aikido.Zen.Tests.dll" adapterTypeName="executor://nunit3testexecutor/" className="Aikido.Zen.Test.Helpers.HttpHelperTests" name="ToJsonObj_ShouldHandleTrueFalseNull" />
    </UnitTest>
    <UnitTest name="MatchRoute_ShouldReturnExpectedResult(&quot;/api/{id}/details/{subId}/info?query=1&quot;,&quot;/api/123/details/456/info?query=2&quot;,True)" storage="c:\projects\aikido\firewall-dotnet\aikido.zen.test\bin\release\net9.0\aikido.zen.tests.dll" id="3462dc94-0c55-4ea0-5d05-c8bbad928de8">
      <Execution id="c3e60afe-efe8-48a6-8589-4b695be9c66b" />
      <TestMethod codeBase="C:\projects\Aikido\firewall-dotnet\Aikido.Zen.Test\bin\Release\net9.0\Aikido.Zen.Tests.dll" adapterTypeName="executor://nunit3testexecutor/" className="Aikido.Zen.Test.Helpers.RouteHelperTests" name="MatchRoute_ShouldReturnExpectedResult(&quot;/api/{id}/details/{subId}/info?query=1&quot;,&quot;/api/123/details/456/info?query=2&quot;,True)" />
    </UnitTest>
    <UnitTest name="GetStringFormat_WithUriString_ReturnsUriFormat" storage="c:\projects\aikido\firewall-dotnet\aikido.zen.test\bin\release\net9.0\aikido.zen.tests.dll" id="6fb350c5-32e1-58df-7bd3-badbbdd5cd16">
      <Execution id="15b3825b-3452-4564-988b-ea189c1d4cbd" />
      <TestMethod codeBase="C:\projects\Aikido\firewall-dotnet\Aikido.Zen.Test\bin\Release\net9.0\Aikido.Zen.Tests.dll" adapterTypeName="executor://nunit3testexecutor/" className="Aikido.Zen.Test.Helpers.StringFormatHelperTests" name="GetStringFormat_WithUriString_ReturnsUriFormat" />
    </UnitTest>
    <UnitTest name="GetDialect_ShouldReturnCorrectDialect(&quot;System.Data.SqlClient&quot;,MicrosoftSQL)" storage="c:\projects\aikido\firewall-dotnet\aikido.zen.test\bin\release\net9.0\aikido.zen.tests.dll" id="7133f6bc-d05d-6ad4-648c-1d3b34ac544f">
      <Execution id="b158130a-ae23-4264-9b94-8742cfbf6120" />
      <TestMethod codeBase="C:\projects\Aikido\firewall-dotnet\Aikido.Zen.Test\bin\Release\net9.0\Aikido.Zen.Tests.dll" adapterTypeName="executor://nunit3testexecutor/" className="Aikido.Zen.Test.SqlClientPatcherTests" name="GetDialect_ShouldReturnCorrectDialect(&quot;System.Data.SqlClient&quot;,MicrosoftSQL)" />
    </UnitTest>
    <UnitTest name="OnFileOperation_WithSafePathAndNoMatchingUserInput_ReturnsTrue" storage="c:\projects\aikido\firewall-dotnet\aikido.zen.test\bin\release\net9.0\aikido.zen.tests.dll" id="9219840b-9345-a2d1-a4c7-badfb7fe6df7">
      <Execution id="52ea4499-2e17-40a2-b71e-433acfbf138e" />
      <TestMethod codeBase="C:\projects\Aikido\firewall-dotnet\Aikido.Zen.Test\bin\Release\net9.0\Aikido.Zen.Tests.dll" adapterTypeName="executor://nunit3testexecutor/" className="Aikido.Zen.Test.IOPatcherTests" name="OnFileOperation_WithSafePathAndNoMatchingUserInput_ReturnsTrue" />
    </UnitTest>
    <UnitTest name="OnAbortedRequest_IncrementsRequestAborted" storage="c:\projects\aikido\firewall-dotnet\aikido.zen.test\bin\release\net9.0\aikido.zen.tests.dll" id="1bafe4fd-4d03-6874-f899-530861d9efe3">
      <Execution id="625eb7d6-bad3-4efc-8b6f-0819b87355dc" />
      <TestMethod codeBase="C:\projects\Aikido\firewall-dotnet\Aikido.Zen.Test\bin\Release\net9.0\Aikido.Zen.Tests.dll" adapterTypeName="executor://nunit3testexecutor/" className="Aikido.Zen.Test.StatsTests" name="OnAbortedRequest_IncrementsRequestAborted" />
    </UnitTest>
    <UnitTest name="IsUserAgentBlocked_WithNonBlockedUserAgent_ReturnsFalse" storage="c:\projects\aikido\firewall-dotnet\aikido.zen.test\bin\release\net9.0\aikido.zen.tests.dll" id="6d0d439b-2ed1-9641-902d-f455ab0ded93">
      <Execution id="59d805e6-7701-4543-87ab-7e9aac6717a6" />
      <TestMethod codeBase="C:\projects\Aikido\firewall-dotnet\Aikido.Zen.Test\bin\Release\net9.0\Aikido.Zen.Tests.dll" adapterTypeName="executor://nunit3testexecutor/" className="Aikido.Zen.Test.AgentConfigurationTests" name="IsUserAgentBlocked_WithNonBlockedUserAgent_ReturnsFalse" />
    </UnitTest>
    <UnitTest name="DetectPathTraversal_WithSinglePath(&quot;../test.txt&quot;,True)" storage="c:\projects\aikido\firewall-dotnet\aikido.zen.test\bin\release\net9.0\aikido.zen.tests.dll" id="3db1623a-2e4e-54fd-65a8-f6dd7aabb5a3">
      <Execution id="c9748e54-6754-4674-be7c-8ec2f02a8fde" />
      <TestMethod codeBase="C:\projects\Aikido\firewall-dotnet\Aikido.Zen.Test\bin\Release\net9.0\Aikido.Zen.Tests.dll" adapterTypeName="executor://nunit3testexecutor/" className="Aikido.Zen.Test.Helpers.PathTraversalHelperTests" name="DetectPathTraversal_WithSinglePath(&quot;../test.txt&quot;,True)" />
    </UnitTest>
    <UnitTest name="UpdateApiInfo_ErrorHandling_ExitsGracefully" storage="c:\projects\aikido\firewall-dotnet\aikido.zen.test\bin\release\net9.0\aikido.zen.tests.dll" id="a9413362-9e7e-4224-488f-9a31bc3960a1">
      <Execution id="ffaf5178-eab9-4e8f-b5bd-3d1a8844ae5b" />
      <TestMethod codeBase="C:\projects\Aikido\firewall-dotnet\Aikido.Zen.Test\bin\Release\net9.0\Aikido.Zen.Tests.dll" adapterTypeName="executor://nunit3testexecutor/" className="Aikido.Zen.Test.Helpers.ApiInfoHelperTests" name="UpdateApiInfo_ErrorHandling_ExitsGracefully" />
    </UnitTest>
    <UnitTest name="MatchEndpoints_InvalidUrlAndNoRoute_ShouldReturnEmptyList" storage="c:\projects\aikido\firewall-dotnet\aikido.zen.test\bin\release\net9.0\aikido.zen.tests.dll" id="612e3051-11c2-2a8a-be0e-aaef2904f8a2">
      <Execution id="71e6ff55-b781-47fc-a87f-94776fc69993" />
      <TestMethod codeBase="C:\projects\Aikido\firewall-dotnet\Aikido.Zen.Test\bin\Release\net9.0\Aikido.Zen.Tests.dll" adapterTypeName="executor://nunit3testexecutor/" className="Aikido.Zen.Test.Helpers.RouteHelperTests" name="MatchEndpoints_InvalidUrlAndNoRoute_ShouldReturnEmptyList" />
    </UnitTest>
    <UnitTest name="UpdateBlockedIps_ShouldUpdateBlockedSubnets" storage="c:\projects\aikido\firewall-dotnet\aikido.zen.test\bin\release\net9.0\aikido.zen.tests.dll" id="12d6e844-ca10-0fa8-fdb1-c4ee28d65daa">
      <Execution id="a66b4931-963b-4b22-8f79-d1d6dadf5e6c" />
      <TestMethod codeBase="C:\projects\Aikido\firewall-dotnet\Aikido.Zen.Test\bin\Release\net9.0\Aikido.Zen.Tests.dll" adapterTypeName="executor://nunit3testexecutor/" className="Aikido.Zen.Test.AgentContextTests" name="UpdateBlockedIps_ShouldUpdateBlockedSubnets" />
    </UnitTest>
    <UnitTest name="AddRoute_WithInvalidContext_DoesNotAddToRoutes" storage="c:\projects\aikido\firewall-dotnet\aikido.zen.test\bin\release\net9.0\aikido.zen.tests.dll" id="e20c698e-23e5-605c-12c5-7cc57fdacb0f">
      <Execution id="3b6b88c4-22bd-460e-90bc-c385399424e5" />
      <TestMethod codeBase="C:\projects\Aikido\firewall-dotnet\Aikido.Zen.Test\bin\Release\net9.0\Aikido.Zen.Tests.dll" adapterTypeName="executor://nunit3testexecutor/" className="Aikido.Zen.Test.AgentContextTests" name="AddRoute_WithInvalidContext_DoesNotAddToRoutes" />
    </UnitTest>
    <UnitTest name="UpdateApiInfo_NewAuthInfo_UpdatesAuthCorrectly" storage="c:\projects\aikido\firewall-dotnet\aikido.zen.test\bin\release\net9.0\aikido.zen.tests.dll" id="3aac6173-2500-28d9-aa27-a2996ba9628b">
      <Execution id="d4a56881-1e28-451b-8c48-e418a830a744" />
      <TestMethod codeBase="C:\projects\Aikido\firewall-dotnet\Aikido.Zen.Test\bin\Release\net9.0\Aikido.Zen.Tests.dll" adapterTypeName="executor://nunit3testexecutor/" className="Aikido.Zen.Test.Helpers.ApiInfoHelperTests" name="UpdateApiInfo_NewAuthInfo_UpdatesAuthCorrectly" />
    </UnitTest>
    <UnitTest name="ToCidrString_ShouldReturnCidrRange_WhenIpRangeProvided" storage="c:\projects\aikido\firewall-dotnet\aikido.zen.test\bin\release\net9.0\aikido.zen.tests.dll" id="83644f92-c639-7c17-365b-363c2a082632">
      <Execution id="a0eab811-1554-419d-8d19-275fb13df981" />
      <TestMethod codeBase="C:\projects\Aikido\firewall-dotnet\Aikido.Zen.Test\bin\Release\net9.0\Aikido.Zen.Tests.dll" adapterTypeName="executor://nunit3testexecutor/" className="Aikido.Zen.Test.Helpers.IPHelperTests" name="ToCidrString_ShouldReturnCidrRange_WhenIpRangeProvided" />
    </UnitTest>
    <UnitTest name="Test_SAFE: Special character * within quotes" storage="c:\projects\aikido\firewall-dotnet\aikido.zen.test\bin\release\net9.0\aikido.zen.tests.dll" id="341eddb9-24ef-ef3e-7f52-dc2bf0d9b16e">
      <Execution id="efca72a6-5d06-4df1-9193-873d211697d9" />
      <TestMethod codeBase="C:\projects\Aikido\firewall-dotnet\Aikido.Zen.Test\bin\Release\net9.0\Aikido.Zen.Tests.dll" adapterTypeName="executor://nunit3testexecutor/" className="Aikido.Zen.Test.ShellInjectionDetectorTests" name="Test_SAFE: Special character * within quotes" />
    </UnitTest>
    <UnitTest name="CaptureRequest_WithNullBaseAddress_UsesRequestUri" storage="c:\projects\aikido\firewall-dotnet\aikido.zen.test\bin\release\net9.0\aikido.zen.tests.dll" id="00b36dc3-e770-6765-d35d-d0e3e58b069c">
      <Execution id="e0d175ef-0d76-401d-9602-9edd95960707" />
      <TestMethod codeBase="C:\projects\Aikido\firewall-dotnet\Aikido.Zen.Test\bin\Release\net9.0\Aikido.Zen.Tests.dll" adapterTypeName="executor://nunit3testexecutor/" className="Aikido.Zen.Test.HttpClientPatchTests" name="CaptureRequest_WithNullBaseAddress_UsesRequestUri" />
    </UnitTest>
    <UnitTest name="PathIsSingleRouteParameter_VariousPaths_ReturnsExpectedResult(&quot;/&quot;,True)" storage="c:\projects\aikido\firewall-dotnet\aikido.zen.test\bin\release\net9.0\aikido.zen.tests.dll" id="ec1c9315-da76-89c2-65d7-f0c755f8b0bb">
      <Execution id="f724fc03-78ad-4a2d-87c9-ce77455730bc" />
      <TestMethod codeBase="C:\projects\Aikido\firewall-dotnet\Aikido.Zen.Test\bin\Release\net9.0\Aikido.Zen.Tests.dll" adapterTypeName="executor://nunit3testexecutor/" className="Aikido.Zen.Test.Helpers.RouteHelperTests" name="PathIsSingleRouteParameter_VariousPaths_ReturnsExpectedResult(&quot;/&quot;,True)" />
    </UnitTest>
    <UnitTest name="Test_SAFE: Newline characters within quotes" storage="c:\projects\aikido\firewall-dotnet\aikido.zen.test\bin\release\net9.0\aikido.zen.tests.dll" id="991cd43f-0e51-7883-0450-6e90fc9cb741">
      <Execution id="5020b8cd-a7bc-4a37-ba89-f8579167b64a" />
      <TestMethod codeBase="C:\projects\Aikido\firewall-dotnet\Aikido.Zen.Test\bin\Release\net9.0\Aikido.Zen.Tests.dll" adapterTypeName="executor://nunit3testexecutor/" className="Aikido.Zen.Test.ShellInjectionDetectorTests" name="Test_SAFE: Newline characters within quotes" />
    </UnitTest>
    <UnitTest name="Test_Absolute path different files" storage="c:\projects\aikido\firewall-dotnet\aikido.zen.test\bin\release\net9.0\aikido.zen.tests.dll" id="d27234fe-2ae7-6024-2969-9dd2367a10a3">
      <Execution id="3e167db3-34af-4b52-bc80-9e7471682b5e" />
      <TestMethod codeBase="C:\projects\Aikido\firewall-dotnet\Aikido.Zen.Test\bin\Release\net9.0\Aikido.Zen.Tests.dll" adapterTypeName="executor://nunit3testexecutor/" className="Aikido.Zen.Test.PathTraversalDetectorTests" name="Test_Absolute path different files" />
    </UnitTest>
    <UnitTest name="Test_URL encoded traversal" storage="c:\projects\aikido\firewall-dotnet\aikido.zen.test\bin\release\net9.0\aikido.zen.tests.dll" id="00e00be4-56f3-efed-8652-8c256d504c71">
      <Execution id="713f2604-8352-4ba7-b735-e98593ae5e2c" />
      <TestMethod codeBase="C:\projects\Aikido\firewall-dotnet\Aikido.Zen.Test\bin\Release\net9.0\Aikido.Zen.Tests.dll" adapterTypeName="executor://nunit3testexecutor/" className="Aikido.Zen.Test.PathTraversalDetectorTests" name="Test_URL encoded traversal" />
    </UnitTest>
    <UnitTest name="CaptureRequest_WithBaseAddressAndNullRequestUri_UsesBaseAddress" storage="c:\projects\aikido\firewall-dotnet\aikido.zen.test\bin\release\net9.0\aikido.zen.tests.dll" id="29abbccd-ad31-5851-d050-d204dbdde6f5">
      <Execution id="9173c085-ab4f-4b49-b887-5d58065223cf" />
      <TestMethod codeBase="C:\projects\Aikido\firewall-dotnet\Aikido.Zen.Test\bin\Release\net9.0\Aikido.Zen.Tests.dll" adapterTypeName="executor://nunit3testexecutor/" className="Aikido.Zen.Test.HttpClientPatchTests" name="CaptureRequest_WithBaseAddressAndNullRequestUri_UsesBaseAddress" />
    </UnitTest>
    <UnitTest name="LooksLikeASecret_VeryLongString_ReturnsTrue" storage="c:\projects\aikido\firewall-dotnet\aikido.zen.test\bin\release\net9.0\aikido.zen.tests.dll" id="37f8e587-33f7-d712-efeb-8920ad7deade">
      <Execution id="f0d88c7b-5517-4e2a-8a55-ae1eeafb0099" />
      <TestMethod codeBase="C:\projects\Aikido\firewall-dotnet\Aikido.Zen.Test\bin\Release\net9.0\Aikido.Zen.Tests.dll" adapterTypeName="executor://nunit3testexecutor/" className="Aikido.Zen.Test.Helpers.RouteParameterHelperTests" name="LooksLikeASecret_VeryLongString_ReturnsTrue" />
    </UnitTest>
    <UnitTest name="Ips_WithEmptyBlockedIpLists_ReturnsEmptyCollection" storage="c:\projects\aikido\firewall-dotnet\aikido.zen.test\bin\release\net9.0\aikido.zen.tests.dll" id="c587d179-7b41-dfa5-8bbe-5e1d2e65dbcd">
      <Execution id="21a526b9-95fb-4426-acda-3415cb7f4321" />
      <TestMethod codeBase="C:\projects\Aikido\firewall-dotnet\Aikido.Zen.Test\bin\Release\net9.0\Aikido.Zen.Tests.dll" adapterTypeName="executor://nunit3testexecutor/" className="Aikido.Zen.Test.BlockedIpsAPIResponseTests" name="Ips_WithEmptyBlockedIpLists_ReturnsEmptyCollection" />
    </UnitTest>
    <UnitTest name="ShouldAddRoute_RouteIsNull_ShouldReturnExpectedResult(null,&quot;OPTIONS&quot;,200,False)" storage="c:\projects\aikido\firewall-dotnet\aikido.zen.test\bin\release\net9.0\aikido.zen.tests.dll" id="5ba4b920-23c4-1815-0b1c-7d3defee99f3">
      <Execution id="c5202de7-45f1-4081-83fa-c1a87af6ec19" />
      <TestMethod codeBase="C:\projects\Aikido\firewall-dotnet\Aikido.Zen.Test\bin\Release\net9.0\Aikido.Zen.Tests.dll" adapterTypeName="executor://nunit3testexecutor/" className="Aikido.Zen.Test.Helpers.RouteHelperTests" name="ShouldAddRoute_RouteIsNull_ShouldReturnExpectedResult(null,&quot;OPTIONS&quot;,200,False)" />
    </UnitTest>
    <UnitTest name="ShouldAddRoute_ShouldReturnExpectedResult(&quot;/.well-known/security.txt&quot;,&quot;GET&quot;,200,False)" storage="c:\projects\aikido\firewall-dotnet\aikido.zen.test\bin\release\net9.0\aikido.zen.tests.dll" id="0bc64e77-6a9c-ae78-bff0-742de30b70ae">
      <Execution id="31266b0b-ce36-4cfd-a370-6661f897ec64" />
      <TestMethod codeBase="C:\projects\Aikido\firewall-dotnet\Aikido.Zen.Test\bin\Release\net9.0\Aikido.Zen.Tests.dll" adapterTypeName="executor://nunit3testexecutor/" className="Aikido.Zen.Test.Helpers.RouteHelperTests" name="ShouldAddRoute_ShouldReturnExpectedResult(&quot;/.well-known/security.txt&quot;,&quot;GET&quot;,200,False)" />
    </UnitTest>
    <UnitTest name="Test_SAFE: Encapsulated command substitution" storage="c:\projects\aikido\firewall-dotnet\aikido.zen.test\bin\release\net9.0\aikido.zen.tests.dll" id="403bee8f-160a-81a1-d4e9-a5525ea20cc1">
      <Execution id="5d747a35-0dc7-4123-b309-f0d99b3b8b97" />
      <TestMethod codeBase="C:\projects\Aikido\firewall-dotnet\Aikido.Zen.Test\bin\Release\net9.0\Aikido.Zen.Tests.dll" adapterTypeName="executor://nunit3testexecutor/" className="Aikido.Zen.Test.ShellInjectionDetectorTests" name="Test_SAFE: Encapsulated command substitution" />
    </UnitTest>
    <UnitTest name="ReportingApiClient_ReportAsync_ShouldReturnSuccess" storage="c:\projects\aikido\firewall-dotnet\aikido.zen.test\bin\release\net9.0\aikido.zen.tests.dll" id="df3b8b41-f741-c322-9834-731bc48ca664">
      <Execution id="01ca2808-b563-4611-b368-85398501bb0a" />
      <TestMethod codeBase="C:\projects\Aikido\firewall-dotnet\Aikido.Zen.Test\bin\Release\net9.0\Aikido.Zen.Tests.dll" adapterTypeName="executor://nunit3testexecutor/" className="Aikido.Zen.Test.ZenApiTests" name="ReportingApiClient_ReportAsync_ShouldReturnSuccess" />
    </UnitTest>
    <UnitTest name="BuildRouteFromUrl_InvalidUrls_ReturnsNull" storage="c:\projects\aikido\firewall-dotnet\aikido.zen.test\bin\release\net9.0\aikido.zen.tests.dll" id="b2fa9d7a-2123-a5ae-3387-221b98961f1b">
      <Execution id="f9f1a39f-de06-4037-979d-74c7d0e889f4" />
      <TestMethod codeBase="C:\projects\Aikido\firewall-dotnet\Aikido.Zen.Test\bin\Release\net9.0\Aikido.Zen.Tests.dll" adapterTypeName="executor://nunit3testexecutor/" className="Aikido.Zen.Test.Helpers.RouteParameterHelperTests" name="BuildRouteFromUrl_InvalidUrls_ReturnsNull" />
    </UnitTest>
    <UnitTest name="IsUserBlocked_WithNonBlockedUser_ReturnsFalse" storage="c:\projects\aikido\firewall-dotnet\aikido.zen.test\bin\release\net9.0\aikido.zen.tests.dll" id="f0ad4570-5631-ccb5-f73d-7be8bf9f394e">
      <Execution id="9c804dbe-e5e2-453e-8f9a-503f5b7ae6b0" />
      <TestMethod codeBase="C:\projects\Aikido\firewall-dotnet\Aikido.Zen.Test\bin\Release\net9.0\Aikido.Zen.Tests.dll" adapterTypeName="executor://nunit3testexecutor/" className="Aikido.Zen.Test.AgentConfigurationTests" name="IsUserBlocked_WithNonBlockedUser_ReturnsFalse" />
    </UnitTest>
    <UnitTest name="IsIPAllowed_WithEmptyAllowedIpAddresses_ShouldAllowIP" storage="c:\projects\aikido\firewall-dotnet\aikido.zen.test\bin\release\net9.0\aikido.zen.tests.dll" id="b0288b10-ad18-a2a4-6f1a-8210337c7e9a">
      <Execution id="f2edd3a4-9b13-46ac-a5f0-91da592f0b1b" />
      <TestMethod codeBase="C:\projects\Aikido\firewall-dotnet\Aikido.Zen.Test\bin\Release\net9.0\Aikido.Zen.Tests.dll" adapterTypeName="executor://nunit3testexecutor/" className="Aikido.Zen.Test.BlockListTests" name="IsIPAllowed_WithEmptyAllowedIpAddresses_ShouldAllowIP" />
    </UnitTest>
    <UnitTest name="ShouldHandleTTLExpiration" storage="c:\projects\aikido\firewall-dotnet\aikido.zen.test\bin\release\net9.0\aikido.zen.tests.dll" id="6eb81c38-633d-1253-dccc-64b7983ad2bf">
      <Execution id="a491eacf-56b5-48b3-9073-ec94b1f59e61" />
      <TestMethod codeBase="C:\projects\Aikido\firewall-dotnet\Aikido.Zen.Test\bin\Release\net9.0\Aikido.Zen.Tests.dll" adapterTypeName="executor://nunit3testexecutor/" className="Aikido.Zen.Test.Helpers.RateLimitingHelperTests" name="ShouldHandleTTLExpiration" />
    </UnitTest>
    <UnitTest name="Test_7_ATTACK: Microsoft SQL injection with multiple values" storage="c:\projects\aikido\firewall-dotnet\aikido.zen.test\bin\release\net9.0\aikido.zen.tests.dll" id="73250ec6-ba75-ff12-4e7b-19ad66b465ec">
      <Execution id="84f4d288-9e46-4076-85f3-80216a71e922" />
      <TestMethod codeBase="C:\projects\Aikido\firewall-dotnet\Aikido.Zen.Test\bin\Release\net9.0\Aikido.Zen.Tests.dll" adapterTypeName="executor://nunit3testexecutor/" className="Aikido.Zen.Test.SQLInjectionDetectorTests" name="Test_7_ATTACK: Microsoft SQL injection with multiple values" />
    </UnitTest>
    <UnitTest name="DetectSQLInjection_WithEmptyContext_ShouldReturnFalse" storage="c:\projects\aikido\firewall-dotnet\aikido.zen.test\bin\release\net9.0\aikido.zen.tests.dll" id="0a1d008e-9473-486b-802a-0e28037f3a2e">
      <Execution id="db753234-61b7-40d6-9393-d44cc1fffcd8" />
      <TestMethod codeBase="C:\projects\Aikido\firewall-dotnet\Aikido.Zen.Test\bin\Release\net9.0\Aikido.Zen.Tests.dll" adapterTypeName="executor://nunit3testexecutor/" className="Aikido.Zen.Test.Helpers.SqlCommandHelperTests" name="DetectSQLInjection_WithEmptyContext_ShouldReturnFalse" />
    </UnitTest>
    <UnitTest name="IsSafelyEncapsulated_Tests" storage="c:\projects\aikido\firewall-dotnet\aikido.zen.test\bin\release\net9.0\aikido.zen.tests.dll" id="619e3039-0058-7b55-1a78-5bf0f2221301">
      <Execution id="8d1e81dd-1f74-438b-afb9-76d8a04d3cbe" />
      <TestMethod codeBase="C:\projects\Aikido\firewall-dotnet\Aikido.Zen.Test\bin\Release\net9.0\Aikido.Zen.Tests.dll" adapterTypeName="executor://nunit3testexecutor/" className="Aikido.Zen.Test.ShellInjectionDetectorTests" name="IsSafelyEncapsulated_Tests" />
    </UnitTest>
    <UnitTest name="Constructor_CreatesValidInstance" storage="c:\projects\aikido\firewall-dotnet\aikido.zen.test\bin\release\net9.0\aikido.zen.tests.dll" id="b9613bcd-8f56-e33b-52dc-3e4c111a37a8">
      <Execution id="8415a6e5-9f41-4d30-989c-f82ab8fa7181" />
      <TestMethod codeBase="C:\projects\Aikido\firewall-dotnet\Aikido.Zen.Test\bin\Release\net9.0\Aikido.Zen.Tests.dll" adapterTypeName="executor://nunit3testexecutor/" className="Aikido.Zen.Test.ReportingAPIResponseTests" name="Constructor_CreatesValidInstance" />
    </UnitTest>
    <UnitTest name="Test_Program Files environment variable" storage="c:\projects\aikido\firewall-dotnet\aikido.zen.test\bin\release\net9.0\aikido.zen.tests.dll" id="5dc03c1b-6014-45c9-64d6-1a3e8ef83198">
      <Execution id="0556461d-8e3f-4427-8d86-13da9cc7a060" />
      <TestMethod codeBase="C:\projects\Aikido\firewall-dotnet\Aikido.Zen.Test\bin\Release\net9.0\Aikido.Zen.Tests.dll" adapterTypeName="executor://nunit3testexecutor/" className="Aikido.Zen.Test.PathTraversalDetectorTests" name="Test_Program Files environment variable" />
    </UnitTest>
    <UnitTest name="Test_INJECTION: Command chaining with &amp;&amp;" storage="c:\projects\aikido\firewall-dotnet\aikido.zen.test\bin\release\net9.0\aikido.zen.tests.dll" id="ab796fd5-9fee-dac8-bb0d-70b470b4e72f">
      <Execution id="ce7e95fd-de7a-4861-8a5e-fc7967ce6af8" />
      <TestMethod codeBase="C:\projects\Aikido\firewall-dotnet\Aikido.Zen.Test\bin\Release\net9.0\Aikido.Zen.Tests.dll" adapterTypeName="executor://nunit3testexecutor/" className="Aikido.Zen.Test.ShellInjectionDetectorTests" name="Test_INJECTION: Command chaining with &amp;&amp;" />
    </UnitTest>
    <UnitTest name="AddAttackDetectedAndBlocked_ShouldIncrementAttacksBlocked" storage="c:\projects\aikido\firewall-dotnet\aikido.zen.test\bin\release\net9.0\aikido.zen.tests.dll" id="03bacf20-f8bb-9875-7be9-4a8ac9f70beb">
      <Execution id="d0ce23b0-7e0c-452b-b6e4-1c32470f873c" />
      <TestMethod codeBase="C:\projects\Aikido\firewall-dotnet\Aikido.Zen.Test\bin\Release\net9.0\Aikido.Zen.Tests.dll" adapterTypeName="executor://nunit3testexecutor/" className="Aikido.Zen.Test.AgentContextTests" name="AddAttackDetectedAndBlocked_ShouldIncrementAttacksBlocked" />
    </UnitTest>
    <UnitTest name="AddOrUpdate_UpdatesExistingItem_AndIncrementsHits" storage="c:\projects\aikido\firewall-dotnet\aikido.zen.test\bin\release\net9.0\aikido.zen.tests.dll" id="88a777cf-8fe2-aacb-f773-d2ac04c4efdc">
      <Execution id="59805bb8-d8b7-4c52-9be3-f57903b35c90" />
      <TestMethod codeBase="C:\projects\Aikido\firewall-dotnet\Aikido.Zen.Test\bin\Release\net9.0\Aikido.Zen.Tests.dll" adapterTypeName="executor://nunit3testexecutor/" className="Aikido.Zen.Test.ConcurrentLFUDictionaryTests" name="AddOrUpdate_UpdatesExistingItem_AndIncrementsHits" />
    </UnitTest>
    <UnitTest name="Test_INJECTION: Dangerous command killall" storage="c:\projects\aikido\firewall-dotnet\aikido.zen.test\bin\release\net9.0\aikido.zen.tests.dll" id="7b4235a2-89fc-244d-8197-f6d6244f42ae">
      <Execution id="c7ec10a0-cebb-419e-a9f6-cfb3e28befd4" />
      <TestMethod codeBase="C:\projects\Aikido\firewall-dotnet\Aikido.Zen.Test\bin\Release\net9.0\Aikido.Zen.Tests.dll" adapterTypeName="executor://nunit3testexecutor/" className="Aikido.Zen.Test.ShellInjectionDetectorTests" name="Test_INJECTION: Dangerous command killall" />
    </UnitTest>
    <UnitTest name="CreateRequest_ShouldCreateValidRequest" storage="c:\projects\aikido\firewall-dotnet\aikido.zen.test\bin\release\net9.0\aikido.zen.tests.dll" id="761b56df-6e3e-b423-b67d-1e4193a96e72">
      <Execution id="a19b2c3c-8210-45cd-8a7c-cfa2f1a5a9db" />
      <TestMethod codeBase="C:\projects\Aikido\firewall-dotnet\Aikido.Zen.Test\bin\Release\net9.0\Aikido.Zen.Tests.dll" adapterTypeName="executor://nunit3testexecutor/" className="Aikido.Zen.Test.Helpers.APIHelperTests" name="CreateRequest_ShouldCreateValidRequest" />
    </UnitTest>
    <UnitTest name="Test_Absolute path with directory input and file path" storage="c:\projects\aikido\firewall-dotnet\aikido.zen.test\bin\release\net9.0\aikido.zen.tests.dll" id="30ebe934-b142-0931-4b2d-dd338dc180e5">
      <Execution id="4f9203f3-2075-42bd-9555-a0dad0669fbd" />
      <TestMethod codeBase="C:\projects\Aikido\firewall-dotnet\Aikido.Zen.Test\bin\Release\net9.0\Aikido.Zen.Tests.dll" adapterTypeName="executor://nunit3testexecutor/" className="Aikido.Zen.Test.PathTraversalDetectorTests" name="Test_Absolute path with directory input and file path" />
    </UnitTest>
    <UnitTest name="Test_SAFE: Triple spaces as user input" storage="c:\projects\aikido\firewall-dotnet\aikido.zen.test\bin\release\net9.0\aikido.zen.tests.dll" id="afc51b73-9e64-7b7e-e651-90b37889a62b">
      <Execution id="9a4acc76-9637-4cf5-b9c7-a157ada25c13" />
      <TestMethod codeBase="C:\projects\Aikido\firewall-dotnet\Aikido.Zen.Test\bin\Release\net9.0\Aikido.Zen.Tests.dll" adapterTypeName="executor://nunit3testexecutor/" className="Aikido.Zen.Test.ShellInjectionDetectorTests" name="Test_SAFE: Triple spaces as user input" />
    </UnitTest>
    <UnitTest name="Test_SAFE: User input is longer than the command" storage="c:\projects\aikido\firewall-dotnet\aikido.zen.test\bin\release\net9.0\aikido.zen.tests.dll" id="9dfb87d4-487c-773c-41c8-e8c02ed8bb1c">
      <Execution id="f068430a-fe27-4576-87c3-ec2513f08529" />
      <TestMethod codeBase="C:\projects\Aikido\firewall-dotnet\Aikido.Zen.Test\bin\Release\net9.0\Aikido.Zen.Tests.dll" adapterTypeName="executor://nunit3testexecutor/" className="Aikido.Zen.Test.ShellInjectionDetectorTests" name="Test_SAFE: User input is longer than the command" />
    </UnitTest>
    <UnitTest name="IsIpInRange_ShouldWorkWithZeroAddress" storage="c:\projects\aikido\firewall-dotnet\aikido.zen.test\bin\release\net9.0\aikido.zen.tests.dll" id="48e055db-e6e2-b900-a271-301c1a54c734">
      <Execution id="0b1d3811-a0f6-48da-8b1e-5c14656c6887" />
      <TestMethod codeBase="C:\projects\Aikido\firewall-dotnet\Aikido.Zen.Test\bin\Release\net9.0\Aikido.Zen.Tests.dll" adapterTypeName="executor://nunit3testexecutor/" className="Aikido.Zen.Test.IPRangeTests" name="IsIpInRange_ShouldWorkWithZeroAddress" />
    </UnitTest>
    <UnitTest name="ProcessSingleEvent_OnException_RequeuesEventAndDelays" storage="c:\projects\aikido\firewall-dotnet\aikido.zen.test\bin\release\net9.0\aikido.zen.tests.dll" id="51c89e9f-47a8-05ef-5777-9e09f2ddfc7c">
      <Execution id="0ff527ac-24ce-417c-ae4c-257475a795f9" />
      <TestMethod codeBase="C:\projects\Aikido\firewall-dotnet\Aikido.Zen.Test\bin\Release\net9.0\Aikido.Zen.Tests.dll" adapterTypeName="executor://nunit3testexecutor/" className="Aikido.Zen.Test.AgentTests" name="ProcessSingleEvent_OnException_RequeuesEventAndDelays" />
    </UnitTest>
    <UnitTest name="Test_SAFE: Constants with semicolons that are clearly non-executable" storage="c:\projects\aikido\firewall-dotnet\aikido.zen.test\bin\release\net9.0\aikido.zen.tests.dll" id="b63aae22-1599-9ed9-14db-e30e50642fdc">
      <Execution id="9f998f1a-543c-47c5-8f67-a8bfa2977b67" />
      <TestMethod codeBase="C:\projects\Aikido\firewall-dotnet\Aikido.Zen.Test\bin\Release\net9.0\Aikido.Zen.Tests.dll" adapterTypeName="executor://nunit3testexecutor/" className="Aikido.Zen.Test.ShellInjectionDetectorTests" name="Test_SAFE: Constants with semicolons that are clearly non-executable" />
    </UnitTest>
    <UnitTest name="ReportAsync_ShouldReturnSuccess" storage="c:\projects\aikido\firewall-dotnet\aikido.zen.test\bin\release\net9.0\aikido.zen.tests.dll" id="c5af787c-c61b-1e04-109b-4a7fae295b90">
      <Execution id="83b8b70a-1129-4fc7-a47c-fda3306c5b20" />
      <TestMethod codeBase="C:\projects\Aikido\firewall-dotnet\Aikido.Zen.Test\bin\Release\net9.0\Aikido.Zen.Tests.dll" adapterTypeName="executor://nunit3testexecutor/" className="Aikido.Zen.Test.ReportingAPiClientTests" name="ReportAsync_ShouldReturnSuccess" />
    </UnitTest>
    <UnitTest name="ToCidrString_ShouldReturnMultipleCidrs_WhenNonContiguousIpRangeProvided" storage="c:\projects\aikido\firewall-dotnet\aikido.zen.test\bin\release\net9.0\aikido.zen.tests.dll" id="55146ed0-34e7-4cef-c70f-a37019dfcf45">
      <Execution id="800c19b9-39ee-4dd4-a3d1-7e15d1823eb8" />
      <TestMethod codeBase="C:\projects\Aikido\firewall-dotnet\Aikido.Zen.Test\bin\Release\net9.0\Aikido.Zen.Tests.dll" adapterTypeName="executor://nunit3testexecutor/" className="Aikido.Zen.Test.Helpers.IPHelperTests" name="ToCidrString_ShouldReturnMultipleCidrs_WhenNonContiguousIpRangeProvided" />
    </UnitTest>
    <UnitTest name="GetApiInfo_WithPrimitiveArrayBody_ReturnsCorrectSpec" storage="c:\projects\aikido\firewall-dotnet\aikido.zen.test\bin\release\net9.0\aikido.zen.tests.dll" id="ba89a58b-8ac8-0e21-8bb0-0739d156a9de">
      <Execution id="0dbb9c1b-c372-440f-8e62-13edd766c5c4" />
      <TestMethod codeBase="C:\projects\Aikido\firewall-dotnet\Aikido.Zen.Test\bin\Release\net9.0\Aikido.Zen.Tests.dll" adapterTypeName="executor://nunit3testexecutor/" className="Aikido.Zen.Test.Helpers.ApiInfoHelperTests" name="GetApiInfo_WithPrimitiveArrayBody_ReturnsCorrectSpec" />
    </UnitTest>
    <UnitTest name="ShouldAddRoute_EdgeCases_ShouldReturnExpectedResult(&quot;&quot;,&quot;GET&quot;,200,True)" storage="c:\projects\aikido\firewall-dotnet\aikido.zen.test\bin\release\net9.0\aikido.zen.tests.dll" id="9be4379b-cb00-cd9c-2d3d-e8fb14f394da">
      <Execution id="99275b89-91b0-490d-8413-19a01eaa3f83" />
      <TestMethod codeBase="C:\projects\Aikido\firewall-dotnet\Aikido.Zen.Test\bin\Release\net9.0\Aikido.Zen.Tests.dll" adapterTypeName="executor://nunit3testexecutor/" className="Aikido.Zen.Test.Helpers.RouteHelperTests" name="ShouldAddRoute_EdgeCases_ShouldReturnExpectedResult(&quot;&quot;,&quot;GET&quot;,200,True)" />
    </UnitTest>
    <UnitTest name="FlattenJson_ShouldHandleObjectsAndArrays" storage="c:\projects\aikido\firewall-dotnet\aikido.zen.test\bin\release\net9.0\aikido.zen.tests.dll" id="1f7e74c2-cc7f-7622-167c-76cb372c2d93">
      <Execution id="f7a2e961-aa93-40d9-a880-1e2d72b7683b" />
      <TestMethod codeBase="C:\projects\Aikido\firewall-dotnet\Aikido.Zen.Test\bin\Release\net9.0\Aikido.Zen.Tests.dll" adapterTypeName="executor://nunit3testexecutor/" className="Aikido.Zen.Test.Helpers.HttpHelperTests" name="FlattenJson_ShouldHandleObjectsAndArrays" />
    </UnitTest>
    <UnitTest name="CaptureRequest_WithNullUri_ThrowsException" storage="c:\projects\aikido\firewall-dotnet\aikido.zen.test\bin\release\net9.0\aikido.zen.tests.dll" id="7a812f6c-40ae-fbea-ca32-c30d57955ffb">
      <Execution id="06dbdb4d-248a-4eb6-9761-48f8436fd1e7" />
      <TestMethod codeBase="C:\projects\Aikido\firewall-dotnet\Aikido.Zen.Test\bin\Release\net9.0\Aikido.Zen.Tests.dll" adapterTypeName="executor://nunit3testexecutor/" className="Aikido.Zen.Test.HttpWebRequestPatchTests" name="CaptureRequest_WithNullUri_ThrowsException" />
    </UnitTest>
    <UnitTest name="IsUserAgentBlocked_ShouldReturnTrue_WhenUserAgentIsBlocked" storage="c:\projects\aikido\firewall-dotnet\aikido.zen.test\bin\release\net9.0\aikido.zen.tests.dll" id="cc7ca5e5-642c-3844-4002-9ed9e0afb328">
      <Execution id="e8dc4fa0-dc6b-4a74-9367-de2c242e866f" />
      <TestMethod codeBase="C:\projects\Aikido\firewall-dotnet\Aikido.Zen.Test\bin\Release\net9.0\Aikido.Zen.Tests.dll" adapterTypeName="executor://nunit3testexecutor/" className="Aikido.Zen.Test.AgentContextTests" name="IsUserAgentBlocked_ShouldReturnTrue_WhenUserAgentIsBlocked" />
    </UnitTest>
    <UnitTest name="MatchRoute_EdgeCases_ShouldReturnExpectedResult(&quot;/api/RESOURCE&quot;,&quot;/api/resource&quot;,True)" storage="c:\projects\aikido\firewall-dotnet\aikido.zen.test\bin\release\net9.0\aikido.zen.tests.dll" id="5a04f65b-3f72-fb1e-7262-4ffb53c2468a">
      <Execution id="5b942e7e-d5cf-4584-ae8e-1a598565cb04" />
      <TestMethod codeBase="C:\projects\Aikido\firewall-dotnet\Aikido.Zen.Test\bin\Release\net9.0\Aikido.Zen.Tests.dll" adapterTypeName="executor://nunit3testexecutor/" className="Aikido.Zen.Test.Helpers.RouteHelperTests" name="MatchRoute_EdgeCases_ShouldReturnExpectedResult(&quot;/api/RESOURCE&quot;,&quot;/api/resource&quot;,True)" />
    </UnitTest>
    <UnitTest name="Exception_ShouldPreserveStackTrace" storage="c:\projects\aikido\firewall-dotnet\aikido.zen.test\bin\release\net9.0\aikido.zen.tests.dll" id="fcc93c55-62b9-aa6e-14bc-b11e0fb01d8e">
      <Execution id="5ced3713-2e79-4d1b-ab0a-703fd9404a8a" />
      <TestMethod codeBase="C:\projects\Aikido\firewall-dotnet\Aikido.Zen.Test\bin\Release\net9.0\Aikido.Zen.Tests.dll" adapterTypeName="executor://nunit3testexecutor/" className="Aikido.Zen.Test.AikidoExceptionTests" name="Exception_ShouldPreserveStackTrace" />
    </UnitTest>
    <UnitTest name="LooksLikeASecret_KnownSecrets_ReturnsTrue(&quot;AG7DrGi3pDDIUU1PrEsj&quot;)" storage="c:\projects\aikido\firewall-dotnet\aikido.zen.test\bin\release\net9.0\aikido.zen.tests.dll" id="fc8f891f-d783-2c56-c5e5-94f46fa35a27">
      <Execution id="e104a817-a4aa-4e56-ada7-25bd5cc2b6d9" />
      <TestMethod codeBase="C:\projects\Aikido\firewall-dotnet\Aikido.Zen.Test\bin\Release\net9.0\Aikido.Zen.Tests.dll" adapterTypeName="executor://nunit3testexecutor/" className="Aikido.Zen.Test.Helpers.RouteParameterHelperTests" name="LooksLikeASecret_KnownSecrets_ReturnsTrue(&quot;AG7DrGi3pDDIUU1PrEsj&quot;)" />
    </UnitTest>
    <UnitTest name="GetConfigVersion_ShouldReturnSuccess" storage="c:\projects\aikido\firewall-dotnet\aikido.zen.test\bin\release\net9.0\aikido.zen.tests.dll" id="e0c34787-c3eb-3cff-0665-7e26cc2b061b">
      <Execution id="a949e668-ca3a-4d1e-88b7-b2f1e0378f5a" />
      <TestMethod codeBase="C:\projects\Aikido\firewall-dotnet\Aikido.Zen.Test\bin\Release\net9.0\Aikido.Zen.Tests.dll" adapterTypeName="executor://nunit3testexecutor/" className="Aikido.Zen.Test.RuntimeApiClientTests" name="GetConfigVersion_ShouldReturnSuccess" />
    </UnitTest>
    <UnitTest name="GetApiAuthType_WithEmptyAuthHeader_ReturnsNull" storage="c:\projects\aikido\firewall-dotnet\aikido.zen.test\bin\release\net9.0\aikido.zen.tests.dll" id="7da4b79e-3677-8d3e-7fa9-6f443918820a">
      <Execution id="3c31bb86-733b-42ac-b4c6-ef637db11110" />
      <TestMethod codeBase="C:\projects\Aikido\firewall-dotnet\Aikido.Zen.Test\bin\Release\net9.0\Aikido.Zen.Tests.dll" adapterTypeName="executor://nunit3testexecutor/" className="Aikido.Zen.Test.Helpers.ApiAuthTypeHelperTests" name="GetApiAuthType_WithEmptyAuthHeader_ReturnsNull" />
    </UnitTest>
    <UnitTest name="IsValidIP_ShouldReturnFalse_WhenInvalidIP" storage="c:\projects\aikido\firewall-dotnet\aikido.zen.test\bin\release\net9.0\aikido.zen.tests.dll" id="83dc98ea-0233-6bd8-1f60-76791e5ad28c">
      <Execution id="67da64a6-379d-4fcb-9a84-c578198c7d6a" />
      <TestMethod codeBase="C:\projects\Aikido\firewall-dotnet\Aikido.Zen.Test\bin\Release\net9.0\Aikido.Zen.Tests.dll" adapterTypeName="executor://nunit3testexecutor/" className="Aikido.Zen.Test.Helpers.IPHelperTests" name="IsValidIP_ShouldReturnFalse_WhenInvalidIP" />
    </UnitTest>
    <UnitTest name="Test_application/x-www-form-urlencoded_16" storage="c:\projects\aikido\firewall-dotnet\aikido.zen.test\bin\release\net9.0\aikido.zen.tests.dll" id="589c7ebd-78d6-ed65-fd0f-dc69e56df5bf">
      <Execution id="73755f7e-bcc3-423f-817f-955c819592d1" />
      <TestMethod codeBase="C:\projects\Aikido\firewall-dotnet\Aikido.Zen.Test\bin\Release\net9.0\Aikido.Zen.Tests.dll" adapterTypeName="executor://nunit3testexecutor/" className="Aikido.Zen.Test.Helpers.HttpHelperTests" name="Test_application/x-www-form-urlencoded_16" />
    </UnitTest>
    <UnitTest name="Test_application/json_1" storage="c:\projects\aikido\firewall-dotnet\aikido.zen.test\bin\release\net9.0\aikido.zen.tests.dll" id="9caec799-efdc-8bd6-f3a4-e02b7987cbb9">
      <Execution id="2a81f29f-108e-4d76-b4d9-4a66a65932c5" />
      <TestMethod codeBase="C:\projects\Aikido\firewall-dotnet\Aikido.Zen.Test\bin\Release\net9.0\Aikido.Zen.Tests.dll" adapterTypeName="executor://nunit3testexecutor/" className="Aikido.Zen.Test.Helpers.HttpHelperTests" name="Test_application/json_1" />
    </UnitTest>
    <UnitTest name="CreateRequest_WithoutContent_ShouldCreateValidRequest" storage="c:\projects\aikido\firewall-dotnet\aikido.zen.test\bin\release\net9.0\aikido.zen.tests.dll" id="1dc26b24-631e-63dd-6520-1afafb0bd575">
      <Execution id="2cce50c4-7f36-4fda-9874-6dac7be6e6bb" />
      <TestMethod codeBase="C:\projects\Aikido\firewall-dotnet\Aikido.Zen.Test\bin\Release\net9.0\Aikido.Zen.Tests.dll" adapterTypeName="executor://nunit3testexecutor/" className="Aikido.Zen.Test.Helpers.APIHelperTests" name="CreateRequest_WithoutContent_ShouldCreateValidRequest" />
    </UnitTest>
    <UnitTest name="ConstructHeartbeat_ReturnsCorrectHeartbeatData" storage="c:\projects\aikido\firewall-dotnet\aikido.zen.test\bin\release\net9.0\aikido.zen.tests.dll" id="e4705cdd-5a70-e94b-af04-6c0e5a4598f9">
      <Execution id="d711704a-e08e-471d-90d3-d461ad8e4e84" />
      <TestMethod codeBase="C:\projects\Aikido\firewall-dotnet\Aikido.Zen.Test\bin\Release\net9.0\Aikido.Zen.Tests.dll" adapterTypeName="executor://nunit3testexecutor/" className="Aikido.Zen.Test.AgentTests" name="ConstructHeartbeat_ReturnsCorrectHeartbeatData" />
    </UnitTest>
    <UnitTest name="UpdateApiInfo_SuccessfulUpdate_UpdatesRouteCorrectly" storage="c:\projects\aikido\firewall-dotnet\aikido.zen.test\bin\release\net9.0\aikido.zen.tests.dll" id="cb5baf93-290d-85b9-31b2-b1b801e74318">
      <Execution id="24fc0910-d8e2-4250-840c-706f69c1c938" />
      <TestMethod codeBase="C:\projects\Aikido\firewall-dotnet\Aikido.Zen.Test\bin\Release\net9.0\Aikido.Zen.Tests.dll" adapterTypeName="executor://nunit3testexecutor/" className="Aikido.Zen.Test.Helpers.ApiInfoHelperTests" name="UpdateApiInfo_SuccessfulUpdate_UpdatesRouteCorrectly" />
    </UnitTest>
    <UnitTest name="MatchRoute_ShouldReturnExpectedResult(&quot;path/to/file.txt&quot;,&quot;path/to/file.txt&quot;,True)" storage="c:\projects\aikido\firewall-dotnet\aikido.zen.test\bin\release\net9.0\aikido.zen.tests.dll" id="61b679e0-d936-ea28-72eb-76dd5ab066b9">
      <Execution id="c99c7867-810a-458b-83a8-288045a233bc" />
      <TestMethod codeBase="C:\projects\Aikido\firewall-dotnet\Aikido.Zen.Test\bin\Release\net9.0\Aikido.Zen.Tests.dll" adapterTypeName="executor://nunit3testexecutor/" className="Aikido.Zen.Test.Helpers.RouteHelperTests" name="MatchRoute_ShouldReturnExpectedResult(&quot;path/to/file.txt&quot;,&quot;path/to/file.txt&quot;,True)" />
    </UnitTest>
    <UnitTest name="Test_SAFE: Safe paths that include patterns similar to user input" storage="c:\projects\aikido\firewall-dotnet\aikido.zen.test\bin\release\net9.0\aikido.zen.tests.dll" id="cb78f51b-92d7-922c-755b-c62b6f47b229">
      <Execution id="1d423664-10cf-4009-b1ac-cc30ff1cd858" />
      <TestMethod codeBase="C:\projects\Aikido\firewall-dotnet\Aikido.Zen.Test\bin\Release\net9.0\Aikido.Zen.Tests.dll" adapterTypeName="executor://nunit3testexecutor/" className="Aikido.Zen.Test.ShellInjectionDetectorTests" name="Test_SAFE: Safe paths that include patterns similar to user input" />
    </UnitTest>
    <UnitTest name="UpdateApiInfo_NewBodyInfo_UpdatesBodyCorrectly" storage="c:\projects\aikido\firewall-dotnet\aikido.zen.test\bin\release\net9.0\aikido.zen.tests.dll" id="533c4ff4-5a16-74b1-52e3-fbba2a46ea3d">
      <Execution id="9d6e85f6-dcda-4543-b42d-e3c1a52205fd" />
      <TestMethod codeBase="C:\projects\Aikido\firewall-dotnet\Aikido.Zen.Test\bin\Release\net9.0\Aikido.Zen.Tests.dll" adapterTypeName="executor://nunit3testexecutor/" className="Aikido.Zen.Test.Helpers.ApiInfoHelperTests" name="UpdateApiInfo_NewBodyInfo_UpdatesBodyCorrectly" />
    </UnitTest>
    <UnitTest name="DryMode_ShouldReturnFalse_WhenEnvironmentVariableIsTrue" storage="c:\projects\aikido\firewall-dotnet\aikido.zen.test\bin\release\net9.0\aikido.zen.tests.dll" id="4670b588-e4f2-c734-9d9c-fbd52b37a6b5">
      <Execution id="fc8bfe19-32d2-44f0-9f05-a8825c1f49dc" />
      <TestMethod codeBase="C:\projects\Aikido\firewall-dotnet\Aikido.Zen.Test\bin\Release\net9.0\Aikido.Zen.Tests.dll" adapterTypeName="executor://nunit3testexecutor/" className="Aikido.Zen.Test.Helpers.EnvironmentHelperTests" name="DryMode_ShouldReturnFalse_WhenEnvironmentVariableIsTrue" />
    </UnitTest>
    <UnitTest name="Properties_WithNullCollections_HandledGracefully" storage="c:\projects\aikido\firewall-dotnet\aikido.zen.test\bin\release\net9.0\aikido.zen.tests.dll" id="91f05b50-3195-c2a3-7524-0e6e801e3700">
      <Execution id="dfa580c2-9c1d-47b8-bb63-fba50846dd0e" />
      <TestMethod codeBase="C:\projects\Aikido\firewall-dotnet\Aikido.Zen.Test\bin\Release\net9.0\Aikido.Zen.Tests.dll" adapterTypeName="executor://nunit3testexecutor/" className="Aikido.Zen.Test.HeartbeatTests" name="Properties_WithNullCollections_HandledGracefully" />
    </UnitTest>
    <UnitTest name="GetStringFormat_WithValidUuid_ReturnsUuidFormat" storage="c:\projects\aikido\firewall-dotnet\aikido.zen.test\bin\release\net9.0\aikido.zen.tests.dll" id="7b7ebcee-1852-9e60-7013-44050d4f6487">
      <Execution id="776b9b4f-4a71-4b6c-a9a2-9267cea02285" />
      <TestMethod codeBase="C:\projects\Aikido\firewall-dotnet\Aikido.Zen.Test\bin\Release\net9.0\Aikido.Zen.Tests.dll" adapterTypeName="executor://nunit3testexecutor/" className="Aikido.Zen.Test.Helpers.StringFormatHelperTests" name="GetStringFormat_WithValidUuid_ReturnsUuidFormat" />
    </UnitTest>
    <UnitTest name="OnInspectedCall_TriggersCompressionWhenMaxSamplesReached" storage="c:\projects\aikido\firewall-dotnet\aikido.zen.test\bin\release\net9.0\aikido.zen.tests.dll" id="60a6295c-fa05-5fd8-24d0-2e8b24baeb32">
      <Execution id="9837e535-8684-46ad-ac7f-b25d5d6cd781" />
      <TestMethod codeBase="C:\projects\Aikido\firewall-dotnet\Aikido.Zen.Test\bin\Release\net9.0\Aikido.Zen.Tests.dll" adapterTypeName="executor://nunit3testexecutor/" className="Aikido.Zen.Test.StatsTests" name="OnInspectedCall_TriggersCompressionWhenMaxSamplesReached" />
    </UnitTest>
    <UnitTest name="GetDialect_ShouldReturnCorrectDialect(&quot;Microsoft.Data.Sqlite&quot;,Generic)" storage="c:\projects\aikido\firewall-dotnet\aikido.zen.test\bin\release\net9.0\aikido.zen.tests.dll" id="15ad495d-f199-9262-6bd0-c7fedb536b68">
      <Execution id="03344e86-d54a-4339-82c6-81c17f13b9e6" />
      <TestMethod codeBase="C:\projects\Aikido\firewall-dotnet\Aikido.Zen.Test\bin\Release\net9.0\Aikido.Zen.Tests.dll" adapterTypeName="executor://nunit3testexecutor/" className="Aikido.Zen.Test.SqlClientPatcherTests" name="GetDialect_ShouldReturnCorrectDialect(&quot;Microsoft.Data.Sqlite&quot;,Generic)" />
    </UnitTest>
    <UnitTest name="Test_INJECTION: Attempt to escape out of quotes" storage="c:\projects\aikido\firewall-dotnet\aikido.zen.test\bin\release\net9.0\aikido.zen.tests.dll" id="ea1fa257-f827-00ee-a1dd-773e642d3139">
      <Execution id="20710184-1753-49a1-bedb-bcf1d82ecb0b" />
      <TestMethod codeBase="C:\projects\Aikido\firewall-dotnet\Aikido.Zen.Test\bin\Release\net9.0\Aikido.Zen.Tests.dll" adapterTypeName="executor://nunit3testexecutor/" className="Aikido.Zen.Test.ShellInjectionDetectorTests" name="Test_INJECTION: Attempt to escape out of quotes" />
    </UnitTest>
    <UnitTest name="UpdateBlockedUserAgents_ShouldUpdateBlockedUserAgentsList" storage="c:\projects\aikido\firewall-dotnet\aikido.zen.test\bin\release\net9.0\aikido.zen.tests.dll" id="b30178f1-34c0-ff95-738b-0763e400298a">
      <Execution id="f5d542e6-5c1d-4f3b-a89a-85e45eba6dc2" />
      <TestMethod codeBase="C:\projects\Aikido\firewall-dotnet\Aikido.Zen.Test\bin\Release\net9.0\Aikido.Zen.Tests.dll" adapterTypeName="executor://nunit3testexecutor/" className="Aikido.Zen.Test.AgentContextTests" name="UpdateBlockedUserAgents_ShouldUpdateBlockedUserAgentsList" />
    </UnitTest>
    <UnitTest name="ForceCompress_CompressesExistingDurations" storage="c:\projects\aikido\firewall-dotnet\aikido.zen.test\bin\release\net9.0\aikido.zen.tests.dll" id="620d13c8-3980-e334-acc2-badfda184233">
      <Execution id="ff90490c-03a6-4b0d-9de6-42e4b5c9d8c0" />
      <TestMethod codeBase="C:\projects\Aikido\firewall-dotnet\Aikido.Zen.Test\bin\Release\net9.0\Aikido.Zen.Tests.dll" adapterTypeName="executor://nunit3testexecutor/" className="Aikido.Zen.Test.StatsTests" name="ForceCompress_CompressesExistingDurations" />
    </UnitTest>
    <UnitTest name="Test_9_ATTACK: PostgreSQL injection with multiple values" storage="c:\projects\aikido\firewall-dotnet\aikido.zen.test\bin\release\net9.0\aikido.zen.tests.dll" id="11211ec1-042c-8040-d4f2-1eccf7727656">
      <Execution id="727abc02-97fe-4548-a88a-486359a9a803" />
      <TestMethod codeBase="C:\projects\Aikido\firewall-dotnet\Aikido.Zen.Test\bin\Release\net9.0\Aikido.Zen.Tests.dll" adapterTypeName="executor://nunit3testexecutor/" className="Aikido.Zen.Test.SQLInjectionDetectorTests" name="Test_9_ATTACK: PostgreSQL injection with multiple values" />
    </UnitTest>
    <UnitTest name="CaptureOutboundRequest_WithInvalidHostname_HandlesGracefully" storage="c:\projects\aikido\firewall-dotnet\aikido.zen.test\bin\release\net9.0\aikido.zen.tests.dll" id="589f7dca-5b16-9364-a181-f350f7f4dd5f">
      <Execution id="31dbcfaf-7ff1-4ec1-a68b-29a10bbe56a4" />
      <TestMethod codeBase="C:\projects\Aikido\firewall-dotnet\Aikido.Zen.Test\bin\Release\net9.0\Aikido.Zen.Tests.dll" adapterTypeName="executor://nunit3testexecutor/" className="Aikido.Zen.Test.AgentTests" name="CaptureOutboundRequest_WithInvalidHostname_HandlesGracefully" />
    </UnitTest>
    <UnitTest name="ToAPIResponse_SuccessfulResponse_ShouldDeserializeContent" storage="c:\projects\aikido\firewall-dotnet\aikido.zen.test\bin\release\net9.0\aikido.zen.tests.dll" id="c0fbc15b-e5c9-7166-531a-d363cca3d177">
      <Execution id="c6614c13-879f-4aa3-a194-1e59f307cfa1" />
      <TestMethod codeBase="C:\projects\Aikido\firewall-dotnet\Aikido.Zen.Test\bin\Release\net9.0\Aikido.Zen.Tests.dll" adapterTypeName="executor://nunit3testexecutor/" className="Aikido.Zen.Test.Helpers.APIHelperTests" name="ToAPIResponse_SuccessfulResponse_ShouldDeserializeContent" />
    </UnitTest>
    <UnitTest name="AddHostname_ShouldEvictLeastFrequentlyUsed_WhenMaxReached" storage="c:\projects\aikido\firewall-dotnet\aikido.zen.test\bin\release\net9.0\aikido.zen.tests.dll" id="ec1e5748-147e-14c4-1b2d-dca9181fd5ad">
      <Execution id="10da6579-fd6b-48ab-980d-0d198845604e" />
      <TestMethod codeBase="C:\projects\Aikido\firewall-dotnet\Aikido.Zen.Test\bin\Release\net9.0\Aikido.Zen.Tests.dll" adapterTypeName="executor://nunit3testexecutor/" className="Aikido.Zen.Test.AgentContextTests" name="AddHostname_ShouldEvictLeastFrequentlyUsed_WhenMaxReached" />
    </UnitTest>
    <UnitTest name="QueueEvent_WithNullEvent_ThrowsArgumentNullException" storage="c:\projects\aikido\firewall-dotnet\aikido.zen.test\bin\release\net9.0\aikido.zen.tests.dll" id="cf296093-0bca-3e6c-1e97-30953fa94ad6">
      <Execution id="9d0958d0-2b11-4b4d-acd8-6af7055e8a7c" />
      <TestMethod codeBase="C:\projects\Aikido\firewall-dotnet\Aikido.Zen.Test\bin\Release\net9.0\Aikido.Zen.Tests.dll" adapterTypeName="executor://nunit3testexecutor/" className="Aikido.Zen.Test.AgentTests" name="QueueEvent_WithNullEvent_ThrowsArgumentNullException" />
    </UnitTest>
    <UnitTest name="Contains_ShouldReturnExpectedResult(&quot;hello world&quot;,&quot;hello world!&quot;,False)" storage="c:\projects\aikido\firewall-dotnet\aikido.zen.test\bin\release\net9.0\aikido.zen.tests.dll" id="279e40d4-1570-fa8b-c0ce-461b7876c75f">
      <Execution id="ef5a9855-f3e3-416f-b028-0d7bec1f30a0" />
      <TestMethod codeBase="C:\projects\Aikido\firewall-dotnet\Aikido.Zen.Test\bin\Release\net9.0\Aikido.Zen.Tests.dll" adapterTypeName="executor://nunit3testexecutor/" className="Aikido.Zen.Test.Helpers.StringHelperTests" name="Contains_ShouldReturnExpectedResult(&quot;hello world&quot;,&quot;hello world!&quot;,False)" />
    </UnitTest>
    <UnitTest name="Test_SAFE: Command substitution inside single quotes" storage="c:\projects\aikido\firewall-dotnet\aikido.zen.test\bin\release\net9.0\aikido.zen.tests.dll" id="e85ecbf1-77ce-0d98-0c41-7786dbd5a4a2">
      <Execution id="2bf2f812-41d2-4030-a529-41e3baef106a" />
      <TestMethod codeBase="C:\projects\Aikido\firewall-dotnet\Aikido.Zen.Test\bin\Release\net9.0\Aikido.Zen.Tests.dll" adapterTypeName="executor://nunit3testexecutor/" className="Aikido.Zen.Test.ShellInjectionDetectorTests" name="Test_SAFE: Command substitution inside single quotes" />
    </UnitTest>
    <UnitTest name="Test_INJECTION: Semicolon in user input" storage="c:\projects\aikido\firewall-dotnet\aikido.zen.test\bin\release\net9.0\aikido.zen.tests.dll" id="8c6f8cb8-7309-6b10-b9fd-e3a19a937b0d">
      <Execution id="fa78cb40-d66b-4ce1-b4ef-d99fe18ee533" />
      <TestMethod codeBase="C:\projects\Aikido\firewall-dotnet\Aikido.Zen.Test\bin\Release\net9.0\Aikido.Zen.Tests.dll" adapterTypeName="executor://nunit3testexecutor/" className="Aikido.Zen.Test.ShellInjectionDetectorTests" name="Test_INJECTION: Semicolon in user input" />
    </UnitTest>
    <UnitTest name="AddUser_ShouldHandleNullGracefully" storage="c:\projects\aikido\firewall-dotnet\aikido.zen.test\bin\release\net9.0\aikido.zen.tests.dll" id="389fef4e-f5bd-102d-3223-de0e51a7dc8b">
      <Execution id="7e3a4453-2b57-4e7a-8459-18ecc55ee7a8" />
      <TestMethod codeBase="C:\projects\Aikido\firewall-dotnet\Aikido.Zen.Test\bin\Release\net9.0\Aikido.Zen.Tests.dll" adapterTypeName="executor://nunit3testexecutor/" className="Aikido.Zen.Test.AgentContextTests" name="AddUser_ShouldHandleNullGracefully" />
    </UnitTest>
    <UnitTest name="MatchEndpoints_WildcardRoute_ShouldMatchCorrectly" storage="c:\projects\aikido\firewall-dotnet\aikido.zen.test\bin\release\net9.0\aikido.zen.tests.dll" id="9ccd32e6-c55e-1d1a-c8c7-edf5fdd1dbbb">
      <Execution id="7e11be2c-d0f0-47d3-bf78-02aa272f5487" />
      <TestMethod codeBase="C:\projects\Aikido\firewall-dotnet\Aikido.Zen.Test\bin\Release\net9.0\Aikido.Zen.Tests.dll" adapterTypeName="executor://nunit3testexecutor/" className="Aikido.Zen.Test.Helpers.RouteHelperTests" name="MatchEndpoints_WildcardRoute_ShouldMatchCorrectly" />
    </UnitTest>
    <UnitTest name="Test_INJECTION: Unsafe use of variable" storage="c:\projects\aikido\firewall-dotnet\aikido.zen.test\bin\release\net9.0\aikido.zen.tests.dll" id="880bc962-ecec-70ad-8171-0baf273d2c08">
      <Execution id="7d471127-1a06-4f98-8606-dcc354814eb3" />
      <TestMethod codeBase="C:\projects\Aikido\firewall-dotnet\Aikido.Zen.Test\bin\Release\net9.0\Aikido.Zen.Tests.dll" adapterTypeName="executor://nunit3testexecutor/" className="Aikido.Zen.Test.ShellInjectionDetectorTests" name="Test_INJECTION: Unsafe use of variable" />
    </UnitTest>
    <UnitTest name="Delete_ShouldRemoveSpecificItem" storage="c:\projects\aikido\firewall-dotnet\aikido.zen.test\bin\release\net9.0\aikido.zen.tests.dll" id="753ff7c7-c8eb-ba43-adb5-c54ca70deb83">
      <Execution id="0d5d6390-42be-46b6-ad4d-1753b3023829" />
      <TestMethod codeBase="C:\projects\Aikido\firewall-dotnet\Aikido.Zen.Test\bin\Release\net9.0\Aikido.Zen.Tests.dll" adapterTypeName="executor://nunit3testexecutor/" className="Aikido.Zen.Test.LRUCacheTests" name="Delete_ShouldRemoveSpecificItem" />
    </UnitTest>
    <UnitTest name="GetDataSchema_WithFormats_ReturnsCorrectSchema" storage="c:\projects\aikido\firewall-dotnet\aikido.zen.test\bin\release\net9.0\aikido.zen.tests.dll" id="6f56589b-a53d-8a0c-adfe-bf231df1262d">
      <Execution id="9a370dd7-a085-47e1-93b4-be9709587ab0" />
      <TestMethod codeBase="C:\projects\Aikido\firewall-dotnet\Aikido.Zen.Test\bin\Release\net9.0\Aikido.Zen.Tests.dll" adapterTypeName="executor://nunit3testexecutor/" className="Aikido.Zen.Test.Helpers.DataSchemaHelperTests" name="GetDataSchema_WithFormats_ReturnsCorrectSchema" />
    </UnitTest>
    <UnitTest name="ShouldAddRoute_ShouldReturnExpectedResult(&quot;/api/.hidden/resource&quot;,&quot;GET&quot;,200,True)" storage="c:\projects\aikido\firewall-dotnet\aikido.zen.test\bin\release\net9.0\aikido.zen.tests.dll" id="d8b0e829-8a8f-101e-4c30-791ed90928f6">
      <Execution id="099d72c0-1664-44eb-aad3-80a2ec327ed2" />
      <TestMethod codeBase="C:\projects\Aikido\firewall-dotnet\Aikido.Zen.Test\bin\Release\net9.0\Aikido.Zen.Tests.dll" adapterTypeName="executor://nunit3testexecutor/" className="Aikido.Zen.Test.Helpers.RouteHelperTests" name="ShouldAddRoute_ShouldReturnExpectedResult(&quot;/api/.hidden/resource&quot;,&quot;GET&quot;,200,True)" />
    </UnitTest>
    <UnitTest name="Test_Simple directory traversal with backslash" storage="c:\projects\aikido\firewall-dotnet\aikido.zen.test\bin\release\net9.0\aikido.zen.tests.dll" id="20e2fde1-7f3b-a4f7-4578-7e58a7fa2e5b">
      <Execution id="50943bff-b0a5-4f2f-8ec8-b28348b45370" />
      <TestMethod codeBase="C:\projects\Aikido\firewall-dotnet\Aikido.Zen.Test\bin\Release\net9.0\Aikido.Zen.Tests.dll" adapterTypeName="executor://nunit3testexecutor/" className="Aikido.Zen.Test.PathTraversalDetectorTests" name="Test_Simple directory traversal with backslash" />
    </UnitTest>
    <UnitTest name="MatchRoute_EdgeCases_ShouldReturnExpectedResult(&quot;/api/resource/&quot;,&quot;/api/resource&quot;,True)" storage="c:\projects\aikido\firewall-dotnet\aikido.zen.test\bin\release\net9.0\aikido.zen.tests.dll" id="3f621fee-01de-03ec-b372-55624b3cf14d">
      <Execution id="548d5eb9-5d37-4658-9d34-20e146279e4e" />
      <TestMethod codeBase="C:\projects\Aikido\firewall-dotnet\Aikido.Zen.Test\bin\Release\net9.0\Aikido.Zen.Tests.dll" adapterTypeName="executor://nunit3testexecutor/" className="Aikido.Zen.Test.Helpers.RouteHelperTests" name="MatchRoute_EdgeCases_ShouldReturnExpectedResult(&quot;/api/resource/&quot;,&quot;/api/resource&quot;,True)" />
    </UnitTest>
    <UnitTest name="UpdateAlllowedIps_WithEmptyList_ShouldClearAllowedSubnets" storage="c:\projects\aikido\firewall-dotnet\aikido.zen.test\bin\release\net9.0\aikido.zen.tests.dll" id="e47956e9-b879-d4b5-68d6-fe43dc084706">
      <Execution id="0ed07ba4-9fb6-4757-8a19-4fcc7bdf717d" />
      <TestMethod codeBase="C:\projects\Aikido\firewall-dotnet\Aikido.Zen.Test\bin\Release\net9.0\Aikido.Zen.Tests.dll" adapterTypeName="executor://nunit3testexecutor/" className="Aikido.Zen.Test.BlockListTests" name="UpdateAlllowedIps_WithEmptyList_ShouldClearAllowedSubnets" />
    </UnitTest>
    <UnitTest name="ShouldAddRoute_ShouldReturnExpectedResult(&quot;/api/resource&quot;,&quot;OPTIONS&quot;,200,False)" storage="c:\projects\aikido\firewall-dotnet\aikido.zen.test\bin\release\net9.0\aikido.zen.tests.dll" id="a993435b-777e-047f-0742-0583c5b7abf8">
      <Execution id="969955ba-27d4-40d3-9187-f03c84815cd6" />
      <TestMethod codeBase="C:\projects\Aikido\firewall-dotnet\Aikido.Zen.Test\bin\Release\net9.0\Aikido.Zen.Tests.dll" adapterTypeName="executor://nunit3testexecutor/" className="Aikido.Zen.Test.Helpers.RouteHelperTests" name="ShouldAddRoute_ShouldReturnExpectedResult(&quot;/api/resource&quot;,&quot;OPTIONS&quot;,200,False)" />
    </UnitTest>
    <UnitTest name="HasExactMatch_WithExactMatch_ShouldReturnTrue" storage="c:\projects\aikido\firewall-dotnet\aikido.zen.test\bin\release\net9.0\aikido.zen.tests.dll" id="c6e09c71-a837-3793-7059-dccc701831e6">
      <Execution id="51912cc0-ace0-490a-b3fc-dfe4370962b9" />
      <TestMethod codeBase="C:\projects\Aikido\firewall-dotnet\Aikido.Zen.Test\bin\Release\net9.0\Aikido.Zen.Tests.dll" adapterTypeName="executor://nunit3testexecutor/" className="Aikido.Zen.Test.Helpers.RouteHelperTests" name="HasExactMatch_WithExactMatch_ShouldReturnTrue" />
    </UnitTest>
    <UnitTest name="MergeApiAuthTypes_WithNewOnly_ReturnsNew" storage="c:\projects\aikido\firewall-dotnet\aikido.zen.test\bin\release\net9.0\aikido.zen.tests.dll" id="109959fb-48fd-6092-72ba-da91ae385564">
      <Execution id="9493b191-accc-4430-bed9-e35811a804af" />
      <TestMethod codeBase="C:\projects\Aikido\firewall-dotnet\Aikido.Zen.Test\bin\Release\net9.0\Aikido.Zen.Tests.dll" adapterTypeName="executor://nunit3testexecutor/" className="Aikido.Zen.Test.Helpers.AuthHelperTests" name="MergeApiAuthTypes_WithNewOnly_ReturnsNew" />
    </UnitTest>
    <UnitTest name="ShouldHandleSlidingWindowWithIntermittentRequests" storage="c:\projects\aikido\firewall-dotnet\aikido.zen.test\bin\release\net9.0\aikido.zen.tests.dll" id="69d44bf0-dd6f-4894-5642-58bce8f9722f">
      <Execution id="da051659-b9da-4e3c-83a6-23ab447076eb" />
      <TestMethod codeBase="C:\projects\Aikido\firewall-dotnet\Aikido.Zen.Test\bin\Release\net9.0\Aikido.Zen.Tests.dll" adapterTypeName="executor://nunit3testexecutor/" className="Aikido.Zen.Test.Helpers.RateLimitingHelperTests" name="ShouldHandleSlidingWindowWithIntermittentRequests" />
    </UnitTest>
    <UnitTest name="Test_Linux user directory" storage="c:\projects\aikido\firewall-dotnet\aikido.zen.test\bin\release\net9.0\aikido.zen.tests.dll" id="a8b37858-d904-0af2-a7f5-7bd7003f32f2">
      <Execution id="92836a4b-4b7f-4791-adb1-1475ca78470d" />
      <TestMethod codeBase="C:\projects\Aikido\firewall-dotnet\Aikido.Zen.Test\bin\Release\net9.0\Aikido.Zen.Tests.dll" adapterTypeName="executor://nunit3testexecutor/" className="Aikido.Zen.Test.PathTraversalDetectorTests" name="Test_Linux user directory" />
    </UnitTest>
    <UnitTest name="DetectPathTraversal_WithMixedArrayContent_DetectsTraversal" storage="c:\projects\aikido\firewall-dotnet\aikido.zen.test\bin\release\net9.0\aikido.zen.tests.dll" id="006bd58f-0737-1e2d-809b-23d50ceef4d0">
      <Execution id="4bb0a0c1-845e-43d8-8e8d-f246c68da334" />
      <TestMethod codeBase="C:\projects\Aikido\firewall-dotnet\Aikido.Zen.Test\bin\Release\net9.0\Aikido.Zen.Tests.dll" adapterTypeName="executor://nunit3testexecutor/" className="Aikido.Zen.Test.Helpers.PathTraversalHelperTests" name="DetectPathTraversal_WithMixedArrayContent_DetectsTraversal" />
    </UnitTest>
    <UnitTest name="UpdateBlockedUsers_ShouldUpdateBlockedUsersList" storage="c:\projects\aikido\firewall-dotnet\aikido.zen.test\bin\release\net9.0\aikido.zen.tests.dll" id="dc804c5d-ed97-059d-6cee-b11c6e4e1458">
      <Execution id="32ebf033-96c5-4ab3-b6b9-d83a531ef11d" />
      <TestMethod codeBase="C:\projects\Aikido\firewall-dotnet\Aikido.Zen.Test\bin\Release\net9.0\Aikido.Zen.Tests.dll" adapterTypeName="executor://nunit3testexecutor/" className="Aikido.Zen.Test.AgentContextTests" name="UpdateBlockedUsers_ShouldUpdateBlockedUsersList" />
    </UnitTest>
    <UnitTest name="GetStringFormat_WithValidEmail_ReturnsEmailFormat" storage="c:\projects\aikido\firewall-dotnet\aikido.zen.test\bin\release\net9.0\aikido.zen.tests.dll" id="6f356bed-719f-a0bf-d541-ac6ce715d8ef">
      <Execution id="0a16f930-88bc-4679-a95b-fd999e31e8b2" />
      <TestMethod codeBase="C:\projects\Aikido\firewall-dotnet\Aikido.Zen.Test\bin\Release\net9.0\Aikido.Zen.Tests.dll" adapterTypeName="executor://nunit3testexecutor/" className="Aikido.Zen.Test.Helpers.StringFormatHelperTests" name="GetStringFormat_WithValidEmail_ReturnsEmailFormat" />
    </UnitTest>
    <UnitTest name="OnProcessStart_WithShellInjection_ThrowsException" storage="c:\projects\aikido\firewall-dotnet\aikido.zen.test\bin\release\net9.0\aikido.zen.tests.dll" id="636e611e-6448-17cc-d8a5-d4a6412931d2">
      <Execution id="d189be39-143d-4c68-aaa5-e59b89c85759" />
      <TestMethod codeBase="C:\projects\Aikido\firewall-dotnet\Aikido.Zen.Test\bin\Release\net9.0\Aikido.Zen.Tests.dll" adapterTypeName="executor://nunit3testexecutor/" className="Aikido.Zen.Test.ProcessExecutionPatcherTests" name="OnProcessStart_WithShellInjection_ThrowsException" />
    </UnitTest>
    <UnitTest name="MatchRoute_ShouldReturnExpectedResult(&quot;/api/{id}/details/{subId}/info?query=1&quot;,&quot;/api/123/details/456/info?query=1&quot;,True)" storage="c:\projects\aikido\firewall-dotnet\aikido.zen.test\bin\release\net9.0\aikido.zen.tests.dll" id="95d6c39d-accd-dc64-d03c-1f6ee22cc550">
      <Execution id="b2df21a1-44d3-426a-81cf-fdb80b41cda8" />
      <TestMethod codeBase="C:\projects\Aikido\firewall-dotnet\Aikido.Zen.Test\bin\Release\net9.0\Aikido.Zen.Tests.dll" adapterTypeName="executor://nunit3testexecutor/" className="Aikido.Zen.Test.Helpers.RouteHelperTests" name="MatchRoute_ShouldReturnExpectedResult(&quot;/api/{id}/details/{subId}/info?query=1&quot;,&quot;/api/123/details/456/info?query=1&quot;,True)" />
    </UnitTest>
    <UnitTest name="DetectPathTraversal_WithEmptyPath_ReturnsFalse" storage="c:\projects\aikido\firewall-dotnet\aikido.zen.test\bin\release\net9.0\aikido.zen.tests.dll" id="8009ccb9-79a8-ad29-764e-ca36d5eb8f65">
      <Execution id="d0f86675-30bf-4f1a-ba35-6c2aa9c22b69" />
      <TestMethod codeBase="C:\projects\Aikido\firewall-dotnet\Aikido.Zen.Test\bin\Release\net9.0\Aikido.Zen.Tests.dll" adapterTypeName="executor://nunit3testexecutor/" className="Aikido.Zen.Test.PathTraversalDetectorTests" name="DetectPathTraversal_WithEmptyPath_ReturnsFalse" />
    </UnitTest>
    <UnitTest name="Test_SAFE: Semicolon inside single quotes" storage="c:\projects\aikido\firewall-dotnet\aikido.zen.test\bin\release\net9.0\aikido.zen.tests.dll" id="0d32e358-564f-257a-bea9-ad72c415e3e5">
      <Execution id="2d2046b4-32df-4e37-805a-61f885d0905b" />
      <TestMethod codeBase="C:\projects\Aikido\firewall-dotnet\Aikido.Zen.Test\bin\Release\net9.0\Aikido.Zen.Tests.dll" adapterTypeName="executor://nunit3testexecutor/" className="Aikido.Zen.Test.ShellInjectionDetectorTests" name="Test_SAFE: Semicolon inside single quotes" />
    </UnitTest>
    <UnitTest name="LooksLikeASecret_OnlyNumbers_ReturnsFalse(&quot;12345678901234567890&quot;)" storage="c:\projects\aikido\firewall-dotnet\aikido.zen.test\bin\release\net9.0\aikido.zen.tests.dll" id="7cc56d5e-fa5f-5b35-4998-a7ca5adb2adc">
      <Execution id="7c555279-e743-4a62-a8d0-6108ca3a5874" />
      <TestMethod codeBase="C:\projects\Aikido\firewall-dotnet\Aikido.Zen.Test\bin\Release\net9.0\Aikido.Zen.Tests.dll" adapterTypeName="executor://nunit3testexecutor/" className="Aikido.Zen.Test.Helpers.RouteParameterHelperTests" name="LooksLikeASecret_OnlyNumbers_ReturnsFalse(&quot;12345678901234567890&quot;)" />
    </UnitTest>
    <UnitTest name="Test_multipart/form-data; boundary=boundary_5" storage="c:\projects\aikido\firewall-dotnet\aikido.zen.test\bin\release\net9.0\aikido.zen.tests.dll" id="36c075f9-4387-4477-aff4-0903446c77d2">
      <Execution id="d9237879-8163-4e55-b617-65f7217fb55b" />
      <TestMethod codeBase="C:\projects\Aikido\firewall-dotnet\Aikido.Zen.Test\bin\Release\net9.0\Aikido.Zen.Tests.dll" adapterTypeName="executor://nunit3testexecutor/" className="Aikido.Zen.Test.Helpers.HttpHelperTests" name="Test_multipart/form-data; boundary=boundary_5" />
    </UnitTest>
    <UnitTest name="PathIsSingleRouteParameter_VariousPaths_ReturnsExpectedResult(&quot;/:email&quot;,True)" storage="c:\projects\aikido\firewall-dotnet\aikido.zen.test\bin\release\net9.0\aikido.zen.tests.dll" id="a2cda112-acbb-4f81-2a5e-ffc1df1b35f8">
      <Execution id="409ff5dc-6ea6-4756-ab4b-c0d56bf26e44" />
      <TestMethod codeBase="C:\projects\Aikido\firewall-dotnet\Aikido.Zen.Test\bin\Release\net9.0\Aikido.Zen.Tests.dll" adapterTypeName="executor://nunit3testexecutor/" className="Aikido.Zen.Test.Helpers.RouteHelperTests" name="PathIsSingleRouteParameter_VariousPaths_ReturnsExpectedResult(&quot;/:email&quot;,True)" />
    </UnitTest>
    <UnitTest name="IsRequestAllowed_ShouldRespectWildcardMatch" storage="c:\projects\aikido\firewall-dotnet\aikido.zen.test\bin\release\net9.0\aikido.zen.tests.dll" id="02383a88-2085-e3c5-5544-41ab220bae13">
      <Execution id="835c4c50-cce1-4c14-b52b-85071810b81d" />
      <TestMethod codeBase="C:\projects\Aikido\firewall-dotnet\Aikido.Zen.Test\bin\Release\net9.0\Aikido.Zen.Tests.dll" adapterTypeName="executor://nunit3testexecutor/" className="Aikido.Zen.Test.Helpers.RateLimitingHelperTests" name="IsRequestAllowed_ShouldRespectWildcardMatch" />
    </UnitTest>
    <UnitTest name="UpdateBlockedIps_WithNullInput_ShouldHandleGracefully" storage="c:\projects\aikido\firewall-dotnet\aikido.zen.test\bin\release\net9.0\aikido.zen.tests.dll" id="c5fd5a34-48b2-20a3-fe2a-77532e40321b">
      <Execution id="a9798d9b-c889-4e10-9775-c4f63929b63f" />
      <TestMethod codeBase="C:\projects\Aikido\firewall-dotnet\Aikido.Zen.Test\bin\Release\net9.0\Aikido.Zen.Tests.dll" adapterTypeName="executor://nunit3testexecutor/" className="Aikido.Zen.Test.AgentContextTests" name="UpdateBlockedIps_WithNullInput_ShouldHandleGracefully" />
    </UnitTest>
    <UnitTest name="GetApiInfo_WithComplexNestedBody_ReturnsCorrectSpec" storage="c:\projects\aikido\firewall-dotnet\aikido.zen.test\bin\release\net9.0\aikido.zen.tests.dll" id="ca12315e-2e31-8b6c-7a8e-32ae89b5d78e">
      <Execution id="13498e5c-d5d3-431f-8dcb-2475eec7507b" />
      <TestMethod codeBase="C:\projects\Aikido\firewall-dotnet\Aikido.Zen.Test\bin\Release\net9.0\Aikido.Zen.Tests.dll" adapterTypeName="executor://nunit3testexecutor/" className="Aikido.Zen.Test.Helpers.ApiInfoHelperTests" name="GetApiInfo_WithComplexNestedBody_ReturnsCorrectSpec" />
    </UnitTest>
    <UnitTest name="GetBlockedIps_ShouldReturnSuccess" storage="c:\projects\aikido\firewall-dotnet\aikido.zen.test\bin\release\net9.0\aikido.zen.tests.dll" id="a8a6eabf-82b4-d824-849b-beef4f30a32f">
      <Execution id="24cff3f3-75ef-40eb-8910-e48a29d9c675" />
      <TestMethod codeBase="C:\projects\Aikido\firewall-dotnet\Aikido.Zen.Test\bin\Release\net9.0\Aikido.Zen.Tests.dll" adapterTypeName="executor://nunit3testexecutor/" className="Aikido.Zen.Test.ReportingAPiClientTests" name="GetBlockedIps_ShouldReturnSuccess" />
    </UnitTest>
    <UnitTest name="Test_Multiple directory traversal with backslash" storage="c:\projects\aikido\firewall-dotnet\aikido.zen.test\bin\release\net9.0\aikido.zen.tests.dll" id="daab2547-180a-f8a9-7740-3feaee405a05">
      <Execution id="9b06839e-2938-4b54-bd28-8ced26ee7526" />
      <TestMethod codeBase="C:\projects\Aikido\firewall-dotnet\Aikido.Zen.Test\bin\Release\net9.0\Aikido.Zen.Tests.dll" adapterTypeName="executor://nunit3testexecutor/" className="Aikido.Zen.Test.PathTraversalDetectorTests" name="Test_Multiple directory traversal with backslash" />
    </UnitTest>
    <UnitTest name="Test_INJECTION: Dangerous command chown" storage="c:\projects\aikido\firewall-dotnet\aikido.zen.test\bin\release\net9.0\aikido.zen.tests.dll" id="fa7a03fc-fefb-61c6-feac-c1fe9a6f1e2e">
      <Execution id="7f315507-c6e6-4edb-8239-5ecf0183aa04" />
      <TestMethod codeBase="C:\projects\Aikido\firewall-dotnet\Aikido.Zen.Test\bin\Release\net9.0\Aikido.Zen.Tests.dll" adapterTypeName="executor://nunit3testexecutor/" className="Aikido.Zen.Test.ShellInjectionDetectorTests" name="Test_INJECTION: Dangerous command chown" />
    </UnitTest>
    <UnitTest name="CaptureRequest_ExtractsHostAndPort_ReturnsTrue" storage="c:\projects\aikido\firewall-dotnet\aikido.zen.test\bin\release\net9.0\aikido.zen.tests.dll" id="f7346364-2999-9e30-2e3f-fadfca96e39f">
      <Execution id="836765cc-b003-4e92-b0d7-85a93bc3ef5b" />
      <TestMethod codeBase="C:\projects\Aikido\firewall-dotnet\Aikido.Zen.Test\bin\Release\net9.0\Aikido.Zen.Tests.dll" adapterTypeName="executor://nunit3testexecutor/" className="Aikido.Zen.Test.HttpWebRequestPatchTests" name="CaptureRequest_ExtractsHostAndPort_ReturnsTrue" />
    </UnitTest>
    <UnitTest name="IsShellInjection_ShouldDetectSeparatorBeforeAndAfter" storage="c:\projects\aikido\firewall-dotnet\aikido.zen.test\bin\release\net9.0\aikido.zen.tests.dll" id="31590ae9-5a35-c60e-0cf3-7ba5a7c085be">
      <Execution id="a2665914-688d-4b83-b734-7b77740f8763" />
      <TestMethod codeBase="C:\projects\Aikido\firewall-dotnet\Aikido.Zen.Test\bin\Release\net9.0\Aikido.Zen.Tests.dll" adapterTypeName="executor://nunit3testexecutor/" className="Aikido.Zen.Test.ShellInjectionDetectorTests" name="IsShellInjection_ShouldDetectSeparatorBeforeAndAfter" />
    </UnitTest>
    <UnitTest name="IsRequestAllowed_ShouldRespectMostExactMatch" storage="c:\projects\aikido\firewall-dotnet\aikido.zen.test\bin\release\net9.0\aikido.zen.tests.dll" id="5f0e533b-ae67-856f-42d0-06ec4214cbc9">
      <Execution id="0d78dd49-270d-40be-875a-8ee9f3198f73" />
      <TestMethod codeBase="C:\projects\Aikido\firewall-dotnet\Aikido.Zen.Test\bin\Release\net9.0\Aikido.Zen.Tests.dll" adapterTypeName="executor://nunit3testexecutor/" className="Aikido.Zen.Test.Helpers.RateLimitingHelperTests" name="IsRequestAllowed_ShouldRespectMostExactMatch" />
    </UnitTest>
    <UnitTest name="Test_application/json_2" storage="c:\projects\aikido\firewall-dotnet\aikido.zen.test\bin\release\net9.0\aikido.zen.tests.dll" id="6c65e29d-6be8-82ee-638c-4c6d406470c7">
      <Execution id="1e7eb23b-0371-4d7f-ba39-7aa06e18673b" />
      <TestMethod codeBase="C:\projects\Aikido\firewall-dotnet\Aikido.Zen.Test\bin\Release\net9.0\Aikido.Zen.Tests.dll" adapterTypeName="executor://nunit3testexecutor/" className="Aikido.Zen.Test.Helpers.HttpHelperTests" name="Test_application/json_2" />
    </UnitTest>
    <UnitTest name="MatchEndpoints_SpecificMethodOverWildcard_ShouldTakePrecedence" storage="c:\projects\aikido\firewall-dotnet\aikido.zen.test\bin\release\net9.0\aikido.zen.tests.dll" id="5ff5a065-9084-24be-1912-e230019a43a0">
      <Execution id="e7a97a94-ca99-45f1-ae3a-c4e49788810c" />
      <TestMethod codeBase="C:\projects\Aikido\firewall-dotnet\Aikido.Zen.Test\bin\Release\net9.0\Aikido.Zen.Tests.dll" adapterTypeName="executor://nunit3testexecutor/" className="Aikido.Zen.Test.Helpers.RouteHelperTests" name="MatchEndpoints_SpecificMethodOverWildcard_ShouldTakePrecedence" />
    </UnitTest>
    <UnitTest name="CaptureOutboundRequest_AddsHostnameToContext" storage="c:\projects\aikido\firewall-dotnet\aikido.zen.test\bin\release\net9.0\aikido.zen.tests.dll" id="b1afdefd-94d0-bc84-bf9c-bb5e8fd260a9">
      <Execution id="20c433cc-55ca-44df-8e74-29d54e8dd8cc" />
      <TestMethod codeBase="C:\projects\Aikido\firewall-dotnet\Aikido.Zen.Test\bin\Release\net9.0\Aikido.Zen.Tests.dll" adapterTypeName="executor://nunit3testexecutor/" className="Aikido.Zen.Test.AgentTests" name="CaptureOutboundRequest_AddsHostnameToContext" />
    </UnitTest>
    <UnitTest name="Clear_ShouldRemoveAllItems" storage="c:\projects\aikido\firewall-dotnet\aikido.zen.test\bin\release\net9.0\aikido.zen.tests.dll" id="191fdfa5-0829-92e0-8b8e-8c84a19496c3">
      <Execution id="1af8d398-3d27-4054-9e7f-55222ab8e447" />
      <TestMethod codeBase="C:\projects\Aikido\firewall-dotnet\Aikido.Zen.Test\bin\Release\net9.0\Aikido.Zen.Tests.dll" adapterTypeName="executor://nunit3testexecutor/" className="Aikido.Zen.Test.LRUCacheTests" name="Clear_ShouldRemoveAllItems" />
    </UnitTest>
    <UnitTest name="ShouldAddRoute_EdgeCases_ShouldReturnExpectedResult(null,&quot;GET&quot;,200,False)" storage="c:\projects\aikido\firewall-dotnet\aikido.zen.test\bin\release\net9.0\aikido.zen.tests.dll" id="59a22956-b6c9-f7d8-0763-a76712be7926">
      <Execution id="d193fd77-e53b-418d-b362-7c81b5c85372" />
      <TestMethod codeBase="C:\projects\Aikido\firewall-dotnet\Aikido.Zen.Test\bin\Release\net9.0\Aikido.Zen.Tests.dll" adapterTypeName="executor://nunit3testexecutor/" className="Aikido.Zen.Test.Helpers.RouteHelperTests" name="ShouldAddRoute_EdgeCases_ShouldReturnExpectedResult(null,&quot;GET&quot;,200,False)" />
    </UnitTest>
    <UnitTest name="UpdateConfig_ShouldUpdateAllConfigurationAspects" storage="c:\projects\aikido\firewall-dotnet\aikido.zen.test\bin\release\net9.0\aikido.zen.tests.dll" id="97a25907-e557-ed45-fdf3-1462f4770b4e">
      <Execution id="f2a3b034-a6c2-4a05-a617-ee5c1723900f" />
      <TestMethod codeBase="C:\projects\Aikido\firewall-dotnet\Aikido.Zen.Test\bin\Release\net9.0\Aikido.Zen.Tests.dll" adapterTypeName="executor://nunit3testexecutor/" className="Aikido.Zen.Test.AgentContextTests" name="UpdateConfig_ShouldUpdateAllConfigurationAspects" />
    </UnitTest>
    <UnitTest name="Test_Generic_ATTACK: Uppercase user input with SQL injection" storage="c:\projects\aikido\firewall-dotnet\aikido.zen.test\bin\release\net9.0\aikido.zen.tests.dll" id="20a25c8c-2401-2d65-187f-4baf0dd1658d">
      <Execution id="e6c7ddf5-8df0-4254-9288-40034c47fd4a" />
      <TestMethod codeBase="C:\projects\Aikido\firewall-dotnet\Aikido.Zen.Test\bin\Release\net9.0\Aikido.Zen.Tests.dll" adapterTypeName="executor://nunit3testexecutor/" className="Aikido.Zen.Test.SQLInjectionDetectorTests" name="Test_Generic_ATTACK: Uppercase user input with SQL injection" />
    </UnitTest>
    <UnitTest name="Clear_ShouldResetAllProperties" storage="c:\projects\aikido\firewall-dotnet\aikido.zen.test\bin\release\net9.0\aikido.zen.tests.dll" id="9f024a8f-bb0e-1061-a71b-1aacce70fb69">
      <Execution id="2e1b3897-27a8-4f85-9378-012d0728bc91" />
      <TestMethod codeBase="C:\projects\Aikido\firewall-dotnet\Aikido.Zen.Test\bin\Release\net9.0\Aikido.Zen.Tests.dll" adapterTypeName="executor://nunit3testexecutor/" className="Aikido.Zen.Test.AgentContextTests" name="Clear_ShouldResetAllProperties" />
    </UnitTest>
    <UnitTest name="AikidoRealtimeUrl_ShouldReturnDefaultValue_WhenEnvironmentVariableIsNotSet" storage="c:\projects\aikido\firewall-dotnet\aikido.zen.test\bin\release\net9.0\aikido.zen.tests.dll" id="8f069f15-5e53-a03d-86ea-84b646a7f001">
      <Execution id="43559483-f307-493a-982d-0f773b578206" />
      <TestMethod codeBase="C:\projects\Aikido\firewall-dotnet\Aikido.Zen.Test\bin\Release\net9.0\Aikido.Zen.Tests.dll" adapterTypeName="executor://nunit3testexecutor/" className="Aikido.Zen.Test.Helpers.EnvironmentHelperTests" name="AikidoRealtimeUrl_ShouldReturnDefaultValue_WhenEnvironmentVariableIsNotSet" />
    </UnitTest>
    <UnitTest name="CleanStackTrace_WithNullOrEmpty_ShouldReturnAsIs" storage="c:\projects\aikido\firewall-dotnet\aikido.zen.test\bin\release\net9.0\aikido.zen.tests.dll" id="59fedf9b-eb3b-4012-f62e-105d2ad0d89d">
      <Execution id="601ebeee-af03-41fe-bd60-87c5391480e0" />
      <TestMethod codeBase="C:\projects\Aikido\firewall-dotnet\Aikido.Zen.Test\bin\Release\net9.0\Aikido.Zen.Tests.dll" adapterTypeName="executor://nunit3testexecutor/" className="Aikido.Zen.Test.StackTraceHelperTests" name="CleanStackTrace_WithNullOrEmpty_ShouldReturnAsIs" />
    </UnitTest>
    <UnitTest name="QueueEvent_WithNullToken_ThrowsArgumentNullException" storage="c:\projects\aikido\firewall-dotnet\aikido.zen.test\bin\release\net9.0\aikido.zen.tests.dll" id="1df7a309-fd0a-9049-f289-613efb3972c0">
      <Execution id="7898762a-53e0-46ba-8701-6a378f3c9ec2" />
      <TestMethod codeBase="C:\projects\Aikido\firewall-dotnet\Aikido.Zen.Test\bin\Release\net9.0\Aikido.Zen.Tests.dll" adapterTypeName="executor://nunit3testexecutor/" className="Aikido.Zen.Test.AgentTests" name="QueueEvent_WithNullToken_ThrowsArgumentNullException" />
    </UnitTest>
    <UnitTest name="Test_SAFE: Leading spaces before the command" storage="c:\projects\aikido\firewall-dotnet\aikido.zen.test\bin\release\net9.0\aikido.zen.tests.dll" id="e520f233-832d-717e-4656-d3f3635ebec7">
      <Execution id="8242e952-d2f3-4048-bd56-6308fb110d1d" />
      <TestMethod codeBase="C:\projects\Aikido\firewall-dotnet\Aikido.Zen.Test\bin\Release\net9.0\Aikido.Zen.Tests.dll" adapterTypeName="executor://nunit3testexecutor/" className="Aikido.Zen.Test.ShellInjectionDetectorTests" name="Test_SAFE: Leading spaces before the command" />
    </UnitTest>
    <UnitTest name="CleanedStackTrace_ShouldCleanAndTruncate" storage="c:\projects\aikido\firewall-dotnet\aikido.zen.test\bin\release\net9.0\aikido.zen.tests.dll" id="7234906c-3496-aa23-d383-b9ca38ddfaf4">
      <Execution id="08cf25d0-1345-49b3-8147-ce9bd275e752" />
      <TestMethod codeBase="C:\projects\Aikido\firewall-dotnet\Aikido.Zen.Test\bin\Release\net9.0\Aikido.Zen.Tests.dll" adapterTypeName="executor://nunit3testexecutor/" className="Aikido.Zen.Test.StackTraceHelperTests" name="CleanedStackTrace_ShouldCleanAndTruncate" />
    </UnitTest>
    <UnitTest name="CaptureRequest_WithHttpsUri_ExtractsHostAndPort" storage="c:\projects\aikido\firewall-dotnet\aikido.zen.test\bin\release\net9.0\aikido.zen.tests.dll" id="d3229a86-23f9-a7d5-d8ab-9666f18c3a6f">
      <Execution id="59b4b508-55b3-4352-b447-bbf733ab6e65" />
      <TestMethod codeBase="C:\projects\Aikido\firewall-dotnet\Aikido.Zen.Test\bin\Release\net9.0\Aikido.Zen.Tests.dll" adapterTypeName="executor://nunit3testexecutor/" className="Aikido.Zen.Test.HttpWebRequestPatchTests" name="CaptureRequest_WithHttpsUri_ExtractsHostAndPort" />
    </UnitTest>
    <UnitTest name="IsAllowed_ShouldIncrementCounterCorrectly" storage="c:\projects\aikido\firewall-dotnet\aikido.zen.test\bin\release\net9.0\aikido.zen.tests.dll" id="9d0d31f5-8749-6faf-1245-2a7444733c65">
      <Execution id="fe4ba534-30d1-4968-89b7-1ebaae8d14a4" />
      <TestMethod codeBase="C:\projects\Aikido\firewall-dotnet\Aikido.Zen.Test\bin\Release\net9.0\Aikido.Zen.Tests.dll" adapterTypeName="executor://nunit3testexecutor/" className="Aikido.Zen.Test.Helpers.RateLimitingHelperTests" name="IsAllowed_ShouldIncrementCounterCorrectly" />
    </UnitTest>
    <UnitTest name="IsSQLInjection_WithEmptyQuery_ReturnsFalse" storage="c:\projects\aikido\firewall-dotnet\aikido.zen.test\bin\release\net9.0\aikido.zen.tests.dll" id="83bbe348-7665-ec05-a621-7a51ae601c21">
      <Execution id="81212d4d-a8b0-43a5-8576-80214b6f039a" />
      <TestMethod codeBase="C:\projects\Aikido\firewall-dotnet\Aikido.Zen.Test\bin\Release\net9.0\Aikido.Zen.Tests.dll" adapterTypeName="executor://nunit3testexecutor/" className="Aikido.Zen.Test.SQLInjectionDetectorTests" name="IsSQLInjection_WithEmptyQuery_ReturnsFalse" />
    </UnitTest>
    <UnitTest name="LooksLikeASecret_WordSeparators_ReturnsFalse" storage="c:\projects\aikido\firewall-dotnet\aikido.zen.test\bin\release\net9.0\aikido.zen.tests.dll" id="f95c51a3-77e6-220d-003d-5a9eec03688a">
      <Execution id="6b3f3110-249e-4144-95c1-5e1a7702f53a" />
      <TestMethod codeBase="C:\projects\Aikido\firewall-dotnet\Aikido.Zen.Test\bin\Release\net9.0\Aikido.Zen.Tests.dll" adapterTypeName="executor://nunit3testexecutor/" className="Aikido.Zen.Test.Helpers.RouteParameterHelperTests" name="LooksLikeASecret_WordSeparators_ReturnsFalse" />
    </UnitTest>
    <UnitTest name="Test_SAFE: Space within quotes" storage="c:\projects\aikido\firewall-dotnet\aikido.zen.test\bin\release\net9.0\aikido.zen.tests.dll" id="4dfbad7b-5779-2c0d-b9d1-bdfd91b36be4">
      <Execution id="ea46db59-56cc-45c8-bfc3-5d57a2fa55b0" />
      <TestMethod codeBase="C:\projects\Aikido\firewall-dotnet\Aikido.Zen.Test\bin\Release\net9.0\Aikido.Zen.Tests.dll" adapterTypeName="executor://nunit3testexecutor/" className="Aikido.Zen.Test.ShellInjectionDetectorTests" name="Test_SAFE: Space within quotes" />
    </UnitTest>
    <UnitTest name="Test_Identical paths with directory" storage="c:\projects\aikido\firewall-dotnet\aikido.zen.test\bin\release\net9.0\aikido.zen.tests.dll" id="49dbeb7a-d244-fa9a-af24-718f8d4bce70">
      <Execution id="d640fc35-ce08-471b-8d56-c5685394e08c" />
      <TestMethod codeBase="C:\projects\Aikido\firewall-dotnet\Aikido.Zen.Test\bin\Release\net9.0\Aikido.Zen.Tests.dll" adapterTypeName="executor://nunit3testexecutor/" className="Aikido.Zen.Test.PathTraversalDetectorTests" name="Test_Identical paths with directory" />
    </UnitTest>
    <UnitTest name="MatchEndpoints_NoMatches_ShouldReturnEmptyList" storage="c:\projects\aikido\firewall-dotnet\aikido.zen.test\bin\release\net9.0\aikido.zen.tests.dll" id="a1d3ddd3-8649-2b3a-7f24-8af671e83940">
      <Execution id="91e79329-1747-4bb8-90bc-95153c8803ca" />
      <TestMethod codeBase="C:\projects\Aikido\firewall-dotnet\Aikido.Zen.Test\bin\Release\net9.0\Aikido.Zen.Tests.dll" adapterTypeName="executor://nunit3testexecutor/" className="Aikido.Zen.Test.Helpers.RouteHelperTests" name="MatchEndpoints_NoMatches_ShouldReturnEmptyList" />
    </UnitTest>
    <UnitTest name="LooksLikeASecret_KnownSecrets_ReturnsTrue(&quot;Gic*EfMq:^MQ|ZcmX:yW1&quot;)" storage="c:\projects\aikido\firewall-dotnet\aikido.zen.test\bin\release\net9.0\aikido.zen.tests.dll" id="8e81702c-21ef-bea3-72ae-f83b1f7c59e9">
      <Execution id="b88b67c0-829c-42ae-9dd3-f9f555c11fe7" />
      <TestMethod codeBase="C:\projects\Aikido\firewall-dotnet\Aikido.Zen.Test\bin\Release\net9.0\Aikido.Zen.Tests.dll" adapterTypeName="executor://nunit3testexecutor/" className="Aikido.Zen.Test.Helpers.RouteParameterHelperTests" name="LooksLikeASecret_KnownSecrets_ReturnsTrue(&quot;Gic*EfMq:^MQ|ZcmX:yW1&quot;)" />
    </UnitTest>
    <UnitTest name="GetApiAuthType_WithBearerToken_ReturnsHttpBearer" storage="c:\projects\aikido\firewall-dotnet\aikido.zen.test\bin\release\net9.0\aikido.zen.tests.dll" id="c6344099-aba7-e194-ee86-3b450a01d138">
      <Execution id="3cf70589-39d0-4329-a34b-1e0dc8d8a936" />
      <TestMethod codeBase="C:\projects\Aikido\firewall-dotnet\Aikido.Zen.Test\bin\Release\net9.0\Aikido.Zen.Tests.dll" adapterTypeName="executor://nunit3testexecutor/" className="Aikido.Zen.Test.Helpers.ApiAuthTypeHelperTests" name="GetApiAuthType_WithBearerToken_ReturnsHttpBearer" />
    </UnitTest>
    <UnitTest name="PathIsSingleRouteParameter_VariousPaths_ReturnsExpectedResult(&quot;/api/v1/test&quot;,False)" storage="c:\projects\aikido\firewall-dotnet\aikido.zen.test\bin\release\net9.0\aikido.zen.tests.dll" id="753320b4-c130-7ba4-bb0a-9f8ec5f72a29">
      <Execution id="27ffbf33-6733-41e2-b68a-b150a73d22c2" />
      <TestMethod codeBase="C:\projects\Aikido\firewall-dotnet\Aikido.Zen.Test\bin\Release\net9.0\Aikido.Zen.Tests.dll" adapterTypeName="executor://nunit3testexecutor/" className="Aikido.Zen.Test.Helpers.RouteHelperTests" name="PathIsSingleRouteParameter_VariousPaths_ReturnsExpectedResult(&quot;/api/v1/test&quot;,False)" />
    </UnitTest>
    <UnitTest name="MergeDataSchemas_WithSimpleTypes_MergesCorrectly" storage="c:\projects\aikido\firewall-dotnet\aikido.zen.test\bin\release\net9.0\aikido.zen.tests.dll" id="8e7d23c0-0529-6a7a-d07e-229f39db6fcf">
      <Execution id="1d400e1c-bba0-4acf-af7a-fc2499ebe951" />
      <TestMethod codeBase="C:\projects\Aikido\firewall-dotnet\Aikido.Zen.Test\bin\Release\net9.0\Aikido.Zen.Tests.dll" adapterTypeName="executor://nunit3testexecutor/" className="Aikido.Zen.Test.Helpers.SchemaHelperTests" name="MergeDataSchemas_WithSimpleTypes_MergesCorrectly" />
    </UnitTest>
    <UnitTest name="GetApiInfo_WithNoContentTypeAndEmptyBody_ReturnsNull" storage="c:\projects\aikido\firewall-dotnet\aikido.zen.test\bin\release\net9.0\aikido.zen.tests.dll" id="61dd3d6e-e845-9e58-718c-b737b7b7e095">
      <Execution id="1aef31a7-5968-44b7-a610-221f7a86c349" />
      <TestMethod codeBase="C:\projects\Aikido\firewall-dotnet\Aikido.Zen.Test\bin\Release\net9.0\Aikido.Zen.Tests.dll" adapterTypeName="executor://nunit3testexecutor/" className="Aikido.Zen.Test.Helpers.ApiInfoHelperTests" name="GetApiInfo_WithNoContentTypeAndEmptyBody_ReturnsNull" />
    </UnitTest>
    <UnitTest name="UpdateApiInfo_ExceedingMaxSamples_DoesNotUpdate" storage="c:\projects\aikido\firewall-dotnet\aikido.zen.test\bin\release\net9.0\aikido.zen.tests.dll" id="b4c41dbb-96da-451e-b513-1f3550617ccd">
      <Execution id="aa80823d-ea25-4f5f-bc09-e9272496907d" />
      <TestMethod codeBase="C:\projects\Aikido\firewall-dotnet\Aikido.Zen.Test\bin\Release\net9.0\Aikido.Zen.Tests.dll" adapterTypeName="executor://nunit3testexecutor/" className="Aikido.Zen.Test.Helpers.ApiInfoHelperTests" name="UpdateApiInfo_ExceedingMaxSamples_DoesNotUpdate" />
    </UnitTest>
    <UnitTest name="GetDataSchema_WithComplexObject_ReturnsCorrectSchema" storage="c:\projects\aikido\firewall-dotnet\aikido.zen.test\bin\release\net9.0\aikido.zen.tests.dll" id="a2291ab2-166f-5a9c-4f0e-9d0066f84512">
      <Execution id="e4d5a195-b3d4-433d-b0d3-9af707ef324f" />
      <TestMethod codeBase="C:\projects\Aikido\firewall-dotnet\Aikido.Zen.Test\bin\Release\net9.0\Aikido.Zen.Tests.dll" adapterTypeName="executor://nunit3testexecutor/" className="Aikido.Zen.Test.Helpers.DataSchemaHelperTests" name="GetDataSchema_WithComplexObject_ReturnsCorrectSchema" />
    </UnitTest>
    <UnitTest name="MatchEndpoints_SpecificMethodWithWildcardRoute_ShouldMatch" storage="c:\projects\aikido\firewall-dotnet\aikido.zen.test\bin\release\net9.0\aikido.zen.tests.dll" id="c6c86d3b-8303-8970-bcb9-05f13ff637a2">
      <Execution id="c9f70ca8-1513-4e1e-9085-30bd54e77d46" />
      <TestMethod codeBase="C:\projects\Aikido\firewall-dotnet\Aikido.Zen.Test\bin\Release\net9.0\Aikido.Zen.Tests.dll" adapterTypeName="executor://nunit3testexecutor/" className="Aikido.Zen.Test.Helpers.RouteHelperTests" name="MatchEndpoints_SpecificMethodWithWildcardRoute_ShouldMatch" />
    </UnitTest>
    <UnitTest name="DebugLog_ShouldSanitizeMessage_WhenMessageContainsDangerousCharacters" storage="c:\projects\aikido\firewall-dotnet\aikido.zen.test\bin\release\net9.0\aikido.zen.tests.dll" id="e6edacc4-c706-0026-4b36-a0ac04b81562">
      <Execution id="d7cecc2e-1090-49ca-9798-9f3531d3f5f4" />
      <TestMethod codeBase="C:\projects\Aikido\firewall-dotnet\Aikido.Zen.Test\bin\Release\net9.0\Aikido.Zen.Tests.dll" adapterTypeName="executor://nunit3testexecutor/" className="Aikido.Zen.Test.Helpers.LogHelperTests" name="DebugLog_ShouldSanitizeMessage_WhenMessageContainsDangerousCharacters" />
    </UnitTest>
    <UnitTest name="DetectPathTraversal_WithNullInput_ReturnsFalse" storage="c:\projects\aikido\firewall-dotnet\aikido.zen.test\bin\release\net9.0\aikido.zen.tests.dll" id="887d029e-4860-5b15-4c07-378bcd7bf245">
      <Execution id="dac9b193-435c-42bd-91e8-a8f795d4a351" />
      <TestMethod codeBase="C:\projects\Aikido\firewall-dotnet\Aikido.Zen.Test\bin\Release\net9.0\Aikido.Zen.Tests.dll" adapterTypeName="executor://nunit3testexecutor/" className="Aikido.Zen.Test.PathTraversalDetectorTests" name="DetectPathTraversal_WithNullInput_ReturnsFalse" />
    </UnitTest>
    <UnitTest name="Test_SAFE: Mixed argument types with internal spaces" storage="c:\projects\aikido\firewall-dotnet\aikido.zen.test\bin\release\net9.0\aikido.zen.tests.dll" id="0c4a2e93-35d8-b96a-49a6-10a1b4574f19">
      <Execution id="9a304579-ac86-4e03-9749-9c7da0537aa4" />
      <TestMethod codeBase="C:\projects\Aikido\firewall-dotnet\Aikido.Zen.Test\bin\Release\net9.0\Aikido.Zen.Tests.dll" adapterTypeName="executor://nunit3testexecutor/" className="Aikido.Zen.Test.ShellInjectionDetectorTests" name="Test_SAFE: Mixed argument types with internal spaces" />
    </UnitTest>
    <UnitTest name="GetSourceFromUserInputPath_ShouldIdentifyCorrectSource" storage="c:\projects\aikido\firewall-dotnet\aikido.zen.test\bin\release\net9.0\aikido.zen.tests.dll" id="e78b7483-c1c1-894d-5f1c-638d65739471">
      <Execution id="341cc22c-b43f-48fa-9b06-60be48186ba0" />
      <TestMethod codeBase="C:\projects\Aikido\firewall-dotnet\Aikido.Zen.Test\bin\Release\net9.0\Aikido.Zen.Tests.dll" adapterTypeName="executor://nunit3testexecutor/" className="Aikido.Zen.Test.Helpers.HttpHelperTests" name="GetSourceFromUserInputPath_ShouldIdentifyCorrectSource" />
    </UnitTest>
    <UnitTest name="Test_SAFE: Encapsulated special character ||" storage="c:\projects\aikido\firewall-dotnet\aikido.zen.test\bin\release\net9.0\aikido.zen.tests.dll" id="1a107d84-d5d3-a539-cfb2-9a52e39a3ebe">
      <Execution id="c111f03d-9212-4b9e-be4b-d2d6cac1a1b3" />
      <TestMethod codeBase="C:\projects\Aikido\firewall-dotnet\Aikido.Zen.Test\bin\Release\net9.0\Aikido.Zen.Tests.dll" adapterTypeName="executor://nunit3testexecutor/" className="Aikido.Zen.Test.ShellInjectionDetectorTests" name="Test_SAFE: Encapsulated special character ||" />
    </UnitTest>
    <UnitTest name="MatchRoute_ShouldReturnExpectedResult(&quot;invalid:route.?a?=&amp;&quot;,&quot;/api/123/details/456/info?query=1#section&quot;,False)" storage="c:\projects\aikido\firewall-dotnet\aikido.zen.test\bin\release\net9.0\aikido.zen.tests.dll" id="552f8966-d501-e2f0-a0d6-ebd8174adcef">
      <Execution id="47e0c655-bf43-40c8-902a-385a19cc3890" />
      <TestMethod codeBase="C:\projects\Aikido\firewall-dotnet\Aikido.Zen.Test\bin\Release\net9.0\Aikido.Zen.Tests.dll" adapterTypeName="executor://nunit3testexecutor/" className="Aikido.Zen.Test.Helpers.RouteHelperTests" name="MatchRoute_ShouldReturnExpectedResult(&quot;invalid:route.?a?=&amp;&quot;,&quot;/api/123/details/456/info?query=1#section&quot;,False)" />
    </UnitTest>
    <UnitTest name="ContainsPrivateIPAddress_ShouldReturnFalse_ForPublicIPs" storage="c:\projects\aikido\firewall-dotnet\aikido.zen.test\bin\release\net9.0\aikido.zen.tests.dll" id="8cfb50ed-479d-5a09-e475-a74249f15c09">
      <Execution id="3a5dc556-708f-4fa4-9f39-ee9603c66fc3" />
      <TestMethod codeBase="C:\projects\Aikido\firewall-dotnet\Aikido.Zen.Test\bin\Release\net9.0\Aikido.Zen.Tests.dll" adapterTypeName="executor://nunit3testexecutor/" className="Aikido.Zen.Test.Helpers.IPHelperTests" name="ContainsPrivateIPAddress_ShouldReturnFalse_ForPublicIPs" />
    </UnitTest>
    <UnitTest name="Test_INJECTION: Unsafe use of variable with braces" storage="c:\projects\aikido\firewall-dotnet\aikido.zen.test\bin\release\net9.0\aikido.zen.tests.dll" id="cfc6bec3-0f68-0c15-e1bf-9fad46d7cd5e">
      <Execution id="0692e688-15d8-496f-9020-a55fff47b912" />
      <TestMethod codeBase="C:\projects\Aikido\firewall-dotnet\Aikido.Zen.Test\bin\Release\net9.0\Aikido.Zen.Tests.dll" adapterTypeName="executor://nunit3testexecutor/" className="Aikido.Zen.Test.ShellInjectionDetectorTests" name="Test_INJECTION: Unsafe use of variable with braces" />
    </UnitTest>
    <UnitTest name="InsertRange_ShouldHandleOverlappingRanges" storage="c:\projects\aikido\firewall-dotnet\aikido.zen.test\bin\release\net9.0\aikido.zen.tests.dll" id="deb5c3f3-1dfd-6458-6e3b-584f9fbb2629">
      <Execution id="7320a498-9dec-4dad-8a9e-f672a36ca513" />
      <TestMethod codeBase="C:\projects\Aikido\firewall-dotnet\Aikido.Zen.Test\bin\Release\net9.0\Aikido.Zen.Tests.dll" adapterTypeName="executor://nunit3testexecutor/" className="Aikido.Zen.Test.IPRangeTests" name="InsertRange_ShouldHandleOverlappingRanges" />
    </UnitTest>
    <UnitTest name="Test_INJECTION: Command substitution with $(echo) inside double quotes" storage="c:\projects\aikido\firewall-dotnet\aikido.zen.test\bin\release\net9.0\aikido.zen.tests.dll" id="999b95b2-ed6c-4f81-565a-8333094dd759">
      <Execution id="88f630dc-ef33-4dee-9ec8-d55fe18fcfee" />
      <TestMethod codeBase="C:\projects\Aikido\firewall-dotnet\Aikido.Zen.Test\bin\Release\net9.0\Aikido.Zen.Tests.dll" adapterTypeName="executor://nunit3testexecutor/" className="Aikido.Zen.Test.ShellInjectionDetectorTests" name="Test_INJECTION: Command substitution with $(echo) inside double quotes" />
    </UnitTest>
  </TestDefinitions>
  <TestEntries>
    <TestEntry testId="fc8f891f-d783-2c56-c5e5-94f46fa35a27" executionId="e104a817-a4aa-4e56-ada7-25bd5cc2b6d9" testListId="8c84fa94-04c1-424b-9868-57a2d4851a1d" />
    <TestEntry testId="a2cda112-acbb-4f81-2a5e-ffc1df1b35f8" executionId="409ff5dc-6ea6-4756-ab4b-c0d56bf26e44" testListId="8c84fa94-04c1-424b-9868-57a2d4851a1d" />
    <TestEntry testId="ee27212a-d595-d8d9-b39f-fe50a1cdfe72" executionId="fb41a381-d479-4fbd-bd1c-aa99a4a42da1" testListId="8c84fa94-04c1-424b-9868-57a2d4851a1d" />
    <TestEntry testId="1f7e74c2-cc7f-7622-167c-76cb372c2d93" executionId="f7a2e961-aa93-40d9-a880-1e2d72b7683b" testListId="8c84fa94-04c1-424b-9868-57a2d4851a1d" />
    <TestEntry testId="c285d669-423b-9a8c-6f48-24c944824162" executionId="21f6c1ae-e59f-42e7-bef7-e94fbb2547c6" testListId="8c84fa94-04c1-424b-9868-57a2d4851a1d" />
    <TestEntry testId="b30178f1-34c0-ff95-738b-0763e400298a" executionId="f5d542e6-5c1d-4f3b-a89a-85e45eba6dc2" testListId="8c84fa94-04c1-424b-9868-57a2d4851a1d" />
    <TestEntry testId="deb5c3f3-1dfd-6458-6e3b-584f9fbb2629" executionId="7320a498-9dec-4dad-8a9e-f672a36ca513" testListId="8c84fa94-04c1-424b-9868-57a2d4851a1d" />
    <TestEntry testId="097aaa7d-692e-d4bf-ce7b-eadf5cab7227" executionId="bd4cddbe-f42a-497d-afc4-d2196daa3799" testListId="8c84fa94-04c1-424b-9868-57a2d4851a1d" />
    <TestEntry testId="8247b3e5-47d6-8bc1-44f4-63d886d05d77" executionId="7a7fd1f6-5ec6-4b19-a7ed-7b095d7e41ac" testListId="8c84fa94-04c1-424b-9868-57a2d4851a1d" />
    <TestEntry testId="75d227a4-1f0e-7e9b-43af-0eecd1c45c32" executionId="9f26b134-c4e7-4999-83d2-b3fba228edeb" testListId="8c84fa94-04c1-424b-9868-57a2d4851a1d" />
    <TestEntry testId="bcc847af-8da0-ad6a-9970-81aca837c329" executionId="4fc809c7-d7ee-42f0-88b2-132a30a5e1ad" testListId="8c84fa94-04c1-424b-9868-57a2d4851a1d" />
    <TestEntry testId="a9413362-9e7e-4224-488f-9a31bc3960a1" executionId="ffaf5178-eab9-4e8f-b5bd-3d1a8844ae5b" testListId="8c84fa94-04c1-424b-9868-57a2d4851a1d" />
    <TestEntry testId="01cce852-e777-afe1-f22b-0399a6ef969a" executionId="2ac6574d-7d18-4d39-bd74-aea293fa29bd" testListId="8c84fa94-04c1-424b-9868-57a2d4851a1d" />
    <TestEntry testId="887d029e-4860-5b15-4c07-378bcd7bf245" executionId="dac9b193-435c-42bd-91e8-a8f795d4a351" testListId="8c84fa94-04c1-424b-9868-57a2d4851a1d" />
    <TestEntry testId="c6a64f23-1c6b-d0ce-0ec5-6091efc41d7f" executionId="2e208344-524c-44e3-9ad4-fbad32a1cd87" testListId="8c84fa94-04c1-424b-9868-57a2d4851a1d" />
    <TestEntry testId="2bbba20d-9dc2-ba83-df11-49e089af2ea3" executionId="f3a96e62-b64d-4d4c-8e2a-df6375e95795" testListId="8c84fa94-04c1-424b-9868-57a2d4851a1d" />
    <TestEntry testId="5d59332f-74d9-f4e9-637e-026048f4fe95" executionId="0119ae61-c7e1-4fb5-950e-e80419600cc4" testListId="8c84fa94-04c1-424b-9868-57a2d4851a1d" />
    <TestEntry testId="c6e09c71-a837-3793-7059-dccc701831e6" executionId="51912cc0-ace0-490a-b3fc-dfe4370962b9" testListId="8c84fa94-04c1-424b-9868-57a2d4851a1d" />
    <TestEntry testId="761b56df-6e3e-b423-b67d-1e4193a96e72" executionId="a19b2c3c-8210-45cd-8a7c-cfa2f1a5a9db" testListId="8c84fa94-04c1-424b-9868-57a2d4851a1d" />
    <TestEntry testId="6094a839-c959-bfa4-53ba-57ff51f5a464" executionId="e133ea51-f903-486a-8ba2-b54c9c53fbb5" testListId="8c84fa94-04c1-424b-9868-57a2d4851a1d" />
    <TestEntry testId="df1f6ff0-c43f-b511-fd20-40b6493dfbeb" executionId="39c45e27-cd16-4733-8f9b-9222b1d64cce" testListId="8c84fa94-04c1-424b-9868-57a2d4851a1d" />
    <TestEntry testId="03bacf20-f8bb-9875-7be9-4a8ac9f70beb" executionId="d0ce23b0-7e0c-452b-b6e4-1c32470f873c" testListId="8c84fa94-04c1-424b-9868-57a2d4851a1d" />
    <TestEntry testId="e7a39184-974a-42ac-8dbf-2dae9e1f3cad" executionId="592eee1e-01c6-41e5-ac49-2e4d5724a8de" testListId="8c84fa94-04c1-424b-9868-57a2d4851a1d" />
    <TestEntry testId="01663e64-0ca8-64cd-0fa3-e5f91de9da90" executionId="7544710e-a287-40ca-99e5-1f97595a29c9" testListId="8c84fa94-04c1-424b-9868-57a2d4851a1d" />
    <TestEntry testId="b052ad76-8b80-3dcc-ad28-ddf8ba85e6ad" executionId="7909e580-7ce1-49bb-86cd-834081bd3cdd" testListId="8c84fa94-04c1-424b-9868-57a2d4851a1d" />
    <TestEntry testId="c6344099-aba7-e194-ee86-3b450a01d138" executionId="3cf70589-39d0-4329-a34b-1e0dc8d8a936" testListId="8c84fa94-04c1-424b-9868-57a2d4851a1d" />
    <TestEntry testId="5a08dad3-9edb-464b-fad6-3f7ff42d7db3" executionId="a63abf1d-62d3-457b-866c-452afaf9862b" testListId="8c84fa94-04c1-424b-9868-57a2d4851a1d" />
    <TestEntry testId="3c99b4d8-a61b-d00c-7526-64baddb13b0f" executionId="f1650015-9c7d-4685-98c0-a86d3d5e7b63" testListId="8c84fa94-04c1-424b-9868-57a2d4851a1d" />
    <TestEntry testId="c795cace-aa78-f3a4-02e1-b68aff9f67e6" executionId="e3fd4684-ffac-4f63-b55d-df2f4e6098a2" testListId="8c84fa94-04c1-424b-9868-57a2d4851a1d" />
    <TestEntry testId="7f5c7173-3414-00a1-fb37-b765dd3020d1" executionId="39119dc3-1c39-4db2-bc75-180abecb4671" testListId="8c84fa94-04c1-424b-9868-57a2d4851a1d" />
    <TestEntry testId="a3549b38-83a4-812f-ff47-a1ff962ece3f" executionId="7939989b-4a78-4141-9620-481acbcc99a8" testListId="8c84fa94-04c1-424b-9868-57a2d4851a1d" />
    <TestEntry testId="334a77a6-f7c5-79fb-bbd7-3954f4d091fd" executionId="4a1ba446-d54c-4e8c-a053-8e2692f39550" testListId="8c84fa94-04c1-424b-9868-57a2d4851a1d" />
    <TestEntry testId="46dd0bec-3b43-cbe3-11f0-ee0995fd98aa" executionId="354a90e8-4950-4bb2-984b-22456b10e5ea" testListId="8c84fa94-04c1-424b-9868-57a2d4851a1d" />
    <TestEntry testId="410774e8-0d74-de7e-0620-19153cd8eef3" executionId="992f0806-20c6-4b46-b868-2b352abd0328" testListId="8c84fa94-04c1-424b-9868-57a2d4851a1d" />
    <TestEntry testId="6d0d439b-2ed1-9641-902d-f455ab0ded93" executionId="59d805e6-7701-4543-87ab-7e9aac6717a6" testListId="8c84fa94-04c1-424b-9868-57a2d4851a1d" />
    <TestEntry testId="b1afdefd-94d0-bc84-bf9c-bb5e8fd260a9" executionId="20c433cc-55ca-44df-8e74-29d54e8dd8cc" testListId="8c84fa94-04c1-424b-9868-57a2d4851a1d" />
    <TestEntry testId="95681d15-85a0-d870-358b-7f80494353d3" executionId="1ca59840-0d1c-4332-8d52-83b01f7303b9" testListId="8c84fa94-04c1-424b-9868-57a2d4851a1d" />
    <TestEntry testId="6d668cba-9916-e7fb-622d-e26d25ebe76b" executionId="d1e9e26b-8835-4f5a-9326-8d392232478f" testListId="8c84fa94-04c1-424b-9868-57a2d4851a1d" />
    <TestEntry testId="b4507d6d-d876-f677-667e-9c3c1399d1c3" executionId="4f87813a-edb2-4c05-af26-1d77454cc669" testListId="8c84fa94-04c1-424b-9868-57a2d4851a1d" />
    <TestEntry testId="e6132e8e-5813-701c-2a38-83ab5ba6e2db" executionId="1a001163-53cf-4c28-95c8-6b1c8421a9a9" testListId="8c84fa94-04c1-424b-9868-57a2d4851a1d" />
    <TestEntry testId="cc7ca5e5-642c-3844-4002-9ed9e0afb328" executionId="e8dc4fa0-dc6b-4a74-9367-de2c242e866f" testListId="8c84fa94-04c1-424b-9868-57a2d4851a1d" />
    <TestEntry testId="999b95b2-ed6c-4f81-565a-8333094dd759" executionId="88f630dc-ef33-4dee-9ec8-d55fe18fcfee" testListId="8c84fa94-04c1-424b-9868-57a2d4851a1d" />
    <TestEntry testId="cfd593ac-2a09-215e-9a61-af80df6a687b" executionId="9e4f1a8c-9e50-41bd-a1c9-00de3c21571e" testListId="8c84fa94-04c1-424b-9868-57a2d4851a1d" />
    <TestEntry testId="7cc56d5e-fa5f-5b35-4998-a7ca5adb2adc" executionId="7c555279-e743-4a62-a8d0-6108ca3a5874" testListId="8c84fa94-04c1-424b-9868-57a2d4851a1d" />
    <TestEntry testId="586bbae1-688e-ee14-8220-8628e87062db" executionId="09cbcde4-dd99-42ba-8600-b5281a393218" testListId="8c84fa94-04c1-424b-9868-57a2d4851a1d" />
    <TestEntry testId="f130b72e-7bac-4dcc-380a-8fd6e22cf05c" executionId="df4c4df8-ec85-4b12-a40e-8775a161bb66" testListId="8c84fa94-04c1-424b-9868-57a2d4851a1d" />
    <TestEntry testId="23d8f209-5ae9-72dc-0fe3-5fe64c7d131d" executionId="414bbfd3-7c51-4b46-a9f3-847f7c95d633" testListId="8c84fa94-04c1-424b-9868-57a2d4851a1d" />
    <TestEntry testId="bfc2cb6d-0318-6bfd-e893-5add16beb864" executionId="31996ad5-e600-4eea-9cc8-5a341f89c0cf" testListId="8c84fa94-04c1-424b-9868-57a2d4851a1d" />
    <TestEntry testId="75834556-3459-7e67-b8d8-8b78f670e2d8" executionId="b5e4210e-d8cf-4538-9159-438133a7253f" testListId="8c84fa94-04c1-424b-9868-57a2d4851a1d" />
    <TestEntry testId="51584482-b1bb-8e50-76c9-28cfa7ff3c35" executionId="66e05623-96e9-488c-95e6-427f08116778" testListId="8c84fa94-04c1-424b-9868-57a2d4851a1d" />
    <TestEntry testId="e78b7483-c1c1-894d-5f1c-638d65739471" executionId="341cc22c-b43f-48fa-9b06-60be48186ba0" testListId="8c84fa94-04c1-424b-9868-57a2d4851a1d" />
    <TestEntry testId="3934b725-f8fa-3d6d-d1c7-9cd20781006f" executionId="1353eb0f-6d7b-4ad0-bfe1-cca617cf1a49" testListId="8c84fa94-04c1-424b-9868-57a2d4851a1d" />
    <TestEntry testId="fab9d63c-8663-cd1b-fc0a-e7b9525a7f49" executionId="fa7e97e2-604c-4768-9934-24112265cb29" testListId="8c84fa94-04c1-424b-9868-57a2d4851a1d" />
    <TestEntry testId="93c44f9c-ca83-60ae-b608-474ea2d32e38" executionId="40d3665b-22ed-4fd8-bbb9-5335f9c0e98f" testListId="8c84fa94-04c1-424b-9868-57a2d4851a1d" />
    <TestEntry testId="00b36dc3-e770-6765-d35d-d0e3e58b069c" executionId="e0d175ef-0d76-401d-9602-9edd95960707" testListId="8c84fa94-04c1-424b-9868-57a2d4851a1d" />
    <TestEntry testId="fd7132f6-845a-5e3a-81e9-ae1166b95555" executionId="929ab02d-4bc6-48a4-82ef-1b9dcc46ad5c" testListId="8c84fa94-04c1-424b-9868-57a2d4851a1d" />
    <TestEntry testId="50dc03f6-b4cf-9fec-f5e6-443889f7bc6b" executionId="b4ba7e92-410b-4e31-878a-42d334169b96" testListId="8c84fa94-04c1-424b-9868-57a2d4851a1d" />
    <TestEntry testId="9ddf4d1f-754f-7716-3e7d-84ec427a3896" executionId="126d406f-1b72-4ee7-921c-0b5d1e485c79" testListId="8c84fa94-04c1-424b-9868-57a2d4851a1d" />
    <TestEntry testId="4943e6bf-1af6-c5e0-349e-b1f889106d29" executionId="ac10a8fe-a85b-4e62-b929-4e4be484e3c9" testListId="8c84fa94-04c1-424b-9868-57a2d4851a1d" />
    <TestEntry testId="26916a88-9069-eb80-63f1-1e64883f9aee" executionId="4c6a3434-fd82-46f3-8605-aab3d779c86b" testListId="8c84fa94-04c1-424b-9868-57a2d4851a1d" />
    <TestEntry testId="6295c945-19d9-2ff6-2b9f-e16807e7eb35" executionId="3235ba18-5a76-4151-b6e0-bb9a423182dc" testListId="8c84fa94-04c1-424b-9868-57a2d4851a1d" />
    <TestEntry testId="3f621fee-01de-03ec-b372-55624b3cf14d" executionId="548d5eb9-5d37-4658-9d34-20e146279e4e" testListId="8c84fa94-04c1-424b-9868-57a2d4851a1d" />
    <TestEntry testId="c2bb81e7-7fc6-f11c-5ddc-7fc1abce030c" executionId="b0612f47-eee4-4e23-98d1-f6e7fd11763f" testListId="8c84fa94-04c1-424b-9868-57a2d4851a1d" />
    <TestEntry testId="d97c4ea4-dee4-e192-af46-bb86b1c45f25" executionId="cf25f549-5afb-4a2b-ae58-5fd4c21e1bad" testListId="8c84fa94-04c1-424b-9868-57a2d4851a1d" />
    <TestEntry testId="ff230833-430c-e726-0abd-7afe986a53b6" executionId="c7b936c5-6082-4375-b8c3-1dd0859f89cb" testListId="8c84fa94-04c1-424b-9868-57a2d4851a1d" />
    <TestEntry testId="9a549657-a7f4-965b-3c1e-dcfe050d5ea9" executionId="7b801c56-ff6a-4f16-8a73-2cc9d6668118" testListId="8c84fa94-04c1-424b-9868-57a2d4851a1d" />
    <TestEntry testId="12d6e844-ca10-0fa8-fdb1-c4ee28d65daa" executionId="a66b4931-963b-4b22-8f79-d1d6dadf5e6c" testListId="8c84fa94-04c1-424b-9868-57a2d4851a1d" />
    <TestEntry testId="449b56b7-4b05-e089-98b5-8f26a61191d6" executionId="5b45862a-bc61-4954-978d-534d2ad1857e" testListId="8c84fa94-04c1-424b-9868-57a2d4851a1d" />
    <TestEntry testId="9f0e753b-8ae6-f72a-73ad-778e859af528" executionId="e916360d-5ed5-4abd-b95e-988ca3ee0224" testListId="8c84fa94-04c1-424b-9868-57a2d4851a1d" />
    <TestEntry testId="770c19d5-6c07-0331-bd28-2a36a5a38d05" executionId="feed7da7-3300-4ad3-a61a-d579694214f8" testListId="8c84fa94-04c1-424b-9868-57a2d4851a1d" />
    <TestEntry testId="e4705cdd-5a70-e94b-af04-6c0e5a4598f9" executionId="d711704a-e08e-471d-90d3-d461ad8e4e84" testListId="8c84fa94-04c1-424b-9868-57a2d4851a1d" />
    <TestEntry testId="dc804c5d-ed97-059d-6cee-b11c6e4e1458" executionId="32ebf033-96c5-4ab3-b6b9-d83a531ef11d" testListId="8c84fa94-04c1-424b-9868-57a2d4851a1d" />
    <TestEntry testId="157755f7-ef4a-4a53-b194-2e629f887d2e" executionId="807f4c27-c150-4014-9ab9-139b2bb93f1f" testListId="8c84fa94-04c1-424b-9868-57a2d4851a1d" />
    <TestEntry testId="38de41ee-1587-e8dc-1e1e-991b597210a8" executionId="b8846f57-e377-4ba4-a250-27f4c3459856" testListId="8c84fa94-04c1-424b-9868-57a2d4851a1d" />
    <TestEntry testId="44ae273d-0dab-b2ee-b7c7-4f9fbf983de0" executionId="f6e419d2-3020-433a-806b-274ab79dbdd0" testListId="8c84fa94-04c1-424b-9868-57a2d4851a1d" />
    <TestEntry testId="7ee89a0f-8041-d185-b363-a9eb3c6b0e74" executionId="a6f3de94-bcbf-4dfd-8f1a-57db5c216344" testListId="8c84fa94-04c1-424b-9868-57a2d4851a1d" />
    <TestEntry testId="90d8f474-64df-9f64-91fa-e195736de2fc" executionId="b97f291c-c1c9-4dac-81b7-1a3977c408b7" testListId="8c84fa94-04c1-424b-9868-57a2d4851a1d" />
    <TestEntry testId="e44947ed-a4ff-9336-9ca0-9f222244d99c" executionId="4b1bd5b5-6771-4e2b-a30c-18f2dd98107e" testListId="8c84fa94-04c1-424b-9868-57a2d4851a1d" />
    <TestEntry testId="ad2b5852-1c8f-f6e4-d7ae-2781cfd83bec" executionId="713f14ad-f5a4-4a71-b8ec-72391b877b91" testListId="8c84fa94-04c1-424b-9868-57a2d4851a1d" />
    <TestEntry testId="4c8e66fd-8a01-b1bb-f565-2c2cd746e108" executionId="5a053726-b2c5-4eec-99eb-28825d69860c" testListId="8c84fa94-04c1-424b-9868-57a2d4851a1d" />
    <TestEntry testId="5ba4b920-23c4-1815-0b1c-7d3defee99f3" executionId="c5202de7-45f1-4081-83fa-c1a87af6ec19" testListId="8c84fa94-04c1-424b-9868-57a2d4851a1d" />
    <TestEntry testId="8009ccb9-79a8-ad29-764e-ca36d5eb8f65" executionId="d0f86675-30bf-4f1a-ba35-6c2aa9c22b69" testListId="8c84fa94-04c1-424b-9868-57a2d4851a1d" />
    <TestEntry testId="d060f294-9941-2d25-3a64-5381fad8c0ee" executionId="e74b3af0-50d4-4ab0-a1f0-f70485782fe1" testListId="8c84fa94-04c1-424b-9868-57a2d4851a1d" />
    <TestEntry testId="1df7a309-fd0a-9049-f289-613efb3972c0" executionId="7898762a-53e0-46ba-8701-6a378f3c9ec2" testListId="8c84fa94-04c1-424b-9868-57a2d4851a1d" />
    <TestEntry testId="07ec4f83-0b7f-c17f-8732-400091d9a8dd" executionId="5d6d4fa9-3fdc-4ee7-87fb-91930c949dff" testListId="8c84fa94-04c1-424b-9868-57a2d4851a1d" />
    <TestEntry testId="eae439b3-528b-b05e-471d-7236a0fb0e3d" executionId="328eefc0-6e41-4984-8af1-2fc38635cc5e" testListId="8c84fa94-04c1-424b-9868-57a2d4851a1d" />
    <TestEntry testId="9ccd32e6-c55e-1d1a-c8c7-edf5fdd1dbbb" executionId="7e11be2c-d0f0-47d3-bf78-02aa272f5487" testListId="8c84fa94-04c1-424b-9868-57a2d4851a1d" />
    <TestEntry testId="30ebe934-b142-0931-4b2d-dd338dc180e5" executionId="4f9203f3-2075-42bd-9555-a0dad0669fbd" testListId="8c84fa94-04c1-424b-9868-57a2d4851a1d" />
    <TestEntry testId="3462dc94-0c55-4ea0-5d05-c8bbad928de8" executionId="c3e60afe-efe8-48a6-8589-4b695be9c66b" testListId="8c84fa94-04c1-424b-9868-57a2d4851a1d" />
    <TestEntry testId="7ad8bccb-0537-6372-4ec7-81212912222a" executionId="ff7cd868-7fa5-4db1-975e-0ef9ff483f4a" testListId="8c84fa94-04c1-424b-9868-57a2d4851a1d" />
    <TestEntry testId="6752b227-d138-52b1-c3e8-09a1dfb3490a" executionId="60468fde-2c8e-4a23-8fe5-3b5d19206651" testListId="8c84fa94-04c1-424b-9868-57a2d4851a1d" />
    <TestEntry testId="61dd3d6e-e845-9e58-718c-b737b7b7e095" executionId="1aef31a7-5968-44b7-a610-221f7a86c349" testListId="8c84fa94-04c1-424b-9868-57a2d4851a1d" />
    <TestEntry testId="cf58ab51-2799-e368-e88f-823f1b1bb589" executionId="e494e775-f36c-4774-817a-9d7bcbd30320" testListId="8c84fa94-04c1-424b-9868-57a2d4851a1d" />
    <TestEntry testId="71597196-894a-f30e-695c-4d98eef04709" executionId="71471595-4838-4c0a-87ee-017ec06ca15b" testListId="8c84fa94-04c1-424b-9868-57a2d4851a1d" />
    <TestEntry testId="c1a317c0-9b8e-bdf2-13e0-7ac2b922a449" executionId="46612a7a-a09c-4c5c-8c7b-ab101af87e9f" testListId="8c84fa94-04c1-424b-9868-57a2d4851a1d" />
    <TestEntry testId="69c4d8e8-f129-c80f-f10b-d7f19bc1ad6a" executionId="17391797-6b2c-48a2-ab77-f1169b57edab" testListId="8c84fa94-04c1-424b-9868-57a2d4851a1d" />
    <TestEntry testId="c587d179-7b41-dfa5-8bbe-5e1d2e65dbcd" executionId="21a526b9-95fb-4426-acda-3415cb7f4321" testListId="8c84fa94-04c1-424b-9868-57a2d4851a1d" />
    <TestEntry testId="f0801d98-266a-bcf3-b6de-22de18ee944a" executionId="a6d83d8c-221e-4826-9ede-cab78cb3ab42" testListId="8c84fa94-04c1-424b-9868-57a2d4851a1d" />
    <TestEntry testId="b9926b4e-d994-abab-7b40-02322e874d68" executionId="275ada0b-714a-4ec9-8646-02bdaad9d8d1" testListId="8c84fa94-04c1-424b-9868-57a2d4851a1d" />
    <TestEntry testId="dbcb3c3b-9ac8-c534-6392-c6bcf42860bc" executionId="53991d9d-4965-40e4-bd7c-8349d994c7c7" testListId="8c84fa94-04c1-424b-9868-57a2d4851a1d" />
    <TestEntry testId="a993435b-777e-047f-0742-0583c5b7abf8" executionId="969955ba-27d4-40d3-9187-f03c84815cd6" testListId="8c84fa94-04c1-424b-9868-57a2d4851a1d" />
    <TestEntry testId="810e17a6-a517-3a97-b641-22d58cedaba4" executionId="dfd9ad62-45a1-4970-a0ea-07bcf96d7790" testListId="8c84fa94-04c1-424b-9868-57a2d4851a1d" />
    <TestEntry testId="c6c86d3b-8303-8970-bcb9-05f13ff637a2" executionId="c9f70ca8-1513-4e1e-9085-30bd54e77d46" testListId="8c84fa94-04c1-424b-9868-57a2d4851a1d" />
    <TestEntry testId="8af1c984-a4b7-59bd-c5c8-8b85f23c324f" executionId="70b7cd5e-67c6-4741-84cf-865695c76bc5" testListId="8c84fa94-04c1-424b-9868-57a2d4851a1d" />
    <TestEntry testId="daab2547-180a-f8a9-7740-3feaee405a05" executionId="9b06839e-2938-4b54-bd28-8ced26ee7526" testListId="8c84fa94-04c1-424b-9868-57a2d4851a1d" />
    <TestEntry testId="341eddb9-24ef-ef3e-7f52-dc2bf0d9b16e" executionId="efca72a6-5d06-4df1-9193-873d211697d9" testListId="8c84fa94-04c1-424b-9868-57a2d4851a1d" />
    <TestEntry testId="528e29f6-3b0a-c44a-13df-4e07fa326be2" executionId="dda07881-191f-4179-8e19-cf596571eb86" testListId="8c84fa94-04c1-424b-9868-57a2d4851a1d" />
    <TestEntry testId="4b78bafb-ad93-5711-7e61-928dcb946cd9" executionId="20bfc25c-1282-40b6-ae51-ffed3406e3a5" testListId="8c84fa94-04c1-424b-9868-57a2d4851a1d" />
    <TestEntry testId="1cffbbed-df5a-b56a-0111-eb89aacbffee" executionId="5f9cc048-93e2-4192-a2f2-6bb67c656266" testListId="8c84fa94-04c1-424b-9868-57a2d4851a1d" />
    <TestEntry testId="c0515cb7-0409-db12-bce8-4b747462c951" executionId="8d13beb2-8e7e-4590-998f-8d8d0eec8164" testListId="8c84fa94-04c1-424b-9868-57a2d4851a1d" />
    <TestEntry testId="67d8fbc9-d4ad-3fa9-a52e-71b16c3abe2c" executionId="b052c9f2-22ef-4b4c-ae01-72144908dd5c" testListId="8c84fa94-04c1-424b-9868-57a2d4851a1d" />
    <TestEntry testId="d44d1ca2-7ce6-f1b0-292c-c00539946d6d" executionId="8c266ef6-57c4-4476-aa49-cbf38f01c4dd" testListId="8c84fa94-04c1-424b-9868-57a2d4851a1d" />
    <TestEntry testId="d62531ef-23c7-fa7b-7c12-ea6cab3a4650" executionId="02dd1b33-1785-4f1d-8fa0-2b41e3389453" testListId="8c84fa94-04c1-424b-9868-57a2d4851a1d" />
    <TestEntry testId="f95c51a3-77e6-220d-003d-5a9eec03688a" executionId="6b3f3110-249e-4144-95c1-5e1a7702f53a" testListId="8c84fa94-04c1-424b-9868-57a2d4851a1d" />
    <TestEntry testId="ec2a47e7-1dba-dca1-7577-ab8c38f10a5d" executionId="8da429c1-6418-42c5-acb3-d0b6466d7da4" testListId="8c84fa94-04c1-424b-9868-57a2d4851a1d" />
    <TestEntry testId="7a977ab7-5eb9-4457-e5f0-778aca977bd7" executionId="6d93f4ff-74af-42b0-a10d-3f2580650381" testListId="8c84fa94-04c1-424b-9868-57a2d4851a1d" />
    <TestEntry testId="959a76fd-9932-f100-1fa7-0feeda032261" executionId="e9ffb9cf-caf8-475a-8f43-060cf74f75c0" testListId="8c84fa94-04c1-424b-9868-57a2d4851a1d" />
    <TestEntry testId="58a8fa22-a5ab-87b8-9aa3-b29c29805be0" executionId="7d6a256b-15b5-4d5b-82e0-1b121e91412a" testListId="8c84fa94-04c1-424b-9868-57a2d4851a1d" />
    <TestEntry testId="6bede98b-5580-f7c3-dddb-c28712d49aad" executionId="a8278a59-78d7-42a6-b94d-c301a0bd2077" testListId="8c84fa94-04c1-424b-9868-57a2d4851a1d" />
    <TestEntry testId="59fedf9b-eb3b-4012-f62e-105d2ad0d89d" executionId="601ebeee-af03-41fe-bd60-87c5391480e0" testListId="8c84fa94-04c1-424b-9868-57a2d4851a1d" />
    <TestEntry testId="bee269a6-c942-97d5-9021-22316acfca10" executionId="740f77d1-50f9-4b26-9efa-155e7f976318" testListId="8c84fa94-04c1-424b-9868-57a2d4851a1d" />
    <TestEntry testId="248a712b-5565-7fd2-686a-49bb139be5ab" executionId="4424f841-4417-484f-b63f-bd59935a0031" testListId="8c84fa94-04c1-424b-9868-57a2d4851a1d" />
    <TestEntry testId="b990dbe5-6c39-989b-2cac-3a2bb169d2e6" executionId="70b8b2de-5239-4cac-9289-b757b65b29ec" testListId="8c84fa94-04c1-424b-9868-57a2d4851a1d" />
    <TestEntry testId="644d0a4e-ca58-9a39-bb11-7f22b2cc7937" executionId="afee63d7-e0b3-4e4d-a39e-626d4de7aef4" testListId="8c84fa94-04c1-424b-9868-57a2d4851a1d" />
    <TestEntry testId="88a777cf-8fe2-aacb-f773-d2ac04c4efdc" executionId="59805bb8-d8b7-4c52-9be3-f57903b35c90" testListId="8c84fa94-04c1-424b-9868-57a2d4851a1d" />
    <TestEntry testId="48f9c1f7-2e15-d04a-c081-c4f3c9b2d680" executionId="c66ca1d8-bb4f-481d-9aba-f91e13a3d30b" testListId="8c84fa94-04c1-424b-9868-57a2d4851a1d" />
    <TestEntry testId="3aa6de71-291d-cd10-b297-ab30b6484e9f" executionId="25d31fff-5816-4003-bd1b-af390992421c" testListId="8c84fa94-04c1-424b-9868-57a2d4851a1d" />
    <TestEntry testId="bb2a70e1-33f6-47b5-cb89-1a1b64bce5db" executionId="638e62d3-9a89-4f0a-8b9b-16f23c412e6f" testListId="8c84fa94-04c1-424b-9868-57a2d4851a1d" />
    <TestEntry testId="b8faa365-d5ed-6e09-84a1-885ea04dce25" executionId="95f79e23-e4d4-4f77-89e4-fe9903eab8ed" testListId="8c84fa94-04c1-424b-9868-57a2d4851a1d" />
    <TestEntry testId="c5fd5a34-48b2-20a3-fe2a-77532e40321b" executionId="a9798d9b-c889-4e10-9775-c4f63929b63f" testListId="8c84fa94-04c1-424b-9868-57a2d4851a1d" />
    <TestEntry testId="446c4c4d-2663-d1a4-e77c-08cdbbc09e25" executionId="37a99088-45a1-45ae-b31c-7006203f33cf" testListId="8c84fa94-04c1-424b-9868-57a2d4851a1d" />
    <TestEntry testId="191fdfa5-0829-92e0-8b8e-8c84a19496c3" executionId="1af8d398-3d27-4054-9e7f-55222ab8e447" testListId="8c84fa94-04c1-424b-9868-57a2d4851a1d" />
    <TestEntry testId="0eff9d8c-7c22-ca94-7b01-6de1d58b7444" executionId="068958f1-e1f6-4540-99f1-14686c89417c" testListId="8c84fa94-04c1-424b-9868-57a2d4851a1d" />
    <TestEntry testId="ca12315e-2e31-8b6c-7a8e-32ae89b5d78e" executionId="13498e5c-d5d3-431f-8dcb-2475eec7507b" testListId="8c84fa94-04c1-424b-9868-57a2d4851a1d" />
    <TestEntry testId="f7346364-2999-9e30-2e3f-fadfca96e39f" executionId="836765cc-b003-4e92-b0d7-85a93bc3ef5b" testListId="8c84fa94-04c1-424b-9868-57a2d4851a1d" />
    <TestEntry testId="4825e894-5289-1ed0-6821-784226bd04f9" executionId="787915ca-6378-4e79-a4a2-b072d86a8791" testListId="8c84fa94-04c1-424b-9868-57a2d4851a1d" />
    <TestEntry testId="b9613bcd-8f56-e33b-52dc-3e4c111a37a8" executionId="8415a6e5-9f41-4d30-989c-f82ab8fa7181" testListId="8c84fa94-04c1-424b-9868-57a2d4851a1d" />
    <TestEntry testId="a808b2ca-a3a6-1af8-2dc2-3895f8d906b8" executionId="b5ffa459-6a23-4955-8247-bd40cbf1a154" testListId="8c84fa94-04c1-424b-9868-57a2d4851a1d" />
    <TestEntry testId="d9bc2b51-6662-48ca-6a6d-38099fc26155" executionId="1dfb5e87-3756-4229-a376-e5c478b56938" testListId="8c84fa94-04c1-424b-9868-57a2d4851a1d" />
    <TestEntry testId="43709198-5aeb-f17d-037c-75e5093aca2c" executionId="ef97eea7-e428-47f5-a832-c9e2003c20ea" testListId="8c84fa94-04c1-424b-9868-57a2d4851a1d" />
    <TestEntry testId="b7e30521-de20-93d7-8cd1-eba72abc123d" executionId="0b7d8f65-cf7d-4a51-ad2c-188638707316" testListId="8c84fa94-04c1-424b-9868-57a2d4851a1d" />
    <TestEntry testId="f0ad4570-5631-ccb5-f73d-7be8bf9f394e" executionId="9c804dbe-e5e2-453e-8f9a-503f5b7ae6b0" testListId="8c84fa94-04c1-424b-9868-57a2d4851a1d" />
    <TestEntry testId="8bc7847b-0665-ec73-92e2-32912c2d0f21" executionId="2974dc8e-c97c-4163-a835-5969955dda00" testListId="8c84fa94-04c1-424b-9868-57a2d4851a1d" />
    <TestEntry testId="825c8281-950e-f0a9-f472-289284b8cc5a" executionId="54d1567b-bb6a-48e9-bb32-b0cca9674cc8" testListId="8c84fa94-04c1-424b-9868-57a2d4851a1d" />
    <TestEntry testId="634f0420-01fd-d693-cb31-afae6d60cc55" executionId="d704f201-4ed5-4539-99c2-b83c69d4d844" testListId="8c84fa94-04c1-424b-9868-57a2d4851a1d" />
    <TestEntry testId="48e055db-e6e2-b900-a271-301c1a54c734" executionId="0b1d3811-a0f6-48da-8b1e-5c14656c6887" testListId="8c84fa94-04c1-424b-9868-57a2d4851a1d" />
    <TestEntry testId="792b853a-34b5-09b1-90ee-c996e93c56d5" executionId="2e41ff82-f38f-4ed9-b5cf-076bd96330f0" testListId="8c84fa94-04c1-424b-9868-57a2d4851a1d" />
    <TestEntry testId="8a427b87-54f5-ffb6-3189-dc4cf4c5aa62" executionId="01630075-c053-4439-8f63-23697c15a2a4" testListId="8c84fa94-04c1-424b-9868-57a2d4851a1d" />
    <TestEntry testId="da6cbdbc-b397-f9fb-2252-08d545c3703f" executionId="6082fae6-b91e-4914-9424-9218e3338edf" testListId="8c84fa94-04c1-424b-9868-57a2d4851a1d" />
    <TestEntry testId="9a849c8a-a6b3-865d-bee1-b74d23588b06" executionId="e5ac5455-cbd5-4dad-a504-1467e8fddf06" testListId="8c84fa94-04c1-424b-9868-57a2d4851a1d" />
    <TestEntry testId="a3fc0288-7c90-f936-7391-8a8a86a383dc" executionId="8289dc1c-e6d8-414a-912b-8af25bb4e538" testListId="8c84fa94-04c1-424b-9868-57a2d4851a1d" />
    <TestEntry testId="78bac3e9-0424-28b2-3513-90b908c7329e" executionId="254ad4db-ce02-4859-b535-325bc9245481" testListId="8c84fa94-04c1-424b-9868-57a2d4851a1d" />
    <TestEntry testId="30b16537-c638-5d1d-a226-7ea6bdf4553b" executionId="b6b32694-5633-4389-ae49-fbd2b0c4f4de" testListId="8c84fa94-04c1-424b-9868-57a2d4851a1d" />
    <TestEntry testId="8c3b70c9-e2b0-c719-e3c0-0a8f0fde783a" executionId="260f1039-2f1e-42d2-9ebd-155b32434598" testListId="8c84fa94-04c1-424b-9868-57a2d4851a1d" />
    <TestEntry testId="fca71673-13dc-5296-1f47-3c6af338eb15" executionId="68ab241e-4f55-4680-a5e0-2b734927bc23" testListId="8c84fa94-04c1-424b-9868-57a2d4851a1d" />
    <TestEntry testId="f96a22d1-d9a7-a412-53f0-ec6eccbf61a0" executionId="48807b83-62e0-41ec-b92f-62beaae2056d" testListId="8c84fa94-04c1-424b-9868-57a2d4851a1d" />
    <TestEntry testId="3556ead2-da8e-3bb2-f583-57f0397800b6" executionId="bb86c09e-cf6d-43ef-adaf-95dbba02a531" testListId="8c84fa94-04c1-424b-9868-57a2d4851a1d" />
    <TestEntry testId="d3229a86-23f9-a7d5-d8ab-9666f18c3a6f" executionId="59b4b508-55b3-4352-b447-bbf733ab6e65" testListId="8c84fa94-04c1-424b-9868-57a2d4851a1d" />
    <TestEntry testId="167e91da-629f-b52c-5be9-2683d1e4668d" executionId="67c8309c-6ac5-4819-bae9-9c543d7d9060" testListId="8c84fa94-04c1-424b-9868-57a2d4851a1d" />
    <TestEntry testId="b0bff185-d907-2471-33d8-bf757084b710" executionId="b005d206-1260-48d9-8712-b5e44a45171b" testListId="8c84fa94-04c1-424b-9868-57a2d4851a1d" />
    <TestEntry testId="c1533c00-35e2-8d5d-59c8-68cbfe017283" executionId="50c65b78-bd5b-4f3b-ad72-bef979739611" testListId="8c84fa94-04c1-424b-9868-57a2d4851a1d" />
    <TestEntry testId="0e728620-af5f-c877-c82b-6e355b51d97f" executionId="6c1225ca-5907-4533-8b56-f70d99740e7d" testListId="8c84fa94-04c1-424b-9868-57a2d4851a1d" />
    <TestEntry testId="6724fe76-093e-da1e-584b-6642c854fa2e" executionId="2eb829d7-f18a-44f1-8b8e-2c126e769adb" testListId="8c84fa94-04c1-424b-9868-57a2d4851a1d" />
    <TestEntry testId="3ab39172-c814-eb04-aaf6-eda5e9c9c83c" executionId="9d7d13a4-448e-4250-91fa-ce7497e83661" testListId="8c84fa94-04c1-424b-9868-57a2d4851a1d" />
    <TestEntry testId="96f0880f-29ca-c48f-6962-c9e776708d76" executionId="63c09110-1d7c-47f5-9271-2a86c4b0bbf4" testListId="8c84fa94-04c1-424b-9868-57a2d4851a1d" />
    <TestEntry testId="844c0ed0-70e4-b4bd-25b4-a91681d47952" executionId="e0e52d6a-8494-40a3-ac4c-ed87a7c2ae08" testListId="8c84fa94-04c1-424b-9868-57a2d4851a1d" />
    <TestEntry testId="2ca1a5f1-15f2-f025-3f42-3aa0ece04ca6" executionId="00fcbb89-1aaf-4589-be57-e9161486231b" testListId="8c84fa94-04c1-424b-9868-57a2d4851a1d" />
    <TestEntry testId="cec817f2-3660-5524-cd0f-da598b5839ba" executionId="4a2123bf-0754-4988-b373-1158063f3ab5" testListId="8c84fa94-04c1-424b-9868-57a2d4851a1d" />
    <TestEntry testId="759b8a39-721e-1a84-d6a3-df5d50e88bab" executionId="fd36375d-972f-4e53-80b1-592d28fd2f38" testListId="8c84fa94-04c1-424b-9868-57a2d4851a1d" />
    <TestEntry testId="d0bf4ea8-ac8f-e89e-da6e-0cdbcf1938a7" executionId="60461b9b-0fc3-458d-86d4-dbf09ed74761" testListId="8c84fa94-04c1-424b-9868-57a2d4851a1d" />
    <TestEntry testId="94fb5c15-e81e-2e71-3f33-f390f33606ba" executionId="61ea20f8-dc28-49b5-9550-2b08abfd3763" testListId="8c84fa94-04c1-424b-9868-57a2d4851a1d" />
    <TestEntry testId="552f8966-d501-e2f0-a0d6-ebd8174adcef" executionId="47e0c655-bf43-40c8-902a-385a19cc3890" testListId="8c84fa94-04c1-424b-9868-57a2d4851a1d" />
    <TestEntry testId="a38eb7f4-87be-f39c-b275-6183969d94db" executionId="adb91ae9-c0b5-49f7-9a20-08eade196290" testListId="8c84fa94-04c1-424b-9868-57a2d4851a1d" />
    <TestEntry testId="b3e938df-9bc8-30ae-81d1-7333b85bf4fd" executionId="4a82d7c0-62b2-40e9-877d-405aaa24d615" testListId="8c84fa94-04c1-424b-9868-57a2d4851a1d" />
    <TestEntry testId="3058e1ec-7dd3-ac33-ba9a-b1e457d2bded" executionId="a3fcc69f-f13a-4479-9fe8-a6276cf9fca1" testListId="8c84fa94-04c1-424b-9868-57a2d4851a1d" />
    <TestEntry testId="9dfb87d4-487c-773c-41c8-e8c02ed8bb1c" executionId="f068430a-fe27-4576-87c3-ec2513f08529" testListId="8c84fa94-04c1-424b-9868-57a2d4851a1d" />
    <TestEntry testId="3d4aa311-113d-a3da-c980-738ebcce82cb" executionId="1b8d44c3-470e-4c91-85ab-ebc20fdca318" testListId="8c84fa94-04c1-424b-9868-57a2d4851a1d" />
    <TestEntry testId="1bafe4fd-4d03-6874-f899-530861d9efe3" executionId="625eb7d6-bad3-4efc-8b6f-0819b87355dc" testListId="8c84fa94-04c1-424b-9868-57a2d4851a1d" />
    <TestEntry testId="76fb283b-4f03-8866-c6f3-bccb891bb24f" executionId="f452dc59-a122-47d5-8012-588bc11c1265" testListId="8c84fa94-04c1-424b-9868-57a2d4851a1d" />
    <TestEntry testId="a12ff460-6fd1-c27b-af98-6908a2d965e5" executionId="f2c96826-180b-488c-b915-a808044df6bb" testListId="8c84fa94-04c1-424b-9868-57a2d4851a1d" />
    <TestEntry testId="1dc26b24-631e-63dd-6520-1afafb0bd575" executionId="2cce50c4-7f36-4fda-9874-6dac7be6e6bb" testListId="8c84fa94-04c1-424b-9868-57a2d4851a1d" />
    <TestEntry testId="f854ce0b-21d5-8b72-8e2c-ead2ab89c502" executionId="ad8e43e2-f829-4899-85b9-af5621cac113" testListId="8c84fa94-04c1-424b-9868-57a2d4851a1d" />
    <TestEntry testId="29abbccd-ad31-5851-d050-d204dbdde6f5" executionId="9173c085-ab4f-4b49-b887-5d58065223cf" testListId="8c84fa94-04c1-424b-9868-57a2d4851a1d" />
    <TestEntry testId="9be4379b-cb00-cd9c-2d3d-e8fb14f394da" executionId="99275b89-91b0-490d-8413-19a01eaa3f83" testListId="8c84fa94-04c1-424b-9868-57a2d4851a1d" />
    <TestEntry testId="6b116b5d-1e83-bd77-f09e-8123651e0574" executionId="0bc42c69-d3a8-4976-a71b-67db22254afd" testListId="8c84fa94-04c1-424b-9868-57a2d4851a1d" />
    <TestEntry testId="279e40d4-1570-fa8b-c0ce-461b7876c75f" executionId="ef5a9855-f3e3-416f-b028-0d7bec1f30a0" testListId="8c84fa94-04c1-424b-9868-57a2d4851a1d" />
    <TestEntry testId="db4012b2-027a-8498-0336-798caef5ffdc" executionId="b42afcdf-53ec-470a-a000-db01cbc4c008" testListId="8c84fa94-04c1-424b-9868-57a2d4851a1d" />
    <TestEntry testId="405ade6e-28d6-4494-8e99-f762f9263059" executionId="fca2d7d6-20da-4dd1-8f1c-bd3410f5dad3" testListId="8c84fa94-04c1-424b-9868-57a2d4851a1d" />
    <TestEntry testId="2f03a8ec-be86-e2e6-8f79-41f2e86d6cef" executionId="ef9e012e-39de-41ff-ae7f-9404871962b3" testListId="8c84fa94-04c1-424b-9868-57a2d4851a1d" />
    <TestEntry testId="8e22b90c-3e0a-772c-4c45-9960f10f7063" executionId="f63daada-9111-400f-82a1-7c0ec791ae4f" testListId="8c84fa94-04c1-424b-9868-57a2d4851a1d" />
    <TestEntry testId="e6d8309b-92f9-5b88-80e6-ad14154849f9" executionId="20abcb26-9a6c-4156-be08-94beb2d51d1f" testListId="8c84fa94-04c1-424b-9868-57a2d4851a1d" />
    <TestEntry testId="3b9c9245-ae07-9ebe-77a7-e9974e8ac819" executionId="e2bc517e-b04e-46db-9dca-26b3238ca552" testListId="8c84fa94-04c1-424b-9868-57a2d4851a1d" />
    <TestEntry testId="2a41c9e6-e1cd-a3f6-b4d5-967f5ef66093" executionId="1a157dd2-afb7-4597-9f4b-04108c40b9f0" testListId="8c84fa94-04c1-424b-9868-57a2d4851a1d" />
    <TestEntry testId="8f069f15-5e53-a03d-86ea-84b646a7f001" executionId="43559483-f307-493a-982d-0f773b578206" testListId="8c84fa94-04c1-424b-9868-57a2d4851a1d" />
    <TestEntry testId="64d730b1-aa72-cd27-e81d-6735c59dedea" executionId="96194324-5253-4913-a0e9-4188c7b7f353" testListId="8c84fa94-04c1-424b-9868-57a2d4851a1d" />
    <TestEntry testId="e7a39184-974a-42ac-8dbf-2dae9e1f3cad" executionId="3fae330a-d55a-4551-87e6-27258cdadda4" testListId="8c84fa94-04c1-424b-9868-57a2d4851a1d" />
    <TestEntry testId="f45e445f-e73c-63f4-6d2f-242a9ff96249" executionId="a997f2b4-8327-40c7-8db3-cc2d7fb298a1" testListId="8c84fa94-04c1-424b-9868-57a2d4851a1d" />
    <TestEntry testId="11211ec1-042c-8040-d4f2-1eccf7727656" executionId="727abc02-97fe-4548-a88a-486359a9a803" testListId="8c84fa94-04c1-424b-9868-57a2d4851a1d" />
    <TestEntry testId="5ea6e80b-2a95-eecc-6377-c069624b59fc" executionId="a6b0627b-c801-419f-a2c0-2ccc070a16a0" testListId="8c84fa94-04c1-424b-9868-57a2d4851a1d" />
    <TestEntry testId="e3b59b5a-3cd5-e788-6526-89346a164f57" executionId="70c9d5bd-b4ed-4e52-8c74-a1fdfa865439" testListId="8c84fa94-04c1-424b-9868-57a2d4851a1d" />
    <TestEntry testId="e9355715-aeca-39ec-b21f-1c1ffe0c64bf" executionId="ec28ef94-c4b8-4f92-a23e-f2f2641add5c" testListId="8c84fa94-04c1-424b-9868-57a2d4851a1d" />
    <TestEntry testId="72a38034-8444-0031-74a5-9c0419f854b4" executionId="c4d02d4a-35f6-4498-bca6-9e903a08d5b1" testListId="8c84fa94-04c1-424b-9868-57a2d4851a1d" />
    <TestEntry testId="338a5499-e8d8-2d31-1b9a-405cc1185eaf" executionId="eddbf57e-c57f-4493-b4c2-653bca17ba67" testListId="8c84fa94-04c1-424b-9868-57a2d4851a1d" />
    <TestEntry testId="fcc93c55-62b9-aa6e-14bc-b11e0fb01d8e" executionId="5ced3713-2e79-4d1b-ab0a-703fd9404a8a" testListId="8c84fa94-04c1-424b-9868-57a2d4851a1d" />
    <TestEntry testId="389bff63-b64a-cde7-9453-1e6bef1215d3" executionId="afa057ed-cdb5-41e8-ad10-912c808dc11a" testListId="8c84fa94-04c1-424b-9868-57a2d4851a1d" />
    <TestEntry testId="cb6f94b7-7e86-0547-2d9f-2f0d75745e21" executionId="1ac6a804-c29a-4e75-a845-72e8de921118" testListId="8c84fa94-04c1-424b-9868-57a2d4851a1d" />
    <TestEntry testId="e4edc27e-b050-56e1-4f0f-2beddaaf64ab" executionId="6e826c0f-e368-4ca1-aed7-42a7f7702593" testListId="8c84fa94-04c1-424b-9868-57a2d4851a1d" />
    <TestEntry testId="6826413a-f576-401b-3af2-2706ca74da3d" executionId="4829ab48-3fd5-4fb7-a91a-e2e744002095" testListId="8c84fa94-04c1-424b-9868-57a2d4851a1d" />
    <TestEntry testId="83dc98ea-0233-6bd8-1f60-76791e5ad28c" executionId="67da64a6-379d-4fcb-9a84-c578198c7d6a" testListId="8c84fa94-04c1-424b-9868-57a2d4851a1d" />
    <TestEntry testId="6d25beda-0051-160f-0ca0-96b333aa294d" executionId="3701d4eb-173f-464d-8cd7-d704a9ddfa5e" testListId="8c84fa94-04c1-424b-9868-57a2d4851a1d" />
    <TestEntry testId="46b0e704-fd6c-fcab-9fca-851cf2f784c8" executionId="5fbdf357-8159-4445-9c3c-d0d389db9c8a" testListId="8c84fa94-04c1-424b-9868-57a2d4851a1d" />
    <TestEntry testId="c2a9e28b-f6d5-2041-21ae-52475c29b5e0" executionId="36211ad4-4e69-4c05-8ce6-4b1343d95fcc" testListId="8c84fa94-04c1-424b-9868-57a2d4851a1d" />
    <TestEntry testId="e556f2e8-5395-7a49-2712-48092494f954" executionId="998be2d8-515a-4537-8240-0d223fcb91e4" testListId="8c84fa94-04c1-424b-9868-57a2d4851a1d" />
    <TestEntry testId="36c075f9-4387-4477-aff4-0903446c77d2" executionId="d9237879-8163-4e55-b617-65f7217fb55b" testListId="8c84fa94-04c1-424b-9868-57a2d4851a1d" />
    <TestEntry testId="489fa18d-cbf8-4a45-1e4e-55a695afb97f" executionId="bb2965c3-2e01-4753-aee5-80c9d4a29d81" testListId="8c84fa94-04c1-424b-9868-57a2d4851a1d" />
    <TestEntry testId="247178d4-2d74-6640-c061-0626e47c6829" executionId="bd359958-c3d5-41a5-8e64-a81b59493561" testListId="8c84fa94-04c1-424b-9868-57a2d4851a1d" />
    <TestEntry testId="2fcead5e-d9dc-b70f-c18b-4a58ed9d707c" executionId="6b727ff1-a7d1-47f7-8631-9040308c5bdf" testListId="8c84fa94-04c1-424b-9868-57a2d4851a1d" />
    <TestEntry testId="a9fa045e-69cd-035b-dc04-33dc0a05a0d5" executionId="fcc2374c-57f0-45a5-9764-086cd2b5894e" testListId="8c84fa94-04c1-424b-9868-57a2d4851a1d" />
    <TestEntry testId="27120b3f-bd5a-260f-4eb2-eefce6b06e21" executionId="53ea9265-e12f-4911-97ca-7cf3cd50ee5d" testListId="8c84fa94-04c1-424b-9868-57a2d4851a1d" />
    <TestEntry testId="252293b8-7649-da0b-bf04-09b0072d629e" executionId="dfb00892-4985-4336-9b80-eb8b6fb49a51" testListId="8c84fa94-04c1-424b-9868-57a2d4851a1d" />
    <TestEntry testId="3048fdbb-17b8-ee16-dd2f-1d35843cdd2a" executionId="06c4c11d-1f62-44f5-84cc-3d14780a2e19" testListId="8c84fa94-04c1-424b-9868-57a2d4851a1d" />
    <TestEntry testId="5dc03c1b-6014-45c9-64d6-1a3e8ef83198" executionId="e70267e9-3b97-4a18-8086-2a887d92922c" testListId="8c84fa94-04c1-424b-9868-57a2d4851a1d" />
    <TestEntry testId="c90b5e0e-98d0-7910-c5b4-99b38f54fc42" executionId="1c48cbdb-93a3-4a99-9e84-deffaeeadb50" testListId="8c84fa94-04c1-424b-9868-57a2d4851a1d" />
    <TestEntry testId="95d19aa8-c68f-613e-19a6-dcfb3d3e881a" executionId="9d3b7823-05a4-4c0a-aa48-1eec1899305b" testListId="8c84fa94-04c1-424b-9868-57a2d4851a1d" />
    <TestEntry testId="32cf960d-4c17-4f1a-cbab-9b388d5524f3" executionId="68b0c4a6-ec18-4ca6-ae78-93ea94d3516d" testListId="8c84fa94-04c1-424b-9868-57a2d4851a1d" />
    <TestEntry testId="39025c98-0cdc-d091-d58b-d36f7b60885a" executionId="ac3019f7-00fe-4093-960e-e73024d6b7d6" testListId="8c84fa94-04c1-424b-9868-57a2d4851a1d" />
    <TestEntry testId="58106107-45f1-c927-facc-269aadab894e" executionId="b8e36ce7-ba4d-45e2-90bb-cec8aea7aa59" testListId="8c84fa94-04c1-424b-9868-57a2d4851a1d" />
    <TestEntry testId="f365be3f-cb09-2793-2b65-887221a54ddb" executionId="768f15da-e4a8-42dc-a087-4ed1a6aef0dc" testListId="8c84fa94-04c1-424b-9868-57a2d4851a1d" />
    <TestEntry testId="96be26be-7109-c126-a0b9-0723fc69c009" executionId="35c07976-08bc-4feb-9d42-57a0f946c62a" testListId="8c84fa94-04c1-424b-9868-57a2d4851a1d" />
    <TestEntry testId="ec1c9315-da76-89c2-65d7-f0c755f8b0bb" executionId="f724fc03-78ad-4a2d-87c9-ce77455730bc" testListId="8c84fa94-04c1-424b-9868-57a2d4851a1d" />
    <TestEntry testId="e85a2b2a-ad16-4ca1-5dfb-ce12c5788975" executionId="ea8284f0-f55a-4253-ae2e-814d971a9541" testListId="8c84fa94-04c1-424b-9868-57a2d4851a1d" />
    <TestEntry testId="49dbeb7a-d244-fa9a-af24-718f8d4bce70" executionId="d640fc35-ce08-471b-8d56-c5685394e08c" testListId="8c84fa94-04c1-424b-9868-57a2d4851a1d" />
    <TestEntry testId="f3c56488-a5c2-8406-3d0a-7b4528254b69" executionId="5b95e722-2e47-4b5c-9233-565a2b56e0c5" testListId="8c84fa94-04c1-424b-9868-57a2d4851a1d" />
    <TestEntry testId="b20a2449-4ea2-0f91-166e-65aa0595c585" executionId="f87bb184-2804-49e7-8668-073ea2b2dd95" testListId="8c84fa94-04c1-424b-9868-57a2d4851a1d" />
    <TestEntry testId="753ff7c7-c8eb-ba43-adb5-c54ca70deb83" executionId="0d5d6390-42be-46b6-ad4d-1753b3023829" testListId="8c84fa94-04c1-424b-9868-57a2d4851a1d" />
    <TestEntry testId="f9a62de0-229c-2b31-c6c0-e6d8628226fd" executionId="9511a53c-9550-4094-bb68-617766c9872b" testListId="8c84fa94-04c1-424b-9868-57a2d4851a1d" />
    <TestEntry testId="9a9f196f-98b1-ce9d-2703-e21678e7702e" executionId="0fd9998c-28c7-4a2c-806d-0579b585b480" testListId="8c84fa94-04c1-424b-9868-57a2d4851a1d" />
    <TestEntry testId="7b4235a2-89fc-244d-8197-f6d6244f42ae" executionId="c7ec10a0-cebb-419e-a9f6-cfb3e28befd4" testListId="8c84fa94-04c1-424b-9868-57a2d4851a1d" />
    <TestEntry testId="852ee6a1-3cac-e82f-b3ad-78a5771d3dc5" executionId="a1857f4d-379c-4667-a625-33f6d8ab1bd0" testListId="8c84fa94-04c1-424b-9868-57a2d4851a1d" />
    <TestEntry testId="eae0e59b-2951-cc02-a72f-347de2e82018" executionId="d1cfc574-9a14-4026-8061-98fd4c17fe27" testListId="8c84fa94-04c1-424b-9868-57a2d4851a1d" />
    <TestEntry testId="d7827b63-ca27-0641-fd8c-c0fb16115ea6" executionId="94ccf7b2-b433-430c-b8bf-38fada7b8373" testListId="8c84fa94-04c1-424b-9868-57a2d4851a1d" />
    <TestEntry testId="33caf927-0272-3a23-14c5-022bddb8ae6b" executionId="fc99a671-58a2-4161-aeb9-8b3ee981ba8d" testListId="8c84fa94-04c1-424b-9868-57a2d4851a1d" />
    <TestEntry testId="3aac6173-2500-28d9-aa27-a2996ba9628b" executionId="d4a56881-1e28-451b-8c48-e418a830a744" testListId="8c84fa94-04c1-424b-9868-57a2d4851a1d" />
    <TestEntry testId="9ff9c575-4439-c6fc-8f08-bce1d888d1c8" executionId="69bb9312-df25-4cdf-af70-caae74422cd3" testListId="8c84fa94-04c1-424b-9868-57a2d4851a1d" />
    <TestEntry testId="d6e86e6f-b8bd-4bbc-c2c0-14fa785360d2" executionId="c46ba361-a086-429a-81d6-0cbc94d327f6" testListId="8c84fa94-04c1-424b-9868-57a2d4851a1d" />
    <TestEntry testId="b4e551da-82c8-119b-d8d2-36802605c57d" executionId="a65282d2-acb4-437e-83f2-8f066ad04023" testListId="8c84fa94-04c1-424b-9868-57a2d4851a1d" />
    <TestEntry testId="b47946e7-e28b-7e26-11ea-6fd7789ee6a5" executionId="77a9eaec-e3c8-4e6f-b958-cf08fe2fa406" testListId="8c84fa94-04c1-424b-9868-57a2d4851a1d" />
    <TestEntry testId="95ef5e65-d024-d9ff-f962-b841af0649ce" executionId="5f427ef5-7679-4fa9-a521-b15f3035f4ad" testListId="8c84fa94-04c1-424b-9868-57a2d4851a1d" />
    <TestEntry testId="964dd2ff-36be-2a31-e351-405f7432cc62" executionId="d62e9b47-2092-42da-b6c6-aa5737079436" testListId="8c84fa94-04c1-424b-9868-57a2d4851a1d" />
    <TestEntry testId="f33acc64-0752-0ae5-568a-c7b2b411b798" executionId="724da28e-c517-40e8-8109-1ea24ebcdf25" testListId="8c84fa94-04c1-424b-9868-57a2d4851a1d" />
    <TestEntry testId="47c6eb4b-0a1e-96f2-6caf-87eee307ad70" executionId="40e91699-b006-4307-b9e1-dfa1d2b1730f" testListId="8c84fa94-04c1-424b-9868-57a2d4851a1d" />
    <TestEntry testId="675c356b-f7bb-96a6-17ab-454813aa22cf" executionId="bb67cfc4-d7ec-4e4f-bc33-d3db56c4a35f" testListId="8c84fa94-04c1-424b-9868-57a2d4851a1d" />
    <TestEntry testId="612e3051-11c2-2a8a-be0e-aaef2904f8a2" executionId="71e6ff55-b781-47fc-a87f-94776fc69993" testListId="8c84fa94-04c1-424b-9868-57a2d4851a1d" />
    <TestEntry testId="e60e1aa8-62ce-6fe3-c4ab-5a01c8589d52" executionId="10f0e72a-c8a4-4c95-8552-0c7888e630d0" testListId="8c84fa94-04c1-424b-9868-57a2d4851a1d" />
    <TestEntry testId="01e91ca5-0889-1964-517a-598eb15b5c73" executionId="51a17096-9ff6-49d8-91c5-68a1fab8a7af" testListId="8c84fa94-04c1-424b-9868-57a2d4851a1d" />
    <TestEntry testId="4e1fba95-6f77-81e1-3a7e-1e8985e839bd" executionId="74ac7630-dec4-4903-add3-aaac898d9c6d" testListId="8c84fa94-04c1-424b-9868-57a2d4851a1d" />
    <TestEntry testId="df1f6ff0-c43f-b511-fd20-40b6493dfbeb" executionId="0f682fc9-dd58-414b-bde4-017df97cbfbd" testListId="8c84fa94-04c1-424b-9868-57a2d4851a1d" />
    <TestEntry testId="7fe5f11e-826b-457b-b091-3a7bf7e74ade" executionId="c3e5cd19-4647-4db5-86fd-f6a181480a68" testListId="8c84fa94-04c1-424b-9868-57a2d4851a1d" />
    <TestEntry testId="16db3925-17d6-70d1-531c-4ab03ee4eba3" executionId="0c344821-ee80-494a-b7a6-8930e7fd05ed" testListId="8c84fa94-04c1-424b-9868-57a2d4851a1d" />
    <TestEntry testId="ab50d703-47d4-b779-5373-bcd598fd3743" executionId="a34c25f6-f110-4683-8584-d434bc93bee5" testListId="8c84fa94-04c1-424b-9868-57a2d4851a1d" />
    <TestEntry testId="a48b4e11-9ae3-c527-a9eb-0e05e7fd9df8" executionId="ec9e047b-7cc9-498d-b493-f44de50fec54" testListId="8c84fa94-04c1-424b-9868-57a2d4851a1d" />
    <TestEntry testId="4dfbad7b-5779-2c0d-b9d1-bdfd91b36be4" executionId="ea46db59-56cc-45c8-bfc3-5d57a2fa55b0" testListId="8c84fa94-04c1-424b-9868-57a2d4851a1d" />
    <TestEntry testId="83bbe348-7665-ec05-a621-7a51ae601c21" executionId="81212d4d-a8b0-43a5-8576-80214b6f039a" testListId="8c84fa94-04c1-424b-9868-57a2d4851a1d" />
    <TestEntry testId="d27234fe-2ae7-6024-2969-9dd2367a10a3" executionId="3e167db3-34af-4b52-bc80-9e7471682b5e" testListId="8c84fa94-04c1-424b-9868-57a2d4851a1d" />
    <TestEntry testId="edfe9d9a-6cb5-1fcb-9a69-ba841633ae44" executionId="1e4f532c-5a31-442c-8fdb-1570312c7ead" testListId="8c84fa94-04c1-424b-9868-57a2d4851a1d" />
    <TestEntry testId="20b993bd-57f2-2b49-c5f9-f325a265d4d9" executionId="f04c668c-ce53-4e3e-80a5-92549a3aa886" testListId="8c84fa94-04c1-424b-9868-57a2d4851a1d" />
    <TestEntry testId="b6a1ed77-e92e-2ea6-714a-a0e566bed4f5" executionId="6519b7f6-1ab7-4b12-beab-27734ef9b6c5" testListId="8c84fa94-04c1-424b-9868-57a2d4851a1d" />
    <TestEntry testId="c7aa928f-5227-1f46-1145-61b47be85052" executionId="50a22f56-70ad-49f4-bff4-69c557cff724" testListId="8c84fa94-04c1-424b-9868-57a2d4851a1d" />
    <TestEntry testId="77a9265b-ff19-1e9a-5f8f-645de34c8f32" executionId="bc1010ac-6a54-45a9-b9bc-b75aee4a6cb8" testListId="8c84fa94-04c1-424b-9868-57a2d4851a1d" />
    <TestEntry testId="82d640e5-a657-dfa2-6244-e3d4d6631f35" executionId="a38287da-de21-488e-af9d-caedcbed5101" testListId="8c84fa94-04c1-424b-9868-57a2d4851a1d" />
    <TestEntry testId="6a89111b-c2df-39aa-dd18-4fa89f78b08b" executionId="903d0147-2208-4df3-8e0b-b33962ce1bd0" testListId="8c84fa94-04c1-424b-9868-57a2d4851a1d" />
    <TestEntry testId="3b5052ff-a434-e475-fb6d-0ac1114c8780" executionId="b88d6f0d-de5a-45bb-9585-8ac4337269bd" testListId="8c84fa94-04c1-424b-9868-57a2d4851a1d" />
    <TestEntry testId="bcaec5b1-bacf-53b1-59cb-d85ea44711f0" executionId="233f64c6-b2f7-458c-a7a2-ddd61dfd6437" testListId="8c84fa94-04c1-424b-9868-57a2d4851a1d" />
    <TestEntry testId="9ccb768e-7d37-7ad5-fa1c-6a180747196e" executionId="12df38ff-5c91-4ce1-9dcf-65f8fd2767a1" testListId="8c84fa94-04c1-424b-9868-57a2d4851a1d" />
    <TestEntry testId="ba72010f-d036-600b-3889-5f51da87ae40" executionId="ae19655c-7f66-4fcf-86de-fc645d36257d" testListId="8c84fa94-04c1-424b-9868-57a2d4851a1d" />
    <TestEntry testId="fbcb1a11-f4f4-4aa5-4eaf-4b737dd9344d" executionId="9a4166ae-f743-4ee2-8ac1-ffa509ff2d44" testListId="8c84fa94-04c1-424b-9868-57a2d4851a1d" />
    <TestEntry testId="3285b2e6-f1e9-1904-0fe3-ddaf947d0b07" executionId="9c9d62a1-89f4-4a95-9658-7d69a6a14baa" testListId="8c84fa94-04c1-424b-9868-57a2d4851a1d" />
    <TestEntry testId="6e50f7ab-028c-6b37-69c1-536bf4479485" executionId="a070def3-668e-4ad6-95d6-6117bc3c475e" testListId="8c84fa94-04c1-424b-9868-57a2d4851a1d" />
    <TestEntry testId="78b3f02d-11bb-49a9-3e31-cd8e1f2c52f0" executionId="9f3564b7-7974-41a6-aaa2-3a505e4ce10d" testListId="8c84fa94-04c1-424b-9868-57a2d4851a1d" />
    <TestEntry testId="00e00be4-56f3-efed-8652-8c256d504c71" executionId="713f2604-8352-4ba7-b735-e98593ae5e2c" testListId="8c84fa94-04c1-424b-9868-57a2d4851a1d" />
    <TestEntry testId="d09c5af4-ec64-ea6d-5b80-3f9de1475f99" executionId="3f541b5d-7248-4a10-b2ec-0712860497f2" testListId="8c84fa94-04c1-424b-9868-57a2d4851a1d" />
    <TestEntry testId="cb46a770-ff28-c50b-a3d0-1d75357cff5f" executionId="f011269b-a224-40bd-9524-20e56fe8cdf8" testListId="8c84fa94-04c1-424b-9868-57a2d4851a1d" />
    <TestEntry testId="45efee17-723a-af3f-fca3-a356a9264536" executionId="0e7337f7-a402-4c61-8fb1-477ef74610c0" testListId="8c84fa94-04c1-424b-9868-57a2d4851a1d" />
    <TestEntry testId="39b199f8-5a8b-8ced-4a25-19da074f548b" executionId="94b425ff-305e-426c-bfc2-24ba31e05537" testListId="8c84fa94-04c1-424b-9868-57a2d4851a1d" />
    <TestEntry testId="aa1beba6-b3dc-e13c-f2e5-a09c734f932d" executionId="5f08fb9d-abdb-4290-8108-bae997e22615" testListId="8c84fa94-04c1-424b-9868-57a2d4851a1d" />
    <TestEntry testId="5a04f65b-3f72-fb1e-7262-4ffb53c2468a" executionId="5b942e7e-d5cf-4584-ae8e-1a598565cb04" testListId="8c84fa94-04c1-424b-9868-57a2d4851a1d" />
    <TestEntry testId="47667014-5abc-f267-52e0-92fba80a3dd7" executionId="1af3a42b-cefc-4f5b-a93e-f3095655cd69" testListId="8c84fa94-04c1-424b-9868-57a2d4851a1d" />
    <TestEntry testId="a40c4b1b-f2c2-daa9-81f2-c895d93515d3" executionId="c8b29de7-816e-4461-bbe3-7c3b1bc80128" testListId="8c84fa94-04c1-424b-9868-57a2d4851a1d" />
    <TestEntry testId="95020f86-9e26-5d68-56c6-b47aabb54c1c" executionId="326498cc-8bed-49e3-9ad7-799fe93f8723" testListId="8c84fa94-04c1-424b-9868-57a2d4851a1d" />
    <TestEntry testId="0a1d008e-9473-486b-802a-0e28037f3a2e" executionId="db753234-61b7-40d6-9393-d44cc1fffcd8" testListId="8c84fa94-04c1-424b-9868-57a2d4851a1d" />
    <TestEntry testId="87b2fe0c-5648-6414-9604-393b17d1e74f" executionId="e3d377bf-72c3-424c-99bc-52ec2783d000" testListId="8c84fa94-04c1-424b-9868-57a2d4851a1d" />
    <TestEntry testId="14c937ee-0c28-b812-e7e0-f0b77d43aae1" executionId="5cf009d3-8427-4603-9633-44f4df86953d" testListId="8c84fa94-04c1-424b-9868-57a2d4851a1d" />
    <TestEntry testId="939b57cf-1563-058a-da8c-b9e6e05aec69" executionId="5fc2309b-6693-440f-89d3-72c7d6f3a343" testListId="8c84fa94-04c1-424b-9868-57a2d4851a1d" />
    <TestEntry testId="8d10d964-5e1b-f33d-687f-4060d1418afc" executionId="2229485d-c4db-4d63-aae8-dbfe3cb2461c" testListId="8c84fa94-04c1-424b-9868-57a2d4851a1d" />
    <TestEntry testId="d75e83e9-258e-2286-7a15-5a75ab1246f4" executionId="9d805904-9f31-48e7-a868-2dfcdfff60ef" testListId="8c84fa94-04c1-424b-9868-57a2d4851a1d" />
    <TestEntry testId="b32ff363-5a2a-b557-866a-fc4e728fe333" executionId="94341abf-1c4d-4ea7-aee6-5062123604d0" testListId="8c84fa94-04c1-424b-9868-57a2d4851a1d" />
    <TestEntry testId="7dd4d8da-2c16-a843-db58-12db81db51ba" executionId="f6afbc18-c027-433b-b808-0d3c19579bb5" testListId="8c84fa94-04c1-424b-9868-57a2d4851a1d" />
    <TestEntry testId="a2a0f859-2a11-5f64-7344-94a73daee1f0" executionId="d40f0099-262e-4853-8e3f-bbfa7b19c317" testListId="8c84fa94-04c1-424b-9868-57a2d4851a1d" />
    <TestEntry testId="69e69e5e-b0eb-d1be-4f7a-7fbce017608b" executionId="d29245aa-c8f9-4fb2-8c38-6eb4fbf9e16b" testListId="8c84fa94-04c1-424b-9868-57a2d4851a1d" />
    <TestEntry testId="97cb9d39-a86c-1bfc-5a39-1659e9873909" executionId="43babf08-431e-4738-a1db-f68a94aed282" testListId="8c84fa94-04c1-424b-9868-57a2d4851a1d" />
    <TestEntry testId="73250ec6-ba75-ff12-4e7b-19ad66b465ec" executionId="84f4d288-9e46-4076-85f3-80216a71e922" testListId="8c84fa94-04c1-424b-9868-57a2d4851a1d" />
    <TestEntry testId="065a6b5f-63a7-260e-ed2c-fcf7d4ae3bd6" executionId="2e8b15e3-24e4-4ea6-b83e-1d80561d06d4" testListId="8c84fa94-04c1-424b-9868-57a2d4851a1d" />
    <TestEntry testId="4eaac773-8eed-2773-9c43-8a194fe26ca9" executionId="ff0ef344-97cc-4bf1-b655-72e42adec181" testListId="8c84fa94-04c1-424b-9868-57a2d4851a1d" />
    <TestEntry testId="55a34eb6-3b6e-4420-2ac4-57e657bebd80" executionId="29b5f11a-c3d3-4552-a1dd-0d75666142bc" testListId="8c84fa94-04c1-424b-9868-57a2d4851a1d" />
    <TestEntry testId="6fb350c5-32e1-58df-7bd3-badbbdd5cd16" executionId="15b3825b-3452-4564-988b-ea189c1d4cbd" testListId="8c84fa94-04c1-424b-9868-57a2d4851a1d" />
    <TestEntry testId="f3835b35-a8d0-029c-a82e-213927c0fdb7" executionId="fbb1fe5f-789b-4a6d-81f0-7137a1ebc7b5" testListId="8c84fa94-04c1-424b-9868-57a2d4851a1d" />
    <TestEntry testId="9f634fc6-3746-4f80-7eed-246fb192504f" executionId="7d63e431-9ef0-4c77-b3d7-70956120850b" testListId="8c84fa94-04c1-424b-9868-57a2d4851a1d" />
    <TestEntry testId="ba27c403-da9d-4cc9-08cd-2046ce71239c" executionId="5de9cd7c-ff5f-43b0-801b-2c7e144624f9" testListId="8c84fa94-04c1-424b-9868-57a2d4851a1d" />
    <TestEntry testId="b0288b10-ad18-a2a4-6f1a-8210337c7e9a" executionId="f2edd3a4-9b13-46ac-a5f0-91da592f0b1b" testListId="8c84fa94-04c1-424b-9868-57a2d4851a1d" />
    <TestEntry testId="7133f6bc-d05d-6ad4-648c-1d3b34ac544f" executionId="b158130a-ae23-4264-9b94-8742cfbf6120" testListId="8c84fa94-04c1-424b-9868-57a2d4851a1d" />
    <TestEntry testId="7b7ebcee-1852-9e60-7013-44050d4f6487" executionId="776b9b4f-4a71-4b6c-a9a2-9267cea02285" testListId="8c84fa94-04c1-424b-9868-57a2d4851a1d" />
    <TestEntry testId="aa6c050f-565e-5b51-d8fe-02eb7c1dc38e" executionId="8ff60a4a-b062-4daf-ac3f-717a1cd4ddf1" testListId="8c84fa94-04c1-424b-9868-57a2d4851a1d" />
    <TestEntry testId="a8deda30-ecbb-b206-95a4-005c3efc23f0" executionId="c8a12815-a9d8-4d2d-b02d-0af83c3a5202" testListId="8c84fa94-04c1-424b-9868-57a2d4851a1d" />
    <TestEntry testId="28eafb85-8b9f-20e1-5f0b-320f1aaa7fd7" executionId="dc900fdc-6d91-46cb-8221-5c9378172228" testListId="8c84fa94-04c1-424b-9868-57a2d4851a1d" />
    <TestEntry testId="c5c6a630-e784-6a46-3902-916e81757b3a" executionId="e4ac33c5-a5ea-42e5-85fd-5967c754374f" testListId="8c84fa94-04c1-424b-9868-57a2d4851a1d" />
    <TestEntry testId="61b679e0-d936-ea28-72eb-76dd5ab066b9" executionId="c99c7867-810a-458b-83a8-288045a233bc" testListId="8c84fa94-04c1-424b-9868-57a2d4851a1d" />
    <TestEntry testId="edf8b68e-ecda-92c0-b48e-ddc973a3e86c" executionId="21d84078-5c3d-4b4d-be25-4e60f0488076" testListId="8c84fa94-04c1-424b-9868-57a2d4851a1d" />
    <TestEntry testId="2191545e-2b30-04cc-eded-b709db474267" executionId="7c1ae30a-9900-4687-ae5d-754ed6a5c70a" testListId="8c84fa94-04c1-424b-9868-57a2d4851a1d" />
    <TestEntry testId="636e611e-6448-17cc-d8a5-d4a6412931d2" executionId="d189be39-143d-4c68-aaa5-e59b89c85759" testListId="8c84fa94-04c1-424b-9868-57a2d4851a1d" />
    <TestEntry testId="69d44bf0-dd6f-4894-5642-58bce8f9722f" executionId="da051659-b9da-4e3c-83a6-23ab447076eb" testListId="8c84fa94-04c1-424b-9868-57a2d4851a1d" />
    <TestEntry testId="129cf8f1-e5ca-307a-fc16-3c9077b8115d" executionId="6b2d3e02-7ac6-4638-bff9-a4e91386675c" testListId="8c84fa94-04c1-424b-9868-57a2d4851a1d" />
    <TestEntry testId="90d1d6d3-ea65-557e-8624-5235ee6c4f3a" executionId="5f78d2ec-ca95-47ea-a5ea-bf1388a987a5" testListId="8c84fa94-04c1-424b-9868-57a2d4851a1d" />
    <TestEntry testId="23b9fe8d-293f-ebe4-7b11-556ce352e7cd" executionId="cc645099-6cd9-4f09-b43b-c7aea6e287f1" testListId="8c84fa94-04c1-424b-9868-57a2d4851a1d" />
    <TestEntry testId="51c89e9f-47a8-05ef-5777-9e09f2ddfc7c" executionId="0ff527ac-24ce-417c-ae4c-257475a795f9" testListId="8c84fa94-04c1-424b-9868-57a2d4851a1d" />
    <TestEntry testId="6f356bed-719f-a0bf-d541-ac6ce715d8ef" executionId="0a16f930-88bc-4679-a95b-fd999e31e8b2" testListId="8c84fa94-04c1-424b-9868-57a2d4851a1d" />
    <TestEntry testId="6ecc7aae-5736-066f-ceec-ba8280fc9cc2" executionId="eca500b3-6ec0-403b-be85-6be21692da98" testListId="8c84fa94-04c1-424b-9868-57a2d4851a1d" />
    <TestEntry testId="ddafde8e-e30d-b21f-46d6-678a7aaadfa4" executionId="75ad4efa-ed96-4ab9-8dcd-4dd669ea64e3" testListId="8c84fa94-04c1-424b-9868-57a2d4851a1d" />
    <TestEntry testId="295f4431-83c4-6203-e6ce-033892c966a7" executionId="3511f2b5-6c1f-49f0-bb6c-10d689f8009f" testListId="8c84fa94-04c1-424b-9868-57a2d4851a1d" />
    <TestEntry testId="951e2117-ba93-d330-6fde-00728562d0fa" executionId="1c7a7d6c-2d30-4f01-8268-c5b1e17e8e97" testListId="8c84fa94-04c1-424b-9868-57a2d4851a1d" />
    <TestEntry testId="a5b9bd49-ebc4-a9c4-f1b0-3258cf770c52" executionId="ae152d4f-a49b-4900-956b-2067a93089e0" testListId="8c84fa94-04c1-424b-9868-57a2d4851a1d" />
    <TestEntry testId="8694fb16-4c85-5e15-f39b-e0bfc35bda92" executionId="38c7db92-0096-41ce-bf2e-5c257057a4a0" testListId="8c84fa94-04c1-424b-9868-57a2d4851a1d" />
    <TestEntry testId="a2291ab2-166f-5a9c-4f0e-9d0066f84512" executionId="e4d5a195-b3d4-433d-b0d3-9af707ef324f" testListId="8c84fa94-04c1-424b-9868-57a2d4851a1d" />
    <TestEntry testId="a04a2dd6-8031-7332-61fb-3a4ff0366601" executionId="0ff58e52-4fcd-46fa-9a06-cab2432a1007" testListId="8c84fa94-04c1-424b-9868-57a2d4851a1d" />
    <TestEntry testId="8aa02d72-78d3-ab6c-c7ed-37c1829c1891" executionId="08fb5404-d4f9-4ee5-a991-594ca5377375" testListId="8c84fa94-04c1-424b-9868-57a2d4851a1d" />
    <TestEntry testId="2109b7d7-ad29-57d9-2e89-d096205acc51" executionId="7cf20164-7d37-4087-9060-16cc3d3eb6b9" testListId="8c84fa94-04c1-424b-9868-57a2d4851a1d" />
    <TestEntry testId="4b3f9805-03d4-e490-295a-e2e303b52599" executionId="f8d054da-4d51-48b9-b5b2-5f5cc5786cb6" testListId="8c84fa94-04c1-424b-9868-57a2d4851a1d" />
    <TestEntry testId="cfc6bec3-0f68-0c15-e1bf-9fad46d7cd5e" executionId="0692e688-15d8-496f-9020-a55fff47b912" testListId="8c84fa94-04c1-424b-9868-57a2d4851a1d" />
    <TestEntry testId="577119be-6e81-15d4-74ef-fb3a095dbf1f" executionId="9fd9a202-ed41-44de-a9f8-9813a8c71596" testListId="8c84fa94-04c1-424b-9868-57a2d4851a1d" />
    <TestEntry testId="e204153b-59db-d713-cc18-5e1b16fe5cc2" executionId="47022fe6-0a81-40b8-b88c-fb405a5e72c9" testListId="8c84fa94-04c1-424b-9868-57a2d4851a1d" />
    <TestEntry testId="93cb720d-5982-c54c-85a8-378308900222" executionId="2682df0f-3f86-4fdb-b696-495debcb2dbb" testListId="8c84fa94-04c1-424b-9868-57a2d4851a1d" />
    <TestEntry testId="311100a0-524c-5810-0ffd-a626a27dea27" executionId="abc9fc0e-90de-47ac-9601-547350d1e382" testListId="8c84fa94-04c1-424b-9868-57a2d4851a1d" />
    <TestEntry testId="98388254-e7ea-506b-ceac-375dbb27eea9" executionId="82332de2-139e-4b03-86aa-3c406921dcc7" testListId="8c84fa94-04c1-424b-9868-57a2d4851a1d" />
    <TestEntry testId="cdb67d1c-5cc0-7b0c-de80-d03fda7b2ec7" executionId="8d4beed1-43d3-46a0-950f-b70a5dfc2d90" testListId="8c84fa94-04c1-424b-9868-57a2d4851a1d" />
    <TestEntry testId="e576cb7f-c4a3-7591-4d87-7c4fd357615e" executionId="a546c026-8af4-462d-8806-605894081ebe" testListId="8c84fa94-04c1-424b-9868-57a2d4851a1d" />
    <TestEntry testId="c19f61c1-fa7a-4fe3-1a02-c0aa7eac06b2" executionId="7519d42c-6426-4324-963d-4d5cee3558de" testListId="8c84fa94-04c1-424b-9868-57a2d4851a1d" />
    <TestEntry testId="c3c63bcd-a3ac-2eba-1b56-9434475d9de1" executionId="6fb86f8e-ad4e-4118-846d-586276bf3ade" testListId="8c84fa94-04c1-424b-9868-57a2d4851a1d" />
    <TestEntry testId="7aad1581-f20f-940a-8ed6-eb0b87093041" executionId="6415f782-f710-4096-bc32-ca5b9417a7f2" testListId="8c84fa94-04c1-424b-9868-57a2d4851a1d" />
    <TestEntry testId="31590ae9-5a35-c60e-0cf3-7ba5a7c085be" executionId="a2665914-688d-4b83-b734-7b77740f8763" testListId="8c84fa94-04c1-424b-9868-57a2d4851a1d" />
    <TestEntry testId="0bdfa125-ce04-dbba-9682-35df7cb10594" executionId="1082861b-e971-40e6-8a4b-f3f6be685259" testListId="8c84fa94-04c1-424b-9868-57a2d4851a1d" />
    <TestEntry testId="8c228e19-d753-b836-b3f1-9f132d11e0aa" executionId="ef7a5bfe-c706-4c00-9f86-689d8c5cd37a" testListId="8c84fa94-04c1-424b-9868-57a2d4851a1d" />
    <TestEntry testId="d7fb4d3a-71c1-b0aa-093d-75abcc87e523" executionId="17622539-1bff-44eb-93cf-fe2e5dfd0997" testListId="8c84fa94-04c1-424b-9868-57a2d4851a1d" />
    <TestEntry testId="e6edacc4-c706-0026-4b36-a0ac04b81562" executionId="d7cecc2e-1090-49ca-9798-9f3531d3f5f4" testListId="8c84fa94-04c1-424b-9868-57a2d4851a1d" />
    <TestEntry testId="28d6d2e5-7c10-dc8e-9683-216aa084425f" executionId="4c4fcba1-c98b-415f-943f-de3b64cb732f" testListId="8c84fa94-04c1-424b-9868-57a2d4851a1d" />
    <TestEntry testId="a420794c-d018-96a3-a2bd-a275cb0db678" executionId="f377d737-32cb-4d89-9893-15332c60c439" testListId="8c84fa94-04c1-424b-9868-57a2d4851a1d" />
    <TestEntry testId="589f7dca-5b16-9364-a181-f350f7f4dd5f" executionId="31dbcfaf-7ff1-4ec1-a68b-29a10bbe56a4" testListId="8c84fa94-04c1-424b-9868-57a2d4851a1d" />
    <TestEntry testId="6e337e14-8991-cad0-c1a7-1e6cb1630e50" executionId="38d156a0-4e05-4983-84fa-12f1aeefecf3" testListId="8c84fa94-04c1-424b-9868-57a2d4851a1d" />
    <TestEntry testId="9e023c44-530f-f3d8-bcb0-516c76b5f20c" executionId="59317c4b-d239-49a3-95b0-ad88dbc752f9" testListId="8c84fa94-04c1-424b-9868-57a2d4851a1d" />
    <TestEntry testId="d0733c4c-72a8-0d96-a9b3-e3863d0d8223" executionId="a78dad11-1f5c-42da-a9de-90e2f7dffacf" testListId="8c84fa94-04c1-424b-9868-57a2d4851a1d" />
    <TestEntry testId="f4f46636-f9e7-76ca-1dbd-e3d9c5854fae" executionId="d1ca74f5-de4c-40a3-8289-16de10cf692c" testListId="8c84fa94-04c1-424b-9868-57a2d4851a1d" />
    <TestEntry testId="84403028-e41a-2045-2fe6-e1ca1d5057ed" executionId="d1ad6a4e-a21d-464a-9e32-10d7a29418a4" testListId="8c84fa94-04c1-424b-9868-57a2d4851a1d" />
    <TestEntry testId="8cfb50ed-479d-5a09-e475-a74249f15c09" executionId="3a5dc556-708f-4fa4-9f39-ee9603c66fc3" testListId="8c84fa94-04c1-424b-9868-57a2d4851a1d" />
    <TestEntry testId="3620948a-9f9f-8950-b4dc-e53d7b462c5b" executionId="c152c351-be75-4fea-a9eb-7eacc164b911" testListId="8c84fa94-04c1-424b-9868-57a2d4851a1d" />
    <TestEntry testId="a5b456fb-d1ea-c09b-0b3d-16ae4b08595f" executionId="5471d126-6d17-433a-b4b6-c502f7ca6f72" testListId="8c84fa94-04c1-424b-9868-57a2d4851a1d" />
    <TestEntry testId="92ea22df-8fe7-dd3e-692e-d9aa5967f7d5" executionId="3425e958-481d-4343-bfbb-71bf85930b02" testListId="8c84fa94-04c1-424b-9868-57a2d4851a1d" />
    <TestEntry testId="8e7d23c0-0529-6a7a-d07e-229f39db6fcf" executionId="1d400e1c-bba0-4acf-af7a-fc2499ebe951" testListId="8c84fa94-04c1-424b-9868-57a2d4851a1d" />
    <TestEntry testId="7decbc09-52d0-232f-5f8d-7275d497ac39" executionId="030ec003-9281-4dda-a91d-d3c7e16b3c5f" testListId="8c84fa94-04c1-424b-9868-57a2d4851a1d" />
    <TestEntry testId="6985fb05-b5ba-e785-d00a-c76301f0cba9" executionId="9a376bbb-bfc1-4705-9b74-99163ef92e1f" testListId="8c84fa94-04c1-424b-9868-57a2d4851a1d" />
    <TestEntry testId="617a981f-9f64-2462-1757-7464361790ec" executionId="a92e1fe4-689c-4cfe-8c21-2d7285b1338e" testListId="8c84fa94-04c1-424b-9868-57a2d4851a1d" />
    <TestEntry testId="8efddf11-ce10-19d8-fda3-f3560eaf4bde" executionId="14c947ff-1dc2-4d38-926d-7a41fc57933b" testListId="8c84fa94-04c1-424b-9868-57a2d4851a1d" />
    <TestEntry testId="ae26722c-0af5-23d2-8c78-f271344ac4d7" executionId="230f799b-f8f0-4f03-bfac-039385d755ac" testListId="8c84fa94-04c1-424b-9868-57a2d4851a1d" />
    <TestEntry testId="ff121939-d3c1-2dbe-8c24-3d621be8be52" executionId="fb18b208-bb52-4424-bef6-ca61a4e6072b" testListId="8c84fa94-04c1-424b-9868-57a2d4851a1d" />
    <TestEntry testId="7c51c361-b150-851e-edf3-14e7f0a7eca5" executionId="9b99a80e-7c45-4c99-85e6-bad231eefd54" testListId="8c84fa94-04c1-424b-9868-57a2d4851a1d" />
    <TestEntry testId="5f0e533b-ae67-856f-42d0-06ec4214cbc9" executionId="0d78dd49-270d-40be-875a-8ee9f3198f73" testListId="8c84fa94-04c1-424b-9868-57a2d4851a1d" />
    <TestEntry testId="533c4ff4-5a16-74b1-52e3-fbba2a46ea3d" executionId="9d6e85f6-dcda-4543-b42d-e3c1a52205fd" testListId="8c84fa94-04c1-424b-9868-57a2d4851a1d" />
    <TestEntry testId="d66e443b-586c-571d-2122-fa3c1fde9583" executionId="62675b88-5806-49e3-8dbb-a0333a2bd74c" testListId="8c84fa94-04c1-424b-9868-57a2d4851a1d" />
    <TestEntry testId="e571b95c-2bb2-ef41-b5a4-bf432f3147c1" executionId="d82f4d83-b2ce-4633-9a00-0d744818463c" testListId="8c84fa94-04c1-424b-9868-57a2d4851a1d" />
    <TestEntry testId="0951cc14-ed9d-f092-fae5-cc39fde67385" executionId="6e936766-67dd-4e53-bdeb-bdfa6340d814" testListId="8c84fa94-04c1-424b-9868-57a2d4851a1d" />
    <TestEntry testId="20a25c8c-2401-2d65-187f-4baf0dd1658d" executionId="e6c7ddf5-8df0-4254-9288-40034c47fd4a" testListId="8c84fa94-04c1-424b-9868-57a2d4851a1d" />
    <TestEntry testId="4c1bacdf-8b0b-fc71-cf98-c2fba53e26bd" executionId="c96381f7-d6a7-41a3-a435-7b04442a4401" testListId="8c84fa94-04c1-424b-9868-57a2d4851a1d" />
    <TestEntry testId="6b9b7dc5-5dea-6a14-94bc-df4f8d21e31b" executionId="0b9155dd-456c-4f18-9caf-0b0033a7d85d" testListId="8c84fa94-04c1-424b-9868-57a2d4851a1d" />
    <TestEntry testId="a826c1ad-ad00-f768-048a-e5138bb33cad" executionId="a6d23e4f-0f66-452a-9d41-7f77c318d14f" testListId="8c84fa94-04c1-424b-9868-57a2d4851a1d" />
    <TestEntry testId="f9a83492-e7d6-c8fd-b735-487e12bbeae4" executionId="59142946-bbcf-44b9-b83b-88d69ae6915c" testListId="8c84fa94-04c1-424b-9868-57a2d4851a1d" />
    <TestEntry testId="4ba8fb1d-05fe-4094-0a76-17d0f83d2ede" executionId="1efc5baf-b4d4-4c38-9eed-ed8170fd6e25" testListId="8c84fa94-04c1-424b-9868-57a2d4851a1d" />
    <TestEntry testId="d5e79120-2bc6-3dec-1629-4ada0ac155b9" executionId="33301dee-6834-42cc-8f2a-24fbc2108fbc" testListId="8c84fa94-04c1-424b-9868-57a2d4851a1d" />
    <TestEntry testId="260d0932-3b02-05f3-6827-5ecd60ff8113" executionId="811428aa-614e-400b-a6bc-c765a18feda1" testListId="8c84fa94-04c1-424b-9868-57a2d4851a1d" />
    <TestEntry testId="787c1b1e-c2f2-9e62-96a2-4ba63f47c506" executionId="2c0631ec-0ed8-4e3e-98ea-6ce14edf0284" testListId="8c84fa94-04c1-424b-9868-57a2d4851a1d" />
    <TestEntry testId="e20c698e-23e5-605c-12c5-7cc57fdacb0f" executionId="3b6b88c4-22bd-460e-90bc-c385399424e5" testListId="8c84fa94-04c1-424b-9868-57a2d4851a1d" />
    <TestEntry testId="0bc64e77-6a9c-ae78-bff0-742de30b70ae" executionId="31266b0b-ce36-4cfd-a370-6661f897ec64" testListId="8c84fa94-04c1-424b-9868-57a2d4851a1d" />
    <TestEntry testId="df3b8b41-f741-c322-9834-731bc48ca664" executionId="01ca2808-b563-4611-b368-85398501bb0a" testListId="8c84fa94-04c1-424b-9868-57a2d4851a1d" />
    <TestEntry testId="65a6c280-7b5b-b5a4-e19c-babcc2a41e16" executionId="f4c8c553-5206-4fc7-aad3-3a718cf0a419" testListId="8c84fa94-04c1-424b-9868-57a2d4851a1d" />
    <TestEntry testId="55146ed0-34e7-4cef-c70f-a37019dfcf45" executionId="800c19b9-39ee-4dd4-a3d1-7e15d1823eb8" testListId="8c84fa94-04c1-424b-9868-57a2d4851a1d" />
    <TestEntry testId="28217fd8-a642-888a-2e57-730a42108bb2" executionId="dbb51991-3e6b-4d52-9c18-91f43ac6528b" testListId="8c84fa94-04c1-424b-9868-57a2d4851a1d" />
    <TestEntry testId="02383a88-2085-e3c5-5544-41ab220bae13" executionId="835c4c50-cce1-4c14-b52b-85071810b81d" testListId="8c84fa94-04c1-424b-9868-57a2d4851a1d" />
    <TestEntry testId="a6571ddf-41ff-7cb0-eadf-42fe561d0618" executionId="46ed7d7a-091c-41c0-b992-6d9e92c4ee83" testListId="8c84fa94-04c1-424b-9868-57a2d4851a1d" />
    <TestEntry testId="baa4b87a-c956-2871-3f26-1160425dc5a7" executionId="a676da20-b419-4fbb-b208-1ccf97f477df" testListId="8c84fa94-04c1-424b-9868-57a2d4851a1d" />
    <TestEntry testId="629c90d4-3f4e-abb5-996a-089d3e18dfe6" executionId="14f223df-7c6e-4ece-9405-23d3c18309b3" testListId="8c84fa94-04c1-424b-9868-57a2d4851a1d" />
    <TestEntry testId="ab796fd5-9fee-dac8-bb0d-70b470b4e72f" executionId="ce7e95fd-de7a-4861-8a5e-fc7967ce6af8" testListId="8c84fa94-04c1-424b-9868-57a2d4851a1d" />
    <TestEntry testId="c5af787c-c61b-1e04-109b-4a7fae295b90" executionId="83b8b70a-1129-4fc7-a47c-fda3306c5b20" testListId="8c84fa94-04c1-424b-9868-57a2d4851a1d" />
    <TestEntry testId="bc73924e-942f-ef2f-1a9e-1c30754a11ca" executionId="70a057d1-1754-4e54-b03a-8dfc0055a65c" testListId="8c84fa94-04c1-424b-9868-57a2d4851a1d" />
    <TestEntry testId="e47956e9-b879-d4b5-68d6-fe43dc084706" executionId="0ed07ba4-9fb6-4757-8a19-4fcc7bdf717d" testListId="8c84fa94-04c1-424b-9868-57a2d4851a1d" />
    <TestEntry testId="753320b4-c130-7ba4-bb0a-9f8ec5f72a29" executionId="27ffbf33-6733-41e2-b68a-b150a73d22c2" testListId="8c84fa94-04c1-424b-9868-57a2d4851a1d" />
    <TestEntry testId="4d41a5cd-9631-847a-4faf-8405270a0845" executionId="51d4f735-980f-4d34-9c52-8aa9b590286d" testListId="8c84fa94-04c1-424b-9868-57a2d4851a1d" />
    <TestEntry testId="63784862-09d2-d657-6226-607f385706aa" executionId="eaf2e103-0787-47e4-a6d1-1361ffc0b176" testListId="8c84fa94-04c1-424b-9868-57a2d4851a1d" />
    <TestEntry testId="eb26ffc8-bb05-1157-6c7c-826d940d264e" executionId="426c3f99-2dbc-4ef5-94d5-8ff7f3e22c7e" testListId="8c84fa94-04c1-424b-9868-57a2d4851a1d" />
    <TestEntry testId="2e3aeef7-8114-ed60-8902-143110552237" executionId="c1b864fc-3b05-4932-b2d2-435736018005" testListId="8c84fa94-04c1-424b-9868-57a2d4851a1d" />
    <TestEntry testId="7e44a851-4077-ac25-7ead-f40348f9418b" executionId="76e456dc-4318-42c2-87d4-8cb30c6e93af" testListId="8c84fa94-04c1-424b-9868-57a2d4851a1d" />
    <TestEntry testId="b7311927-bdc1-19f4-07d9-7d989f715b7b" executionId="db37d005-37f5-4ff2-950a-5a89f62b8af1" testListId="8c84fa94-04c1-424b-9868-57a2d4851a1d" />
    <TestEntry testId="109959fb-48fd-6092-72ba-da91ae385564" executionId="9493b191-accc-4430-bed9-e35811a804af" testListId="8c84fa94-04c1-424b-9868-57a2d4851a1d" />
    <TestEntry testId="e048ec8c-0a3a-dddc-6ca1-eb5588efea3a" executionId="1a0ca88c-a390-4026-9f18-59e966208429" testListId="8c84fa94-04c1-424b-9868-57a2d4851a1d" />
    <TestEntry testId="3e112053-fb77-d001-252d-3a1225df6c01" executionId="ce786232-6e25-4ef5-81af-5f44c2031f06" testListId="8c84fa94-04c1-424b-9868-57a2d4851a1d" />
    <TestEntry testId="95815412-e105-50cd-5bf0-8701e9ff2cdd" executionId="eee2c2a6-ca15-4752-9bc2-f9a49db490ae" testListId="8c84fa94-04c1-424b-9868-57a2d4851a1d" />
    <TestEntry testId="208ca3c7-665a-dc1b-9073-ab152a00f6e5" executionId="5744c395-b25e-4932-8dbc-3cca53112f66" testListId="8c84fa94-04c1-424b-9868-57a2d4851a1d" />
    <TestEntry testId="831f3ea0-c683-3c5c-753b-5c9411b969b0" executionId="fd3d5b42-c708-4de3-b8c5-43dc22ab7c41" testListId="8c84fa94-04c1-424b-9868-57a2d4851a1d" />
    <TestEntry testId="58fac6ee-439b-d466-0e24-b09cb1989aa1" executionId="6a2a8c24-1b07-4ef1-a921-fcb1f57c8f93" testListId="8c84fa94-04c1-424b-9868-57a2d4851a1d" />
    <TestEntry testId="07ec4f83-0b7f-c17f-8732-400091d9a8dd" executionId="f486c3e7-0985-4e7c-b324-6d0db6792620" testListId="8c84fa94-04c1-424b-9868-57a2d4851a1d" />
    <TestEntry testId="d62531ef-23c7-fa7b-7c12-ea6cab3a4650" executionId="d8df8d5d-5071-40a8-b8e2-005604c0cf60" testListId="8c84fa94-04c1-424b-9868-57a2d4851a1d" />
    <TestEntry testId="1a37fbf8-8eb2-94b0-dfef-4647b46b9ef8" executionId="290be340-d796-4cf6-90ff-92a09ba46117" testListId="8c84fa94-04c1-424b-9868-57a2d4851a1d" />
    <TestEntry testId="570aa5ec-9c5e-7127-e1cd-e642763b1b4e" executionId="1ce4bca4-c96e-4d8a-a85e-93eca5fda447" testListId="8c84fa94-04c1-424b-9868-57a2d4851a1d" />
    <TestEntry testId="e98e0436-6758-442c-29e3-d8cee109ce5c" executionId="7766b691-47de-4e0e-a04b-b85f5dbf27ef" testListId="8c84fa94-04c1-424b-9868-57a2d4851a1d" />
    <TestEntry testId="95d6c39d-accd-dc64-d03c-1f6ee22cc550" executionId="b2df21a1-44d3-426a-81cf-fdb80b41cda8" testListId="8c84fa94-04c1-424b-9868-57a2d4851a1d" />
    <TestEntry testId="7da4b79e-3677-8d3e-7fa9-6f443918820a" executionId="3c31bb86-733b-42ac-b4c6-ef637db11110" testListId="8c84fa94-04c1-424b-9868-57a2d4851a1d" />
    <TestEntry testId="df8cc6b7-a4ae-936b-8419-3078fb8fc0e7" executionId="e33d3ba0-a885-45a3-8b7d-bee7fc3bec70" testListId="8c84fa94-04c1-424b-9868-57a2d4851a1d" />
    <TestEntry testId="032906fd-5ab9-3671-51fc-923a4d8e033a" executionId="6d09edf6-d219-4962-8d7d-623583bd9fdb" testListId="8c84fa94-04c1-424b-9868-57a2d4851a1d" />
    <TestEntry testId="b88b817d-27e1-a0a6-1cb1-dbafb7d780a4" executionId="b0f33fb0-c2c6-4c94-9182-22e8338a125a" testListId="8c84fa94-04c1-424b-9868-57a2d4851a1d" />
    <TestEntry testId="709fa466-3b52-fe6e-75e4-4a497c84caee" executionId="d452f880-83a9-4e45-92b8-2b2c3dd0557a" testListId="8c84fa94-04c1-424b-9868-57a2d4851a1d" />
    <TestEntry testId="8fcd9fee-1f93-27b3-44a4-1c92ea8a9ff7" executionId="e9d504af-8333-41d5-9c48-56b9e88ad6ac" testListId="8c84fa94-04c1-424b-9868-57a2d4851a1d" />
    <TestEntry testId="619e3039-0058-7b55-1a78-5bf0f2221301" executionId="8d1e81dd-1f74-438b-afb9-76d8a04d3cbe" testListId="8c84fa94-04c1-424b-9868-57a2d4851a1d" />
    <TestEntry testId="b2bdadc9-f101-5b4b-7f8c-902d854b11eb" executionId="0ee752ea-48cc-4076-86fc-c8a83109730d" testListId="8c84fa94-04c1-424b-9868-57a2d4851a1d" />
    <TestEntry testId="9f024a8f-bb0e-1061-a71b-1aacce70fb69" executionId="2e1b3897-27a8-4f85-9378-012d0728bc91" testListId="8c84fa94-04c1-424b-9868-57a2d4851a1d" />
    <TestEntry testId="d8b0e829-8a8f-101e-4c30-791ed90928f6" executionId="099d72c0-1664-44eb-aad3-80a2ec327ed2" testListId="8c84fa94-04c1-424b-9868-57a2d4851a1d" />
    <TestEntry testId="6c65e29d-6be8-82ee-638c-4c6d406470c7" executionId="1e7eb23b-0371-4d7f-ba39-7aa06e18673b" testListId="8c84fa94-04c1-424b-9868-57a2d4851a1d" />
    <TestEntry testId="e0d35b75-dd31-8c6c-5ad1-93f06132ca3c" executionId="0d3374cc-ba67-45f1-9d22-df23c70e6b02" testListId="8c84fa94-04c1-424b-9868-57a2d4851a1d" />
    <TestEntry testId="5186bd09-617b-101d-ff00-eba3e283b06a" executionId="288f98fa-fa03-4696-b117-e1c64ffd1939" testListId="8c84fa94-04c1-424b-9868-57a2d4851a1d" />
    <TestEntry testId="4c26cfb9-fa3d-00ec-b7ac-8ebb0476771f" executionId="888115ef-cdf3-4330-bc39-ee9eb5971c82" testListId="8c84fa94-04c1-424b-9868-57a2d4851a1d" />
    <TestEntry testId="9f70fab2-6c2d-24c1-3c6a-8386ec2fec26" executionId="04f734a8-26fd-4912-824b-c81a3d1b8829" testListId="8c84fa94-04c1-424b-9868-57a2d4851a1d" />
    <TestEntry testId="2887bb27-23cc-e071-2e9f-7e3f1d3073e6" executionId="4009fad4-6d43-4244-9d58-91c64852fdce" testListId="8c84fa94-04c1-424b-9868-57a2d4851a1d" />
    <TestEntry testId="6ea4016a-f5e2-2b96-3b9b-e2e913600927" executionId="6d71ea17-a236-4f0b-bd8c-3bfb987ca41a" testListId="8c84fa94-04c1-424b-9868-57a2d4851a1d" />
    <TestEntry testId="e2aa4bbe-1cd2-d350-1dcc-00a15bfb4cca" executionId="fc9b855e-9399-4cd2-9f1c-5af986209d24" testListId="8c84fa94-04c1-424b-9868-57a2d4851a1d" />
    <TestEntry testId="e339d2fb-165b-e6cc-c7c7-8248e5866419" executionId="d753251a-82fb-46c0-8d22-c82c3deb0949" testListId="8c84fa94-04c1-424b-9868-57a2d4851a1d" />
    <TestEntry testId="9d2576d9-5e6c-d990-b039-d583334864c7" executionId="24535a39-07c1-4c1a-815a-459ef0b28d7d" testListId="8c84fa94-04c1-424b-9868-57a2d4851a1d" />
    <TestEntry testId="0b763bb4-27a6-bc3e-428d-6afa6d07c75e" executionId="5a13e2a9-a9c0-46ac-8855-f868514a76c6" testListId="8c84fa94-04c1-424b-9868-57a2d4851a1d" />
    <TestEntry testId="06b83acf-baee-3d51-1863-355db1c86da9" executionId="9c896785-c96f-4a58-97de-7976747c974e" testListId="8c84fa94-04c1-424b-9868-57a2d4851a1d" />
    <TestEntry testId="96e01428-9124-12d9-fd8b-b79470c9faed" executionId="43bf9999-841c-44c2-ac0d-0c75348d22dc" testListId="8c84fa94-04c1-424b-9868-57a2d4851a1d" />
    <TestEntry testId="e386011b-a7d3-62d4-19bd-3553df82fffd" executionId="b4ec9846-c595-4a59-a6aa-3b6d00e77c24" testListId="8c84fa94-04c1-424b-9868-57a2d4851a1d" />
    <TestEntry testId="a04629fa-534e-4f21-f033-8b81c2bdd30f" executionId="d199e2c6-442f-4ee6-88fa-0f662f287a28" testListId="8c84fa94-04c1-424b-9868-57a2d4851a1d" />
    <TestEntry testId="cbd175aa-fb66-6574-4b23-fe89acbdd854" executionId="67f45d31-c386-4efa-9e18-bff128aa64bb" testListId="8c84fa94-04c1-424b-9868-57a2d4851a1d" />
    <TestEntry testId="b0862792-5d85-c887-cf41-0404af07bfd7" executionId="e9ef0ca2-8423-4736-b55d-9d55f8d81dc1" testListId="8c84fa94-04c1-424b-9868-57a2d4851a1d" />
    <TestEntry testId="b1e44716-2497-c48f-5e70-f2c90a031363" executionId="a767c96a-f4b7-4c07-93cb-a1d28a23ed34" testListId="8c84fa94-04c1-424b-9868-57a2d4851a1d" />
    <TestEntry testId="cae40f9a-722a-6bdf-6db6-1f8c41349606" executionId="23776046-4a50-4049-8a14-69eaf7ac45e6" testListId="8c84fa94-04c1-424b-9868-57a2d4851a1d" />
    <TestEntry testId="96a7e304-2625-95e2-8622-46f79ebd6068" executionId="ed270d92-9538-4a36-977d-70ea32372cc8" testListId="8c84fa94-04c1-424b-9868-57a2d4851a1d" />
    <TestEntry testId="306f9d48-1f7c-0192-308a-c7b839de8772" executionId="e7ccfbf4-d006-4d8c-b93e-548b7d546f7e" testListId="8c84fa94-04c1-424b-9868-57a2d4851a1d" />
    <TestEntry testId="5210b304-bdbc-cce4-5724-b1ddbced19e4" executionId="7c88023a-b4b2-4519-88a9-c44ee22c1a47" testListId="8c84fa94-04c1-424b-9868-57a2d4851a1d" />
    <TestEntry testId="c46d29f2-326c-38db-094b-a7302c67068c" executionId="81714bea-b8c9-4f55-8a0e-a7323f86ba44" testListId="8c84fa94-04c1-424b-9868-57a2d4851a1d" />
    <TestEntry testId="d3576a57-0a81-32ca-3c1a-c0682ac1a34d" executionId="7615c82b-b0b8-4de2-8238-c53a5de51ee8" testListId="8c84fa94-04c1-424b-9868-57a2d4851a1d" />
    <TestEntry testId="2210d65e-0df9-5319-720c-e084d0fa54af" executionId="957853d9-5d15-47ec-a883-e17903a3b8cd" testListId="8c84fa94-04c1-424b-9868-57a2d4851a1d" />
    <TestEntry testId="0025e294-b95a-9c71-176b-81e4715581d4" executionId="2f8f776a-2e51-4d3d-82d4-c1c89c9ece2b" testListId="8c84fa94-04c1-424b-9868-57a2d4851a1d" />
    <TestEntry testId="b3ac3dc8-f56f-814e-ce6a-eb4236fb6834" executionId="60585066-a503-4374-a96e-1eb533e291ee" testListId="8c84fa94-04c1-424b-9868-57a2d4851a1d" />
    <TestEntry testId="097c6e93-8b1a-c824-d210-d03970151452" executionId="8b34ff02-00a3-4e30-8155-1c22aac29664" testListId="8c84fa94-04c1-424b-9868-57a2d4851a1d" />
    <TestEntry testId="c131033a-18f3-f9b3-b8c2-b9ac365aff3f" executionId="760ac209-3c39-4fbb-a55b-18db07f3a93e" testListId="8c84fa94-04c1-424b-9868-57a2d4851a1d" />
    <TestEntry testId="22cfb859-3222-0284-f693-ba5bd1766a0a" executionId="8bc03f72-84d2-489c-8997-64dde766b6a9" testListId="8c84fa94-04c1-424b-9868-57a2d4851a1d" />
    <TestEntry testId="0dec9e6b-ac64-1150-d5e2-16e47168852d" executionId="dd977a5d-b35f-40ad-b054-32a53de8bc6b" testListId="8c84fa94-04c1-424b-9868-57a2d4851a1d" />
    <TestEntry testId="087490e1-f856-8113-1045-18a6475348cc" executionId="0e6a72f8-4fb1-489b-98f8-929683f38854" testListId="8c84fa94-04c1-424b-9868-57a2d4851a1d" />
    <TestEntry testId="193a361e-0fd9-c91b-16f3-1aa2138e10bb" executionId="05984125-247e-4543-9523-3f1ae4e201ff" testListId="8c84fa94-04c1-424b-9868-57a2d4851a1d" />
    <TestEntry testId="afc51b73-9e64-7b7e-e651-90b37889a62b" executionId="9a4acc76-9637-4cf5-b9c7-a157ada25c13" testListId="8c84fa94-04c1-424b-9868-57a2d4851a1d" />
    <TestEntry testId="aefff53d-ae1b-5267-2222-c2cdfefbe91d" executionId="114c1f4a-a238-40b8-a26d-155e7ea8a6f3" testListId="8c84fa94-04c1-424b-9868-57a2d4851a1d" />
    <TestEntry testId="342dde3e-2973-a1aa-8806-93d2b36fb58a" executionId="92e0922b-94ba-426a-9e6b-130975ebca82" testListId="8c84fa94-04c1-424b-9868-57a2d4851a1d" />
    <TestEntry testId="cc04b6cd-89f4-2042-cc81-3e4415758287" executionId="89c3792f-4e04-4589-8c94-e4c90f08ff6c" testListId="8c84fa94-04c1-424b-9868-57a2d4851a1d" />
    <TestEntry testId="7501ba45-0887-5124-bedf-f1341532c169" executionId="7af5b1a1-5d18-48c3-81e9-f6fe301cdbee" testListId="8c84fa94-04c1-424b-9868-57a2d4851a1d" />
    <TestEntry testId="5ab1ed6d-0f8c-f7f0-7b73-d2664890508a" executionId="00440eda-e909-44a5-83ef-0d355d7562bb" testListId="8c84fa94-04c1-424b-9868-57a2d4851a1d" />
    <TestEntry testId="c0fbc15b-e5c9-7166-531a-d363cca3d177" executionId="c6614c13-879f-4aa3-a194-1e59f307cfa1" testListId="8c84fa94-04c1-424b-9868-57a2d4851a1d" />
    <TestEntry testId="a42cf65c-70eb-299a-6d27-e8a39d928d0d" executionId="de18332c-bb35-49b3-8580-368e16b0abeb" testListId="8c84fa94-04c1-424b-9868-57a2d4851a1d" />
    <TestEntry testId="293d8488-cc91-f922-e59e-8b9d701799e9" executionId="f114927e-0ff7-44cd-ac89-80a893864a7e" testListId="8c84fa94-04c1-424b-9868-57a2d4851a1d" />
    <TestEntry testId="8b096e74-16e2-4d35-97de-d47e6937b466" executionId="e746b984-69e2-41b9-8bcc-188d4529c926" testListId="8c84fa94-04c1-424b-9868-57a2d4851a1d" />
    <TestEntry testId="f634cd02-156b-15ed-5502-2f124d88ee91" executionId="6dab6fbd-12df-4cbd-88e2-e5c5ad0daded" testListId="8c84fa94-04c1-424b-9868-57a2d4851a1d" />
    <TestEntry testId="9fe11765-2d20-5a3a-075f-b56022b409ec" executionId="3eeba814-01c7-40e7-825a-fe5db3018bec" testListId="8c84fa94-04c1-424b-9868-57a2d4851a1d" />
    <TestEntry testId="389fef4e-f5bd-102d-3223-de0e51a7dc8b" executionId="7e3a4453-2b57-4e7a-8459-18ecc55ee7a8" testListId="8c84fa94-04c1-424b-9868-57a2d4851a1d" />
    <TestEntry testId="a72d58a4-06df-f1d0-71af-f261e800a37b" executionId="d5b60043-1946-4039-af1e-7fd33bef5441" testListId="8c84fa94-04c1-424b-9868-57a2d4851a1d" />
    <TestEntry testId="d5b1703c-029e-87cf-dd23-93bdb26936ca" executionId="65ee902c-4339-4582-a8e7-6c0e75e750e8" testListId="8c84fa94-04c1-424b-9868-57a2d4851a1d" />
    <TestEntry testId="c9398f68-8871-e531-582b-a830d0595c8e" executionId="e03f9384-4d0f-4eca-a3d7-23e3c40ecd4d" testListId="8c84fa94-04c1-424b-9868-57a2d4851a1d" />
    <TestEntry testId="7da2c1ac-c0dd-ed01-9d6c-24f20cc9af6d" executionId="b9ecb9a6-93c6-4a89-80b6-dce93b3e86ae" testListId="8c84fa94-04c1-424b-9868-57a2d4851a1d" />
    <TestEntry testId="9219840b-9345-a2d1-a4c7-badfb7fe6df7" executionId="52ea4499-2e17-40a2-b71e-433acfbf138e" testListId="8c84fa94-04c1-424b-9868-57a2d4851a1d" />
    <TestEntry testId="3315b847-8788-e083-79ae-641e93cf2c9e" executionId="5968e545-c8e6-4cd9-8fe7-7102c83f8de0" testListId="8c84fa94-04c1-424b-9868-57a2d4851a1d" />
    <TestEntry testId="7157d0be-b62f-021a-e3af-05bf367e0b8d" executionId="8c7c6924-9560-431d-980f-92dc1bf7b021" testListId="8c84fa94-04c1-424b-9868-57a2d4851a1d" />
    <TestEntry testId="30a1c30a-c137-4984-a779-d5ac4f59fa58" executionId="ab803687-a5cf-4809-9c87-77952bc97cf4" testListId="8c84fa94-04c1-424b-9868-57a2d4851a1d" />
    <TestEntry testId="b63aae22-1599-9ed9-14db-e30e50642fdc" executionId="9f998f1a-543c-47c5-8f67-a8bfa2977b67" testListId="8c84fa94-04c1-424b-9868-57a2d4851a1d" />
    <TestEntry testId="7a46ee49-43da-b02f-bc95-4377601b6ae2" executionId="1a78239b-d1c4-40b5-a441-eb0571ae12e3" testListId="8c84fa94-04c1-424b-9868-57a2d4851a1d" />
    <TestEntry testId="d1605620-bde0-5aa4-49d5-6f47168f3b89" executionId="9f311217-8716-4084-9538-5ee04639be12" testListId="8c84fa94-04c1-424b-9868-57a2d4851a1d" />
    <TestEntry testId="28d6d2e5-7c10-dc8e-9683-216aa084425f" executionId="267f5818-f728-4365-8ae2-94dd93b3d7aa" testListId="8c84fa94-04c1-424b-9868-57a2d4851a1d" />
    <TestEntry testId="5f212f1b-cd2a-0220-02c4-3bc86ec652d3" executionId="27694a01-b583-4ab4-82dd-cca9227b38fd" testListId="8c84fa94-04c1-424b-9868-57a2d4851a1d" />
    <TestEntry testId="5d8699ab-8541-ea93-9196-35c51f35dbce" executionId="1e6b0b6f-f1bd-4133-b0f5-f76b7be59e69" testListId="8c84fa94-04c1-424b-9868-57a2d4851a1d" />
    <TestEntry testId="02190df6-cbd9-ade0-e007-41b487abd1e2" executionId="2eaac602-9209-46af-ac6e-39bad50cfe49" testListId="8c84fa94-04c1-424b-9868-57a2d4851a1d" />
    <TestEntry testId="fc88df6f-416f-a8be-e6a0-021349d08fce" executionId="0523767f-8ad9-463d-90be-4263d1ac0f69" testListId="8c84fa94-04c1-424b-9868-57a2d4851a1d" />
    <TestEntry testId="d44d1ca2-7ce6-f1b0-292c-c00539946d6d" executionId="009a7a5d-db67-4dd2-9779-2592a2dab074" testListId="8c84fa94-04c1-424b-9868-57a2d4851a1d" />
    <TestEntry testId="a6876685-977e-a7df-c66a-ed253f901f3f" executionId="55fe882d-9b1e-496b-bd0d-e3e3a39a5345" testListId="8c84fa94-04c1-424b-9868-57a2d4851a1d" />
    <TestEntry testId="f04e2860-917f-edca-ffab-6da9aa5c341d" executionId="bd161528-f06e-46d2-a512-b40097553740" testListId="8c84fa94-04c1-424b-9868-57a2d4851a1d" />
    <TestEntry testId="991cd43f-0e51-7883-0450-6e90fc9cb741" executionId="5020b8cd-a7bc-4a37-ba89-f8579167b64a" testListId="8c84fa94-04c1-424b-9868-57a2d4851a1d" />
    <TestEntry testId="b2b8d599-8aad-8b6b-4539-2d28bf117ae3" executionId="fb402e46-16cf-4081-a962-769acc693ed0" testListId="8c84fa94-04c1-424b-9868-57a2d4851a1d" />
    <TestEntry testId="dc1ddaf7-1e7c-b578-9c67-d426626760e3" executionId="3f2f5f37-5926-475c-95c3-cefaa8bb749a" testListId="8c84fa94-04c1-424b-9868-57a2d4851a1d" />
    <TestEntry testId="b93281d7-cf0b-1935-c456-23cff0fbadaf" executionId="3f41d784-bc0c-4df1-8e5c-3ef916b39898" testListId="8c84fa94-04c1-424b-9868-57a2d4851a1d" />
    <TestEntry testId="5662edf1-cef6-c7b7-d032-550d7e50eba2" executionId="464e3b79-3b1c-48f8-988f-1b32ed9401cd" testListId="8c84fa94-04c1-424b-9868-57a2d4851a1d" />
    <TestEntry testId="90a1a70d-8b86-3172-75b8-e0bd628c425c" executionId="cce713c0-885c-4f7c-b554-3383522dc8b4" testListId="8c84fa94-04c1-424b-9868-57a2d4851a1d" />
    <TestEntry testId="05159f27-9cb4-9251-35fe-4693bfa2c103" executionId="4fbe5a56-b543-4539-925f-f13e301ee46c" testListId="8c84fa94-04c1-424b-9868-57a2d4851a1d" />
    <TestEntry testId="a3a08c92-c37a-65b4-aea5-de243381b9d4" executionId="66d34093-f258-421a-b5f2-8c3ce5826697" testListId="8c84fa94-04c1-424b-9868-57a2d4851a1d" />
    <TestEntry testId="5e329bfb-a117-2af7-d4e4-de2dcd7c5748" executionId="7f45cce8-6b1c-4ae4-ac2a-2d6c136f8cd4" testListId="8c84fa94-04c1-424b-9868-57a2d4851a1d" />
    <TestEntry testId="1a89d9c1-d708-1e74-ac5f-5c4532708430" executionId="7724c261-ef07-4ba9-b45e-31b81247e7d1" testListId="8c84fa94-04c1-424b-9868-57a2d4851a1d" />
    <TestEntry testId="0d32e358-564f-257a-bea9-ad72c415e3e5" executionId="2d2046b4-32df-4e37-805a-61f885d0905b" testListId="8c84fa94-04c1-424b-9868-57a2d4851a1d" />
    <TestEntry testId="5f1695a8-3b1c-2779-1125-674955710aad" executionId="424231cb-6782-450f-9717-288f8e6535f3" testListId="8c84fa94-04c1-424b-9868-57a2d4851a1d" />
    <TestEntry testId="c835df69-83e1-e51b-fb77-b641aec411e2" executionId="21382438-ae78-4469-981a-8c84e1ca8f06" testListId="8c84fa94-04c1-424b-9868-57a2d4851a1d" />
    <TestEntry testId="8a6701b8-1601-87a0-8f83-90309b37b232" executionId="322a3e81-74eb-46cc-96e5-c0f0c5696873" testListId="8c84fa94-04c1-424b-9868-57a2d4851a1d" />
    <TestEntry testId="1c4f7461-d775-4cdf-9cb4-75ed7871dbcf" executionId="9e4b7dc9-78fc-4f03-9e65-6dba9ffa00fd" testListId="8c84fa94-04c1-424b-9868-57a2d4851a1d" />
    <TestEntry testId="2c02620c-9091-40cc-f3b5-dc6472466956" executionId="2bc7c1d0-ac18-46f5-898e-436fc0417e67" testListId="8c84fa94-04c1-424b-9868-57a2d4851a1d" />
    <TestEntry testId="2c226702-7d41-d4fd-88fe-cfc6e3f6e61f" executionId="106274b9-68eb-4d76-b865-033e5be4bf57" testListId="8c84fa94-04c1-424b-9868-57a2d4851a1d" />
    <TestEntry testId="0faa6b94-25d8-bc6c-0511-4da4672e3b95" executionId="09228e8a-2649-4127-b59a-cacad4661c00" testListId="8c84fa94-04c1-424b-9868-57a2d4851a1d" />
    <TestEntry testId="f430995c-c2d1-8efb-28c6-fd012f9d3df7" executionId="935af840-1f0b-4307-ad09-36b40d05fe7a" testListId="8c84fa94-04c1-424b-9868-57a2d4851a1d" />
    <TestEntry testId="83d74768-9084-1216-a2c8-9d2d146c40d4" executionId="bb55212c-ca30-452b-9703-9950f2ce8cec" testListId="8c84fa94-04c1-424b-9868-57a2d4851a1d" />
    <TestEntry testId="b2fa9d7a-2123-a5ae-3387-221b98961f1b" executionId="f9f1a39f-de06-4037-979d-74c7d0e889f4" testListId="8c84fa94-04c1-424b-9868-57a2d4851a1d" />
    <TestEntry testId="d5968110-810b-e649-1068-9b14568dc00c" executionId="5dcdff9c-7cbe-4467-82b3-9c0fa132fde8" testListId="8c84fa94-04c1-424b-9868-57a2d4851a1d" />
    <TestEntry testId="006bd58f-0737-1e2d-809b-23d50ceef4d0" executionId="4bb0a0c1-845e-43d8-8e8d-f246c68da334" testListId="8c84fa94-04c1-424b-9868-57a2d4851a1d" />
    <TestEntry testId="5dc03c1b-6014-45c9-64d6-1a3e8ef83198" executionId="0556461d-8e3f-4427-8d86-13da9cc7a060" testListId="8c84fa94-04c1-424b-9868-57a2d4851a1d" />
    <TestEntry testId="13675fa4-0ada-f587-5c98-d75acb1c8f1e" executionId="7fec4659-cc37-4977-bd82-dbfd33ea345f" testListId="8c84fa94-04c1-424b-9868-57a2d4851a1d" />
    <TestEntry testId="7a016257-4533-cf8a-7e0f-0f3f8a30efd1" executionId="4feac865-e3aa-46f5-8a22-a90cec73d2e5" testListId="8c84fa94-04c1-424b-9868-57a2d4851a1d" />
    <TestEntry testId="9e7ed8ff-7afe-ec90-aed0-611376c7d5f0" executionId="03dc2530-2f35-413b-aef3-b27a5b6fc6a6" testListId="8c84fa94-04c1-424b-9868-57a2d4851a1d" />
    <TestEntry testId="b7f27af9-3631-b311-f52b-4a431ead8a04" executionId="62cb2f82-b287-4664-b762-5eb616215809" testListId="8c84fa94-04c1-424b-9868-57a2d4851a1d" />
    <TestEntry testId="36fe8569-27ca-4fb4-12cd-2c1a1800787c" executionId="0fa79232-39f2-46db-9f42-0ac3cdbd50ab" testListId="8c84fa94-04c1-424b-9868-57a2d4851a1d" />
    <TestEntry testId="4670b588-e4f2-c734-9d9c-fbd52b37a6b5" executionId="fc8bfe19-32d2-44f0-9f05-a8825c1f49dc" testListId="8c84fa94-04c1-424b-9868-57a2d4851a1d" />
    <TestEntry testId="d6a15c7e-d9dd-580a-d9b0-6705b3721ed2" executionId="3285330a-50f0-4fd4-9ac0-50eabd75da4a" testListId="8c84fa94-04c1-424b-9868-57a2d4851a1d" />
    <TestEntry testId="6b136e6f-80df-f056-108e-662f2e27a529" executionId="e94416c8-88bb-4247-a0de-1d542ba7bf4f" testListId="8c84fa94-04c1-424b-9868-57a2d4851a1d" />
    <TestEntry testId="2d22d8c9-7b08-c47c-a551-72522d666979" executionId="19335daa-990b-4e3e-91d2-1c7ecd1786d0" testListId="8c84fa94-04c1-424b-9868-57a2d4851a1d" />
    <TestEntry testId="9993827a-ad77-1054-2e56-75328f0197fe" executionId="37eeff56-0189-4324-a700-31bac8cf8bbb" testListId="8c84fa94-04c1-424b-9868-57a2d4851a1d" />
    <TestEntry testId="e0bd5fdf-af0a-03d8-e7e9-12a8d65bcf5f" executionId="92653cc2-97f7-4956-8674-f89d5af1b495" testListId="8c84fa94-04c1-424b-9868-57a2d4851a1d" />
    <TestEntry testId="461c53aa-fa72-7834-17f2-4cfeb72cb145" executionId="9e89bbd9-02b2-4d39-b23b-52d0cfb58753" testListId="8c84fa94-04c1-424b-9868-57a2d4851a1d" />
    <TestEntry testId="1b1a80b9-e2a1-7f2d-1d88-b54778e68b98" executionId="5bafc37c-6880-434f-ac16-a12846ebc752" testListId="8c84fa94-04c1-424b-9868-57a2d4851a1d" />
    <TestEntry testId="6d0e85be-6133-d32b-a1e3-e212f436f307" executionId="8e66f2ce-6662-494a-8062-3836de9c6a1f" testListId="8c84fa94-04c1-424b-9868-57a2d4851a1d" />
    <TestEntry testId="5aec3940-508c-83a0-6c1e-d8d6abd321bd" executionId="06658d39-c849-463a-b55b-056a0e81a5f1" testListId="8c84fa94-04c1-424b-9868-57a2d4851a1d" />
    <TestEntry testId="ad455cc7-112b-0452-cbf5-0889be5c9f86" executionId="57489072-3531-4ef1-b02d-c59cfdb14b25" testListId="8c84fa94-04c1-424b-9868-57a2d4851a1d" />
    <TestEntry testId="e04b9cad-ca11-6bc7-c00a-0bdc7560c445" executionId="2cf6743f-c558-4b76-b1aa-375a13a4e00a" testListId="8c84fa94-04c1-424b-9868-57a2d4851a1d" />
    <TestEntry testId="cf296093-0bca-3e6c-1e97-30953fa94ad6" executionId="9d0958d0-2b11-4b4d-acd8-6af7055e8a7c" testListId="8c84fa94-04c1-424b-9868-57a2d4851a1d" />
    <TestEntry testId="15b969f5-2281-e239-f782-9f7aa3f1c40e" executionId="fb3e1eb1-a117-4492-9836-de3e98149a5e" testListId="8c84fa94-04c1-424b-9868-57a2d4851a1d" />
    <TestEntry testId="d2791d15-26a3-c6ea-77f8-8f55bd9ee9be" executionId="763ca1ab-a8bc-486f-a207-f6609a83f729" testListId="8c84fa94-04c1-424b-9868-57a2d4851a1d" />
    <TestEntry testId="578c8fe1-acb0-2101-03c4-b370966e8b23" executionId="897378a3-655a-4b9a-bd95-2e4b4c4252a1" testListId="8c84fa94-04c1-424b-9868-57a2d4851a1d" />
    <TestEntry testId="5dfc9315-261c-f71a-ec31-b1cac33e1fb2" executionId="3ba13082-d820-4f33-8647-759b7d2942be" testListId="8c84fa94-04c1-424b-9868-57a2d4851a1d" />
    <TestEntry testId="e85ecbf1-77ce-0d98-0c41-7786dbd5a4a2" executionId="2bf2f812-41d2-4030-a529-41e3baef106a" testListId="8c84fa94-04c1-424b-9868-57a2d4851a1d" />
    <TestEntry testId="9caec799-efdc-8bd6-f3a4-e02b7987cbb9" executionId="2a81f29f-108e-4d76-b4d9-4a66a65932c5" testListId="8c84fa94-04c1-424b-9868-57a2d4851a1d" />
    <TestEntry testId="3355bd50-199f-21e8-f4a5-bb899b1c7aed" executionId="debe5b9e-b21f-4366-b3ac-d257d60e7fb8" testListId="8c84fa94-04c1-424b-9868-57a2d4851a1d" />
    <TestEntry testId="0c9625c5-2048-e957-12cf-61bed01f1335" executionId="27ca87d2-b922-49b2-b18d-c6091994f8fc" testListId="8c84fa94-04c1-424b-9868-57a2d4851a1d" />
    <TestEntry testId="d1f715eb-2804-d6ff-b661-935edbd9603a" executionId="0d16eff9-cc80-4bbc-a2f4-9ce61e3bae40" testListId="8c84fa94-04c1-424b-9868-57a2d4851a1d" />
    <TestEntry testId="314a5da0-e474-4193-47a3-a6f3d3e8c1e7" executionId="3d0f0483-62d1-4e73-950b-8333e9ff4675" testListId="8c84fa94-04c1-424b-9868-57a2d4851a1d" />
    <TestEntry testId="e21c1a77-54df-4cdd-58a7-5c1d42fd27f7" executionId="0ae8edbb-0f5a-4ca3-8b0f-ca71538ae429" testListId="8c84fa94-04c1-424b-9868-57a2d4851a1d" />
    <TestEntry testId="7bc7b743-c725-2ed1-e181-a52b49a34c4e" executionId="50580276-75e1-4b2e-8126-0aa9a8461a33" testListId="8c84fa94-04c1-424b-9868-57a2d4851a1d" />
    <TestEntry testId="97a25907-e557-ed45-fdf3-1462f4770b4e" executionId="f2a3b034-a6c2-4a05-a617-ee5c1723900f" testListId="8c84fa94-04c1-424b-9868-57a2d4851a1d" />
    <TestEntry testId="48236f99-c478-fe6c-4742-098b38e34888" executionId="b6557fba-b82f-4c0b-8b09-54327125238e" testListId="8c84fa94-04c1-424b-9868-57a2d4851a1d" />
    <TestEntry testId="fbafdcb1-22a6-2f41-860f-99a1c566e89b" executionId="86b71bc8-4963-49b7-8384-c7dc7f09b1ca" testListId="8c84fa94-04c1-424b-9868-57a2d4851a1d" />
    <TestEntry testId="408407b9-f5c7-5e8c-89f7-3db1be9b740d" executionId="7c7782d1-6408-4496-ba5a-2defd15c6c7e" testListId="8c84fa94-04c1-424b-9868-57a2d4851a1d" />
    <TestEntry testId="5092b1ad-29bf-4944-5426-d78c59debbaf" executionId="a362227f-d113-41e8-b1a7-27cb518fe6aa" testListId="8c84fa94-04c1-424b-9868-57a2d4851a1d" />
    <TestEntry testId="f9bb4613-c207-36af-6174-41eb5d58bd24" executionId="6776c9c4-ec45-4d97-aeeb-85208ed301f0" testListId="8c84fa94-04c1-424b-9868-57a2d4851a1d" />
    <TestEntry testId="39d1f4c7-0095-d219-6a3d-9a3452f88fb6" executionId="a7501adb-ae80-46d4-9c7a-e4dd971b266b" testListId="8c84fa94-04c1-424b-9868-57a2d4851a1d" />
    <TestEntry testId="030a515a-3d4c-10d8-191a-2e2fb147a947" executionId="718cf1ab-bccd-434e-b161-e7204d704d78" testListId="8c84fa94-04c1-424b-9868-57a2d4851a1d" />
    <TestEntry testId="a905e481-81d3-d7b1-5c21-a63a9900525d" executionId="79319e75-a79b-4dee-b399-8277984cbb57" testListId="8c84fa94-04c1-424b-9868-57a2d4851a1d" />
    <TestEntry testId="db28707c-cf50-cf08-dae6-cf3c57900caa" executionId="386cecec-4690-4fea-a756-1f4668a3299b" testListId="8c84fa94-04c1-424b-9868-57a2d4851a1d" />
    <TestEntry testId="6b236f6f-934d-2c99-ffcc-ba615e32d62a" executionId="5ef3c671-8a56-44eb-bf59-84b2c57b7244" testListId="8c84fa94-04c1-424b-9868-57a2d4851a1d" />
    <TestEntry testId="6bbca15d-fb64-7ef4-a9b3-0fd781887622" executionId="2166912b-5a4a-4169-a502-a1c74f58308e" testListId="8c84fa94-04c1-424b-9868-57a2d4851a1d" />
    <TestEntry testId="7dfc744f-c2df-72e9-e2d8-9d9f0bfff688" executionId="afedd7fa-c739-428d-b95b-7f7329c8e3f4" testListId="8c84fa94-04c1-424b-9868-57a2d4851a1d" />
    <TestEntry testId="c25b536e-dc8b-3691-68b9-8443a13c17a0" executionId="94fcded4-7f64-43a3-96f1-2ed92c61b88e" testListId="8c84fa94-04c1-424b-9868-57a2d4851a1d" />
    <TestEntry testId="34386a9e-5b96-49a3-348a-9931cef07e9c" executionId="0373240a-645f-4828-b232-041055d3e967" testListId="8c84fa94-04c1-424b-9868-57a2d4851a1d" />
    <TestEntry testId="8e81702c-21ef-bea3-72ae-f83b1f7c59e9" executionId="b88b67c0-829c-42ae-9dd3-f9f555c11fe7" testListId="8c84fa94-04c1-424b-9868-57a2d4851a1d" />
    <TestEntry testId="0c4a2e93-35d8-b96a-49a6-10a1b4574f19" executionId="9a304579-ac86-4e03-9749-9c7da0537aa4" testListId="8c84fa94-04c1-424b-9868-57a2d4851a1d" />
    <TestEntry testId="a1d3ddd3-8649-2b3a-7f24-8af671e83940" executionId="91e79329-1747-4bb8-90bc-95153c8803ca" testListId="8c84fa94-04c1-424b-9868-57a2d4851a1d" />
    <TestEntry testId="11e524cb-9bd3-f6d3-051c-3d8a65191b07" executionId="9feeae0b-b0e3-4126-9106-ff49f70d8fa3" testListId="8c84fa94-04c1-424b-9868-57a2d4851a1d" />
    <TestEntry testId="7ab79830-2287-74f9-7e6c-ca45b4686edd" executionId="d436aad7-e3d9-4e5b-b743-7f7f24a6eca3" testListId="8c84fa94-04c1-424b-9868-57a2d4851a1d" />
    <TestEntry testId="c5828e94-45d0-bb34-5cc6-f187b22c2a07" executionId="6fdf8bca-b893-4840-a7d2-f4dd6232b4ea" testListId="8c84fa94-04c1-424b-9868-57a2d4851a1d" />
    <TestEntry testId="c39d4851-3025-7b0a-32c9-040261f38d4a" executionId="20d87072-c83c-42b0-bdb9-7863065afa13" testListId="8c84fa94-04c1-424b-9868-57a2d4851a1d" />
    <TestEntry testId="d1868d3f-8a8d-938a-2214-3d5f8a66f066" executionId="f956da5e-b740-4d23-adb0-534280f03a88" testListId="8c84fa94-04c1-424b-9868-57a2d4851a1d" />
    <TestEntry testId="20e2fde1-7f3b-a4f7-4578-7e58a7fa2e5b" executionId="50943bff-b0a5-4f2f-8ec8-b28348b45370" testListId="8c84fa94-04c1-424b-9868-57a2d4851a1d" />
    <TestEntry testId="9aa7f2ff-69bc-1bea-fa4e-fbbc42f9cffe" executionId="2556128e-a742-424e-9f50-8139fbbab227" testListId="8c84fa94-04c1-424b-9868-57a2d4851a1d" />
    <TestEntry testId="528e29f6-3b0a-c44a-13df-4e07fa326be2" executionId="458f0b66-efdb-4f63-84cb-537040335033" testListId="8c84fa94-04c1-424b-9868-57a2d4851a1d" />
    <TestEntry testId="91f05b50-3195-c2a3-7524-0e6e801e3700" executionId="dfa580c2-9c1d-47b8-bb63-fba50846dd0e" testListId="8c84fa94-04c1-424b-9868-57a2d4851a1d" />
    <TestEntry testId="ad622839-94c5-c945-bdd4-c383ae2b08f3" executionId="7044137f-8824-4bf9-92eb-868d628a962d" testListId="8c84fa94-04c1-424b-9868-57a2d4851a1d" />
    <TestEntry testId="eecd7765-06be-c820-6744-085ced4754db" executionId="f8517466-f04c-4a79-989c-38bdbde02471" testListId="8c84fa94-04c1-424b-9868-57a2d4851a1d" />
    <TestEntry testId="f9de8d96-90d6-34df-ae87-768f44886536" executionId="46b3f006-9735-4519-a0a9-8b80659237f0" testListId="8c84fa94-04c1-424b-9868-57a2d4851a1d" />
    <TestEntry testId="191d3a6f-9444-cbe6-8a13-3b2d419f1a5f" executionId="0fdd4eca-081c-4bed-914c-c7e40bd4f281" testListId="8c84fa94-04c1-424b-9868-57a2d4851a1d" />
    <TestEntry testId="8eab5b93-aaa7-3bff-ba3c-290ad2e84e80" executionId="9f41f69f-58ed-45c5-8dc9-e214409548aa" testListId="8c84fa94-04c1-424b-9868-57a2d4851a1d" />
    <TestEntry testId="d1193b01-a5a5-d860-a351-b5235c539aa5" executionId="b521e29c-ad6e-4de5-9db1-cfac5a503c46" testListId="8c84fa94-04c1-424b-9868-57a2d4851a1d" />
    <TestEntry testId="ccabc6c7-6b01-48a6-25f1-a7585db65c16" executionId="d9f22aca-679b-4c06-8018-1535b9b004e6" testListId="8c84fa94-04c1-424b-9868-57a2d4851a1d" />
    <TestEntry testId="890cc391-9790-2041-c5ef-71bbe8b5dce6" executionId="9133d668-c856-4b45-b664-436a1a2f10bc" testListId="8c84fa94-04c1-424b-9868-57a2d4851a1d" />
    <TestEntry testId="e41ea390-bb88-5510-8089-1558c396c4c5" executionId="23cac3bc-c1f1-45f8-9e1c-9556c2f42a39" testListId="8c84fa94-04c1-424b-9868-57a2d4851a1d" />
    <TestEntry testId="123fb539-ea6f-787d-4433-000dcca57dc8" executionId="f2320feb-7b93-4b82-bbff-2cefb17cdefe" testListId="8c84fa94-04c1-424b-9868-57a2d4851a1d" />
    <TestEntry testId="b9dda058-0718-4fd5-d84e-c73f72b1b7e5" executionId="e9b16e77-b380-43b2-bab2-53915f42b336" testListId="8c84fa94-04c1-424b-9868-57a2d4851a1d" />
    <TestEntry testId="fa128b31-77f1-bad7-d78d-d07ef403eb22" executionId="b4e79a05-5f43-4d55-8f9e-d63a0d749ef1" testListId="8c84fa94-04c1-424b-9868-57a2d4851a1d" />
    <TestEntry testId="7234906c-3496-aa23-d383-b9ca38ddfaf4" executionId="08cf25d0-1345-49b3-8147-ce9bd275e752" testListId="8c84fa94-04c1-424b-9868-57a2d4851a1d" />
    <TestEntry testId="d2c7abe9-4a33-d1b7-970e-b1ad19bef7fa" executionId="4de7bdae-7da2-41f3-9fc2-54cd43ddfb8d" testListId="8c84fa94-04c1-424b-9868-57a2d4851a1d" />
    <TestEntry testId="b1c47754-8de0-79f1-fbb1-481177b61dc8" executionId="c275d17b-6df9-41b2-a077-891e52de732c" testListId="8c84fa94-04c1-424b-9868-57a2d4851a1d" />
    <TestEntry testId="0ab08a84-ce57-0ee5-8932-c9a10f0c524a" executionId="999dd591-fe78-4019-bfa8-74268993aa3f" testListId="8c84fa94-04c1-424b-9868-57a2d4851a1d" />
    <TestEntry testId="bc254dcc-ec50-bbf2-4f6c-29f2d58641a5" executionId="0ef7e5be-0dea-4b42-aa67-3314898b675f" testListId="8c84fa94-04c1-424b-9868-57a2d4851a1d" />
    <TestEntry testId="84b8a670-22f7-f354-847d-2390a582187d" executionId="ce02b4f7-680a-4699-825d-0cc96fbd3610" testListId="8c84fa94-04c1-424b-9868-57a2d4851a1d" />
    <TestEntry testId="ad60d29e-8fbc-0def-29a9-7ad7b20b2c35" executionId="d0fb3347-e9cb-4df3-a8d7-a9e83cff393a" testListId="8c84fa94-04c1-424b-9868-57a2d4851a1d" />
    <TestEntry testId="83644f92-c639-7c17-365b-363c2a082632" executionId="a0eab811-1554-419d-8d19-275fb13df981" testListId="8c84fa94-04c1-424b-9868-57a2d4851a1d" />
    <TestEntry testId="7e1d41c7-4acd-e4a1-6994-4628f1e06917" executionId="075737e2-70d2-4dbd-bfe8-5cbe552b8140" testListId="8c84fa94-04c1-424b-9868-57a2d4851a1d" />
    <TestEntry testId="28a91250-f876-75b6-4532-25feaf8fd583" executionId="67dd987a-6093-4e3e-b14f-6065ff6f50ee" testListId="8c84fa94-04c1-424b-9868-57a2d4851a1d" />
    <TestEntry testId="510364df-7b6d-0e54-a4e6-5d8553de0f2a" executionId="d9b9d5b7-5fce-4f49-bfd4-a8dc4e10a4c8" testListId="8c84fa94-04c1-424b-9868-57a2d4851a1d" />
    <TestEntry testId="b3cf1827-5404-1d3f-366b-79e3d78719b0" executionId="e6d5ff78-5a4e-4199-bd4e-8edaf3fe5a4e" testListId="8c84fa94-04c1-424b-9868-57a2d4851a1d" />
    <TestEntry testId="ef0ed544-1611-194f-ef7e-44821f067e50" executionId="67f98617-312f-4663-a285-091a77952c57" testListId="8c84fa94-04c1-424b-9868-57a2d4851a1d" />
    <TestEntry testId="8d699ed1-f8c1-51aa-6264-06d3a446c390" executionId="d3496bbd-505b-471c-b710-c837beb0f4f6" testListId="8c84fa94-04c1-424b-9868-57a2d4851a1d" />
    <TestEntry testId="40dbcbc0-35a4-2aa7-c565-b13c951e31c5" executionId="e493e5c0-b87a-4e9d-a485-d857d339daa0" testListId="8c84fa94-04c1-424b-9868-57a2d4851a1d" />
    <TestEntry testId="5f44507f-4979-6fd1-cfad-6872ee74d478" executionId="87763013-c77f-4637-a461-03d137f11731" testListId="8c84fa94-04c1-424b-9868-57a2d4851a1d" />
    <TestEntry testId="e520f233-832d-717e-4656-d3f3635ebec7" executionId="8242e952-d2f3-4048-bd56-6308fb110d1d" testListId="8c84fa94-04c1-424b-9868-57a2d4851a1d" />
    <TestEntry testId="ac56bbdc-405a-e7b2-40bc-74260e48c88a" executionId="c04e8dc4-5e5d-49ea-9af2-767c5b9dc624" testListId="8c84fa94-04c1-424b-9868-57a2d4851a1d" />
    <TestEntry testId="bd8f5dca-7e3b-0bfc-3fe1-9f92d6e835ac" executionId="47034227-226a-4e9e-9148-9342346c3c2b" testListId="8c84fa94-04c1-424b-9868-57a2d4851a1d" />
    <TestEntry testId="59a22956-b6c9-f7d8-0763-a76712be7926" executionId="d193fd77-e53b-418d-b362-7c81b5c85372" testListId="8c84fa94-04c1-424b-9868-57a2d4851a1d" />
    <TestEntry testId="a6901fd3-dc9c-db25-4557-ed31556a5265" executionId="265d17ab-2653-462a-a3ed-139a80b1f96c" testListId="8c84fa94-04c1-424b-9868-57a2d4851a1d" />
    <TestEntry testId="2b17b7d2-7256-bf1b-8cf0-71f1b5104365" executionId="3114706c-454a-46c5-82a7-62d25fc0d317" testListId="8c84fa94-04c1-424b-9868-57a2d4851a1d" />
    <TestEntry testId="60a6295c-fa05-5fd8-24d0-2e8b24baeb32" executionId="9837e535-8684-46ad-ac7f-b25d5d6cd781" testListId="8c84fa94-04c1-424b-9868-57a2d4851a1d" />
    <TestEntry testId="26a920db-b4b3-3fe5-831c-1bafc3bb0cff" executionId="634be4ce-49db-4dcf-80ad-cd6578e9d570" testListId="8c84fa94-04c1-424b-9868-57a2d4851a1d" />
    <TestEntry testId="ac6bf313-0922-66ba-3b55-27772152db91" executionId="b2dc4d43-9c07-4f95-9a32-d76b6d8e3460" testListId="8c84fa94-04c1-424b-9868-57a2d4851a1d" />
    <TestEntry testId="ac097c8f-8680-1abd-9af0-663e074eac64" executionId="37bef710-362c-4f78-ab87-82436054823d" testListId="8c84fa94-04c1-424b-9868-57a2d4851a1d" />
    <TestEntry testId="c58cb365-420b-8b0e-f780-94c52f5776a1" executionId="7d5e76f3-575b-4da6-858e-fe37ec4c6b0a" testListId="8c84fa94-04c1-424b-9868-57a2d4851a1d" />
    <TestEntry testId="5ff5a065-9084-24be-1912-e230019a43a0" executionId="e7a97a94-ca99-45f1-ae3a-c4e49788810c" testListId="8c84fa94-04c1-424b-9868-57a2d4851a1d" />
    <TestEntry testId="c304e268-3975-1072-3315-732a19b89e65" executionId="aeb670c1-7f74-4ed7-b919-7e803b9de1d2" testListId="8c84fa94-04c1-424b-9868-57a2d4851a1d" />
    <TestEntry testId="f801c414-c43e-f91f-2012-c83452f9315a" executionId="27e0e221-4e8a-40c3-9447-fa393ed782b2" testListId="8c84fa94-04c1-424b-9868-57a2d4851a1d" />
    <TestEntry testId="0cc6f2ef-f8d5-3287-07c2-5d1122e3026f" executionId="927df7ca-06b7-48c1-a1df-c9ab584d9a35" testListId="8c84fa94-04c1-424b-9868-57a2d4851a1d" />
    <TestEntry testId="d1ddb23f-54a4-1636-628e-ee8c6908e9e8" executionId="2e00907d-774a-41e9-a5c7-75f971166a8f" testListId="8c84fa94-04c1-424b-9868-57a2d4851a1d" />
    <TestEntry testId="b4c41dbb-96da-451e-b513-1f3550617ccd" executionId="aa80823d-ea25-4f5f-bc09-e9272496907d" testListId="8c84fa94-04c1-424b-9868-57a2d4851a1d" />
    <TestEntry testId="cda87dd6-751c-4bee-f994-2d396cbecf48" executionId="d464c4f4-3a72-4780-9ff0-68df904910da" testListId="8c84fa94-04c1-424b-9868-57a2d4851a1d" />
    <TestEntry testId="7a812f6c-40ae-fbea-ca32-c30d57955ffb" executionId="06dbdb4d-248a-4eb6-9761-48f8436fd1e7" testListId="8c84fa94-04c1-424b-9868-57a2d4851a1d" />
    <TestEntry testId="623652c5-19e9-ada3-9098-930fa7153db5" executionId="e50b5fe4-f089-4518-8291-18abc84c3b32" testListId="8c84fa94-04c1-424b-9868-57a2d4851a1d" />
    <TestEntry testId="60e94be2-230b-2bca-0d27-1d237fcab0a4" executionId="e070c78f-4bc8-47df-88ef-1d2e2673ea64" testListId="8c84fa94-04c1-424b-9868-57a2d4851a1d" />
    <TestEntry testId="fc17a62b-a2c4-a318-e7d7-303c116b87fb" executionId="213c8040-6b96-4ad9-933a-45e68f7e97eb" testListId="8c84fa94-04c1-424b-9868-57a2d4851a1d" />
    <TestEntry testId="d1f6cbee-9253-a301-299e-416cffd0e66f" executionId="8577050c-bfac-4e6b-928e-f48250c5d852" testListId="8c84fa94-04c1-424b-9868-57a2d4851a1d" />
    <TestEntry testId="e38c2e33-b9b8-daa0-dd97-d3bdea16ad66" executionId="f999b3ee-e72e-4467-b94a-0186858f7a5c" testListId="8c84fa94-04c1-424b-9868-57a2d4851a1d" />
    <TestEntry testId="763f28d8-a9e3-5e31-e636-60fd3c7e2a0d" executionId="e11e6ceb-2d03-49fa-8be2-958d85933eaa" testListId="8c84fa94-04c1-424b-9868-57a2d4851a1d" />
    <TestEntry testId="e48d7b10-3fd4-c969-4117-fbd10261f540" executionId="ea0542c3-ea45-43d6-8a0e-c7a6c680b69e" testListId="8c84fa94-04c1-424b-9868-57a2d4851a1d" />
    <TestEntry testId="6dd6af0b-13cd-4892-0ec0-31098b917107" executionId="919342ee-cf87-46f7-b839-2766be5b0d66" testListId="8c84fa94-04c1-424b-9868-57a2d4851a1d" />
    <TestEntry testId="67ac696d-2941-40cd-e59d-d2077937bbf1" executionId="6ebe7587-2569-48bb-90fa-8306e334501d" testListId="8c84fa94-04c1-424b-9868-57a2d4851a1d" />
    <TestEntry testId="2f4cc205-71fd-2876-c660-f6da565c443a" executionId="ecb5773c-6a4e-48d2-bd6b-6e6d0d368ca7" testListId="8c84fa94-04c1-424b-9868-57a2d4851a1d" />
    <TestEntry testId="93aa43c6-7173-dac9-9280-209ed0e756d6" executionId="c5703f94-871b-44ad-bf3a-64b05535eded" testListId="8c84fa94-04c1-424b-9868-57a2d4851a1d" />
    <TestEntry testId="ecd413f8-8c4f-6f99-96e7-cfe8ce66d4c9" executionId="fe120cb3-63a2-481b-8b61-4e4b10aa92f7" testListId="8c84fa94-04c1-424b-9868-57a2d4851a1d" />
    <TestEntry testId="60003fef-fca7-1adb-102b-f0d233f1d76d" executionId="908bb38c-bd68-4baf-bcb0-0fdca552b776" testListId="8c84fa94-04c1-424b-9868-57a2d4851a1d" />
    <TestEntry testId="07429e3d-a910-557b-260c-e0e5aa82e652" executionId="29d5272e-f5a4-41d5-8d39-7770e48f405a" testListId="8c84fa94-04c1-424b-9868-57a2d4851a1d" />
    <TestEntry testId="96d55237-5df8-b3dc-43a3-8625d7e58537" executionId="bc349992-e4ec-4230-9659-758d41884eeb" testListId="8c84fa94-04c1-424b-9868-57a2d4851a1d" />
    <TestEntry testId="cb5baf93-290d-85b9-31b2-b1b801e74318" executionId="24fc0910-d8e2-4250-840c-706f69c1c938" testListId="8c84fa94-04c1-424b-9868-57a2d4851a1d" />
    <TestEntry testId="c7600118-a35a-5df8-2696-8c5e638aae31" executionId="a84516c9-e879-4a91-af9f-ac42f08247f3" testListId="8c84fa94-04c1-424b-9868-57a2d4851a1d" />
    <TestEntry testId="f083ed64-c9d4-fb3f-1d75-d707e717355a" executionId="b7780fe8-feb5-4731-a597-265bc81abace" testListId="8c84fa94-04c1-424b-9868-57a2d4851a1d" />
    <TestEntry testId="fa7a03fc-fefb-61c6-feac-c1fe9a6f1e2e" executionId="7f315507-c6e6-4edb-8239-5ecf0183aa04" testListId="8c84fa94-04c1-424b-9868-57a2d4851a1d" />
    <TestEntry testId="8469268b-f808-9b9b-d61b-275eee215791" executionId="1507b485-3915-480f-8e17-6e052e3dc0c9" testListId="8c84fa94-04c1-424b-9868-57a2d4851a1d" />
    <TestEntry testId="f181ff99-46fe-d1b8-2d8b-ac9fd71880e9" executionId="95e5ce11-9a0e-430d-a904-4fff16b18dfc" testListId="8c84fa94-04c1-424b-9868-57a2d4851a1d" />
    <TestEntry testId="2c055c2c-cf69-8781-a9de-5f00688e8c62" executionId="d8f90ad1-bdb3-404a-9a64-22b317bd383b" testListId="8c84fa94-04c1-424b-9868-57a2d4851a1d" />
    <TestEntry testId="130746cf-5783-200b-2006-098c7cbf6ded" executionId="f262b0cf-f06d-4501-a968-8a04c5c6fb9f" testListId="8c84fa94-04c1-424b-9868-57a2d4851a1d" />
    <TestEntry testId="b2fccfc7-ad15-a613-c434-aded88a0a195" executionId="16a1feee-ad4a-41df-ae66-5be2ffec57bc" testListId="8c84fa94-04c1-424b-9868-57a2d4851a1d" />
    <TestEntry testId="94042025-2f4a-bf14-470a-1c8c22d58d45" executionId="ce8c6c96-6468-4c5b-9b72-4dea7021a7f9" testListId="8c84fa94-04c1-424b-9868-57a2d4851a1d" />
    <TestEntry testId="ff15ec8e-f22b-2432-924c-6811ed971fb6" executionId="fbfcc2dd-cfa8-4969-9195-83ae49b69e8e" testListId="8c84fa94-04c1-424b-9868-57a2d4851a1d" />
    <TestEntry testId="8c6f8cb8-7309-6b10-b9fd-e3a19a937b0d" executionId="fa78cb40-d66b-4ce1-b4ef-d99fe18ee533" testListId="8c84fa94-04c1-424b-9868-57a2d4851a1d" />
    <TestEntry testId="a13e4968-7c93-1f44-73e6-cd209af8bc06" executionId="a01fd642-ba16-439f-9869-aa7506f60040" testListId="8c84fa94-04c1-424b-9868-57a2d4851a1d" />
    <TestEntry testId="6d557731-243f-47e3-4440-a7d9bd62de0e" executionId="42a6e013-a80a-418b-82a0-39ae7b221414" testListId="8c84fa94-04c1-424b-9868-57a2d4851a1d" />
    <TestEntry testId="cf6cbdb8-591a-93d7-4c4d-56ae1faa81e0" executionId="9259a055-16a3-4ce5-9293-71501d3ac031" testListId="8c84fa94-04c1-424b-9868-57a2d4851a1d" />
    <TestEntry testId="e94e6ea7-6273-e6c6-9d78-3faef9a1e0ee" executionId="6586bada-d675-4c8e-8fe6-8b8ede9ab838" testListId="8c84fa94-04c1-424b-9868-57a2d4851a1d" />
    <TestEntry testId="d0418737-467d-ef7e-d180-0fa89de33345" executionId="b16394c5-5bf9-44fa-8482-e0af75e81234" testListId="8c84fa94-04c1-424b-9868-57a2d4851a1d" />
    <TestEntry testId="c6d81f66-0970-eb49-02cf-92867fe819df" executionId="2665963b-cce8-478e-909d-36d60a8fc6f0" testListId="8c84fa94-04c1-424b-9868-57a2d4851a1d" />
    <TestEntry testId="163bfbb5-21c1-9a86-ebe2-cf697bb69813" executionId="bfa86ee9-5557-4ffc-a520-6facd932fc17" testListId="8c84fa94-04c1-424b-9868-57a2d4851a1d" />
    <TestEntry testId="2a1159e2-b8b7-a694-ba7c-0f2d335bbf07" executionId="ce0f41c4-9c21-4c17-be84-f8c166969f3e" testListId="8c84fa94-04c1-424b-9868-57a2d4851a1d" />
    <TestEntry testId="880bc962-ecec-70ad-8171-0baf273d2c08" executionId="7d471127-1a06-4f98-8606-dcc354814eb3" testListId="8c84fa94-04c1-424b-9868-57a2d4851a1d" />
    <TestEntry testId="49e5e573-412e-9717-47e6-b935c730a12b" executionId="f5c00b0f-65cd-42f8-afb8-cd684b8ee55f" testListId="8c84fa94-04c1-424b-9868-57a2d4851a1d" />
    <TestEntry testId="5df0983d-fff2-ce55-acc6-6c61c03b3392" executionId="e6c202ac-00c8-4425-86b0-a0ec5f78e65f" testListId="8c84fa94-04c1-424b-9868-57a2d4851a1d" />
    <TestEntry testId="f87789bb-fc86-cec4-3765-afb34b06d330" executionId="070e18ef-de49-49d5-b09f-69ba9c8db0ab" testListId="8c84fa94-04c1-424b-9868-57a2d4851a1d" />
    <TestEntry testId="9f4daec2-3d71-3cbc-81cb-7f8afc815f59" executionId="bf8cbbba-e140-489c-b8e1-a5b8e1605bbd" testListId="8c84fa94-04c1-424b-9868-57a2d4851a1d" />
    <TestEntry testId="a58fa1e6-8aa0-530e-4796-5eaab59255fe" executionId="533a887e-3be5-43f7-964f-2807b3b27e1e" testListId="8c84fa94-04c1-424b-9868-57a2d4851a1d" />
    <TestEntry testId="876d42be-62ab-2367-27d4-2fcf81843d9e" executionId="4cbd624b-cd30-49b0-a089-d2f30cad2479" testListId="8c84fa94-04c1-424b-9868-57a2d4851a1d" />
    <TestEntry testId="e8f09794-3b22-88ea-9ffe-d586f98f383e" executionId="80e6afde-6330-4f5f-b81f-7627701e9689" testListId="8c84fa94-04c1-424b-9868-57a2d4851a1d" />
    <TestEntry testId="f2221300-fb47-8b0e-3857-59c58133adc5" executionId="7f7eba2a-628e-44aa-ae12-6d85f6780359" testListId="8c84fa94-04c1-424b-9868-57a2d4851a1d" />
    <TestEntry testId="082e58e9-20f5-2019-c5a5-d1fa7ea06a08" executionId="ea294f57-1aad-4722-884c-1df7b3d6bd9d" testListId="8c84fa94-04c1-424b-9868-57a2d4851a1d" />
    <TestEntry testId="f5661f77-06f1-e2c6-bdb9-54b25388b296" executionId="c6299b7f-a520-4df8-9e1c-7fe6411ca532" testListId="8c84fa94-04c1-424b-9868-57a2d4851a1d" />
    <TestEntry testId="2be8a576-5eac-e0bd-cb77-76f04c841bb8" executionId="56151809-b7d2-4f4a-8a60-87dfbe91b27f" testListId="8c84fa94-04c1-424b-9868-57a2d4851a1d" />
    <TestEntry testId="755ce4ec-d08e-391b-6a3f-6b181502bda6" executionId="33ff27b6-0db9-4aa3-ab1e-ca5f3940a330" testListId="8c84fa94-04c1-424b-9868-57a2d4851a1d" />
    <TestEntry testId="6f56589b-a53d-8a0c-adfe-bf231df1262d" executionId="9a370dd7-a085-47e1-93b4-be9709587ab0" testListId="8c84fa94-04c1-424b-9868-57a2d4851a1d" />
    <TestEntry testId="d9e463df-b38c-8dc8-8ed4-645499b81f13" executionId="fecd5077-2d84-473d-8a61-818a35b4f544" testListId="8c84fa94-04c1-424b-9868-57a2d4851a1d" />
    <TestEntry testId="cac8e526-f559-dee0-4ee6-98dd605aa953" executionId="06dbac66-19d1-4ac6-9053-65412ac1a4fe" testListId="8c84fa94-04c1-424b-9868-57a2d4851a1d" />
    <TestEntry testId="e1ae24d3-c1bf-990e-47ba-6162aa72ed5d" executionId="3879e755-1984-49e7-9585-86d6e1288d3f" testListId="8c84fa94-04c1-424b-9868-57a2d4851a1d" />
    <TestEntry testId="ec9100d9-cfc6-2346-d85d-9c218702548e" executionId="24a712a8-35ea-49a9-bb7c-ef384f602a69" testListId="8c84fa94-04c1-424b-9868-57a2d4851a1d" />
    <TestEntry testId="9bf1ebe0-ad00-8353-557a-6ad569be76a0" executionId="24fe7f62-9e0e-485c-9018-2130245d1abe" testListId="8c84fa94-04c1-424b-9868-57a2d4851a1d" />
    <TestEntry testId="639439bb-d830-f359-d9ab-33f289508592" executionId="d6da59a7-7b0c-47f6-84a2-3ea04deb7786" testListId="8c84fa94-04c1-424b-9868-57a2d4851a1d" />
    <TestEntry testId="9d32875c-1c19-4e4e-abcd-9618d061f3c7" executionId="de609061-5e62-4aa1-9852-e561eda3d461" testListId="8c84fa94-04c1-424b-9868-57a2d4851a1d" />
    <TestEntry testId="f909eb75-dcf5-0b31-6c58-06c7885d5520" executionId="ca346237-8da7-4aa8-a4d9-bc227b41ce1b" testListId="8c84fa94-04c1-424b-9868-57a2d4851a1d" />
    <TestEntry testId="fc1f7668-5ec5-3ac8-4281-82afeb725718" executionId="be869e67-d595-4b0d-81c4-a47791523dff" testListId="8c84fa94-04c1-424b-9868-57a2d4851a1d" />
    <TestEntry testId="1145a7c3-35da-0780-f16e-5629d2d332aa" executionId="32f93435-c4d5-4a10-9753-131e02e64238" testListId="8c84fa94-04c1-424b-9868-57a2d4851a1d" />
    <TestEntry testId="e5ad0133-719f-20b6-560f-1b0aa13480f0" executionId="460d1363-3e34-4197-9e20-04552542d3f3" testListId="8c84fa94-04c1-424b-9868-57a2d4851a1d" />
    <TestEntry testId="ea1fa257-f827-00ee-a1dd-773e642d3139" executionId="20710184-1753-49a1-bedb-bcf1d82ecb0b" testListId="8c84fa94-04c1-424b-9868-57a2d4851a1d" />
    <TestEntry testId="37699146-bdb2-6a37-5969-197116623f77" executionId="b895f586-b937-4859-91ca-e1f6729ac5dd" testListId="8c84fa94-04c1-424b-9868-57a2d4851a1d" />
    <TestEntry testId="855065d8-aa5f-f771-b185-4e1bf37ce78e" executionId="b1070cd5-955c-4528-908e-b06f379589ca" testListId="8c84fa94-04c1-424b-9868-57a2d4851a1d" />
    <TestEntry testId="5656cfef-1f33-3b93-f747-8e97f78680e1" executionId="6528788f-7084-497e-9881-9bca9e2aa64d" testListId="8c84fa94-04c1-424b-9868-57a2d4851a1d" />
    <TestEntry testId="ec1e5748-147e-14c4-1b2d-dca9181fd5ad" executionId="10da6579-fd6b-48ab-980d-0d198845604e" testListId="8c84fa94-04c1-424b-9868-57a2d4851a1d" />
    <TestEntry testId="663dba11-361f-ae9c-8755-db83f918cc23" executionId="6e20d45e-99fd-4b26-8477-6f1b87c1c449" testListId="8c84fa94-04c1-424b-9868-57a2d4851a1d" />
    <TestEntry testId="c9a2fac4-2ddf-1666-8b4e-8de150ba6c9b" executionId="fc50494f-5c70-4fe6-9c94-7d3b79a1cc66" testListId="8c84fa94-04c1-424b-9868-57a2d4851a1d" />
    <TestEntry testId="5a7b2884-34d3-bebf-f97a-25df2e41a0ed" executionId="183a558e-a472-4b0e-b3b1-108bd7a7a177" testListId="8c84fa94-04c1-424b-9868-57a2d4851a1d" />
    <TestEntry testId="d95e8697-0501-3ed4-af86-28cc6661605f" executionId="797536e6-4811-4355-8e70-7a18763ee843" testListId="8c84fa94-04c1-424b-9868-57a2d4851a1d" />
    <TestEntry testId="58453aba-2687-5343-3308-7b71c147761f" executionId="df90e698-f37a-4e3e-a15e-fad667ddaff5" testListId="8c84fa94-04c1-424b-9868-57a2d4851a1d" />
    <TestEntry testId="ae5e9f77-1a27-40dc-fdd6-63c35820df16" executionId="b0a4286b-b73a-430d-9bbb-efcce307f73c" testListId="8c84fa94-04c1-424b-9868-57a2d4851a1d" />
    <TestEntry testId="94252a38-1fc0-3690-5a8b-996ea0297a9a" executionId="c2909719-7810-45c0-b79d-a0ce24a4b864" testListId="8c84fa94-04c1-424b-9868-57a2d4851a1d" />
    <TestEntry testId="aa82a1e2-9bae-e299-9bf8-e6bdd795da60" executionId="b72de8db-d418-4e4a-85d3-33db71b9bef4" testListId="8c84fa94-04c1-424b-9868-57a2d4851a1d" />
    <TestEntry testId="e9e460c3-1482-cc5a-c02a-f195355cf88c" executionId="232863c7-87dc-44a2-a477-76f24c5fd901" testListId="8c84fa94-04c1-424b-9868-57a2d4851a1d" />
    <TestEntry testId="403bee8f-160a-81a1-d4e9-a5525ea20cc1" executionId="5d747a35-0dc7-4123-b309-f0d99b3b8b97" testListId="8c84fa94-04c1-424b-9868-57a2d4851a1d" />
    <TestEntry testId="37f8e587-33f7-d712-efeb-8920ad7deade" executionId="f0d88c7b-5517-4e2a-8a55-ae1eeafb0099" testListId="8c84fa94-04c1-424b-9868-57a2d4851a1d" />
    <TestEntry testId="54e8d12f-62da-3a61-7909-3fa3ad10931f" executionId="28d0960d-9618-43a6-a8af-080c3ee9d8c3" testListId="8c84fa94-04c1-424b-9868-57a2d4851a1d" />
    <TestEntry testId="f34bffeb-cdb6-5d06-2036-868d5de5cec2" executionId="3001a575-9be4-449f-ad2d-9a0914075e9f" testListId="8c84fa94-04c1-424b-9868-57a2d4851a1d" />
    <TestEntry testId="59f4b384-30f9-1f88-22ce-8348f84c7d97" executionId="5bfbb0f2-2416-4853-a1d1-4be7c0124f22" testListId="8c84fa94-04c1-424b-9868-57a2d4851a1d" />
    <TestEntry testId="7477f038-2b9a-13f1-fdbd-33c4b1974183" executionId="3a9d14c6-94ae-4704-9e29-34e6a035ebcd" testListId="8c84fa94-04c1-424b-9868-57a2d4851a1d" />
    <TestEntry testId="4e2bb63a-903c-84c9-3c24-aa5cc3ce67d8" executionId="b64aa3b0-06d7-42c5-bcf9-8f26044784b3" testListId="8c84fa94-04c1-424b-9868-57a2d4851a1d" />
    <TestEntry testId="3248cdae-7dbf-1263-3acc-f865d257ac58" executionId="3853c070-5fb3-4fe6-aa45-a1760dd4e2e5" testListId="8c84fa94-04c1-424b-9868-57a2d4851a1d" />
    <TestEntry testId="3db1623a-2e4e-54fd-65a8-f6dd7aabb5a3" executionId="c9748e54-6754-4674-be7c-8ec2f02a8fde" testListId="8c84fa94-04c1-424b-9868-57a2d4851a1d" />
    <TestEntry testId="bccff753-10f5-a78f-4b16-704cdee373b4" executionId="4fc917b0-1536-4bc7-a71a-d33637e8e655" testListId="8c84fa94-04c1-424b-9868-57a2d4851a1d" />
    <TestEntry testId="c1cc79ee-cc53-993d-8d10-de344e33f162" executionId="d55893ce-e075-4ea3-ada4-3a49daae9d46" testListId="8c84fa94-04c1-424b-9868-57a2d4851a1d" />
    <TestEntry testId="961b22c7-42e6-88e9-0037-c8c3730a0783" executionId="1fc3870b-9e77-454a-afdb-f878c2c2bcd9" testListId="8c84fa94-04c1-424b-9868-57a2d4851a1d" />
    <TestEntry testId="0c6d5fcb-7d45-0733-35aa-26fd149b40cf" executionId="c28eae0c-8fc3-4387-90aa-e26f1f12d727" testListId="8c84fa94-04c1-424b-9868-57a2d4851a1d" />
    <TestEntry testId="35dd80bd-4040-413e-c11f-cf66bc280529" executionId="ea2f0d10-6309-4777-95fe-ddcbf0e057ca" testListId="8c84fa94-04c1-424b-9868-57a2d4851a1d" />
    <TestEntry testId="cb78f51b-92d7-922c-755b-c62b6f47b229" executionId="1d423664-10cf-4009-b1ac-cc30ff1cd858" testListId="8c84fa94-04c1-424b-9868-57a2d4851a1d" />
    <TestEntry testId="6eb81c38-633d-1253-dccc-64b7983ad2bf" executionId="a491eacf-56b5-48b3-9073-ec94b1f59e61" testListId="8c84fa94-04c1-424b-9868-57a2d4851a1d" />
    <TestEntry testId="32efdbd5-a03d-8f28-5682-4b7c08770726" executionId="67b831b8-7966-45da-ac0f-5e4296679599" testListId="8c84fa94-04c1-424b-9868-57a2d4851a1d" />
    <TestEntry testId="4869e48a-f404-25c5-b6bb-95f7a7ee7f9b" executionId="b22f2816-0a11-4e78-8720-707c9826bf71" testListId="8c84fa94-04c1-424b-9868-57a2d4851a1d" />
    <TestEntry testId="b9118fc9-476d-50e4-095e-d07f54d5ca4a" executionId="356a9203-ec86-401a-ba24-9a076b024330" testListId="8c84fa94-04c1-424b-9868-57a2d4851a1d" />
    <TestEntry testId="2780ea2f-9b80-3576-880d-c992e5b1404f" executionId="5f05b431-d29b-4a1d-8274-b798fe0ae3b9" testListId="8c84fa94-04c1-424b-9868-57a2d4851a1d" />
    <TestEntry testId="cc4d33fa-bac0-0502-a505-07a94d079c0f" executionId="1375f8ba-25d9-4683-88e9-f3b916634a5d" testListId="8c84fa94-04c1-424b-9868-57a2d4851a1d" />
    <TestEntry testId="9d0d31f5-8749-6faf-1245-2a7444733c65" executionId="fe4ba534-30d1-4968-89b7-1ebaae8d14a4" testListId="8c84fa94-04c1-424b-9868-57a2d4851a1d" />
    <TestEntry testId="bddffcb3-16a0-bf86-427e-8da97df9350a" executionId="6a579832-54f1-4517-9e99-881199187ab2" testListId="8c84fa94-04c1-424b-9868-57a2d4851a1d" />
    <TestEntry testId="87cd23bf-5e95-9ae5-5ecf-b35ba6537b6c" executionId="9a4be28c-63e3-4cc9-b495-842471df809e" testListId="8c84fa94-04c1-424b-9868-57a2d4851a1d" />
    <TestEntry testId="589c7ebd-78d6-ed65-fd0f-dc69e56df5bf" executionId="73755f7e-bcc3-423f-817f-955c819592d1" testListId="8c84fa94-04c1-424b-9868-57a2d4851a1d" />
    <TestEntry testId="620d13c8-3980-e334-acc2-badfda184233" executionId="ff90490c-03a6-4b0d-9de6-42e4b5c9d8c0" testListId="8c84fa94-04c1-424b-9868-57a2d4851a1d" />
    <TestEntry testId="1a107d84-d5d3-a539-cfb2-9a52e39a3ebe" executionId="c111f03d-9212-4b9e-be4b-d2d6cac1a1b3" testListId="8c84fa94-04c1-424b-9868-57a2d4851a1d" />
    <TestEntry testId="c1ca06b3-7ebe-89e4-3f33-f5f3b26bd689" executionId="f583dbef-37d5-4233-aa6f-f47e059cd293" testListId="8c84fa94-04c1-424b-9868-57a2d4851a1d" />
    <TestEntry testId="9d5152b8-4e2b-09b9-cd04-9375c612360c" executionId="4813c984-0dd4-4c63-8f1d-2466e7fb03ac" testListId="8c84fa94-04c1-424b-9868-57a2d4851a1d" />
    <TestEntry testId="d99a5c1e-8e13-c4b6-2625-2c3e52aa0b7b" executionId="3309fe4a-198b-4a93-a2f3-9eda290698e9" testListId="8c84fa94-04c1-424b-9868-57a2d4851a1d" />
    <TestEntry testId="2b11ceb0-c7f3-744c-029d-437cb09d25d0" executionId="32b18c2f-3bff-4b8e-a200-90af2f4a4224" testListId="8c84fa94-04c1-424b-9868-57a2d4851a1d" />
    <TestEntry testId="15ad495d-f199-9262-6bd0-c7fedb536b68" executionId="03344e86-d54a-4339-82c6-81c17f13b9e6" testListId="8c84fa94-04c1-424b-9868-57a2d4851a1d" />
    <TestEntry testId="e0c34787-c3eb-3cff-0665-7e26cc2b061b" executionId="a949e668-ca3a-4d1e-88b7-b2f1e0378f5a" testListId="8c84fa94-04c1-424b-9868-57a2d4851a1d" />
    <TestEntry testId="52caf5e6-25c6-0dcd-b01b-5571dd0b96d4" executionId="b9885851-091a-40e2-904c-82535d92cf37" testListId="8c84fa94-04c1-424b-9868-57a2d4851a1d" />
    <TestEntry testId="cac94e10-03a6-79f3-8354-8b7d55a90a51" executionId="9fcd828f-06c4-4c56-b2f5-efb2a2cccb09" testListId="8c84fa94-04c1-424b-9868-57a2d4851a1d" />
    <TestEntry testId="d0b9126c-12c7-66d8-a5d1-96de83106360" executionId="c4e2e71b-d3e4-4897-94d9-60f38a859415" testListId="8c84fa94-04c1-424b-9868-57a2d4851a1d" />
    <TestEntry testId="9da95370-45f7-c3b1-a2de-664c6907f018" executionId="43205238-651f-4e87-9496-187949f6e070" testListId="8c84fa94-04c1-424b-9868-57a2d4851a1d" />
    <TestEntry testId="1da10769-5907-91df-2835-ea8c0b9df1bf" executionId="7ebe5b42-b08f-4495-b54b-1da73dd2e92b" testListId="8c84fa94-04c1-424b-9868-57a2d4851a1d" />
    <TestEntry testId="87e3d9a9-bed7-fb1d-41e5-bccb686d72db" executionId="2db54de0-4ddf-4515-99e9-6d8fb5a393aa" testListId="8c84fa94-04c1-424b-9868-57a2d4851a1d" />
    <TestEntry testId="c4a26d74-5c09-c21a-8345-e8869ab7fc25" executionId="d27b122e-8e94-4794-b488-84983d808d24" testListId="8c84fa94-04c1-424b-9868-57a2d4851a1d" />
    <TestEntry testId="201fc74b-03b8-087d-b33c-513a5037ce83" executionId="c49b2cb1-b783-44f6-935f-c5482baf38ba" testListId="8c84fa94-04c1-424b-9868-57a2d4851a1d" />
    <TestEntry testId="a8b37858-d904-0af2-a7f5-7bd7003f32f2" executionId="92836a4b-4b7f-4791-adb1-1475ca78470d" testListId="8c84fa94-04c1-424b-9868-57a2d4851a1d" />
    <TestEntry testId="ff1a28f0-bc1d-a657-624d-459e3f4490d6" executionId="cb05a6ef-b172-4033-9bad-20009ee6f0e7" testListId="8c84fa94-04c1-424b-9868-57a2d4851a1d" />
    <TestEntry testId="6475d4ee-7cab-e68c-1380-e655e8edd0dc" executionId="7ca0a2eb-b7b4-443c-87c6-056bae7ac9d9" testListId="8c84fa94-04c1-424b-9868-57a2d4851a1d" />
    <TestEntry testId="e305a3a9-a0af-221b-3e73-46d06a104ebe" executionId="d5adee17-c13a-4f78-bbf8-2909cfbdc446" testListId="8c84fa94-04c1-424b-9868-57a2d4851a1d" />
    <TestEntry testId="a8a6eabf-82b4-d824-849b-beef4f30a32f" executionId="24cff3f3-75ef-40eb-8910-e48a29d9c675" testListId="8c84fa94-04c1-424b-9868-57a2d4851a1d" />
    <TestEntry testId="40c298da-d7b2-bb81-12a2-6b0843e40a73" executionId="1d89fb5d-cdbb-43dc-a224-e801775f0566" testListId="8c84fa94-04c1-424b-9868-57a2d4851a1d" />
    <TestEntry testId="ba89a58b-8ac8-0e21-8bb0-0739d156a9de" executionId="0dbb9c1b-c372-440f-8e62-13edd766c5c4" testListId="8c84fa94-04c1-424b-9868-57a2d4851a1d" />
    <TestEntry testId="36767e63-d1fe-4c0d-1a79-cfefc70dc112" executionId="67c1ad11-08d3-4ee7-8118-68455fa028be" testListId="8c84fa94-04c1-424b-9868-57a2d4851a1d" />
    <TestEntry testId="1cdf14f2-35f7-c357-585b-bb378f8de45a" executionId="6d1e07d8-ade1-486e-89b7-b244821c6e60" testListId="8c84fa94-04c1-424b-9868-57a2d4851a1d" />
    <TestEntry testId="20f3287a-cdb4-41d7-11b6-13da7adf8144" executionId="c843f0c8-990f-4658-85f8-8dfe7acf5fa3" testListId="8c84fa94-04c1-424b-9868-57a2d4851a1d" />
    <TestEntry testId="e9a97ffb-1f80-df8d-c99a-b917cc9fe33b" executionId="a8e85f11-2d08-4ca6-9819-4c030862a275" testListId="8c84fa94-04c1-424b-9868-57a2d4851a1d" />
  </TestEntries>
  <TestLists>
    <TestList name="Results Not in a List" id="8c84fa94-04c1-424b-9868-57a2d4851a1d" />
    <TestList name="All Loaded Results" id="19431567-8539-422a-85d7-44ee4e166bda" />
  </TestLists>
  <ResultSummary outcome="Failed">
    <Counters total="749" executed="749" passed="746" failed="3" error="0" timeout="0" aborted="0" inconclusive="0" passedButRunAborted="0" notRunnable="0" notExecuted="0" disconnected="0" warning="0" completed="0" inProgress="0" pending="0" />
    <Output>
      <StdOut>NUnit Adapter 4.5.0.0: Test execution started&#xD;
Running all tests in C:\projects\Aikido\firewall-dotnet\Aikido.Zen.Test\bin\Release\net9.0\Aikido.Zen.Tests.dll&#xD;
   NUnit3TestExecutor discovered 749 of 749 NUnit test cases using Current Discovery mode, Non-Explicit run&#xD;
NUnit Adapter 4.5.0.0: Test execution complete&#xD;
AIKIDO: Sending event: detected_attack&#xD;
</StdOut>
    </Output>
    <RunInfos>
      <RunInfo computerName="QUICK-MINDS" outcome="Warning" timestamp="2025-06-25T12:18:23.9266486+02:00">
        <Text>AIKIDO: Attack detected: SqlInjection in Body login, blocked: True&#xD;
</Text>
      </RunInfo>
      <RunInfo computerName="QUICK-MINDS" outcome="Warning" timestamp="2025-06-25T12:18:23.9269704+02:00">
        <Text>AIKIDO: Attack detected: SqlInjection in Query operation, blocked: True&#xD;
</Text>
      </RunInfo>
      <RunInfo computerName="QUICK-MINDS" outcome="Warning" timestamp="2025-06-25T12:18:24.0882595+02:00">
        <Text>AIKIDO: Attack detected: SqlInjection in Body login, blocked: True&#xD;
</Text>
      </RunInfo>
      <RunInfo computerName="QUICK-MINDS" outcome="Warning" timestamp="2025-06-25T12:18:24.2492822+02:00">
        <Text>AIKIDO: Attack detected: SqlInjection in Body login, blocked: False&#xD;
</Text>
      </RunInfo>
      <RunInfo computerName="QUICK-MINDS" outcome="Warning" timestamp="2025-06-25T12:18:24.5126529+02:00">
        <Text>AIKIDO: Zen Agent v1.2.5 started&#xD;
</Text>
      </RunInfo>
      <RunInfo computerName="QUICK-MINDS" outcome="Warning" timestamp="2025-06-25T12:18:24.7993732+02:00">
        <Text>Final dictionary size: 10&#xD;
Final total hits across items: 10&#xD;
</Text>
      </RunInfo>
      <RunInfo computerName="QUICK-MINDS" outcome="Warning" timestamp="2025-06-25T12:18:25.0254863+02:00">
        <Text>AIKIDO: Attack detected: PathTraversal in Query TestOperation, blocked: False&#xD;
</Text>
      </RunInfo>
      <RunInfo computerName="QUICK-MINDS" outcome="Warning" timestamp="2025-06-25T12:18:25.0271172+02:00">
        <Text>AIKIDO: Attack detected: PathTraversal in Body TestOperation, blocked: False&#xD;
</Text>
      </RunInfo>
      <RunInfo computerName="QUICK-MINDS" outcome="Warning" timestamp="2025-06-25T12:18:32.1150397+02:00">
        <Text>AIKIDO: Not enough context, skipping route&#xD;
</Text>
      </RunInfo>
      <RunInfo computerName="QUICK-MINDS" outcome="Warning" timestamp="2025-06-25T12:18:32.1152361+02:00">
        <Text>AIKIDO: Not enough context, skipping route&#xD;
</Text>
      </RunInfo>
      <RunInfo computerName="QUICK-MINDS" outcome="Warning" timestamp="2025-06-25T12:18:32.1153985+02:00">
        <Text>AIKIDO: Not enough context, skipping route&#xD;
</Text>
      </RunInfo>
      <RunInfo computerName="QUICK-MINDS" outcome="Warning" timestamp="2025-06-25T12:18:32.1155551+02:00">
        <Text>AIKIDO: Status code not valid or method is excluded, skipping route&#xD;
</Text>
      </RunInfo>
      <RunInfo computerName="QUICK-MINDS" outcome="Warning" timestamp="2025-06-25T12:18:32.1157068+02:00">
        <Text>AIKIDO: Status code not valid or method is excluded, skipping route&#xD;
</Text>
      </RunInfo>
      <RunInfo computerName="QUICK-MINDS" outcome="Warning" timestamp="2025-06-25T12:18:32.1158714+02:00">
        <Text>AIKIDO: Extension not allowed, skipping route&#xD;
</Text>
      </RunInfo>
      <RunInfo computerName="QUICK-MINDS" outcome="Warning" timestamp="2025-06-25T12:18:32.1160488+02:00">
        <Text>AIKIDO: Route contains ignored string, skipping route&#xD;
</Text>
      </RunInfo>
      <RunInfo computerName="QUICK-MINDS" outcome="Warning" timestamp="2025-06-25T12:18:32.1179958+02:00">
        <Text>AIKIDO: Not enough context, skipping route&#xD;
</Text>
      </RunInfo>
      <RunInfo computerName="QUICK-MINDS" outcome="Warning" timestamp="2025-06-25T12:18:32.1181496+02:00">
        <Text>AIKIDO: Not enough context, skipping route&#xD;
</Text>
      </RunInfo>
      <RunInfo computerName="QUICK-MINDS" outcome="Warning" timestamp="2025-06-25T12:18:32.1183366+02:00">
        <Text>AIKIDO: Not enough context, skipping route&#xD;
</Text>
      </RunInfo>
      <RunInfo computerName="QUICK-MINDS" outcome="Warning" timestamp="2025-06-25T12:18:32.1184890+02:00">
        <Text>AIKIDO: Status code not valid or method is excluded, skipping route&#xD;
</Text>
      </RunInfo>
      <RunInfo computerName="QUICK-MINDS" outcome="Warning" timestamp="2025-06-25T12:18:32.1186819+02:00">
        <Text>AIKIDO: Status code not valid or method is excluded, skipping route&#xD;
</Text>
      </RunInfo>
      <RunInfo computerName="QUICK-MINDS" outcome="Warning" timestamp="2025-06-25T12:18:32.1206182+02:00">
        <Text>AIKIDO: Extension not allowed, skipping route&#xD;
</Text>
      </RunInfo>
      <RunInfo computerName="QUICK-MINDS" outcome="Warning" timestamp="2025-06-25T12:18:32.1207981+02:00">
        <Text>AIKIDO: Route contains ignored string, skipping route&#xD;
</Text>
      </RunInfo>
      <RunInfo computerName="QUICK-MINDS" outcome="Warning" timestamp="2025-06-25T12:18:32.1209872+02:00">
        <Text>AIKIDO: Route contains ignored string, skipping route&#xD;
</Text>
      </RunInfo>
      <RunInfo computerName="QUICK-MINDS" outcome="Warning" timestamp="2025-06-25T12:18:32.1211676+02:00">
        <Text>AIKIDO: Extension not allowed, skipping route&#xD;
</Text>
      </RunInfo>
      <RunInfo computerName="QUICK-MINDS" outcome="Warning" timestamp="2025-06-25T12:18:32.1213560+02:00">
        <Text>AIKIDO: Extension not allowed, skipping route&#xD;
</Text>
      </RunInfo>
      <RunInfo computerName="QUICK-MINDS" outcome="Warning" timestamp="2025-06-25T12:18:32.1215345+02:00">
        <Text>AIKIDO: Extension not allowed, skipping route&#xD;
</Text>
      </RunInfo>
      <RunInfo computerName="QUICK-MINDS" outcome="Warning" timestamp="2025-06-25T12:18:32.1216910+02:00">
        <Text>AIKIDO: Extension not allowed, skipping route&#xD;
</Text>
      </RunInfo>
      <RunInfo computerName="QUICK-MINDS" outcome="Warning" timestamp="2025-06-25T12:18:32.1218776+02:00">
        <Text>AIKIDO: Status code not valid or method is excluded, skipping route&#xD;
</Text>
      </RunInfo>
      <RunInfo computerName="QUICK-MINDS" outcome="Warning" timestamp="2025-06-25T12:18:32.1240359+02:00">
        <Text>AIKIDO: Status code not valid or method is excluded, skipping route&#xD;
</Text>
      </RunInfo>
      <RunInfo computerName="QUICK-MINDS" outcome="Warning" timestamp="2025-06-25T12:18:32.1260529+02:00">
        <Text>AIKIDO: Extension not allowed, skipping route&#xD;
</Text>
      </RunInfo>
      <RunInfo computerName="QUICK-MINDS" outcome="Warning" timestamp="2025-06-25T12:18:32.3495017+02:00">
        <Text>AIKIDO: Attack detected: SqlInjection in Query SELECT, blocked: False&#xD;
</Text>
      </RunInfo>
      <RunInfo computerName="QUICK-MINDS" outcome="Warning" timestamp="2025-06-25T12:18:32.3644286+02:00">
        <Text>AIKIDO: Capturing outbound request to host: api.aikido.dev&#xD;
</Text>
      </RunInfo>
      <RunInfo computerName="QUICK-MINDS" outcome="Warning" timestamp="2025-06-25T12:18:32.4688263+02:00">
        <Text>AIKIDO: Capturing outbound request to host: example.com&#xD;
</Text>
      </RunInfo>
      <RunInfo computerName="QUICK-MINDS" outcome="Warning" timestamp="2025-06-25T12:18:32.5774437+02:00">
        <Text>AIKIDO: Capturing outbound request to host: base.com&#xD;
</Text>
      </RunInfo>
      <RunInfo computerName="QUICK-MINDS" outcome="Warning" timestamp="2025-06-25T12:18:32.5784490+02:00">
        <Text>AIKIDO: Capturing outbound request to host: test.com&#xD;
</Text>
      </RunInfo>
      <RunInfo computerName="QUICK-MINDS" outcome="Warning" timestamp="2025-06-25T12:18:32.6003227+02:00">
        <Text>AIKIDO: Capturing outbound request to host: example.com&#xD;
</Text>
      </RunInfo>
      <RunInfo computerName="QUICK-MINDS" outcome="Warning" timestamp="2025-06-25T12:18:32.6013196+02:00">
        <Text>AIKIDO: Capturing outbound request to host: example.com&#xD;
</Text>
      </RunInfo>
      <RunInfo computerName="QUICK-MINDS" outcome="Warning" timestamp="2025-06-25T12:18:32.6017245+02:00">
        <Text>AIKIDO: Capturing outbound request to host: secure.example.com&#xD;
</Text>
      </RunInfo>
      <RunInfo computerName="QUICK-MINDS" outcome="Warning" timestamp="2025-06-25T12:18:32.6117597+02:00">
        <Text>AIKIDO: Attack detected: PathTraversal in Body File.ReadAllBytes, blocked: False&#xD;
</Text>
      </RunInfo>
      <RunInfo computerName="QUICK-MINDS" outcome="Warning" timestamp="2025-06-25T12:18:32.6125896+02:00">
        <Text>AIKIDO: Attack detected: PathTraversal in Body File.ReadAllBytes, blocked: False&#xD;
</Text>
      </RunInfo>
      <RunInfo computerName="QUICK-MINDS" outcome="Warning" timestamp="2025-06-25T12:18:32.6131728+02:00">
        <Text>AIKIDO: Attack detected: PathTraversal in Body File.ReadAllBytes, blocked: False&#xD;
</Text>
      </RunInfo>
      <RunInfo computerName="QUICK-MINDS" outcome="Warning" timestamp="2025-06-25T12:18:32.6134461+02:00">
        <Text>AIKIDO: Attack detected: PathTraversal in Body File.ReadAllBytes, blocked: False&#xD;
</Text>
      </RunInfo>
      <RunInfo computerName="QUICK-MINDS" outcome="Warning" timestamp="2025-06-25T12:18:32.6140725+02:00">
        <Text>AIKIDO: Attack detected: PathTraversal in Body File.ReadAllBytes, blocked: True&#xD;
</Text>
      </RunInfo>
      <RunInfo computerName="QUICK-MINDS" outcome="Warning" timestamp="2025-06-25T12:18:32.6145033+02:00">
        <Text>AIKIDO: Attack detected: PathTraversal in Body File.ReadAllBytes, blocked: True&#xD;
</Text>
      </RunInfo>
      <RunInfo computerName="QUICK-MINDS" outcome="Warning" timestamp="2025-06-25T12:18:32.6147246+02:00">
        <Text>AIKIDO: Attack detected: PathTraversal in Body File.ReadAllBytes, blocked: True&#xD;
</Text>
      </RunInfo>
      <RunInfo computerName="QUICK-MINDS" outcome="Warning" timestamp="2025-06-25T12:18:32.6153240+02:00">
        <Text>AIKIDO: Attack detected: PathTraversal in Body File.ReadAllBytes, blocked: True&#xD;
</Text>
      </RunInfo>
      <RunInfo computerName="QUICK-MINDS" outcome="Warning" timestamp="2025-06-25T12:18:32.6182414+02:00">
        <Text>AIKIDO: Attack detected: PathTraversal in Body File.Copy, blocked: False&#xD;
</Text>
      </RunInfo>
      <RunInfo computerName="QUICK-MINDS" outcome="Warning" timestamp="2025-06-25T12:18:32.6183930+02:00">
        <Text>AIKIDO: Attack detected: PathTraversal in Body File.Copy, blocked: True&#xD;
</Text>
      </RunInfo>
      <RunInfo computerName="QUICK-MINDS" outcome="Warning" timestamp="2025-06-25T12:18:32.6185671+02:00">
        <Text>AIKIDO: Attack detected: PathTraversal in Body File.ReadAllBytes, blocked: False&#xD;
</Text>
      </RunInfo>
      <RunInfo computerName="QUICK-MINDS" outcome="Warning" timestamp="2025-06-25T12:18:32.6187533+02:00">
        <Text>AIKIDO: Attack detected: PathTraversal in Body File.ReadAllBytes, blocked: True&#xD;
</Text>
      </RunInfo>
      <RunInfo computerName="QUICK-MINDS" outcome="Warning" timestamp="2025-06-25T12:18:33.7857453+02:00">
        <Text>AIKIDO: Attack detected: ShellInjection in Body Process.Start, blocked: True&#xD;
</Text>
      </RunInfo>
      <RunInfo computerName="QUICK-MINDS" outcome="Warning" timestamp="2025-06-25T12:18:33.9244955+02:00">
        <Text>AIKIDO: An error occurred while reporting</Text>
      </RunInfo>
      <RunInfo computerName="QUICK-MINDS" outcome="Warning" timestamp="2025-06-25T12:18:33.9248309+02:00">
        <Text>AIKIDO: An error occurred while reporting&#xD;
</Text>
      </RunInfo>
      <RunInfo computerName="QUICK-MINDS" outcome="Warning" timestamp="2025-06-25T12:18:34.0541791+02:00">
        <Text>AIKIDO: Attack detected: SqlInjection in Body DbCommand.ExecuteNonQuery, blocked: True&#xD;
</Text>
      </RunInfo>
    </RunInfos>
  </ResultSummary>
</TestRun>